2024-02-26 22:16:23.558 [info] Log level: Info
2024-02-26 22:16:23.559 [info] Validating found git in: "git"
2024-02-26 22:16:23.559 [info] Using git "2.30.2" from "git"
2024-02-26 22:16:23.559 [info] > git rev-parse --show-toplevel [37ms]
2024-02-26 22:16:23.559 [info] > git rev-parse --git-dir --git-common-dir [376ms]
2024-02-26 22:16:23.559 [info] Open repository: /home/bitnami
2024-02-26 22:16:23.576 [info] > git config --get commit.template [47ms]
2024-02-26 22:16:23.774 [info] > git rev-parse --show-toplevel [220ms]
2024-02-26 22:16:23.811 [info] > git rev-parse --show-toplevel [17ms]
2024-02-26 22:16:23.824 [info] > git for-each-ref --format=%(refname)%00%(upstream:short)%00%(objectname)%00%(upstream:track)%00%(upstream:remotename)%00%(upstream:remoteref) refs/heads/main refs/remotes/main [39ms]
2024-02-26 22:16:23.838 [info] > git rev-parse --show-toplevel [16ms]
2024-02-26 22:16:23.851 [info] > git rev-parse --show-toplevel [3ms]
2024-02-26 22:16:23.887 [info] > git rev-parse --show-toplevel [25ms]
2024-02-26 22:16:23.945 [info] > git rev-parse --show-toplevel [24ms]
2024-02-26 22:16:24.029 [info] > git rev-parse --show-toplevel [72ms]
2024-02-26 22:16:24.133 [info] > git rev-parse --show-toplevel [24ms]
2024-02-26 22:16:24.249 [info] > git rev-parse --show-toplevel [44ms]
2024-02-26 22:16:24.353 [info] > git rev-parse --show-toplevel [11ms]
2024-02-26 22:16:24.505 [info] > git rev-parse --show-toplevel [78ms]
2024-02-26 22:16:24.537 [info] > git check-ignore -v -z --stdin [405ms]
2024-02-26 22:16:24.549 [info] > git rev-parse --show-toplevel [13ms]
2024-02-26 22:16:24.577 [info] > git rev-parse --show-toplevel [5ms]
2024-02-26 22:16:24.600 [info] > git rev-parse --show-toplevel [12ms]
2024-02-26 22:16:24.630 [info] > git rev-parse --git-dir --git-common-dir [7ms]
2024-02-26 22:16:24.664 [info] Open repository: /home/bitnami/todo
2024-02-26 22:16:24.782 [info] > git config --get commit.template [78ms]
2024-02-26 22:16:24.799 [info] > git rev-parse --show-toplevel [36ms]
2024-02-26 22:16:24.939 [info] > git show --textconv :blogger/app_api/controllers/blogs.js [86ms]
2024-02-26 22:16:24.943 [info] > git for-each-ref --format %(refname) %(objectname) %(*objectname) refs/tags [19ms]
2024-02-26 22:16:25.023 [info] > git ls-files --stage -- /home/bitnami/blogger/app_api/controllers/blogs.js [141ms]
2024-02-26 22:16:25.038 [info] > git cat-file -s 34e110969537cbc83964549d25747fecf041a15b [4ms]
2024-02-26 22:16:25.057 [info] > git status -z -uall [35ms]
2024-02-26 22:16:25.125 [info] > git config --get commit.template [17ms]
2024-02-26 22:16:25.136 [info] > git for-each-ref --format %(refname) %(objectname) %(*objectname) refs/tags [13ms]
2024-02-26 22:16:25.381 [info] > git status -z -uall [220ms]
2024-02-26 22:16:25.502 [info] > git check-ignore -v -z --stdin [130ms]
2024-02-26 22:16:26.946 [info] > git status -z -uall [3110ms]
2024-02-26 22:16:27.012 [info] > git config --get commit.template [27ms]
2024-02-26 22:16:27.021 [info] > git for-each-ref --format=%(refname)%00%(upstream:short)%00%(objectname)%00%(upstream:track)%00%(upstream:remotename)%00%(upstream:remoteref) refs/heads/main refs/remotes/main [10ms]
2024-02-26 22:16:28.155 [info] > git status -z -uall [1125ms]
2024-02-26 22:17:47.685 [info] > git ls-files --stage -- /home/bitnami/blogger/app_api/controllers/blogs.js [14ms]
2024-02-26 22:17:47.693 [info] > git cat-file -s 34e110969537cbc83964549d25747fecf041a15b [2ms]
2024-02-26 22:17:47.726 [info] > git show --textconv :blogger/app_api/controllers/blogs.js [12ms]
2024-02-26 22:17:49.712 [info] > git ls-files --stage -- /home/bitnami/blogger/app_api/controllers/blogs.js [9ms]
2024-02-26 22:17:49.730 [info] > git cat-file -s 34e110969537cbc83964549d25747fecf041a15b [7ms]
2024-02-26 22:17:49.770 [info] > git show --textconv :blogger/app_api/controllers/blogs.js [21ms]
2024-02-26 22:17:51.797 [info] > git ls-files --stage -- /home/bitnami/blogger/app_api/controllers/blogs.js [9ms]
2024-02-26 22:17:51.808 [info] > git cat-file -s 34e110969537cbc83964549d25747fecf041a15b [3ms]
2024-02-26 22:17:51.841 [info] > git show --textconv :blogger/app_api/controllers/blogs.js [5ms]
2024-02-26 22:18:07.787 [info] > git check-ignore -v -z --stdin [15ms]
2024-02-26 22:18:08.446 [info] > git show --textconv :blogger/app_server/views/addBlog.pug [13ms]
2024-02-26 22:18:08.453 [info] > git ls-files --stage -- /home/bitnami/blogger/app_server/views/addBlog.pug [10ms]
2024-02-26 22:18:08.460 [info] > git cat-file -s d8181e2ed9e5ebf51837bf9447e7299e23e86d91 [2ms]
2024-02-26 22:21:16.592 [info] > git merge-base refs/heads/main refs/remotes/main/main [2ms]
2024-02-26 22:21:16.604 [info] > git rev-list --count --left-right refs/heads/main...refs/remotes/main/main [5ms]
2024-02-26 22:21:17.350 [info] > git check-ignore -v -z --stdin [35ms]
2024-02-26 22:21:17.915 [info] > git check-ignore -v -z --stdin [12ms]
2024-02-26 22:21:20.595 [info] > git config --get commit.template [9ms]
2024-02-26 22:21:20.595 [info] > git for-each-ref --format=%(refname)%00%(upstream:short)%00%(objectname)%00%(upstream:track)%00%(upstream:remotename)%00%(upstream:remoteref) refs/heads/main refs/remotes/main [2ms]
2024-02-26 22:21:20.843 [info] > git status -z -uall [241ms]
2024-02-26 22:21:20.873 [info] > git merge-base refs/heads/main refs/remotes/main/main [2ms]
2024-02-26 22:21:20.881 [info] > git rev-list --count --left-right refs/heads/main...refs/remotes/main/main [2ms]
2024-02-26 22:21:21.523 [info] > git check-ignore -v -z --stdin [12ms]
2024-02-26 22:21:25.864 [info] > git config --get commit.template [6ms]
2024-02-26 22:21:25.865 [info] > git for-each-ref --format=%(refname)%00%(upstream:short)%00%(objectname)%00%(upstream:track)%00%(upstream:remotename)%00%(upstream:remoteref) refs/heads/main refs/remotes/main [2ms]
2024-02-26 22:21:26.046 [info] > git status -z -uall [176ms]
2024-02-26 22:21:28.222 [info] > git add -A -- . [356ms]
2024-02-26 22:21:29.167 [info] > git show --textconv :.git/COMMIT_EDITMSG [12ms]
2024-02-26 22:21:29.175 [info] > git ls-files --stage -- /home/bitnami/.git/COMMIT_EDITMSG [12ms]
2024-02-26 22:21:29.491 [info] > git check-ignore -v -z --stdin [11ms]
2024-02-26 22:21:29.758 [info] > git ls-files --stage -- /home/bitnami/.git/COMMIT_EDITMSG [8ms]
2024-02-26 22:21:29.796 [info] > git show --textconv :.git/COMMIT_EDITMSG [12ms]
2024-02-26 22:21:33.141 [info] > git -c user.useConfigOnly=true commit --quiet [4913ms]
2024-02-26 22:21:33.157 [info] > git config --get commit.template [0ms]
2024-02-26 22:21:33.165 [info] > git for-each-ref --format=%(refname)%00%(upstream:short)%00%(objectname)%00%(upstream:track)%00%(upstream:remotename)%00%(upstream:remoteref) refs/heads/main refs/remotes/main [3ms]
2024-02-26 22:21:33.352 [info] > git status -z -uall [182ms]
2024-02-26 22:21:33.391 [info] > git show --textconv :blogger/app_server/views/addBlog.pug [45ms]
2024-02-26 22:21:33.391 [info] > git ls-files --stage -- /home/bitnami/blogger/app_server/views/addBlog.pug [39ms]
2024-02-26 22:21:33.400 [info] > git cat-file -s da03e09b835d81646a65f14220625dd6d045e93c [3ms]
2024-02-26 22:21:33.400 [info] > git config --get commit.template [10ms]
2024-02-26 22:21:33.425 [info] > git merge-base refs/heads/main refs/remotes/main/main [12ms]
2024-02-26 22:21:33.441 [info] > git for-each-ref --format=%(refname)%00%(upstream:short)%00%(objectname)%00%(upstream:track)%00%(upstream:remotename)%00%(upstream:remoteref) refs/heads/main refs/remotes/main [17ms]
2024-02-26 22:21:33.442 [info] > git rev-list --count --left-right refs/heads/main...refs/remotes/main/main [4ms]
2024-02-26 22:21:33.659 [info] > git status -z -uall [209ms]
2024-02-26 22:21:33.957 [info] > git push main main:main [575ms]
2024-02-26 22:21:33.961 [info] To https://github.com/kuhaku4/csci421-lab4.git
 ! [rejected]          main -> main (fetch first)
error: failed to push some refs to 'https://github.com/kuhaku4/csci421-lab4.git'
hint: Updates were rejected because the remote contains work that you do
hint: not have locally. This is usually caused by another repository pushing
hint: to the same ref. You may want to first integrate the remote changes
hint: (e.g., 'git pull ...') before pushing again.
hint: See the 'Note about fast-forwards' in 'git push --help' for details.
2024-02-26 22:21:33.977 [info] > git config --get commit.template [6ms]
2024-02-26 22:21:33.978 [info] > git for-each-ref --format=%(refname)%00%(upstream:short)%00%(objectname)%00%(upstream:track)%00%(upstream:remotename)%00%(upstream:remoteref) refs/heads/main refs/remotes/main [3ms]
2024-02-26 22:21:34.065 [info] > git check-ignore -v -z --stdin [15ms]
2024-02-26 22:21:34.165 [info] > git status -z -uall [182ms]
2024-02-26 22:21:34.219 [info] > git config --get commit.template [2ms]
2024-02-26 22:21:34.227 [info] > git for-each-ref --format=%(refname)%00%(upstream:short)%00%(objectname)%00%(upstream:track)%00%(upstream:remotename)%00%(upstream:remoteref) refs/heads/main refs/remotes/main [2ms]
2024-02-26 22:21:34.373 [info] > git status -z -uall [141ms]
2024-02-26 22:21:49.110 [info] > git config --get commit.template [1ms]
2024-02-26 22:21:49.118 [info] > git for-each-ref --format=%(refname)%00%(upstream:short)%00%(objectname)%00%(upstream:track)%00%(upstream:remotename)%00%(upstream:remoteref) refs/heads/main refs/remotes/main [0ms]
2024-02-26 22:21:49.183 [info] > git ls-files --stage -- /home/bitnami/blogger/app_server/views/addBlog.pug [51ms]
2024-02-26 22:21:49.194 [info] > git cat-file -s da03e09b835d81646a65f14220625dd6d045e93c [3ms]
2024-02-26 22:21:49.235 [info] > git show --textconv :blogger/app_server/views/addBlog.pug [19ms]
2024-02-26 22:21:49.301 [info] > git status -z -uall [177ms]
2024-02-26 22:21:52.763 [info] > git log --format=%H%n%aN%n%aE%n%at%n%ct%n%P%n%D%n%B -z --shortstat --author-date-order 48c10aaeb725d619d55f2fd8aa3a0494ce31de96..d9b08de1ad40569fc4f7e3b10be36c0a757c80c7 [32ms]
2024-02-26 22:21:54.094 [info] > git diff --name-status -z --diff-filter=ADMR 48c10aaeb725d619d55f2fd8aa3a0494ce31de96...d9b08de1ad40569fc4f7e3b10be36c0a757c80c7 [3ms]
2024-02-26 22:21:54.318 [info] > git config --get commit.template [7ms]
2024-02-26 22:21:54.322 [info] > git for-each-ref --format=%(refname)%00%(upstream:short)%00%(objectname)%00%(upstream:track)%00%(upstream:remotename)%00%(upstream:remoteref) refs/heads/main refs/remotes/main [3ms]
2024-02-26 22:21:54.518 [info] > git status -z -uall [188ms]
2024-02-26 22:21:54.662 [info] > git check-ignore -v -z --stdin [26ms]
2024-02-26 22:21:57.397 [info] > git push main main:main [292ms]
2024-02-26 22:21:57.397 [info] To https://github.com/kuhaku4/csci421-lab4.git
 ! [rejected]          main -> main (fetch first)
error: failed to push some refs to 'https://github.com/kuhaku4/csci421-lab4.git'
hint: Updates were rejected because the remote contains work that you do
hint: not have locally. This is usually caused by another repository pushing
hint: to the same ref. You may want to first integrate the remote changes
hint: (e.g., 'git pull ...') before pushing again.
hint: See the 'Note about fast-forwards' in 'git push --help' for details.
2024-02-26 22:21:57.407 [info] > git config --get commit.template [3ms]
2024-02-26 22:21:57.415 [info] > git for-each-ref --format=%(refname)%00%(upstream:short)%00%(objectname)%00%(upstream:track)%00%(upstream:remotename)%00%(upstream:remoteref) refs/heads/main refs/remotes/main [2ms]
2024-02-26 22:21:57.589 [info] > git status -z -uall [167ms]
2024-02-26 22:21:59.537 [info] > git config --get commit.template [2ms]
2024-02-26 22:21:59.551 [info] > git for-each-ref --format=%(refname)%00%(upstream:short)%00%(objectname)%00%(upstream:track)%00%(upstream:remotename)%00%(upstream:remoteref) refs/heads/main refs/remotes/main [8ms]
2024-02-26 22:21:59.724 [info] > git status -z -uall [166ms]
2024-02-26 22:22:04.740 [info] > git config --get commit.template [7ms]
2024-02-26 22:22:04.741 [info] > git for-each-ref --format=%(refname)%00%(upstream:short)%00%(objectname)%00%(upstream:track)%00%(upstream:remotename)%00%(upstream:remoteref) refs/heads/main refs/remotes/main [2ms]
2024-02-26 22:22:04.921 [info] > git status -z -uall [173ms]
2024-02-26 22:22:05.748 [info] > git check-ignore -v -z --stdin [10ms]
2024-02-26 22:22:07.530 [info] > git show --textconv :blogger/app_server/views/addBlog.pug [12ms]
2024-02-26 22:22:07.538 [info] > git ls-files --stage -- /home/bitnami/blogger/app_server/views/addBlog.pug [11ms]
2024-02-26 22:22:07.545 [info] > git cat-file -s da03e09b835d81646a65f14220625dd6d045e93c [1ms]
2024-02-26 22:22:18.937 [info] > git config --get commit.template [10ms]
2024-02-26 22:22:18.940 [info] > git for-each-ref --format=%(refname)%00%(upstream:short)%00%(objectname)%00%(upstream:track)%00%(upstream:remotename)%00%(upstream:remoteref) refs/heads/main refs/remotes/main [4ms]
2024-02-26 22:22:19.123 [info] > git status -z -uall [172ms]
2024-02-26 22:22:24.141 [info] > git config --get commit.template [7ms]
2024-02-26 22:22:24.142 [info] > git for-each-ref --format=%(refname)%00%(upstream:short)%00%(objectname)%00%(upstream:track)%00%(upstream:remotename)%00%(upstream:remoteref) refs/heads/main refs/remotes/main [2ms]
2024-02-26 22:22:24.324 [info] > git status -z -uall [175ms]
2024-02-26 22:22:27.664 [info] > git push main main:main [305ms]
2024-02-26 22:22:27.664 [info] To https://github.com/kuhaku4/csci421-lab4.git
 ! [rejected]          main -> main (fetch first)
error: failed to push some refs to 'https://github.com/kuhaku4/csci421-lab4.git'
hint: Updates were rejected because the remote contains work that you do
hint: not have locally. This is usually caused by another repository pushing
hint: to the same ref. You may want to first integrate the remote changes
hint: (e.g., 'git pull ...') before pushing again.
hint: See the 'Note about fast-forwards' in 'git push --help' for details.
2024-02-26 22:22:27.678 [info] > git config --get commit.template [6ms]
2024-02-26 22:22:27.679 [info] > git for-each-ref --format=%(refname)%00%(upstream:short)%00%(objectname)%00%(upstream:track)%00%(upstream:remotename)%00%(upstream:remoteref) refs/heads/main refs/remotes/main [2ms]
2024-02-26 22:22:27.848 [info] > git status -z -uall [163ms]
2024-02-26 22:22:31.193 [info] > git config --get commit.template [7ms]
2024-02-26 22:22:31.194 [info] > git for-each-ref --format=%(refname)%00%(upstream:short)%00%(objectname)%00%(upstream:track)%00%(upstream:remotename)%00%(upstream:remoteref) refs/heads/main refs/remotes/main [2ms]
2024-02-26 22:22:31.428 [info] > git status -z -uall [228ms]
2024-02-26 22:22:36.062 [info] > git ls-files --stage -- /home/bitnami/blogger/app_server/views/addBlog.pug [8ms]
2024-02-26 22:22:36.069 [info] > git cat-file -s da03e09b835d81646a65f14220625dd6d045e93c [1ms]
2024-02-26 22:22:36.097 [info] > git show --textconv :blogger/app_server/views/addBlog.pug [9ms]
2024-02-26 22:22:36.446 [info] > git config --get commit.template [2ms]
2024-02-26 22:22:36.456 [info] > git for-each-ref --format=%(refname)%00%(upstream:short)%00%(objectname)%00%(upstream:track)%00%(upstream:remotename)%00%(upstream:remoteref) refs/heads/main refs/remotes/main [2ms]
2024-02-26 22:22:36.704 [info] > git status -z -uall [239ms]
2024-02-26 22:22:36.737 [info] > git merge-base refs/heads/main refs/remotes/main/main [3ms]
2024-02-26 22:22:36.746 [info] > git rev-list --count --left-right refs/heads/main...refs/remotes/main/main [2ms]
2024-02-26 22:22:36.790 [info] > git log --format=%H%n%aN%n%aE%n%at%n%ct%n%P%n%D%n%B -z --shortstat --author-date-order 48c10aaeb725d619d55f2fd8aa3a0494ce31de96..d9b08de1ad40569fc4f7e3b10be36c0a757c80c7 [17ms]
2024-02-26 22:22:38.574 [info] > git ls-files --stage -- /home/bitnami/blogger/app_server/views/addBlog.pug [8ms]
2024-02-26 22:22:38.583 [info] > git cat-file -s d8181e2ed9e5ebf51837bf9447e7299e23e86d91 [1ms]
2024-02-26 22:22:38.613 [info] > git show --textconv :blogger/app_server/views/addBlog.pug [9ms]
2024-02-26 22:22:41.719 [info] > git for-each-ref --format=%(refname)%00%(upstream:short)%00%(objectname)%00%(upstream:track)%00%(upstream:remotename)%00%(upstream:remoteref) refs/heads/main refs/remotes/main [2ms]
2024-02-26 22:22:41.907 [info] > git status -z -uall [181ms]
2024-02-26 22:22:46.922 [info] > git for-each-ref --format=%(refname)%00%(upstream:short)%00%(objectname)%00%(upstream:track)%00%(upstream:remotename)%00%(upstream:remoteref) refs/heads/main refs/remotes/main [2ms]
2024-02-26 22:22:47.104 [info] > git status -z -uall [175ms]
2024-02-26 22:22:52.127 [info] > git for-each-ref --format=%(refname)%00%(upstream:short)%00%(objectname)%00%(upstream:track)%00%(upstream:remotename)%00%(upstream:remoteref) refs/heads/main refs/remotes/main [6ms]
2024-02-26 22:22:52.302 [info] > git status -z -uall [166ms]
2024-02-26 22:22:57.315 [info] > git for-each-ref --format=%(refname)%00%(upstream:short)%00%(objectname)%00%(upstream:track)%00%(upstream:remotename)%00%(upstream:remoteref) refs/heads/main refs/remotes/main [2ms]
2024-02-26 22:22:57.484 [info] > git status -z -uall [161ms]
2024-02-26 22:23:02.500 [info] > git for-each-ref --format=%(refname)%00%(upstream:short)%00%(objectname)%00%(upstream:track)%00%(upstream:remotename)%00%(upstream:remoteref) refs/heads/main refs/remotes/main [2ms]
2024-02-26 22:23:02.705 [info] > git status -z -uall [197ms]
2024-02-26 22:23:07.716 [info] > git for-each-ref --format=%(refname)%00%(upstream:short)%00%(objectname)%00%(upstream:track)%00%(upstream:remotename)%00%(upstream:remoteref) refs/heads/main refs/remotes/main [2ms]
2024-02-26 22:23:07.897 [info] > git status -z -uall [174ms]
2024-02-26 22:23:12.277 [info] > git add -A -- /home/bitnami/blogger/app_server/views/addBlog.pug [98ms]
2024-02-26 22:23:12.288 [info] > git for-each-ref --format=%(refname)%00%(upstream:short)%00%(objectname)%00%(upstream:track)%00%(upstream:remotename)%00%(upstream:remoteref) refs/heads/main refs/remotes/main [2ms]
2024-02-26 22:23:12.515 [info] > git status -z -uall [222ms]
2024-02-26 22:23:12.909 [info] > git for-each-ref --format=%(refname)%00%(upstream:short)%00%(objectname)%00%(upstream:track)%00%(upstream:remotename)%00%(upstream:remoteref) refs/heads/main refs/remotes/main [2ms]
2024-02-26 22:23:13.082 [info] > git status -z -uall [166ms]
2024-02-26 22:23:13.605 [info] > git ls-files --stage -- /home/bitnami/blogger/app_server/views/addBlog.pug [8ms]
2024-02-26 22:23:13.615 [info] > git cat-file -s ce4bb546fb84945abb57be8cd54753c36ce389b6 [3ms]
2024-02-26 22:23:13.648 [info] > git show --textconv :blogger/app_server/views/addBlog.pug [9ms]
2024-02-26 22:23:18.097 [info] > git for-each-ref --format=%(refname)%00%(upstream:short)%00%(objectname)%00%(upstream:track)%00%(upstream:remotename)%00%(upstream:remoteref) refs/heads/main refs/remotes/main [2ms]
2024-02-26 22:23:18.289 [info] > git status -z -uall [185ms]
2024-02-26 22:23:23.304 [info] > git for-each-ref --format=%(refname)%00%(upstream:short)%00%(objectname)%00%(upstream:track)%00%(upstream:remotename)%00%(upstream:remoteref) refs/heads/main refs/remotes/main [2ms]
2024-02-26 22:23:23.477 [info] > git status -z -uall [165ms]
2024-02-26 22:23:27.008 [info] > git add -A -- /home/bitnami/blogger/app_server/views/addBlog.pug [75ms]
2024-02-26 22:23:27.018 [info] > git for-each-ref --format=%(refname)%00%(upstream:short)%00%(objectname)%00%(upstream:track)%00%(upstream:remotename)%00%(upstream:remoteref) refs/heads/main refs/remotes/main [2ms]
2024-02-26 22:23:27.194 [info] > git status -z -uall [169ms]
2024-02-26 22:23:27.361 [info] > git -c user.useConfigOnly=true commit --quiet --allow-empty-message --file - [157ms]
2024-02-26 22:23:27.368 [info] > git config --get commit.template [1ms]
2024-02-26 22:23:27.383 [info] > git config --get commit.template [6ms]
2024-02-26 22:23:27.384 [info] > git for-each-ref --format=%(refname)%00%(upstream:short)%00%(objectname)%00%(upstream:track)%00%(upstream:remotename)%00%(upstream:remoteref) refs/heads/main refs/remotes/main [2ms]
2024-02-26 22:23:27.567 [info] > git status -z -uall [177ms]
2024-02-26 22:23:27.625 [info] > git merge-base refs/heads/main refs/remotes/main/main [4ms]
2024-02-26 22:23:27.640 [info] > git rev-list --count --left-right refs/heads/main...refs/remotes/main/main [4ms]
2024-02-26 22:23:27.699 [info] > git log --format=%H%n%aN%n%aE%n%at%n%ct%n%P%n%D%n%B -z --shortstat --author-date-order 33d19919d2a62f1c63c1be477e47cf24ea92c888..1e45de02d7cd032fae6fbb4b4ac8c9344d67c113 [24ms]
2024-02-26 22:23:27.770 [info] > git diff --shortstat 33d19919d2a62f1c63c1be477e47cf24ea92c888...1e45de02d7cd032fae6fbb4b4ac8c9344d67c113 [14ms]
2024-02-26 22:23:27.873 [info] > git check-ignore -v -z --stdin [18ms]
2024-02-26 22:23:28.393 [info] > git push main main:main [804ms]
2024-02-26 22:23:28.393 [info] To https://github.com/kuhaku4/csci421-lab4.git
   33d19919..1e45de02  main -> main
2024-02-26 22:23:28.407 [info] > git config --get commit.template [6ms]
2024-02-26 22:23:28.408 [info] > git for-each-ref --format=%(refname)%00%(upstream:short)%00%(objectname)%00%(upstream:track)%00%(upstream:remotename)%00%(upstream:remoteref) refs/heads/main refs/remotes/main [2ms]
2024-02-26 22:23:28.591 [info] > git status -z -uall [178ms]
2024-02-26 22:23:28.661 [info] > git merge-base refs/heads/main refs/remotes/main/main [11ms]
2024-02-26 22:23:28.668 [info] > git config --get commit.template [8ms]
2024-02-26 22:23:28.674 [info] > git rev-list --count --left-right refs/heads/main...refs/remotes/main/main [7ms]
2024-02-26 22:23:28.675 [info] > git for-each-ref --format=%(refname)%00%(upstream:short)%00%(objectname)%00%(upstream:track)%00%(upstream:remotename)%00%(upstream:remoteref) refs/heads/main refs/remotes/main [2ms]
2024-02-26 22:23:28.848 [info] > git status -z -uall [167ms]
2024-02-26 22:23:28.866 [info] > git config --get commit.template [6ms]
2024-02-26 22:23:28.867 [info] > git for-each-ref --format=%(refname)%00%(upstream:short)%00%(objectname)%00%(upstream:track)%00%(upstream:remotename)%00%(upstream:remoteref) refs/heads/main refs/remotes/main [2ms]
2024-02-26 22:23:29.039 [info] > git status -z -uall [166ms]
2024-02-26 22:23:29.712 [info] > git ls-files --stage -- /home/bitnami/blogger/app_server/views/addBlog.pug [8ms]
2024-02-26 22:23:29.720 [info] > git cat-file -s 1023e168e6aa1e86110c1e9935e15a7606f20e95 [2ms]
2024-02-26 22:23:29.757 [info] > git show --textconv :blogger/app_server/views/addBlog.pug [10ms]
2024-02-26 22:23:31.901 [info] > git show --textconv HEAD:.vscode-server/data/User/History/70d0cf35/VpLQ.pug [11ms]
2024-02-26 22:23:31.903 [info] > git ls-tree -l HEAD -- /home/bitnami/.vscode-server/data/User/History/70d0cf35/VpLQ.pug [3ms]
2024-02-26 22:23:32.419 [info] > git check-ignore -v -z --stdin [10ms]
2024-02-26 22:23:34.058 [info] > git config --get commit.template [7ms]
2024-02-26 22:23:34.059 [info] > git for-each-ref --format=%(refname)%00%(upstream:short)%00%(objectname)%00%(upstream:track)%00%(upstream:remotename)%00%(upstream:remoteref) refs/heads/main refs/remotes/main [2ms]
2024-02-26 22:23:34.230 [info] > git status -z -uall [162ms]
2024-02-26 22:23:38.556 [info] > git check-ignore -v -z --stdin [54ms]
2024-02-26 22:23:39.255 [info] > git config --get commit.template [6ms]
2024-02-26 22:23:39.256 [info] > git for-each-ref --format=%(refname)%00%(upstream:short)%00%(objectname)%00%(upstream:track)%00%(upstream:remotename)%00%(upstream:remoteref) refs/heads/main refs/remotes/main [2ms]
2024-02-26 22:23:39.439 [info] > git status -z -uall [177ms]
2024-02-26 22:23:42.246 [info] > git check-ignore -v -z --stdin [16ms]
2024-02-26 22:23:44.452 [info] > git config --get commit.template [2ms]
2024-02-26 22:23:44.460 [info] > git for-each-ref --format=%(refname)%00%(upstream:short)%00%(objectname)%00%(upstream:track)%00%(upstream:remotename)%00%(upstream:remoteref) refs/heads/main refs/remotes/main [2ms]
2024-02-26 22:23:44.665 [info] > git status -z -uall [198ms]
2024-02-26 22:23:49.687 [info] > git config --get commit.template [11ms]
2024-02-26 22:23:49.688 [info] > git for-each-ref --format=%(refname)%00%(upstream:short)%00%(objectname)%00%(upstream:track)%00%(upstream:remotename)%00%(upstream:remoteref) refs/heads/main refs/remotes/main [2ms]
2024-02-26 22:23:49.866 [info] > git status -z -uall [171ms]
2024-02-26 22:23:52.577 [info] > git show --textconv :blogger/app_server/views/addBlog.pug [13ms]
2024-02-26 22:23:52.585 [info] > git ls-files --stage -- /home/bitnami/blogger/app_server/views/addBlog.pug [11ms]
2024-02-26 22:23:52.594 [info] > git cat-file -s 1023e168e6aa1e86110c1e9935e15a7606f20e95 [1ms]
2024-02-26 22:23:54.886 [info] > git config --get commit.template [7ms]
2024-02-26 22:23:54.887 [info] > git for-each-ref --format=%(refname)%00%(upstream:short)%00%(objectname)%00%(upstream:track)%00%(upstream:remotename)%00%(upstream:remoteref) refs/heads/main refs/remotes/main [2ms]
2024-02-26 22:23:55.056 [info] > git status -z -uall [163ms]
2024-02-26 22:24:00.110 [info] > git config --get commit.template [18ms]
2024-02-26 22:24:00.111 [info] > git for-each-ref --format=%(refname)%00%(upstream:short)%00%(objectname)%00%(upstream:track)%00%(upstream:remotename)%00%(upstream:remoteref) refs/heads/main refs/remotes/main [2ms]
2024-02-26 22:24:00.297 [info] > git status -z -uall [178ms]
2024-02-26 22:24:05.315 [info] > git config --get commit.template [6ms]
2024-02-26 22:24:05.316 [info] > git for-each-ref --format=%(refname)%00%(upstream:short)%00%(objectname)%00%(upstream:track)%00%(upstream:remotename)%00%(upstream:remoteref) refs/heads/main refs/remotes/main [2ms]
2024-02-26 22:24:05.502 [info] > git status -z -uall [180ms]
