2024-02-12 00:06:16.134 [info] Log level: Info
2024-02-12 00:06:16.134 [info] Validating found git in: "git"
2024-02-12 00:06:16.135 [info] Using git "2.30.2" from "git"
2024-02-12 00:06:16.136 [info] > git rev-parse --show-toplevel [266ms]
2024-02-12 00:06:16.137 [info] > git rev-parse --git-dir --git-common-dir [74ms]
2024-02-12 00:06:16.137 [info] Open repository: /home/bitnami
2024-02-12 00:06:16.138 [info] > git rev-parse --show-toplevel [20ms]
2024-02-12 00:06:16.138 [info] > git config --get commit.template [65ms]
2024-02-12 00:06:16.139 [info] > git rev-parse --show-toplevel [40ms]
2024-02-12 00:06:16.139 [info] > git rev-parse --show-toplevel [17ms]
2024-02-12 00:06:16.140 [info] > git for-each-ref --format=%(refname)%00%(upstream:short)%00%(objectname)%00%(upstream:track)%00%(upstream:remotename)%00%(upstream:remoteref) refs/heads/main refs/remotes/main [46ms]
2024-02-12 00:06:16.141 [info] > git rev-parse --show-toplevel [9ms]
2024-02-12 00:06:16.141 [info] > git rev-parse --show-toplevel [14ms]
2024-02-12 00:06:16.142 [info] > git rev-parse --show-toplevel [4ms]
2024-02-12 00:06:16.142 [info] > git rev-parse --show-toplevel [63ms]
2024-02-12 00:06:16.152 [info] > git rev-parse --show-toplevel [44ms]
2024-02-12 00:06:16.217 [info] > git rev-parse --show-toplevel [6ms]
2024-02-12 00:06:16.347 [info] > git rev-parse --show-toplevel [122ms]
2024-02-12 00:06:16.391 [info] > git rev-parse --show-toplevel [16ms]
2024-02-12 00:06:16.465 [info] > git rev-parse --show-toplevel [16ms]
2024-02-12 00:06:16.506 [info] > git rev-parse --show-toplevel [9ms]
2024-02-12 00:06:16.544 [info] > git rev-parse --show-toplevel [17ms]
2024-02-12 00:06:16.570 [info] > git rev-parse --git-dir --git-common-dir [6ms]
2024-02-12 00:06:16.577 [info] Open repository: /home/bitnami/todo
2024-02-12 00:06:16.595 [info] > git config --get commit.template [10ms]
2024-02-12 00:06:16.616 [info] > git rev-parse --show-toplevel [22ms]
2024-02-12 00:06:16.672 [info] > git for-each-ref --format=%(refname)%00%(upstream:short)%00%(objectname)%00%(upstream:track)%00%(upstream:remotename)%00%(upstream:remoteref) refs/heads/master refs/remotes/master [57ms]
2024-02-12 00:06:16.703 [warning] ENOENT: no such file or directory, open '/home/bitnami/todo/.git/refs/remotes/origin/master'
2024-02-12 00:06:16.707 [info] > git show --textconv :blogger/controllers/header.js [49ms]
2024-02-12 00:06:16.710 [info] > git ls-files --stage -- /home/bitnami/blogger/controllers/header.js [42ms]
2024-02-12 00:06:16.717 [info] > git rev-parse refs/remotes/origin/master [15ms]
2024-02-12 00:06:16.735 [info] > git status -z -uall [9ms]
2024-02-12 00:06:16.763 [info] > git config --get commit.template [4ms]
2024-02-12 00:06:16.778 [info] > git for-each-ref --format=%(refname)%00%(upstream:short)%00%(objectname)%00%(upstream:track)%00%(upstream:remotename)%00%(upstream:remoteref) refs/heads/master refs/remotes/master [5ms]
2024-02-12 00:06:16.793 [warning] ENOENT: no such file or directory, open '/home/bitnami/todo/.git/refs/remotes/origin/master'
2024-02-12 00:06:16.795 [info] > git rev-parse refs/remotes/origin/master [2ms]
2024-02-12 00:06:16.809 [info] > git status -z -uall [8ms]
2024-02-12 00:06:17.006 [info] > git check-ignore -v -z --stdin [45ms]
2024-02-12 00:06:17.349 [info] > git status -z -uall [1435ms]
2024-02-12 00:06:18.383 [info] > git config --get commit.template [31ms]
2024-02-12 00:06:18.430 [info] > git for-each-ref --format=%(refname)%00%(upstream:short)%00%(objectname)%00%(upstream:track)%00%(upstream:remotename)%00%(upstream:remoteref) refs/heads/main refs/remotes/main [16ms]
2024-02-12 00:06:18.782 [info] > git status -z -uall [328ms]
2024-02-12 00:06:20.518 [info] > git ls-files --stage -- /home/bitnami/blogger/controllers/blog.js [17ms]
2024-02-12 00:06:20.528 [info] > git show --textconv :blogger/controllers/blog.js [34ms]
2024-02-12 00:06:20.537 [info] > git cat-file -s cdb7e5d4d3f4cf37d174effbc4bfee753624ada2 [9ms]
2024-02-12 00:06:20.792 [info] > git check-ignore -v -z --stdin [15ms]
2024-02-12 00:06:25.712 [info] > git check-ignore -v -z --stdin [8ms]
2024-02-12 00:06:27.138 [info] > git check-ignore -v -z --stdin [6ms]
2024-02-12 00:06:27.813 [info] > git check-ignore -v -z --stdin [6ms]
2024-02-12 00:06:45.899 [info] > git check-ignore -v -z --stdin [48ms]
2024-02-12 00:06:58.180 [info] > git ls-files --stage -- /home/bitnami/blogger/views/partials/nav.pug [14ms]
2024-02-12 00:06:58.184 [info] > git show --textconv :blogger/views/partials/nav.pug [28ms]
2024-02-12 00:06:58.267 [info] > git check-ignore -v -z --stdin [6ms]
2024-02-12 00:08:14.213 [info] > git config --get commit.template [8ms]
2024-02-12 00:08:14.219 [info] > git for-each-ref --format=%(refname)%00%(upstream:short)%00%(objectname)%00%(upstream:track)%00%(upstream:remotename)%00%(upstream:remoteref) refs/heads/main refs/remotes/main [7ms]
2024-02-12 00:08:14.597 [info] > git show --textconv :blogger/views/addBlog.pug [14ms]
2024-02-12 00:08:14.601 [info] > git ls-files --stage -- /home/bitnami/blogger/views/addBlog.pug [8ms]
2024-02-12 00:08:14.614 [info] > git cat-file -s 1cac489f482f0bbec49f0e85e70bdce916037c12 [3ms]
2024-02-12 00:08:15.609 [info] > git status -z -uall [1382ms]
2024-02-12 00:08:20.688 [info] > git config --get commit.template [8ms]
2024-02-12 00:08:20.688 [info] > git for-each-ref --format=%(refname)%00%(upstream:short)%00%(objectname)%00%(upstream:track)%00%(upstream:remotename)%00%(upstream:remoteref) refs/heads/main refs/remotes/main [2ms]
2024-02-12 00:08:20.843 [info] > git status -z -uall [147ms]
2024-02-12 00:08:27.717 [info] > git config --get commit.template [8ms]
2024-02-12 00:08:27.718 [info] > git for-each-ref --format=%(refname)%00%(upstream:short)%00%(objectname)%00%(upstream:track)%00%(upstream:remotename)%00%(upstream:remoteref) refs/heads/main refs/remotes/main [2ms]
2024-02-12 00:08:27.847 [info] > git status -z -uall [118ms]
2024-02-12 00:08:32.910 [info] > git config --get commit.template [8ms]
2024-02-12 00:08:32.910 [info] > git for-each-ref --format=%(refname)%00%(upstream:short)%00%(objectname)%00%(upstream:track)%00%(upstream:remotename)%00%(upstream:remoteref) refs/heads/main refs/remotes/main [2ms]
2024-02-12 00:08:33.029 [info] > git status -z -uall [112ms]
2024-02-12 00:08:44.701 [info] > git show --textconv :blogger/views/blogList.pug [12ms]
2024-02-12 00:08:44.706 [info] > git ls-files --stage -- /home/bitnami/blogger/views/blogList.pug [6ms]
2024-02-12 00:08:44.714 [info] > git cat-file -s 1cac489f482f0bbec49f0e85e70bdce916037c12 [1ms]
2024-02-12 00:08:52.200 [info] > git show --textconv :blogger/views/error.pug [16ms]
2024-02-12 00:08:52.203 [info] > git ls-files --stage -- /home/bitnami/blogger/views/error.pug [10ms]
2024-02-12 00:08:52.210 [info] > git cat-file -s 51ec12c6a26323d9f5bc51fb98cb1324a739ea4c [1ms]
2024-02-12 00:08:54.656 [info] > git show --textconv :blogger/views/homePage.pug [11ms]
2024-02-12 00:08:54.659 [info] > git ls-files --stage -- /home/bitnami/blogger/views/homePage.pug [5ms]
2024-02-12 00:08:54.665 [info] > git cat-file -s 3d63b9a044a859b59259d5e23dd4e68ec8e1f2be [1ms]
2024-02-12 00:08:59.427 [info] > git show --textconv :blogger/views/layout.pug [11ms]
2024-02-12 00:08:59.435 [info] > git ls-files --stage -- /home/bitnami/blogger/views/layout.pug [10ms]
2024-02-12 00:08:59.446 [info] > git cat-file -s 15af079bf7c34e638ba14844efd979ac9111628b [2ms]
2024-02-12 00:10:51.973 [info] > git show --textconv :blogger/views/partials/nav.pug [11ms]
2024-02-12 00:10:51.978 [info] > git ls-files --stage -- /home/bitnami/blogger/views/partials/nav.pug [6ms]
2024-02-12 00:11:29.523 [info] > git config --get commit.template [9ms]
2024-02-12 00:11:29.525 [info] > git for-each-ref --format=%(refname)%00%(upstream:short)%00%(objectname)%00%(upstream:track)%00%(upstream:remotename)%00%(upstream:remoteref) refs/heads/main refs/remotes/main [4ms]
2024-02-12 00:11:29.677 [info] > git status -z -uall [144ms]
2024-02-12 00:11:30.008 [info] > git show --textconv :blogger/views/addBlog.pug [222ms]
2024-02-12 00:11:30.008 [info] > git ls-files --stage -- /home/bitnami/blogger/views/addBlog.pug [213ms]
2024-02-12 00:11:30.060 [info] > git cat-file -s 1cac489f482f0bbec49f0e85e70bdce916037c12 [13ms]
2024-02-12 00:11:34.740 [info] > git config --get commit.template [8ms]
2024-02-12 00:11:34.741 [info] > git for-each-ref --format=%(refname)%00%(upstream:short)%00%(objectname)%00%(upstream:track)%00%(upstream:remotename)%00%(upstream:remoteref) refs/heads/main refs/remotes/main [2ms]
2024-02-12 00:11:34.847 [info] > git status -z -uall [99ms]
2024-02-12 00:11:39.899 [info] > git config --get commit.template [8ms]
2024-02-12 00:11:39.899 [info] > git for-each-ref --format=%(refname)%00%(upstream:short)%00%(objectname)%00%(upstream:track)%00%(upstream:remotename)%00%(upstream:remoteref) refs/heads/main refs/remotes/main [2ms]
2024-02-12 00:11:40.007 [info] > git status -z -uall [101ms]
2024-02-12 00:11:46.499 [info] > git config --get commit.template [7ms]
2024-02-12 00:11:46.499 [info] > git for-each-ref --format=%(refname)%00%(upstream:short)%00%(objectname)%00%(upstream:track)%00%(upstream:remotename)%00%(upstream:remoteref) refs/heads/main refs/remotes/main [1ms]
2024-02-12 00:11:46.613 [info] > git status -z -uall [103ms]
2024-02-12 00:11:49.829 [info] > git show --textconv :blogger/views/blogList.pug [9ms]
2024-02-12 00:11:49.833 [info] > git ls-files --stage -- /home/bitnami/blogger/views/blogList.pug [5ms]
2024-02-12 00:11:49.840 [info] > git cat-file -s 1cac489f482f0bbec49f0e85e70bdce916037c12 [1ms]
2024-02-12 00:11:51.684 [info] > git config --get commit.template [8ms]
2024-02-12 00:11:51.684 [info] > git for-each-ref --format=%(refname)%00%(upstream:short)%00%(objectname)%00%(upstream:track)%00%(upstream:remotename)%00%(upstream:remoteref) refs/heads/main refs/remotes/main [1ms]
2024-02-12 00:11:51.801 [info] > git status -z -uall [109ms]
2024-02-12 00:11:52.409 [info] > git show --textconv :blogger/views/homePage.pug [11ms]
2024-02-12 00:11:52.413 [info] > git ls-files --stage -- /home/bitnami/blogger/views/homePage.pug [5ms]
2024-02-12 00:11:52.423 [info] > git cat-file -s 3d63b9a044a859b59259d5e23dd4e68ec8e1f2be [1ms]
2024-02-12 00:11:59.462 [info] > git config --get commit.template [1ms]
2024-02-12 00:11:59.472 [info] > git for-each-ref --format=%(refname)%00%(upstream:short)%00%(objectname)%00%(upstream:track)%00%(upstream:remotename)%00%(upstream:remoteref) refs/heads/main refs/remotes/main [2ms]
2024-02-12 00:11:59.608 [info] > git status -z -uall [126ms]
2024-02-12 00:11:59.608 [info] > git show --textconv :blogger/views/partials/nav.pug [19ms]
2024-02-12 00:11:59.646 [info] > git ls-files --stage -- /home/bitnami/blogger/views/partials/nav.pug [47ms]
2024-02-12 00:12:10.824 [info] > git for-each-ref --format=%(refname)%00%(upstream:short)%00%(objectname)%00%(upstream:track)%00%(upstream:remotename)%00%(upstream:remoteref) refs/heads/main refs/remotes/main [2ms]
2024-02-12 00:12:10.825 [info] > git config --get commit.template [12ms]
2024-02-12 00:12:10.938 [info] > git status -z -uall [104ms]
2024-02-12 00:12:26.720 [info] > git config --get commit.template [12ms]
2024-02-12 00:12:26.721 [info] > git for-each-ref --format=%(refname)%00%(upstream:short)%00%(objectname)%00%(upstream:track)%00%(upstream:remotename)%00%(upstream:remoteref) refs/heads/main refs/remotes/main [2ms]
2024-02-12 00:12:26.832 [info] > git status -z -uall [103ms]
2024-02-12 00:12:31.893 [info] > git config --get commit.template [10ms]
2024-02-12 00:12:31.894 [info] > git for-each-ref --format=%(refname)%00%(upstream:short)%00%(objectname)%00%(upstream:track)%00%(upstream:remotename)%00%(upstream:remoteref) refs/heads/main refs/remotes/main [2ms]
2024-02-12 00:12:32.003 [info] > git status -z -uall [101ms]
2024-02-12 00:12:45.380 [info] > git config --get commit.template [7ms]
2024-02-12 00:12:45.380 [info] > git for-each-ref --format=%(refname)%00%(upstream:short)%00%(objectname)%00%(upstream:track)%00%(upstream:remotename)%00%(upstream:remoteref) refs/heads/main refs/remotes/main [2ms]
2024-02-12 00:12:45.501 [info] > git status -z -uall [112ms]
2024-02-12 00:12:50.560 [info] > git config --get commit.template [9ms]
2024-02-12 00:12:50.561 [info] > git for-each-ref --format=%(refname)%00%(upstream:short)%00%(objectname)%00%(upstream:track)%00%(upstream:remotename)%00%(upstream:remoteref) refs/heads/main refs/remotes/main [1ms]
2024-02-12 00:12:50.670 [info] > git status -z -uall [102ms]
2024-02-12 00:12:59.509 [info] > git config --get commit.template [1ms]
2024-02-12 00:12:59.519 [info] > git for-each-ref --format=%(refname)%00%(upstream:short)%00%(objectname)%00%(upstream:track)%00%(upstream:remotename)%00%(upstream:remoteref) refs/heads/main refs/remotes/main [2ms]
2024-02-12 00:12:59.632 [info] > git status -z -uall [105ms]
2024-02-12 00:13:04.688 [info] > git config --get commit.template [10ms]
2024-02-12 00:13:04.688 [info] > git for-each-ref --format=%(refname)%00%(upstream:short)%00%(objectname)%00%(upstream:track)%00%(upstream:remotename)%00%(upstream:remoteref) refs/heads/main refs/remotes/main [1ms]
2024-02-12 00:13:04.805 [info] > git status -z -uall [110ms]
2024-02-12 00:13:09.874 [info] > git config --get commit.template [9ms]
2024-02-12 00:13:09.875 [info] > git for-each-ref --format=%(refname)%00%(upstream:short)%00%(objectname)%00%(upstream:track)%00%(upstream:remotename)%00%(upstream:remoteref) refs/heads/main refs/remotes/main [2ms]
2024-02-12 00:13:09.984 [info] > git status -z -uall [102ms]
2024-02-12 00:13:15.036 [info] > git config --get commit.template [10ms]
2024-02-12 00:13:15.037 [info] > git for-each-ref --format=%(refname)%00%(upstream:short)%00%(objectname)%00%(upstream:track)%00%(upstream:remotename)%00%(upstream:remoteref) refs/heads/main refs/remotes/main [3ms]
2024-02-12 00:13:15.160 [info] > git status -z -uall [115ms]
2024-02-12 00:13:20.208 [info] > git config --get commit.template [8ms]
2024-02-12 00:13:20.209 [info] > git for-each-ref --format=%(refname)%00%(upstream:short)%00%(objectname)%00%(upstream:track)%00%(upstream:remotename)%00%(upstream:remoteref) refs/heads/main refs/remotes/main [2ms]
2024-02-12 00:13:20.318 [info] > git status -z -uall [102ms]
2024-02-12 00:13:27.139 [info] > git config --get commit.template [9ms]
2024-02-12 00:13:27.139 [info] > git for-each-ref --format=%(refname)%00%(upstream:short)%00%(objectname)%00%(upstream:track)%00%(upstream:remotename)%00%(upstream:remoteref) refs/heads/main refs/remotes/main [2ms]
2024-02-12 00:13:27.267 [info] > git status -z -uall [120ms]
2024-02-12 00:13:32.323 [info] > git config --get commit.template [8ms]
2024-02-12 00:13:32.323 [info] > git for-each-ref --format=%(refname)%00%(upstream:short)%00%(objectname)%00%(upstream:track)%00%(upstream:remotename)%00%(upstream:remoteref) refs/heads/main refs/remotes/main [1ms]
2024-02-12 00:13:32.433 [info] > git status -z -uall [102ms]
2024-02-12 00:13:37.481 [info] > git config --get commit.template [9ms]
2024-02-12 00:13:37.482 [info] > git for-each-ref --format=%(refname)%00%(upstream:short)%00%(objectname)%00%(upstream:track)%00%(upstream:remotename)%00%(upstream:remoteref) refs/heads/main refs/remotes/main [2ms]
2024-02-12 00:13:37.592 [info] > git status -z -uall [103ms]
2024-02-12 00:13:42.645 [info] > git config --get commit.template [15ms]
2024-02-12 00:13:42.648 [info] > git for-each-ref --format=%(refname)%00%(upstream:short)%00%(objectname)%00%(upstream:track)%00%(upstream:remotename)%00%(upstream:remoteref) refs/heads/main refs/remotes/main [4ms]
2024-02-12 00:13:42.782 [info] > git status -z -uall [124ms]
2024-02-12 00:13:47.843 [info] > git config --get commit.template [9ms]
2024-02-12 00:13:47.844 [info] > git for-each-ref --format=%(refname)%00%(upstream:short)%00%(objectname)%00%(upstream:track)%00%(upstream:remotename)%00%(upstream:remoteref) refs/heads/main refs/remotes/main [2ms]
2024-02-12 00:13:47.968 [info] > git status -z -uall [115ms]
2024-02-12 00:14:04.216 [info] > git config --get commit.template [11ms]
2024-02-12 00:14:04.218 [info] > git for-each-ref --format=%(refname)%00%(upstream:short)%00%(objectname)%00%(upstream:track)%00%(upstream:remotename)%00%(upstream:remoteref) refs/heads/main refs/remotes/main [3ms]
2024-02-12 00:14:04.330 [info] > git status -z -uall [104ms]
2024-02-12 00:14:09.398 [info] > git config --get commit.template [8ms]
2024-02-12 00:14:09.399 [info] > git for-each-ref --format=%(refname)%00%(upstream:short)%00%(objectname)%00%(upstream:track)%00%(upstream:remotename)%00%(upstream:remoteref) refs/heads/main refs/remotes/main [2ms]
2024-02-12 00:14:09.505 [info] > git status -z -uall [99ms]
2024-02-12 00:14:20.053 [info] > git config --get commit.template [13ms]
2024-02-12 00:14:20.054 [info] > git for-each-ref --format=%(refname)%00%(upstream:short)%00%(objectname)%00%(upstream:track)%00%(upstream:remotename)%00%(upstream:remoteref) refs/heads/main refs/remotes/main [3ms]
2024-02-12 00:14:20.171 [info] > git status -z -uall [108ms]
2024-02-12 00:14:34.405 [info] > git config --get commit.template [8ms]
2024-02-12 00:14:34.405 [info] > git for-each-ref --format=%(refname)%00%(upstream:short)%00%(objectname)%00%(upstream:track)%00%(upstream:remotename)%00%(upstream:remoteref) refs/heads/main refs/remotes/main [1ms]
2024-02-12 00:14:34.521 [info] > git status -z -uall [108ms]
2024-02-12 00:15:22.508 [info] > git config --get commit.template [9ms]
2024-02-12 00:15:22.509 [info] > git for-each-ref --format=%(refname)%00%(upstream:short)%00%(objectname)%00%(upstream:track)%00%(upstream:remotename)%00%(upstream:remoteref) refs/heads/main refs/remotes/main [3ms]
2024-02-12 00:15:22.614 [info] > git merge-base refs/heads/main refs/remotes/origin/main [11ms]
2024-02-12 00:15:22.631 [info] > git merge-base refs/heads/master refs/remotes/origin/master [18ms]
2024-02-12 00:15:22.646 [info] > git rev-list --count --left-right refs/heads/main...refs/remotes/origin/main [18ms]
2024-02-12 00:15:22.648 [info] > git rev-list --count --left-right refs/heads/master...refs/remotes/origin/master [5ms]
2024-02-12 00:15:22.662 [info] > git status -z -uall [146ms]
2024-02-12 00:15:23.574 [info] > git check-ignore -v -z --stdin [3ms]
2024-02-12 00:15:23.580 [info] > git check-ignore -v -z --stdin [22ms]
