2024-02-11 22:38:00.700 [info] Log level: Info
2024-02-11 22:38:00.700 [info] Validating found git in: "git"
2024-02-11 22:38:00.700 [info] Using git "2.30.2" from "git"
2024-02-11 22:38:00.700 [info] > git rev-parse --show-toplevel [4ms]
2024-02-11 22:38:00.700 [info] > git rev-parse --git-dir --git-common-dir [3ms]
2024-02-11 22:38:00.700 [info] Open repository: /home/bitnami
2024-02-11 22:38:00.700 [info] > git rev-parse --show-toplevel [8ms]
2024-02-11 22:38:00.700 [info] > git config --get commit.template [14ms]
2024-02-11 22:38:00.711 [info] > git rev-parse --show-toplevel [11ms]
2024-02-11 22:38:00.719 [info] > git rev-parse --show-toplevel [3ms]
2024-02-11 22:38:00.720 [info] > git for-each-ref --format=%(refname)%00%(upstream:short)%00%(objectname)%00%(upstream:track)%00%(upstream:remotename)%00%(upstream:remoteref) refs/heads/main refs/remotes/main [15ms]
2024-02-11 22:38:00.735 [info] > git rev-parse --show-toplevel [9ms]
2024-02-11 22:38:00.742 [info] > git rev-parse --show-toplevel [1ms]
2024-02-11 22:38:00.751 [info] > git rev-parse --show-toplevel [0ms]
2024-02-11 22:38:00.759 [info] > git rev-parse --show-toplevel [2ms]
2024-02-11 22:38:00.869 [info] > git rev-parse --show-toplevel [99ms]
2024-02-11 22:38:00.889 [info] > git rev-parse --show-toplevel [3ms]
2024-02-11 22:38:00.896 [info] > git rev-parse --show-toplevel [1ms]
2024-02-11 22:38:00.903 [info] > git rev-parse --show-toplevel [1ms]
2024-02-11 22:38:00.909 [info] > git rev-parse --show-toplevel [2ms]
2024-02-11 22:38:00.920 [info] > git rev-parse --show-toplevel [6ms]
2024-02-11 22:38:00.946 [info] > git rev-parse --git-dir --git-common-dir [18ms]
2024-02-11 22:38:00.953 [info] Open repository: /home/bitnami/todo
2024-02-11 22:38:00.973 [info] > git config --get commit.template [10ms]
2024-02-11 22:38:00.983 [info] > git rev-parse --show-toplevel [11ms]
2024-02-11 22:38:00.996 [info] > git for-each-ref --format=%(refname)%00%(upstream:short)%00%(objectname)%00%(upstream:track)%00%(upstream:remotename)%00%(upstream:remoteref) refs/heads/master refs/remotes/master [15ms]
2024-02-11 22:38:01.011 [warning] ENOENT: no such file or directory, open '/home/bitnami/todo/.git/refs/remotes/origin/master'
2024-02-11 22:38:01.017 [info] > git rev-parse refs/remotes/origin/master [7ms]
2024-02-11 22:38:01.027 [info] > git status -z -uall [4ms]
2024-02-11 22:38:01.075 [info] > git for-each-ref --format=%(refname)%00%(upstream:short)%00%(objectname)%00%(upstream:track)%00%(upstream:remotename)%00%(upstream:remoteref) refs/heads/master refs/remotes/master [2ms]
2024-02-11 22:38:01.075 [info] > git config --get commit.template [15ms]
2024-02-11 22:38:01.081 [warning] ENOENT: no such file or directory, open '/home/bitnami/todo/.git/refs/remotes/origin/master'
2024-02-11 22:38:01.083 [info] > git rev-parse refs/remotes/origin/master [2ms]
2024-02-11 22:38:01.093 [info] > git status -z -uall [4ms]
2024-02-11 22:38:01.423 [info] > git status -z -uall [691ms]
2024-02-11 22:38:02.257 [info] > git check-ignore -v -z --stdin [684ms]
2024-02-11 22:38:02.260 [info] > git check-ignore -v -z --stdin [676ms]
2024-02-11 22:38:02.280 [info] > git config --get commit.template [65ms]
2024-02-11 22:38:02.318 [info] > git for-each-ref --format=%(refname)%00%(upstream:short)%00%(objectname)%00%(upstream:track)%00%(upstream:remotename)%00%(upstream:remoteref) refs/heads/main refs/remotes/main [6ms]
2024-02-11 22:38:02.579 [info] > git status -z -uall [250ms]
2024-02-11 22:38:11.989 [info] > git config --get commit.template [8ms]
2024-02-11 22:38:11.990 [info] > git for-each-ref --format=%(refname)%00%(upstream:short)%00%(objectname)%00%(upstream:track)%00%(upstream:remotename)%00%(upstream:remoteref) refs/heads/main refs/remotes/main [2ms]
2024-02-11 22:38:12.143 [info] > git status -z -uall [148ms]
2024-02-11 22:38:12.623 [info] > git check-ignore -v -z --stdin [10ms]
2024-02-11 22:38:14.695 [info] > git show --textconv :blogger/app.js [38ms]
2024-02-11 22:38:14.706 [info] > git ls-files --stage -- /home/bitnami/blogger/app.js [34ms]
2024-02-11 22:38:14.728 [info] > git cat-file -s c7a42c8179ac125c75e19f49b94c6d0b712f454b [3ms]
2024-02-11 22:38:17.224 [info] > git config --get commit.template [12ms]
2024-02-11 22:38:17.240 [info] > git for-each-ref --format=%(refname)%00%(upstream:short)%00%(objectname)%00%(upstream:track)%00%(upstream:remotename)%00%(upstream:remoteref) refs/heads/main refs/remotes/main [17ms]
2024-02-11 22:38:18.472 [info] > git status -z -uall [1221ms]
2024-02-11 22:38:21.995 [info] > git check-ignore -v -z --stdin [52ms]
2024-02-11 22:38:22.562 [info] > git show --textconv :blogger/views/addBlog.pug [13ms]
2024-02-11 22:38:22.564 [info] > git ls-files --stage -- /home/bitnami/blogger/views/addBlog.pug [6ms]
2024-02-11 22:38:22.572 [info] > git cat-file -s 1cac489f482f0bbec49f0e85e70bdce916037c12 [2ms]
2024-02-11 22:38:23.183 [info] > git show --textconv :blogger/views/blogList.pug [10ms]
2024-02-11 22:38:23.189 [info] > git ls-files --stage -- /home/bitnami/blogger/views/blogList.pug [6ms]
2024-02-11 22:38:23.197 [info] > git cat-file -s 1cac489f482f0bbec49f0e85e70bdce916037c12 [1ms]
2024-02-11 22:38:23.556 [info] > git config --get commit.template [7ms]
2024-02-11 22:38:23.557 [info] > git for-each-ref --format=%(refname)%00%(upstream:short)%00%(objectname)%00%(upstream:track)%00%(upstream:remotename)%00%(upstream:remoteref) refs/heads/main refs/remotes/main [2ms]
2024-02-11 22:38:23.736 [info] > git status -z -uall [171ms]
2024-02-11 22:38:24.588 [info] > git show --textconv :blogger/views/homePage.pug [17ms]
2024-02-11 22:38:24.593 [info] > git ls-files --stage -- /home/bitnami/blogger/views/homePage.pug [6ms]
2024-02-11 22:38:24.602 [info] > git cat-file -s 3d63b9a044a859b59259d5e23dd4e68ec8e1f2be [2ms]
2024-02-11 22:38:25.020 [info] > git show --textconv :blogger/views/layout.pug [14ms]
2024-02-11 22:38:25.024 [info] > git ls-files --stage -- /home/bitnami/blogger/views/layout.pug [7ms]
2024-02-11 22:38:25.031 [info] > git cat-file -s 15af079bf7c34e638ba14844efd979ac9111628b [1ms]
2024-02-11 22:38:26.710 [info] > git check-ignore -v -z --stdin [5ms]
2024-02-11 22:38:27.447 [info] > git show --textconv :blogger/routes/index.js [18ms]
2024-02-11 22:38:27.450 [info] > git ls-files --stage -- /home/bitnami/blogger/routes/index.js [5ms]
2024-02-11 22:38:27.456 [info] > git cat-file -s 9638de429b2d0c4c144f084a02758224bec1f28f [1ms]
2024-02-11 22:38:28.788 [info] > git config --get commit.template [10ms]
2024-02-11 22:38:28.789 [info] > git for-each-ref --format=%(refname)%00%(upstream:short)%00%(objectname)%00%(upstream:track)%00%(upstream:remotename)%00%(upstream:remoteref) refs/heads/main refs/remotes/main [2ms]
2024-02-11 22:38:28.949 [info] > git status -z -uall [153ms]
2024-02-11 22:38:34.035 [info] > git config --get commit.template [10ms]
2024-02-11 22:38:34.036 [info] > git for-each-ref --format=%(refname)%00%(upstream:short)%00%(objectname)%00%(upstream:track)%00%(upstream:remotename)%00%(upstream:remoteref) refs/heads/main refs/remotes/main [2ms]
2024-02-11 22:38:34.155 [info] > git status -z -uall [112ms]
2024-02-11 22:38:36.184 [info] > git check-ignore -v -z --stdin [5ms]
2024-02-11 22:38:39.202 [info] > git config --get commit.template [6ms]
2024-02-11 22:38:39.203 [info] > git for-each-ref --format=%(refname)%00%(upstream:short)%00%(objectname)%00%(upstream:track)%00%(upstream:remotename)%00%(upstream:remoteref) refs/heads/main refs/remotes/main [2ms]
2024-02-11 22:38:39.380 [info] > git status -z -uall [171ms]
2024-02-11 22:38:44.557 [info] > git config --get commit.template [21ms]
2024-02-11 22:38:44.558 [info] > git for-each-ref --format=%(refname)%00%(upstream:short)%00%(objectname)%00%(upstream:track)%00%(upstream:remotename)%00%(upstream:remoteref) refs/heads/main refs/remotes/main [3ms]
2024-02-11 22:38:44.703 [info] > git status -z -uall [127ms]
2024-02-11 22:38:49.754 [info] > git config --get commit.template [7ms]
2024-02-11 22:38:49.755 [info] > git for-each-ref --format=%(refname)%00%(upstream:short)%00%(objectname)%00%(upstream:track)%00%(upstream:remotename)%00%(upstream:remoteref) refs/heads/main refs/remotes/main [2ms]
2024-02-11 22:38:49.863 [info] > git status -z -uall [101ms]
2024-02-11 22:38:54.909 [info] > git config --get commit.template [7ms]
2024-02-11 22:38:54.910 [info] > git for-each-ref --format=%(refname)%00%(upstream:short)%00%(objectname)%00%(upstream:track)%00%(upstream:remotename)%00%(upstream:remoteref) refs/heads/main refs/remotes/main [2ms]
2024-02-11 22:38:55.029 [info] > git status -z -uall [112ms]
2024-02-11 22:39:00.122 [info] > git config --get commit.template [16ms]
2024-02-11 22:39:00.122 [info] > git for-each-ref --format=%(refname)%00%(upstream:short)%00%(objectname)%00%(upstream:track)%00%(upstream:remotename)%00%(upstream:remoteref) refs/heads/main refs/remotes/main [2ms]
2024-02-11 22:39:00.236 [info] > git status -z -uall [106ms]
2024-02-11 22:39:05.298 [info] > git config --get commit.template [8ms]
2024-02-11 22:39:05.299 [info] > git for-each-ref --format=%(refname)%00%(upstream:short)%00%(objectname)%00%(upstream:track)%00%(upstream:remotename)%00%(upstream:remoteref) refs/heads/main refs/remotes/main [2ms]
2024-02-11 22:39:05.419 [info] > git status -z -uall [114ms]
2024-02-11 22:39:10.471 [info] > git config --get commit.template [8ms]
2024-02-11 22:39:10.471 [info] > git for-each-ref --format=%(refname)%00%(upstream:short)%00%(objectname)%00%(upstream:track)%00%(upstream:remotename)%00%(upstream:remoteref) refs/heads/main refs/remotes/main [1ms]
2024-02-11 22:39:10.598 [info] > git status -z -uall [120ms]
2024-02-11 22:39:19.997 [info] > git config --get commit.template [11ms]
2024-02-11 22:39:19.998 [info] > git for-each-ref --format=%(refname)%00%(upstream:short)%00%(objectname)%00%(upstream:track)%00%(upstream:remotename)%00%(upstream:remoteref) refs/heads/main refs/remotes/main [2ms]
2024-02-11 22:39:20.139 [info] > git status -z -uall [130ms]
2024-02-11 22:39:20.553 [info] > git show --textconv :blogger/app.js [19ms]
2024-02-11 22:39:20.559 [info] > git ls-files --stage -- /home/bitnami/blogger/app.js [8ms]
2024-02-11 22:39:20.582 [info] > git cat-file -s c7a42c8179ac125c75e19f49b94c6d0b712f454b [2ms]
2024-02-11 22:39:25.203 [info] > git config --get commit.template [8ms]
2024-02-11 22:39:25.204 [info] > git for-each-ref --format=%(refname)%00%(upstream:short)%00%(objectname)%00%(upstream:track)%00%(upstream:remotename)%00%(upstream:remoteref) refs/heads/main refs/remotes/main [1ms]
2024-02-11 22:39:25.341 [info] > git status -z -uall [131ms]
2024-02-11 22:39:30.425 [info] > git config --get commit.template [7ms]
2024-02-11 22:39:30.426 [info] > git for-each-ref --format=%(refname)%00%(upstream:short)%00%(objectname)%00%(upstream:track)%00%(upstream:remotename)%00%(upstream:remoteref) refs/heads/main refs/remotes/main [2ms]
2024-02-11 22:39:30.552 [info] > git status -z -uall [116ms]
2024-02-11 22:39:32.448 [info] > git check-ignore -v -z --stdin [10ms]
2024-02-11 22:39:33.197 [info] > git show --textconv :app.js [14ms]
2024-02-11 22:39:33.202 [info] > git ls-files --stage -- /home/bitnami/app.js [6ms]
2024-02-11 22:39:33.210 [info] > git cat-file -s 662bcc927286516b7bbcf9c9009630b78b533ca7 [1ms]
2024-02-11 22:39:35.605 [info] > git config --get commit.template [7ms]
2024-02-11 22:39:35.605 [info] > git for-each-ref --format=%(refname)%00%(upstream:short)%00%(objectname)%00%(upstream:track)%00%(upstream:remotename)%00%(upstream:remoteref) refs/heads/main refs/remotes/main [2ms]
2024-02-11 22:39:35.720 [info] > git status -z -uall [109ms]
2024-02-11 22:39:40.775 [info] > git config --get commit.template [8ms]
2024-02-11 22:39:40.776 [info] > git for-each-ref --format=%(refname)%00%(upstream:short)%00%(objectname)%00%(upstream:track)%00%(upstream:remotename)%00%(upstream:remoteref) refs/heads/main refs/remotes/main [2ms]
2024-02-11 22:39:40.895 [info] > git status -z -uall [112ms]
2024-02-11 22:39:45.944 [info] > git config --get commit.template [9ms]
2024-02-11 22:39:45.945 [info] > git for-each-ref --format=%(refname)%00%(upstream:short)%00%(objectname)%00%(upstream:track)%00%(upstream:remotename)%00%(upstream:remoteref) refs/heads/main refs/remotes/main [2ms]
2024-02-11 22:39:46.063 [info] > git status -z -uall [107ms]
2024-02-11 22:39:49.779 [info] > git show --textconv :blogger/app.js [9ms]
2024-02-11 22:39:49.784 [info] > git ls-files --stage -- /home/bitnami/blogger/app.js [6ms]
2024-02-11 22:39:49.800 [info] > git cat-file -s c7a42c8179ac125c75e19f49b94c6d0b712f454b [8ms]
2024-02-11 22:39:51.113 [info] > git config --get commit.template [7ms]
2024-02-11 22:39:51.114 [info] > git for-each-ref --format=%(refname)%00%(upstream:short)%00%(objectname)%00%(upstream:track)%00%(upstream:remotename)%00%(upstream:remoteref) refs/heads/main refs/remotes/main [2ms]
2024-02-11 22:39:51.220 [info] > git status -z -uall [100ms]
2024-02-11 22:39:56.269 [info] > git config --get commit.template [7ms]
2024-02-11 22:39:56.269 [info] > git for-each-ref --format=%(refname)%00%(upstream:short)%00%(objectname)%00%(upstream:track)%00%(upstream:remotename)%00%(upstream:remoteref) refs/heads/main refs/remotes/main [1ms]
2024-02-11 22:39:56.389 [info] > git status -z -uall [113ms]
2024-02-11 22:39:58.658 [info] > git check-ignore -v -z --stdin [6ms]
2024-02-11 22:39:59.648 [info] > git check-ignore -v -z --stdin [13ms]
2024-02-11 22:40:00.448 [info] > git check-ignore -v -z --stdin [6ms]
2024-02-11 22:40:01.023 [info] > git show --textconv :blogger/controllers/blog.js [10ms]
2024-02-11 22:40:01.029 [info] > git ls-files --stage -- /home/bitnami/blogger/controllers/blog.js [6ms]
2024-02-11 22:40:01.037 [info] > git cat-file -s cdb7e5d4d3f4cf37d174effbc4bfee753624ada2 [1ms]
2024-02-11 22:40:01.448 [info] > git config --get commit.template [21ms]
2024-02-11 22:40:01.449 [info] > git for-each-ref --format=%(refname)%00%(upstream:short)%00%(objectname)%00%(upstream:track)%00%(upstream:remotename)%00%(upstream:remoteref) refs/heads/main refs/remotes/main [3ms]
2024-02-11 22:40:01.635 [info] > git status -z -uall [172ms]
2024-02-11 22:40:02.088 [info] > git show --textconv :blogger/controllers/header.js [338ms]
2024-02-11 22:40:02.088 [info] > git ls-files --stage -- /home/bitnami/blogger/controllers/header.js [311ms]
2024-02-11 22:40:02.503 [info] > git show --textconv :blogger/controllers/homepage.js [14ms]
2024-02-11 22:40:02.508 [info] > git ls-files --stage -- /home/bitnami/blogger/controllers/homepage.js [6ms]
2024-02-11 22:40:02.517 [info] > git cat-file -s 7b6d82b9036f99dd46dc7d57883c2a8eff8bbb79 [1ms]
2024-02-11 22:40:03.282 [info] > git show --textconv :blogger/controllers/header.js [9ms]
2024-02-11 22:40:03.287 [info] > git ls-files --stage -- /home/bitnami/blogger/controllers/header.js [6ms]
2024-02-11 22:40:05.061 [info] > git show --textconv :blogger/controllers/blog.js [9ms]
2024-02-11 22:40:05.065 [info] > git ls-files --stage -- /home/bitnami/blogger/controllers/blog.js [4ms]
2024-02-11 22:40:05.072 [info] > git cat-file -s cdb7e5d4d3f4cf37d174effbc4bfee753624ada2 [1ms]
2024-02-11 22:40:06.701 [info] > git config --get commit.template [16ms]
2024-02-11 22:40:06.702 [info] > git for-each-ref --format=%(refname)%00%(upstream:short)%00%(objectname)%00%(upstream:track)%00%(upstream:remotename)%00%(upstream:remoteref) refs/heads/main refs/remotes/main [2ms]
2024-02-11 22:40:06.822 [info] > git check-ignore -v -z --stdin [9ms]
2024-02-11 22:40:06.844 [info] > git status -z -uall [121ms]
2024-02-11 22:40:07.518 [info] > git show --textconv :blogger/bin/www [10ms]
2024-02-11 22:40:07.522 [info] > git ls-files --stage -- /home/bitnami/blogger/bin/www [6ms]
2024-02-11 22:40:07.532 [info] > git cat-file -s 46644ba0551b427aa04d6191b2740167adf76b45 [1ms]
2024-02-11 22:40:11.917 [info] > git config --get commit.template [8ms]
2024-02-11 22:40:11.918 [info] > git for-each-ref --format=%(refname)%00%(upstream:short)%00%(objectname)%00%(upstream:track)%00%(upstream:remotename)%00%(upstream:remoteref) refs/heads/main refs/remotes/main [2ms]
2024-02-11 22:40:12.033 [info] > git status -z -uall [108ms]
2024-02-11 22:40:17.080 [info] > git config --get commit.template [8ms]
2024-02-11 22:40:17.080 [info] > git for-each-ref --format=%(refname)%00%(upstream:short)%00%(objectname)%00%(upstream:track)%00%(upstream:remotename)%00%(upstream:remoteref) refs/heads/main refs/remotes/main [2ms]
2024-02-11 22:40:17.221 [info] > git status -z -uall [134ms]
2024-02-11 22:40:22.273 [info] > git config --get commit.template [5ms]
2024-02-11 22:40:22.282 [info] > git for-each-ref --format=%(refname)%00%(upstream:short)%00%(objectname)%00%(upstream:track)%00%(upstream:remotename)%00%(upstream:remoteref) refs/heads/main refs/remotes/main [1ms]
2024-02-11 22:40:22.401 [info] > git status -z -uall [110ms]
2024-02-11 22:40:27.449 [info] > git config --get commit.template [7ms]
2024-02-11 22:40:27.450 [info] > git for-each-ref --format=%(refname)%00%(upstream:short)%00%(objectname)%00%(upstream:track)%00%(upstream:remotename)%00%(upstream:remoteref) refs/heads/main refs/remotes/main [2ms]
2024-02-11 22:40:27.559 [info] > git status -z -uall [103ms]
2024-02-11 22:40:47.403 [info] > git config --get commit.template [7ms]
2024-02-11 22:40:47.404 [info] > git for-each-ref --format=%(refname)%00%(upstream:short)%00%(objectname)%00%(upstream:track)%00%(upstream:remotename)%00%(upstream:remoteref) refs/heads/main refs/remotes/main [1ms]
2024-02-11 22:40:47.515 [info] > git status -z -uall [105ms]
2024-02-11 22:42:16.753 [info] > git config --get commit.template [2ms]
2024-02-11 22:42:16.760 [info] > git for-each-ref --format=%(refname)%00%(upstream:short)%00%(objectname)%00%(upstream:track)%00%(upstream:remotename)%00%(upstream:remoteref) refs/heads/main refs/remotes/main [2ms]
2024-02-11 22:42:16.880 [info] > git status -z -uall [113ms]
2024-02-11 22:43:18.951 [info] > git config --get commit.template [9ms]
2024-02-11 22:43:18.952 [info] > git for-each-ref --format=%(refname)%00%(upstream:short)%00%(objectname)%00%(upstream:track)%00%(upstream:remotename)%00%(upstream:remoteref) refs/heads/main refs/remotes/main [3ms]
2024-02-11 22:43:19.068 [info] > git status -z -uall [110ms]
2024-02-11 22:43:24.139 [info] > git config --get commit.template [7ms]
2024-02-11 22:43:24.139 [info] > git for-each-ref --format=%(refname)%00%(upstream:short)%00%(objectname)%00%(upstream:track)%00%(upstream:remotename)%00%(upstream:remoteref) refs/heads/main refs/remotes/main [1ms]
2024-02-11 22:43:24.248 [info] > git status -z -uall [103ms]
2024-02-11 22:43:29.295 [info] > git config --get commit.template [8ms]
2024-02-11 22:43:29.295 [info] > git for-each-ref --format=%(refname)%00%(upstream:short)%00%(objectname)%00%(upstream:track)%00%(upstream:remotename)%00%(upstream:remoteref) refs/heads/main refs/remotes/main [2ms]
2024-02-11 22:43:29.403 [info] > git status -z -uall [103ms]
2024-02-11 22:43:34.456 [info] > git config --get commit.template [8ms]
2024-02-11 22:43:34.457 [info] > git for-each-ref --format=%(refname)%00%(upstream:short)%00%(objectname)%00%(upstream:track)%00%(upstream:remotename)%00%(upstream:remoteref) refs/heads/main refs/remotes/main [3ms]
2024-02-11 22:43:34.572 [info] > git status -z -uall [109ms]
2024-02-11 22:43:39.634 [info] > git config --get commit.template [7ms]
2024-02-11 22:43:39.635 [info] > git for-each-ref --format=%(refname)%00%(upstream:short)%00%(objectname)%00%(upstream:track)%00%(upstream:remotename)%00%(upstream:remoteref) refs/heads/main refs/remotes/main [2ms]
2024-02-11 22:43:39.743 [info] > git status -z -uall [102ms]
2024-02-11 22:43:44.792 [info] > git config --get commit.template [9ms]
2024-02-11 22:43:44.793 [info] > git for-each-ref --format=%(refname)%00%(upstream:short)%00%(objectname)%00%(upstream:track)%00%(upstream:remotename)%00%(upstream:remoteref) refs/heads/main refs/remotes/main [2ms]
2024-02-11 22:43:44.920 [info] > git status -z -uall [121ms]
2024-02-11 22:43:50.373 [info] > git config --get commit.template [8ms]
2024-02-11 22:43:50.373 [info] > git for-each-ref --format=%(refname)%00%(upstream:short)%00%(objectname)%00%(upstream:track)%00%(upstream:remotename)%00%(upstream:remoteref) refs/heads/main refs/remotes/main [3ms]
2024-02-11 22:43:50.489 [info] > git status -z -uall [110ms]
2024-02-11 22:44:01.954 [info] > git config --get commit.template [10ms]
2024-02-11 22:44:01.955 [info] > git for-each-ref --format=%(refname)%00%(upstream:short)%00%(objectname)%00%(upstream:track)%00%(upstream:remotename)%00%(upstream:remoteref) refs/heads/main refs/remotes/main [2ms]
2024-02-11 22:44:02.079 [info] > git status -z -uall [111ms]
2024-02-11 22:44:07.153 [info] > git config --get commit.template [1ms]
2024-02-11 22:44:07.161 [info] > git for-each-ref --format=%(refname)%00%(upstream:short)%00%(objectname)%00%(upstream:track)%00%(upstream:remotename)%00%(upstream:remoteref) refs/heads/main refs/remotes/main [1ms]
2024-02-11 22:44:07.273 [info] > git status -z -uall [104ms]
2024-02-11 22:44:12.324 [info] > git config --get commit.template [7ms]
2024-02-11 22:44:12.325 [info] > git for-each-ref --format=%(refname)%00%(upstream:short)%00%(objectname)%00%(upstream:track)%00%(upstream:remotename)%00%(upstream:remoteref) refs/heads/main refs/remotes/main [2ms]
2024-02-11 22:44:12.441 [info] > git status -z -uall [109ms]
2024-02-11 22:44:17.489 [info] > git config --get commit.template [1ms]
2024-02-11 22:44:17.499 [info] > git for-each-ref --format=%(refname)%00%(upstream:short)%00%(objectname)%00%(upstream:track)%00%(upstream:remotename)%00%(upstream:remoteref) refs/heads/main refs/remotes/main [4ms]
2024-02-11 22:44:17.609 [info] > git status -z -uall [103ms]
2024-02-11 22:44:22.655 [info] > git config --get commit.template [7ms]
2024-02-11 22:44:22.655 [info] > git for-each-ref --format=%(refname)%00%(upstream:short)%00%(objectname)%00%(upstream:track)%00%(upstream:remotename)%00%(upstream:remoteref) refs/heads/main refs/remotes/main [1ms]
2024-02-11 22:44:22.784 [info] > git status -z -uall [117ms]
2024-02-11 22:44:27.848 [info] > git config --get commit.template [16ms]
2024-02-11 22:44:27.853 [info] > git for-each-ref --format=%(refname)%00%(upstream:short)%00%(objectname)%00%(upstream:track)%00%(upstream:remotename)%00%(upstream:remoteref) refs/heads/main refs/remotes/main [7ms]
2024-02-11 22:44:28.021 [info] > git status -z -uall [158ms]
2024-02-11 22:44:33.070 [info] > git config --get commit.template [8ms]
2024-02-11 22:44:33.071 [info] > git for-each-ref --format=%(refname)%00%(upstream:short)%00%(objectname)%00%(upstream:track)%00%(upstream:remotename)%00%(upstream:remoteref) refs/heads/main refs/remotes/main [2ms]
2024-02-11 22:44:33.184 [info] > git status -z -uall [107ms]
2024-02-11 22:44:38.232 [info] > git config --get commit.template [8ms]
2024-02-11 22:44:38.233 [info] > git for-each-ref --format=%(refname)%00%(upstream:short)%00%(objectname)%00%(upstream:track)%00%(upstream:remotename)%00%(upstream:remoteref) refs/heads/main refs/remotes/main [2ms]
2024-02-11 22:44:38.342 [info] > git status -z -uall [103ms]
2024-02-11 22:44:40.218 [info] > git show --textconv :blogger/app.js [20ms]
2024-02-11 22:44:40.219 [info] > git ls-files --stage -- /home/bitnami/blogger/app.js [12ms]
2024-02-11 22:44:40.226 [info] > git cat-file -s c7a42c8179ac125c75e19f49b94c6d0b712f454b [1ms]
2024-02-11 22:44:43.396 [info] > git config --get commit.template [8ms]
2024-02-11 22:44:43.397 [info] > git for-each-ref --format=%(refname)%00%(upstream:short)%00%(objectname)%00%(upstream:track)%00%(upstream:remotename)%00%(upstream:remoteref) refs/heads/main refs/remotes/main [2ms]
2024-02-11 22:44:43.519 [info] > git status -z -uall [116ms]
2024-02-11 22:44:47.101 [info] > git show --textconv :blogger/controllers/header.js [9ms]
2024-02-11 22:44:47.105 [info] > git ls-files --stage -- /home/bitnami/blogger/controllers/header.js [5ms]
2024-02-11 22:44:48.567 [info] > git config --get commit.template [7ms]
2024-02-11 22:44:48.568 [info] > git for-each-ref --format=%(refname)%00%(upstream:short)%00%(objectname)%00%(upstream:track)%00%(upstream:remotename)%00%(upstream:remoteref) refs/heads/main refs/remotes/main [2ms]
2024-02-11 22:44:48.681 [info] > git status -z -uall [106ms]
2024-02-11 22:44:53.735 [info] > git config --get commit.template [10ms]
2024-02-11 22:44:53.736 [info] > git for-each-ref --format=%(refname)%00%(upstream:short)%00%(objectname)%00%(upstream:track)%00%(upstream:remotename)%00%(upstream:remoteref) refs/heads/main refs/remotes/main [2ms]
2024-02-11 22:44:53.848 [info] > git status -z -uall [97ms]
2024-02-11 22:44:58.893 [info] > git config --get commit.template [8ms]
2024-02-11 22:44:58.893 [info] > git for-each-ref --format=%(refname)%00%(upstream:short)%00%(objectname)%00%(upstream:track)%00%(upstream:remotename)%00%(upstream:remoteref) refs/heads/main refs/remotes/main [1ms]
2024-02-11 22:44:59.018 [info] > git status -z -uall [117ms]
2024-02-11 22:45:04.061 [info] > git config --get commit.template [7ms]
2024-02-11 22:45:04.062 [info] > git for-each-ref --format=%(refname)%00%(upstream:short)%00%(objectname)%00%(upstream:track)%00%(upstream:remotename)%00%(upstream:remoteref) refs/heads/main refs/remotes/main [2ms]
2024-02-11 22:45:04.173 [info] > git status -z -uall [105ms]
2024-02-11 22:45:10.544 [info] > git config --get commit.template [12ms]
2024-02-11 22:45:10.545 [info] > git for-each-ref --format=%(refname)%00%(upstream:short)%00%(objectname)%00%(upstream:track)%00%(upstream:remotename)%00%(upstream:remoteref) refs/heads/main refs/remotes/main [2ms]
2024-02-11 22:45:10.662 [info] > git status -z -uall [108ms]
2024-02-11 22:45:15.706 [info] > git config --get commit.template [3ms]
2024-02-11 22:45:15.724 [info] > git for-each-ref --format=%(refname)%00%(upstream:short)%00%(objectname)%00%(upstream:track)%00%(upstream:remotename)%00%(upstream:remoteref) refs/heads/main refs/remotes/main [4ms]
2024-02-11 22:45:15.849 [info] > git status -z -uall [116ms]
2024-02-11 22:45:20.900 [info] > git config --get commit.template [7ms]
2024-02-11 22:45:20.900 [info] > git for-each-ref --format=%(refname)%00%(upstream:short)%00%(objectname)%00%(upstream:track)%00%(upstream:remotename)%00%(upstream:remoteref) refs/heads/main refs/remotes/main [2ms]
2024-02-11 22:45:21.011 [info] > git status -z -uall [104ms]
2024-02-11 22:45:26.062 [info] > git config --get commit.template [8ms]
2024-02-11 22:45:26.062 [info] > git for-each-ref --format=%(refname)%00%(upstream:short)%00%(objectname)%00%(upstream:track)%00%(upstream:remotename)%00%(upstream:remoteref) refs/heads/main refs/remotes/main [2ms]
2024-02-11 22:45:26.185 [info] > git status -z -uall [115ms]
2024-02-11 22:45:34.142 [info] > git config --get commit.template [8ms]
2024-02-11 22:45:34.143 [info] > git for-each-ref --format=%(refname)%00%(upstream:short)%00%(objectname)%00%(upstream:track)%00%(upstream:remotename)%00%(upstream:remoteref) refs/heads/main refs/remotes/main [1ms]
2024-02-11 22:45:34.266 [info] > git status -z -uall [114ms]
2024-02-11 22:45:39.320 [info] > git config --get commit.template [7ms]
2024-02-11 22:45:39.321 [info] > git for-each-ref --format=%(refname)%00%(upstream:short)%00%(objectname)%00%(upstream:track)%00%(upstream:remotename)%00%(upstream:remoteref) refs/heads/main refs/remotes/main [2ms]
2024-02-11 22:45:39.432 [info] > git status -z -uall [105ms]
2024-02-11 22:45:44.482 [info] > git config --get commit.template [8ms]
2024-02-11 22:45:44.482 [info] > git for-each-ref --format=%(refname)%00%(upstream:short)%00%(objectname)%00%(upstream:track)%00%(upstream:remotename)%00%(upstream:remoteref) refs/heads/main refs/remotes/main [3ms]
2024-02-11 22:45:44.594 [info] > git status -z -uall [104ms]
2024-02-11 22:46:02.770 [info] > git config --get commit.template [7ms]
2024-02-11 22:46:02.770 [info] > git for-each-ref --format=%(refname)%00%(upstream:short)%00%(objectname)%00%(upstream:track)%00%(upstream:remotename)%00%(upstream:remoteref) refs/heads/main refs/remotes/main [2ms]
2024-02-11 22:46:02.889 [info] > git status -z -uall [109ms]
2024-02-11 22:46:08.510 [info] > git config --get commit.template [9ms]
2024-02-11 22:46:08.511 [info] > git for-each-ref --format=%(refname)%00%(upstream:short)%00%(objectname)%00%(upstream:track)%00%(upstream:remotename)%00%(upstream:remoteref) refs/heads/main refs/remotes/main [2ms]
2024-02-11 22:46:08.621 [info] > git status -z -uall [102ms]
2024-02-11 22:46:13.676 [info] > git config --get commit.template [9ms]
2024-02-11 22:46:13.676 [info] > git for-each-ref --format=%(refname)%00%(upstream:short)%00%(objectname)%00%(upstream:track)%00%(upstream:remotename)%00%(upstream:remoteref) refs/heads/main refs/remotes/main [2ms]
2024-02-11 22:46:13.794 [info] > git status -z -uall [112ms]
2024-02-11 22:46:18.844 [info] > git config --get commit.template [6ms]
2024-02-11 22:46:18.844 [info] > git for-each-ref --format=%(refname)%00%(upstream:short)%00%(objectname)%00%(upstream:track)%00%(upstream:remotename)%00%(upstream:remoteref) refs/heads/main refs/remotes/main [1ms]
2024-02-11 22:46:18.954 [info] > git status -z -uall [104ms]
2024-02-11 22:46:24.005 [info] > git config --get commit.template [15ms]
2024-02-11 22:46:24.006 [info] > git for-each-ref --format=%(refname)%00%(upstream:short)%00%(objectname)%00%(upstream:track)%00%(upstream:remotename)%00%(upstream:remoteref) refs/heads/main refs/remotes/main [7ms]
2024-02-11 22:46:24.130 [info] > git status -z -uall [116ms]
2024-02-11 22:46:29.176 [info] > git config --get commit.template [8ms]
2024-02-11 22:46:29.178 [info] > git for-each-ref --format=%(refname)%00%(upstream:short)%00%(objectname)%00%(upstream:track)%00%(upstream:remotename)%00%(upstream:remoteref) refs/heads/main refs/remotes/main [3ms]
2024-02-11 22:46:29.296 [info] > git status -z -uall [111ms]
2024-02-11 22:46:34.344 [info] > git config --get commit.template [1ms]
2024-02-11 22:46:34.352 [info] > git for-each-ref --format=%(refname)%00%(upstream:short)%00%(objectname)%00%(upstream:track)%00%(upstream:remotename)%00%(upstream:remoteref) refs/heads/main refs/remotes/main [2ms]
2024-02-11 22:46:34.461 [info] > git status -z -uall [103ms]
2024-02-11 22:46:40.801 [info] > git config --get commit.template [8ms]
2024-02-11 22:46:40.802 [info] > git for-each-ref --format=%(refname)%00%(upstream:short)%00%(objectname)%00%(upstream:track)%00%(upstream:remotename)%00%(upstream:remoteref) refs/heads/main refs/remotes/main [2ms]
2024-02-11 22:46:40.925 [info] > git status -z -uall [116ms]
2024-02-11 22:46:45.981 [info] > git config --get commit.template [8ms]
2024-02-11 22:46:45.981 [info] > git for-each-ref --format=%(refname)%00%(upstream:short)%00%(objectname)%00%(upstream:track)%00%(upstream:remotename)%00%(upstream:remoteref) refs/heads/main refs/remotes/main [2ms]
2024-02-11 22:46:46.100 [info] > git status -z -uall [112ms]
2024-02-11 22:46:51.141 [info] > git config --get commit.template [2ms]
2024-02-11 22:46:51.156 [info] > git for-each-ref --format=%(refname)%00%(upstream:short)%00%(objectname)%00%(upstream:track)%00%(upstream:remotename)%00%(upstream:remoteref) refs/heads/main refs/remotes/main [2ms]
2024-02-11 22:46:51.280 [info] > git status -z -uall [117ms]
2024-02-11 22:46:56.852 [info] > git config --get commit.template [8ms]
2024-02-11 22:46:56.853 [info] > git for-each-ref --format=%(refname)%00%(upstream:short)%00%(objectname)%00%(upstream:track)%00%(upstream:remotename)%00%(upstream:remoteref) refs/heads/main refs/remotes/main [2ms]
2024-02-11 22:46:56.967 [info] > git status -z -uall [106ms]
2024-02-11 22:47:02.033 [info] > git config --get commit.template [7ms]
2024-02-11 22:47:02.034 [info] > git for-each-ref --format=%(refname)%00%(upstream:short)%00%(objectname)%00%(upstream:track)%00%(upstream:remotename)%00%(upstream:remoteref) refs/heads/main refs/remotes/main [2ms]
2024-02-11 22:47:02.133 [info] > git status -z -uall [94ms]
2024-02-11 22:47:58.563 [info] > git config --get commit.template [7ms]
2024-02-11 22:47:58.563 [info] > git for-each-ref --format=%(refname)%00%(upstream:short)%00%(objectname)%00%(upstream:track)%00%(upstream:remotename)%00%(upstream:remoteref) refs/heads/main refs/remotes/main [1ms]
2024-02-11 22:47:58.659 [info] > git status -z -uall [89ms]
2024-02-11 22:48:05.505 [info] > git config --get commit.template [7ms]
2024-02-11 22:48:05.506 [info] > git for-each-ref --format=%(refname)%00%(upstream:short)%00%(objectname)%00%(upstream:track)%00%(upstream:remotename)%00%(upstream:remoteref) refs/heads/main refs/remotes/main [1ms]
2024-02-11 22:48:05.620 [info] > git status -z -uall [108ms]
2024-02-11 22:48:11.071 [info] > git config --get commit.template [155ms]
2024-02-11 22:48:11.086 [info] > git for-each-ref --format=%(refname)%00%(upstream:short)%00%(objectname)%00%(upstream:track)%00%(upstream:remotename)%00%(upstream:remoteref) refs/heads/main refs/remotes/main [173ms]
2024-02-11 22:48:19.174 [info] > git status -z -uall [8061ms]
