2024-02-19 23:42:48.413 [info] Extension host with pid 1156 started
2024-02-19 23:42:48.415 [error] Error: EEXIST: file already exists, open '/home/bitnami/.vscode-server/data/User/workspaceStorage/d866cbe83da49e127745e557969ca682/vscode.lock'
2024-02-19 23:42:48.433 [info] Lock '/home/bitnami/.vscode-server/data/User/workspaceStorage/d866cbe83da49e127745e557969ca682/vscode.lock': Could not acquire lock, checking if the file is stale.
2024-02-19 23:42:48.465 [info] Lock '/home/bitnami/.vscode-server/data/User/workspaceStorage/d866cbe83da49e127745e557969ca682/vscode.lock': The lock does not look stale, elapsed: 571108 ms, giving up.
2024-02-19 23:42:48.471 [info] Lock '/home/bitnami/.vscode-server/data/User/workspaceStorage/d866cbe83da49e127745e557969ca682-1/vscode.lock': Lock acquired.
2024-02-19 23:42:48.766 [info] ExtensionService#_doActivateExtension vscode.emmet, startup: false, activationEvent: 'onLanguage'
2024-02-19 23:42:48.770 [info] ExtensionService#_doActivateExtension vscode.typescript-language-features, startup: false, activationEvent: 'onLanguage:javascript'
2024-02-19 23:42:49.293 [info] ExtensionService#_doActivateExtension vscode.tunnel-forwarding, startup: false, activationEvent: 'onTunnel'
2024-02-19 23:42:50.038 [info] ExtensionService#_doActivateExtension vscode.git-base, startup: true, activationEvent: '*', root cause: vscode.git
2024-02-19 23:42:50.234 [info] ExtensionService#_doActivateExtension vscode.npm, startup: true, activationEvent: 'workspaceContains:package.json'
2024-02-19 23:42:50.483 [info] ExtensionService#_doActivateExtension vscode.git, startup: true, activationEvent: '*'
2024-02-19 23:42:50.483 [info] ExtensionService#_doActivateExtension vscode.github, startup: true, activationEvent: '*'
2024-02-19 23:42:52.744 [info] Eager extensions activated
2024-02-19 23:42:52.745 [info] ExtensionService#_doActivateExtension vscode.debug-auto-launch, startup: false, activationEvent: 'onStartupFinished'
2024-02-19 23:42:52.745 [info] ExtensionService#_doActivateExtension vscode.merge-conflict, startup: false, activationEvent: 'onStartupFinished'
2024-02-19 23:42:53.760 [error] Error: Git error
	at ChildProcess.<anonymous> (/home/bitnami/.vscode-server/cli/servers/Stable-903b1e9d8990623e3d7da1df3d33db3e42d80eda/server/extensions/git/dist/main.js:2:993939)
	at ChildProcess.emit (node:events:526:35)
	at ChildProcess._handle.onexit (node:internal/child_process:291:12)
2024-02-19 23:42:53.760 [error] Error: Git error
	at ChildProcess.<anonymous> (/home/bitnami/.vscode-server/cli/servers/Stable-903b1e9d8990623e3d7da1df3d33db3e42d80eda/server/extensions/git/dist/main.js:2:993939)
	at ChildProcess.emit (node:events:526:35)
	at ChildProcess._handle.onexit (node:internal/child_process:291:12)
2024-02-19 23:42:53.760 [error] Error: Git error
	at ChildProcess.<anonymous> (/home/bitnami/.vscode-server/cli/servers/Stable-903b1e9d8990623e3d7da1df3d33db3e42d80eda/server/extensions/git/dist/main.js:2:993939)
	at ChildProcess.emit (node:events:526:35)
	at ChildProcess._handle.onexit (node:internal/child_process:291:12)
2024-02-19 23:42:53.760 [error] Error: Git error
	at ChildProcess.<anonymous> (/home/bitnami/.vscode-server/cli/servers/Stable-903b1e9d8990623e3d7da1df3d33db3e42d80eda/server/extensions/git/dist/main.js:2:993939)
	at ChildProcess.emit (node:events:526:35)
	at ChildProcess._handle.onexit (node:internal/child_process:291:12)
2024-02-19 23:42:53.760 [error] Error: Git error
	at ChildProcess.<anonymous> (/home/bitnami/.vscode-server/cli/servers/Stable-903b1e9d8990623e3d7da1df3d33db3e42d80eda/server/extensions/git/dist/main.js:2:993939)
	at ChildProcess.emit (node:events:526:35)
	at ChildProcess._handle.onexit (node:internal/child_process:291:12)
2024-02-19 23:42:53.760 [error] Error: Git error
	at ChildProcess.<anonymous> (/home/bitnami/.vscode-server/cli/servers/Stable-903b1e9d8990623e3d7da1df3d33db3e42d80eda/server/extensions/git/dist/main.js:2:993939)
	at ChildProcess.emit (node:events:526:35)
	at ChildProcess._handle.onexit (node:internal/child_process:291:12)
2024-02-19 23:42:53.760 [error] Error: Git error
	at ChildProcess.<anonymous> (/home/bitnami/.vscode-server/cli/servers/Stable-903b1e9d8990623e3d7da1df3d33db3e42d80eda/server/extensions/git/dist/main.js:2:993939)
	at ChildProcess.emit (node:events:526:35)
	at ChildProcess._handle.onexit (node:internal/child_process:291:12)
2024-02-19 23:42:53.760 [error] Error: Git error
	at ChildProcess.<anonymous> (/home/bitnami/.vscode-server/cli/servers/Stable-903b1e9d8990623e3d7da1df3d33db3e42d80eda/server/extensions/git/dist/main.js:2:993939)
	at ChildProcess.emit (node:events:526:35)
	at ChildProcess._handle.onexit (node:internal/child_process:291:12)
2024-02-19 23:42:53.761 [error] Error: Git error
	at ChildProcess.<anonymous> (/home/bitnami/.vscode-server/cli/servers/Stable-903b1e9d8990623e3d7da1df3d33db3e42d80eda/server/extensions/git/dist/main.js:2:993939)
	at ChildProcess.emit (node:events:526:35)
	at ChildProcess._handle.onexit (node:internal/child_process:291:12)
2024-02-19 23:42:53.761 [error] Error: Git error
	at ChildProcess.<anonymous> (/home/bitnami/.vscode-server/cli/servers/Stable-903b1e9d8990623e3d7da1df3d33db3e42d80eda/server/extensions/git/dist/main.js:2:993939)
	at ChildProcess.emit (node:events:526:35)
	at ChildProcess._handle.onexit (node:internal/child_process:291:12)
2024-02-19 23:42:53.761 [error] Error: Git error
	at ChildProcess.<anonymous> (/home/bitnami/.vscode-server/cli/servers/Stable-903b1e9d8990623e3d7da1df3d33db3e42d80eda/server/extensions/git/dist/main.js:2:993939)
	at ChildProcess.emit (node:events:526:35)
	at ChildProcess._handle.onexit (node:internal/child_process:291:12)
2024-02-19 23:42:53.761 [error] Error: Git error
	at ChildProcess.<anonymous> (/home/bitnami/.vscode-server/cli/servers/Stable-903b1e9d8990623e3d7da1df3d33db3e42d80eda/server/extensions/git/dist/main.js:2:993939)
	at ChildProcess.emit (node:events:526:35)
	at ChildProcess._handle.onexit (node:internal/child_process:291:12)
2024-02-19 23:42:53.761 [error] Error: Git error
	at ChildProcess.<anonymous> (/home/bitnami/.vscode-server/cli/servers/Stable-903b1e9d8990623e3d7da1df3d33db3e42d80eda/server/extensions/git/dist/main.js:2:993939)
	at ChildProcess.emit (node:events:526:35)
	at ChildProcess._handle.onexit (node:internal/child_process:291:12)
2024-02-19 23:42:53.761 [error] Error: Git error
	at ChildProcess.<anonymous> (/home/bitnami/.vscode-server/cli/servers/Stable-903b1e9d8990623e3d7da1df3d33db3e42d80eda/server/extensions/git/dist/main.js:2:993939)
	at ChildProcess.emit (node:events:526:35)
	at ChildProcess._handle.onexit (node:internal/child_process:291:12)
2024-02-19 23:42:53.761 [error] Error: Git error
	at ChildProcess.<anonymous> (/home/bitnami/.vscode-server/cli/servers/Stable-903b1e9d8990623e3d7da1df3d33db3e42d80eda/server/extensions/git/dist/main.js:2:993939)
	at ChildProcess.emit (node:events:526:35)
	at ChildProcess._handle.onexit (node:internal/child_process:291:12)
2024-02-19 23:42:53.761 [error] Error: Git error
	at ChildProcess.<anonymous> (/home/bitnami/.vscode-server/cli/servers/Stable-903b1e9d8990623e3d7da1df3d33db3e42d80eda/server/extensions/git/dist/main.js:2:993939)
	at ChildProcess.emit (node:events:526:35)
	at ChildProcess._handle.onexit (node:internal/child_process:291:12)
2024-02-19 23:42:53.761 [error] Error: Git error
	at ChildProcess.<anonymous> (/home/bitnami/.vscode-server/cli/servers/Stable-903b1e9d8990623e3d7da1df3d33db3e42d80eda/server/extensions/git/dist/main.js:2:993939)
	at ChildProcess.emit (node:events:526:35)
	at ChildProcess._handle.onexit (node:internal/child_process:291:12)
2024-02-19 23:42:53.761 [error] Error: Git error
	at ChildProcess.<anonymous> (/home/bitnami/.vscode-server/cli/servers/Stable-903b1e9d8990623e3d7da1df3d33db3e42d80eda/server/extensions/git/dist/main.js:2:993939)
	at ChildProcess.emit (node:events:526:35)
	at ChildProcess._handle.onexit (node:internal/child_process:291:12)
2024-02-19 23:42:53.761 [error] Error: Git error
	at ChildProcess.<anonymous> (/home/bitnami/.vscode-server/cli/servers/Stable-903b1e9d8990623e3d7da1df3d33db3e42d80eda/server/extensions/git/dist/main.js:2:993939)
	at ChildProcess.emit (node:events:526:35)
	at ChildProcess._handle.onexit (node:internal/child_process:291:12)
2024-02-19 23:42:53.761 [error] Error: Git error
	at ChildProcess.<anonymous> (/home/bitnami/.vscode-server/cli/servers/Stable-903b1e9d8990623e3d7da1df3d33db3e42d80eda/server/extensions/git/dist/main.js:2:993939)
	at ChildProcess.emit (node:events:526:35)
	at ChildProcess._handle.onexit (node:internal/child_process:291:12)
2024-02-19 23:42:53.761 [error] Error: Git error
	at ChildProcess.<anonymous> (/home/bitnami/.vscode-server/cli/servers/Stable-903b1e9d8990623e3d7da1df3d33db3e42d80eda/server/extensions/git/dist/main.js:2:993939)
	at ChildProcess.emit (node:events:526:35)
	at ChildProcess._handle.onexit (node:internal/child_process:291:12)
2024-02-19 23:42:53.761 [error] Error: Git error
	at ChildProcess.<anonymous> (/home/bitnami/.vscode-server/cli/servers/Stable-903b1e9d8990623e3d7da1df3d33db3e42d80eda/server/extensions/git/dist/main.js:2:993939)
	at ChildProcess.emit (node:events:526:35)
	at ChildProcess._handle.onexit (node:internal/child_process:291:12)
2024-02-19 23:42:53.761 [error] Error: Git error
	at ChildProcess.<anonymous> (/home/bitnami/.vscode-server/cli/servers/Stable-903b1e9d8990623e3d7da1df3d33db3e42d80eda/server/extensions/git/dist/main.js:2:993939)
	at ChildProcess.emit (node:events:526:35)
	at ChildProcess._handle.onexit (node:internal/child_process:291:12)
2024-02-19 23:42:54.772 [error] Error: Git error
	at ChildProcess.<anonymous> (/home/bitnami/.vscode-server/cli/servers/Stable-903b1e9d8990623e3d7da1df3d33db3e42d80eda/server/extensions/git/dist/main.js:2:993939)
	at ChildProcess.emit (node:events:526:35)
	at ChildProcess._handle.onexit (node:internal/child_process:291:12)
2024-02-19 23:42:54.784 [error] Error: Git error
	at ChildProcess.<anonymous> (/home/bitnami/.vscode-server/cli/servers/Stable-903b1e9d8990623e3d7da1df3d33db3e42d80eda/server/extensions/git/dist/main.js:2:993939)
	at ChildProcess.emit (node:events:526:35)
	at ChildProcess._handle.onexit (node:internal/child_process:291:12)
2024-02-19 23:42:54.787 [error] Error: Git error
	at ChildProcess.<anonymous> (/home/bitnami/.vscode-server/cli/servers/Stable-903b1e9d8990623e3d7da1df3d33db3e42d80eda/server/extensions/git/dist/main.js:2:993939)
	at ChildProcess.emit (node:events:526:35)
	at ChildProcess._handle.onexit (node:internal/child_process:291:12)
2024-02-19 23:42:54.789 [error] Error: Git error
	at ChildProcess.<anonymous> (/home/bitnami/.vscode-server/cli/servers/Stable-903b1e9d8990623e3d7da1df3d33db3e42d80eda/server/extensions/git/dist/main.js:2:993939)
	at ChildProcess.emit (node:events:526:35)
	at ChildProcess._handle.onexit (node:internal/child_process:291:12)
2024-02-19 23:42:54.793 [error] Error: Git error
	at ChildProcess.<anonymous> (/home/bitnami/.vscode-server/cli/servers/Stable-903b1e9d8990623e3d7da1df3d33db3e42d80eda/server/extensions/git/dist/main.js:2:993939)
	at ChildProcess.emit (node:events:526:35)
	at ChildProcess._handle.onexit (node:internal/child_process:291:12)
2024-02-19 23:42:54.800 [error] Error: Git error
	at ChildProcess.<anonymous> (/home/bitnami/.vscode-server/cli/servers/Stable-903b1e9d8990623e3d7da1df3d33db3e42d80eda/server/extensions/git/dist/main.js:2:993939)
	at ChildProcess.emit (node:events:526:35)
	at ChildProcess._handle.onexit (node:internal/child_process:291:12)
2024-02-19 23:42:54.801 [error] Error: Git error
	at ChildProcess.<anonymous> (/home/bitnami/.vscode-server/cli/servers/Stable-903b1e9d8990623e3d7da1df3d33db3e42d80eda/server/extensions/git/dist/main.js:2:993939)
	at ChildProcess.emit (node:events:526:35)
	at ChildProcess._handle.onexit (node:internal/child_process:291:12)
2024-02-19 23:42:54.812 [error] Error: Git error
	at ChildProcess.<anonymous> (/home/bitnami/.vscode-server/cli/servers/Stable-903b1e9d8990623e3d7da1df3d33db3e42d80eda/server/extensions/git/dist/main.js:2:993939)
	at ChildProcess.emit (node:events:526:35)
	at ChildProcess._handle.onexit (node:internal/child_process:291:12)
2024-02-19 23:42:54.813 [error] Error: Git error
	at ChildProcess.<anonymous> (/home/bitnami/.vscode-server/cli/servers/Stable-903b1e9d8990623e3d7da1df3d33db3e42d80eda/server/extensions/git/dist/main.js:2:993939)
	at ChildProcess.emit (node:events:526:35)
	at ChildProcess._handle.onexit (node:internal/child_process:291:12)
2024-02-19 23:42:54.814 [error] Error: Git error
	at ChildProcess.<anonymous> (/home/bitnami/.vscode-server/cli/servers/Stable-903b1e9d8990623e3d7da1df3d33db3e42d80eda/server/extensions/git/dist/main.js:2:993939)
	at ChildProcess.emit (node:events:526:35)
	at ChildProcess._handle.onexit (node:internal/child_process:291:12)
2024-02-19 23:42:54.814 [error] Error: Git error
	at ChildProcess.<anonymous> (/home/bitnami/.vscode-server/cli/servers/Stable-903b1e9d8990623e3d7da1df3d33db3e42d80eda/server/extensions/git/dist/main.js:2:993939)
	at ChildProcess.emit (node:events:526:35)
	at ChildProcess._handle.onexit (node:internal/child_process:291:12)
2024-02-19 23:42:54.815 [error] Error: Git error
	at ChildProcess.<anonymous> (/home/bitnami/.vscode-server/cli/servers/Stable-903b1e9d8990623e3d7da1df3d33db3e42d80eda/server/extensions/git/dist/main.js:2:993939)
	at ChildProcess.emit (node:events:526:35)
	at ChildProcess._handle.onexit (node:internal/child_process:291:12)
2024-02-19 23:42:54.815 [error] Error: Git error
	at ChildProcess.<anonymous> (/home/bitnami/.vscode-server/cli/servers/Stable-903b1e9d8990623e3d7da1df3d33db3e42d80eda/server/extensions/git/dist/main.js:2:993939)
	at ChildProcess.emit (node:events:526:35)
	at ChildProcess._handle.onexit (node:internal/child_process:291:12)
2024-02-19 23:42:54.815 [error] Error: Git error
	at ChildProcess.<anonymous> (/home/bitnami/.vscode-server/cli/servers/Stable-903b1e9d8990623e3d7da1df3d33db3e42d80eda/server/extensions/git/dist/main.js:2:993939)
	at ChildProcess.emit (node:events:526:35)
	at ChildProcess._handle.onexit (node:internal/child_process:291:12)
2024-02-19 23:42:54.821 [error] Error: Git error
	at ChildProcess.<anonymous> (/home/bitnami/.vscode-server/cli/servers/Stable-903b1e9d8990623e3d7da1df3d33db3e42d80eda/server/extensions/git/dist/main.js:2:993939)
	at ChildProcess.emit (node:events:526:35)
	at ChildProcess._handle.onexit (node:internal/child_process:291:12)
2024-02-19 23:42:54.821 [error] Error: Git error
	at ChildProcess.<anonymous> (/home/bitnami/.vscode-server/cli/servers/Stable-903b1e9d8990623e3d7da1df3d33db3e42d80eda/server/extensions/git/dist/main.js:2:993939)
	at ChildProcess.emit (node:events:526:35)
	at ChildProcess._handle.onexit (node:internal/child_process:291:12)
2024-02-19 23:42:54.824 [error] Error: Git error
	at ChildProcess.<anonymous> (/home/bitnami/.vscode-server/cli/servers/Stable-903b1e9d8990623e3d7da1df3d33db3e42d80eda/server/extensions/git/dist/main.js:2:993939)
	at ChildProcess.emit (node:events:526:35)
	at ChildProcess._handle.onexit (node:internal/child_process:291:12)
2024-02-19 23:42:54.827 [error] Error: Git error
	at ChildProcess.<anonymous> (/home/bitnami/.vscode-server/cli/servers/Stable-903b1e9d8990623e3d7da1df3d33db3e42d80eda/server/extensions/git/dist/main.js:2:993939)
	at ChildProcess.emit (node:events:526:35)
	at ChildProcess._handle.onexit (node:internal/child_process:291:12)
2024-02-19 23:42:54.827 [error] Error: Git error
	at ChildProcess.<anonymous> (/home/bitnami/.vscode-server/cli/servers/Stable-903b1e9d8990623e3d7da1df3d33db3e42d80eda/server/extensions/git/dist/main.js:2:993939)
	at ChildProcess.emit (node:events:526:35)
	at ChildProcess._handle.onexit (node:internal/child_process:291:12)
2024-02-19 23:42:54.837 [error] Error: Git error
	at ChildProcess.<anonymous> (/home/bitnami/.vscode-server/cli/servers/Stable-903b1e9d8990623e3d7da1df3d33db3e42d80eda/server/extensions/git/dist/main.js:2:993939)
	at ChildProcess.emit (node:events:526:35)
	at ChildProcess._handle.onexit (node:internal/child_process:291:12)
2024-02-19 23:42:54.839 [error] Error: Git error
	at ChildProcess.<anonymous> (/home/bitnami/.vscode-server/cli/servers/Stable-903b1e9d8990623e3d7da1df3d33db3e42d80eda/server/extensions/git/dist/main.js:2:993939)
	at ChildProcess.emit (node:events:526:35)
	at ChildProcess._handle.onexit (node:internal/child_process:291:12)
2024-02-19 23:42:54.841 [error] Error: Git error
	at ChildProcess.<anonymous> (/home/bitnami/.vscode-server/cli/servers/Stable-903b1e9d8990623e3d7da1df3d33db3e42d80eda/server/extensions/git/dist/main.js:2:993939)
	at ChildProcess.emit (node:events:526:35)
	at ChildProcess._handle.onexit (node:internal/child_process:291:12)
2024-02-19 23:42:54.843 [error] Error: Git error
	at ChildProcess.<anonymous> (/home/bitnami/.vscode-server/cli/servers/Stable-903b1e9d8990623e3d7da1df3d33db3e42d80eda/server/extensions/git/dist/main.js:2:993939)
	at ChildProcess.emit (node:events:526:35)
	at ChildProcess._handle.onexit (node:internal/child_process:291:12)
2024-02-19 23:42:56.185 [warning] [Decorations] CAPPING events from decorations provider vscode.git 279
2024-02-19 23:42:57.533 [warning] [Decorations] CAPPING events from decorations provider vscode.git 303
2024-02-19 23:43:06.519 [warning] [Decorations] CAPPING events from decorations provider vscode.git 304
2024-02-19 23:43:11.774 [warning] [Decorations] CAPPING events from decorations provider vscode.git 303
2024-02-19 23:43:17.037 [warning] [Decorations] CAPPING events from decorations provider vscode.git 305
2024-02-19 23:43:22.286 [warning] [Decorations] CAPPING events from decorations provider vscode.git 305
2024-02-19 23:43:27.533 [warning] [Decorations] CAPPING events from decorations provider vscode.git 305
2024-02-19 23:43:32.783 [warning] [Decorations] CAPPING events from decorations provider vscode.git 305
2024-02-19 23:43:38.055 [warning] [Decorations] CAPPING events from decorations provider vscode.git 305
2024-02-19 23:43:43.309 [warning] [Decorations] CAPPING events from decorations provider vscode.git 305
2024-02-19 23:43:57.337 [warning] [Decorations] CAPPING events from decorations provider vscode.git 305
2024-02-19 23:44:02.630 [warning] [Decorations] CAPPING events from decorations provider vscode.git 305
2024-02-19 23:44:07.857 [warning] [Decorations] CAPPING events from decorations provider vscode.git 305
2024-02-19 23:44:13.109 [warning] [Decorations] CAPPING events from decorations provider vscode.git 305
2024-02-19 23:44:18.359 [warning] [Decorations] CAPPING events from decorations provider vscode.git 307
2024-02-19 23:44:23.614 [warning] [Decorations] CAPPING events from decorations provider vscode.git 307
2024-02-19 23:44:29.339 [warning] [Decorations] CAPPING events from decorations provider vscode.git 307
2024-02-19 23:44:34.598 [warning] [Decorations] CAPPING events from decorations provider vscode.git 307
2024-02-19 23:44:40.612 [warning] [Decorations] CAPPING events from decorations provider vscode.git 308
2024-02-19 23:44:47.054 [warning] [Decorations] CAPPING events from decorations provider vscode.git 307
2024-02-19 23:44:52.306 [warning] [Decorations] CAPPING events from decorations provider vscode.git 307
2024-02-19 23:44:57.540 [warning] [Decorations] CAPPING events from decorations provider vscode.git 307
2024-02-19 23:45:03.265 [warning] [Decorations] CAPPING events from decorations provider vscode.git 307
2024-02-19 23:45:08.527 [warning] [Decorations] CAPPING events from decorations provider vscode.git 308
2024-02-19 23:45:13.808 [warning] [Decorations] CAPPING events from decorations provider vscode.git 308
2024-02-19 23:45:19.083 [warning] [Decorations] CAPPING events from decorations provider vscode.git 308
2024-02-19 23:45:24.329 [warning] [Decorations] CAPPING events from decorations provider vscode.git 308
2024-02-19 23:45:29.634 [warning] [Decorations] CAPPING events from decorations provider vscode.git 308
2024-02-19 23:45:34.873 [warning] [Decorations] CAPPING events from decorations provider vscode.git 308
2024-02-19 23:45:40.118 [warning] [Decorations] CAPPING events from decorations provider vscode.git 308
2024-02-19 23:45:46.189 [warning] [Decorations] CAPPING events from decorations provider vscode.git 308
2024-02-19 23:46:08.110 [warning] [Decorations] CAPPING events from decorations provider vscode.git 308
2024-02-19 23:46:55.052 [warning] [Decorations] CAPPING events from decorations provider vscode.git 308
2024-02-19 23:47:00.354 [warning] [Decorations] CAPPING events from decorations provider vscode.git 308
2024-02-19 23:47:05.633 [warning] [Decorations] CAPPING events from decorations provider vscode.git 308
2024-02-19 23:47:10.906 [warning] [Decorations] CAPPING events from decorations provider vscode.git 308
2024-02-19 23:47:16.164 [warning] [Decorations] CAPPING events from decorations provider vscode.git 308
2024-02-19 23:47:21.430 [warning] [Decorations] CAPPING events from decorations provider vscode.git 308
2024-02-19 23:47:26.687 [warning] [Decorations] CAPPING events from decorations provider vscode.git 308
2024-02-19 23:47:31.935 [warning] [Decorations] CAPPING events from decorations provider vscode.git 308
2024-02-19 23:47:37.204 [warning] [Decorations] CAPPING events from decorations provider vscode.git 308
2024-02-19 23:47:42.455 [warning] [Decorations] CAPPING events from decorations provider vscode.git 308
2024-02-19 23:47:47.698 [warning] [Decorations] CAPPING events from decorations provider vscode.git 308
2024-02-19 23:47:52.954 [warning] [Decorations] CAPPING events from decorations provider vscode.git 308
2024-02-19 23:47:58.202 [warning] [Decorations] CAPPING events from decorations provider vscode.git 308
2024-02-19 23:48:07.004 [warning] [Decorations] CAPPING events from decorations provider vscode.git 308
2024-02-19 23:48:12.239 [warning] [Decorations] CAPPING events from decorations provider vscode.git 308
2024-02-19 23:48:17.807 [warning] [Decorations] CAPPING events from decorations provider vscode.git 308
2024-02-19 23:48:23.090 [warning] [Decorations] CAPPING events from decorations provider vscode.git 309
2024-02-19 23:48:28.349 [warning] [Decorations] CAPPING events from decorations provider vscode.git 309
2024-02-19 23:48:33.585 [warning] [Decorations] CAPPING events from decorations provider vscode.git 309
2024-02-19 23:49:09.644 [warning] [Decorations] CAPPING events from decorations provider vscode.git 309
2024-02-19 23:49:14.915 [warning] [Decorations] CAPPING events from decorations provider vscode.git 309
2024-02-19 23:49:20.475 [warning] [Decorations] CAPPING events from decorations provider vscode.git 309
2024-02-19 23:49:26.476 [warning] [Decorations] CAPPING events from decorations provider vscode.git 309
2024-02-19 23:49:54.097 [warning] [Decorations] CAPPING events from decorations provider vscode.git 309
2024-02-19 23:49:59.367 [warning] [Decorations] CAPPING events from decorations provider vscode.git 309
2024-02-19 23:50:04.601 [warning] [Decorations] CAPPING events from decorations provider vscode.git 309
2024-02-19 23:50:09.850 [warning] [Decorations] CAPPING events from decorations provider vscode.git 309
2024-02-19 23:50:15.103 [warning] [Decorations] CAPPING events from decorations provider vscode.git 309
2024-02-19 23:50:20.362 [warning] [Decorations] CAPPING events from decorations provider vscode.git 309
2024-02-19 23:50:25.600 [warning] [Decorations] CAPPING events from decorations provider vscode.git 309
2024-02-19 23:50:30.866 [warning] [Decorations] CAPPING events from decorations provider vscode.git 309
2024-02-19 23:50:36.124 [warning] [Decorations] CAPPING events from decorations provider vscode.git 310
2024-02-19 23:50:41.379 [warning] [Decorations] CAPPING events from decorations provider vscode.git 310
2024-02-19 23:50:46.619 [warning] [Decorations] CAPPING events from decorations provider vscode.git 310
2024-02-19 23:50:58.512 [warning] [Decorations] CAPPING events from decorations provider vscode.git 311
2024-02-19 23:51:03.763 [warning] [Decorations] CAPPING events from decorations provider vscode.git 311
2024-02-19 23:51:09.006 [warning] [Decorations] CAPPING events from decorations provider vscode.git 311
2024-02-19 23:51:14.266 [warning] [Decorations] CAPPING events from decorations provider vscode.git 311
2024-02-19 23:51:19.510 [warning] [Decorations] CAPPING events from decorations provider vscode.git 311
2024-02-19 23:51:24.777 [warning] [Decorations] CAPPING events from decorations provider vscode.git 311
2024-02-19 23:51:31.707 [warning] [Decorations] CAPPING events from decorations provider vscode.git 311
2024-02-19 23:51:36.975 [warning] [Decorations] CAPPING events from decorations provider vscode.git 311
2024-02-19 23:51:42.237 [warning] [Decorations] CAPPING events from decorations provider vscode.git 311
2024-02-19 23:51:47.480 [warning] [Decorations] CAPPING events from decorations provider vscode.git 312
2024-02-19 23:51:52.744 [warning] [Decorations] CAPPING events from decorations provider vscode.git 312
2024-02-19 23:52:38.517 [warning] [Decorations] CAPPING events from decorations provider vscode.git 312
2024-02-19 23:52:43.774 [warning] [Decorations] CAPPING events from decorations provider vscode.git 312
2024-02-19 23:52:49.018 [warning] [Decorations] CAPPING events from decorations provider vscode.git 312
2024-02-19 23:52:54.294 [warning] [Decorations] CAPPING events from decorations provider vscode.git 313
2024-02-19 23:52:59.519 [warning] [Decorations] CAPPING events from decorations provider vscode.git 313
2024-02-19 23:53:04.787 [warning] [Decorations] CAPPING events from decorations provider vscode.git 313
2024-02-19 23:53:10.027 [warning] [Decorations] CAPPING events from decorations provider vscode.git 313
2024-02-19 23:53:15.268 [warning] [Decorations] CAPPING events from decorations provider vscode.git 313
2024-02-19 23:53:20.537 [warning] [Decorations] CAPPING events from decorations provider vscode.git 313
2024-02-19 23:53:31.586 [warning] [Decorations] CAPPING events from decorations provider vscode.git 313
2024-02-19 23:53:36.879 [warning] [Decorations] CAPPING events from decorations provider vscode.git 313
2024-02-19 23:53:42.125 [warning] [Decorations] CAPPING events from decorations provider vscode.git 313
2024-02-19 23:53:47.362 [warning] [Decorations] CAPPING events from decorations provider vscode.git 313
2024-02-19 23:53:52.607 [warning] [Decorations] CAPPING events from decorations provider vscode.git 313
2024-02-19 23:53:57.873 [warning] [Decorations] CAPPING events from decorations provider vscode.git 314
2024-02-19 23:54:03.149 [warning] [Decorations] CAPPING events from decorations provider vscode.git 314
2024-02-19 23:54:08.383 [warning] [Decorations] CAPPING events from decorations provider vscode.git 314
2024-02-19 23:54:13.629 [warning] [Decorations] CAPPING events from decorations provider vscode.git 314
2024-02-19 23:54:18.916 [warning] [Decorations] CAPPING events from decorations provider vscode.git 314
2024-02-19 23:54:24.173 [warning] [Decorations] CAPPING events from decorations provider vscode.git 315
2024-02-19 23:56:38.934 [warning] [Decorations] CAPPING events from decorations provider vscode.git 315
2024-02-19 23:56:44.170 [warning] [Decorations] CAPPING events from decorations provider vscode.git 315
2024-02-19 23:56:49.707 [warning] [Decorations] CAPPING events from decorations provider vscode.git 316
2024-02-19 23:56:59.778 [warning] [Decorations] CAPPING events from decorations provider vscode.git 316
2024-02-19 23:57:05.029 [warning] [Decorations] CAPPING events from decorations provider vscode.git 316
2024-02-19 23:57:10.287 [warning] [Decorations] CAPPING events from decorations provider vscode.git 316
2024-02-20 00:02:31.700 [warning] [Decorations] CAPPING events from decorations provider vscode.git 317
2024-02-20 00:02:36.954 [warning] [Decorations] CAPPING events from decorations provider vscode.git 318
2024-02-20 00:02:48.168 [warning] [Decorations] CAPPING events from decorations provider vscode.git 318
2024-02-20 00:02:53.435 [warning] [Decorations] CAPPING events from decorations provider vscode.git 318
2024-02-20 00:02:58.711 [warning] [Decorations] CAPPING events from decorations provider vscode.git 318
2024-02-20 00:03:03.965 [warning] [Decorations] CAPPING events from decorations provider vscode.git 318
2024-02-20 00:04:39.107 [warning] [Decorations] CAPPING events from decorations provider vscode.git 318
2024-02-20 00:04:44.342 [warning] [Decorations] CAPPING events from decorations provider vscode.git 318
2024-02-20 00:04:49.591 [warning] [Decorations] CAPPING events from decorations provider vscode.git 318
2024-02-20 00:04:54.849 [warning] [Decorations] CAPPING events from decorations provider vscode.git 318
2024-02-20 00:07:24.499 [warning] [Decorations] CAPPING events from decorations provider vscode.git 318
2024-02-20 00:07:29.751 [warning] [Decorations] CAPPING events from decorations provider vscode.git 318
2024-02-20 00:07:34.995 [warning] [Decorations] CAPPING events from decorations provider vscode.git 318
2024-02-20 00:07:40.259 [warning] [Decorations] CAPPING events from decorations provider vscode.git 318
2024-02-20 00:07:45.526 [warning] [Decorations] CAPPING events from decorations provider vscode.git 318
2024-02-20 00:07:50.813 [warning] [Decorations] CAPPING events from decorations provider vscode.git 318
2024-02-20 00:07:56.048 [warning] [Decorations] CAPPING events from decorations provider vscode.git 318
2024-02-20 00:08:03.277 [warning] [Decorations] CAPPING events from decorations provider vscode.git 318
2024-02-20 00:08:45.053 [warning] [Decorations] CAPPING events from decorations provider vscode.git 318
2024-02-20 00:09:22.354 [warning] [Decorations] CAPPING events from decorations provider vscode.git 318
2024-02-20 00:09:27.625 [warning] [Decorations] CAPPING events from decorations provider vscode.git 318
2024-02-20 00:09:34.315 [warning] [Decorations] CAPPING events from decorations provider vscode.git 318
2024-02-20 00:09:42.655 [warning] [Decorations] CAPPING events from decorations provider vscode.git 318
2024-02-20 00:09:50.468 [warning] [Decorations] CAPPING events from decorations provider vscode.git 318
2024-02-20 00:10:01.994 [warning] [Decorations] CAPPING events from decorations provider vscode.git 318
2024-02-20 00:10:07.250 [warning] [Decorations] CAPPING events from decorations provider vscode.git 318
2024-02-20 00:10:23.914 [warning] [Decorations] CAPPING events from decorations provider vscode.git 318
2024-02-20 00:10:29.167 [warning] [Decorations] CAPPING events from decorations provider vscode.git 319
2024-02-20 00:10:34.425 [warning] [Decorations] CAPPING events from decorations provider vscode.git 319
2024-02-20 00:10:54.297 [warning] [Decorations] CAPPING events from decorations provider vscode.git 319
2024-02-20 00:11:03.355 [warning] [Decorations] CAPPING events from decorations provider vscode.git 319
2024-02-20 00:11:08.596 [warning] [Decorations] CAPPING events from decorations provider vscode.git 319
2024-02-20 00:11:26.202 [warning] [Decorations] CAPPING events from decorations provider vscode.git 319
2024-02-20 00:11:56.089 [warning] [Decorations] CAPPING events from decorations provider vscode.git 319
2024-02-20 00:12:49.896 [warning] [Decorations] CAPPING events from decorations provider vscode.git 319
2024-02-20 00:14:27.864 [warning] [Decorations] CAPPING events from decorations provider vscode.git 319
2024-02-20 00:14:33.120 [warning] [Decorations] CAPPING events from decorations provider vscode.git 319
2024-02-20 00:14:38.591 [warning] [Decorations] CAPPING events from decorations provider vscode.git 319
