2024-02-21 13:26:38.483 [info] Log level: Info
2024-02-21 13:26:38.483 [info] Validating found git in: "git"
2024-02-21 13:26:38.483 [info] Using git "2.30.2" from "git"
2024-02-21 13:26:38.483 [info] > git rev-parse --show-toplevel [60ms]
2024-02-21 13:26:38.483 [info] > git rev-parse --git-dir --git-common-dir [98ms]
2024-02-21 13:26:38.483 [info] Open repository: /home/bitnami
2024-02-21 13:26:38.483 [info] > git config --get commit.template [8ms]
2024-02-21 13:26:38.493 [info] > git rev-parse --show-toplevel [12ms]
2024-02-21 13:26:38.507 [info] > git for-each-ref --format=%(refname)%00%(upstream:short)%00%(objectname)%00%(upstream:track)%00%(upstream:remotename)%00%(upstream:remoteref) refs/heads/main refs/remotes/main [16ms]
2024-02-21 13:26:38.526 [info] > git rev-parse --show-toplevel [20ms]
2024-02-21 13:26:38.600 [info] > git rev-parse --show-toplevel [49ms]
2024-02-21 13:26:38.630 [info] > git rev-parse --show-toplevel [3ms]
2024-02-21 13:26:38.660 [info] > git rev-parse --show-toplevel [18ms]
2024-02-21 13:26:38.682 [info] > git rev-parse --show-toplevel [8ms]
2024-02-21 13:26:38.708 [info] > git rev-parse --show-toplevel [15ms]
2024-02-21 13:26:38.738 [info] > git rev-parse --show-toplevel [1ms]
2024-02-21 13:26:38.765 [info] > git rev-parse --show-toplevel [7ms]
2024-02-21 13:26:38.799 [info] > git rev-parse --show-toplevel [23ms]
2024-02-21 13:26:38.823 [info] > git rev-parse --show-toplevel [7ms]
2024-02-21 13:26:38.843 [info] > git rev-parse --show-toplevel [2ms]
2024-02-21 13:26:38.865 [info] > git rev-parse --show-toplevel [3ms]
2024-02-21 13:26:38.885 [info] > git rev-parse --show-toplevel [5ms]
2024-02-21 13:26:38.909 [info] > git rev-parse --git-dir --git-common-dir [10ms]
2024-02-21 13:26:38.919 [info] Open repository: /home/bitnami/todo
2024-02-21 13:26:38.990 [info] > git config --get commit.template [48ms]
2024-02-21 13:26:38.999 [info] > git rev-parse --show-toplevel [16ms]
2024-02-21 13:26:39.077 [info] > git status -z -uall [559ms]
2024-02-21 13:26:39.151 [info] > git for-each-ref --format=%(refname)%00%(upstream:short)%00%(objectname)%00%(upstream:track)%00%(upstream:remotename)%00%(upstream:remoteref) refs/heads/master refs/remotes/master [75ms]
2024-02-21 13:26:39.151 [info] > git ls-files --stage -- /home/bitnami/blogger/nohup.out [97ms]
2024-02-21 13:26:39.192 [warning] ENOENT: no such file or directory, open '/home/bitnami/todo/.git/refs/remotes/origin/master'
2024-02-21 13:26:39.195 [info] > git show --textconv :blogger/nohup.out [161ms]
2024-02-21 13:26:39.195 [info] > git config --get commit.template [47ms]
2024-02-21 13:26:39.250 [info] > git rev-parse refs/remotes/origin/master [58ms]
2024-02-21 13:26:39.270 [info] > git cat-file -s d4c643faa84897845b7ed192c751663f03b4b1d2 [103ms]
2024-02-21 13:26:39.285 [info] > git status -z -uall [16ms]
2024-02-21 13:26:39.321 [info] > git for-each-ref --format=%(refname)%00%(upstream:short)%00%(objectname)%00%(upstream:track)%00%(upstream:remotename)%00%(upstream:remoteref) refs/heads/main refs/remotes/main [37ms]
2024-02-21 13:26:39.328 [info] > git config --get commit.template [8ms]
2024-02-21 13:26:39.368 [info] > git for-each-ref --format=%(refname)%00%(upstream:short)%00%(objectname)%00%(upstream:track)%00%(upstream:remotename)%00%(upstream:remoteref) refs/heads/master refs/remotes/master [16ms]
2024-02-21 13:26:39.400 [warning] ENOENT: no such file or directory, open '/home/bitnami/todo/.git/refs/remotes/origin/master'
2024-02-21 13:26:39.836 [info] > git rev-parse refs/remotes/origin/master [436ms]
2024-02-21 13:26:39.855 [info] > git check-ignore -v -z --stdin [56ms]
2024-02-21 13:26:39.870 [info] > git check-ignore -v -z --stdin [45ms]
2024-02-21 13:26:39.871 [info] > git status -z -uall [19ms]
2024-02-21 13:26:39.935 [info] > git status -z -uall [567ms]
2024-02-21 13:26:48.727 [info] > git config --get commit.template [6ms]
2024-02-21 13:26:48.727 [info] > git for-each-ref --format=%(refname)%00%(upstream:short)%00%(objectname)%00%(upstream:track)%00%(upstream:remotename)%00%(upstream:remoteref) refs/heads/main refs/remotes/main [2ms]
2024-02-21 13:26:48.892 [info] > git status -z -uall [160ms]
2024-02-21 13:26:53.913 [info] > git config --get commit.template [6ms]
2024-02-21 13:26:53.914 [info] > git for-each-ref --format=%(refname)%00%(upstream:short)%00%(objectname)%00%(upstream:track)%00%(upstream:remotename)%00%(upstream:remoteref) refs/heads/main refs/remotes/main [2ms]
2024-02-21 13:26:54.071 [info] > git status -z -uall [151ms]
2024-02-21 13:37:36.074 [info] > git config --get commit.template [8ms]
2024-02-21 13:37:36.075 [info] > git for-each-ref --format=%(refname)%00%(upstream:short)%00%(objectname)%00%(upstream:track)%00%(upstream:remotename)%00%(upstream:remoteref) refs/heads/main refs/remotes/main [2ms]
2024-02-21 13:37:36.259 [info] > git status -z -uall [178ms]
2024-02-21 13:37:41.280 [info] > git config --get commit.template [6ms]
2024-02-21 13:37:41.280 [info] > git for-each-ref --format=%(refname)%00%(upstream:short)%00%(objectname)%00%(upstream:track)%00%(upstream:remotename)%00%(upstream:remoteref) refs/heads/main refs/remotes/main [2ms]
2024-02-21 13:37:41.447 [info] > git status -z -uall [161ms]
2024-02-21 13:37:46.481 [info] > git config --get commit.template [13ms]
2024-02-21 13:37:46.482 [info] > git for-each-ref --format=%(refname)%00%(upstream:short)%00%(objectname)%00%(upstream:track)%00%(upstream:remotename)%00%(upstream:remoteref) refs/heads/main refs/remotes/main [5ms]
2024-02-21 13:37:46.648 [info] > git status -z -uall [160ms]
