2024-02-05 02:53:22.863 [info] Log level: Info
2024-02-05 02:53:22.863 [info] Validating found git in: "git"
2024-02-05 02:53:22.863 [info] Using git "2.30.2" from "git"
2024-02-05 02:53:22.863 [info] > git rev-parse --show-toplevel [4ms]
2024-02-05 02:53:22.863 [info] > git rev-parse --git-dir --git-common-dir [21ms]
2024-02-05 02:53:22.863 [info] Open repository: /home/bitnami
2024-02-05 02:53:22.863 [info] > git rev-parse --show-toplevel [1ms]
2024-02-05 02:53:22.863 [info] > git config --get commit.template [9ms]
2024-02-05 02:53:22.863 [info] > git rev-parse --show-toplevel [8ms]
2024-02-05 02:53:22.863 [info] > git for-each-ref --format=%(refname)%00%(upstream:short)%00%(objectname)%00%(upstream:track)%00%(upstream:remotename)%00%(upstream:remoteref) refs/heads/main refs/remotes/main [10ms]
2024-02-05 02:53:22.863 [info] > git rev-parse --show-toplevel [19ms]
2024-02-05 02:53:22.863 [info] > git rev-parse --show-toplevel [0ms]
2024-02-05 02:53:22.863 [info] > git rev-parse --show-toplevel [6ms]
2024-02-05 02:53:22.863 [info] > git rev-parse --show-toplevel [5ms]
2024-02-05 02:53:22.863 [info] > git rev-parse --show-toplevel [2ms]
2024-02-05 02:53:22.863 [info] > git rev-parse --show-toplevel [4ms]
2024-02-05 02:53:22.863 [info] > git rev-parse --show-toplevel [2ms]
2024-02-05 02:53:22.863 [info] > git rev-parse --show-toplevel [3ms]
2024-02-05 02:53:22.863 [info] > git rev-parse --show-toplevel [3ms]
2024-02-05 02:53:22.864 [info] > git rev-parse --show-toplevel [17ms]
2024-02-05 02:53:22.873 [info] > git rev-parse --git-dir --git-common-dir [5ms]
2024-02-05 02:53:22.877 [info] Open repository: /home/bitnami/todo
2024-02-05 02:53:22.889 [info] > git config --get commit.template [5ms]
2024-02-05 02:53:22.889 [info] > git status -z -uall [175ms]
2024-02-05 02:53:22.904 [info] > git rev-parse --show-toplevel [17ms]
2024-02-05 02:53:22.995 [info] > git config --get commit.template [92ms]
2024-02-05 02:53:23.101 [info] > git for-each-ref --format=%(refname)%00%(upstream:short)%00%(objectname)%00%(upstream:track)%00%(upstream:remotename)%00%(upstream:remoteref) refs/heads/master refs/remotes/master [177ms]
2024-02-05 02:53:23.115 [warning] ENOENT: no such file or directory, open '/home/bitnami/todo/.git/refs/remotes/origin/master'
2024-02-05 02:53:23.116 [info] > git for-each-ref --format=%(refname)%00%(upstream:short)%00%(objectname)%00%(upstream:track)%00%(upstream:remotename)%00%(upstream:remoteref) refs/heads/main refs/remotes/main [20ms]
2024-02-05 02:53:23.133 [info] > git rev-parse refs/remotes/origin/master [18ms]
2024-02-05 02:53:23.157 [info] > git status -z -uall [8ms]
2024-02-05 02:53:23.199 [info] > git config --get commit.template [9ms]
2024-02-05 02:53:23.203 [info] > git for-each-ref --format=%(refname)%00%(upstream:short)%00%(objectname)%00%(upstream:track)%00%(upstream:remotename)%00%(upstream:remoteref) refs/heads/master refs/remotes/master [4ms]
2024-02-05 02:53:23.226 [warning] ENOENT: no such file or directory, open '/home/bitnami/todo/.git/refs/remotes/origin/master'
2024-02-05 02:53:23.230 [info] > git rev-parse refs/remotes/origin/master [5ms]
2024-02-05 02:53:23.259 [info] > git status -z -uall [3ms]
2024-02-05 02:53:23.506 [info] > git status -z -uall [373ms]
2024-02-05 02:53:23.854 [info] > git check-ignore -v -z --stdin [104ms]
2024-02-05 02:53:23.855 [info] > git check-ignore -v -z --stdin [78ms]
2024-02-05 02:53:23.996 [info] > git show --textconv :bitnami_application_password [33ms]
2024-02-05 02:53:24.002 [info] > git ls-files --stage -- /home/bitnami/bitnami_application_password [8ms]
2024-02-05 02:53:24.545 [info] > git show --textconv :.gitignore [10ms]
2024-02-05 02:53:24.550 [info] > git ls-files --stage -- /home/bitnami/.gitignore [6ms]
2024-02-05 02:53:24.558 [info] > git cat-file -s 5ebf4a5dd36aa7aed1fe9dfd10b17637c4dcdefc [1ms]
2024-02-05 02:53:39.436 [info] > git config --get commit.template [8ms]
2024-02-05 02:53:39.436 [info] > git for-each-ref --format=%(refname)%00%(upstream:short)%00%(objectname)%00%(upstream:track)%00%(upstream:remotename)%00%(upstream:remoteref) refs/heads/main refs/remotes/main [2ms]
2024-02-05 02:53:39.516 [info] > git status -z -uall [74ms]
2024-02-05 02:55:08.903 [info] > git check-ignore -v -z --stdin [7ms]
2024-02-05 02:55:09.004 [info] > git config --get commit.template [1ms]
2024-02-05 02:55:09.012 [info] > git for-each-ref --format=%(refname)%00%(upstream:short)%00%(objectname)%00%(upstream:track)%00%(upstream:remotename)%00%(upstream:remoteref) refs/heads/main refs/remotes/main [2ms]
2024-02-05 02:55:09.094 [info] > git status -z -uall [72ms]
2024-02-05 02:55:14.105 [info] > git config --get commit.template [2ms]
2024-02-05 02:55:14.113 [info] > git for-each-ref --format=%(refname)%00%(upstream:short)%00%(objectname)%00%(upstream:track)%00%(upstream:remotename)%00%(upstream:remoteref) refs/heads/main refs/remotes/main [1ms]
2024-02-05 02:55:14.186 [info] > git status -z -uall [66ms]
2024-02-05 02:55:19.197 [info] > git config --get commit.template [2ms]
2024-02-05 02:55:19.204 [info] > git for-each-ref --format=%(refname)%00%(upstream:short)%00%(objectname)%00%(upstream:track)%00%(upstream:remotename)%00%(upstream:remoteref) refs/heads/main refs/remotes/main [1ms]
2024-02-05 02:55:19.292 [info] > git status -z -uall [82ms]
2024-02-05 02:55:23.565 [info] > git show --textconv :.gitignore [7ms]
2024-02-05 02:55:23.572 [info] > git ls-files --stage -- /home/bitnami/.gitignore [8ms]
2024-02-05 02:55:23.579 [info] > git cat-file -s 5ebf4a5dd36aa7aed1fe9dfd10b17637c4dcdefc [2ms]
2024-02-05 02:55:24.331 [info] > git config --get commit.template [26ms]
2024-02-05 02:55:24.333 [info] > git for-each-ref --format=%(refname)%00%(upstream:short)%00%(objectname)%00%(upstream:track)%00%(upstream:remotename)%00%(upstream:remoteref) refs/heads/main refs/remotes/main [5ms]
2024-02-05 02:55:24.419 [info] > git status -z -uall [76ms]
2024-02-05 02:55:33.946 [info] > git config --get commit.template [7ms]
2024-02-05 02:55:33.947 [info] > git for-each-ref --format=%(refname)%00%(upstream:short)%00%(objectname)%00%(upstream:track)%00%(upstream:remotename)%00%(upstream:remoteref) refs/heads/main refs/remotes/main [2ms]
2024-02-05 02:55:34.031 [info] > git status -z -uall [79ms]
