2024-02-27 12:20:20.267 [info] Log level: Info
2024-02-27 12:20:20.268 [info] Validating found git in: "git"
2024-02-27 12:20:20.268 [info] Using git "2.30.2" from "git"
2024-02-27 12:20:20.268 [info] > git rev-parse --show-toplevel [314ms]
2024-02-27 12:20:20.322 [info] > git rev-parse --git-dir --git-common-dir [19ms]
2024-02-27 12:20:20.378 [info] Open repository: /home/bitnami
2024-02-27 12:20:20.427 [info] > git config --get commit.template [20ms]
2024-02-27 12:20:20.494 [info] > git rev-parse --show-toplevel [77ms]
2024-02-27 12:20:20.663 [info] > git for-each-ref --format=%(refname)%00%(upstream:short)%00%(objectname)%00%(upstream:track)%00%(upstream:remotename)%00%(upstream:remoteref) refs/heads/main refs/remotes/main [178ms]
2024-02-27 12:20:20.683 [info] > git rev-parse --show-toplevel [151ms]
2024-02-27 12:20:20.784 [info] > git rev-parse --show-toplevel [82ms]
2024-02-27 12:20:20.938 [info] > git rev-parse --show-toplevel [100ms]
2024-02-27 12:20:21.123 [info] > git rev-parse --show-toplevel [51ms]
2024-02-27 12:20:21.200 [info] > git rev-parse --show-toplevel [24ms]
2024-02-27 12:20:21.243 [info] > git rev-parse --show-toplevel [29ms]
2024-02-27 12:20:21.278 [info] > git rev-parse --show-toplevel [9ms]
2024-02-27 12:20:21.310 [info] > git rev-parse --show-toplevel [10ms]
2024-02-27 12:20:21.334 [info] > git check-ignore -v -z --stdin [215ms]
2024-02-27 12:20:21.341 [info] > git rev-parse --show-toplevel [8ms]
2024-02-27 12:20:21.384 [info] > git rev-parse --show-toplevel [7ms]
2024-02-27 12:20:21.418 [info] > git rev-parse --show-toplevel [14ms]
2024-02-27 12:20:21.451 [info] > git rev-parse --show-toplevel [7ms]
2024-02-27 12:20:21.508 [info] > git rev-parse --show-toplevel [12ms]
2024-02-27 12:20:21.564 [info] > git rev-parse --git-dir --git-common-dir [12ms]
2024-02-27 12:20:21.578 [info] Open repository: /home/bitnami/todo
2024-02-27 12:20:21.643 [info] > git config --get commit.template [21ms]
2024-02-27 12:20:21.772 [info] > git rev-parse --show-toplevel [130ms]
2024-02-27 12:20:21.860 [info] > git for-each-ref --format %(refname) %(objectname) %(*objectname) refs/tags [169ms]
2024-02-27 12:20:21.916 [info] > git show --textconv :blogger/app_server/controllers/blog.js [86ms]
2024-02-27 12:20:21.940 [info] > git ls-files --stage -- /home/bitnami/blogger/app_server/controllers/blog.js [82ms]
2024-02-27 12:20:21.960 [info] > git status -z -uall [58ms]
2024-02-27 12:20:21.994 [info] > git cat-file -s ac07f38e42a95a3273c759f82a45f995a07c9795 [35ms]
2024-02-27 12:20:22.036 [info] > git config --get commit.template [42ms]
2024-02-27 12:20:22.056 [info] > git for-each-ref --format %(refname) %(objectname) %(*objectname) refs/tags [21ms]
2024-02-27 12:20:22.205 [info] > git status -z -uall [130ms]
2024-02-27 12:20:22.338 [info] > git check-ignore -v -z --stdin [105ms]
2024-02-27 12:20:22.689 [info] > git status -z -uall [1943ms]
2024-02-27 12:20:22.928 [info] > git merge-base refs/heads/main refs/remotes/main/main [145ms]
2024-02-27 12:20:22.937 [info] > git for-each-ref --format=%(refname)%00%(upstream:short)%00%(objectname)%00%(upstream:track)%00%(upstream:remotename)%00%(upstream:remoteref) refs/heads/main refs/remotes/main [164ms]
2024-02-27 12:20:22.938 [info] > git config --get commit.template [179ms]
2024-02-27 12:20:22.964 [info] > git rev-list --count --left-right refs/heads/main...refs/remotes/main/main [28ms]
2024-02-27 12:20:23.388 [info] > git status -z -uall [430ms]
2024-02-27 12:20:23.700 [info] > git check-ignore -v -z --stdin [91ms]
2024-02-27 12:20:28.456 [info] > git add -A -- . [1126ms]
2024-02-27 12:20:29.714 [info] > git show --textconv :.git/COMMIT_EDITMSG [30ms]
2024-02-27 12:20:29.724 [info] > git ls-files --stage -- /home/bitnami/.git/COMMIT_EDITMSG [25ms]
2024-02-27 12:20:29.987 [info] > git check-ignore -v -z --stdin [25ms]
2024-02-27 12:20:33.336 [info] > git -c user.useConfigOnly=true commit --quiet [4849ms]
2024-02-27 12:20:33.353 [info] > git config --get commit.template [6ms]
2024-02-27 12:20:33.356 [info] > git for-each-ref --format=%(refname)%00%(upstream:short)%00%(objectname)%00%(upstream:track)%00%(upstream:remotename)%00%(upstream:remoteref) refs/heads/main refs/remotes/main [4ms]
2024-02-27 12:20:33.555 [info] > git show --textconv :blogger/app_server/controllers/blog.js [31ms]
2024-02-27 12:20:33.587 [info] > git ls-files --stage -- /home/bitnami/blogger/app_server/controllers/blog.js [41ms]
2024-02-27 12:20:33.604 [info] > git cat-file -s b18a2c19016b51275dde747ff0d730a2c38b7d13 [3ms]
2024-02-27 12:20:33.711 [info] > git status -z -uall [349ms]
2024-02-27 12:20:33.769 [info] > git merge-base refs/heads/main refs/remotes/main/main [4ms]
2024-02-27 12:20:33.783 [info] > git rev-list --count --left-right refs/heads/main...refs/remotes/main/main [6ms]
2024-02-27 12:20:34.424 [info] > git check-ignore -v -z --stdin [19ms]
2024-02-27 12:20:34.484 [info] > git ls-files --stage -- /home/bitnami/blogger/app_server/controllers/blog.js [10ms]
2024-02-27 12:20:34.493 [info] > git cat-file -s b18a2c19016b51275dde747ff0d730a2c38b7d13 [2ms]
2024-02-27 12:20:34.535 [info] > git show --textconv :blogger/app_server/controllers/blog.js [12ms]
2024-02-27 12:20:35.170 [info] > git push main main:main [1441ms]
2024-02-27 12:20:35.170 [info] To https://github.com/kuhaku4/csci421-lab4.git
   fec77030..585b7446  main -> main
2024-02-27 12:20:35.182 [info] > git config --get commit.template [6ms]
2024-02-27 12:20:35.183 [info] > git for-each-ref --format=%(refname)%00%(upstream:short)%00%(objectname)%00%(upstream:track)%00%(upstream:remotename)%00%(upstream:remoteref) refs/heads/main refs/remotes/main [2ms]
2024-02-27 12:20:35.369 [info] > git status -z -uall [182ms]
2024-02-27 12:20:35.438 [info] > git merge-base refs/heads/main refs/remotes/main/main [2ms]
2024-02-27 12:20:35.454 [info] > git rev-list --count --left-right refs/heads/main...refs/remotes/main/main [10ms]
2024-02-27 12:20:35.456 [info] > git config --get commit.template [2ms]
2024-02-27 12:20:35.462 [info] > git for-each-ref --format=%(refname)%00%(upstream:short)%00%(objectname)%00%(upstream:track)%00%(upstream:remotename)%00%(upstream:remoteref) refs/heads/main refs/remotes/main [1ms]
2024-02-27 12:20:35.665 [info] > git status -z -uall [191ms]
2024-02-27 12:20:36.054 [info] > git check-ignore -v -z --stdin [10ms]
2024-02-27 12:20:36.497 [info] > git ls-files --stage -- /home/bitnami/blogger/app_server/controllers/blog.js [10ms]
2024-02-27 12:20:36.505 [info] > git cat-file -s b18a2c19016b51275dde747ff0d730a2c38b7d13 [1ms]
2024-02-27 12:20:36.548 [info] > git show --textconv :blogger/app_server/controllers/blog.js [10ms]
2024-02-27 12:20:38.564 [info] > git config --get commit.template [8ms]
2024-02-27 12:20:38.567 [info] > git for-each-ref --format=%(refname)%00%(upstream:short)%00%(objectname)%00%(upstream:track)%00%(upstream:remotename)%00%(upstream:remoteref) refs/heads/main refs/remotes/main [3ms]
2024-02-27 12:20:38.748 [info] > git status -z -uall [176ms]
2024-02-27 12:20:43.765 [info] > git config --get commit.template [7ms]
2024-02-27 12:20:43.766 [info] > git for-each-ref --format=%(refname)%00%(upstream:short)%00%(objectname)%00%(upstream:track)%00%(upstream:remotename)%00%(upstream:remoteref) refs/heads/main refs/remotes/main [2ms]
2024-02-27 12:20:43.989 [info] > git status -z -uall [216ms]
2024-02-27 12:20:49.006 [info] > git config --get commit.template [4ms]
2024-02-27 12:20:49.021 [info] > git for-each-ref --format=%(refname)%00%(upstream:short)%00%(objectname)%00%(upstream:track)%00%(upstream:remotename)%00%(upstream:remoteref) refs/heads/main refs/remotes/main [6ms]
2024-02-27 12:20:49.241 [info] > git status -z -uall [211ms]
