node:internal/modules/cjs/loader:1137
  throw err;
  ^

Error: Cannot find module '/home/bitnami/bin/www'
    at Module._resolveFilename (node:internal/modules/cjs/loader:1134:15)
    at Module._load (node:internal/modules/cjs/loader:975:27)
    at Function.executeUserEntryPoint [as runMain] (node:internal/modules/run_main:128:12)
    at node:internal/main/run_main_module:28:49 {
  code: 'MODULE_NOT_FOUND',
  requireStack: []
}

Node.js v18.19.0
[33m[nodemon] 3.0.3[39m
[33m[nodemon] to restart at any time, enter `rs`[39m
[33m[nodemon] watching path(s): *.*[39m
[33m[nodemon] watching extensions: js,mjs,cjs,json[39m
[32m[nodemon] starting `node ./bin/www`[39m
node:events:495
      throw er; // Unhandled 'error' event
      ^

Error: EBADF: bad file descriptor, read
Emitted 'error' event on ReadStream instance at:
    at emitErrorNT (node:internal/streams/destroy:151:8)
    at errorOrDestroy (node:internal/streams/destroy:214:7)
    at node:internal/fs/streams:260:9
    at FSReqCallback.wrapper [as oncomplete] (node:fs:677:5) {
  errno: -9,
  code: 'EBADF',
  syscall: 'read'
}

Node.js v18.19.0
[33m[nodemon] 3.0.3[39m
[33m[nodemon] to restart at any time, enter `rs`[39m
[33m[nodemon] watching path(s): *.*[39m
[33m[nodemon] watching extensions: js,mjs,cjs,json[39m
[32m[nodemon] starting `node ./bin/www`[39m
node:events:495
      throw er; // Unhandled 'error' event
      ^

Error: EBADF: bad file descriptor, read
Emitted 'error' event on ReadStream instance at:
    at emitErrorNT (node:internal/streams/destroy:151:8)
    at errorOrDestroy (node:internal/streams/destroy:214:7)
    at node:internal/fs/streams:260:9
    at FSReqCallback.wrapper [as oncomplete] (node:fs:677:5) {
  errno: -9,
  code: 'EBADF',
  syscall: 'read'
}

Node.js v18.19.0
[33m[nodemon] 3.0.3[39m
[33m[nodemon] to restart at any time, enter `rs`[39m
[33m[nodemon] watching path(s): *.*[39m
[33m[nodemon] watching extensions: js,mjs,cjs,json[39m
[32m[nodemon] starting `node ./bin/www`[39m
node:events:495
      throw er; // Unhandled 'error' event
      ^

Error: EBADF: bad file descriptor, read
Emitted 'error' event on ReadStream instance at:
    at emitErrorNT (node:internal/streams/destroy:151:8)
    at errorOrDestroy (node:internal/streams/destroy:214:7)
    at node:internal/fs/streams:260:9
    at FSReqCallback.wrapper [as oncomplete] (node:fs:677:5) {
  errno: -9,
  code: 'EBADF',
  syscall: 'read'
}

Node.js v18.19.0
node:internal/modules/cjs/loader:1137
  throw err;
  ^

Error: Cannot find module 'http-errors'
Require stack:
- /home/bitnami/app.js
- /home/bitnami/bin/www
    at Module._resolveFilename (node:internal/modules/cjs/loader:1134:15)
    at Module._load (node:internal/modules/cjs/loader:975:27)
    at Module.require (node:internal/modules/cjs/loader:1225:19)
    at require (node:internal/modules/helpers:177:18)
    at Object.<anonymous> (/home/bitnami/app.js:1:19)
    at Module._compile (node:internal/modules/cjs/loader:1356:14)
    at Module._extensions..js (node:internal/modules/cjs/loader:1414:10)
    at Module.load (node:internal/modules/cjs/loader:1197:32)
    at Module._load (node:internal/modules/cjs/loader:1013:12)
    at Module.require (node:internal/modules/cjs/loader:1225:19) {
  code: 'MODULE_NOT_FOUND',
  requireStack: [ '/home/bitnami/app.js', '/home/bitnami/bin/www' ]
}

Node.js v18.19.0
node:internal/modules/cjs/loader:1137
  throw err;
  ^

Error: Cannot find module 'http-errors'
Require stack:
- /home/bitnami/app.js
- /home/bitnami/bin/www
    at Module._resolveFilename (node:internal/modules/cjs/loader:1134:15)
    at Module._load (node:internal/modules/cjs/loader:975:27)
    at Module.require (node:internal/modules/cjs/loader:1225:19)
    at require (node:internal/modules/helpers:177:18)
    at Object.<anonymous> (/home/bitnami/app.js:1:19)
    at Module._compile (node:internal/modules/cjs/loader:1356:14)
    at Module._extensions..js (node:internal/modules/cjs/loader:1414:10)
    at Module.load (node:internal/modules/cjs/loader:1197:32)
    at Module._load (node:internal/modules/cjs/loader:1013:12)
    at Module.require (node:internal/modules/cjs/loader:1225:19) {
  code: 'MODULE_NOT_FOUND',
  requireStack: [ '/home/bitnami/app.js', '/home/bitnami/bin/www' ]
}

Node.js v18.19.0
node:internal/modules/cjs/loader:1137
  throw err;
  ^

Error: Cannot find module 'http-errors'
Require stack:
- /home/bitnami/app.js
- /home/bitnami/bin/www
    at Module._resolveFilename (node:internal/modules/cjs/loader:1134:15)
    at Module._load (node:internal/modules/cjs/loader:975:27)
    at Module.require (node:internal/modules/cjs/loader:1225:19)
    at require (node:internal/modules/helpers:177:18)
    at Object.<anonymous> (/home/bitnami/app.js:1:19)
    at Module._compile (node:internal/modules/cjs/loader:1356:14)
    at Module._extensions..js (node:internal/modules/cjs/loader:1414:10)
    at Module.load (node:internal/modules/cjs/loader:1197:32)
    at Module._load (node:internal/modules/cjs/loader:1013:12)
    at Module.require (node:internal/modules/cjs/loader:1225:19) {
  code: 'MODULE_NOT_FOUND',
  requireStack: [ '/home/bitnami/app.js', '/home/bitnami/bin/www' ]
}

Node.js v18.19.0
node:internal/modules/cjs/loader:1137
  throw err;
  ^

Error: Cannot find module 'http-errors'
Require stack:
- /home/bitnami/app.js
- /home/bitnami/bin/www
    at Module._resolveFilename (node:internal/modules/cjs/loader:1134:15)
    at Module._load (node:internal/modules/cjs/loader:975:27)
    at Module.require (node:internal/modules/cjs/loader:1225:19)
    at require (node:internal/modules/helpers:177:18)
    at Object.<anonymous> (/home/bitnami/app.js:1:19)
    at Module._compile (node:internal/modules/cjs/loader:1356:14)
    at Module._extensions..js (node:internal/modules/cjs/loader:1414:10)
    at Module.load (node:internal/modules/cjs/loader:1197:32)
    at Module._load (node:internal/modules/cjs/loader:1013:12)
    at Module.require (node:internal/modules/cjs/loader:1225:19) {
  code: 'MODULE_NOT_FOUND',
  requireStack: [ '/home/bitnami/app.js', '/home/bitnami/bin/www' ]
}

Node.js v18.19.0
node:internal/modules/cjs/loader:1137
  throw err;
  ^

Error: Cannot find module 'http-errors'
Require stack:
- /home/bitnami/app.js
- /home/bitnami/bin/www
    at Module._resolveFilename (node:internal/modules/cjs/loader:1134:15)
    at Module._load (node:internal/modules/cjs/loader:975:27)
    at Module.require (node:internal/modules/cjs/loader:1225:19)
    at require (node:internal/modules/helpers:177:18)
    at Object.<anonymous> (/home/bitnami/app.js:1:19)
    at Module._compile (node:internal/modules/cjs/loader:1356:14)
    at Module._extensions..js (node:internal/modules/cjs/loader:1414:10)
    at Module.load (node:internal/modules/cjs/loader:1197:32)
    at Module._load (node:internal/modules/cjs/loader:1013:12)
    at Module.require (node:internal/modules/cjs/loader:1225:19) {
  code: 'MODULE_NOT_FOUND',
  requireStack: [ '/home/bitnami/app.js', '/home/bitnami/bin/www' ]
}

Node.js v18.19.0
node:internal/modules/cjs/loader:1137
  throw err;
  ^

Error: Cannot find module 'http-errors'
Require stack:
- /home/bitnami/app.js
- /home/bitnami/bin/www
    at Module._resolveFilename (node:internal/modules/cjs/loader:1134:15)
    at Module._load (node:internal/modules/cjs/loader:975:27)
    at Module.require (node:internal/modules/cjs/loader:1225:19)
    at require (node:internal/modules/helpers:177:18)
    at Object.<anonymous> (/home/bitnami/app.js:1:19)
    at Module._compile (node:internal/modules/cjs/loader:1356:14)
    at Module._extensions..js (node:internal/modules/cjs/loader:1414:10)
    at Module.load (node:internal/modules/cjs/loader:1197:32)
    at Module._load (node:internal/modules/cjs/loader:1013:12)
    at Module.require (node:internal/modules/cjs/loader:1225:19) {
  code: 'MODULE_NOT_FOUND',
  requireStack: [ '/home/bitnami/app.js', '/home/bitnami/bin/www' ]
}

Node.js v18.19.0
node:internal/modules/cjs/loader:1137
  throw err;
  ^

Error: Cannot find module 'http-errors'
Require stack:
- /home/bitnami/app.js
- /home/bitnami/bin/www
    at Module._resolveFilename (node:internal/modules/cjs/loader:1134:15)
    at Module._load (node:internal/modules/cjs/loader:975:27)
    at Module.require (node:internal/modules/cjs/loader:1225:19)
    at require (node:internal/modules/helpers:177:18)
    at Object.<anonymous> (/home/bitnami/app.js:1:19)
    at Module._compile (node:internal/modules/cjs/loader:1356:14)
    at Module._extensions..js (node:internal/modules/cjs/loader:1414:10)
    at Module.load (node:internal/modules/cjs/loader:1197:32)
    at Module._load (node:internal/modules/cjs/loader:1013:12)
    at Module.require (node:internal/modules/cjs/loader:1225:19) {
  code: 'MODULE_NOT_FOUND',
  requireStack: [ '/home/bitnami/app.js', '/home/bitnami/bin/www' ]
}

Node.js v18.19.0
node:internal/modules/cjs/loader:1137
  throw err;
  ^

Error: Cannot find module 'http-errors'
Require stack:
- /home/bitnami/app.js
- /home/bitnami/bin/www
    at Module._resolveFilename (node:internal/modules/cjs/loader:1134:15)
    at Module._load (node:internal/modules/cjs/loader:975:27)
    at Module.require (node:internal/modules/cjs/loader:1225:19)
    at require (node:internal/modules/helpers:177:18)
    at Object.<anonymous> (/home/bitnami/app.js:1:19)
    at Module._compile (node:internal/modules/cjs/loader:1356:14)
    at Module._extensions..js (node:internal/modules/cjs/loader:1414:10)
    at Module.load (node:internal/modules/cjs/loader:1197:32)
    at Module._load (node:internal/modules/cjs/loader:1013:12)
    at Module.require (node:internal/modules/cjs/loader:1225:19) {
  code: 'MODULE_NOT_FOUND',
  requireStack: [ '/home/bitnami/app.js', '/home/bitnami/bin/www' ]
}

Node.js v18.19.0
node:internal/modules/cjs/loader:1137
  throw err;
  ^

Error: Cannot find module 'http-errors'
Require stack:
- /home/bitnami/app.js
- /home/bitnami/bin/www
    at Module._resolveFilename (node:internal/modules/cjs/loader:1134:15)
    at Module._load (node:internal/modules/cjs/loader:975:27)
    at Module.require (node:internal/modules/cjs/loader:1225:19)
    at require (node:internal/modules/helpers:177:18)
    at Object.<anonymous> (/home/bitnami/app.js:1:19)
    at Module._compile (node:internal/modules/cjs/loader:1356:14)
    at Module._extensions..js (node:internal/modules/cjs/loader:1414:10)
    at Module.load (node:internal/modules/cjs/loader:1197:32)
    at Module._load (node:internal/modules/cjs/loader:1013:12)
    at Module.require (node:internal/modules/cjs/loader:1225:19) {
  code: 'MODULE_NOT_FOUND',
  requireStack: [ '/home/bitnami/app.js', '/home/bitnami/bin/www' ]
}

Node.js v18.19.0

> bitnami@0.0.0 start
> node ./bin/www

[0mGET / [36m304 [0m136.369 ms - -[0m
[0mGET /stylesheets/style.css [32m200 [0m3.865 ms - 111[0m
[0mGET / [36m304 [0m12.793 ms - -[0m
[0mGET /stylesheets/style.css [36m304 [0m0.708 ms - -[0m
[0mGET / [36m304 [0m6.752 ms - -[0m
[0mGET /stylesheets/style.css [36m304 [0m0.616 ms - -[0m
[0mGET / [36m304 [0m13.678 ms - -[0m
[0mGET /stylesheets/style.css [36m304 [0m0.521 ms - -[0m
[0mGET / [36m304 [0m17.924 ms - -[0m
[0mGET /stylesheets/style.css [36m304 [0m0.626 ms - -[0m
[0mGET / [36m304 [0m21.397 ms - -[0m
[0mGET /stylesheets/style.css [36m304 [0m0.594 ms - -[0m
[0mGET / [36m304 [0m9.460 ms - -[0m
[0mGET /stylesheets/style.css [36m304 [0m0.639 ms - -[0m
[0mGET / [36m304 [0m7.849 ms - -[0m
[0mGET /stylesheets/style.css [36m304 [0m0.437 ms - -[0m
[0mGET / [36m304 [0m8.562 ms - -[0m
[0mGET /stylesheets/style.css [36m304 [0m0.671 ms - -[0m
[0mGET / [36m304 [0m11.424 ms - -[0m
[0mGET /stylesheets/style.css [36m304 [0m0.500 ms - -[0m
[0mGET / [36m304 [0m7.213 ms - -[0m
[0mGET /stylesheets/style.css [36m304 [0m0.619 ms - -[0m
[0mGET / [36m304 [0m8.375 ms - -[0m
[0mGET / [36m304 [0m5.991 ms - -[0m
[0mGET /stylesheets/style.css [36m304 [0m0.846 ms - -[0m
[0mGET / [36m304 [0m4.087 ms - -[0m
[0mGET / [36m304 [0m4.414 ms - -[0m
[0mGET /stylesheets/style.css [36m304 [0m0.479 ms - -[0m
[0mGET / [36m304 [0m5.491 ms - -[0m
[0mGET /stylesheets/style.css [36m304 [0m1.063 ms - -[0m
