2024-02-05 23:00:42.964 [info] Extension host with pid 76218 started
2024-02-05 23:00:42.993 [info] Lock '/home/bitnami/.vscode-server/data/User/workspaceStorage/c21f082734a9b7139263b551584b646b/vscode.lock': Lock acquired.
2024-02-05 23:00:43.862 [info] ExtensionService#_doActivateExtension vscode.git-base, startup: false, activationEvent: 'onLanguage:ignore'
2024-02-05 23:00:43.863 [info] ExtensionService#_doActivateExtension vscode.emmet, startup: false, activationEvent: 'onLanguage'
2024-02-05 23:00:44.154 [info] ExtensionService#_doActivateExtension vscode.git, startup: true, activationEvent: '*'
2024-02-05 23:00:44.155 [info] ExtensionService#_doActivateExtension vscode.github, startup: true, activationEvent: '*'
2024-02-05 23:00:44.339 [info] ExtensionService#_doActivateExtension vscode.npm, startup: true, activationEvent: 'workspaceContains:package.json'
2024-02-05 23:00:44.735 [info] Eager extensions activated
2024-02-05 23:00:44.735 [info] ExtensionService#_doActivateExtension vscode.debug-auto-launch, startup: false, activationEvent: 'onStartupFinished'
2024-02-05 23:00:44.735 [info] ExtensionService#_doActivateExtension vscode.merge-conflict, startup: false, activationEvent: 'onStartupFinished'
2024-02-05 23:04:03.839 [info] ExtensionService#_doActivateExtension vscode.html-language-features, startup: false, activationEvent: 'onLanguage:html'
2024-02-05 23:04:15.724 [info] ExtensionService#_doActivateExtension vscode.typescript-language-features, startup: false, activationEvent: 'onLanguage:javascript'
2024-02-05 23:20:41.314 [info] ExtensionService#_doActivateExtension vscode.extension-editing, startup: false, activationEvent: 'onLanguage:markdown'
2024-02-05 23:20:41.315 [info] ExtensionService#_doActivateExtension vscode.markdown-language-features, startup: false, activationEvent: 'onLanguage:markdown'
2024-02-05 23:20:42.228 [info] ExtensionService#_doActivateExtension vscode.markdown-math, startup: false, activationEvent: 'api', root cause: vscode.markdown-language-features
2024-02-05 23:20:51.209 [warning] [Decorations] CAPPING events from decorations provider vscode.git 360
2024-02-05 23:20:56.331 [warning] [Decorations] CAPPING events from decorations provider vscode.git 360
2024-02-05 23:21:01.486 [warning] [Decorations] CAPPING events from decorations provider vscode.git 360
2024-02-05 23:21:06.594 [warning] [Decorations] CAPPING events from decorations provider vscode.git 360
2024-02-05 23:21:11.723 [warning] [Decorations] CAPPING events from decorations provider vscode.git 360
2024-02-05 23:21:34.489 [warning] [Decorations] CAPPING events from decorations provider vscode.git 360
2024-02-05 23:21:39.598 [warning] [Decorations] CAPPING events from decorations provider vscode.git 360
2024-02-05 23:21:44.711 [warning] [Decorations] CAPPING events from decorations provider vscode.git 360
2024-02-05 23:21:49.850 [warning] [Decorations] CAPPING events from decorations provider vscode.git 360
2024-02-05 23:21:54.993 [warning] [Decorations] CAPPING events from decorations provider vscode.git 360
2024-02-05 23:22:00.222 [warning] [Decorations] CAPPING events from decorations provider vscode.git 360
2024-02-05 23:22:05.337 [warning] [Decorations] CAPPING events from decorations provider vscode.git 360
2024-02-05 23:22:10.458 [warning] [Decorations] CAPPING events from decorations provider vscode.git 360
2024-02-05 23:22:15.594 [warning] [Decorations] CAPPING events from decorations provider vscode.git 360
2024-02-05 23:22:20.712 [warning] [Decorations] CAPPING events from decorations provider vscode.git 360
2024-02-05 23:22:25.841 [warning] [Decorations] CAPPING events from decorations provider vscode.git 360
2024-02-05 23:22:30.955 [warning] [Decorations] CAPPING events from decorations provider vscode.git 360
2024-02-05 23:22:36.069 [warning] [Decorations] CAPPING events from decorations provider vscode.git 360
2024-02-05 23:22:45.047 [warning] [Decorations] CAPPING events from decorations provider vscode.git 360
2024-02-05 23:22:52.550 [warning] [Decorations] CAPPING events from decorations provider vscode.git 360
2024-02-05 23:23:04.766 [warning] [Decorations] CAPPING events from decorations provider vscode.git 360
2024-02-05 23:23:09.884 [warning] [Decorations] CAPPING events from decorations provider vscode.git 360
2024-02-05 23:23:14.985 [warning] [Decorations] CAPPING events from decorations provider vscode.git 360
2024-02-05 23:23:20.121 [warning] [Decorations] CAPPING events from decorations provider vscode.git 360
2024-02-05 23:23:25.233 [warning] [Decorations] CAPPING events from decorations provider vscode.git 360
2024-02-05 23:23:30.345 [warning] [Decorations] CAPPING events from decorations provider vscode.git 360
2024-02-05 23:23:35.461 [warning] [Decorations] CAPPING events from decorations provider vscode.git 360
2024-02-05 23:23:40.568 [warning] [Decorations] CAPPING events from decorations provider vscode.git 360
2024-02-05 23:23:45.679 [warning] [Decorations] CAPPING events from decorations provider vscode.git 360
2024-02-05 23:23:50.783 [warning] [Decorations] CAPPING events from decorations provider vscode.git 360
2024-02-05 23:23:55.897 [warning] [Decorations] CAPPING events from decorations provider vscode.git 360
2024-02-05 23:24:01.009 [warning] [Decorations] CAPPING events from decorations provider vscode.git 360
2024-02-05 23:24:06.131 [warning] [Decorations] CAPPING events from decorations provider vscode.git 360
2024-02-05 23:26:39.967 [warning] [Decorations] CAPPING events from decorations provider vscode.git 360
2024-02-05 23:26:45.600 [warning] [Decorations] CAPPING events from decorations provider vscode.git 360
2024-02-05 23:26:50.722 [warning] [Decorations] CAPPING events from decorations provider vscode.git 360
2024-02-05 23:26:55.832 [warning] [Decorations] CAPPING events from decorations provider vscode.git 360
2024-02-05 23:27:00.955 [warning] [Decorations] CAPPING events from decorations provider vscode.git 360
2024-02-05 23:27:06.640 [warning] [Decorations] CAPPING events from decorations provider vscode.git 360
2024-02-05 23:27:11.752 [warning] [Decorations] CAPPING events from decorations provider vscode.git 360
2024-02-05 23:27:16.864 [warning] [Decorations] CAPPING events from decorations provider vscode.git 360
2024-02-05 23:27:21.972 [warning] [Decorations] CAPPING events from decorations provider vscode.git 360
2024-02-05 23:27:27.084 [warning] [Decorations] CAPPING events from decorations provider vscode.git 360
2024-02-05 23:27:32.196 [warning] [Decorations] CAPPING events from decorations provider vscode.git 360
2024-02-05 23:27:42.664 [warning] [Decorations] CAPPING events from decorations provider vscode.git 360
2024-02-05 23:27:47.773 [warning] [Decorations] CAPPING events from decorations provider vscode.git 360
2024-02-05 23:28:00.217 [warning] [Decorations] CAPPING events from decorations provider vscode.git 360
2024-02-05 23:28:05.446 [warning] [Decorations] CAPPING events from decorations provider vscode.git 360
2024-02-05 23:28:10.602 [warning] [Decorations] CAPPING events from decorations provider vscode.git 362
2024-02-05 23:28:19.890 [warning] [Decorations] CAPPING events from decorations provider vscode.git 362
2024-02-05 23:28:27.945 [warning] [Decorations] CAPPING events from decorations provider vscode.git 362
2024-02-05 23:28:33.058 [warning] [Decorations] CAPPING events from decorations provider vscode.git 362
2024-02-05 23:28:38.166 [warning] [Decorations] CAPPING events from decorations provider vscode.git 362
2024-02-05 23:28:43.275 [warning] [Decorations] CAPPING events from decorations provider vscode.git 362
2024-02-05 23:28:48.390 [warning] [Decorations] CAPPING events from decorations provider vscode.git 362
2024-02-05 23:28:53.503 [warning] [Decorations] CAPPING events from decorations provider vscode.git 362
2024-02-05 23:28:58.605 [warning] [Decorations] CAPPING events from decorations provider vscode.git 362
2024-02-05 23:29:03.722 [warning] [Decorations] CAPPING events from decorations provider vscode.git 362
2024-02-05 23:29:11.137 [warning] [Decorations] CAPPING events from decorations provider vscode.git 362
2024-02-05 23:29:16.242 [warning] [Decorations] CAPPING events from decorations provider vscode.git 362
2024-02-05 23:29:21.371 [warning] [Decorations] CAPPING events from decorations provider vscode.git 363
2024-02-05 23:29:29.775 [warning] [Decorations] CAPPING events from decorations provider vscode.git 363
2024-02-05 23:29:34.895 [warning] [Decorations] CAPPING events from decorations provider vscode.git 363
2024-02-05 23:29:40.009 [warning] [Decorations] CAPPING events from decorations provider vscode.git 363
2024-02-05 23:29:45.122 [warning] [Decorations] CAPPING events from decorations provider vscode.git 363
2024-02-05 23:29:50.246 [warning] [Decorations] CAPPING events from decorations provider vscode.git 363
2024-02-05 23:29:55.399 [warning] [Decorations] CAPPING events from decorations provider vscode.git 363
2024-02-05 23:30:00.550 [warning] [Decorations] CAPPING events from decorations provider vscode.git 363
2024-02-05 23:30:05.677 [warning] [Decorations] CAPPING events from decorations provider vscode.git 363
2024-02-05 23:30:10.827 [warning] [Decorations] CAPPING events from decorations provider vscode.git 363
2024-02-05 23:30:15.942 [warning] [Decorations] CAPPING events from decorations provider vscode.git 363
2024-02-05 23:30:21.057 [warning] [Decorations] CAPPING events from decorations provider vscode.git 363
2024-02-05 23:30:26.166 [warning] [Decorations] CAPPING events from decorations provider vscode.git 363
2024-02-05 23:30:31.273 [warning] [Decorations] CAPPING events from decorations provider vscode.git 363
2024-02-05 23:30:37.577 [warning] [Decorations] CAPPING events from decorations provider vscode.git 363
2024-02-05 23:30:42.704 [warning] [Decorations] CAPPING events from decorations provider vscode.git 363
2024-02-05 23:30:47.846 [warning] [Decorations] CAPPING events from decorations provider vscode.git 363
2024-02-05 23:30:52.961 [warning] [Decorations] CAPPING events from decorations provider vscode.git 363
2024-02-05 23:30:58.077 [warning] [Decorations] CAPPING events from decorations provider vscode.git 363
2024-02-05 23:31:03.192 [warning] [Decorations] CAPPING events from decorations provider vscode.git 363
2024-02-05 23:31:08.321 [warning] [Decorations] CAPPING events from decorations provider vscode.git 363
2024-02-05 23:31:13.459 [warning] [Decorations] CAPPING events from decorations provider vscode.git 363
2024-02-05 23:31:18.591 [warning] [Decorations] CAPPING events from decorations provider vscode.git 363
2024-02-05 23:31:23.700 [warning] [Decorations] CAPPING events from decorations provider vscode.git 363
2024-02-05 23:31:31.072 [warning] [Decorations] CAPPING events from decorations provider vscode.git 363
2024-02-05 23:31:36.185 [warning] [Decorations] CAPPING events from decorations provider vscode.git 363
2024-02-05 23:31:43.341 [warning] [Decorations] CAPPING events from decorations provider vscode.git 363
2024-02-05 23:32:08.232 [warning] [Decorations] CAPPING events from decorations provider vscode.git 363
2024-02-05 23:32:13.340 [warning] [Decorations] CAPPING events from decorations provider vscode.git 363
2024-02-05 23:32:18.483 [warning] [Decorations] CAPPING events from decorations provider vscode.git 363
2024-02-05 23:32:23.863 [warning] [Decorations] CAPPING events from decorations provider vscode.git 363
2024-02-05 23:32:28.983 [warning] [Decorations] CAPPING events from decorations provider vscode.git 363
2024-02-05 23:32:36.344 [warning] [Decorations] CAPPING events from decorations provider vscode.git 363
2024-02-05 23:32:41.468 [warning] [Decorations] CAPPING events from decorations provider vscode.git 365
2024-02-05 23:32:47.883 [warning] [Decorations] CAPPING events from decorations provider vscode.git 369
2024-02-05 23:32:53.032 [warning] [Decorations] CAPPING events from decorations provider vscode.git 366
2024-02-05 23:32:58.147 [warning] [Decorations] CAPPING events from decorations provider vscode.git 366
2024-02-05 23:33:04.237 [warning] [Decorations] CAPPING events from decorations provider vscode.git 366
2024-02-05 23:33:09.375 [warning] [Decorations] CAPPING events from decorations provider vscode.git 366
2024-02-05 23:33:14.498 [warning] [Decorations] CAPPING events from decorations provider vscode.git 366
2024-02-05 23:33:20.913 [warning] [Decorations] CAPPING events from decorations provider vscode.git 369
2024-02-05 23:33:26.025 [warning] [Decorations] CAPPING events from decorations provider vscode.git 369
2024-02-05 23:33:31.148 [warning] [Decorations] CAPPING events from decorations provider vscode.git 369
2024-02-05 23:33:36.301 [warning] [Decorations] CAPPING events from decorations provider vscode.git 369
2024-02-05 23:33:41.401 [warning] [Decorations] CAPPING events from decorations provider vscode.git 369
2024-02-05 23:33:46.904 [warning] [Decorations] CAPPING events from decorations provider vscode.git 369
2024-02-05 23:33:52.013 [warning] [Decorations] CAPPING events from decorations provider vscode.git 371
2024-02-05 23:33:57.136 [warning] [Decorations] CAPPING events from decorations provider vscode.git 371
2024-02-05 23:34:02.380 [warning] [Decorations] CAPPING events from decorations provider vscode.git 371
2024-02-05 23:34:07.497 [warning] [Decorations] CAPPING events from decorations provider vscode.git 371
2024-02-05 23:34:12.626 [warning] [Decorations] CAPPING events from decorations provider vscode.git 371
2024-02-05 23:34:17.746 [warning] [Decorations] CAPPING events from decorations provider vscode.git 372
2024-02-05 23:34:23.030 [warning] [Decorations] CAPPING events from decorations provider vscode.git 372
2024-02-05 23:34:28.154 [warning] [Decorations] CAPPING events from decorations provider vscode.git 372
2024-02-05 23:34:33.365 [warning] [Decorations] CAPPING events from decorations provider vscode.git 372
2024-02-05 23:34:38.523 [warning] [Decorations] CAPPING events from decorations provider vscode.git 372
2024-02-05 23:34:43.647 [warning] [Decorations] CAPPING events from decorations provider vscode.git 372
2024-02-05 23:34:49.950 [warning] [Decorations] CAPPING events from decorations provider vscode.git 373
2024-02-05 23:34:55.076 [warning] [Decorations] CAPPING events from decorations provider vscode.git 373
2024-02-05 23:35:00.253 [warning] [Decorations] CAPPING events from decorations provider vscode.git 373
2024-02-05 23:35:05.376 [warning] [Decorations] CAPPING events from decorations provider vscode.git 373
2024-02-05 23:35:10.509 [warning] [Decorations] CAPPING events from decorations provider vscode.git 374
2024-02-05 23:35:15.619 [warning] [Decorations] CAPPING events from decorations provider vscode.git 375
2024-02-05 23:35:20.729 [warning] [Decorations] CAPPING events from decorations provider vscode.git 375
2024-02-05 23:35:25.853 [warning] [Decorations] CAPPING events from decorations provider vscode.git 375
2024-02-05 23:35:30.972 [warning] [Decorations] CAPPING events from decorations provider vscode.git 375
2024-02-05 23:35:36.087 [warning] [Decorations] CAPPING events from decorations provider vscode.git 379
2024-02-05 23:35:41.646 [warning] [Decorations] CAPPING events from decorations provider vscode.git 379
2024-02-05 23:35:46.761 [warning] [Decorations] CAPPING events from decorations provider vscode.git 379
2024-02-05 23:35:51.870 [warning] [Decorations] CAPPING events from decorations provider vscode.git 379
2024-02-05 23:35:57.002 [warning] [Decorations] CAPPING events from decorations provider vscode.git 379
2024-02-05 23:36:02.232 [warning] [Decorations] CAPPING events from decorations provider vscode.git 379
2024-02-05 23:36:07.342 [warning] [Decorations] CAPPING events from decorations provider vscode.git 380
2024-02-05 23:36:12.475 [warning] [Decorations] CAPPING events from decorations provider vscode.git 380
2024-02-05 23:36:20.024 [warning] [Decorations] CAPPING events from decorations provider vscode.git 381
2024-02-05 23:36:25.200 [warning] [Decorations] CAPPING events from decorations provider vscode.git 381
2024-02-05 23:36:30.324 [warning] [Decorations] CAPPING events from decorations provider vscode.git 382
2024-02-05 23:36:35.435 [warning] [Decorations] CAPPING events from decorations provider vscode.git 382
2024-02-05 23:36:40.623 [warning] [Decorations] CAPPING events from decorations provider vscode.git 382
2024-02-05 23:36:53.621 [warning] [Decorations] CAPPING events from decorations provider vscode.git 383
2024-02-05 23:36:58.734 [warning] [Decorations] CAPPING events from decorations provider vscode.git 383
2024-02-05 23:37:03.851 [warning] [Decorations] CAPPING events from decorations provider vscode.git 383
2024-02-05 23:37:08.961 [warning] [Decorations] CAPPING events from decorations provider vscode.git 383
2024-02-05 23:37:14.087 [warning] [Decorations] CAPPING events from decorations provider vscode.git 383
2024-02-05 23:37:20.019 [warning] [Decorations] CAPPING events from decorations provider vscode.git 383
2024-02-05 23:37:43.667 [warning] [Decorations] CAPPING events from decorations provider vscode.git 383
2024-02-05 23:37:48.845 [warning] [Decorations] CAPPING events from decorations provider vscode.git 383
2024-02-05 23:37:53.968 [warning] [Decorations] CAPPING events from decorations provider vscode.git 383
2024-02-05 23:37:59.124 [warning] [Decorations] CAPPING events from decorations provider vscode.git 384
2024-02-05 23:38:06.119 [warning] [Decorations] CAPPING events from decorations provider vscode.git 386
2024-02-05 23:38:11.275 [warning] [Decorations] CAPPING events from decorations provider vscode.git 389
2024-02-05 23:38:16.406 [warning] [Decorations] CAPPING events from decorations provider vscode.git 395
2024-02-05 23:38:21.522 [warning] [Decorations] CAPPING events from decorations provider vscode.git 394
2024-02-05 23:38:26.667 [warning] [Decorations] CAPPING events from decorations provider vscode.git 394
2024-02-05 23:38:31.793 [warning] [Decorations] CAPPING events from decorations provider vscode.git 394
2024-02-05 23:38:36.892 [warning] [Decorations] CAPPING events from decorations provider vscode.git 394
2024-02-05 23:38:42.007 [warning] [Decorations] CAPPING events from decorations provider vscode.git 394
2024-02-05 23:39:27.343 [warning] [Decorations] CAPPING events from decorations provider vscode.git 394
2024-02-05 23:39:36.164 [warning] [Decorations] CAPPING events from decorations provider vscode.git 394
2024-02-05 23:39:41.275 [warning] [Decorations] CAPPING events from decorations provider vscode.git 394
2024-02-05 23:39:46.388 [warning] [Decorations] CAPPING events from decorations provider vscode.git 394
2024-02-05 23:39:51.498 [warning] [Decorations] CAPPING events from decorations provider vscode.git 394
2024-02-05 23:39:56.608 [warning] [Decorations] CAPPING events from decorations provider vscode.git 394
2024-02-05 23:40:01.829 [warning] [Decorations] CAPPING events from decorations provider vscode.git 394
2024-02-05 23:40:06.958 [warning] [Decorations] CAPPING events from decorations provider vscode.git 394
2024-02-05 23:40:12.087 [warning] [Decorations] CAPPING events from decorations provider vscode.git 394
2024-02-05 23:40:17.202 [warning] [Decorations] CAPPING events from decorations provider vscode.git 394
2024-02-05 23:40:22.342 [warning] [Decorations] CAPPING events from decorations provider vscode.git 394
2024-02-05 23:40:27.960 [warning] [Decorations] CAPPING events from decorations provider vscode.git 394
2024-02-05 23:40:33.067 [warning] [Decorations] CAPPING events from decorations provider vscode.git 394
2024-02-05 23:40:38.181 [warning] [Decorations] CAPPING events from decorations provider vscode.git 394
2024-02-05 23:41:12.111 [warning] [Decorations] CAPPING events from decorations provider vscode.git 394
2024-02-05 23:41:17.229 [warning] [Decorations] CAPPING events from decorations provider vscode.git 394
2024-02-05 23:41:44.187 [warning] [Decorations] CAPPING events from decorations provider vscode.git 394
2024-02-05 23:41:49.298 [warning] [Decorations] CAPPING events from decorations provider vscode.git 394
2024-02-05 23:41:54.404 [warning] [Decorations] CAPPING events from decorations provider vscode.git 394
2024-02-05 23:42:00.117 [warning] [Decorations] CAPPING events from decorations provider vscode.git 394
2024-02-05 23:42:14.077 [warning] [Decorations] CAPPING events from decorations provider vscode.git 394
2024-02-05 23:42:19.188 [warning] [Decorations] CAPPING events from decorations provider vscode.git 394
2024-02-05 23:42:24.516 [warning] [Decorations] CAPPING events from decorations provider vscode.git 394
2024-02-05 23:42:29.641 [warning] [Decorations] CAPPING events from decorations provider vscode.git 394
2024-02-05 23:42:37.597 [warning] [Decorations] CAPPING events from decorations provider vscode.git 394
2024-02-05 23:42:42.720 [warning] [Decorations] CAPPING events from decorations provider vscode.git 394
2024-02-05 23:42:47.837 [warning] [Decorations] CAPPING events from decorations provider vscode.git 394
2024-02-05 23:42:52.966 [warning] [Decorations] CAPPING events from decorations provider vscode.git 394
2024-02-05 23:42:58.193 [warning] [Decorations] CAPPING events from decorations provider vscode.git 394
2024-02-05 23:43:03.321 [warning] [Decorations] CAPPING events from decorations provider vscode.git 394
2024-02-05 23:43:08.429 [warning] [Decorations] CAPPING events from decorations provider vscode.git 394
2024-02-05 23:43:13.542 [warning] [Decorations] CAPPING events from decorations provider vscode.git 394
2024-02-05 23:43:18.663 [warning] [Decorations] CAPPING events from decorations provider vscode.git 394
2024-02-05 23:43:23.769 [warning] [Decorations] CAPPING events from decorations provider vscode.git 394
2024-02-05 23:43:28.882 [warning] [Decorations] CAPPING events from decorations provider vscode.git 394
2024-02-05 23:43:34.007 [warning] [Decorations] CAPPING events from decorations provider vscode.git 394
2024-02-05 23:43:39.124 [warning] [Decorations] CAPPING events from decorations provider vscode.git 394
2024-02-05 23:43:44.237 [warning] [Decorations] CAPPING events from decorations provider vscode.git 394
2024-02-05 23:43:49.345 [warning] [Decorations] CAPPING events from decorations provider vscode.git 395
2024-02-05 23:43:54.462 [warning] [Decorations] CAPPING events from decorations provider vscode.git 395
2024-02-05 23:43:59.577 [warning] [Decorations] CAPPING events from decorations provider vscode.git 395
2024-02-05 23:44:04.689 [warning] [Decorations] CAPPING events from decorations provider vscode.git 395
2024-02-05 23:44:09.809 [warning] [Decorations] CAPPING events from decorations provider vscode.git 395
2024-02-05 23:44:14.942 [warning] [Decorations] CAPPING events from decorations provider vscode.git 395
2024-02-05 23:44:20.061 [warning] [Decorations] CAPPING events from decorations provider vscode.git 395
2024-02-05 23:44:25.184 [warning] [Decorations] CAPPING events from decorations provider vscode.git 396
2024-02-05 23:44:30.297 [warning] [Decorations] CAPPING events from decorations provider vscode.git 397
2024-02-05 23:44:35.426 [warning] [Decorations] CAPPING events from decorations provider vscode.git 397
2024-02-05 23:44:40.562 [warning] [Decorations] CAPPING events from decorations provider vscode.git 397
2024-02-05 23:44:45.680 [warning] [Decorations] CAPPING events from decorations provider vscode.git 397
2024-02-05 23:44:50.785 [warning] [Decorations] CAPPING events from decorations provider vscode.git 397
2024-02-05 23:44:55.914 [warning] [Decorations] CAPPING events from decorations provider vscode.git 401
2024-02-05 23:45:01.056 [warning] [Decorations] CAPPING events from decorations provider vscode.git 398
2024-02-05 23:45:06.181 [warning] [Decorations] CAPPING events from decorations provider vscode.git 398
2024-02-05 23:45:11.348 [warning] [Decorations] CAPPING events from decorations provider vscode.git 398
2024-02-05 23:45:16.746 [warning] [Decorations] CAPPING events from decorations provider vscode.git 398
2024-02-05 23:45:21.856 [warning] [Decorations] CAPPING events from decorations provider vscode.git 398
2024-02-05 23:45:26.987 [warning] [Decorations] CAPPING events from decorations provider vscode.git 398
2024-02-05 23:45:32.120 [warning] [Decorations] CAPPING events from decorations provider vscode.git 399
2024-02-05 23:45:37.236 [warning] [Decorations] CAPPING events from decorations provider vscode.git 399
2024-02-05 23:45:42.366 [warning] [Decorations] CAPPING events from decorations provider vscode.git 400
2024-02-05 23:45:47.482 [warning] [Decorations] CAPPING events from decorations provider vscode.git 400
2024-02-05 23:45:52.592 [warning] [Decorations] CAPPING events from decorations provider vscode.git 400
2024-02-05 23:45:58.053 [warning] [Decorations] CAPPING events from decorations provider vscode.git 400
2024-02-05 23:46:03.169 [warning] [Decorations] CAPPING events from decorations provider vscode.git 400
2024-02-05 23:46:08.277 [warning] [Decorations] CAPPING events from decorations provider vscode.git 400
2024-02-05 23:46:13.402 [warning] [Decorations] CAPPING events from decorations provider vscode.git 400
2024-02-05 23:46:18.524 [warning] [Decorations] CAPPING events from decorations provider vscode.git 400
2024-02-05 23:46:23.632 [warning] [Decorations] CAPPING events from decorations provider vscode.git 401
2024-02-05 23:46:28.869 [warning] [Decorations] CAPPING events from decorations provider vscode.git 400
2024-02-05 23:46:59.280 [warning] [Decorations] CAPPING events from decorations provider vscode.git 400
2024-02-05 23:47:04.387 [warning] [Decorations] CAPPING events from decorations provider vscode.git 400
2024-02-05 23:47:09.499 [warning] [Decorations] CAPPING events from decorations provider vscode.git 400
2024-02-05 23:47:14.610 [warning] [Decorations] CAPPING events from decorations provider vscode.git 400
2024-02-05 23:47:19.722 [warning] [Decorations] CAPPING events from decorations provider vscode.git 400
2024-02-05 23:47:24.834 [warning] [Decorations] CAPPING events from decorations provider vscode.git 400
2024-02-05 23:47:29.942 [warning] [Decorations] CAPPING events from decorations provider vscode.git 400
2024-02-05 23:47:35.066 [warning] [Decorations] CAPPING events from decorations provider vscode.git 400
2024-02-05 23:47:40.184 [warning] [Decorations] CAPPING events from decorations provider vscode.git 400
2024-02-05 23:47:45.405 [warning] [Decorations] CAPPING events from decorations provider vscode.git 400
2024-02-05 23:47:50.527 [warning] [Decorations] CAPPING events from decorations provider vscode.git 402
2024-02-05 23:47:55.651 [warning] [Decorations] CAPPING events from decorations provider vscode.git 402
2024-02-05 23:48:00.778 [warning] [Decorations] CAPPING events from decorations provider vscode.git 402
2024-02-05 23:48:05.890 [warning] [Decorations] CAPPING events from decorations provider vscode.git 402
2024-02-05 23:48:11.025 [warning] [Decorations] CAPPING events from decorations provider vscode.git 402
2024-02-05 23:48:16.134 [warning] [Decorations] CAPPING events from decorations provider vscode.git 402
2024-02-05 23:48:21.253 [warning] [Decorations] CAPPING events from decorations provider vscode.git 402
2024-02-05 23:48:26.399 [warning] [Decorations] CAPPING events from decorations provider vscode.git 402
2024-02-05 23:48:31.542 [warning] [Decorations] CAPPING events from decorations provider vscode.git 402
2024-02-05 23:48:36.649 [warning] [Decorations] CAPPING events from decorations provider vscode.git 402
2024-02-05 23:48:41.792 [warning] [Decorations] CAPPING events from decorations provider vscode.git 402
2024-02-05 23:48:46.899 [warning] [Decorations] CAPPING events from decorations provider vscode.git 402
2024-02-05 23:48:52.030 [warning] [Decorations] CAPPING events from decorations provider vscode.git 402
2024-02-05 23:48:57.158 [warning] [Decorations] CAPPING events from decorations provider vscode.git 402
2024-02-05 23:49:02.343 [warning] [Decorations] CAPPING events from decorations provider vscode.git 402
2024-02-05 23:49:07.458 [warning] [Decorations] CAPPING events from decorations provider vscode.git 403
2024-02-05 23:49:12.563 [warning] [Decorations] CAPPING events from decorations provider vscode.git 403
2024-02-05 23:49:17.674 [warning] [Decorations] CAPPING events from decorations provider vscode.git 403
2024-02-05 23:49:22.802 [warning] [Decorations] CAPPING events from decorations provider vscode.git 403
2024-02-05 23:49:27.913 [warning] [Decorations] CAPPING events from decorations provider vscode.git 403
2024-02-05 23:49:33.085 [warning] [Decorations] CAPPING events from decorations provider vscode.git 403
2024-02-05 23:49:38.195 [warning] [Decorations] CAPPING events from decorations provider vscode.git 404
2024-02-05 23:49:43.317 [warning] [Decorations] CAPPING events from decorations provider vscode.git 404
2024-02-05 23:49:52.346 [warning] [Decorations] CAPPING events from decorations provider vscode.git 404
2024-02-05 23:49:57.457 [warning] [Decorations] CAPPING events from decorations provider vscode.git 404
2024-02-05 23:50:02.573 [warning] [Decorations] CAPPING events from decorations provider vscode.git 404
2024-02-05 23:50:07.690 [warning] [Decorations] CAPPING events from decorations provider vscode.git 404
2024-02-05 23:50:12.803 [warning] [Decorations] CAPPING events from decorations provider vscode.git 404
2024-02-05 23:50:17.901 [warning] [Decorations] CAPPING events from decorations provider vscode.git 404
2024-02-05 23:50:32.338 [warning] [Decorations] CAPPING events from decorations provider vscode.git 404
2024-02-05 23:50:37.458 [warning] [Decorations] CAPPING events from decorations provider vscode.git 404
2024-02-05 23:50:42.580 [warning] [Decorations] CAPPING events from decorations provider vscode.git 404
2024-02-05 23:50:47.702 [warning] [Decorations] CAPPING events from decorations provider vscode.git 408
2024-02-05 23:50:52.812 [warning] [Decorations] CAPPING events from decorations provider vscode.git 407
2024-02-05 23:50:57.943 [warning] [Decorations] CAPPING events from decorations provider vscode.git 407
2024-02-05 23:51:03.050 [warning] [Decorations] CAPPING events from decorations provider vscode.git 407
2024-02-05 23:51:08.166 [warning] [Decorations] CAPPING events from decorations provider vscode.git 407
2024-02-05 23:51:13.297 [warning] [Decorations] CAPPING events from decorations provider vscode.git 407
2024-02-05 23:51:30.348 [warning] [Decorations] CAPPING events from decorations provider vscode.git 407
2024-02-05 23:51:42.622 [warning] [Decorations] CAPPING events from decorations provider vscode.git 407
2024-02-05 23:51:47.740 [warning] [Decorations] CAPPING events from decorations provider vscode.git 407
2024-02-05 23:52:00.641 [warning] [Decorations] CAPPING events from decorations provider vscode.git 409
2024-02-05 23:52:10.181 [warning] [Decorations] CAPPING events from decorations provider vscode.git 410
2024-02-05 23:52:15.295 [warning] [Decorations] CAPPING events from decorations provider vscode.git 409
2024-02-05 23:52:20.413 [warning] [Decorations] CAPPING events from decorations provider vscode.git 410
2024-02-05 23:52:27.177 [warning] [Decorations] CAPPING events from decorations provider vscode.git 411
2024-02-05 23:52:32.297 [warning] [Decorations] CAPPING events from decorations provider vscode.git 411
2024-02-05 23:52:37.426 [warning] [Decorations] CAPPING events from decorations provider vscode.git 411
2024-02-05 23:52:42.538 [warning] [Decorations] CAPPING events from decorations provider vscode.git 411
2024-02-05 23:52:47.656 [warning] [Decorations] CAPPING events from decorations provider vscode.git 411
2024-02-05 23:52:52.773 [warning] [Decorations] CAPPING events from decorations provider vscode.git 411
2024-02-05 23:52:57.907 [warning] [Decorations] CAPPING events from decorations provider vscode.git 411
2024-02-05 23:53:18.291 [warning] [Decorations] CAPPING events from decorations provider vscode.git 411
2024-02-05 23:53:23.406 [warning] [Decorations] CAPPING events from decorations provider vscode.git 411
2024-02-05 23:53:29.082 [warning] [Decorations] CAPPING events from decorations provider vscode.git 412
2024-02-05 23:53:36.526 [warning] [Decorations] CAPPING events from decorations provider vscode.git 412
2024-02-05 23:53:41.636 [warning] [Decorations] CAPPING events from decorations provider vscode.git 412
2024-02-05 23:54:09.152 [warning] [Decorations] CAPPING events from decorations provider vscode.git 412
2024-02-05 23:54:14.296 [warning] [Decorations] CAPPING events from decorations provider vscode.git 412
2024-02-05 23:54:19.402 [warning] [Decorations] CAPPING events from decorations provider vscode.git 412
2024-02-05 23:54:24.529 [warning] [Decorations] CAPPING events from decorations provider vscode.git 412
2024-02-05 23:54:37.224 [warning] [Decorations] CAPPING events from decorations provider vscode.git 412
2024-02-05 23:54:42.334 [warning] [Decorations] CAPPING events from decorations provider vscode.git 412
2024-02-05 23:54:47.442 [warning] [Decorations] CAPPING events from decorations provider vscode.git 412
2024-02-05 23:55:06.054 [warning] [Decorations] CAPPING events from decorations provider vscode.git 412
2024-02-05 23:55:23.292 [warning] [Decorations] CAPPING events from decorations provider vscode.git 412
2024-02-05 23:55:28.415 [warning] [Decorations] CAPPING events from decorations provider vscode.git 412
2024-02-05 23:55:33.538 [warning] [Decorations] CAPPING events from decorations provider vscode.git 412
2024-02-05 23:56:27.040 [warning] [Decorations] CAPPING events from decorations provider vscode.git 412
2024-02-05 23:56:32.168 [warning] [Decorations] CAPPING events from decorations provider vscode.git 412
2024-02-05 23:56:37.755 [warning] [Decorations] CAPPING events from decorations provider vscode.git 520
2024-02-05 23:56:43.167 [warning] [Decorations] CAPPING events from decorations provider vscode.git 5528
2024-02-05 23:56:48.532 [warning] [Decorations] CAPPING events from decorations provider vscode.git 5528
2024-02-05 23:56:53.705 [warning] [Decorations] CAPPING events from decorations provider vscode.git 5528
2024-02-05 23:56:58.879 [warning] [Decorations] CAPPING events from decorations provider vscode.git 5528
2024-02-05 23:57:04.072 [warning] [Decorations] CAPPING events from decorations provider vscode.git 5528
2024-02-05 23:57:09.282 [warning] [Decorations] CAPPING events from decorations provider vscode.git 5528
2024-02-05 23:57:44.941 [warning] [Decorations] CAPPING events from decorations provider vscode.git 5528
2024-02-05 23:57:50.205 [warning] [Decorations] CAPPING events from decorations provider vscode.git 5528
2024-02-05 23:57:55.455 [warning] [Decorations] CAPPING events from decorations provider vscode.git 5528
2024-02-05 23:58:00.659 [warning] [Decorations] CAPPING events from decorations provider vscode.git 5528
2024-02-05 23:58:05.847 [warning] [Decorations] CAPPING events from decorations provider vscode.git 5528
2024-02-05 23:58:11.039 [warning] [Decorations] CAPPING events from decorations provider vscode.git 5528
2024-02-05 23:58:13.414 [info] ExtensionService#_doActivateExtension vscode.json-language-features, startup: false, activationEvent: 'onLanguage:json'
2024-02-05 23:58:16.265 [warning] [Decorations] CAPPING events from decorations provider vscode.git 5529
2024-02-05 23:58:21.456 [warning] [Decorations] CAPPING events from decorations provider vscode.git 5529
2024-02-05 23:58:26.644 [warning] [Decorations] CAPPING events from decorations provider vscode.git 5529
2024-02-05 23:58:31.827 [warning] [Decorations] CAPPING events from decorations provider vscode.git 5529
2024-02-05 23:58:37.015 [warning] [Decorations] CAPPING events from decorations provider vscode.git 5529
2024-02-05 23:58:42.219 [warning] [Decorations] CAPPING events from decorations provider vscode.git 5529
2024-02-05 23:58:47.408 [warning] [Decorations] CAPPING events from decorations provider vscode.git 5529
2024-02-05 23:58:52.581 [warning] [Decorations] CAPPING events from decorations provider vscode.git 5529
2024-02-05 23:58:57.776 [warning] [Decorations] CAPPING events from decorations provider vscode.git 5529
2024-02-05 23:59:02.961 [warning] [Decorations] CAPPING events from decorations provider vscode.git 5529
2024-02-05 23:59:08.153 [warning] [Decorations] CAPPING events from decorations provider vscode.git 5529
2024-02-05 23:59:13.321 [warning] [Decorations] CAPPING events from decorations provider vscode.git 5532
2024-02-05 23:59:18.452 [warning] [Decorations] CAPPING events from decorations provider vscode.git 558
2024-02-05 23:59:23.591 [warning] [Decorations] CAPPING events from decorations provider vscode.git 558
2024-02-05 23:59:28.722 [warning] [Decorations] CAPPING events from decorations provider vscode.git 558
2024-02-05 23:59:33.839 [warning] [Decorations] CAPPING events from decorations provider vscode.git 558
2024-02-05 23:59:39.033 [warning] [Decorations] CAPPING events from decorations provider vscode.git 5532
2024-02-05 23:59:44.267 [warning] [Decorations] CAPPING events from decorations provider vscode.git 5531
2024-02-05 23:59:49.465 [warning] [Decorations] CAPPING events from decorations provider vscode.git 5531
2024-02-05 23:59:54.636 [warning] [Decorations] CAPPING events from decorations provider vscode.git 5531
2024-02-05 23:59:59.827 [warning] [Decorations] CAPPING events from decorations provider vscode.git 5531
2024-02-06 00:00:05.508 [warning] [Decorations] CAPPING events from decorations provider vscode.git 5531
2024-02-06 00:00:10.928 [warning] [Decorations] CAPPING events from decorations provider vscode.git 5531
2024-02-06 00:00:16.158 [warning] [Decorations] CAPPING events from decorations provider vscode.git 5531
2024-02-06 00:00:21.444 [warning] [Decorations] CAPPING events from decorations provider vscode.git 5532
2024-02-06 00:00:26.643 [warning] [Decorations] CAPPING events from decorations provider vscode.git 5532
2024-02-06 00:00:31.857 [warning] [Decorations] CAPPING events from decorations provider vscode.git 5532
2024-02-06 00:00:41.245 [warning] [Decorations] CAPPING events from decorations provider vscode.git 5534
2024-02-06 00:00:46.454 [warning] [Decorations] CAPPING events from decorations provider vscode.git 5534
2024-02-06 00:00:51.642 [warning] [Decorations] CAPPING events from decorations provider vscode.git 5535
2024-02-06 00:00:56.891 [warning] [Decorations] CAPPING events from decorations provider vscode.git 5535
2024-02-06 00:01:02.262 [warning] [Decorations] CAPPING events from decorations provider vscode.git 5535
2024-02-06 00:01:08.820 [warning] [Decorations] CAPPING events from decorations provider vscode.git 5535
2024-02-06 00:01:14.012 [warning] [Decorations] CAPPING events from decorations provider vscode.git 5535
2024-02-06 00:01:19.220 [warning] [Decorations] CAPPING events from decorations provider vscode.git 5535
2024-02-06 00:01:24.439 [warning] [Decorations] CAPPING events from decorations provider vscode.git 5535
2024-02-06 00:01:29.656 [warning] [Decorations] CAPPING events from decorations provider vscode.git 5535
2024-02-06 00:04:30.338 [warning] [Decorations] CAPPING events from decorations provider vscode.git 5535
2024-02-06 00:04:35.531 [warning] [Decorations] CAPPING events from decorations provider vscode.git 5535
2024-02-06 00:04:40.776 [warning] [Decorations] CAPPING events from decorations provider vscode.git 5535
2024-02-06 00:04:45.970 [warning] [Decorations] CAPPING events from decorations provider vscode.git 5535
2024-02-06 00:04:51.180 [warning] [Decorations] CAPPING events from decorations provider vscode.git 5535
2024-02-06 00:04:56.404 [warning] [Decorations] CAPPING events from decorations provider vscode.git 5535
2024-02-06 00:05:01.752 [warning] [Decorations] CAPPING events from decorations provider vscode.git 5535
2024-02-06 00:05:06.944 [warning] [Decorations] CAPPING events from decorations provider vscode.git 5535
2024-02-06 00:05:12.140 [warning] [Decorations] CAPPING events from decorations provider vscode.git 5535
2024-02-06 00:05:17.331 [warning] [Decorations] CAPPING events from decorations provider vscode.git 5535
2024-02-06 00:05:22.523 [warning] [Decorations] CAPPING events from decorations provider vscode.git 5535
2024-02-06 00:05:27.731 [warning] [Decorations] CAPPING events from decorations provider vscode.git 5535
2024-02-06 00:05:32.977 [warning] [Decorations] CAPPING events from decorations provider vscode.git 5535
2024-02-06 00:05:38.172 [warning] [Decorations] CAPPING events from decorations provider vscode.git 5535
2024-02-06 00:05:43.355 [warning] [Decorations] CAPPING events from decorations provider vscode.git 5535
2024-02-06 00:05:48.554 [warning] [Decorations] CAPPING events from decorations provider vscode.git 5535
2024-02-06 00:06:03.517 [warning] [Decorations] CAPPING events from decorations provider vscode.git 5535
2024-02-06 00:06:43.584 [warning] [Decorations] CAPPING events from decorations provider vscode.git 5535
2024-02-06 00:06:48.777 [warning] [Decorations] CAPPING events from decorations provider vscode.git 5535
2024-02-06 00:07:41.314 [warning] [Decorations] CAPPING events from decorations provider vscode.git 5535
2024-02-06 00:07:46.543 [warning] [Decorations] CAPPING events from decorations provider vscode.git 5535
2024-02-06 00:07:51.760 [warning] [Decorations] CAPPING events from decorations provider vscode.git 5536
2024-02-06 00:07:56.971 [warning] [Decorations] CAPPING events from decorations provider vscode.git 5537
2024-02-06 00:08:02.217 [warning] [Decorations] CAPPING events from decorations provider vscode.git 5537
2024-02-06 00:08:07.418 [warning] [Decorations] CAPPING events from decorations provider vscode.git 5537
2024-02-06 00:08:12.604 [warning] [Decorations] CAPPING events from decorations provider vscode.git 5537
2024-02-06 00:08:17.802 [warning] [Decorations] CAPPING events from decorations provider vscode.git 5537
2024-02-06 00:08:23.014 [warning] [Decorations] CAPPING events from decorations provider vscode.git 5537
2024-02-06 00:08:29.539 [warning] [Decorations] CAPPING events from decorations provider vscode.git 5537
2024-02-06 00:08:34.742 [warning] [Decorations] CAPPING events from decorations provider vscode.git 5537
2024-02-06 00:08:39.934 [warning] [Decorations] CAPPING events from decorations provider vscode.git 5537
2024-02-06 00:08:45.141 [warning] [Decorations] CAPPING events from decorations provider vscode.git 5537
2024-02-06 00:08:50.344 [warning] [Decorations] CAPPING events from decorations provider vscode.git 5537
2024-02-06 00:08:55.539 [warning] [Decorations] CAPPING events from decorations provider vscode.git 5537
2024-02-06 00:09:00.742 [warning] [Decorations] CAPPING events from decorations provider vscode.git 5537
2024-02-06 00:09:05.930 [warning] [Decorations] CAPPING events from decorations provider vscode.git 5537
2024-02-06 00:09:11.122 [warning] [Decorations] CAPPING events from decorations provider vscode.git 5537
2024-02-06 00:09:16.328 [warning] [Decorations] CAPPING events from decorations provider vscode.git 5537
2024-02-06 00:09:21.520 [warning] [Decorations] CAPPING events from decorations provider vscode.git 5537
2024-02-06 00:09:26.838 [warning] [Decorations] CAPPING events from decorations provider vscode.git 5537
2024-02-06 00:09:32.030 [warning] [Decorations] CAPPING events from decorations provider vscode.git 5537
2024-02-06 00:09:37.222 [warning] [Decorations] CAPPING events from decorations provider vscode.git 5537
2024-02-06 00:09:42.432 [warning] [Decorations] CAPPING events from decorations provider vscode.git 5537
2024-02-06 00:09:47.610 [warning] [Decorations] CAPPING events from decorations provider vscode.git 5537
2024-02-06 00:09:52.899 [warning] [Decorations] CAPPING events from decorations provider vscode.git 5536
2024-02-06 00:09:58.100 [warning] [Decorations] CAPPING events from decorations provider vscode.git 5536
2024-02-06 00:10:03.298 [warning] [Decorations] CAPPING events from decorations provider vscode.git 5536
2024-02-06 00:10:08.609 [warning] [Decorations] CAPPING events from decorations provider vscode.git 5542
2024-02-06 00:10:13.796 [warning] [Decorations] CAPPING events from decorations provider vscode.git 5537
2024-02-06 00:10:19.039 [warning] [Decorations] CAPPING events from decorations provider vscode.git 5537
2024-02-06 00:10:24.237 [warning] [Decorations] CAPPING events from decorations provider vscode.git 5537
2024-02-06 00:10:29.441 [warning] [Decorations] CAPPING events from decorations provider vscode.git 5537
2024-02-06 00:10:34.631 [warning] [Decorations] CAPPING events from decorations provider vscode.git 5538
2024-02-06 00:10:39.837 [warning] [Decorations] CAPPING events from decorations provider vscode.git 5538
2024-02-06 00:10:45.047 [warning] [Decorations] CAPPING events from decorations provider vscode.git 5538
2024-02-06 00:10:50.250 [warning] [Decorations] CAPPING events from decorations provider vscode.git 5538
2024-02-06 00:10:55.472 [warning] [Decorations] CAPPING events from decorations provider vscode.git 5538
2024-02-06 00:11:00.687 [warning] [Decorations] CAPPING events from decorations provider vscode.git 5538
2024-02-06 00:11:05.900 [warning] [Decorations] CAPPING events from decorations provider vscode.git 5538
2024-02-06 00:11:11.115 [warning] [Decorations] CAPPING events from decorations provider vscode.git 5538
2024-02-06 00:11:16.318 [warning] [Decorations] CAPPING events from decorations provider vscode.git 5538
2024-02-06 00:11:21.509 [warning] [Decorations] CAPPING events from decorations provider vscode.git 5538
2024-02-06 00:11:26.714 [warning] [Decorations] CAPPING events from decorations provider vscode.git 5538
2024-02-06 00:11:31.990 [warning] [Decorations] CAPPING events from decorations provider vscode.git 5538
2024-02-06 00:11:37.184 [warning] [Decorations] CAPPING events from decorations provider vscode.git 5538
2024-02-06 00:11:42.420 [warning] [Decorations] CAPPING events from decorations provider vscode.git 5538
2024-02-06 00:11:47.699 [warning] [Decorations] CAPPING events from decorations provider vscode.git 5538
2024-02-06 00:11:52.908 [warning] [Decorations] CAPPING events from decorations provider vscode.git 5538
2024-02-06 00:11:58.101 [warning] [Decorations] CAPPING events from decorations provider vscode.git 5538
2024-02-06 00:12:03.288 [warning] [Decorations] CAPPING events from decorations provider vscode.git 5538
2024-02-06 00:12:08.497 [warning] [Decorations] CAPPING events from decorations provider vscode.git 5538
2024-02-06 00:12:13.695 [warning] [Decorations] CAPPING events from decorations provider vscode.git 5538
2024-02-06 00:12:18.963 [warning] [Decorations] CAPPING events from decorations provider vscode.git 5538
2024-02-06 00:12:24.157 [warning] [Decorations] CAPPING events from decorations provider vscode.git 5538
2024-02-06 00:12:29.357 [warning] [Decorations] CAPPING events from decorations provider vscode.git 5538
2024-02-06 00:12:34.555 [warning] [Decorations] CAPPING events from decorations provider vscode.git 5538
