2024-02-27 11:56:50.452 [info] Log level: Info
2024-02-27 11:56:50.452 [info] Validating found git in: "git"
2024-02-27 11:56:50.452 [info] Using git "2.30.2" from "git"
2024-02-27 11:56:50.452 [info] > git rev-parse --show-toplevel [136ms]
2024-02-27 11:56:50.651 [info] > git rev-parse --git-dir --git-common-dir [201ms]
2024-02-27 11:56:50.728 [info] Open repository: /home/bitnami
2024-02-27 11:56:51.063 [info] > git rev-parse --show-toplevel [215ms]
2024-02-27 11:56:51.074 [info] > git config --get commit.template [309ms]
2024-02-27 11:56:51.174 [info] > git rev-parse --show-toplevel [57ms]
2024-02-27 11:56:51.221 [info] > git for-each-ref --format=%(refname)%00%(upstream:short)%00%(objectname)%00%(upstream:track)%00%(upstream:remotename)%00%(upstream:remoteref) refs/heads/main refs/remotes/main [70ms]
2024-02-27 11:56:51.238 [info] > git rev-parse --show-toplevel [19ms]
2024-02-27 11:56:51.302 [info] > git rev-parse --show-toplevel [26ms]
2024-02-27 11:56:51.548 [info] > git rev-parse --show-toplevel [201ms]
2024-02-27 11:56:51.626 [info] > git rev-parse --show-toplevel [24ms]
2024-02-27 11:56:51.673 [info] > git rev-parse --show-toplevel [8ms]
2024-02-27 11:56:51.736 [info] > git rev-parse --show-toplevel [16ms]
2024-02-27 11:56:51.773 [info] > git rev-parse --show-toplevel [8ms]
2024-02-27 11:56:51.809 [info] > git rev-parse --show-toplevel [5ms]
2024-02-27 11:56:51.845 [info] > git rev-parse --show-toplevel [17ms]
2024-02-27 11:56:51.874 [info] > git rev-parse --show-toplevel [7ms]
2024-02-27 11:56:51.916 [info] > git rev-parse --show-toplevel [8ms]
2024-02-27 11:56:51.954 [info] > git check-ignore -v -z --stdin [409ms]
2024-02-27 11:56:51.966 [info] > git rev-parse --show-toplevel [12ms]
2024-02-27 11:56:52.034 [info] > git rev-parse --git-dir --git-common-dir [23ms]
2024-02-27 11:56:52.041 [info] Open repository: /home/bitnami/todo
2024-02-27 11:56:52.151 [info] > git config --get commit.template [47ms]
2024-02-27 11:56:52.156 [info] > git rev-parse --show-toplevel [29ms]
2024-02-27 11:56:52.266 [info] > git show --textconv :blogger/app_server/controllers/blog.js [72ms]
2024-02-27 11:56:52.279 [info] > git ls-files --stage -- /home/bitnami/blogger/app_server/controllers/blog.js [47ms]
2024-02-27 11:56:52.289 [info] > git for-each-ref --format %(refname) %(objectname) %(*objectname) refs/tags [30ms]
2024-02-27 11:56:52.309 [info] > git cat-file -s ac07f38e42a95a3273c759f82a45f995a07c9795 [20ms]
2024-02-27 11:56:52.317 [info] > git status -z -uall [18ms]
2024-02-27 11:56:52.376 [info] > git config --get commit.template [4ms]
2024-02-27 11:56:52.435 [info] > git for-each-ref --format %(refname) %(objectname) %(*objectname) refs/tags [7ms]
2024-02-27 11:56:52.445 [info] > git status -z -uall [3ms]
2024-02-27 11:56:52.684 [info] > git status -z -uall [1448ms]
2024-02-27 11:56:52.939 [info] > git check-ignore -v -z --stdin [258ms]
2024-02-27 11:56:52.940 [info] > git config --get commit.template [215ms]
2024-02-27 11:56:52.976 [info] > git for-each-ref --format=%(refname)%00%(upstream:short)%00%(objectname)%00%(upstream:track)%00%(upstream:remotename)%00%(upstream:remoteref) refs/heads/main refs/remotes/main [16ms]
2024-02-27 11:56:53.573 [info] > git status -z -uall [538ms]
2024-02-27 11:57:01.156 [info] > git config --get commit.template [9ms]
2024-02-27 11:57:01.158 [info] > git for-each-ref --format=%(refname)%00%(upstream:short)%00%(objectname)%00%(upstream:track)%00%(upstream:remotename)%00%(upstream:remoteref) refs/heads/main refs/remotes/main [3ms]
2024-02-27 11:57:01.524 [info] > git status -z -uall [358ms]
2024-02-27 11:57:06.542 [info] > git config --get commit.template [2ms]
2024-02-27 11:57:06.551 [info] > git for-each-ref --format=%(refname)%00%(upstream:short)%00%(objectname)%00%(upstream:track)%00%(upstream:remotename)%00%(upstream:remoteref) refs/heads/main refs/remotes/main [1ms]
2024-02-27 11:57:06.745 [info] > git status -z -uall [187ms]
2024-02-27 11:57:11.775 [info] > git config --get commit.template [17ms]
2024-02-27 11:57:11.775 [info] > git for-each-ref --format=%(refname)%00%(upstream:short)%00%(objectname)%00%(upstream:track)%00%(upstream:remotename)%00%(upstream:remoteref) refs/heads/main refs/remotes/main [1ms]
2024-02-27 11:57:11.989 [info] > git status -z -uall [207ms]
2024-02-27 11:57:16.967 [info] > git check-ignore -v -z --stdin [15ms]
2024-02-27 11:57:17.004 [info] > git config --get commit.template [1ms]
2024-02-27 11:57:17.014 [info] > git for-each-ref --format=%(refname)%00%(upstream:short)%00%(objectname)%00%(upstream:track)%00%(upstream:remotename)%00%(upstream:remoteref) refs/heads/main refs/remotes/main [2ms]
2024-02-27 11:57:17.206 [info] > git status -z -uall [185ms]
2024-02-27 11:57:18.642 [info] > git show --textconv :blogger/app.js [54ms]
2024-02-27 11:57:18.643 [info] > git ls-files --stage -- /home/bitnami/blogger/app.js [40ms]
2024-02-27 11:57:18.686 [info] > git cat-file -s 1aca20c0dce9627247fe0d4d0e7522d23acbfccd [14ms]
2024-02-27 11:57:22.246 [info] > git config --get commit.template [9ms]
2024-02-27 11:57:22.247 [info] > git for-each-ref --format=%(refname)%00%(upstream:short)%00%(objectname)%00%(upstream:track)%00%(upstream:remotename)%00%(upstream:remoteref) refs/heads/main refs/remotes/main [3ms]
2024-02-27 11:57:22.462 [info] > git status -z -uall [206ms]
2024-02-27 11:57:27.488 [info] > git config --get commit.template [8ms]
2024-02-27 11:57:27.489 [info] > git for-each-ref --format=%(refname)%00%(upstream:short)%00%(objectname)%00%(upstream:track)%00%(upstream:remotename)%00%(upstream:remoteref) refs/heads/main refs/remotes/main [2ms]
2024-02-27 11:57:27.679 [info] > git status -z -uall [184ms]
2024-02-27 11:58:32.065 [info] > git config --get commit.template [2ms]
2024-02-27 11:58:32.074 [info] > git for-each-ref --format=%(refname)%00%(upstream:short)%00%(objectname)%00%(upstream:track)%00%(upstream:remotename)%00%(upstream:remoteref) refs/heads/main refs/remotes/main [3ms]
2024-02-27 11:58:32.276 [info] > git status -z -uall [193ms]
2024-02-27 11:58:36.367 [info] > git check-ignore -v -z --stdin [12ms]
2024-02-27 11:58:37.297 [info] > git config --get commit.template [2ms]
2024-02-27 11:58:37.306 [info] > git for-each-ref --format=%(refname)%00%(upstream:short)%00%(objectname)%00%(upstream:track)%00%(upstream:remotename)%00%(upstream:remoteref) refs/heads/main refs/remotes/main [1ms]
2024-02-27 11:58:37.545 [info] > git status -z -uall [231ms]
2024-02-27 11:58:37.774 [info] > git show --textconv :blogger/app_api/controllers/blogs.js [38ms]
2024-02-27 11:58:37.777 [info] > git ls-files --stage -- /home/bitnami/blogger/app_api/controllers/blogs.js [25ms]
2024-02-27 11:58:37.800 [info] > git cat-file -s c77029e0e76b5dae968b3a1be1d10c009d86282f [5ms]
2024-02-27 11:58:42.569 [info] > git config --get commit.template [11ms]
2024-02-27 11:58:42.569 [info] > git for-each-ref --format=%(refname)%00%(upstream:short)%00%(objectname)%00%(upstream:track)%00%(upstream:remotename)%00%(upstream:remoteref) refs/heads/main refs/remotes/main [2ms]
2024-02-27 11:58:42.757 [info] > git status -z -uall [181ms]
2024-02-27 11:58:45.555 [info] > git show --textconv :blogger/app_server/controllers/blog.js [16ms]
2024-02-27 11:58:45.559 [info] > git ls-files --stage -- /home/bitnami/blogger/app_server/controllers/blog.js [11ms]
2024-02-27 11:58:45.571 [info] > git cat-file -s ac07f38e42a95a3273c759f82a45f995a07c9795 [3ms]
2024-02-27 11:58:47.772 [info] > git config --get commit.template [2ms]
2024-02-27 11:58:47.780 [info] > git for-each-ref --format=%(refname)%00%(upstream:short)%00%(objectname)%00%(upstream:track)%00%(upstream:remotename)%00%(upstream:remoteref) refs/heads/main refs/remotes/main [2ms]
2024-02-27 11:58:47.989 [info] > git status -z -uall [203ms]
2024-02-27 11:58:49.607 [info] > git ls-files --stage -- /home/bitnami/blogger/app_api/controllers/blogs.js [21ms]
2024-02-27 11:58:49.616 [info] > git show --textconv :blogger/app_api/controllers/blogs.js [39ms]
2024-02-27 11:58:49.618 [info] > git cat-file -s c77029e0e76b5dae968b3a1be1d10c009d86282f [1ms]
2024-02-27 11:58:53.005 [info] > git config --get commit.template [2ms]
2024-02-27 11:58:53.012 [info] > git for-each-ref --format=%(refname)%00%(upstream:short)%00%(objectname)%00%(upstream:track)%00%(upstream:remotename)%00%(upstream:remoteref) refs/heads/main refs/remotes/main [2ms]
2024-02-27 11:58:53.200 [info] > git status -z -uall [181ms]
2024-02-27 11:58:58.222 [info] > git config --get commit.template [8ms]
2024-02-27 11:58:58.222 [info] > git for-each-ref --format=%(refname)%00%(upstream:short)%00%(objectname)%00%(upstream:track)%00%(upstream:remotename)%00%(upstream:remoteref) refs/heads/main refs/remotes/main [1ms]
2024-02-27 11:58:58.412 [info] > git status -z -uall [182ms]
2024-02-27 11:59:06.183 [info] > git config --get commit.template [10ms]
2024-02-27 11:59:06.184 [info] > git for-each-ref --format=%(refname)%00%(upstream:short)%00%(objectname)%00%(upstream:track)%00%(upstream:remotename)%00%(upstream:remoteref) refs/heads/main refs/remotes/main [3ms]
2024-02-27 11:59:06.395 [info] > git status -z -uall [203ms]
2024-02-27 11:59:11.413 [info] > git config --get commit.template [2ms]
2024-02-27 11:59:11.422 [info] > git for-each-ref --format=%(refname)%00%(upstream:short)%00%(objectname)%00%(upstream:track)%00%(upstream:remotename)%00%(upstream:remoteref) refs/heads/main refs/remotes/main [2ms]
2024-02-27 11:59:11.619 [info] > git status -z -uall [190ms]
2024-02-27 11:59:16.643 [info] > git config --get commit.template [9ms]
2024-02-27 11:59:16.644 [info] > git for-each-ref --format=%(refname)%00%(upstream:short)%00%(objectname)%00%(upstream:track)%00%(upstream:remotename)%00%(upstream:remoteref) refs/heads/main refs/remotes/main [2ms]
2024-02-27 11:59:16.826 [info] > git status -z -uall [176ms]
2024-02-27 11:59:30.822 [info] > git config --get commit.template [2ms]
2024-02-27 11:59:30.833 [info] > git for-each-ref --format=%(refname)%00%(upstream:short)%00%(objectname)%00%(upstream:track)%00%(upstream:remotename)%00%(upstream:remoteref) refs/heads/main refs/remotes/main [2ms]
2024-02-27 11:59:31.027 [info] > git status -z -uall [178ms]
2024-02-27 11:59:36.047 [info] > git config --get commit.template [8ms]
2024-02-27 11:59:36.047 [info] > git for-each-ref --format=%(refname)%00%(upstream:short)%00%(objectname)%00%(upstream:track)%00%(upstream:remotename)%00%(upstream:remoteref) refs/heads/main refs/remotes/main [1ms]
2024-02-27 11:59:36.244 [info] > git status -z -uall [189ms]
2024-02-27 11:59:41.262 [info] > git config --get commit.template [7ms]
2024-02-27 11:59:41.263 [info] > git for-each-ref --format=%(refname)%00%(upstream:short)%00%(objectname)%00%(upstream:track)%00%(upstream:remotename)%00%(upstream:remoteref) refs/heads/main refs/remotes/main [2ms]
2024-02-27 11:59:41.471 [info] > git status -z -uall [202ms]
2024-02-27 11:59:46.495 [info] > git config --get commit.template [9ms]
2024-02-27 11:59:46.498 [info] > git for-each-ref --format=%(refname)%00%(upstream:short)%00%(objectname)%00%(upstream:track)%00%(upstream:remotename)%00%(upstream:remoteref) refs/heads/main refs/remotes/main [4ms]
2024-02-27 11:59:46.903 [info] > git status -z -uall [359ms]
2024-02-27 11:59:51.932 [info] > git config --get commit.template [14ms]
2024-02-27 11:59:51.933 [info] > git for-each-ref --format=%(refname)%00%(upstream:short)%00%(objectname)%00%(upstream:track)%00%(upstream:remotename)%00%(upstream:remoteref) refs/heads/main refs/remotes/main [2ms]
2024-02-27 11:59:52.144 [info] > git status -z -uall [204ms]
2024-02-27 11:59:57.167 [info] > git config --get commit.template [3ms]
2024-02-27 11:59:57.176 [info] > git for-each-ref --format=%(refname)%00%(upstream:short)%00%(objectname)%00%(upstream:track)%00%(upstream:remotename)%00%(upstream:remoteref) refs/heads/main refs/remotes/main [1ms]
2024-02-27 11:59:57.366 [info] > git status -z -uall [183ms]
2024-02-27 12:00:02.424 [info] > git config --get commit.template [37ms]
2024-02-27 12:00:02.429 [info] > git for-each-ref --format=%(refname)%00%(upstream:short)%00%(objectname)%00%(upstream:track)%00%(upstream:remotename)%00%(upstream:remoteref) refs/heads/main refs/remotes/main [19ms]
2024-02-27 12:00:03.046 [info] > git status -z -uall [563ms]
2024-02-27 12:00:08.079 [info] > git config --get commit.template [14ms]
2024-02-27 12:00:08.082 [info] > git for-each-ref --format=%(refname)%00%(upstream:short)%00%(objectname)%00%(upstream:track)%00%(upstream:remotename)%00%(upstream:remoteref) refs/heads/main refs/remotes/main [3ms]
2024-02-27 12:00:08.330 [info] > git status -z -uall [216ms]
2024-02-27 12:00:13.347 [info] > git config --get commit.template [1ms]
2024-02-27 12:00:13.356 [info] > git for-each-ref --format=%(refname)%00%(upstream:short)%00%(objectname)%00%(upstream:track)%00%(upstream:remotename)%00%(upstream:remoteref) refs/heads/main refs/remotes/main [2ms]
2024-02-27 12:00:13.555 [info] > git status -z -uall [191ms]
2024-02-27 12:00:18.578 [info] > git config --get commit.template [10ms]
2024-02-27 12:00:18.579 [info] > git for-each-ref --format=%(refname)%00%(upstream:short)%00%(objectname)%00%(upstream:track)%00%(upstream:remotename)%00%(upstream:remoteref) refs/heads/main refs/remotes/main [2ms]
2024-02-27 12:00:18.784 [info] > git status -z -uall [198ms]
2024-02-27 12:00:23.827 [info] > git for-each-ref --format=%(refname)%00%(upstream:short)%00%(objectname)%00%(upstream:track)%00%(upstream:remotename)%00%(upstream:remoteref) refs/heads/main refs/remotes/main [2ms]
2024-02-27 12:00:23.828 [info] > git config --get commit.template [16ms]
2024-02-27 12:00:23.991 [info] > git show --textconv :blogger/app_server/controllers/blog.js [33ms]
2024-02-27 12:00:24.004 [info] > git ls-files --stage -- /home/bitnami/blogger/app_server/controllers/blog.js [33ms]
2024-02-27 12:00:24.035 [info] > git cat-file -s ac07f38e42a95a3273c759f82a45f995a07c9795 [17ms]
2024-02-27 12:00:24.056 [info] > git status -z -uall [217ms]
2024-02-27 12:00:29.085 [info] > git config --get commit.template [14ms]
2024-02-27 12:00:29.085 [info] > git for-each-ref --format=%(refname)%00%(upstream:short)%00%(objectname)%00%(upstream:track)%00%(upstream:remotename)%00%(upstream:remoteref) refs/heads/main refs/remotes/main [3ms]
2024-02-27 12:00:29.288 [info] > git status -z -uall [195ms]
2024-02-27 12:00:34.306 [info] > git config --get commit.template [6ms]
2024-02-27 12:00:34.306 [info] > git for-each-ref --format=%(refname)%00%(upstream:short)%00%(objectname)%00%(upstream:track)%00%(upstream:remotename)%00%(upstream:remoteref) refs/heads/main refs/remotes/main [1ms]
2024-02-27 12:00:34.484 [info] > git status -z -uall [173ms]
2024-02-27 12:00:39.502 [info] > git config --get commit.template [1ms]
2024-02-27 12:00:39.509 [info] > git for-each-ref --format=%(refname)%00%(upstream:short)%00%(objectname)%00%(upstream:track)%00%(upstream:remotename)%00%(upstream:remoteref) refs/heads/main refs/remotes/main [1ms]
2024-02-27 12:00:39.753 [info] > git status -z -uall [237ms]
2024-02-27 12:00:44.773 [info] > git config --get commit.template [7ms]
2024-02-27 12:00:44.774 [info] > git for-each-ref --format=%(refname)%00%(upstream:short)%00%(objectname)%00%(upstream:track)%00%(upstream:remotename)%00%(upstream:remoteref) refs/heads/main refs/remotes/main [1ms]
2024-02-27 12:00:44.970 [info] > git status -z -uall [191ms]
2024-02-27 12:00:49.998 [info] > git config --get commit.template [7ms]
2024-02-27 12:00:49.999 [info] > git for-each-ref --format=%(refname)%00%(upstream:short)%00%(objectname)%00%(upstream:track)%00%(upstream:remotename)%00%(upstream:remoteref) refs/heads/main refs/remotes/main [2ms]
2024-02-27 12:00:50.188 [info] > git status -z -uall [182ms]
2024-02-27 12:00:55.213 [info] > git config --get commit.template [13ms]
2024-02-27 12:00:55.214 [info] > git for-each-ref --format=%(refname)%00%(upstream:short)%00%(objectname)%00%(upstream:track)%00%(upstream:remotename)%00%(upstream:remoteref) refs/heads/main refs/remotes/main [2ms]
2024-02-27 12:00:55.406 [info] > git status -z -uall [185ms]
2024-02-27 12:01:00.421 [info] > git config --get commit.template [3ms]
2024-02-27 12:01:00.431 [info] > git for-each-ref --format=%(refname)%00%(upstream:short)%00%(objectname)%00%(upstream:track)%00%(upstream:remotename)%00%(upstream:remoteref) refs/heads/main refs/remotes/main [2ms]
2024-02-27 12:01:00.633 [info] > git status -z -uall [192ms]
2024-02-27 12:01:05.659 [info] > git config --get commit.template [7ms]
2024-02-27 12:01:05.660 [info] > git for-each-ref --format=%(refname)%00%(upstream:short)%00%(objectname)%00%(upstream:track)%00%(upstream:remotename)%00%(upstream:remoteref) refs/heads/main refs/remotes/main [2ms]
2024-02-27 12:01:05.864 [info] > git status -z -uall [198ms]
2024-02-27 12:01:10.882 [info] > git config --get commit.template [1ms]
2024-02-27 12:01:10.891 [info] > git for-each-ref --format=%(refname)%00%(upstream:short)%00%(objectname)%00%(upstream:track)%00%(upstream:remotename)%00%(upstream:remoteref) refs/heads/main refs/remotes/main [2ms]
2024-02-27 12:01:11.079 [info] > git status -z -uall [181ms]
2024-02-27 12:01:17.086 [info] > git config --get commit.template [9ms]
2024-02-27 12:01:17.087 [info] > git for-each-ref --format=%(refname)%00%(upstream:short)%00%(objectname)%00%(upstream:track)%00%(upstream:remotename)%00%(upstream:remoteref) refs/heads/main refs/remotes/main [2ms]
2024-02-27 12:01:17.314 [info] > git status -z -uall [216ms]
2024-02-27 12:01:22.340 [info] > git config --get commit.template [13ms]
2024-02-27 12:01:22.341 [info] > git for-each-ref --format=%(refname)%00%(upstream:short)%00%(objectname)%00%(upstream:track)%00%(upstream:remotename)%00%(upstream:remoteref) refs/heads/main refs/remotes/main [2ms]
2024-02-27 12:01:22.533 [info] > git status -z -uall [184ms]
2024-02-27 12:01:27.566 [info] > git config --get commit.template [19ms]
2024-02-27 12:01:27.568 [info] > git for-each-ref --format=%(refname)%00%(upstream:short)%00%(objectname)%00%(upstream:track)%00%(upstream:remotename)%00%(upstream:remoteref) refs/heads/main refs/remotes/main [3ms]
2024-02-27 12:01:27.798 [info] > git status -z -uall [207ms]
2024-02-27 12:01:32.818 [info] > git config --get commit.template [8ms]
2024-02-27 12:01:32.818 [info] > git for-each-ref --format=%(refname)%00%(upstream:short)%00%(objectname)%00%(upstream:track)%00%(upstream:remotename)%00%(upstream:remoteref) refs/heads/main refs/remotes/main [1ms]
2024-02-27 12:01:33.007 [info] > git status -z -uall [179ms]
2024-02-27 12:01:38.032 [info] > git config --get commit.template [8ms]
2024-02-27 12:01:38.033 [info] > git for-each-ref --format=%(refname)%00%(upstream:short)%00%(objectname)%00%(upstream:track)%00%(upstream:remotename)%00%(upstream:remoteref) refs/heads/main refs/remotes/main [1ms]
2024-02-27 12:01:38.231 [info] > git status -z -uall [192ms]
2024-02-27 12:01:46.686 [info] > git config --get commit.template [7ms]
2024-02-27 12:01:46.687 [info] > git for-each-ref --format=%(refname)%00%(upstream:short)%00%(objectname)%00%(upstream:track)%00%(upstream:remotename)%00%(upstream:remoteref) refs/heads/main refs/remotes/main [2ms]
2024-02-27 12:01:46.915 [info] > git status -z -uall [222ms]
2024-02-27 12:01:51.937 [info] > git config --get commit.template [2ms]
2024-02-27 12:01:51.945 [info] > git for-each-ref --format=%(refname)%00%(upstream:short)%00%(objectname)%00%(upstream:track)%00%(upstream:remotename)%00%(upstream:remoteref) refs/heads/main refs/remotes/main [2ms]
2024-02-27 12:01:52.146 [info] > git status -z -uall [194ms]
2024-02-27 12:01:57.174 [info] > git config --get commit.template [13ms]
2024-02-27 12:01:57.182 [info] > git for-each-ref --format=%(refname)%00%(upstream:short)%00%(objectname)%00%(upstream:track)%00%(upstream:remotename)%00%(upstream:remoteref) refs/heads/main refs/remotes/main [9ms]
2024-02-27 12:01:57.363 [info] > git status -z -uall [174ms]
2024-02-27 12:02:03.671 [info] > git config --get commit.template [1ms]
2024-02-27 12:02:03.682 [info] > git for-each-ref --format=%(refname)%00%(upstream:short)%00%(objectname)%00%(upstream:track)%00%(upstream:remotename)%00%(upstream:remoteref) refs/heads/main refs/remotes/main [2ms]
2024-02-27 12:02:03.872 [info] > git status -z -uall [178ms]
2024-02-27 12:02:42.511 [info] > git config --get commit.template [7ms]
2024-02-27 12:02:42.512 [info] > git for-each-ref --format=%(refname)%00%(upstream:short)%00%(objectname)%00%(upstream:track)%00%(upstream:remotename)%00%(upstream:remoteref) refs/heads/main refs/remotes/main [2ms]
2024-02-27 12:02:42.718 [info] > git status -z -uall [201ms]
2024-02-27 12:02:47.734 [info] > git config --get commit.template [3ms]
2024-02-27 12:02:47.742 [info] > git for-each-ref --format=%(refname)%00%(upstream:short)%00%(objectname)%00%(upstream:track)%00%(upstream:remotename)%00%(upstream:remoteref) refs/heads/main refs/remotes/main [2ms]
2024-02-27 12:02:47.934 [info] > git status -z -uall [186ms]
2024-02-27 12:02:52.961 [info] > git config --get commit.template [6ms]
2024-02-27 12:02:52.961 [info] > git for-each-ref --format=%(refname)%00%(upstream:short)%00%(objectname)%00%(upstream:track)%00%(upstream:remotename)%00%(upstream:remoteref) refs/heads/main refs/remotes/main [1ms]
2024-02-27 12:02:53.155 [info] > git status -z -uall [188ms]
2024-02-27 12:02:58.169 [info] > git config --get commit.template [2ms]
2024-02-27 12:02:58.183 [info] > git for-each-ref --format=%(refname)%00%(upstream:short)%00%(objectname)%00%(upstream:track)%00%(upstream:remotename)%00%(upstream:remoteref) refs/heads/main refs/remotes/main [3ms]
2024-02-27 12:02:58.403 [info] > git status -z -uall [198ms]
2024-02-27 12:03:03.418 [info] > git config --get commit.template [1ms]
2024-02-27 12:03:03.429 [info] > git for-each-ref --format=%(refname)%00%(upstream:short)%00%(objectname)%00%(upstream:track)%00%(upstream:remotename)%00%(upstream:remoteref) refs/heads/main refs/remotes/main [3ms]
2024-02-27 12:03:03.621 [info] > git status -z -uall [184ms]
2024-02-27 12:03:08.646 [info] > git config --get commit.template [7ms]
2024-02-27 12:03:08.647 [info] > git for-each-ref --format=%(refname)%00%(upstream:short)%00%(objectname)%00%(upstream:track)%00%(upstream:remotename)%00%(upstream:remoteref) refs/heads/main refs/remotes/main [2ms]
2024-02-27 12:03:08.840 [info] > git status -z -uall [187ms]
2024-02-27 12:03:13.864 [info] > git config --get commit.template [9ms]
2024-02-27 12:03:13.865 [info] > git for-each-ref --format=%(refname)%00%(upstream:short)%00%(objectname)%00%(upstream:track)%00%(upstream:remotename)%00%(upstream:remoteref) refs/heads/main refs/remotes/main [3ms]
2024-02-27 12:03:14.083 [info] > git status -z -uall [209ms]
2024-02-27 12:03:39.221 [info] > git config --get commit.template [13ms]
2024-02-27 12:03:39.222 [info] > git for-each-ref --format=%(refname)%00%(upstream:short)%00%(objectname)%00%(upstream:track)%00%(upstream:remotename)%00%(upstream:remoteref) refs/heads/main refs/remotes/main [3ms]
2024-02-27 12:03:39.460 [info] > git status -z -uall [230ms]
2024-02-27 12:03:39.600 [info] > git show --textconv :blogger/app_server/routes/index.js [38ms]
2024-02-27 12:03:39.600 [info] > git ls-files --stage -- /home/bitnami/blogger/app_server/routes/index.js [25ms]
2024-02-27 12:03:39.609 [info] > git cat-file -s 6595b2fcf9d1c769c79d1bd987885b30eb844229 [2ms]
2024-02-27 12:03:44.482 [info] > git config --get commit.template [9ms]
2024-02-27 12:03:44.483 [info] > git for-each-ref --format=%(refname)%00%(upstream:short)%00%(objectname)%00%(upstream:track)%00%(upstream:remotename)%00%(upstream:remoteref) refs/heads/main refs/remotes/main [2ms]
2024-02-27 12:03:44.676 [info] > git status -z -uall [187ms]
2024-02-27 12:03:59.441 [info] > git config --get commit.template [16ms]
2024-02-27 12:03:59.444 [info] > git for-each-ref --format=%(refname)%00%(upstream:short)%00%(objectname)%00%(upstream:track)%00%(upstream:remotename)%00%(upstream:remoteref) refs/heads/main refs/remotes/main [4ms]
2024-02-27 12:03:59.635 [info] > git status -z -uall [180ms]
2024-02-27 12:03:59.718 [info] > git show --textconv :blogger/app_server/controllers/blog.js [15ms]
2024-02-27 12:03:59.728 [info] > git ls-files --stage -- /home/bitnami/blogger/app_server/controllers/blog.js [15ms]
2024-02-27 12:03:59.750 [info] > git cat-file -s ac07f38e42a95a3273c759f82a45f995a07c9795 [15ms]
2024-02-27 12:04:04.651 [info] > git config --get commit.template [2ms]
2024-02-27 12:04:04.660 [info] > git for-each-ref --format=%(refname)%00%(upstream:short)%00%(objectname)%00%(upstream:track)%00%(upstream:remotename)%00%(upstream:remoteref) refs/heads/main refs/remotes/main [2ms]
2024-02-27 12:04:04.838 [info] > git status -z -uall [170ms]
2024-02-27 12:04:09.856 [info] > git config --get commit.template [3ms]
2024-02-27 12:04:09.864 [info] > git for-each-ref --format=%(refname)%00%(upstream:short)%00%(objectname)%00%(upstream:track)%00%(upstream:remotename)%00%(upstream:remoteref) refs/heads/main refs/remotes/main [2ms]
2024-02-27 12:04:10.063 [info] > git status -z -uall [193ms]
2024-02-27 12:04:15.081 [info] > git config --get commit.template [7ms]
2024-02-27 12:04:15.081 [info] > git for-each-ref --format=%(refname)%00%(upstream:short)%00%(objectname)%00%(upstream:track)%00%(upstream:remotename)%00%(upstream:remoteref) refs/heads/main refs/remotes/main [1ms]
2024-02-27 12:04:15.342 [info] > git status -z -uall [254ms]
2024-02-27 12:04:19.520 [info] > git show --textconv :blogger/app_api/routes/index.js [22ms]
2024-02-27 12:04:19.525 [info] > git ls-files --stage -- /home/bitnami/blogger/app_api/routes/index.js [18ms]
2024-02-27 12:04:19.533 [info] > git cat-file -s d38aa23aa380945d76ddcc3a88892023b272674c [2ms]
2024-02-27 12:04:20.360 [info] > git config --get commit.template [7ms]
2024-02-27 12:04:20.361 [info] > git for-each-ref --format=%(refname)%00%(upstream:short)%00%(objectname)%00%(upstream:track)%00%(upstream:remotename)%00%(upstream:remoteref) refs/heads/main refs/remotes/main [2ms]
2024-02-27 12:04:20.562 [info] > git status -z -uall [194ms]
2024-02-27 12:04:25.584 [info] > git config --get commit.template [2ms]
2024-02-27 12:04:25.593 [info] > git for-each-ref --format=%(refname)%00%(upstream:short)%00%(objectname)%00%(upstream:track)%00%(upstream:remotename)%00%(upstream:remoteref) refs/heads/main refs/remotes/main [2ms]
2024-02-27 12:04:25.794 [info] > git status -z -uall [194ms]
2024-02-27 12:04:29.250 [info] > git show --textconv :blogger/app_api/controllers/blogs.js [10ms]
2024-02-27 12:04:29.258 [info] > git ls-files --stage -- /home/bitnami/blogger/app_api/controllers/blogs.js [11ms]
2024-02-27 12:04:29.266 [info] > git cat-file -s c77029e0e76b5dae968b3a1be1d10c009d86282f [1ms]
2024-02-27 12:04:30.814 [info] > git config --get commit.template [8ms]
2024-02-27 12:04:30.816 [info] > git for-each-ref --format=%(refname)%00%(upstream:short)%00%(objectname)%00%(upstream:track)%00%(upstream:remotename)%00%(upstream:remoteref) refs/heads/main refs/remotes/main [3ms]
2024-02-27 12:04:31.000 [info] > git status -z -uall [176ms]
2024-02-27 12:04:36.024 [info] > git config --get commit.template [10ms]
2024-02-27 12:04:36.024 [info] > git for-each-ref --format=%(refname)%00%(upstream:short)%00%(objectname)%00%(upstream:track)%00%(upstream:remotename)%00%(upstream:remoteref) refs/heads/main refs/remotes/main [1ms]
2024-02-27 12:04:36.213 [info] > git status -z -uall [180ms]
2024-02-27 12:04:36.685 [info] > git show --textconv :blogger/app_server/controllers/blog.js [16ms]
2024-02-27 12:04:36.694 [info] > git ls-files --stage -- /home/bitnami/blogger/app_server/controllers/blog.js [15ms]
2024-02-27 12:04:36.704 [info] > git cat-file -s ac07f38e42a95a3273c759f82a45f995a07c9795 [2ms]
2024-02-27 12:04:41.270 [info] > git config --get commit.template [34ms]
2024-02-27 12:04:41.272 [info] > git for-each-ref --format=%(refname)%00%(upstream:short)%00%(objectname)%00%(upstream:track)%00%(upstream:remotename)%00%(upstream:remoteref) refs/heads/main refs/remotes/main [4ms]
2024-02-27 12:04:41.630 [info] > git status -z -uall [335ms]
2024-02-27 12:04:42.405 [info] > git show --textconv :blogger/app_server/routes/index.js [17ms]
2024-02-27 12:04:42.415 [info] > git ls-files --stage -- /home/bitnami/blogger/app_server/routes/index.js [13ms]
2024-02-27 12:04:42.425 [info] > git cat-file -s 6595b2fcf9d1c769c79d1bd987885b30eb844229 [2ms]
2024-02-27 12:04:46.651 [info] > git config --get commit.template [7ms]
2024-02-27 12:04:46.652 [info] > git for-each-ref --format=%(refname)%00%(upstream:short)%00%(objectname)%00%(upstream:track)%00%(upstream:remotename)%00%(upstream:remoteref) refs/heads/main refs/remotes/main [2ms]
2024-02-27 12:04:46.868 [info] > git status -z -uall [211ms]
2024-02-27 12:04:56.796 [info] > git config --get commit.template [7ms]
2024-02-27 12:04:56.797 [info] > git for-each-ref --format=%(refname)%00%(upstream:short)%00%(objectname)%00%(upstream:track)%00%(upstream:remotename)%00%(upstream:remoteref) refs/heads/main refs/remotes/main [2ms]
2024-02-27 12:04:56.988 [info] > git status -z -uall [184ms]
2024-02-27 12:05:02.017 [info] > git config --get commit.template [11ms]
2024-02-27 12:05:02.018 [info] > git for-each-ref --format=%(refname)%00%(upstream:short)%00%(objectname)%00%(upstream:track)%00%(upstream:remotename)%00%(upstream:remoteref) refs/heads/main refs/remotes/main [3ms]
2024-02-27 12:05:02.257 [info] > git status -z -uall [227ms]
2024-02-27 12:05:07.278 [info] > git config --get commit.template [7ms]
2024-02-27 12:05:07.279 [info] > git for-each-ref --format=%(refname)%00%(upstream:short)%00%(objectname)%00%(upstream:track)%00%(upstream:remotename)%00%(upstream:remoteref) refs/heads/main refs/remotes/main [2ms]
2024-02-27 12:05:07.467 [info] > git status -z -uall [180ms]
2024-02-27 12:05:12.489 [info] > git config --get commit.template [8ms]
2024-02-27 12:05:12.489 [info] > git for-each-ref --format=%(refname)%00%(upstream:short)%00%(objectname)%00%(upstream:track)%00%(upstream:remotename)%00%(upstream:remoteref) refs/heads/main refs/remotes/main [2ms]
2024-02-27 12:05:12.687 [info] > git status -z -uall [191ms]
2024-02-27 12:05:17.729 [info] > git config --get commit.template [25ms]
2024-02-27 12:05:17.730 [info] > git for-each-ref --format=%(refname)%00%(upstream:short)%00%(objectname)%00%(upstream:track)%00%(upstream:remotename)%00%(upstream:remoteref) refs/heads/main refs/remotes/main [2ms]
2024-02-27 12:05:17.927 [info] > git status -z -uall [188ms]
2024-02-27 12:05:22.951 [info] > git config --get commit.template [8ms]
2024-02-27 12:05:22.952 [info] > git for-each-ref --format=%(refname)%00%(upstream:short)%00%(objectname)%00%(upstream:track)%00%(upstream:remotename)%00%(upstream:remoteref) refs/heads/main refs/remotes/main [2ms]
2024-02-27 12:05:23.151 [info] > git status -z -uall [193ms]
2024-02-27 12:05:28.176 [info] > git config --get commit.template [12ms]
2024-02-27 12:05:28.177 [info] > git for-each-ref --format=%(refname)%00%(upstream:short)%00%(objectname)%00%(upstream:track)%00%(upstream:remotename)%00%(upstream:remoteref) refs/heads/main refs/remotes/main [2ms]
2024-02-27 12:05:28.387 [info] > git status -z -uall [198ms]
2024-02-27 12:05:33.415 [info] > git config --get commit.template [8ms]
2024-02-27 12:05:33.416 [info] > git for-each-ref --format=%(refname)%00%(upstream:short)%00%(objectname)%00%(upstream:track)%00%(upstream:remotename)%00%(upstream:remoteref) refs/heads/main refs/remotes/main [2ms]
2024-02-27 12:05:33.619 [info] > git status -z -uall [197ms]
2024-02-27 12:05:38.033 [info] > git show --textconv :blogger/nohup.out [25ms]
2024-02-27 12:05:38.033 [info] > git ls-files --stage -- /home/bitnami/blogger/nohup.out [14ms]
2024-02-27 12:05:38.042 [info] > git cat-file -s 706068a211c13a23461ad8fcc337a62864235652 [2ms]
2024-02-27 12:05:38.377 [info] > git check-ignore -v -z --stdin [3ms]
2024-02-27 12:05:38.384 [info] > git check-ignore -v -z --stdin [20ms]
2024-02-27 12:05:38.642 [info] > git config --get commit.template [7ms]
2024-02-27 12:05:38.642 [info] > git for-each-ref --format=%(refname)%00%(upstream:short)%00%(objectname)%00%(upstream:track)%00%(upstream:remotename)%00%(upstream:remoteref) refs/heads/main refs/remotes/main [2ms]
2024-02-27 12:05:38.846 [info] > git status -z -uall [198ms]
2024-02-27 12:05:43.869 [info] > git config --get commit.template [11ms]
2024-02-27 12:05:43.870 [info] > git for-each-ref --format=%(refname)%00%(upstream:short)%00%(objectname)%00%(upstream:track)%00%(upstream:remotename)%00%(upstream:remoteref) refs/heads/main refs/remotes/main [2ms]
2024-02-27 12:05:44.068 [info] > git status -z -uall [185ms]
2024-02-27 12:05:49.088 [info] > git config --get commit.template [9ms]
2024-02-27 12:05:49.088 [info] > git for-each-ref --format=%(refname)%00%(upstream:short)%00%(objectname)%00%(upstream:track)%00%(upstream:remotename)%00%(upstream:remoteref) refs/heads/main refs/remotes/main [1ms]
2024-02-27 12:05:49.276 [info] > git status -z -uall [181ms]
2024-02-27 12:05:54.296 [info] > git config --get commit.template [9ms]
2024-02-27 12:05:54.297 [info] > git for-each-ref --format=%(refname)%00%(upstream:short)%00%(objectname)%00%(upstream:track)%00%(upstream:remotename)%00%(upstream:remoteref) refs/heads/main refs/remotes/main [2ms]
2024-02-27 12:05:54.486 [info] > git status -z -uall [183ms]
2024-02-27 12:05:59.507 [info] > git config --get commit.template [9ms]
2024-02-27 12:05:59.508 [info] > git for-each-ref --format=%(refname)%00%(upstream:short)%00%(objectname)%00%(upstream:track)%00%(upstream:remotename)%00%(upstream:remoteref) refs/heads/main refs/remotes/main [2ms]
2024-02-27 12:05:59.701 [info] > git status -z -uall [186ms]
2024-02-27 12:06:04.717 [info] > git config --get commit.template [2ms]
2024-02-27 12:06:04.727 [info] > git for-each-ref --format=%(refname)%00%(upstream:short)%00%(objectname)%00%(upstream:track)%00%(upstream:remotename)%00%(upstream:remoteref) refs/heads/main refs/remotes/main [2ms]
2024-02-27 12:06:04.930 [info] > git status -z -uall [194ms]
2024-02-27 12:06:09.953 [info] > git config --get commit.template [9ms]
2024-02-27 12:06:09.954 [info] > git for-each-ref --format=%(refname)%00%(upstream:short)%00%(objectname)%00%(upstream:track)%00%(upstream:remotename)%00%(upstream:remoteref) refs/heads/main refs/remotes/main [3ms]
2024-02-27 12:06:10.186 [info] > git status -z -uall [223ms]
2024-02-27 12:06:10.570 [info] > git show --textconv :blogger/app_api/routes/index.js [14ms]
2024-02-27 12:06:10.578 [info] > git ls-files --stage -- /home/bitnami/blogger/app_api/routes/index.js [11ms]
2024-02-27 12:06:10.587 [info] > git cat-file -s d38aa23aa380945d76ddcc3a88892023b272674c [2ms]
2024-02-27 12:06:14.458 [info] > git show --textconv :blogger/app_server/controllers/blog.js [16ms]
2024-02-27 12:06:14.468 [info] > git ls-files --stage -- /home/bitnami/blogger/app_server/controllers/blog.js [15ms]
2024-02-27 12:06:14.477 [info] > git cat-file -s ac07f38e42a95a3273c759f82a45f995a07c9795 [2ms]
2024-02-27 12:06:15.211 [info] > git config --get commit.template [8ms]
2024-02-27 12:06:15.212 [info] > git for-each-ref --format=%(refname)%00%(upstream:short)%00%(objectname)%00%(upstream:track)%00%(upstream:remotename)%00%(upstream:remoteref) refs/heads/main refs/remotes/main [1ms]
2024-02-27 12:06:15.395 [info] > git status -z -uall [176ms]
2024-02-27 12:06:20.410 [info] > git config --get commit.template [1ms]
2024-02-27 12:06:20.418 [info] > git for-each-ref --format=%(refname)%00%(upstream:short)%00%(objectname)%00%(upstream:track)%00%(upstream:remotename)%00%(upstream:remoteref) refs/heads/main refs/remotes/main [2ms]
2024-02-27 12:06:20.610 [info] > git status -z -uall [185ms]
2024-02-27 12:06:25.555 [info] > git show --textconv :blogger/app_api/controllers/blogs.js [14ms]
2024-02-27 12:06:25.566 [info] > git ls-files --stage -- /home/bitnami/blogger/app_api/controllers/blogs.js [13ms]
2024-02-27 12:06:25.576 [info] > git cat-file -s c77029e0e76b5dae968b3a1be1d10c009d86282f [2ms]
2024-02-27 12:06:25.631 [info] > git config --get commit.template [8ms]
2024-02-27 12:06:25.632 [info] > git for-each-ref --format=%(refname)%00%(upstream:short)%00%(objectname)%00%(upstream:track)%00%(upstream:remotename)%00%(upstream:remoteref) refs/heads/main refs/remotes/main [2ms]
2024-02-27 12:06:25.839 [info] > git status -z -uall [198ms]
2024-02-27 12:06:30.859 [info] > git config --get commit.template [7ms]
2024-02-27 12:06:30.860 [info] > git for-each-ref --format=%(refname)%00%(upstream:short)%00%(objectname)%00%(upstream:track)%00%(upstream:remotename)%00%(upstream:remoteref) refs/heads/main refs/remotes/main [2ms]
2024-02-27 12:06:31.041 [info] > git status -z -uall [175ms]
2024-02-27 12:06:45.444 [info] > git config --get commit.template [7ms]
2024-02-27 12:06:45.445 [info] > git for-each-ref --format=%(refname)%00%(upstream:short)%00%(objectname)%00%(upstream:track)%00%(upstream:remotename)%00%(upstream:remoteref) refs/heads/main refs/remotes/main [1ms]
2024-02-27 12:06:45.644 [info] > git status -z -uall [191ms]
2024-02-27 12:06:45.800 [info] > git show --textconv :blogger/app_server/controllers/blog.js [20ms]
2024-02-27 12:06:45.810 [info] > git ls-files --stage -- /home/bitnami/blogger/app_server/controllers/blog.js [17ms]
2024-02-27 12:06:45.821 [info] > git cat-file -s ac07f38e42a95a3273c759f82a45f995a07c9795 [3ms]
2024-02-27 12:06:50.668 [info] > git config --get commit.template [7ms]
2024-02-27 12:06:50.669 [info] > git for-each-ref --format=%(refname)%00%(upstream:short)%00%(objectname)%00%(upstream:track)%00%(upstream:remotename)%00%(upstream:remoteref) refs/heads/main refs/remotes/main [2ms]
2024-02-27 12:06:50.898 [info] > git status -z -uall [223ms]
2024-02-27 12:06:55.923 [info] > git config --get commit.template [8ms]
2024-02-27 12:06:55.923 [info] > git for-each-ref --format=%(refname)%00%(upstream:short)%00%(objectname)%00%(upstream:track)%00%(upstream:remotename)%00%(upstream:remoteref) refs/heads/main refs/remotes/main [2ms]
2024-02-27 12:06:56.130 [info] > git status -z -uall [197ms]
2024-02-27 12:07:01.160 [info] > git config --get commit.template [12ms]
2024-02-27 12:07:01.161 [info] > git for-each-ref --format=%(refname)%00%(upstream:short)%00%(objectname)%00%(upstream:track)%00%(upstream:remotename)%00%(upstream:remoteref) refs/heads/main refs/remotes/main [1ms]
2024-02-27 12:07:01.411 [info] > git status -z -uall [235ms]
2024-02-27 12:07:06.137 [info] > git check-ignore -v -z --stdin [11ms]
2024-02-27 12:07:06.433 [info] > git config --get commit.template [8ms]
2024-02-27 12:07:06.434 [info] > git for-each-ref --format=%(refname)%00%(upstream:short)%00%(objectname)%00%(upstream:track)%00%(upstream:remotename)%00%(upstream:remoteref) refs/heads/main refs/remotes/main [2ms]
2024-02-27 12:07:06.647 [info] > git status -z -uall [204ms]
2024-02-27 12:07:07.082 [info] > git show --textconv :blogger/app_api/models/blogs.js [41ms]
2024-02-27 12:07:07.085 [info] > git ls-files --stage -- /home/bitnami/blogger/app_api/models/blogs.js [24ms]
2024-02-27 12:07:07.099 [info] > git cat-file -s 06c1222a88bc3bc441d0f9fe54081a1a87876175 [2ms]
2024-02-27 12:07:09.330 [info] > git show --textconv :blogger/app_api/models/db.js [18ms]
2024-02-27 12:07:09.333 [info] > git ls-files --stage -- /home/bitnami/blogger/app_api/models/db.js [13ms]
2024-02-27 12:07:09.342 [info] > git cat-file -s 16427094e552b26b0ab3e123148a1748718c2bf5 [2ms]
2024-02-27 12:07:11.391 [info] > git show --textconv :blogger/app_api/controllers/blogs.js [13ms]
2024-02-27 12:07:11.404 [info] > git ls-files --stage -- /home/bitnami/blogger/app_api/controllers/blogs.js [15ms]
2024-02-27 12:07:11.414 [info] > git cat-file -s c77029e0e76b5dae968b3a1be1d10c009d86282f [1ms]
2024-02-27 12:07:11.669 [info] > git config --get commit.template [7ms]
2024-02-27 12:07:11.670 [info] > git for-each-ref --format=%(refname)%00%(upstream:short)%00%(objectname)%00%(upstream:track)%00%(upstream:remotename)%00%(upstream:remoteref) refs/heads/main refs/remotes/main [2ms]
2024-02-27 12:07:11.857 [info] > git status -z -uall [181ms]
2024-02-27 12:07:16.878 [info] > git config --get commit.template [8ms]
2024-02-27 12:07:16.879 [info] > git for-each-ref --format=%(refname)%00%(upstream:short)%00%(objectname)%00%(upstream:track)%00%(upstream:remotename)%00%(upstream:remoteref) refs/heads/main refs/remotes/main [2ms]
2024-02-27 12:07:17.069 [info] > git status -z -uall [183ms]
2024-02-27 12:07:22.082 [info] > git config --get commit.template [1ms]
2024-02-27 12:07:22.091 [info] > git for-each-ref --format=%(refname)%00%(upstream:short)%00%(objectname)%00%(upstream:track)%00%(upstream:remotename)%00%(upstream:remoteref) refs/heads/main refs/remotes/main [1ms]
2024-02-27 12:07:22.316 [info] > git status -z -uall [217ms]
2024-02-27 12:07:27.330 [info] > git config --get commit.template [1ms]
2024-02-27 12:07:27.341 [info] > git for-each-ref --format=%(refname)%00%(upstream:short)%00%(objectname)%00%(upstream:track)%00%(upstream:remotename)%00%(upstream:remoteref) refs/heads/main refs/remotes/main [3ms]
2024-02-27 12:07:27.541 [info] > git status -z -uall [192ms]
2024-02-27 12:07:30.438 [info] > git show --textconv :blogger/app_server/controllers/blog.js [19ms]
2024-02-27 12:07:30.443 [info] > git ls-files --stage -- /home/bitnami/blogger/app_server/controllers/blog.js [13ms]
2024-02-27 12:07:30.453 [info] > git cat-file -s ac07f38e42a95a3273c759f82a45f995a07c9795 [1ms]
2024-02-27 12:07:32.563 [info] > git config --get commit.template [2ms]
2024-02-27 12:07:32.579 [info] > git for-each-ref --format=%(refname)%00%(upstream:short)%00%(objectname)%00%(upstream:track)%00%(upstream:remotename)%00%(upstream:remoteref) refs/heads/main refs/remotes/main [2ms]
2024-02-27 12:07:32.775 [info] > git status -z -uall [187ms]
2024-02-27 12:07:37.809 [info] > git config --get commit.template [12ms]
2024-02-27 12:07:37.809 [info] > git for-each-ref --format=%(refname)%00%(upstream:short)%00%(objectname)%00%(upstream:track)%00%(upstream:remotename)%00%(upstream:remoteref) refs/heads/main refs/remotes/main [6ms]
2024-02-27 12:07:38.006 [info] > git status -z -uall [188ms]
2024-02-27 12:07:43.018 [info] > git config --get commit.template [2ms]
2024-02-27 12:07:43.025 [info] > git for-each-ref --format=%(refname)%00%(upstream:short)%00%(objectname)%00%(upstream:track)%00%(upstream:remotename)%00%(upstream:remoteref) refs/heads/main refs/remotes/main [1ms]
2024-02-27 12:07:43.238 [info] > git status -z -uall [207ms]
2024-02-27 12:07:48.260 [info] > git config --get commit.template [10ms]
2024-02-27 12:07:48.260 [info] > git for-each-ref --format=%(refname)%00%(upstream:short)%00%(objectname)%00%(upstream:track)%00%(upstream:remotename)%00%(upstream:remoteref) refs/heads/main refs/remotes/main [3ms]
2024-02-27 12:07:48.464 [info] > git status -z -uall [197ms]
2024-02-27 12:07:53.482 [info] > git config --get commit.template [3ms]
2024-02-27 12:07:53.491 [info] > git for-each-ref --format=%(refname)%00%(upstream:short)%00%(objectname)%00%(upstream:track)%00%(upstream:remotename)%00%(upstream:remoteref) refs/heads/main refs/remotes/main [2ms]
2024-02-27 12:07:53.669 [info] > git status -z -uall [171ms]
2024-02-27 12:07:58.688 [info] > git config --get commit.template [3ms]
2024-02-27 12:07:58.696 [info] > git for-each-ref --format=%(refname)%00%(upstream:short)%00%(objectname)%00%(upstream:track)%00%(upstream:remotename)%00%(upstream:remoteref) refs/heads/main refs/remotes/main [1ms]
2024-02-27 12:07:58.949 [info] > git status -z -uall [246ms]
2024-02-27 12:08:04.458 [info] > git config --get commit.template [10ms]
2024-02-27 12:08:04.459 [info] > git for-each-ref --format=%(refname)%00%(upstream:short)%00%(objectname)%00%(upstream:track)%00%(upstream:remotename)%00%(upstream:remoteref) refs/heads/main refs/remotes/main [3ms]
2024-02-27 12:08:04.651 [info] > git status -z -uall [185ms]
2024-02-27 12:08:42.901 [info] > git config --get commit.template [15ms]
2024-02-27 12:08:42.904 [info] > git for-each-ref --format=%(refname)%00%(upstream:short)%00%(objectname)%00%(upstream:track)%00%(upstream:remotename)%00%(upstream:remoteref) refs/heads/main refs/remotes/main [4ms]
2024-02-27 12:08:43.104 [info] > git status -z -uall [192ms]
2024-02-27 12:08:48.156 [info] > git config --get commit.template [13ms]
2024-02-27 12:08:48.159 [info] > git for-each-ref --format=%(refname)%00%(upstream:short)%00%(objectname)%00%(upstream:track)%00%(upstream:remotename)%00%(upstream:remoteref) refs/heads/main refs/remotes/main [3ms]
2024-02-27 12:08:48.436 [info] > git status -z -uall [266ms]
2024-02-27 12:08:53.454 [info] > git config --get commit.template [4ms]
2024-02-27 12:08:53.461 [info] > git for-each-ref --format=%(refname)%00%(upstream:short)%00%(objectname)%00%(upstream:track)%00%(upstream:remotename)%00%(upstream:remoteref) refs/heads/main refs/remotes/main [1ms]
2024-02-27 12:08:53.624 [info] > git status -z -uall [156ms]
2024-02-27 12:08:58.643 [info] > git config --get commit.template [8ms]
2024-02-27 12:08:58.644 [info] > git for-each-ref --format=%(refname)%00%(upstream:short)%00%(objectname)%00%(upstream:track)%00%(upstream:remotename)%00%(upstream:remoteref) refs/heads/main refs/remotes/main [2ms]
2024-02-27 12:08:58.836 [info] > git status -z -uall [185ms]
2024-02-27 12:09:03.854 [info] > git config --get commit.template [1ms]
2024-02-27 12:09:03.863 [info] > git for-each-ref --format=%(refname)%00%(upstream:short)%00%(objectname)%00%(upstream:track)%00%(upstream:remotename)%00%(upstream:remoteref) refs/heads/main refs/remotes/main [1ms]
2024-02-27 12:09:04.081 [info] > git status -z -uall [210ms]
2024-02-27 12:09:09.103 [info] > git config --get commit.template [3ms]
2024-02-27 12:09:09.115 [info] > git for-each-ref --format=%(refname)%00%(upstream:short)%00%(objectname)%00%(upstream:track)%00%(upstream:remotename)%00%(upstream:remoteref) refs/heads/main refs/remotes/main [2ms]
2024-02-27 12:09:09.320 [info] > git status -z -uall [192ms]
2024-02-27 12:09:14.342 [info] > git config --get commit.template [8ms]
2024-02-27 12:09:14.343 [info] > git for-each-ref --format=%(refname)%00%(upstream:short)%00%(objectname)%00%(upstream:track)%00%(upstream:remotename)%00%(upstream:remoteref) refs/heads/main refs/remotes/main [2ms]
2024-02-27 12:09:14.528 [info] > git status -z -uall [178ms]
2024-02-27 12:09:19.582 [info] > git config --get commit.template [25ms]
2024-02-27 12:09:19.583 [info] > git for-each-ref --format=%(refname)%00%(upstream:short)%00%(objectname)%00%(upstream:track)%00%(upstream:remotename)%00%(upstream:remoteref) refs/heads/main refs/remotes/main [2ms]
2024-02-27 12:09:20.097 [info] > git status -z -uall [492ms]
2024-02-27 12:09:25.119 [info] > git config --get commit.template [8ms]
2024-02-27 12:09:25.120 [info] > git for-each-ref --format=%(refname)%00%(upstream:short)%00%(objectname)%00%(upstream:track)%00%(upstream:remotename)%00%(upstream:remoteref) refs/heads/main refs/remotes/main [2ms]
2024-02-27 12:09:25.320 [info] > git status -z -uall [191ms]
2024-02-27 12:09:30.342 [info] > git config --get commit.template [8ms]
2024-02-27 12:09:30.343 [info] > git for-each-ref --format=%(refname)%00%(upstream:short)%00%(objectname)%00%(upstream:track)%00%(upstream:remotename)%00%(upstream:remoteref) refs/heads/main refs/remotes/main [2ms]
2024-02-27 12:09:30.616 [info] > git status -z -uall [266ms]
2024-02-27 12:09:35.634 [info] > git config --get commit.template [2ms]
2024-02-27 12:09:35.642 [info] > git for-each-ref --format=%(refname)%00%(upstream:short)%00%(objectname)%00%(upstream:track)%00%(upstream:remotename)%00%(upstream:remoteref) refs/heads/main refs/remotes/main [1ms]
2024-02-27 12:09:35.833 [info] > git status -z -uall [184ms]
2024-02-27 12:09:40.855 [info] > git config --get commit.template [2ms]
2024-02-27 12:09:40.864 [info] > git for-each-ref --format=%(refname)%00%(upstream:short)%00%(objectname)%00%(upstream:track)%00%(upstream:remotename)%00%(upstream:remoteref) refs/heads/main refs/remotes/main [2ms]
2024-02-27 12:09:41.098 [info] > git status -z -uall [225ms]
2024-02-27 12:09:46.799 [info] > git config --get commit.template [11ms]
2024-02-27 12:09:46.801 [info] > git for-each-ref --format=%(refname)%00%(upstream:short)%00%(objectname)%00%(upstream:track)%00%(upstream:remotename)%00%(upstream:remoteref) refs/heads/main refs/remotes/main [3ms]
2024-02-27 12:09:46.989 [info] > git status -z -uall [181ms]
2024-02-27 12:09:49.977 [info] > git show --textconv :blogger/nohup.out [24ms]
2024-02-27 12:09:49.980 [info] > git ls-files --stage -- /home/bitnami/blogger/nohup.out [14ms]
2024-02-27 12:09:50.021 [info] > git cat-file -s 706068a211c13a23461ad8fcc337a62864235652 [33ms]
2024-02-27 12:09:52.003 [info] > git config --get commit.template [1ms]
2024-02-27 12:09:52.023 [info] > git for-each-ref --format=%(refname)%00%(upstream:short)%00%(objectname)%00%(upstream:track)%00%(upstream:remotename)%00%(upstream:remoteref) refs/heads/main refs/remotes/main [4ms]
2024-02-27 12:09:52.537 [info] > git status -z -uall [498ms]
2024-02-27 12:09:57.012 [info] > git show --textconv :blogger/app_api/routes/index.js [21ms]
2024-02-27 12:09:57.017 [info] > git ls-files --stage -- /home/bitnami/blogger/app_api/routes/index.js [13ms]
2024-02-27 12:09:57.027 [info] > git cat-file -s d38aa23aa380945d76ddcc3a88892023b272674c [1ms]
2024-02-27 12:09:57.561 [info] > git config --get commit.template [8ms]
2024-02-27 12:09:57.562 [info] > git for-each-ref --format=%(refname)%00%(upstream:short)%00%(objectname)%00%(upstream:track)%00%(upstream:remotename)%00%(upstream:remoteref) refs/heads/main refs/remotes/main [2ms]
2024-02-27 12:09:57.756 [info] > git status -z -uall [186ms]
2024-02-27 12:10:00.253 [info] > git show --textconv :blogger/app_api/controllers/blogs.js [13ms]
2024-02-27 12:10:00.264 [info] > git ls-files --stage -- /home/bitnami/blogger/app_api/controllers/blogs.js [13ms]
2024-02-27 12:10:00.278 [info] > git cat-file -s c77029e0e76b5dae968b3a1be1d10c009d86282f [3ms]
2024-02-27 12:10:02.778 [info] > git config --get commit.template [10ms]
2024-02-27 12:10:02.780 [info] > git for-each-ref --format=%(refname)%00%(upstream:short)%00%(objectname)%00%(upstream:track)%00%(upstream:remotename)%00%(upstream:remoteref) refs/heads/main refs/remotes/main [3ms]
2024-02-27 12:10:02.989 [info] > git status -z -uall [191ms]
2024-02-27 12:10:08.029 [info] > git config --get commit.template [20ms]
2024-02-27 12:10:08.031 [info] > git for-each-ref --format=%(refname)%00%(upstream:short)%00%(objectname)%00%(upstream:track)%00%(upstream:remotename)%00%(upstream:remoteref) refs/heads/main refs/remotes/main [3ms]
2024-02-27 12:10:08.220 [info] > git status -z -uall [180ms]
2024-02-27 12:10:18.334 [info] > git config --get commit.template [8ms]
2024-02-27 12:10:18.335 [info] > git for-each-ref --format=%(refname)%00%(upstream:short)%00%(objectname)%00%(upstream:track)%00%(upstream:remotename)%00%(upstream:remoteref) refs/heads/main refs/remotes/main [2ms]
2024-02-27 12:10:18.552 [info] > git status -z -uall [207ms]
2024-02-27 12:10:18.643 [info] > git show --textconv :blogger/app_api/routes/index.js [13ms]
2024-02-27 12:10:18.671 [info] > git ls-files --stage -- /home/bitnami/blogger/app_api/routes/index.js [30ms]
2024-02-27 12:10:18.680 [info] > git cat-file -s d38aa23aa380945d76ddcc3a88892023b272674c [1ms]
2024-02-27 12:10:20.121 [info] > git show --textconv :blogger/app_server/controllers/blog.js [42ms]
2024-02-27 12:10:20.149 [info] > git ls-files --stage -- /home/bitnami/blogger/app_server/controllers/blog.js [42ms]
2024-02-27 12:10:20.159 [info] > git cat-file -s ac07f38e42a95a3273c759f82a45f995a07c9795 [1ms]
2024-02-27 12:10:23.575 [info] > git config --get commit.template [8ms]
2024-02-27 12:10:23.576 [info] > git for-each-ref --format=%(refname)%00%(upstream:short)%00%(objectname)%00%(upstream:track)%00%(upstream:remotename)%00%(upstream:remoteref) refs/heads/main refs/remotes/main [2ms]
2024-02-27 12:10:23.811 [info] > git status -z -uall [229ms]
2024-02-27 12:11:03.191 [info] > git config --get commit.template [6ms]
2024-02-27 12:11:03.206 [info] > git for-each-ref --format=%(refname)%00%(upstream:short)%00%(objectname)%00%(upstream:track)%00%(upstream:remotename)%00%(upstream:remoteref) refs/heads/main refs/remotes/main [3ms]
2024-02-27 12:11:03.438 [info] > git status -z -uall [222ms]
2024-02-27 12:11:03.558 [info] > git show --textconv :blogger/app_api/controllers/blogs.js [35ms]
2024-02-27 12:11:03.558 [info] > git ls-files --stage -- /home/bitnami/blogger/app_api/controllers/blogs.js [21ms]
2024-02-27 12:11:03.568 [info] > git cat-file -s c77029e0e76b5dae968b3a1be1d10c009d86282f [3ms]
2024-02-27 12:11:08.462 [info] > git config --get commit.template [10ms]
2024-02-27 12:11:08.463 [info] > git for-each-ref --format=%(refname)%00%(upstream:short)%00%(objectname)%00%(upstream:track)%00%(upstream:remotename)%00%(upstream:remoteref) refs/heads/main refs/remotes/main [2ms]
2024-02-27 12:11:08.649 [info] > git status -z -uall [175ms]
2024-02-27 12:11:09.549 [info] > git show --textconv :blogger/app_api/routes/index.js [17ms]
2024-02-27 12:11:09.559 [info] > git ls-files --stage -- /home/bitnami/blogger/app_api/routes/index.js [23ms]
2024-02-27 12:11:09.568 [info] > git cat-file -s d38aa23aa380945d76ddcc3a88892023b272674c [2ms]
2024-02-27 12:11:12.340 [info] > git show --textconv :blogger/app_server/controllers/blog.js [13ms]
2024-02-27 12:11:12.351 [info] > git ls-files --stage -- /home/bitnami/blogger/app_server/controllers/blog.js [13ms]
2024-02-27 12:11:12.359 [info] > git cat-file -s ac07f38e42a95a3273c759f82a45f995a07c9795 [1ms]
2024-02-27 12:11:13.675 [info] > git config --get commit.template [12ms]
2024-02-27 12:11:13.676 [info] > git for-each-ref --format=%(refname)%00%(upstream:short)%00%(objectname)%00%(upstream:track)%00%(upstream:remotename)%00%(upstream:remoteref) refs/heads/main refs/remotes/main [2ms]
2024-02-27 12:11:13.893 [info] > git status -z -uall [209ms]
2024-02-27 12:11:18.910 [info] > git config --get commit.template [1ms]
2024-02-27 12:11:18.918 [info] > git for-each-ref --format=%(refname)%00%(upstream:short)%00%(objectname)%00%(upstream:track)%00%(upstream:remotename)%00%(upstream:remoteref) refs/heads/main refs/remotes/main [2ms]
2024-02-27 12:11:19.107 [info] > git status -z -uall [179ms]
2024-02-27 12:11:24.129 [info] > git config --get commit.template [9ms]
2024-02-27 12:11:24.129 [info] > git for-each-ref --format=%(refname)%00%(upstream:short)%00%(objectname)%00%(upstream:track)%00%(upstream:remotename)%00%(upstream:remoteref) refs/heads/main refs/remotes/main [1ms]
2024-02-27 12:11:24.313 [info] > git status -z -uall [177ms]
2024-02-27 12:11:29.330 [info] > git config --get commit.template [1ms]
2024-02-27 12:11:29.338 [info] > git for-each-ref --format=%(refname)%00%(upstream:short)%00%(objectname)%00%(upstream:track)%00%(upstream:remotename)%00%(upstream:remoteref) refs/heads/main refs/remotes/main [1ms]
2024-02-27 12:11:29.521 [info] > git status -z -uall [175ms]
2024-02-27 12:11:34.543 [info] > git config --get commit.template [8ms]
2024-02-27 12:11:34.544 [info] > git for-each-ref --format=%(refname)%00%(upstream:short)%00%(objectname)%00%(upstream:track)%00%(upstream:remotename)%00%(upstream:remoteref) refs/heads/main refs/remotes/main [2ms]
2024-02-27 12:11:34.739 [info] > git status -z -uall [187ms]
2024-02-27 12:11:39.760 [info] > git config --get commit.template [9ms]
2024-02-27 12:11:39.761 [info] > git for-each-ref --format=%(refname)%00%(upstream:short)%00%(objectname)%00%(upstream:track)%00%(upstream:remotename)%00%(upstream:remoteref) refs/heads/main refs/remotes/main [2ms]
2024-02-27 12:11:39.978 [info] > git status -z -uall [210ms]
2024-02-27 12:11:44.994 [info] > git config --get commit.template [1ms]
2024-02-27 12:11:45.002 [info] > git for-each-ref --format=%(refname)%00%(upstream:short)%00%(objectname)%00%(upstream:track)%00%(upstream:remotename)%00%(upstream:remoteref) refs/heads/main refs/remotes/main [1ms]
2024-02-27 12:11:45.191 [info] > git status -z -uall [181ms]
2024-02-27 12:12:01.060 [info] > git config --get commit.template [1ms]
2024-02-27 12:12:01.085 [info] > git for-each-ref --format=%(refname)%00%(upstream:short)%00%(objectname)%00%(upstream:track)%00%(upstream:remotename)%00%(upstream:remoteref) refs/heads/main refs/remotes/main [9ms]
2024-02-27 12:12:01.427 [info] > git status -z -uall [326ms]
2024-02-27 12:12:06.448 [info] > git config --get commit.template [8ms]
2024-02-27 12:12:06.449 [info] > git for-each-ref --format=%(refname)%00%(upstream:short)%00%(objectname)%00%(upstream:track)%00%(upstream:remotename)%00%(upstream:remoteref) refs/heads/main refs/remotes/main [2ms]
2024-02-27 12:12:06.630 [info] > git status -z -uall [174ms]
