2024-02-19 04:05:23.669 [info] Log level: Info
2024-02-19 04:05:23.669 [info] Validating found git in: "git"
2024-02-19 04:05:23.669 [info] Using git "2.30.2" from "git"
2024-02-19 04:05:23.669 [info] > git rev-parse --show-toplevel [472ms]
2024-02-19 04:05:23.911 [info] > git rev-parse --git-dir --git-common-dir [190ms]
2024-02-19 04:05:23.984 [info] Open repository: /home/bitnami
2024-02-19 04:05:24.344 [info] > git config --get commit.template [31ms]
2024-02-19 04:05:24.374 [info] > git rev-parse --show-toplevel [34ms]
2024-02-19 04:05:24.409 [info] > git for-each-ref --format=%(refname)%00%(upstream:short)%00%(objectname)%00%(upstream:track)%00%(upstream:remotename)%00%(upstream:remoteref) refs/heads/main refs/remotes/main [39ms]
2024-02-19 04:05:24.450 [info] > git rev-parse --show-toplevel [43ms]
2024-02-19 04:05:24.480 [info] > git rev-parse --show-toplevel [11ms]
2024-02-19 04:05:24.604 [info] > git rev-parse --show-toplevel [77ms]
2024-02-19 04:05:24.717 [info] > git rev-parse --show-toplevel [7ms]
2024-02-19 04:05:24.765 [info] > git rev-parse --show-toplevel [5ms]
2024-02-19 04:05:24.819 [info] > git rev-parse --show-toplevel [26ms]
2024-02-19 04:05:24.885 [info] > git rev-parse --show-toplevel [1ms]
2024-02-19 04:05:24.920 [info] > git check-ignore -v -z --stdin [101ms]
2024-02-19 04:05:24.953 [info] > git rev-parse --show-toplevel [33ms]
2024-02-19 04:05:25.013 [info] > git rev-parse --show-toplevel [6ms]
2024-02-19 04:05:25.041 [info] > git rev-parse --show-toplevel [3ms]
2024-02-19 04:05:25.073 [info] > git rev-parse --show-toplevel [7ms]
2024-02-19 04:05:25.093 [info] > git rev-parse --show-toplevel [7ms]
2024-02-19 04:05:25.119 [info] > git rev-parse --show-toplevel [7ms]
2024-02-19 04:05:25.136 [info] > git rev-parse --git-dir --git-common-dir [5ms]
2024-02-19 04:05:25.151 [info] Open repository: /home/bitnami/todo
2024-02-19 04:05:25.229 [info] > git config --get commit.template [36ms]
2024-02-19 04:05:25.244 [info] > git rev-parse --show-toplevel [30ms]
2024-02-19 04:05:25.320 [info] > git show --textconv :blogger/app_server/models/blogs.js [47ms]
2024-02-19 04:05:25.332 [info] > git ls-files --stage -- /home/bitnami/blogger/app_server/models/blogs.js [31ms]
2024-02-19 04:05:25.346 [info] > git cat-file -s e69de29bb2d1d6434b8b29ae775ad8c2e48c5391 [5ms]
2024-02-19 04:05:25.354 [info] > git for-each-ref --format=%(refname)%00%(upstream:short)%00%(objectname)%00%(upstream:track)%00%(upstream:remotename)%00%(upstream:remoteref) refs/heads/master refs/remotes/master [42ms]
2024-02-19 04:05:25.367 [warning] ENOENT: no such file or directory, open '/home/bitnami/todo/.git/refs/remotes/origin/master'
2024-02-19 04:05:25.370 [info] > git rev-parse refs/remotes/origin/master [4ms]
2024-02-19 04:05:25.404 [info] > git status -z -uall [14ms]
2024-02-19 04:05:25.492 [info] > git config --get commit.template [31ms]
2024-02-19 04:05:25.497 [info] > git for-each-ref --format=%(refname)%00%(upstream:short)%00%(objectname)%00%(upstream:track)%00%(upstream:remotename)%00%(upstream:remoteref) refs/heads/master refs/remotes/master [15ms]
2024-02-19 04:05:25.515 [warning] ENOENT: no such file or directory, open '/home/bitnami/todo/.git/refs/remotes/origin/master'
2024-02-19 04:05:25.685 [info] > git rev-parse refs/remotes/origin/master [170ms]
2024-02-19 04:05:25.794 [info] > git status -z -uall [54ms]
2024-02-19 04:05:25.856 [info] > git check-ignore -v -z --stdin [64ms]
2024-02-19 04:05:25.887 [info] > git check-ignore -v -z --stdin [123ms]
2024-02-19 04:05:26.783 [info] > git status -z -uall [2335ms]
2024-02-19 04:05:26.876 [info] > git config --get commit.template [15ms]
2024-02-19 04:05:26.896 [info] > git for-each-ref --format=%(refname)%00%(upstream:short)%00%(objectname)%00%(upstream:track)%00%(upstream:remotename)%00%(upstream:remoteref) refs/heads/main refs/remotes/main [2ms]
2024-02-19 04:05:27.942 [info] > git status -z -uall [1036ms]
2024-02-19 04:05:31.605 [info] > git config --get commit.template [21ms]
2024-02-19 04:05:31.613 [info] > git for-each-ref --format=%(refname)%00%(upstream:short)%00%(objectname)%00%(upstream:track)%00%(upstream:remotename)%00%(upstream:remoteref) refs/heads/main refs/remotes/main [18ms]
2024-02-19 04:05:32.739 [info] > git status -z -uall [1118ms]
