2024-02-12 23:04:03.287 [info] Log level: Info
2024-02-12 23:04:03.287 [info] Validating found git in: "git"
2024-02-12 23:04:03.287 [info] Using git "2.30.2" from "git"
2024-02-12 23:04:03.287 [info] > git rev-parse --show-toplevel [203ms]
2024-02-12 23:04:03.468 [info] > git rev-parse --git-dir --git-common-dir [165ms]
2024-02-12 23:04:03.541 [info] Open repository: /home/bitnami
2024-02-12 23:04:03.647 [info] > git config --get commit.template [41ms]
2024-02-12 23:04:03.655 [info] > git rev-parse --show-toplevel [15ms]
2024-02-12 23:04:03.712 [info] > git rev-parse --show-toplevel [19ms]
2024-02-12 23:04:03.734 [info] > git for-each-ref --format=%(refname)%00%(upstream:short)%00%(objectname)%00%(upstream:track)%00%(upstream:remotename)%00%(upstream:remoteref) refs/heads/main refs/remotes/main [61ms]
2024-02-12 23:04:03.751 [info] > git rev-parse --show-toplevel [17ms]
2024-02-12 23:04:03.770 [info] > git rev-parse --show-toplevel [3ms]
2024-02-12 23:04:03.792 [info] > git rev-parse --show-toplevel [3ms]
2024-02-12 23:04:03.863 [info] > git rev-parse --show-toplevel [31ms]
2024-02-12 23:04:03.932 [info] > git rev-parse --show-toplevel [35ms]
2024-02-12 23:04:03.950 [info] > git rev-parse --show-toplevel [3ms]
2024-02-12 23:04:03.973 [info] > git rev-parse --show-toplevel [14ms]
2024-02-12 23:04:04.040 [info] > git rev-parse --show-toplevel [11ms]
2024-02-12 23:04:04.102 [info] > git rev-parse --show-toplevel [4ms]
2024-02-12 23:04:04.140 [info] > git rev-parse --show-toplevel [6ms]
2024-02-12 23:04:04.177 [info] > git rev-parse --show-toplevel [21ms]
2024-02-12 23:04:04.212 [info] > git rev-parse --show-toplevel [3ms]
2024-02-12 23:04:04.238 [info] > git rev-parse --show-toplevel [17ms]
2024-02-12 23:04:04.282 [info] > git rev-parse --git-dir --git-common-dir [12ms]
2024-02-12 23:04:04.288 [info] Open repository: /home/bitnami/todo
2024-02-12 23:04:04.329 [info] > git check-ignore -v -z --stdin [153ms]
2024-02-12 23:04:04.359 [info] > git config --get commit.template [38ms]
2024-02-12 23:04:04.359 [info] > git rev-parse --show-toplevel [31ms]
2024-02-12 23:04:04.426 [info] > git for-each-ref --format=%(refname)%00%(upstream:short)%00%(objectname)%00%(upstream:track)%00%(upstream:remotename)%00%(upstream:remoteref) refs/heads/master refs/remotes/master [69ms]
2024-02-12 23:04:04.450 [warning] ENOENT: no such file or directory, open '/home/bitnami/todo/.git/refs/remotes/origin/master'
2024-02-12 23:04:04.452 [info] > git show --textconv :blogger2/bin/www [48ms]
2024-02-12 23:04:04.454 [info] > git ls-files --stage -- /home/bitnami/blogger2/bin/www [32ms]
2024-02-12 23:04:04.471 [info] > git rev-parse refs/remotes/origin/master [21ms]
2024-02-12 23:04:04.516 [info] > git status -z -uall [30ms]
2024-02-12 23:04:04.575 [info] > git config --get commit.template [22ms]
2024-02-12 23:04:04.597 [info] > git for-each-ref --format=%(refname)%00%(upstream:short)%00%(objectname)%00%(upstream:track)%00%(upstream:remotename)%00%(upstream:remoteref) refs/heads/master refs/remotes/master [24ms]
2024-02-12 23:04:04.608 [warning] ENOENT: no such file or directory, open '/home/bitnami/todo/.git/refs/remotes/origin/master'
2024-02-12 23:04:04.614 [info] > git rev-parse refs/remotes/origin/master [6ms]
2024-02-12 23:04:04.629 [info] > git status -z -uall [8ms]
2024-02-12 23:04:04.868 [info] > git check-ignore -v -z --stdin [13ms]
2024-02-12 23:04:06.209 [info] > git status -z -uall [2462ms]
2024-02-12 23:04:08.064 [info] > git config --get commit.template [141ms]
2024-02-12 23:04:08.110 [info] > git for-each-ref --format=%(refname)%00%(upstream:short)%00%(objectname)%00%(upstream:track)%00%(upstream:remotename)%00%(upstream:remoteref) refs/heads/main refs/remotes/main [32ms]
2024-02-12 23:04:09.638 [info] > git status -z -uall [1509ms]
2024-02-12 23:05:39.239 [info] > git check-ignore -v -z --stdin [31ms]
2024-02-12 23:06:11.894 [info] > git check-ignore -v -z --stdin [9ms]
2024-02-12 23:06:19.120 [info] > git check-ignore -v -z --stdin [10ms]
2024-02-12 23:06:30.551 [info] > git check-ignore -v -z --stdin [13ms]
2024-02-12 23:06:30.552 [info] > git check-ignore -v -z --stdin [4ms]
2024-02-12 23:06:35.509 [info] > git check-ignore -v -z --stdin [12ms]
2024-02-12 23:06:35.590 [info] > git ls-files --stage -- /home/bitnami/blogger/routes/index.js [13ms]
2024-02-12 23:06:35.611 [info] > git show --textconv :blogger/routes/index.js [49ms]
2024-02-12 23:06:35.611 [info] > git cat-file -s 1bed5821ce1785b80782c5ab0d67cedd326ac640 [9ms]
2024-02-12 23:10:25.779 [info] > git check-ignore -v -z --stdin [8ms]
2024-02-12 23:10:27.884 [info] > git show --textconv :blogger/nohup.out [15ms]
2024-02-12 23:10:27.887 [info] > git ls-files --stage -- /home/bitnami/blogger/nohup.out [9ms]
2024-02-12 23:10:27.896 [info] > git cat-file -s 06bc1cdf44ad916c2decf0711bac7924c0ff76b9 [2ms]
2024-02-12 23:11:07.321 [info] > git show --textconv :blogger/routes/index.js [16ms]
2024-02-12 23:11:07.323 [info] > git ls-files --stage -- /home/bitnami/blogger/routes/index.js [8ms]
2024-02-12 23:11:07.331 [info] > git cat-file -s 1bed5821ce1785b80782c5ab0d67cedd326ac640 [1ms]
2024-02-12 23:11:14.181 [info] > git merge-base refs/heads/main refs/remotes/origin/main [12ms]
2024-02-12 23:11:14.194 [info] > git merge-base refs/heads/master refs/remotes/origin/master [15ms]
2024-02-12 23:11:14.203 [info] > git rev-list --count --left-right refs/heads/main...refs/remotes/origin/main [10ms]
2024-02-12 23:11:14.204 [info] > git rev-list --count --left-right refs/heads/master...refs/remotes/origin/master [2ms]
2024-02-12 23:11:15.374 [info] > git check-ignore -v -z --stdin [21ms]
