2024-02-12 22:44:12.093 [info] Log level: Info
2024-02-12 22:44:12.096 [info] Validating found git in: "git"
2024-02-12 22:44:12.096 [info] Using git "2.30.2" from "git"
2024-02-12 22:44:12.096 [info] > git rev-parse --show-toplevel [2ms]
2024-02-12 22:44:12.096 [info] > git rev-parse --git-dir --git-common-dir [1ms]
2024-02-12 22:44:12.096 [info] Open repository: /home/bitnami
2024-02-12 22:44:12.096 [info] > git config --get commit.template [8ms]
2024-02-12 22:44:12.096 [info] > git rev-parse --show-toplevel [5ms]
2024-02-12 22:44:12.096 [info] > git for-each-ref --format=%(refname)%00%(upstream:short)%00%(objectname)%00%(upstream:track)%00%(upstream:remotename)%00%(upstream:remoteref) refs/heads/main refs/remotes/main [6ms]
2024-02-12 22:44:12.096 [info] > git rev-parse --show-toplevel [2ms]
2024-02-12 22:44:12.096 [info] > git rev-parse --show-toplevel [7ms]
2024-02-12 22:44:12.096 [info] > git rev-parse --show-toplevel [3ms]
2024-02-12 22:44:12.096 [info] > git rev-parse --show-toplevel [3ms]
2024-02-12 22:44:12.096 [info] > git rev-parse --show-toplevel [2ms]
2024-02-12 22:44:12.096 [info] > git rev-parse --show-toplevel [1ms]
2024-02-12 22:44:12.096 [info] > git rev-parse --show-toplevel [8ms]
2024-02-12 22:44:12.096 [info] > git rev-parse --show-toplevel [2ms]
2024-02-12 22:44:12.096 [info] > git rev-parse --show-toplevel [2ms]
2024-02-12 22:44:12.096 [info] > git rev-parse --show-toplevel [2ms]
2024-02-12 22:44:12.096 [info] > git rev-parse --show-toplevel [2ms]
2024-02-12 22:44:12.096 [info] > git rev-parse --show-toplevel [2ms]
2024-02-12 22:44:12.096 [info] > git rev-parse --show-toplevel [3ms]
2024-02-12 22:44:12.096 [info] > git rev-parse --git-dir --git-common-dir [3ms]
2024-02-12 22:44:12.096 [info] Open repository: /home/bitnami/todo
2024-02-12 22:44:12.096 [info] > git config --get commit.template [8ms]
2024-02-12 22:44:12.096 [info] > git status -z -uall [163ms]
2024-02-12 22:44:12.096 [info] > git rev-parse --show-toplevel [12ms]
2024-02-12 22:44:12.096 [info] > git for-each-ref --format=%(refname)%00%(upstream:short)%00%(objectname)%00%(upstream:track)%00%(upstream:remotename)%00%(upstream:remoteref) refs/heads/master refs/remotes/master [94ms]
2024-02-12 22:44:12.096 [warning] ENOENT: no such file or directory, open '/home/bitnami/todo/.git/refs/remotes/origin/master'
2024-02-12 22:44:12.096 [info] > git config --get commit.template [6ms]
2024-02-12 22:44:12.096 [info] > git rev-parse refs/remotes/origin/master [5ms]
2024-02-12 22:44:12.096 [info] > git for-each-ref --format=%(refname)%00%(upstream:short)%00%(objectname)%00%(upstream:track)%00%(upstream:remotename)%00%(upstream:remoteref) refs/heads/main refs/remotes/main [6ms]
2024-02-12 22:44:12.096 [info] > git status -z -uall [6ms]
2024-02-12 22:44:12.096 [info] > git status -z -uall [617ms]
2024-02-12 22:44:12.096 [info] > git config --get commit.template [576ms]
2024-02-12 22:44:12.101 [info] > git for-each-ref --format=%(refname)%00%(upstream:short)%00%(objectname)%00%(upstream:track)%00%(upstream:remotename)%00%(upstream:remoteref) refs/heads/master refs/remotes/master [18ms]
2024-02-12 22:44:12.118 [warning] ENOENT: no such file or directory, open '/home/bitnami/todo/.git/refs/remotes/origin/master'
2024-02-12 22:44:12.391 [info] > git rev-parse refs/remotes/origin/master [273ms]
2024-02-12 22:44:12.398 [info] > git status -z -uall [2ms]
2024-02-12 22:44:13.051 [info] > git check-ignore -v -z --stdin [132ms]
2024-02-12 22:44:13.685 [info] > git show --textconv :blogger/views/partials/nav.pug [127ms]
2024-02-12 22:44:13.686 [info] > git ls-files --stage -- /home/bitnami/blogger/views/partials/nav.pug [83ms]
2024-02-12 22:44:13.702 [info] > git cat-file -s 984daedfb75821f119f85b06f48905e28774051c [4ms]
2024-02-12 22:44:33.043 [info] > git for-each-ref --format=%(refname)%00%(upstream:short)%00%(objectname)%00%(upstream:track)%00%(upstream:remotename)%00%(upstream:remoteref) refs/heads/main refs/remotes/main [4ms]
2024-02-12 22:44:33.044 [info] > git config --get commit.template [11ms]
2024-02-12 22:44:33.173 [info] > git status -z -uall [123ms]
2024-02-12 22:44:38.235 [info] > git config --get commit.template [7ms]
2024-02-12 22:44:38.235 [info] > git for-each-ref --format=%(refname)%00%(upstream:short)%00%(objectname)%00%(upstream:track)%00%(upstream:remotename)%00%(upstream:remoteref) refs/heads/main refs/remotes/main [2ms]
2024-02-12 22:44:38.361 [info] > git status -z -uall [115ms]
2024-02-12 22:44:43.418 [info] > git config --get commit.template [7ms]
2024-02-12 22:44:43.418 [info] > git for-each-ref --format=%(refname)%00%(upstream:short)%00%(objectname)%00%(upstream:track)%00%(upstream:remotename)%00%(upstream:remoteref) refs/heads/main refs/remotes/main [2ms]
2024-02-12 22:44:43.550 [info] > git status -z -uall [126ms]
2024-02-12 22:44:48.650 [info] > git config --get commit.template [1ms]
2024-02-12 22:44:48.658 [info] > git for-each-ref --format=%(refname)%00%(upstream:short)%00%(objectname)%00%(upstream:track)%00%(upstream:remotename)%00%(upstream:remoteref) refs/heads/main refs/remotes/main [2ms]
2024-02-12 22:44:48.783 [info] > git status -z -uall [118ms]
2024-02-12 22:44:53.826 [info] > git config --get commit.template [9ms]
2024-02-12 22:44:53.827 [info] > git for-each-ref --format=%(refname)%00%(upstream:short)%00%(objectname)%00%(upstream:track)%00%(upstream:remotename)%00%(upstream:remoteref) refs/heads/main refs/remotes/main [2ms]
2024-02-12 22:44:53.947 [info] > git status -z -uall [113ms]
2024-02-12 22:46:09.129 [info] > git config --get commit.template [10ms]
2024-02-12 22:46:09.130 [info] > git for-each-ref --format=%(refname)%00%(upstream:short)%00%(objectname)%00%(upstream:track)%00%(upstream:remotename)%00%(upstream:remoteref) refs/heads/main refs/remotes/main [4ms]
2024-02-12 22:46:09.275 [info] > git status -z -uall [139ms]
2024-02-12 22:46:12.049 [info] > git check-ignore -v -z --stdin [7ms]
2024-02-12 22:46:14.325 [info] > git config --get commit.template [2ms]
2024-02-12 22:46:14.333 [info] > git for-each-ref --format=%(refname)%00%(upstream:short)%00%(objectname)%00%(upstream:track)%00%(upstream:remotename)%00%(upstream:remoteref) refs/heads/main refs/remotes/main [2ms]
2024-02-12 22:46:14.456 [info] > git status -z -uall [117ms]
2024-02-12 22:46:19.503 [info] > git config --get commit.template [1ms]
2024-02-12 22:46:19.510 [info] > git for-each-ref --format=%(refname)%00%(upstream:short)%00%(objectname)%00%(upstream:track)%00%(upstream:remotename)%00%(upstream:remoteref) refs/heads/main refs/remotes/main [1ms]
2024-02-12 22:46:19.620 [info] > git status -z -uall [105ms]
2024-02-12 22:46:20.789 [info] > git check-ignore -v -z --stdin [97ms]
2024-02-12 22:46:24.659 [info] > git config --get commit.template [7ms]
2024-02-12 22:46:24.659 [info] > git for-each-ref --format=%(refname)%00%(upstream:short)%00%(objectname)%00%(upstream:track)%00%(upstream:remotename)%00%(upstream:remoteref) refs/heads/main refs/remotes/main [2ms]
2024-02-12 22:46:24.792 [info] > git status -z -uall [127ms]
2024-02-12 22:46:29.845 [info] > git config --get commit.template [7ms]
2024-02-12 22:46:29.846 [info] > git for-each-ref --format=%(refname)%00%(upstream:short)%00%(objectname)%00%(upstream:track)%00%(upstream:remotename)%00%(upstream:remoteref) refs/heads/main refs/remotes/main [3ms]
2024-02-12 22:46:29.966 [info] > git status -z -uall [114ms]
2024-02-12 22:46:30.844 [info] > git check-ignore -v -z --stdin [14ms]
2024-02-12 22:46:35.006 [info] > git config --get commit.template [7ms]
2024-02-12 22:46:35.007 [info] > git for-each-ref --format=%(refname)%00%(upstream:short)%00%(objectname)%00%(upstream:track)%00%(upstream:remotename)%00%(upstream:remoteref) refs/heads/main refs/remotes/main [2ms]
2024-02-12 22:46:35.116 [info] > git status -z -uall [103ms]
2024-02-12 22:46:40.161 [info] > git config --get commit.template [10ms]
2024-02-12 22:46:40.162 [info] > git for-each-ref --format=%(refname)%00%(upstream:short)%00%(objectname)%00%(upstream:track)%00%(upstream:remotename)%00%(upstream:remoteref) refs/heads/main refs/remotes/main [3ms]
2024-02-12 22:46:40.292 [info] > git status -z -uall [124ms]
2024-02-12 22:46:45.334 [info] > git config --get commit.template [6ms]
2024-02-12 22:46:45.335 [info] > git for-each-ref --format=%(refname)%00%(upstream:short)%00%(objectname)%00%(upstream:track)%00%(upstream:remotename)%00%(upstream:remoteref) refs/heads/main refs/remotes/main [2ms]
2024-02-12 22:46:45.458 [info] > git status -z -uall [118ms]
2024-02-12 22:46:50.499 [info] > git config --get commit.template [8ms]
2024-02-12 22:46:50.500 [info] > git for-each-ref --format=%(refname)%00%(upstream:short)%00%(objectname)%00%(upstream:track)%00%(upstream:remotename)%00%(upstream:remoteref) refs/heads/main refs/remotes/main [2ms]
2024-02-12 22:46:50.618 [info] > git status -z -uall [110ms]
2024-02-12 22:46:53.601 [info] > git check-ignore -v -z --stdin [1ms]
2024-02-12 22:46:55.665 [info] > git config --get commit.template [7ms]
2024-02-12 22:46:55.666 [info] > git for-each-ref --format=%(refname)%00%(upstream:short)%00%(objectname)%00%(upstream:track)%00%(upstream:remotename)%00%(upstream:remoteref) refs/heads/main refs/remotes/main [2ms]
2024-02-12 22:46:55.778 [info] > git status -z -uall [106ms]
2024-02-12 22:46:56.825 [info] > git check-ignore -v -z --stdin [13ms]
2024-02-12 22:47:00.821 [info] > git config --get commit.template [9ms]
2024-02-12 22:47:00.822 [info] > git for-each-ref --format=%(refname)%00%(upstream:short)%00%(objectname)%00%(upstream:track)%00%(upstream:remotename)%00%(upstream:remoteref) refs/heads/main refs/remotes/main [2ms]
2024-02-12 22:47:00.987 [info] > git status -z -uall [157ms]
2024-02-12 22:47:01.665 [info] > git config --get commit.template [12ms]
2024-02-12 22:47:01.666 [info] > git for-each-ref --format=%(refname)%00%(upstream:short)%00%(objectname)%00%(upstream:track)%00%(upstream:remotename)%00%(upstream:remoteref) refs/heads/master refs/remotes/master [4ms]
2024-02-12 22:47:01.680 [warning] ENOENT: no such file or directory, open '/home/bitnami/todo/.git/refs/remotes/origin/master'
2024-02-12 22:47:01.682 [info] > git rev-parse refs/remotes/origin/master [2ms]
2024-02-12 22:47:01.692 [info] > git status -z -uall [2ms]
2024-02-12 22:47:04.980 [info] > git check-ignore -v -z --stdin [1ms]
2024-02-12 22:47:06.054 [info] > git config --get commit.template [14ms]
2024-02-12 22:47:06.055 [info] > git for-each-ref --format=%(refname)%00%(upstream:short)%00%(objectname)%00%(upstream:track)%00%(upstream:remotename)%00%(upstream:remoteref) refs/heads/main refs/remotes/main [1ms]
2024-02-12 22:47:06.203 [info] > git status -z -uall [140ms]
2024-02-12 22:47:06.709 [info] > git config --get commit.template [6ms]
2024-02-12 22:47:06.710 [info] > git for-each-ref --format=%(refname)%00%(upstream:short)%00%(objectname)%00%(upstream:track)%00%(upstream:remotename)%00%(upstream:remoteref) refs/heads/master refs/remotes/master [1ms]
2024-02-12 22:47:06.715 [warning] ENOENT: no such file or directory, open '/home/bitnami/todo/.git/refs/remotes/origin/master'
2024-02-12 22:47:06.718 [info] > git rev-parse refs/remotes/origin/master [3ms]
2024-02-12 22:47:06.731 [info] > git status -z -uall [8ms]
2024-02-12 22:47:11.241 [info] > git config --get commit.template [7ms]
2024-02-12 22:47:11.242 [info] > git for-each-ref --format=%(refname)%00%(upstream:short)%00%(objectname)%00%(upstream:track)%00%(upstream:remotename)%00%(upstream:remoteref) refs/heads/main refs/remotes/main [2ms]
2024-02-12 22:47:11.369 [info] > git status -z -uall [118ms]
2024-02-12 22:47:16.405 [info] > git config --get commit.template [7ms]
2024-02-12 22:47:16.406 [info] > git for-each-ref --format=%(refname)%00%(upstream:short)%00%(objectname)%00%(upstream:track)%00%(upstream:remotename)%00%(upstream:remoteref) refs/heads/main refs/remotes/main [2ms]
2024-02-12 22:47:16.520 [info] > git status -z -uall [108ms]
2024-02-12 22:47:16.993 [info] > git check-ignore -v -z --stdin [1ms]
2024-02-12 22:47:22.669 [info] > git config --get commit.template [7ms]
2024-02-12 22:47:22.669 [info] > git for-each-ref --format=%(refname)%00%(upstream:short)%00%(objectname)%00%(upstream:track)%00%(upstream:remotename)%00%(upstream:remoteref) refs/heads/main refs/remotes/main [2ms]
2024-02-12 22:47:22.790 [info] > git status -z -uall [113ms]
2024-02-12 22:47:24.408 [info] > git config --get commit.template [8ms]
2024-02-12 22:47:24.409 [info] > git for-each-ref --format=%(refname)%00%(upstream:short)%00%(objectname)%00%(upstream:track)%00%(upstream:remotename)%00%(upstream:remoteref) refs/heads/master refs/remotes/master [2ms]
2024-02-12 22:47:24.414 [warning] ENOENT: no such file or directory, open '/home/bitnami/todo/.git/refs/remotes/origin/master'
2024-02-12 22:47:24.416 [info] > git rev-parse refs/remotes/origin/master [2ms]
2024-02-12 22:47:24.423 [info] > git status -z -uall [2ms]
2024-02-12 22:47:27.834 [info] > git config --get commit.template [6ms]
2024-02-12 22:47:27.834 [info] > git for-each-ref --format=%(refname)%00%(upstream:short)%00%(objectname)%00%(upstream:track)%00%(upstream:remotename)%00%(upstream:remoteref) refs/heads/main refs/remotes/main [1ms]
2024-02-12 22:47:27.946 [info] > git status -z -uall [105ms]
2024-02-12 22:47:32.441 [info] > git check-ignore -v -z --stdin [6ms]
2024-02-12 22:47:35.578 [info] > git config --get commit.template [1ms]
2024-02-12 22:47:35.586 [info] > git for-each-ref --format=%(refname)%00%(upstream:short)%00%(objectname)%00%(upstream:track)%00%(upstream:remotename)%00%(upstream:remoteref) refs/heads/main refs/remotes/main [2ms]
2024-02-12 22:47:35.737 [info] > git status -z -uall [145ms]
2024-02-12 22:47:40.965 [info] > git config --get commit.template [10ms]
2024-02-12 22:47:40.965 [info] > git for-each-ref --format=%(refname)%00%(upstream:short)%00%(objectname)%00%(upstream:track)%00%(upstream:remotename)%00%(upstream:remoteref) refs/heads/main refs/remotes/main [2ms]
2024-02-12 22:47:41.101 [info] > git status -z -uall [126ms]
2024-02-12 22:47:42.597 [info] > git check-ignore -v -z --stdin [10ms]
2024-02-12 22:47:46.262 [info] > git config --get commit.template [8ms]
2024-02-12 22:47:46.263 [info] > git for-each-ref --format=%(refname)%00%(upstream:short)%00%(objectname)%00%(upstream:track)%00%(upstream:remotename)%00%(upstream:remoteref) refs/heads/main refs/remotes/main [2ms]
2024-02-12 22:47:46.416 [info] > git status -z -uall [145ms]
2024-02-12 22:47:48.251 [info] > git check-ignore -v -z --stdin [6ms]
2024-02-12 22:47:51.562 [info] > git config --get commit.template [9ms]
2024-02-12 22:47:51.563 [info] > git for-each-ref --format=%(refname)%00%(upstream:short)%00%(objectname)%00%(upstream:track)%00%(upstream:remotename)%00%(upstream:remoteref) refs/heads/main refs/remotes/main [2ms]
2024-02-12 22:47:51.689 [info] > git status -z -uall [119ms]
2024-02-12 22:47:56.803 [info] > git config --get commit.template [10ms]
2024-02-12 22:47:56.804 [info] > git for-each-ref --format=%(refname)%00%(upstream:short)%00%(objectname)%00%(upstream:track)%00%(upstream:remotename)%00%(upstream:remoteref) refs/heads/main refs/remotes/main [2ms]
2024-02-12 22:47:56.966 [info] > git status -z -uall [155ms]
2024-02-12 22:48:02.125 [info] > git config --get commit.template [2ms]
2024-02-12 22:48:02.143 [info] > git for-each-ref --format=%(refname)%00%(upstream:short)%00%(objectname)%00%(upstream:track)%00%(upstream:remotename)%00%(upstream:remoteref) refs/heads/main refs/remotes/main [8ms]
2024-02-12 22:48:02.331 [info] > git status -z -uall [165ms]
2024-02-12 22:48:07.439 [info] > git config --get commit.template [8ms]
2024-02-12 22:48:07.440 [info] > git for-each-ref --format=%(refname)%00%(upstream:short)%00%(objectname)%00%(upstream:track)%00%(upstream:remotename)%00%(upstream:remoteref) refs/heads/main refs/remotes/main [1ms]
2024-02-12 22:48:07.593 [info] > git status -z -uall [144ms]
2024-02-12 22:48:12.683 [info] > git config --get commit.template [9ms]
2024-02-12 22:48:12.684 [info] > git for-each-ref --format=%(refname)%00%(upstream:short)%00%(objectname)%00%(upstream:track)%00%(upstream:remotename)%00%(upstream:remoteref) refs/heads/main refs/remotes/main [2ms]
2024-02-12 22:48:12.814 [info] > git status -z -uall [123ms]
2024-02-12 22:48:17.905 [info] > git config --get commit.template [2ms]
2024-02-12 22:48:17.915 [info] > git for-each-ref --format=%(refname)%00%(upstream:short)%00%(objectname)%00%(upstream:track)%00%(upstream:remotename)%00%(upstream:remoteref) refs/heads/main refs/remotes/main [1ms]
2024-02-12 22:48:18.066 [info] > git status -z -uall [143ms]
2024-02-12 22:48:23.166 [info] > git config --get commit.template [11ms]
2024-02-12 22:48:23.167 [info] > git for-each-ref --format=%(refname)%00%(upstream:short)%00%(objectname)%00%(upstream:track)%00%(upstream:remotename)%00%(upstream:remoteref) refs/heads/main refs/remotes/main [2ms]
2024-02-12 22:48:23.300 [info] > git status -z -uall [124ms]
2024-02-12 22:48:28.394 [info] > git config --get commit.template [8ms]
2024-02-12 22:48:28.394 [info] > git for-each-ref --format=%(refname)%00%(upstream:short)%00%(objectname)%00%(upstream:track)%00%(upstream:remotename)%00%(upstream:remoteref) refs/heads/main refs/remotes/main [1ms]
2024-02-12 22:48:28.540 [info] > git status -z -uall [138ms]
2024-02-12 22:48:33.646 [info] > git config --get commit.template [10ms]
2024-02-12 22:48:33.647 [info] > git for-each-ref --format=%(refname)%00%(upstream:short)%00%(objectname)%00%(upstream:track)%00%(upstream:remotename)%00%(upstream:remoteref) refs/heads/main refs/remotes/main [3ms]
2024-02-12 22:48:33.776 [info] > git status -z -uall [121ms]
2024-02-12 22:48:38.868 [info] > git config --get commit.template [8ms]
2024-02-12 22:48:38.869 [info] > git for-each-ref --format=%(refname)%00%(upstream:short)%00%(objectname)%00%(upstream:track)%00%(upstream:remotename)%00%(upstream:remoteref) refs/heads/main refs/remotes/main [2ms]
2024-02-12 22:48:38.996 [info] > git status -z -uall [120ms]
2024-02-12 22:48:44.971 [info] > git config --get commit.template [7ms]
2024-02-12 22:48:44.972 [info] > git for-each-ref --format=%(refname)%00%(upstream:short)%00%(objectname)%00%(upstream:track)%00%(upstream:remotename)%00%(upstream:remoteref) refs/heads/main refs/remotes/main [2ms]
2024-02-12 22:48:45.095 [info] > git status -z -uall [117ms]
2024-02-12 22:48:50.195 [info] > git config --get commit.template [8ms]
2024-02-12 22:48:50.196 [info] > git for-each-ref --format=%(refname)%00%(upstream:short)%00%(objectname)%00%(upstream:track)%00%(upstream:remotename)%00%(upstream:remoteref) refs/heads/main refs/remotes/main [1ms]
2024-02-12 22:48:50.347 [info] > git status -z -uall [143ms]
2024-02-12 22:49:06.054 [info] > git config --get commit.template [9ms]
2024-02-12 22:49:06.055 [info] > git for-each-ref --format=%(refname)%00%(upstream:short)%00%(objectname)%00%(upstream:track)%00%(upstream:remotename)%00%(upstream:remoteref) refs/heads/main refs/remotes/main [2ms]
2024-02-12 22:49:06.204 [info] > git status -z -uall [139ms]
2024-02-12 22:49:11.342 [info] > git config --get commit.template [10ms]
2024-02-12 22:49:11.343 [info] > git for-each-ref --format=%(refname)%00%(upstream:short)%00%(objectname)%00%(upstream:track)%00%(upstream:remotename)%00%(upstream:remoteref) refs/heads/main refs/remotes/main [3ms]
2024-02-12 22:49:11.505 [info] > git status -z -uall [155ms]
2024-02-12 22:49:16.605 [info] > git config --get commit.template [12ms]
2024-02-12 22:49:16.606 [info] > git for-each-ref --format=%(refname)%00%(upstream:short)%00%(objectname)%00%(upstream:track)%00%(upstream:remotename)%00%(upstream:remoteref) refs/heads/main refs/remotes/main [2ms]
2024-02-12 22:49:16.743 [info] > git status -z -uall [122ms]
2024-02-12 22:49:21.854 [info] > git config --get commit.template [21ms]
2024-02-12 22:49:21.855 [info] > git for-each-ref --format=%(refname)%00%(upstream:short)%00%(objectname)%00%(upstream:track)%00%(upstream:remotename)%00%(upstream:remoteref) refs/heads/main refs/remotes/main [6ms]
2024-02-12 22:49:21.979 [info] > git status -z -uall [116ms]
2024-02-12 22:49:27.079 [info] > git config --get commit.template [11ms]
2024-02-12 22:49:27.080 [info] > git for-each-ref --format=%(refname)%00%(upstream:short)%00%(objectname)%00%(upstream:track)%00%(upstream:remotename)%00%(upstream:remoteref) refs/heads/main refs/remotes/main [4ms]
2024-02-12 22:49:27.217 [info] > git status -z -uall [128ms]
2024-02-12 22:49:32.316 [info] > git config --get commit.template [9ms]
2024-02-12 22:49:32.317 [info] > git for-each-ref --format=%(refname)%00%(upstream:short)%00%(objectname)%00%(upstream:track)%00%(upstream:remotename)%00%(upstream:remoteref) refs/heads/main refs/remotes/main [2ms]
2024-02-12 22:49:32.464 [info] > git status -z -uall [138ms]
2024-02-12 22:49:37.562 [info] > git config --get commit.template [9ms]
2024-02-12 22:49:37.563 [info] > git for-each-ref --format=%(refname)%00%(upstream:short)%00%(objectname)%00%(upstream:track)%00%(upstream:remotename)%00%(upstream:remoteref) refs/heads/main refs/remotes/main [2ms]
2024-02-12 22:49:37.695 [info] > git status -z -uall [123ms]
2024-02-12 22:49:41.619 [info] > git check-ignore -v -z --stdin [8ms]
2024-02-12 22:49:42.790 [info] > git config --get commit.template [9ms]
2024-02-12 22:49:42.791 [info] > git for-each-ref --format=%(refname)%00%(upstream:short)%00%(objectname)%00%(upstream:track)%00%(upstream:remotename)%00%(upstream:remoteref) refs/heads/main refs/remotes/main [3ms]
2024-02-12 22:49:42.929 [info] > git status -z -uall [128ms]
2024-02-12 22:49:44.605 [info] > git check-ignore -v -z --stdin [9ms]
2024-02-12 22:49:46.567 [info] > git show --textconv :blogger2/app.js [132ms]
2024-02-12 22:49:46.574 [info] > git ls-files --stage -- /home/bitnami/blogger2/app.js [107ms]
2024-02-12 22:49:48.050 [info] > git config --get commit.template [27ms]
2024-02-12 22:49:48.061 [info] > git for-each-ref --format=%(refname)%00%(upstream:short)%00%(objectname)%00%(upstream:track)%00%(upstream:remotename)%00%(upstream:remoteref) refs/heads/main refs/remotes/main [11ms]
2024-02-12 22:49:48.758 [info] > git status -z -uall [676ms]
2024-02-12 22:49:52.546 [info] > git ls-files --stage -- /home/bitnami/blogger/views/partials/nav.pug [14ms]
2024-02-12 22:49:52.558 [info] > git show --textconv :blogger/views/partials/nav.pug [34ms]
2024-02-12 22:49:52.561 [info] > git cat-file -s 984daedfb75821f119f85b06f48905e28774051c [4ms]
2024-02-12 22:49:53.035 [info] > git check-ignore -v -z --stdin [11ms]
2024-02-12 22:49:54.028 [info] > git config --get commit.template [13ms]
2024-02-12 22:49:54.031 [info] > git for-each-ref --format=%(refname)%00%(upstream:short)%00%(objectname)%00%(upstream:track)%00%(upstream:remotename)%00%(upstream:remoteref) refs/heads/main refs/remotes/main [2ms]
2024-02-12 22:49:54.430 [info] > git status -z -uall [392ms]
2024-02-12 22:49:58.681 [info] > git show --textconv :blogger/views/addBlog.pug [13ms]
2024-02-12 22:49:58.687 [info] > git ls-files --stage -- /home/bitnami/blogger/views/addBlog.pug [8ms]
2024-02-12 22:49:58.697 [info] > git cat-file -s 7548405213a1be684725d66771fc51c3652d83fe [1ms]
2024-02-12 22:49:59.530 [info] > git config --get commit.template [11ms]
2024-02-12 22:49:59.531 [info] > git for-each-ref --format=%(refname)%00%(upstream:short)%00%(objectname)%00%(upstream:track)%00%(upstream:remotename)%00%(upstream:remoteref) refs/heads/main refs/remotes/main [2ms]
2024-02-12 22:49:59.663 [info] > git status -z -uall [125ms]
2024-02-12 22:50:01.926 [info] > git show --textconv :blogger/views/blogList.pug [15ms]
2024-02-12 22:50:01.933 [info] > git ls-files --stage -- /home/bitnami/blogger/views/blogList.pug [8ms]
2024-02-12 22:50:01.943 [info] > git cat-file -s 7548405213a1be684725d66771fc51c3652d83fe [2ms]
2024-02-12 22:50:04.781 [info] > git config --get commit.template [11ms]
2024-02-12 22:50:04.782 [info] > git for-each-ref --format=%(refname)%00%(upstream:short)%00%(objectname)%00%(upstream:track)%00%(upstream:remotename)%00%(upstream:remoteref) refs/heads/main refs/remotes/main [2ms]
2024-02-12 22:50:04.953 [info] > git status -z -uall [164ms]
2024-02-12 22:50:08.508 [info] > git show --textconv :blogger/routes/index.js [10ms]
2024-02-12 22:50:08.514 [info] > git ls-files --stage -- /home/bitnami/blogger/routes/index.js [6ms]
2024-02-12 22:50:08.529 [info] > git cat-file -s 1bed5821ce1785b80782c5ab0d67cedd326ac640 [2ms]
2024-02-12 22:50:10.062 [info] > git config --get commit.template [14ms]
2024-02-12 22:50:10.065 [info] > git for-each-ref --format=%(refname)%00%(upstream:short)%00%(objectname)%00%(upstream:track)%00%(upstream:remotename)%00%(upstream:remoteref) refs/heads/main refs/remotes/main [4ms]
2024-02-12 22:50:10.192 [info] > git status -z -uall [119ms]
2024-02-12 22:50:15.280 [info] > git config --get commit.template [9ms]
2024-02-12 22:50:15.280 [info] > git for-each-ref --format=%(refname)%00%(upstream:short)%00%(objectname)%00%(upstream:track)%00%(upstream:remotename)%00%(upstream:remoteref) refs/heads/main refs/remotes/main [1ms]
2024-02-12 22:50:15.426 [info] > git status -z -uall [138ms]
2024-02-12 22:50:16.247 [info] > git check-ignore -v -z --stdin [639ms]
2024-02-12 22:50:17.668 [info] > git check-ignore -v -z --stdin [6ms]
2024-02-12 22:50:19.413 [info] > git show --textconv :blogger/bin/www [17ms]
2024-02-12 22:50:19.459 [info] > git ls-files --stage -- /home/bitnami/blogger/bin/www [47ms]
2024-02-12 22:50:19.477 [info] > git cat-file -s 46644ba0551b427aa04d6191b2740167adf76b45 [3ms]
2024-02-12 22:50:20.619 [info] > git config --get commit.template [9ms]
2024-02-12 22:50:20.620 [info] > git for-each-ref --format=%(refname)%00%(upstream:short)%00%(objectname)%00%(upstream:track)%00%(upstream:remotename)%00%(upstream:remoteref) refs/heads/main refs/remotes/main [2ms]
2024-02-12 22:50:20.753 [info] > git status -z -uall [126ms]
2024-02-12 22:50:25.847 [info] > git config --get commit.template [8ms]
2024-02-12 22:50:25.847 [info] > git for-each-ref --format=%(refname)%00%(upstream:short)%00%(objectname)%00%(upstream:track)%00%(upstream:remotename)%00%(upstream:remoteref) refs/heads/main refs/remotes/main [1ms]
2024-02-12 22:50:25.983 [info] > git status -z -uall [128ms]
2024-02-12 22:50:41.488 [info] > git for-each-ref --format=%(refname)%00%(upstream:short)%00%(objectname)%00%(upstream:track)%00%(upstream:remotename)%00%(upstream:remoteref) refs/heads/main refs/remotes/main [1ms]
2024-02-12 22:50:41.488 [info] > git config --get commit.template [12ms]
2024-02-12 22:50:41.626 [info] > git status -z -uall [129ms]
2024-02-12 22:50:46.815 [info] > git config --get commit.template [10ms]
2024-02-12 22:50:46.815 [info] > git for-each-ref --format=%(refname)%00%(upstream:short)%00%(objectname)%00%(upstream:track)%00%(upstream:remotename)%00%(upstream:remoteref) refs/heads/main refs/remotes/main [1ms]
2024-02-12 22:50:46.994 [info] > git status -z -uall [169ms]
2024-02-12 22:50:52.098 [info] > git config --get commit.template [10ms]
2024-02-12 22:50:52.098 [info] > git for-each-ref --format=%(refname)%00%(upstream:short)%00%(objectname)%00%(upstream:track)%00%(upstream:remotename)%00%(upstream:remoteref) refs/heads/main refs/remotes/main [1ms]
2024-02-12 22:50:52.226 [info] > git status -z -uall [120ms]
2024-02-12 22:50:57.321 [info] > git config --get commit.template [10ms]
2024-02-12 22:50:57.322 [info] > git for-each-ref --format=%(refname)%00%(upstream:short)%00%(objectname)%00%(upstream:track)%00%(upstream:remotename)%00%(upstream:remoteref) refs/heads/main refs/remotes/main [3ms]
2024-02-12 22:50:57.452 [info] > git status -z -uall [121ms]
2024-02-12 22:51:02.564 [info] > git config --get commit.template [16ms]
2024-02-12 22:51:02.565 [info] > git for-each-ref --format=%(refname)%00%(upstream:short)%00%(objectname)%00%(upstream:track)%00%(upstream:remotename)%00%(upstream:remoteref) refs/heads/main refs/remotes/main [1ms]
2024-02-12 22:51:02.707 [info] > git status -z -uall [130ms]
