2024-02-20 15:11:49.927 [info] Log level: Info
2024-02-20 15:11:49.927 [info] Validating found git in: "git"
2024-02-20 15:11:49.927 [info] Using git "2.30.2" from "git"
2024-02-20 15:11:49.927 [info] > git rev-parse --show-toplevel [4ms]
2024-02-20 15:11:49.927 [info] > git rev-parse --git-dir --git-common-dir [62ms]
2024-02-20 15:11:49.927 [info] Open repository: /home/bitnami
2024-02-20 15:11:49.931 [info] > git rev-parse --show-toplevel [130ms]
2024-02-20 15:11:49.932 [info] > git config --get commit.template [163ms]
2024-02-20 15:11:49.970 [info] > git rev-parse --show-toplevel [24ms]
2024-02-20 15:11:49.981 [info] > git for-each-ref --format=%(refname)%00%(upstream:short)%00%(objectname)%00%(upstream:track)%00%(upstream:remotename)%00%(upstream:remoteref) refs/heads/main refs/remotes/main [12ms]
2024-02-20 15:11:50.018 [info] > git rev-parse --show-toplevel [38ms]
2024-02-20 15:11:50.092 [info] > git rev-parse --show-toplevel [2ms]
2024-02-20 15:11:50.111 [info] > git rev-parse --show-toplevel [9ms]
2024-02-20 15:11:50.134 [info] > git rev-parse --show-toplevel [9ms]
2024-02-20 15:11:50.142 [info] > git rev-parse --show-toplevel [1ms]
2024-02-20 15:11:50.152 [info] > git rev-parse --show-toplevel [3ms]
2024-02-20 15:11:50.171 [info] > git rev-parse --show-toplevel [2ms]
2024-02-20 15:11:50.190 [info] > git rev-parse --show-toplevel [6ms]
2024-02-20 15:11:50.210 [info] > git rev-parse --show-toplevel [9ms]
2024-02-20 15:11:50.228 [info] > git rev-parse --show-toplevel [5ms]
2024-02-20 15:11:50.250 [info] > git rev-parse --show-toplevel [7ms]
2024-02-20 15:11:50.269 [info] > git rev-parse --show-toplevel [6ms]
2024-02-20 15:11:50.301 [info] > git rev-parse --git-dir --git-common-dir [10ms]
2024-02-20 15:11:50.313 [info] Open repository: /home/bitnami/todo
2024-02-20 15:11:50.360 [info] > git config --get commit.template [28ms]
2024-02-20 15:11:50.389 [info] > git for-each-ref --format=%(refname)%00%(upstream:short)%00%(objectname)%00%(upstream:track)%00%(upstream:remotename)%00%(upstream:remoteref) refs/heads/master refs/remotes/master [13ms]
2024-02-20 15:11:50.389 [info] > git rev-parse --show-toplevel [47ms]
2024-02-20 15:11:50.467 [warning] ENOENT: no such file or directory, open '/home/bitnami/todo/.git/refs/remotes/origin/master'
2024-02-20 15:11:50.468 [info] > git check-ignore -v -z --stdin [110ms]
2024-02-20 15:11:50.495 [info] > git show --textconv :blogger/nohup.out [59ms]
2024-02-20 15:11:50.495 [info] > git rev-parse refs/remotes/origin/master [29ms]
2024-02-20 15:11:50.507 [info] > git ls-files --stage -- /home/bitnami/blogger/nohup.out [53ms]
2024-02-20 15:11:50.530 [info] > git status -z -uall [524ms]
2024-02-20 15:11:50.530 [info] > git status -z -uall [23ms]
2024-02-20 15:11:50.644 [info] > git cat-file -s d4c643faa84897845b7ed192c751663f03b4b1d2 [117ms]
2024-02-20 15:11:50.672 [info] > git config --get commit.template [28ms]
2024-02-20 15:11:50.672 [info] > git config --get commit.template [48ms]
2024-02-20 15:11:50.844 [info] > git for-each-ref --format=%(refname)%00%(upstream:short)%00%(objectname)%00%(upstream:track)%00%(upstream:remotename)%00%(upstream:remoteref) refs/heads/master refs/remotes/master [8ms]
2024-02-20 15:11:50.853 [warning] ENOENT: no such file or directory, open '/home/bitnami/todo/.git/refs/remotes/origin/master'
2024-02-20 15:11:50.854 [info] > git for-each-ref --format=%(refname)%00%(upstream:short)%00%(objectname)%00%(upstream:track)%00%(upstream:remotename)%00%(upstream:remoteref) refs/heads/main refs/remotes/main [12ms]
2024-02-20 15:11:50.862 [info] > git rev-parse refs/remotes/origin/master [10ms]
2024-02-20 15:11:51.188 [info] > git status -z -uall [326ms]
2024-02-20 15:11:51.188 [info] > git status -z -uall [313ms]
2024-02-20 15:11:51.188 [info] > git check-ignore -v -z --stdin [45ms]
2024-02-20 15:11:51.208 [info] > git check-ignore -v -z --stdin [79ms]
2024-02-20 15:11:55.496 [info] > git config --get commit.template [7ms]
2024-02-20 15:11:55.497 [info] > git for-each-ref --format=%(refname)%00%(upstream:short)%00%(objectname)%00%(upstream:track)%00%(upstream:remotename)%00%(upstream:remoteref) refs/heads/main refs/remotes/main [3ms]
2024-02-20 15:11:55.664 [info] > git status -z -uall [162ms]
2024-02-20 16:15:03.246 [info] > git config --get commit.template [6ms]
2024-02-20 16:15:03.246 [info] > git for-each-ref --format=%(refname)%00%(upstream:short)%00%(objectname)%00%(upstream:track)%00%(upstream:remotename)%00%(upstream:remoteref) refs/heads/main refs/remotes/main [2ms]
2024-02-20 16:15:03.412 [info] > git status -z -uall [160ms]
2024-02-20 16:15:08.426 [info] > git config --get commit.template [1ms]
2024-02-20 16:15:08.440 [info] > git for-each-ref --format=%(refname)%00%(upstream:short)%00%(objectname)%00%(upstream:track)%00%(upstream:remotename)%00%(upstream:remoteref) refs/heads/main refs/remotes/main [2ms]
2024-02-20 16:15:08.612 [info] > git status -z -uall [164ms]
2024-02-20 16:15:13.631 [info] > git config --get commit.template [6ms]
2024-02-20 16:15:13.631 [info] > git for-each-ref --format=%(refname)%00%(upstream:short)%00%(objectname)%00%(upstream:track)%00%(upstream:remotename)%00%(upstream:remoteref) refs/heads/main refs/remotes/main [1ms]
2024-02-20 16:15:13.789 [info] > git status -z -uall [152ms]
2024-02-20 16:15:18.806 [info] > git config --get commit.template [6ms]
2024-02-20 16:15:18.808 [info] > git for-each-ref --format=%(refname)%00%(upstream:short)%00%(objectname)%00%(upstream:track)%00%(upstream:remotename)%00%(upstream:remoteref) refs/heads/main refs/remotes/main [3ms]
2024-02-20 16:15:18.969 [info] > git status -z -uall [156ms]
2024-02-20 16:15:23.985 [info] > git config --get commit.template [6ms]
2024-02-20 16:15:23.986 [info] > git for-each-ref --format=%(refname)%00%(upstream:short)%00%(objectname)%00%(upstream:track)%00%(upstream:remotename)%00%(upstream:remoteref) refs/heads/main refs/remotes/main [2ms]
2024-02-20 16:15:24.148 [info] > git status -z -uall [156ms]
2024-02-20 16:15:29.167 [info] > git config --get commit.template [8ms]
2024-02-20 16:15:29.168 [info] > git for-each-ref --format=%(refname)%00%(upstream:short)%00%(objectname)%00%(upstream:track)%00%(upstream:remotename)%00%(upstream:remoteref) refs/heads/main refs/remotes/main [2ms]
2024-02-20 16:15:29.352 [info] > git status -z -uall [175ms]
2024-02-20 16:15:34.381 [info] > git config --get commit.template [17ms]
2024-02-20 16:15:34.383 [info] > git for-each-ref --format=%(refname)%00%(upstream:short)%00%(objectname)%00%(upstream:track)%00%(upstream:remotename)%00%(upstream:remoteref) refs/heads/main refs/remotes/main [3ms]
2024-02-20 16:15:34.543 [info] > git status -z -uall [152ms]
2024-02-20 16:15:39.563 [info] > git config --get commit.template [8ms]
2024-02-20 16:15:39.563 [info] > git for-each-ref --format=%(refname)%00%(upstream:short)%00%(objectname)%00%(upstream:track)%00%(upstream:remotename)%00%(upstream:remoteref) refs/heads/main refs/remotes/main [2ms]
2024-02-20 16:15:39.721 [info] > git status -z -uall [152ms]
2024-02-20 16:15:44.739 [info] > git config --get commit.template [8ms]
2024-02-20 16:15:44.740 [info] > git for-each-ref --format=%(refname)%00%(upstream:short)%00%(objectname)%00%(upstream:track)%00%(upstream:remotename)%00%(upstream:remoteref) refs/heads/main refs/remotes/main [2ms]
2024-02-20 16:15:44.908 [info] > git status -z -uall [163ms]
2024-02-20 16:15:49.921 [info] > git config --get commit.template [6ms]
2024-02-20 16:15:49.921 [info] > git for-each-ref --format=%(refname)%00%(upstream:short)%00%(objectname)%00%(upstream:track)%00%(upstream:remotename)%00%(upstream:remoteref) refs/heads/main refs/remotes/main [1ms]
2024-02-20 16:15:50.092 [info] > git status -z -uall [166ms]
2024-02-20 16:15:55.103 [info] > git config --get commit.template [1ms]
2024-02-20 16:15:55.111 [info] > git for-each-ref --format=%(refname)%00%(upstream:short)%00%(objectname)%00%(upstream:track)%00%(upstream:remotename)%00%(upstream:remoteref) refs/heads/main refs/remotes/main [2ms]
2024-02-20 16:15:55.266 [info] > git status -z -uall [151ms]
2024-02-20 16:16:00.287 [info] > git config --get commit.template [10ms]
2024-02-20 16:16:00.287 [info] > git for-each-ref --format=%(refname)%00%(upstream:short)%00%(objectname)%00%(upstream:track)%00%(upstream:remotename)%00%(upstream:remoteref) refs/heads/main refs/remotes/main [2ms]
2024-02-20 16:16:00.457 [info] > git status -z -uall [162ms]
2024-02-20 16:16:05.493 [info] > git for-each-ref --format=%(refname)%00%(upstream:short)%00%(objectname)%00%(upstream:track)%00%(upstream:remotename)%00%(upstream:remoteref) refs/heads/main refs/remotes/main [22ms]
2024-02-20 16:16:05.493 [info] > git config --get commit.template [27ms]
2024-02-20 16:16:05.691 [info] > git status -z -uall [174ms]
2024-02-20 16:16:10.714 [info] > git config --get commit.template [10ms]
2024-02-20 16:16:10.715 [info] > git for-each-ref --format=%(refname)%00%(upstream:short)%00%(objectname)%00%(upstream:track)%00%(upstream:remotename)%00%(upstream:remoteref) refs/heads/main refs/remotes/main [2ms]
2024-02-20 16:16:10.880 [info] > git status -z -uall [159ms]
2024-02-20 16:16:15.902 [info] > git for-each-ref --format=%(refname)%00%(upstream:short)%00%(objectname)%00%(upstream:track)%00%(upstream:remotename)%00%(upstream:remoteref) refs/heads/main refs/remotes/main [2ms]
2024-02-20 16:16:15.902 [info] > git config --get commit.template [10ms]
2024-02-20 16:16:16.058 [info] > git status -z -uall [151ms]
2024-02-20 16:16:21.072 [info] > git config --get commit.template [6ms]
2024-02-20 16:16:21.073 [info] > git for-each-ref --format=%(refname)%00%(upstream:short)%00%(objectname)%00%(upstream:track)%00%(upstream:remotename)%00%(upstream:remoteref) refs/heads/main refs/remotes/main [2ms]
2024-02-20 16:16:21.257 [info] > git status -z -uall [180ms]
2024-02-20 16:16:26.272 [info] > git config --get commit.template [5ms]
2024-02-20 16:16:26.272 [info] > git for-each-ref --format=%(refname)%00%(upstream:short)%00%(objectname)%00%(upstream:track)%00%(upstream:remotename)%00%(upstream:remoteref) refs/heads/main refs/remotes/main [1ms]
2024-02-20 16:16:26.440 [info] > git status -z -uall [163ms]
2024-02-20 16:16:31.460 [info] > git for-each-ref --format=%(refname)%00%(upstream:short)%00%(objectname)%00%(upstream:track)%00%(upstream:remotename)%00%(upstream:remoteref) refs/heads/main refs/remotes/main [2ms]
2024-02-20 16:16:31.461 [info] > git config --get commit.template [9ms]
2024-02-20 16:16:31.612 [info] > git status -z -uall [147ms]
2024-02-20 16:16:36.629 [info] > git config --get commit.template [6ms]
2024-02-20 16:16:36.629 [info] > git for-each-ref --format=%(refname)%00%(upstream:short)%00%(objectname)%00%(upstream:track)%00%(upstream:remotename)%00%(upstream:remoteref) refs/heads/main refs/remotes/main [1ms]
2024-02-20 16:16:36.807 [info] > git status -z -uall [172ms]
