2024-02-12 21:48:09.198 [info] Log level: Info
2024-02-12 21:48:09.198 [info] Validating found git in: "git"
2024-02-12 21:48:09.198 [info] Using git "2.30.2" from "git"
2024-02-12 21:48:09.198 [info] > git rev-parse --show-toplevel [152ms]
2024-02-12 21:48:09.198 [info] > git rev-parse --git-dir --git-common-dir [11ms]
2024-02-12 21:48:09.198 [info] Open repository: /home/bitnami
2024-02-12 21:48:09.204 [info] > git config --get commit.template [14ms]
2024-02-12 21:48:09.223 [info] > git rev-parse --show-toplevel [25ms]
2024-02-12 21:48:09.232 [info] > git for-each-ref --format=%(refname)%00%(upstream:short)%00%(objectname)%00%(upstream:track)%00%(upstream:remotename)%00%(upstream:remoteref) refs/heads/main refs/remotes/main [13ms]
2024-02-12 21:48:09.251 [info] > git rev-parse --show-toplevel [20ms]
2024-02-12 21:48:09.318 [info] > git rev-parse --show-toplevel [50ms]
2024-02-12 21:48:09.406 [info] > git rev-parse --show-toplevel [81ms]
2024-02-12 21:48:09.424 [info] > git rev-parse --show-toplevel [2ms]
2024-02-12 21:48:09.457 [info] > git rev-parse --show-toplevel [18ms]
2024-02-12 21:48:09.499 [info] > git rev-parse --show-toplevel [30ms]
2024-02-12 21:48:09.522 [info] > git rev-parse --show-toplevel [13ms]
2024-02-12 21:48:09.533 [info] > git rev-parse --show-toplevel [2ms]
2024-02-12 21:48:09.548 [info] > git status -z -uall [297ms]
2024-02-12 21:48:09.590 [info] > git rev-parse --show-toplevel [44ms]
2024-02-12 21:48:09.615 [info] > git config --get commit.template [25ms]
2024-02-12 21:48:09.615 [info] > git rev-parse --show-toplevel [15ms]
2024-02-12 21:48:09.623 [info] > git for-each-ref --format=%(refname)%00%(upstream:short)%00%(objectname)%00%(upstream:track)%00%(upstream:remotename)%00%(upstream:remoteref) refs/heads/main refs/remotes/main [11ms]
2024-02-12 21:48:09.631 [info] > git rev-parse --show-toplevel [9ms]
2024-02-12 21:48:09.782 [info] > git rev-parse --show-toplevel [136ms]
2024-02-12 21:48:09.848 [info] > git rev-parse --show-toplevel [23ms]
2024-02-12 21:48:09.876 [info] > git check-ignore -v -z --stdin [30ms]
2024-02-12 21:48:09.879 [info] > git status -z -uall [249ms]
2024-02-12 21:48:09.879 [info] > git rev-parse --git-dir --git-common-dir [14ms]
2024-02-12 21:48:09.884 [info] Open repository: /home/bitnami/todo
2024-02-12 21:48:09.915 [info] > git config --get commit.template [10ms]
2024-02-12 21:48:09.929 [info] > git rev-parse --show-toplevel [16ms]
2024-02-12 21:48:09.957 [info] > git for-each-ref --format=%(refname)%00%(upstream:short)%00%(objectname)%00%(upstream:track)%00%(upstream:remotename)%00%(upstream:remoteref) refs/heads/master refs/remotes/master [30ms]
2024-02-12 21:48:09.965 [warning] ENOENT: no such file or directory, open '/home/bitnami/todo/.git/refs/remotes/origin/master'
2024-02-12 21:48:09.966 [info] > git show --textconv :blogger/views/partials/nav.pug [22ms]
2024-02-12 21:48:10.128 [info] > git rev-parse refs/remotes/origin/master [162ms]
2024-02-12 21:48:10.139 [info] > git ls-files --stage -- /home/bitnami/blogger/views/partials/nav.pug [184ms]
2024-02-12 21:48:10.150 [info] > git status -z -uall [11ms]
2024-02-12 21:48:10.215 [info] > git cat-file -s 984daedfb75821f119f85b06f48905e28774051c [67ms]
2024-02-12 21:48:10.217 [info] > git config --get commit.template [40ms]
2024-02-12 21:48:10.256 [info] > git for-each-ref --format=%(refname)%00%(upstream:short)%00%(objectname)%00%(upstream:track)%00%(upstream:remotename)%00%(upstream:remoteref) refs/heads/master refs/remotes/master [29ms]
2024-02-12 21:48:10.270 [warning] ENOENT: no such file or directory, open '/home/bitnami/todo/.git/refs/remotes/origin/master'
2024-02-12 21:48:10.273 [info] > git rev-parse refs/remotes/origin/master [3ms]
2024-02-12 21:48:10.296 [info] > git status -z -uall [12ms]
2024-02-12 21:48:11.089 [info] > git check-ignore -v -z --stdin [3ms]
2024-02-12 21:48:11.122 [info] > git check-ignore -v -z --stdin [43ms]
2024-02-12 21:48:12.043 [info] > git config --get commit.template [2ms]
2024-02-12 21:48:12.052 [info] > git for-each-ref --format=%(refname)%00%(upstream:short)%00%(objectname)%00%(upstream:track)%00%(upstream:remotename)%00%(upstream:remoteref) refs/heads/main refs/remotes/main [3ms]
2024-02-12 21:48:12.172 [info] > git status -z -uall [107ms]
