2024-02-12 15:50:05.431 [info] Extension host with pid 13011 started
2024-02-12 15:50:05.451 [info] Lock '/home/bitnami/.vscode-server/data/User/workspaceStorage/d866cbe83da49e127745e557969ca682/vscode.lock': Lock acquired.
2024-02-12 15:50:05.561 [info] ExtensionService#_doActivateExtension vscode.emmet, startup: false, activationEvent: 'onLanguage'
2024-02-12 15:50:05.825 [info] ExtensionService#_doActivateExtension vscode.git-base, startup: true, activationEvent: '*', root cause: vscode.git
2024-02-12 15:50:05.858 [info] ExtensionService#_doActivateExtension vscode.npm, startup: true, activationEvent: 'workspaceContains:package.json'
2024-02-12 15:50:05.992 [info] ExtensionService#_doActivateExtension vscode.git, startup: true, activationEvent: '*'
2024-02-12 15:50:05.992 [info] ExtensionService#_doActivateExtension vscode.github, startup: true, activationEvent: '*'
2024-02-12 15:50:06.711 [info] Eager extensions activated
2024-02-12 15:50:06.712 [info] ExtensionService#_doActivateExtension vscode.debug-auto-launch, startup: false, activationEvent: 'onStartupFinished'
2024-02-12 15:50:06.712 [info] ExtensionService#_doActivateExtension vscode.merge-conflict, startup: false, activationEvent: 'onStartupFinished'
2024-02-12 15:50:20.284 [info] ExtensionService#_doActivateExtension vscode.typescript-language-features, startup: false, activationEvent: 'onLanguage:javascript'
2024-02-12 15:50:29.638 [info] ExtensionService#_doActivateExtension vscode.html-language-features, startup: false, activationEvent: 'onLanguage:html'
2024-02-12 15:51:09.598 [warning] [Decorations] CAPPING events from decorations provider vscode.git 2853
2024-02-12 15:51:14.863 [warning] [Decorations] CAPPING events from decorations provider vscode.git 2853
2024-02-12 15:51:20.083 [warning] [Decorations] CAPPING events from decorations provider vscode.git 2854
2024-02-12 15:51:25.336 [warning] [Decorations] CAPPING events from decorations provider vscode.git 2853
2024-02-12 15:51:30.557 [warning] [Decorations] CAPPING events from decorations provider vscode.git 2853
2024-02-12 15:51:49.345 [warning] [Decorations] CAPPING events from decorations provider vscode.git 2853
2024-02-12 15:51:54.603 [warning] [Decorations] CAPPING events from decorations provider vscode.git 2853
2024-02-12 15:51:59.833 [warning] [Decorations] CAPPING events from decorations provider vscode.git 2853
2024-02-12 15:52:05.072 [warning] [Decorations] CAPPING events from decorations provider vscode.git 2853
2024-02-12 15:52:52.643 [warning] [Decorations] CAPPING events from decorations provider vscode.git 2853
2024-02-12 15:52:57.865 [warning] [Decorations] CAPPING events from decorations provider vscode.git 2853
2024-02-12 15:53:03.097 [warning] [Decorations] CAPPING events from decorations provider vscode.git 2853
2024-02-12 15:53:08.330 [warning] [Decorations] CAPPING events from decorations provider vscode.git 2853
2024-02-12 15:54:57.612 [warning] [Decorations] CAPPING events from decorations provider vscode.git 2853
2024-02-12 15:55:02.831 [warning] [Decorations] CAPPING events from decorations provider vscode.git 2853
2024-02-12 15:55:08.047 [warning] [Decorations] CAPPING events from decorations provider vscode.git 2853
2024-02-12 15:55:13.265 [warning] [Decorations] CAPPING events from decorations provider vscode.git 2855
2024-02-12 15:55:19.515 [warning] [Decorations] CAPPING events from decorations provider vscode.git 2855
2024-02-12 15:55:24.714 [warning] [Decorations] CAPPING events from decorations provider vscode.git 2855
2024-02-12 15:55:44.317 [warning] [Decorations] CAPPING events from decorations provider vscode.git 2855
2024-02-12 15:56:11.351 [warning] [Decorations] CAPPING events from decorations provider vscode.git 2856
2024-02-12 15:56:16.576 [warning] [Decorations] CAPPING events from decorations provider vscode.git 2856
2024-02-12 15:56:24.609 [warning] [Decorations] CAPPING events from decorations provider vscode.git 3045
2024-02-12 15:56:29.842 [warning] [Decorations] CAPPING events from decorations provider vscode.git 3044
2024-02-12 15:56:35.085 [warning] [Decorations] CAPPING events from decorations provider vscode.git 3044
2024-02-12 15:56:43.016 [warning] [Decorations] CAPPING events from decorations provider vscode.git 3044
2024-02-12 15:56:48.266 [warning] [Decorations] CAPPING events from decorations provider vscode.git 3044
2024-02-12 15:56:53.495 [warning] [Decorations] CAPPING events from decorations provider vscode.git 3044
2024-02-12 15:57:11.060 [warning] [Decorations] CAPPING events from decorations provider vscode.git 3044
2024-02-12 15:57:44.487 [warning] [Decorations] CAPPING events from decorations provider vscode.git 3045
2024-02-12 15:57:51.956 [warning] [Decorations] CAPPING events from decorations provider vscode.git 3046
2024-02-12 15:57:57.184 [warning] [Decorations] CAPPING events from decorations provider vscode.git 3046
2024-02-12 15:58:04.456 [warning] [Decorations] CAPPING events from decorations provider vscode.git 3047
2024-02-12 15:58:09.673 [warning] [Decorations] CAPPING events from decorations provider vscode.git 3047
2024-02-12 15:58:57.724 [warning] [Decorations] CAPPING events from decorations provider vscode.git 3047
2024-02-12 15:59:02.961 [warning] [Decorations] CAPPING events from decorations provider vscode.git 3047
2024-02-12 15:59:08.201 [warning] [Decorations] CAPPING events from decorations provider vscode.git 3048
2024-02-12 15:59:13.429 [warning] [Decorations] CAPPING events from decorations provider vscode.git 3047
2024-02-12 15:59:18.637 [warning] [Decorations] CAPPING events from decorations provider vscode.git 3047
2024-02-12 15:59:26.004 [warning] [Decorations] CAPPING events from decorations provider vscode.git 3047
2024-02-12 15:59:32.995 [warning] [Decorations] CAPPING events from decorations provider vscode.git 3049
2024-02-12 16:00:26.859 [warning] [Decorations] CAPPING events from decorations provider vscode.git 3049
2024-02-12 16:00:34.806 [warning] [Decorations] CAPPING events from decorations provider vscode.git 3050
2024-02-12 16:01:08.127 [warning] [Decorations] CAPPING events from decorations provider vscode.git 3051
2024-02-12 16:01:13.352 [warning] [Decorations] CAPPING events from decorations provider vscode.git 3051
2024-02-12 16:01:18.598 [warning] [Decorations] CAPPING events from decorations provider vscode.git 3051
2024-02-12 16:01:23.840 [warning] [Decorations] CAPPING events from decorations provider vscode.git 3052
2024-02-12 16:01:29.117 [warning] [Decorations] CAPPING events from decorations provider vscode.git 3052
2024-02-12 16:01:34.374 [warning] [Decorations] CAPPING events from decorations provider vscode.git 3053
2024-02-12 16:01:39.569 [warning] [Decorations] CAPPING events from decorations provider vscode.git 3055
2024-02-12 16:01:44.791 [warning] [Decorations] CAPPING events from decorations provider vscode.git 3054
2024-02-12 16:01:50.027 [warning] [Decorations] CAPPING events from decorations provider vscode.git 3054
2024-02-12 16:01:55.248 [warning] [Decorations] CAPPING events from decorations provider vscode.git 3054
2024-02-12 16:02:00.572 [warning] [Decorations] CAPPING events from decorations provider vscode.git 3054
2024-02-12 16:02:05.894 [warning] [Decorations] CAPPING events from decorations provider vscode.git 3054
2024-02-12 16:02:11.105 [warning] [Decorations] CAPPING events from decorations provider vscode.git 3057
2024-02-12 16:02:16.337 [warning] [Decorations] CAPPING events from decorations provider vscode.git 3057
2024-02-12 16:02:21.571 [warning] [Decorations] CAPPING events from decorations provider vscode.git 3057
2024-02-12 16:02:27.066 [warning] [Decorations] CAPPING events from decorations provider vscode.git 3057
2024-02-12 16:02:32.284 [warning] [Decorations] CAPPING events from decorations provider vscode.git 3058
2024-02-12 16:02:37.506 [warning] [Decorations] CAPPING events from decorations provider vscode.git 3058
2024-02-12 16:02:45.373 [warning] [Decorations] CAPPING events from decorations provider vscode.git 3059
2024-02-12 16:02:53.053 [info] ExtensionService#_doActivateExtension vscode.debug-server-ready, startup: false, activationEvent: 'onDebugResolve'
2024-02-12 16:02:53.261 [warning] [Decorations] CAPPING events from decorations provider vscode.git 3060
2024-02-12 16:03:38.864 [warning] [Decorations] CAPPING events from decorations provider vscode.git 3060
2024-02-12 16:03:44.100 [warning] [Decorations] CAPPING events from decorations provider vscode.git 3061
2024-02-12 16:03:57.805 [warning] [Decorations] CAPPING events from decorations provider vscode.git 3061
2024-02-12 16:04:03.423 [warning] [Decorations] CAPPING events from decorations provider vscode.git 3061
2024-02-12 16:04:08.661 [warning] [Decorations] CAPPING events from decorations provider vscode.git 3065
2024-02-12 16:04:13.866 [warning] [Decorations] CAPPING events from decorations provider vscode.git 3064
2024-02-12 16:04:19.093 [warning] [Decorations] CAPPING events from decorations provider vscode.git 3064
2024-02-12 16:04:24.325 [warning] [Decorations] CAPPING events from decorations provider vscode.git 3064
2024-02-12 16:04:29.551 [warning] [Decorations] CAPPING events from decorations provider vscode.git 3064
2024-02-12 16:04:34.800 [warning] [Decorations] CAPPING events from decorations provider vscode.git 3064
2024-02-12 16:04:40.037 [warning] [Decorations] CAPPING events from decorations provider vscode.git 3064
2024-02-12 16:04:45.291 [warning] [Decorations] CAPPING events from decorations provider vscode.git 3064
2024-02-12 16:04:50.648 [warning] [Decorations] CAPPING events from decorations provider vscode.git 3064
2024-02-12 16:05:19.746 [warning] [Decorations] CAPPING events from decorations provider vscode.git 3065
2024-02-12 16:05:24.970 [warning] [Decorations] CAPPING events from decorations provider vscode.git 3065
2024-02-12 16:05:30.197 [warning] [Decorations] CAPPING events from decorations provider vscode.git 3065
2024-02-12 16:05:35.414 [warning] [Decorations] CAPPING events from decorations provider vscode.git 3065
2024-02-12 16:05:40.734 [warning] [Decorations] CAPPING events from decorations provider vscode.git 3065
2024-02-12 16:05:45.980 [warning] [Decorations] CAPPING events from decorations provider vscode.git 3065
2024-02-12 16:05:51.197 [warning] [Decorations] CAPPING events from decorations provider vscode.git 3065
2024-02-12 16:05:56.443 [warning] [Decorations] CAPPING events from decorations provider vscode.git 3065
2024-02-12 16:06:02.132 [warning] [Decorations] CAPPING events from decorations provider vscode.git 3065
2024-02-12 16:06:07.354 [warning] [Decorations] CAPPING events from decorations provider vscode.git 3065
2024-02-12 16:06:12.614 [warning] [Decorations] CAPPING events from decorations provider vscode.git 3065
2024-02-12 16:06:17.834 [warning] [Decorations] CAPPING events from decorations provider vscode.git 3065
2024-02-12 16:06:26.927 [warning] [Decorations] CAPPING events from decorations provider vscode.git 3065
2024-02-12 16:06:32.151 [warning] [Decorations] CAPPING events from decorations provider vscode.git 3065
2024-02-12 16:06:37.379 [warning] [Decorations] CAPPING events from decorations provider vscode.git 3065
2024-02-12 16:06:42.590 [warning] [Decorations] CAPPING events from decorations provider vscode.git 3065
2024-02-12 16:06:47.839 [warning] [Decorations] CAPPING events from decorations provider vscode.git 3065
2024-02-12 16:06:53.062 [warning] [Decorations] CAPPING events from decorations provider vscode.git 3065
2024-02-12 16:06:58.288 [warning] [Decorations] CAPPING events from decorations provider vscode.git 3065
2024-02-12 16:07:01.779 [info] ExtensionService#_doActivateExtension vscode.extension-editing, startup: false, activationEvent: 'onLanguage:json'
2024-02-12 16:07:01.780 [info] ExtensionService#_doActivateExtension vscode.json-language-features, startup: false, activationEvent: 'onLanguage:json'
2024-02-12 16:07:03.861 [warning] [Decorations] CAPPING events from decorations provider vscode.git 3067
2024-02-12 16:07:09.093 [warning] [Decorations] CAPPING events from decorations provider vscode.git 3067
2024-02-12 16:07:14.376 [warning] [Decorations] CAPPING events from decorations provider vscode.git 3071
2024-02-12 16:07:19.615 [warning] [Decorations] CAPPING events from decorations provider vscode.git 3071
2024-02-12 16:07:24.871 [warning] [Decorations] CAPPING events from decorations provider vscode.git 3071
2024-02-12 16:07:30.096 [warning] [Decorations] CAPPING events from decorations provider vscode.git 3071
2024-02-12 16:07:35.321 [warning] [Decorations] CAPPING events from decorations provider vscode.git 3071
2024-02-12 16:07:40.556 [warning] [Decorations] CAPPING events from decorations provider vscode.git 3071
2024-02-12 16:07:45.792 [warning] [Decorations] CAPPING events from decorations provider vscode.git 3071
2024-02-12 16:07:51.103 [warning] [Decorations] CAPPING events from decorations provider vscode.git 3071
2024-02-12 16:07:56.343 [warning] [Decorations] CAPPING events from decorations provider vscode.git 3071
2024-02-12 16:08:01.676 [warning] [Decorations] CAPPING events from decorations provider vscode.git 3071
2024-02-12 16:08:06.913 [warning] [Decorations] CAPPING events from decorations provider vscode.git 3071
2024-02-12 16:08:12.143 [warning] [Decorations] CAPPING events from decorations provider vscode.git 3222
2024-02-12 16:08:17.433 [warning] [Decorations] CAPPING events from decorations provider vscode.git 3222
2024-02-12 16:08:22.704 [warning] [Decorations] CAPPING events from decorations provider vscode.git 3373
2024-02-12 16:08:27.933 [warning] [Decorations] CAPPING events from decorations provider vscode.git 3222
2024-02-12 16:08:33.157 [warning] [Decorations] CAPPING events from decorations provider vscode.git 3222
2024-02-12 16:08:38.387 [warning] [Decorations] CAPPING events from decorations provider vscode.git 3689
2024-02-12 16:08:43.792 [warning] [Decorations] CAPPING events from decorations provider vscode.git 3730
2024-02-12 16:08:49.153 [warning] [Decorations] CAPPING events from decorations provider vscode.git 3465
2024-02-12 16:08:54.386 [warning] [Decorations] CAPPING events from decorations provider vscode.git 3466
2024-02-12 16:08:59.618 [warning] [Decorations] CAPPING events from decorations provider vscode.git 3466
2024-02-12 16:09:05.507 [warning] [Decorations] CAPPING events from decorations provider vscode.git 3467
2024-02-12 16:09:14.874 [warning] [Decorations] CAPPING events from decorations provider vscode.git 3467
2024-02-12 16:09:20.103 [warning] [Decorations] CAPPING events from decorations provider vscode.git 3467
2024-02-12 16:09:25.337 [warning] [Decorations] CAPPING events from decorations provider vscode.git 3467
2024-02-12 16:09:30.558 [warning] [Decorations] CAPPING events from decorations provider vscode.git 3467
2024-02-12 16:09:35.782 [warning] [Decorations] CAPPING events from decorations provider vscode.git 3467
2024-02-12 16:09:41.279 [warning] [Decorations] CAPPING events from decorations provider vscode.git 3467
2024-02-12 16:09:46.522 [warning] [Decorations] CAPPING events from decorations provider vscode.git 3467
2024-02-12 16:09:51.763 [warning] [Decorations] CAPPING events from decorations provider vscode.git 3467
2024-02-12 16:10:01.705 [warning] [Decorations] CAPPING events from decorations provider vscode.git 3467
2024-02-12 16:10:06.964 [warning] [Decorations] CAPPING events from decorations provider vscode.git 3467
2024-02-12 16:10:12.239 [warning] [Decorations] CAPPING events from decorations provider vscode.git 3467
2024-02-12 16:10:17.498 [warning] [Decorations] CAPPING events from decorations provider vscode.git 3467
2024-02-12 16:11:15.015 [warning] [Decorations] CAPPING events from decorations provider vscode.git 3467
2024-02-12 16:11:20.245 [warning] [Decorations] CAPPING events from decorations provider vscode.git 3467
2024-02-12 16:11:25.515 [warning] [Decorations] CAPPING events from decorations provider vscode.git 3467
2024-02-12 16:11:30.769 [warning] [Decorations] CAPPING events from decorations provider vscode.git 3467
2024-02-12 16:11:36.030 [warning] [Decorations] CAPPING events from decorations provider vscode.git 3467
2024-02-12 16:11:41.385 [warning] [Decorations] CAPPING events from decorations provider vscode.git 3467
2024-02-12 16:12:57.713 [warning] [Decorations] CAPPING events from decorations provider vscode.git 3468
2024-02-12 16:14:16.864 [warning] [Decorations] CAPPING events from decorations provider vscode.git 3468
2024-02-12 16:14:45.974 [warning] [Decorations] CAPPING events from decorations provider vscode.git 3468
2024-02-12 16:14:51.223 [warning] [Decorations] CAPPING events from decorations provider vscode.git 3468
2024-02-12 16:14:56.453 [warning] [Decorations] CAPPING events from decorations provider vscode.git 3469
2024-02-12 16:15:01.832 [warning] [Decorations] CAPPING events from decorations provider vscode.git 3469
2024-02-12 16:15:07.062 [warning] [Decorations] CAPPING events from decorations provider vscode.git 3469
2024-02-12 16:15:12.299 [warning] [Decorations] CAPPING events from decorations provider vscode.git 3469
2024-02-12 16:15:17.529 [warning] [Decorations] CAPPING events from decorations provider vscode.git 3470
2024-02-12 16:15:22.781 [warning] [Decorations] CAPPING events from decorations provider vscode.git 3470
2024-02-12 16:15:28.084 [warning] [Decorations] CAPPING events from decorations provider vscode.git 3471
2024-02-12 16:15:33.326 [warning] [Decorations] CAPPING events from decorations provider vscode.git 3471
2024-02-12 16:15:38.550 [warning] [Decorations] CAPPING events from decorations provider vscode.git 3471
2024-02-12 16:15:43.782 [warning] [Decorations] CAPPING events from decorations provider vscode.git 3471
2024-02-12 16:16:12.906 [warning] [Decorations] CAPPING events from decorations provider vscode.git 3471
2024-02-12 16:16:18.182 [warning] [Decorations] CAPPING events from decorations provider vscode.git 3471
2024-02-12 16:17:19.540 [warning] [Decorations] CAPPING events from decorations provider vscode.git 3471
2024-02-12 16:17:24.775 [warning] [Decorations] CAPPING events from decorations provider vscode.git 3471
2024-02-12 16:17:30.482 [warning] [Decorations] CAPPING events from decorations provider vscode.git 3471
2024-02-12 16:17:37.560 [warning] [Decorations] CAPPING events from decorations provider vscode.git 3472
2024-02-12 16:17:42.808 [warning] [Decorations] CAPPING events from decorations provider vscode.git 3473
2024-02-12 16:17:48.040 [warning] [Decorations] CAPPING events from decorations provider vscode.git 3473
2024-02-12 16:17:53.275 [warning] [Decorations] CAPPING events from decorations provider vscode.git 3474
2024-02-12 16:18:06.014 [warning] [Decorations] CAPPING events from decorations provider vscode.git 3474
2024-02-12 16:18:11.246 [warning] [Decorations] CAPPING events from decorations provider vscode.git 3474
2024-02-12 16:19:12.803 [warning] [Decorations] CAPPING events from decorations provider vscode.git 3475
2024-02-12 16:19:14.195 [info] Extension host terminating: received terminate message from renderer
2024-02-12 16:19:14.197 [info] Lock '/home/bitnami/.vscode-server/data/User/workspaceStorage/d866cbe83da49e127745e557969ca682/vscode.lock': Marking the lockfile as scheduled to be released in 6000 ms.
2024-02-12 16:19:14.351 [error] Canceled: Canceled
	at new f (/home/bitnami/.vscode-server/bin/31c37ee8f63491495ac49e43b8544550fbae4533/out/vs/workbench/api/node/extensionHostProcess.js:140:45069)
	at d.U (/home/bitnami/.vscode-server/bin/31c37ee8f63491495ac49e43b8544550fbae4533/out/vs/workbench/api/node/extensionHostProcess.js:147:5557)
	at T.<computed>.O.charCodeAt.T.<computed> (/home/bitnami/.vscode-server/bin/31c37ee8f63491495ac49e43b8544550fbae4533/out/vs/workbench/api/node/extensionHostProcess.js:147:3008)
	at s.g (/home/bitnami/.vscode-server/bin/31c37ee8f63491495ac49e43b8544550fbae4533/out/vs/workbench/api/node/extensionHostProcess.js:150:174704)
	at s.executeCommand (/home/bitnami/.vscode-server/bin/31c37ee8f63491495ac49e43b8544550fbae4533/out/vs/workbench/api/node/extensionHostProcess.js:150:174142)
	at m.registerCommand.description (/home/bitnami/.vscode-server/bin/31c37ee8f63491495ac49e43b8544550fbae4533/out/vs/workbench/api/node/extensionHostProcess.js:150:173466)
	at s.h (/home/bitnami/.vscode-server/bin/31c37ee8f63491495ac49e43b8544550fbae4533/out/vs/workbench/api/node/extensionHostProcess.js:150:175243)
	at s.g (/home/bitnami/.vscode-server/bin/31c37ee8f63491495ac49e43b8544550fbae4533/out/vs/workbench/api/node/extensionHostProcess.js:150:174235)
	at s.executeCommand (/home/bitnami/.vscode-server/bin/31c37ee8f63491495ac49e43b8544550fbae4533/out/vs/workbench/api/node/extensionHostProcess.js:150:174142)
	at Object.executeCommand (/home/bitnami/.vscode-server/bin/31c37ee8f63491495ac49e43b8544550fbae4533/out/vs/workbench/api/node/extensionHostProcess.js:160:21634)
	at g.I [as value] (/home/bitnami/.vscode-server/bin/31c37ee8f63491495ac49e43b8544550fbae4533/extensions/git/dist/main.js:2:927298)
	at r.y (/home/bitnami/.vscode-server/bin/31c37ee8f63491495ac49e43b8544550fbae4533/out/vs/workbench/api/node/extensionHostProcess.js:80:1902)
	at r.z (/home/bitnami/.vscode-server/bin/31c37ee8f63491495ac49e43b8544550fbae4533/out/vs/workbench/api/node/extensionHostProcess.js:80:1972)
	at r.fire (/home/bitnami/.vscode-server/bin/31c37ee8f63491495ac49e43b8544550fbae4533/out/vs/workbench/api/node/extensionHostProcess.js:80:2188)
	at Object.m [as dispose] (/home/bitnami/.vscode-server/bin/31c37ee8f63491495ac49e43b8544550fbae4533/extensions/git/dist/main.js:2:943089)
	at /home/bitnami/.vscode-server/bin/31c37ee8f63491495ac49e43b8544550fbae4533/extensions/git/dist/main.js:2:947930
	at Array.forEach (<anonymous>)
	at p.dispose (/home/bitnami/.vscode-server/bin/31c37ee8f63491495ac49e43b8544550fbae4533/extensions/git/dist/main.js:2:947916)
	at c.<anonymous> (/home/bitnami/.vscode-server/bin/31c37ee8f63491495ac49e43b8544550fbae4533/out/vs/workbench/api/node/extensionHostProcess.js:148:3650)
	at c.dispose (/home/bitnami/.vscode-server/bin/31c37ee8f63491495ac49e43b8544550fbae4533/out/vs/workbench/api/node/extensionHostProcess.js:148:3747)
	at c.<anonymous> (/home/bitnami/.vscode-server/bin/31c37ee8f63491495ac49e43b8544550fbae4533/extensions/git/dist/main.js:2:929310)
	at c.dispose (/home/bitnami/.vscode-server/bin/31c37ee8f63491495ac49e43b8544550fbae4533/out/vs/workbench/api/node/extensionHostProcess.js:148:3747)
	at o (/home/bitnami/.vscode-server/bin/31c37ee8f63491495ac49e43b8544550fbae4533/out/vs/workbench/api/node/extensionHostProcess.js:30:754)
	at g.cb (/home/bitnami/.vscode-server/bin/31c37ee8f63491495ac49e43b8544550fbae4533/out/vs/workbench/api/node/extensionHostProcess.js:156:9874)
	at /home/bitnami/.vscode-server/bin/31c37ee8f63491495ac49e43b8544550fbae4533/out/vs/workbench/api/node/extensionHostProcess.js:156:7808
	at Array.map (<anonymous>)
	at g.Y (/home/bitnami/.vscode-server/bin/31c37ee8f63491495ac49e43b8544550fbae4533/out/vs/workbench/api/node/extensionHostProcess.js:156:7795)
	at g.terminate (/home/bitnami/.vscode-server/bin/31c37ee8f63491495ac49e43b8544550fbae4533/out/vs/workbench/api/node/extensionHostProcess.js:156:8068)
	at o.terminate (/home/bitnami/.vscode-server/bin/31c37ee8f63491495ac49e43b8544550fbae4533/out/vs/workbench/api/node/extensionHostProcess.js:160:1513)
	at t (/home/bitnami/.vscode-server/bin/31c37ee8f63491495ac49e43b8544550fbae4533/out/vs/workbench/api/node/extensionHostProcess.js:173:9950)
	at g.value (/home/bitnami/.vscode-server/bin/31c37ee8f63491495ac49e43b8544550fbae4533/out/vs/workbench/api/node/extensionHostProcess.js:173:7997)
	at r.y (/home/bitnami/.vscode-server/bin/31c37ee8f63491495ac49e43b8544550fbae4533/out/vs/workbench/api/node/extensionHostProcess.js:80:1902)
	at r.fire (/home/bitnami/.vscode-server/bin/31c37ee8f63491495ac49e43b8544550fbae4533/out/vs/workbench/api/node/extensionHostProcess.js:80:2119)
	at n.fire (/home/bitnami/.vscode-server/bin/31c37ee8f63491495ac49e43b8544550fbae4533/out/vs/workbench/api/node/extensionHostProcess.js:105:14073)
	at s.z (/home/bitnami/.vscode-server/bin/31c37ee8f63491495ac49e43b8544550fbae4533/out/vs/workbench/api/node/extensionHostProcess.js:105:17138)
	at g.value (/home/bitnami/.vscode-server/bin/31c37ee8f63491495ac49e43b8544550fbae4533/out/vs/workbench/api/node/extensionHostProcess.js:105:15590)
	at r.y (/home/bitnami/.vscode-server/bin/31c37ee8f63491495ac49e43b8544550fbae4533/out/vs/workbench/api/node/extensionHostProcess.js:80:1902)
	at r.fire (/home/bitnami/.vscode-server/bin/31c37ee8f63491495ac49e43b8544550fbae4533/out/vs/workbench/api/node/extensionHostProcess.js:80:2119)
	at g.acceptChunk (/home/bitnami/.vscode-server/bin/31c37ee8f63491495ac49e43b8544550fbae4533/out/vs/workbench/api/node/extensionHostProcess.js:105:11847)
	at g.value (/home/bitnami/.vscode-server/bin/31c37ee8f63491495ac49e43b8544550fbae4533/out/vs/workbench/api/node/extensionHostProcess.js:105:11134)
	at r.y (/home/bitnami/.vscode-server/bin/31c37ee8f63491495ac49e43b8544550fbae4533/out/vs/workbench/api/node/extensionHostProcess.js:80:1902)
	at r.fire (/home/bitnami/.vscode-server/bin/31c37ee8f63491495ac49e43b8544550fbae4533/out/vs/workbench/api/node/extensionHostProcess.js:80:2119)
	at r.z (/home/bitnami/.vscode-server/bin/31c37ee8f63491495ac49e43b8544550fbae4533/out/vs/workbench/api/node/extensionHostProcess.js:170:19748) setContext undefined
2024-02-12 16:19:14.351 [error] Canceled: Canceled
	at new f (/home/bitnami/.vscode-server/bin/31c37ee8f63491495ac49e43b8544550fbae4533/out/vs/workbench/api/node/extensionHostProcess.js:140:45069)
	at d.U (/home/bitnami/.vscode-server/bin/31c37ee8f63491495ac49e43b8544550fbae4533/out/vs/workbench/api/node/extensionHostProcess.js:147:5557)
	at T.<computed>.O.charCodeAt.T.<computed> (/home/bitnami/.vscode-server/bin/31c37ee8f63491495ac49e43b8544550fbae4533/out/vs/workbench/api/node/extensionHostProcess.js:147:3008)
	at s.g (/home/bitnami/.vscode-server/bin/31c37ee8f63491495ac49e43b8544550fbae4533/out/vs/workbench/api/node/extensionHostProcess.js:150:174704)
	at s.executeCommand (/home/bitnami/.vscode-server/bin/31c37ee8f63491495ac49e43b8544550fbae4533/out/vs/workbench/api/node/extensionHostProcess.js:150:174142)
	at m.registerCommand.description (/home/bitnami/.vscode-server/bin/31c37ee8f63491495ac49e43b8544550fbae4533/out/vs/workbench/api/node/extensionHostProcess.js:150:173466)
	at s.h (/home/bitnami/.vscode-server/bin/31c37ee8f63491495ac49e43b8544550fbae4533/out/vs/workbench/api/node/extensionHostProcess.js:150:175243)
	at s.g (/home/bitnami/.vscode-server/bin/31c37ee8f63491495ac49e43b8544550fbae4533/out/vs/workbench/api/node/extensionHostProcess.js:150:174235)
	at s.executeCommand (/home/bitnami/.vscode-server/bin/31c37ee8f63491495ac49e43b8544550fbae4533/out/vs/workbench/api/node/extensionHostProcess.js:150:174142)
	at Object.executeCommand (/home/bitnami/.vscode-server/bin/31c37ee8f63491495ac49e43b8544550fbae4533/out/vs/workbench/api/node/extensionHostProcess.js:160:21634)
	at g.I [as value] (/home/bitnami/.vscode-server/bin/31c37ee8f63491495ac49e43b8544550fbae4533/extensions/git/dist/main.js:2:927298)
	at r.y (/home/bitnami/.vscode-server/bin/31c37ee8f63491495ac49e43b8544550fbae4533/out/vs/workbench/api/node/extensionHostProcess.js:80:1902)
	at r.z (/home/bitnami/.vscode-server/bin/31c37ee8f63491495ac49e43b8544550fbae4533/out/vs/workbench/api/node/extensionHostProcess.js:80:1972)
	at r.fire (/home/bitnami/.vscode-server/bin/31c37ee8f63491495ac49e43b8544550fbae4533/out/vs/workbench/api/node/extensionHostProcess.js:80:2188)
	at Object.m [as dispose] (/home/bitnami/.vscode-server/bin/31c37ee8f63491495ac49e43b8544550fbae4533/extensions/git/dist/main.js:2:943089)
	at /home/bitnami/.vscode-server/bin/31c37ee8f63491495ac49e43b8544550fbae4533/extensions/git/dist/main.js:2:947930
	at Array.forEach (<anonymous>)
	at p.dispose (/home/bitnami/.vscode-server/bin/31c37ee8f63491495ac49e43b8544550fbae4533/extensions/git/dist/main.js:2:947916)
	at c.<anonymous> (/home/bitnami/.vscode-server/bin/31c37ee8f63491495ac49e43b8544550fbae4533/out/vs/workbench/api/node/extensionHostProcess.js:148:3650)
	at c.dispose (/home/bitnami/.vscode-server/bin/31c37ee8f63491495ac49e43b8544550fbae4533/out/vs/workbench/api/node/extensionHostProcess.js:148:3747)
	at c.<anonymous> (/home/bitnami/.vscode-server/bin/31c37ee8f63491495ac49e43b8544550fbae4533/extensions/git/dist/main.js:2:929310)
	at c.dispose (/home/bitnami/.vscode-server/bin/31c37ee8f63491495ac49e43b8544550fbae4533/out/vs/workbench/api/node/extensionHostProcess.js:148:3747)
	at o (/home/bitnami/.vscode-server/bin/31c37ee8f63491495ac49e43b8544550fbae4533/out/vs/workbench/api/node/extensionHostProcess.js:30:754)
	at g.cb (/home/bitnami/.vscode-server/bin/31c37ee8f63491495ac49e43b8544550fbae4533/out/vs/workbench/api/node/extensionHostProcess.js:156:9874)
	at /home/bitnami/.vscode-server/bin/31c37ee8f63491495ac49e43b8544550fbae4533/out/vs/workbench/api/node/extensionHostProcess.js:156:7808
	at Array.map (<anonymous>)
	at g.Y (/home/bitnami/.vscode-server/bin/31c37ee8f63491495ac49e43b8544550fbae4533/out/vs/workbench/api/node/extensionHostProcess.js:156:7795)
	at g.terminate (/home/bitnami/.vscode-server/bin/31c37ee8f63491495ac49e43b8544550fbae4533/out/vs/workbench/api/node/extensionHostProcess.js:156:8068)
	at o.terminate (/home/bitnami/.vscode-server/bin/31c37ee8f63491495ac49e43b8544550fbae4533/out/vs/workbench/api/node/extensionHostProcess.js:160:1513)
	at t (/home/bitnami/.vscode-server/bin/31c37ee8f63491495ac49e43b8544550fbae4533/out/vs/workbench/api/node/extensionHostProcess.js:173:9950)
	at g.value (/home/bitnami/.vscode-server/bin/31c37ee8f63491495ac49e43b8544550fbae4533/out/vs/workbench/api/node/extensionHostProcess.js:173:7997)
	at r.y (/home/bitnami/.vscode-server/bin/31c37ee8f63491495ac49e43b8544550fbae4533/out/vs/workbench/api/node/extensionHostProcess.js:80:1902)
	at r.fire (/home/bitnami/.vscode-server/bin/31c37ee8f63491495ac49e43b8544550fbae4533/out/vs/workbench/api/node/extensionHostProcess.js:80:2119)
	at n.fire (/home/bitnami/.vscode-server/bin/31c37ee8f63491495ac49e43b8544550fbae4533/out/vs/workbench/api/node/extensionHostProcess.js:105:14073)
	at s.z (/home/bitnami/.vscode-server/bin/31c37ee8f63491495ac49e43b8544550fbae4533/out/vs/workbench/api/node/extensionHostProcess.js:105:17138)
	at g.value (/home/bitnami/.vscode-server/bin/31c37ee8f63491495ac49e43b8544550fbae4533/out/vs/workbench/api/node/extensionHostProcess.js:105:15590)
	at r.y (/home/bitnami/.vscode-server/bin/31c37ee8f63491495ac49e43b8544550fbae4533/out/vs/workbench/api/node/extensionHostProcess.js:80:1902)
	at r.fire (/home/bitnami/.vscode-server/bin/31c37ee8f63491495ac49e43b8544550fbae4533/out/vs/workbench/api/node/extensionHostProcess.js:80:2119)
	at g.acceptChunk (/home/bitnami/.vscode-server/bin/31c37ee8f63491495ac49e43b8544550fbae4533/out/vs/workbench/api/node/extensionHostProcess.js:105:11847)
	at g.value (/home/bitnami/.vscode-server/bin/31c37ee8f63491495ac49e43b8544550fbae4533/out/vs/workbench/api/node/extensionHostProcess.js:105:11134)
	at r.y (/home/bitnami/.vscode-server/bin/31c37ee8f63491495ac49e43b8544550fbae4533/out/vs/workbench/api/node/extensionHostProcess.js:80:1902)
	at r.fire (/home/bitnami/.vscode-server/bin/31c37ee8f63491495ac49e43b8544550fbae4533/out/vs/workbench/api/node/extensionHostProcess.js:80:2119)
	at r.z (/home/bitnami/.vscode-server/bin/31c37ee8f63491495ac49e43b8544550fbae4533/out/vs/workbench/api/node/extensionHostProcess.js:170:19748) setContext undefined
2024-02-12 16:19:14.351 [error] Canceled: Canceled
	at new f (/home/bitnami/.vscode-server/bin/31c37ee8f63491495ac49e43b8544550fbae4533/out/vs/workbench/api/node/extensionHostProcess.js:140:45069)
	at d.U (/home/bitnami/.vscode-server/bin/31c37ee8f63491495ac49e43b8544550fbae4533/out/vs/workbench/api/node/extensionHostProcess.js:147:5557)
	at T.<computed>.O.charCodeAt.T.<computed> (/home/bitnami/.vscode-server/bin/31c37ee8f63491495ac49e43b8544550fbae4533/out/vs/workbench/api/node/extensionHostProcess.js:147:3008)
	at s.g (/home/bitnami/.vscode-server/bin/31c37ee8f63491495ac49e43b8544550fbae4533/out/vs/workbench/api/node/extensionHostProcess.js:150:174704)
	at s.executeCommand (/home/bitnami/.vscode-server/bin/31c37ee8f63491495ac49e43b8544550fbae4533/out/vs/workbench/api/node/extensionHostProcess.js:150:174142)
	at m.registerCommand.description (/home/bitnami/.vscode-server/bin/31c37ee8f63491495ac49e43b8544550fbae4533/out/vs/workbench/api/node/extensionHostProcess.js:150:173466)
	at s.h (/home/bitnami/.vscode-server/bin/31c37ee8f63491495ac49e43b8544550fbae4533/out/vs/workbench/api/node/extensionHostProcess.js:150:175243)
	at s.g (/home/bitnami/.vscode-server/bin/31c37ee8f63491495ac49e43b8544550fbae4533/out/vs/workbench/api/node/extensionHostProcess.js:150:174235)
	at s.executeCommand (/home/bitnami/.vscode-server/bin/31c37ee8f63491495ac49e43b8544550fbae4533/out/vs/workbench/api/node/extensionHostProcess.js:150:174142)
	at Object.executeCommand (/home/bitnami/.vscode-server/bin/31c37ee8f63491495ac49e43b8544550fbae4533/out/vs/workbench/api/node/extensionHostProcess.js:160:21634)
	at set b [as b] (/home/bitnami/.vscode-server/bin/31c37ee8f63491495ac49e43b8544550fbae4533/extensions/github/dist/extension.js:2:322364)
	at /home/bitnami/.vscode-server/bin/31c37ee8f63491495ac49e43b8544550fbae4533/extensions/github/dist/extension.js:2:323005
	at g.value (/home/bitnami/.vscode-server/bin/31c37ee8f63491495ac49e43b8544550fbae4533/extensions/git/dist/main.js:2:1018251)
	at r.y (/home/bitnami/.vscode-server/bin/31c37ee8f63491495ac49e43b8544550fbae4533/out/vs/workbench/api/node/extensionHostProcess.js:80:1902)
	at r.z (/home/bitnami/.vscode-server/bin/31c37ee8f63491495ac49e43b8544550fbae4533/out/vs/workbench/api/node/extensionHostProcess.js:80:1972)
	at r.fire (/home/bitnami/.vscode-server/bin/31c37ee8f63491495ac49e43b8544550fbae4533/out/vs/workbench/api/node/extensionHostProcess.js:80:2188)
	at Object.m [as dispose] (/home/bitnami/.vscode-server/bin/31c37ee8f63491495ac49e43b8544550fbae4533/extensions/git/dist/main.js:2:943089)
	at /home/bitnami/.vscode-server/bin/31c37ee8f63491495ac49e43b8544550fbae4533/extensions/git/dist/main.js:2:947930
	at Array.forEach (<anonymous>)
	at p.dispose (/home/bitnami/.vscode-server/bin/31c37ee8f63491495ac49e43b8544550fbae4533/extensions/git/dist/main.js:2:947916)
	at c.<anonymous> (/home/bitnami/.vscode-server/bin/31c37ee8f63491495ac49e43b8544550fbae4533/out/vs/workbench/api/node/extensionHostProcess.js:148:3650)
	at c.dispose (/home/bitnami/.vscode-server/bin/31c37ee8f63491495ac49e43b8544550fbae4533/out/vs/workbench/api/node/extensionHostProcess.js:148:3747)
	at c.<anonymous> (/home/bitnami/.vscode-server/bin/31c37ee8f63491495ac49e43b8544550fbae4533/extensions/git/dist/main.js:2:929310)
	at c.dispose (/home/bitnami/.vscode-server/bin/31c37ee8f63491495ac49e43b8544550fbae4533/out/vs/workbench/api/node/extensionHostProcess.js:148:3747)
	at o (/home/bitnami/.vscode-server/bin/31c37ee8f63491495ac49e43b8544550fbae4533/out/vs/workbench/api/node/extensionHostProcess.js:30:754)
	at g.cb (/home/bitnami/.vscode-server/bin/31c37ee8f63491495ac49e43b8544550fbae4533/out/vs/workbench/api/node/extensionHostProcess.js:156:9874)
	at /home/bitnami/.vscode-server/bin/31c37ee8f63491495ac49e43b8544550fbae4533/out/vs/workbench/api/node/extensionHostProcess.js:156:7808
	at Array.map (<anonymous>)
	at g.Y (/home/bitnami/.vscode-server/bin/31c37ee8f63491495ac49e43b8544550fbae4533/out/vs/workbench/api/node/extensionHostProcess.js:156:7795)
	at g.terminate (/home/bitnami/.vscode-server/bin/31c37ee8f63491495ac49e43b8544550fbae4533/out/vs/workbench/api/node/extensionHostProcess.js:156:8068)
	at o.terminate (/home/bitnami/.vscode-server/bin/31c37ee8f63491495ac49e43b8544550fbae4533/out/vs/workbench/api/node/extensionHostProcess.js:160:1513)
	at t (/home/bitnami/.vscode-server/bin/31c37ee8f63491495ac49e43b8544550fbae4533/out/vs/workbench/api/node/extensionHostProcess.js:173:9950)
	at g.value (/home/bitnami/.vscode-server/bin/31c37ee8f63491495ac49e43b8544550fbae4533/out/vs/workbench/api/node/extensionHostProcess.js:173:7997)
	at r.y (/home/bitnami/.vscode-server/bin/31c37ee8f63491495ac49e43b8544550fbae4533/out/vs/workbench/api/node/extensionHostProcess.js:80:1902)
	at r.fire (/home/bitnami/.vscode-server/bin/31c37ee8f63491495ac49e43b8544550fbae4533/out/vs/workbench/api/node/extensionHostProcess.js:80:2119)
	at n.fire (/home/bitnami/.vscode-server/bin/31c37ee8f63491495ac49e43b8544550fbae4533/out/vs/workbench/api/node/extensionHostProcess.js:105:14073)
	at s.z (/home/bitnami/.vscode-server/bin/31c37ee8f63491495ac49e43b8544550fbae4533/out/vs/workbench/api/node/extensionHostProcess.js:105:17138)
	at g.value (/home/bitnami/.vscode-server/bin/31c37ee8f63491495ac49e43b8544550fbae4533/out/vs/workbench/api/node/extensionHostProcess.js:105:15590)
	at r.y (/home/bitnami/.vscode-server/bin/31c37ee8f63491495ac49e43b8544550fbae4533/out/vs/workbench/api/node/extensionHostProcess.js:80:1902)
	at r.fire (/home/bitnami/.vscode-server/bin/31c37ee8f63491495ac49e43b8544550fbae4533/out/vs/workbench/api/node/extensionHostProcess.js:80:2119)
	at g.acceptChunk (/home/bitnami/.vscode-server/bin/31c37ee8f63491495ac49e43b8544550fbae4533/out/vs/workbench/api/node/extensionHostProcess.js:105:11847)
	at g.value (/home/bitnami/.vscode-server/bin/31c37ee8f63491495ac49e43b8544550fbae4533/out/vs/workbench/api/node/extensionHostProcess.js:105:11134)
	at r.y (/home/bitnami/.vscode-server/bin/31c37ee8f63491495ac49e43b8544550fbae4533/out/vs/workbench/api/node/extensionHostProcess.js:80:1902)
	at r.fire (/home/bitnami/.vscode-server/bin/31c37ee8f63491495ac49e43b8544550fbae4533/out/vs/workbench/api/node/extensionHostProcess.js:80:2119)
	at r.z (/home/bitnami/.vscode-server/bin/31c37ee8f63491495ac49e43b8544550fbae4533/out/vs/workbench/api/node/extensionHostProcess.js:170:19748) setContext undefined
2024-02-12 16:19:14.364 [info] Extension host with pid 13011 exiting with code 0
