2024-02-26 23:19:58.551 [info] Log level: Info
2024-02-26 23:19:58.551 [info] Validating found git in: "git"
2024-02-26 23:19:58.551 [info] Using git "2.30.2" from "git"
2024-02-26 23:19:58.551 [info] > git rev-parse --show-toplevel [110ms]
2024-02-26 23:19:58.554 [info] > git rev-parse --git-dir --git-common-dir [5ms]
2024-02-26 23:19:58.572 [info] Open repository: /home/bitnami
2024-02-26 23:19:58.595 [info] > git config --get commit.template [9ms]
2024-02-26 23:19:58.606 [info] > git rev-parse --show-toplevel [13ms]
2024-02-26 23:19:58.616 [info] > git for-each-ref --format=%(refname)%00%(upstream:short)%00%(objectname)%00%(upstream:track)%00%(upstream:remotename)%00%(upstream:remoteref) refs/heads/main refs/remotes/main [12ms]
2024-02-26 23:19:58.627 [info] > git rev-parse --show-toplevel [12ms]
2024-02-26 23:19:58.644 [info] > git rev-parse --show-toplevel [2ms]
2024-02-26 23:19:58.886 [info] > git rev-parse --show-toplevel [170ms]
2024-02-26 23:19:58.917 [info] > git rev-parse --show-toplevel [8ms]
2024-02-26 23:19:58.938 [info] > git rev-parse --show-toplevel [9ms]
2024-02-26 23:19:58.961 [info] > git rev-parse --show-toplevel [8ms]
2024-02-26 23:19:58.972 [info] > git rev-parse --show-toplevel [3ms]
2024-02-26 23:19:58.981 [info] > git rev-parse --show-toplevel [2ms]
2024-02-26 23:19:58.989 [info] > git rev-parse --show-toplevel [2ms]
2024-02-26 23:19:58.998 [info] > git rev-parse --show-toplevel [2ms]
2024-02-26 23:19:59.007 [info] > git rev-parse --show-toplevel [2ms]
2024-02-26 23:19:59.016 [info] > git rev-parse --show-toplevel [2ms]
2024-02-26 23:19:59.034 [info] > git rev-parse --show-toplevel [4ms]
2024-02-26 23:19:59.056 [info] > git rev-parse --git-dir --git-common-dir [10ms]
2024-02-26 23:19:59.063 [info] Open repository: /home/bitnami/todo
2024-02-26 23:19:59.103 [info] > git config --get commit.template [18ms]
2024-02-26 23:19:59.146 [info] > git rev-parse --show-toplevel [53ms]
2024-02-26 23:19:59.174 [info] > git for-each-ref --format %(refname) %(objectname) %(*objectname) refs/tags [30ms]
2024-02-26 23:19:59.204 [info] > git status -z -uall [18ms]
2024-02-26 23:19:59.248 [info] > git config --get commit.template [14ms]
2024-02-26 23:19:59.271 [info] > git status -z -uall [645ms]
2024-02-26 23:19:59.309 [info] > git for-each-ref --format %(refname) %(objectname) %(*objectname) refs/tags [62ms]
2024-02-26 23:19:59.320 [info] > git config --get commit.template [11ms]
2024-02-26 23:19:59.346 [info] > git status -z -uall [28ms]
2024-02-26 23:19:59.751 [info] > git for-each-ref --format=%(refname)%00%(upstream:short)%00%(objectname)%00%(upstream:track)%00%(upstream:remotename)%00%(upstream:remoteref) refs/heads/main refs/remotes/main [409ms]
2024-02-26 23:19:59.994 [info] > git check-ignore -v -z --stdin [263ms]
2024-02-26 23:20:00.003 [info] > git show --textconv :blogger/app_server/views/addBlog.pug [78ms]
2024-02-26 23:20:00.018 [info] > git ls-files --stage -- /home/bitnami/blogger/app_server/views/addBlog.pug [75ms]
2024-02-26 23:20:00.059 [info] > git cat-file -s 36cd640aad9fd0eb01ed68d94874d9f5b5c7c847 [16ms]
2024-02-26 23:20:00.361 [info] > git status -z -uall [538ms]
2024-02-26 23:20:02.178 [info] > git check-ignore -v -z --stdin [12ms]
2024-02-26 23:20:03.600 [info] > git ls-files --stage -- /home/bitnami/blogger/app_api/routes/index.js [49ms]
2024-02-26 23:20:03.646 [info] > git show --textconv :blogger/app_api/routes/index.js [119ms]
2024-02-26 23:20:03.648 [info] > git cat-file -s 2cf60746a27cfd28139536f80db4a5d2f89ffd53 [7ms]
2024-02-26 23:20:18.907 [info] > git check-ignore -v -z --stdin [99ms]
2024-02-26 23:20:25.508 [info] > git ls-files --stage -- /home/bitnami/blogger/app_api/controllers/blogs.js [41ms]
2024-02-26 23:20:25.537 [info] > git show --textconv :blogger/app_api/controllers/blogs.js [91ms]
2024-02-26 23:20:25.545 [info] > git cat-file -s cb48da7dd6af23cc3ba39d368be6715196a2991c [17ms]
2024-02-26 23:21:06.863 [info] > git ls-files --stage -- /home/bitnami/blogger/app_api/routes/index.js [16ms]
2024-02-26 23:21:06.877 [info] > git show --textconv :blogger/app_api/routes/index.js [46ms]
2024-02-26 23:21:06.879 [info] > git cat-file -s 2cf60746a27cfd28139536f80db4a5d2f89ffd53 [2ms]
