2024-02-27 05:38:41.323 [info] Log level: Info
2024-02-27 05:38:41.323 [info] Validating found git in: "git"
2024-02-27 05:38:41.323 [info] Using git "2.30.2" from "git"
2024-02-27 05:38:41.323 [info] > git rev-parse --show-toplevel [76ms]
2024-02-27 05:38:41.340 [info] > git rev-parse --git-dir --git-common-dir [31ms]
2024-02-27 05:38:41.442 [info] Open repository: /home/bitnami
2024-02-27 05:38:41.910 [info] > git rev-parse --show-toplevel [204ms]
2024-02-27 05:38:41.911 [info] > git config --get commit.template [236ms]
2024-02-27 05:38:41.963 [info] > git rev-parse --show-toplevel [19ms]
2024-02-27 05:38:41.981 [info] > git for-each-ref --format=%(refname)%00%(upstream:short)%00%(objectname)%00%(upstream:track)%00%(upstream:remotename)%00%(upstream:remoteref) refs/heads/main refs/remotes/main [22ms]
2024-02-27 05:38:42.012 [info] > git rev-parse --show-toplevel [40ms]
2024-02-27 05:38:42.057 [info] > git rev-parse --show-toplevel [7ms]
2024-02-27 05:38:42.159 [info] > git rev-parse --show-toplevel [80ms]
2024-02-27 05:38:42.258 [info] > git rev-parse --show-toplevel [12ms]
2024-02-27 05:38:42.312 [info] > git rev-parse --show-toplevel [13ms]
2024-02-27 05:38:42.360 [info] > git rev-parse --show-toplevel [16ms]
2024-02-27 05:38:42.422 [info] > git rev-parse --show-toplevel [25ms]
2024-02-27 05:38:42.465 [info] > git rev-parse --show-toplevel [2ms]
2024-02-27 05:38:42.501 [info] > git rev-parse --show-toplevel [18ms]
2024-02-27 05:38:42.549 [info] > git rev-parse --show-toplevel [21ms]
2024-02-27 05:38:42.600 [info] > git rev-parse --show-toplevel [25ms]
2024-02-27 05:38:42.671 [info] > git rev-parse --show-toplevel [23ms]
2024-02-27 05:38:42.708 [info] > git rev-parse --git-dir --git-common-dir [16ms]
2024-02-27 05:38:42.713 [info] Open repository: /home/bitnami/todo
2024-02-27 05:38:42.837 [info] > git config --get commit.template [53ms]
2024-02-27 05:38:42.865 [info] > git check-ignore -v -z --stdin [445ms]
2024-02-27 05:38:42.867 [info] > git rev-parse --show-toplevel [41ms]
2024-02-27 05:38:42.967 [info] > git for-each-ref --format %(refname) %(objectname) %(*objectname) refs/tags [104ms]
2024-02-27 05:38:43.033 [info] > git show --textconv :blogger/app_server/controllers/blog.js [117ms]
2024-02-27 05:38:43.040 [info] > git ls-files --stage -- /home/bitnami/blogger/app_server/controllers/blog.js [98ms]
2024-02-27 05:38:43.068 [info] > git cat-file -s 9be810493f774c89e17488ff0e093d53b27ecfca [3ms]
2024-02-27 05:38:43.075 [info] > git status -z -uall [51ms]
2024-02-27 05:38:43.202 [info] > git config --get commit.template [58ms]
2024-02-27 05:38:43.231 [info] > git for-each-ref --format %(refname) %(objectname) %(*objectname) refs/tags [31ms]
2024-02-27 05:38:43.515 [info] > git status -z -uall [258ms]
2024-02-27 05:38:43.828 [info] > git check-ignore -v -z --stdin [315ms]
2024-02-27 05:38:44.726 [info] > git status -z -uall [2728ms]
2024-02-27 05:38:44.811 [info] > git config --get commit.template [33ms]
2024-02-27 05:38:44.942 [info] > git for-each-ref --format=%(refname)%00%(upstream:short)%00%(objectname)%00%(upstream:track)%00%(upstream:remotename)%00%(upstream:remoteref) refs/heads/main refs/remotes/main [111ms]
2024-02-27 05:38:46.070 [info] > git status -z -uall [917ms]
2024-02-27 05:39:35.943 [info] > git config --get commit.template [27ms]
2024-02-27 05:39:35.968 [info] > git for-each-ref --format=%(refname)%00%(upstream:short)%00%(objectname)%00%(upstream:track)%00%(upstream:remotename)%00%(upstream:remoteref) refs/heads/main refs/remotes/main [49ms]
2024-02-27 05:39:38.251 [info] > git status -z -uall [2277ms]
2024-02-27 05:39:58.250 [info] > git config --get commit.template [8ms]
2024-02-27 05:39:58.254 [info] > git for-each-ref --format=%(refname)%00%(upstream:short)%00%(objectname)%00%(upstream:track)%00%(upstream:remotename)%00%(upstream:remoteref) refs/heads/main refs/remotes/main [6ms]
2024-02-27 05:39:58.580 [info] > git status -z -uall [316ms]
2024-02-27 05:40:03.599 [info] > git config --get commit.template [7ms]
2024-02-27 05:40:03.600 [info] > git for-each-ref --format=%(refname)%00%(upstream:short)%00%(objectname)%00%(upstream:track)%00%(upstream:remotename)%00%(upstream:remoteref) refs/heads/main refs/remotes/main [1ms]
2024-02-27 05:40:03.825 [info] > git status -z -uall [216ms]
2024-02-27 05:40:09.296 [info] > git config --get commit.template [3ms]
2024-02-27 05:40:09.309 [info] > git for-each-ref --format=%(refname)%00%(upstream:short)%00%(objectname)%00%(upstream:track)%00%(upstream:remotename)%00%(upstream:remoteref) refs/heads/main refs/remotes/main [4ms]
2024-02-27 05:40:09.533 [info] > git status -z -uall [214ms]
2024-02-27 05:40:14.553 [info] > git config --get commit.template [9ms]
2024-02-27 05:40:14.554 [info] > git for-each-ref --format=%(refname)%00%(upstream:short)%00%(objectname)%00%(upstream:track)%00%(upstream:remotename)%00%(upstream:remoteref) refs/heads/main refs/remotes/main [3ms]
2024-02-27 05:40:14.770 [info] > git status -z -uall [208ms]
2024-02-27 05:40:24.414 [info] > git config --get commit.template [6ms]
2024-02-27 05:40:24.415 [info] > git for-each-ref --format=%(refname)%00%(upstream:short)%00%(objectname)%00%(upstream:track)%00%(upstream:remotename)%00%(upstream:remoteref) refs/heads/main refs/remotes/main [2ms]
2024-02-27 05:40:24.599 [info] > git status -z -uall [179ms]
2024-02-27 05:40:29.611 [info] > git config --get commit.template [1ms]
2024-02-27 05:40:29.618 [info] > git for-each-ref --format=%(refname)%00%(upstream:short)%00%(objectname)%00%(upstream:track)%00%(upstream:remotename)%00%(upstream:remoteref) refs/heads/main refs/remotes/main [2ms]
2024-02-27 05:40:29.816 [info] > git status -z -uall [192ms]
2024-02-27 05:40:31.167 [info] > git show --textconv :blogger/app_server/views/blog/blog-edit.pug [20ms]
2024-02-27 05:40:31.170 [info] > git ls-files --stage -- /home/bitnami/blogger/app_server/views/blog/blog-edit.pug [13ms]
2024-02-27 05:40:31.181 [info] > git cat-file -s b7d1436b4acc8b538eb33f5fb828547793f22111 [5ms]
2024-02-27 05:40:31.751 [info] > git ls-files --stage -- /home/bitnami/blogger/app_server/views/blog/blog-list.pug [13ms]
2024-02-27 05:40:31.759 [info] > git show --textconv :blogger/app_server/views/blog/blog-list.pug [29ms]
2024-02-27 05:40:31.761 [info] > git cat-file -s 6aad0aa8a727a97ae85b9b56a2e6ad227d818f1c [3ms]
2024-02-27 05:40:39.605 [info] > git show --textconv :blogger/app_server/views/blog/blog-edit.pug [24ms]
2024-02-27 05:40:39.613 [info] > git ls-files --stage -- /home/bitnami/blogger/app_server/views/blog/blog-edit.pug [11ms]
2024-02-27 05:40:39.622 [info] > git cat-file -s b7d1436b4acc8b538eb33f5fb828547793f22111 [3ms]
2024-02-27 05:40:40.587 [info] > git show --textconv :blogger/app_server/views/blog/blog-delete.pug [28ms]
2024-02-27 05:40:40.596 [info] > git ls-files --stage -- /home/bitnami/blogger/app_server/views/blog/blog-delete.pug [29ms]
2024-02-27 05:40:40.605 [info] > git cat-file -s 344944f16a10a3b8f9bc432b4f303cb26cf80e5d [1ms]
2024-02-27 05:40:41.521 [info] > git show --textconv :blogger/app_server/views/blog/blog-add.pug [13ms]
2024-02-27 05:40:41.526 [info] > git ls-files --stage -- /home/bitnami/blogger/app_server/views/blog/blog-add.pug [9ms]
2024-02-27 05:40:41.533 [info] > git cat-file -s 4c44c6a98f639a79046bfc5ca65497643115733f [1ms]
2024-02-27 05:40:42.524 [info] > git show --textconv :blogger/app_server/views/blog/blog-list.pug [14ms]
2024-02-27 05:40:42.529 [info] > git ls-files --stage -- /home/bitnami/blogger/app_server/views/blog/blog-list.pug [11ms]
2024-02-27 05:40:42.536 [info] > git cat-file -s 6aad0aa8a727a97ae85b9b56a2e6ad227d818f1c [2ms]
2024-02-27 05:41:22.016 [info] > git config --get commit.template [7ms]
2024-02-27 05:41:22.017 [info] > git for-each-ref --format=%(refname)%00%(upstream:short)%00%(objectname)%00%(upstream:track)%00%(upstream:remotename)%00%(upstream:remoteref) refs/heads/main refs/remotes/main [3ms]
2024-02-27 05:41:22.199 [info] > git status -z -uall [177ms]
2024-02-27 05:41:34.581 [info] > git show --textconv :blogger/app_server/views/blog/blog-add.pug [14ms]
2024-02-27 05:41:34.586 [info] > git ls-files --stage -- /home/bitnami/blogger/app_server/views/blog/blog-add.pug [12ms]
2024-02-27 05:41:34.592 [info] > git cat-file -s 4c44c6a98f639a79046bfc5ca65497643115733f [1ms]
2024-02-27 05:41:35.911 [info] > git show --textconv :blogger/app_server/views/blog/blog-list.pug [13ms]
2024-02-27 05:41:35.917 [info] > git ls-files --stage -- /home/bitnami/blogger/app_server/views/blog/blog-list.pug [11ms]
2024-02-27 05:41:35.926 [info] > git cat-file -s 6aad0aa8a727a97ae85b9b56a2e6ad227d818f1c [2ms]
2024-02-27 05:41:39.893 [info] > git show --textconv :blogger/app_server/views/blog/blog-edit.pug [13ms]
2024-02-27 05:41:39.899 [info] > git ls-files --stage -- /home/bitnami/blogger/app_server/views/blog/blog-edit.pug [11ms]
2024-02-27 05:41:39.907 [info] > git cat-file -s b7d1436b4acc8b538eb33f5fb828547793f22111 [2ms]
2024-02-27 05:41:40.623 [info] > git show --textconv :blogger/app_server/views/blog/blog-delete.pug [13ms]
2024-02-27 05:41:40.628 [info] > git ls-files --stage -- /home/bitnami/blogger/app_server/views/blog/blog-delete.pug [10ms]
2024-02-27 05:41:40.634 [info] > git cat-file -s 344944f16a10a3b8f9bc432b4f303cb26cf80e5d [1ms]
2024-02-27 05:41:41.202 [info] > git show --textconv :blogger/app_server/views/blog/blog-add.pug [13ms]
2024-02-27 05:41:41.208 [info] > git ls-files --stage -- /home/bitnami/blogger/app_server/views/blog/blog-add.pug [10ms]
2024-02-27 05:41:41.214 [info] > git cat-file -s 4c44c6a98f639a79046bfc5ca65497643115733f [1ms]
2024-02-27 05:41:54.754 [info] > git ls-files --stage -- /home/bitnami/blogger/app_server/views/blog/blog-list.pug [23ms]
2024-02-27 05:41:54.762 [info] > git show --textconv :blogger/app_server/views/blog/blog-list.pug [40ms]
2024-02-27 05:41:54.764 [info] > git cat-file -s 6aad0aa8a727a97ae85b9b56a2e6ad227d818f1c [2ms]
2024-02-27 05:41:58.450 [info] > git show --textconv :blogger/app_server/views/blog/blog-edit.pug [12ms]
2024-02-27 05:41:58.457 [info] > git ls-files --stage -- /home/bitnami/blogger/app_server/views/blog/blog-edit.pug [10ms]
2024-02-27 05:41:58.463 [info] > git cat-file -s b7d1436b4acc8b538eb33f5fb828547793f22111 [1ms]
2024-02-27 05:41:59.202 [info] > git show --textconv :blogger/app_server/views/blog/blog-delete.pug [15ms]
2024-02-27 05:41:59.210 [info] > git ls-files --stage -- /home/bitnami/blogger/app_server/views/blog/blog-delete.pug [13ms]
2024-02-27 05:41:59.217 [info] > git cat-file -s 344944f16a10a3b8f9bc432b4f303cb26cf80e5d [1ms]
2024-02-27 05:41:59.990 [info] > git show --textconv :blogger/app_server/views/blog/blog-add.pug [13ms]
2024-02-27 05:42:00.021 [info] > git ls-files --stage -- /home/bitnami/blogger/app_server/views/blog/blog-add.pug [34ms]
2024-02-27 05:42:00.042 [info] > git cat-file -s 4c44c6a98f639a79046bfc5ca65497643115733f [2ms]
2024-02-27 05:42:01.048 [info] > git show --textconv :blogger/app_server/routes/index.js [15ms]
2024-02-27 05:42:01.052 [info] > git ls-files --stage -- /home/bitnami/blogger/app_server/routes/index.js [14ms]
2024-02-27 05:42:01.060 [info] > git cat-file -s 1d216677193f63943dd750dd49aa1ef968aaf9ca [0ms]
2024-02-27 05:42:06.947 [info] > git show --textconv :blogger/app_server/controllers/blog.js [18ms]
2024-02-27 05:42:06.954 [info] > git ls-files --stage -- /home/bitnami/blogger/app_server/controllers/blog.js [16ms]
2024-02-27 05:42:06.964 [info] > git cat-file -s 9be810493f774c89e17488ff0e093d53b27ecfca [3ms]
2024-02-27 05:43:26.405 [info] > git show --textconv :blogger/app_server/views/partials/nav.pug [30ms]
2024-02-27 05:43:26.406 [info] > git ls-files --stage -- /home/bitnami/blogger/app_server/views/partials/nav.pug [22ms]
2024-02-27 05:43:26.418 [info] > git cat-file -s f6c5aef72efb46bfb4be6f1f6cc0ea00129d6f4e [2ms]
2024-02-27 05:43:38.499 [info] > git for-each-ref --format=%(refname)%00%(upstream:short)%00%(objectname)%00%(upstream:track)%00%(upstream:remotename)%00%(upstream:remoteref) refs/heads/main refs/remotes/main [2ms]
2024-02-27 05:43:38.500 [info] > git config --get commit.template [9ms]
2024-02-27 05:43:38.733 [info] > git status -z -uall [222ms]
2024-02-27 05:43:59.205 [info] > git config --get commit.template [2ms]
2024-02-27 05:43:59.211 [info] > git for-each-ref --format=%(refname)%00%(upstream:short)%00%(objectname)%00%(upstream:track)%00%(upstream:remotename)%00%(upstream:remoteref) refs/heads/main refs/remotes/main [1ms]
2024-02-27 05:43:59.403 [info] > git status -z -uall [187ms]
2024-02-27 05:43:59.559 [info] > git show --textconv :blogger/app_server/views/blog/blog-list.pug [16ms]
2024-02-27 05:43:59.566 [info] > git ls-files --stage -- /home/bitnami/blogger/app_server/views/blog/blog-list.pug [11ms]
2024-02-27 05:43:59.575 [info] > git cat-file -s 6aad0aa8a727a97ae85b9b56a2e6ad227d818f1c [2ms]
2024-02-27 05:44:00.458 [info] > git show --textconv :blogger/app_server/routes/index.js [14ms]
2024-02-27 05:44:00.464 [info] > git ls-files --stage -- /home/bitnami/blogger/app_server/routes/index.js [11ms]
2024-02-27 05:44:00.473 [info] > git cat-file -s 1d216677193f63943dd750dd49aa1ef968aaf9ca [4ms]
2024-02-27 05:44:04.417 [info] > git check-ignore -v -z --stdin [17ms]
2024-02-27 05:44:04.418 [info] > git config --get commit.template [4ms]
2024-02-27 05:44:04.425 [info] > git for-each-ref --format=%(refname)%00%(upstream:short)%00%(objectname)%00%(upstream:track)%00%(upstream:remotename)%00%(upstream:remoteref) refs/heads/main refs/remotes/main [1ms]
2024-02-27 05:44:04.613 [info] > git status -z -uall [182ms]
2024-02-27 05:44:04.971 [info] > git check-ignore -v -z --stdin [13ms]
2024-02-27 05:44:06.380 [info] > git show --textconv :blogger/app_server/controllers/blog.js [17ms]
2024-02-27 05:44:06.386 [info] > git ls-files --stage -- /home/bitnami/blogger/app_server/controllers/blog.js [13ms]
2024-02-27 05:44:06.393 [info] > git cat-file -s 9be810493f774c89e17488ff0e093d53b27ecfca [1ms]
2024-02-27 05:44:09.631 [info] > git config --get commit.template [6ms]
2024-02-27 05:44:09.632 [info] > git for-each-ref --format=%(refname)%00%(upstream:short)%00%(objectname)%00%(upstream:track)%00%(upstream:remotename)%00%(upstream:remoteref) refs/heads/main refs/remotes/main [1ms]
2024-02-27 05:44:09.821 [info] > git status -z -uall [180ms]
2024-02-27 05:44:14.847 [info] > git config --get commit.template [14ms]
2024-02-27 05:44:14.847 [info] > git for-each-ref --format=%(refname)%00%(upstream:short)%00%(objectname)%00%(upstream:track)%00%(upstream:remotename)%00%(upstream:remoteref) refs/heads/main refs/remotes/main [1ms]
2024-02-27 05:44:15.039 [info] > git status -z -uall [186ms]
2024-02-27 05:44:20.055 [info] > git config --get commit.template [6ms]
2024-02-27 05:44:20.055 [info] > git for-each-ref --format=%(refname)%00%(upstream:short)%00%(objectname)%00%(upstream:track)%00%(upstream:remotename)%00%(upstream:remoteref) refs/heads/main refs/remotes/main [1ms]
2024-02-27 05:44:20.237 [info] > git status -z -uall [176ms]
2024-02-27 05:44:25.255 [info] > git config --get commit.template [9ms]
2024-02-27 05:44:25.256 [info] > git for-each-ref --format=%(refname)%00%(upstream:short)%00%(objectname)%00%(upstream:track)%00%(upstream:remotename)%00%(upstream:remoteref) refs/heads/main refs/remotes/main [3ms]
2024-02-27 05:44:25.471 [info] > git status -z -uall [209ms]
2024-02-27 05:44:31.290 [info] > git config --get commit.template [6ms]
2024-02-27 05:44:31.291 [info] > git for-each-ref --format=%(refname)%00%(upstream:short)%00%(objectname)%00%(upstream:track)%00%(upstream:remotename)%00%(upstream:remoteref) refs/heads/main refs/remotes/main [1ms]
2024-02-27 05:44:31.501 [info] > git status -z -uall [203ms]
2024-02-27 05:44:36.519 [info] > git config --get commit.template [7ms]
2024-02-27 05:44:36.520 [info] > git for-each-ref --format=%(refname)%00%(upstream:short)%00%(objectname)%00%(upstream:track)%00%(upstream:remotename)%00%(upstream:remoteref) refs/heads/main refs/remotes/main [2ms]
2024-02-27 05:44:36.714 [info] > git status -z -uall [188ms]
2024-02-27 05:44:41.732 [info] > git config --get commit.template [6ms]
2024-02-27 05:44:41.733 [info] > git for-each-ref --format=%(refname)%00%(upstream:short)%00%(objectname)%00%(upstream:track)%00%(upstream:remotename)%00%(upstream:remoteref) refs/heads/main refs/remotes/main [2ms]
2024-02-27 05:44:41.922 [info] > git status -z -uall [184ms]
2024-02-27 05:44:46.949 [info] > git config --get commit.template [10ms]
2024-02-27 05:44:46.950 [info] > git for-each-ref --format=%(refname)%00%(upstream:short)%00%(objectname)%00%(upstream:track)%00%(upstream:remotename)%00%(upstream:remoteref) refs/heads/main refs/remotes/main [2ms]
2024-02-27 05:44:47.163 [info] > git status -z -uall [205ms]
2024-02-27 05:44:52.177 [info] > git config --get commit.template [2ms]
2024-02-27 05:44:52.186 [info] > git for-each-ref --format=%(refname)%00%(upstream:short)%00%(objectname)%00%(upstream:track)%00%(upstream:remotename)%00%(upstream:remoteref) refs/heads/main refs/remotes/main [2ms]
2024-02-27 05:44:52.433 [info] > git status -z -uall [240ms]
2024-02-27 05:44:58.663 [info] > git config --get commit.template [6ms]
2024-02-27 05:44:58.663 [info] > git for-each-ref --format=%(refname)%00%(upstream:short)%00%(objectname)%00%(upstream:track)%00%(upstream:remotename)%00%(upstream:remoteref) refs/heads/main refs/remotes/main [1ms]
2024-02-27 05:44:58.844 [info] > git status -z -uall [176ms]
2024-02-27 05:44:59.340 [info] > git ls-files --stage -- /home/bitnami/blogger/nohup.out [15ms]
2024-02-27 05:44:59.347 [info] > git show --textconv :blogger/nohup.out [32ms]
2024-02-27 05:44:59.361 [info] > git cat-file -s bf119920900ef05ab6688608dff3ae4071c95444 [14ms]
2024-02-27 05:44:59.801 [info] > git check-ignore -v -z --stdin [3ms]
2024-02-27 05:44:59.811 [info] > git check-ignore -v -z --stdin [21ms]
2024-02-27 05:45:03.863 [info] > git config --get commit.template [7ms]
2024-02-27 05:45:03.864 [info] > git for-each-ref --format=%(refname)%00%(upstream:short)%00%(objectname)%00%(upstream:track)%00%(upstream:remotename)%00%(upstream:remoteref) refs/heads/main refs/remotes/main [2ms]
2024-02-27 05:45:04.073 [info] > git status -z -uall [203ms]
2024-02-27 05:45:09.096 [info] > git config --get commit.template [8ms]
2024-02-27 05:45:09.096 [info] > git for-each-ref --format=%(refname)%00%(upstream:short)%00%(objectname)%00%(upstream:track)%00%(upstream:remotename)%00%(upstream:remoteref) refs/heads/main refs/remotes/main [1ms]
2024-02-27 05:45:09.296 [info] > git status -z -uall [192ms]
2024-02-27 05:45:11.686 [info] > git show --textconv :blogger/app_server/controllers/blog.js [17ms]
2024-02-27 05:45:11.695 [info] > git ls-files --stage -- /home/bitnami/blogger/app_server/controllers/blog.js [16ms]
2024-02-27 05:45:11.705 [info] > git cat-file -s 9be810493f774c89e17488ff0e093d53b27ecfca [2ms]
2024-02-27 05:45:11.997 [info] > git check-ignore -v -z --stdin [11ms]
2024-02-27 05:45:14.308 [info] > git config --get commit.template [2ms]
2024-02-27 05:45:14.316 [info] > git for-each-ref --format=%(refname)%00%(upstream:short)%00%(objectname)%00%(upstream:track)%00%(upstream:remotename)%00%(upstream:remoteref) refs/heads/main refs/remotes/main [0ms]
2024-02-27 05:45:14.515 [info] > git status -z -uall [192ms]
2024-02-27 05:45:19.532 [info] > git config --get commit.template [3ms]
2024-02-27 05:45:19.541 [info] > git for-each-ref --format=%(refname)%00%(upstream:short)%00%(objectname)%00%(upstream:track)%00%(upstream:remotename)%00%(upstream:remoteref) refs/heads/main refs/remotes/main [2ms]
2024-02-27 05:45:19.726 [info] > git status -z -uall [178ms]
2024-02-27 05:45:24.747 [info] > git config --get commit.template [6ms]
2024-02-27 05:45:24.747 [info] > git for-each-ref --format=%(refname)%00%(upstream:short)%00%(objectname)%00%(upstream:track)%00%(upstream:remotename)%00%(upstream:remoteref) refs/heads/main refs/remotes/main [1ms]
2024-02-27 05:45:24.930 [info] > git status -z -uall [178ms]
2024-02-27 05:45:29.947 [info] > git config --get commit.template [7ms]
2024-02-27 05:45:29.948 [info] > git for-each-ref --format=%(refname)%00%(upstream:short)%00%(objectname)%00%(upstream:track)%00%(upstream:remotename)%00%(upstream:remoteref) refs/heads/main refs/remotes/main [2ms]
2024-02-27 05:45:30.150 [info] > git status -z -uall [197ms]
2024-02-27 05:45:31.820 [info] > git check-ignore -v -z --stdin [25ms]
2024-02-27 05:45:35.172 [info] > git config --get commit.template [7ms]
2024-02-27 05:45:35.173 [info] > git for-each-ref --format=%(refname)%00%(upstream:short)%00%(objectname)%00%(upstream:track)%00%(upstream:remotename)%00%(upstream:remoteref) refs/heads/main refs/remotes/main [3ms]
2024-02-27 05:45:35.364 [info] > git status -z -uall [186ms]
2024-02-27 05:45:36.194 [info] > git show --textconv :blogger/app_server/routes/index.js [13ms]
2024-02-27 05:45:36.203 [info] > git ls-files --stage -- /home/bitnami/blogger/app_server/routes/index.js [13ms]
2024-02-27 05:45:36.210 [info] > git cat-file -s 1d216677193f63943dd750dd49aa1ef968aaf9ca [1ms]
2024-02-27 05:45:40.386 [info] > git config --get commit.template [10ms]
2024-02-27 05:45:40.387 [info] > git for-each-ref --format=%(refname)%00%(upstream:short)%00%(objectname)%00%(upstream:track)%00%(upstream:remotename)%00%(upstream:remoteref) refs/heads/main refs/remotes/main [1ms]
2024-02-27 05:45:40.584 [info] > git status -z -uall [190ms]
2024-02-27 05:45:42.096 [info] > git show --textconv :blogger/app_server/controllers/blog.js [13ms]
2024-02-27 05:45:42.102 [info] > git ls-files --stage -- /home/bitnami/blogger/app_server/controllers/blog.js [10ms]
2024-02-27 05:45:42.110 [info] > git cat-file -s 9be810493f774c89e17488ff0e093d53b27ecfca [1ms]
2024-02-27 05:45:45.604 [info] > git config --get commit.template [6ms]
2024-02-27 05:45:45.605 [info] > git for-each-ref --format=%(refname)%00%(upstream:short)%00%(objectname)%00%(upstream:track)%00%(upstream:remotename)%00%(upstream:remoteref) refs/heads/main refs/remotes/main [2ms]
2024-02-27 05:45:45.786 [info] > git status -z -uall [173ms]
2024-02-27 05:45:49.246 [info] > git show --textconv :blogger/nohup.out [21ms]
2024-02-27 05:45:49.251 [info] > git ls-files --stage -- /home/bitnami/blogger/nohup.out [17ms]
2024-02-27 05:45:49.268 [info] > git cat-file -s bf119920900ef05ab6688608dff3ae4071c95444 [10ms]
2024-02-27 05:46:00.387 [info] > git config --get commit.template [12ms]
2024-02-27 05:46:00.388 [info] > git for-each-ref --format=%(refname)%00%(upstream:short)%00%(objectname)%00%(upstream:track)%00%(upstream:remotename)%00%(upstream:remoteref) refs/heads/main refs/remotes/main [2ms]
2024-02-27 05:46:00.598 [info] > git show --textconv :blogger/app_server/controllers/blog.js [36ms]
2024-02-27 05:46:00.600 [info] > git ls-files --stage -- /home/bitnami/blogger/app_server/controllers/blog.js [23ms]
2024-02-27 05:46:00.619 [info] > git cat-file -s 9be810493f774c89e17488ff0e093d53b27ecfca [8ms]
2024-02-27 05:46:00.622 [info] > git status -z -uall [226ms]
2024-02-27 05:46:05.644 [info] > git config --get commit.template [9ms]
2024-02-27 05:46:05.645 [info] > git for-each-ref --format=%(refname)%00%(upstream:short)%00%(objectname)%00%(upstream:track)%00%(upstream:remotename)%00%(upstream:remoteref) refs/heads/main refs/remotes/main [2ms]
2024-02-27 05:46:05.833 [info] > git status -z -uall [181ms]
2024-02-27 05:46:08.091 [info] > git merge-base refs/heads/main refs/remotes/main/main [1ms]
2024-02-27 05:46:08.112 [info] > git rev-list --count --left-right refs/heads/main...refs/remotes/main/main [12ms]
2024-02-27 05:46:08.878 [info] > git check-ignore -v -z --stdin [30ms]
2024-02-27 05:46:10.856 [info] > git config --get commit.template [7ms]
2024-02-27 05:46:10.857 [info] > git for-each-ref --format=%(refname)%00%(upstream:short)%00%(objectname)%00%(upstream:track)%00%(upstream:remotename)%00%(upstream:remoteref) refs/heads/main refs/remotes/main [1ms]
2024-02-27 05:46:11.060 [info] > git status -z -uall [198ms]
2024-02-27 05:46:13.374 [info] > git add -A -- . [380ms]
2024-02-27 05:46:14.512 [info] > git show --textconv :.git/COMMIT_EDITMSG [17ms]
2024-02-27 05:46:14.518 [info] > git ls-files --stage -- /home/bitnami/.git/COMMIT_EDITMSG [17ms]
2024-02-27 05:46:14.804 [info] > git check-ignore -v -z --stdin [11ms]
2024-02-27 05:46:15.157 [info] > git ls-files --stage -- /home/bitnami/.git/COMMIT_EDITMSG [9ms]
2024-02-27 05:46:15.215 [info] > git show --textconv :.git/COMMIT_EDITMSG [9ms]
2024-02-27 05:46:26.502 [info] > git -c user.useConfigOnly=true commit --quiet [13121ms]
2024-02-27 05:46:26.522 [info] > git config --get commit.template [10ms]
2024-02-27 05:46:26.524 [info] > git for-each-ref --format=%(refname)%00%(upstream:short)%00%(objectname)%00%(upstream:track)%00%(upstream:remotename)%00%(upstream:remoteref) refs/heads/main refs/remotes/main [2ms]
2024-02-27 05:46:26.736 [info] > git status -z -uall [203ms]
2024-02-27 05:46:26.773 [info] > git show --textconv :blogger/app_server/controllers/blog.js [64ms]
2024-02-27 05:46:26.774 [info] > git ls-files --stage -- /home/bitnami/blogger/app_server/controllers/blog.js [43ms]
2024-02-27 05:46:26.783 [info] > git cat-file -s ac07f38e42a95a3273c759f82a45f995a07c9795 [3ms]
2024-02-27 05:46:26.783 [info] > git config --get commit.template [10ms]
2024-02-27 05:46:26.795 [info] > git for-each-ref --format=%(refname)%00%(upstream:short)%00%(objectname)%00%(upstream:track)%00%(upstream:remotename)%00%(upstream:remoteref) refs/heads/main refs/remotes/main [2ms]
2024-02-27 05:46:26.878 [info] > git merge-base refs/heads/main refs/remotes/main/main [28ms]
2024-02-27 05:46:26.894 [info] > git rev-list --count --left-right refs/heads/main...refs/remotes/main/main [4ms]
2024-02-27 05:46:27.031 [info] > git status -z -uall [229ms]
2024-02-27 05:46:27.548 [info] > git check-ignore -v -z --stdin [10ms]
2024-02-27 05:46:27.723 [info] > git ls-files --stage -- /home/bitnami/blogger/app_server/controllers/blog.js [9ms]
2024-02-27 05:46:27.730 [info] > git cat-file -s ac07f38e42a95a3273c759f82a45f995a07c9795 [2ms]
2024-02-27 05:46:27.774 [info] > git show --textconv :blogger/app_server/controllers/blog.js [10ms]
2024-02-27 05:46:27.936 [info] > git push main main:main [1174ms]
2024-02-27 05:46:27.936 [info] To https://github.com/kuhaku4/csci421-lab4.git
   e2a05bd2..fec77030  main -> main
2024-02-27 05:46:27.951 [info] > git config --get commit.template [6ms]
2024-02-27 05:46:27.952 [info] > git for-each-ref --format=%(refname)%00%(upstream:short)%00%(objectname)%00%(upstream:track)%00%(upstream:remotename)%00%(upstream:remoteref) refs/heads/main refs/remotes/main [2ms]
2024-02-27 05:46:28.143 [info] > git status -z -uall [186ms]
2024-02-27 05:46:28.211 [info] > git merge-base refs/heads/main refs/remotes/main/main [9ms]
2024-02-27 05:46:28.218 [info] > git config --get commit.template [7ms]
2024-02-27 05:46:28.225 [info] > git rev-list --count --left-right refs/heads/main...refs/remotes/main/main [8ms]
2024-02-27 05:46:28.227 [info] > git for-each-ref --format=%(refname)%00%(upstream:short)%00%(objectname)%00%(upstream:track)%00%(upstream:remotename)%00%(upstream:remoteref) refs/heads/main refs/remotes/main [3ms]
2024-02-27 05:46:28.434 [info] > git status -z -uall [199ms]
2024-02-27 05:46:29.270 [info] > git ls-files --stage -- /home/bitnami/blogger/app_server/controllers/blog.js [11ms]
2024-02-27 05:46:29.278 [info] > git cat-file -s ac07f38e42a95a3273c759f82a45f995a07c9795 [2ms]
2024-02-27 05:46:29.332 [info] > git show --textconv :blogger/app_server/controllers/blog.js [15ms]
2024-02-27 05:46:32.516 [info] > git config --get commit.template [2ms]
2024-02-27 05:46:32.523 [info] > git for-each-ref --format=%(refname)%00%(upstream:short)%00%(objectname)%00%(upstream:track)%00%(upstream:remotename)%00%(upstream:remoteref) refs/heads/main refs/remotes/main [1ms]
2024-02-27 05:46:32.721 [info] > git status -z -uall [189ms]
2024-02-27 05:46:37.739 [info] > git config --get commit.template [7ms]
2024-02-27 05:46:37.740 [info] > git for-each-ref --format=%(refname)%00%(upstream:short)%00%(objectname)%00%(upstream:track)%00%(upstream:remotename)%00%(upstream:remoteref) refs/heads/main refs/remotes/main [2ms]
2024-02-27 05:46:37.949 [info] > git status -z -uall [203ms]
2024-02-27 05:46:42.965 [info] > git config --get commit.template [6ms]
2024-02-27 05:46:42.966 [info] > git for-each-ref --format=%(refname)%00%(upstream:short)%00%(objectname)%00%(upstream:track)%00%(upstream:remotename)%00%(upstream:remoteref) refs/heads/main refs/remotes/main [2ms]
2024-02-27 05:46:43.163 [info] > git status -z -uall [192ms]
2024-02-27 05:46:48.179 [info] > git config --get commit.template [6ms]
2024-02-27 05:46:48.180 [info] > git for-each-ref --format=%(refname)%00%(upstream:short)%00%(objectname)%00%(upstream:track)%00%(upstream:remotename)%00%(upstream:remoteref) refs/heads/main refs/remotes/main [2ms]
2024-02-27 05:46:48.377 [info] > git status -z -uall [191ms]
2024-02-27 05:46:53.395 [info] > git config --get commit.template [7ms]
2024-02-27 05:46:53.396 [info] > git for-each-ref --format=%(refname)%00%(upstream:short)%00%(objectname)%00%(upstream:track)%00%(upstream:remotename)%00%(upstream:remoteref) refs/heads/main refs/remotes/main [2ms]
2024-02-27 05:46:53.584 [info] > git status -z -uall [182ms]
