2024-02-22 14:57:52.014 [info] Extension host with pid 39991 started
2024-02-22 14:57:52.036 [info] Lock '/home/bitnami/.vscode-server/data/User/workspaceStorage/d866cbe83da49e127745e557969ca682/vscode.lock': Lock acquired.
2024-02-22 14:57:52.387 [info] ExtensionService#_doActivateExtension vscode.tunnel-forwarding, startup: false, activationEvent: 'onTunnel'
2024-02-22 14:57:52.389 [info] ExtensionService#_doActivateExtension vscode.emmet, startup: false, activationEvent: 'onLanguage'
2024-02-22 14:57:52.803 [info] ExtensionService#_doActivateExtension vscode.git-base, startup: true, activationEvent: '*', root cause: vscode.git
2024-02-22 14:57:52.831 [info] ExtensionService#_doActivateExtension vscode.npm, startup: true, activationEvent: 'workspaceContains:package.json'
2024-02-22 14:57:52.954 [info] ExtensionService#_doActivateExtension vscode.git, startup: true, activationEvent: '*'
2024-02-22 14:57:52.954 [info] ExtensionService#_doActivateExtension vscode.github, startup: true, activationEvent: '*'
2024-02-22 14:57:53.439 [info] Eager extensions activated
2024-02-22 14:57:53.440 [info] ExtensionService#_doActivateExtension vscode.debug-auto-launch, startup: false, activationEvent: 'onStartupFinished'
2024-02-22 14:57:53.440 [info] ExtensionService#_doActivateExtension vscode.merge-conflict, startup: false, activationEvent: 'onStartupFinished'
2024-02-22 14:57:54.022 [warning] [Decorations] CAPPING events from decorations provider vscode.git 1286
2024-02-22 14:57:54.736 [warning] [Decorations] CAPPING events from decorations provider vscode.git 1286
2024-02-22 14:57:55.166 [error] Error: Git error
	at ChildProcess.<anonymous> (/home/bitnami/.vscode-server/cli/servers/Stable-903b1e9d8990623e3d7da1df3d33db3e42d80eda/server/extensions/git/dist/main.js:2:993939)
	at ChildProcess.emit (node:events:526:35)
	at ChildProcess._handle.onexit (node:internal/child_process:291:12)
2024-02-22 14:57:55.166 [error] Error: Git error
	at ChildProcess.<anonymous> (/home/bitnami/.vscode-server/cli/servers/Stable-903b1e9d8990623e3d7da1df3d33db3e42d80eda/server/extensions/git/dist/main.js:2:993939)
	at ChildProcess.emit (node:events:526:35)
	at ChildProcess._handle.onexit (node:internal/child_process:291:12)
2024-02-22 14:57:55.166 [error] Error: Git error
	at ChildProcess.<anonymous> (/home/bitnami/.vscode-server/cli/servers/Stable-903b1e9d8990623e3d7da1df3d33db3e42d80eda/server/extensions/git/dist/main.js:2:993939)
	at ChildProcess.emit (node:events:526:35)
	at ChildProcess._handle.onexit (node:internal/child_process:291:12)
2024-02-22 14:57:55.166 [error] Error: Git error
	at ChildProcess.<anonymous> (/home/bitnami/.vscode-server/cli/servers/Stable-903b1e9d8990623e3d7da1df3d33db3e42d80eda/server/extensions/git/dist/main.js:2:993939)
	at ChildProcess.emit (node:events:526:35)
	at ChildProcess._handle.onexit (node:internal/child_process:291:12)
2024-02-22 14:57:55.166 [error] Error: Git error
	at ChildProcess.<anonymous> (/home/bitnami/.vscode-server/cli/servers/Stable-903b1e9d8990623e3d7da1df3d33db3e42d80eda/server/extensions/git/dist/main.js:2:993939)
	at ChildProcess.emit (node:events:526:35)
	at ChildProcess._handle.onexit (node:internal/child_process:291:12)
2024-02-22 14:57:55.166 [error] Error: Git error
	at ChildProcess.<anonymous> (/home/bitnami/.vscode-server/cli/servers/Stable-903b1e9d8990623e3d7da1df3d33db3e42d80eda/server/extensions/git/dist/main.js:2:993939)
	at ChildProcess.emit (node:events:526:35)
	at ChildProcess._handle.onexit (node:internal/child_process:291:12)
2024-02-22 14:57:55.166 [error] Error: Git error
	at ChildProcess.<anonymous> (/home/bitnami/.vscode-server/cli/servers/Stable-903b1e9d8990623e3d7da1df3d33db3e42d80eda/server/extensions/git/dist/main.js:2:993939)
	at ChildProcess.emit (node:events:526:35)
	at ChildProcess._handle.onexit (node:internal/child_process:291:12)
2024-02-22 14:57:55.166 [error] Error: Git error
	at ChildProcess.<anonymous> (/home/bitnami/.vscode-server/cli/servers/Stable-903b1e9d8990623e3d7da1df3d33db3e42d80eda/server/extensions/git/dist/main.js:2:993939)
	at ChildProcess.emit (node:events:526:35)
	at ChildProcess._handle.onexit (node:internal/child_process:291:12)
2024-02-22 14:57:55.166 [error] Error: Git error
	at ChildProcess.<anonymous> (/home/bitnami/.vscode-server/cli/servers/Stable-903b1e9d8990623e3d7da1df3d33db3e42d80eda/server/extensions/git/dist/main.js:2:993939)
	at ChildProcess.emit (node:events:526:35)
	at ChildProcess._handle.onexit (node:internal/child_process:291:12)
2024-02-22 14:57:55.166 [error] Error: Git error
	at ChildProcess.<anonymous> (/home/bitnami/.vscode-server/cli/servers/Stable-903b1e9d8990623e3d7da1df3d33db3e42d80eda/server/extensions/git/dist/main.js:2:993939)
	at ChildProcess.emit (node:events:526:35)
	at ChildProcess._handle.onexit (node:internal/child_process:291:12)
2024-02-22 14:57:55.166 [error] Error: Git error
	at ChildProcess.<anonymous> (/home/bitnami/.vscode-server/cli/servers/Stable-903b1e9d8990623e3d7da1df3d33db3e42d80eda/server/extensions/git/dist/main.js:2:993939)
	at ChildProcess.emit (node:events:526:35)
	at ChildProcess._handle.onexit (node:internal/child_process:291:12)
2024-02-22 14:57:55.166 [error] Error: Git error
	at ChildProcess.<anonymous> (/home/bitnami/.vscode-server/cli/servers/Stable-903b1e9d8990623e3d7da1df3d33db3e42d80eda/server/extensions/git/dist/main.js:2:993939)
	at ChildProcess.emit (node:events:526:35)
	at ChildProcess._handle.onexit (node:internal/child_process:291:12)
2024-02-22 14:57:55.166 [error] Error: Git error
	at ChildProcess.<anonymous> (/home/bitnami/.vscode-server/cli/servers/Stable-903b1e9d8990623e3d7da1df3d33db3e42d80eda/server/extensions/git/dist/main.js:2:993939)
	at ChildProcess.emit (node:events:526:35)
	at ChildProcess._handle.onexit (node:internal/child_process:291:12)
2024-02-22 14:57:55.166 [error] Error: Git error
	at ChildProcess.<anonymous> (/home/bitnami/.vscode-server/cli/servers/Stable-903b1e9d8990623e3d7da1df3d33db3e42d80eda/server/extensions/git/dist/main.js:2:993939)
	at ChildProcess.emit (node:events:526:35)
	at ChildProcess._handle.onexit (node:internal/child_process:291:12)
2024-02-22 14:57:55.166 [error] Error: Git error
	at ChildProcess.<anonymous> (/home/bitnami/.vscode-server/cli/servers/Stable-903b1e9d8990623e3d7da1df3d33db3e42d80eda/server/extensions/git/dist/main.js:2:993939)
	at ChildProcess.emit (node:events:526:35)
	at ChildProcess._handle.onexit (node:internal/child_process:291:12)
2024-02-22 14:57:55.166 [error] Error: Git error
	at ChildProcess.<anonymous> (/home/bitnami/.vscode-server/cli/servers/Stable-903b1e9d8990623e3d7da1df3d33db3e42d80eda/server/extensions/git/dist/main.js:2:993939)
	at ChildProcess.emit (node:events:526:35)
	at ChildProcess._handle.onexit (node:internal/child_process:291:12)
2024-02-22 14:57:55.166 [error] Error: Git error
	at ChildProcess.<anonymous> (/home/bitnami/.vscode-server/cli/servers/Stable-903b1e9d8990623e3d7da1df3d33db3e42d80eda/server/extensions/git/dist/main.js:2:993939)
	at ChildProcess.emit (node:events:526:35)
	at ChildProcess._handle.onexit (node:internal/child_process:291:12)
2024-02-22 14:57:55.166 [error] Error: Git error
	at ChildProcess.<anonymous> (/home/bitnami/.vscode-server/cli/servers/Stable-903b1e9d8990623e3d7da1df3d33db3e42d80eda/server/extensions/git/dist/main.js:2:993939)
	at ChildProcess.emit (node:events:526:35)
	at ChildProcess._handle.onexit (node:internal/child_process:291:12)
2024-02-22 14:57:55.166 [error] Error: Git error
	at ChildProcess.<anonymous> (/home/bitnami/.vscode-server/cli/servers/Stable-903b1e9d8990623e3d7da1df3d33db3e42d80eda/server/extensions/git/dist/main.js:2:993939)
	at ChildProcess.emit (node:events:526:35)
	at ChildProcess._handle.onexit (node:internal/child_process:291:12)
2024-02-22 14:57:55.166 [error] Error: Git error
	at ChildProcess.<anonymous> (/home/bitnami/.vscode-server/cli/servers/Stable-903b1e9d8990623e3d7da1df3d33db3e42d80eda/server/extensions/git/dist/main.js:2:993939)
	at ChildProcess.emit (node:events:526:35)
	at ChildProcess._handle.onexit (node:internal/child_process:291:12)
2024-02-22 14:57:55.166 [error] Error: Git error
	at ChildProcess.<anonymous> (/home/bitnami/.vscode-server/cli/servers/Stable-903b1e9d8990623e3d7da1df3d33db3e42d80eda/server/extensions/git/dist/main.js:2:993939)
	at ChildProcess.emit (node:events:526:35)
	at ChildProcess._handle.onexit (node:internal/child_process:291:12)
2024-02-22 14:57:55.166 [error] Error: Git error
	at ChildProcess.<anonymous> (/home/bitnami/.vscode-server/cli/servers/Stable-903b1e9d8990623e3d7da1df3d33db3e42d80eda/server/extensions/git/dist/main.js:2:993939)
	at ChildProcess.emit (node:events:526:35)
	at ChildProcess._handle.onexit (node:internal/child_process:291:12)
2024-02-22 14:57:55.166 [error] Error: Git error
	at ChildProcess.<anonymous> (/home/bitnami/.vscode-server/cli/servers/Stable-903b1e9d8990623e3d7da1df3d33db3e42d80eda/server/extensions/git/dist/main.js:2:993939)
	at ChildProcess.emit (node:events:526:35)
	at ChildProcess._handle.onexit (node:internal/child_process:291:12)
2024-02-22 14:57:55.166 [error] Error: Git error
	at ChildProcess.<anonymous> (/home/bitnami/.vscode-server/cli/servers/Stable-903b1e9d8990623e3d7da1df3d33db3e42d80eda/server/extensions/git/dist/main.js:2:993939)
	at ChildProcess.emit (node:events:526:35)
	at ChildProcess._handle.onexit (node:internal/child_process:291:12)
2024-02-22 14:57:55.166 [error] Error: Git error
	at ChildProcess.<anonymous> (/home/bitnami/.vscode-server/cli/servers/Stable-903b1e9d8990623e3d7da1df3d33db3e42d80eda/server/extensions/git/dist/main.js:2:993939)
	at ChildProcess.emit (node:events:526:35)
	at ChildProcess._handle.onexit (node:internal/child_process:291:12)
2024-02-22 14:57:55.166 [error] Error: Git error
	at ChildProcess.<anonymous> (/home/bitnami/.vscode-server/cli/servers/Stable-903b1e9d8990623e3d7da1df3d33db3e42d80eda/server/extensions/git/dist/main.js:2:993939)
	at ChildProcess.emit (node:events:526:35)
	at ChildProcess._handle.onexit (node:internal/child_process:291:12)
2024-02-22 14:57:55.166 [error] Error: Git error
	at ChildProcess.<anonymous> (/home/bitnami/.vscode-server/cli/servers/Stable-903b1e9d8990623e3d7da1df3d33db3e42d80eda/server/extensions/git/dist/main.js:2:993939)
	at ChildProcess.emit (node:events:526:35)
	at ChildProcess._handle.onexit (node:internal/child_process:291:12)
2024-02-22 14:57:55.166 [error] Error: Git error
	at ChildProcess.<anonymous> (/home/bitnami/.vscode-server/cli/servers/Stable-903b1e9d8990623e3d7da1df3d33db3e42d80eda/server/extensions/git/dist/main.js:2:993939)
	at ChildProcess.emit (node:events:526:35)
	at ChildProcess._handle.onexit (node:internal/child_process:291:12)
2024-02-22 14:57:55.166 [error] Error: Git error
	at ChildProcess.<anonymous> (/home/bitnami/.vscode-server/cli/servers/Stable-903b1e9d8990623e3d7da1df3d33db3e42d80eda/server/extensions/git/dist/main.js:2:993939)
	at ChildProcess.emit (node:events:526:35)
	at ChildProcess._handle.onexit (node:internal/child_process:291:12)
2024-02-22 14:57:55.166 [error] Error: Git error
	at ChildProcess.<anonymous> (/home/bitnami/.vscode-server/cli/servers/Stable-903b1e9d8990623e3d7da1df3d33db3e42d80eda/server/extensions/git/dist/main.js:2:993939)
	at ChildProcess.emit (node:events:526:35)
	at ChildProcess._handle.onexit (node:internal/child_process:291:12)
2024-02-22 14:57:55.166 [error] Error: Git error
	at ChildProcess.<anonymous> (/home/bitnami/.vscode-server/cli/servers/Stable-903b1e9d8990623e3d7da1df3d33db3e42d80eda/server/extensions/git/dist/main.js:2:993939)
	at ChildProcess.emit (node:events:526:35)
	at ChildProcess._handle.onexit (node:internal/child_process:291:12)
2024-02-22 14:57:55.166 [error] Error: Git error
	at ChildProcess.<anonymous> (/home/bitnami/.vscode-server/cli/servers/Stable-903b1e9d8990623e3d7da1df3d33db3e42d80eda/server/extensions/git/dist/main.js:2:993939)
	at ChildProcess.emit (node:events:526:35)
	at ChildProcess._handle.onexit (node:internal/child_process:291:12)
2024-02-22 14:57:55.166 [error] Error: Git error
	at ChildProcess.<anonymous> (/home/bitnami/.vscode-server/cli/servers/Stable-903b1e9d8990623e3d7da1df3d33db3e42d80eda/server/extensions/git/dist/main.js:2:993939)
	at ChildProcess.emit (node:events:526:35)
	at ChildProcess._handle.onexit (node:internal/child_process:291:12)
2024-02-22 14:57:55.166 [error] Error: Git error
	at ChildProcess.<anonymous> (/home/bitnami/.vscode-server/cli/servers/Stable-903b1e9d8990623e3d7da1df3d33db3e42d80eda/server/extensions/git/dist/main.js:2:993939)
	at ChildProcess.emit (node:events:526:35)
	at ChildProcess._handle.onexit (node:internal/child_process:291:12)
2024-02-22 14:57:55.166 [error] Error: Git error
	at ChildProcess.<anonymous> (/home/bitnami/.vscode-server/cli/servers/Stable-903b1e9d8990623e3d7da1df3d33db3e42d80eda/server/extensions/git/dist/main.js:2:993939)
	at ChildProcess.emit (node:events:526:35)
	at ChildProcess._handle.onexit (node:internal/child_process:291:12)
2024-02-22 14:57:55.166 [error] Error: Git error
	at ChildProcess.<anonymous> (/home/bitnami/.vscode-server/cli/servers/Stable-903b1e9d8990623e3d7da1df3d33db3e42d80eda/server/extensions/git/dist/main.js:2:993939)
	at ChildProcess.emit (node:events:526:35)
	at ChildProcess._handle.onexit (node:internal/child_process:291:12)
2024-02-22 14:57:55.166 [error] Error: Git error
	at ChildProcess.<anonymous> (/home/bitnami/.vscode-server/cli/servers/Stable-903b1e9d8990623e3d7da1df3d33db3e42d80eda/server/extensions/git/dist/main.js:2:993939)
	at ChildProcess.emit (node:events:526:35)
	at ChildProcess._handle.onexit (node:internal/child_process:291:12)
2024-02-22 14:57:55.166 [error] Error: Git error
	at ChildProcess.<anonymous> (/home/bitnami/.vscode-server/cli/servers/Stable-903b1e9d8990623e3d7da1df3d33db3e42d80eda/server/extensions/git/dist/main.js:2:993939)
	at ChildProcess.emit (node:events:526:35)
	at ChildProcess._handle.onexit (node:internal/child_process:291:12)
2024-02-22 14:57:55.166 [error] Error: Git error
	at ChildProcess.<anonymous> (/home/bitnami/.vscode-server/cli/servers/Stable-903b1e9d8990623e3d7da1df3d33db3e42d80eda/server/extensions/git/dist/main.js:2:993939)
	at ChildProcess.emit (node:events:526:35)
	at ChildProcess._handle.onexit (node:internal/child_process:291:12)
2024-02-22 14:57:55.166 [error] Error: Git error
	at ChildProcess.<anonymous> (/home/bitnami/.vscode-server/cli/servers/Stable-903b1e9d8990623e3d7da1df3d33db3e42d80eda/server/extensions/git/dist/main.js:2:993939)
	at ChildProcess.emit (node:events:526:35)
	at ChildProcess._handle.onexit (node:internal/child_process:291:12)
2024-02-22 14:57:55.166 [error] Error: Git error
	at ChildProcess.<anonymous> (/home/bitnami/.vscode-server/cli/servers/Stable-903b1e9d8990623e3d7da1df3d33db3e42d80eda/server/extensions/git/dist/main.js:2:993939)
	at ChildProcess.emit (node:events:526:35)
	at ChildProcess._handle.onexit (node:internal/child_process:291:12)
2024-02-22 14:57:55.166 [error] Error: Git error
	at ChildProcess.<anonymous> (/home/bitnami/.vscode-server/cli/servers/Stable-903b1e9d8990623e3d7da1df3d33db3e42d80eda/server/extensions/git/dist/main.js:2:993939)
	at ChildProcess.emit (node:events:526:35)
	at ChildProcess._handle.onexit (node:internal/child_process:291:12)
2024-02-22 14:57:55.166 [error] Error: Git error
	at ChildProcess.<anonymous> (/home/bitnami/.vscode-server/cli/servers/Stable-903b1e9d8990623e3d7da1df3d33db3e42d80eda/server/extensions/git/dist/main.js:2:993939)
	at ChildProcess.emit (node:events:526:35)
	at ChildProcess._handle.onexit (node:internal/child_process:291:12)
2024-02-22 14:57:55.166 [error] Error: Git error
	at ChildProcess.<anonymous> (/home/bitnami/.vscode-server/cli/servers/Stable-903b1e9d8990623e3d7da1df3d33db3e42d80eda/server/extensions/git/dist/main.js:2:993939)
	at ChildProcess.emit (node:events:526:35)
	at ChildProcess._handle.onexit (node:internal/child_process:291:12)
2024-02-22 14:57:55.167 [error] Error: Git error
	at ChildProcess.<anonymous> (/home/bitnami/.vscode-server/cli/servers/Stable-903b1e9d8990623e3d7da1df3d33db3e42d80eda/server/extensions/git/dist/main.js:2:993939)
	at ChildProcess.emit (node:events:526:35)
	at ChildProcess._handle.onexit (node:internal/child_process:291:12)
2024-02-22 14:57:55.167 [error] Error: Git error
	at ChildProcess.<anonymous> (/home/bitnami/.vscode-server/cli/servers/Stable-903b1e9d8990623e3d7da1df3d33db3e42d80eda/server/extensions/git/dist/main.js:2:993939)
	at ChildProcess.emit (node:events:526:35)
	at ChildProcess._handle.onexit (node:internal/child_process:291:12)
2024-02-22 14:57:55.167 [error] Error: Git error
	at ChildProcess.<anonymous> (/home/bitnami/.vscode-server/cli/servers/Stable-903b1e9d8990623e3d7da1df3d33db3e42d80eda/server/extensions/git/dist/main.js:2:993939)
	at ChildProcess.emit (node:events:526:35)
	at ChildProcess._handle.onexit (node:internal/child_process:291:12)
2024-02-22 14:57:55.167 [error] Error: Git error
	at ChildProcess.<anonymous> (/home/bitnami/.vscode-server/cli/servers/Stable-903b1e9d8990623e3d7da1df3d33db3e42d80eda/server/extensions/git/dist/main.js:2:993939)
	at ChildProcess.emit (node:events:526:35)
	at ChildProcess._handle.onexit (node:internal/child_process:291:12)
2024-02-22 14:57:55.167 [error] Error: Git error
	at ChildProcess.<anonymous> (/home/bitnami/.vscode-server/cli/servers/Stable-903b1e9d8990623e3d7da1df3d33db3e42d80eda/server/extensions/git/dist/main.js:2:993939)
	at ChildProcess.emit (node:events:526:35)
	at ChildProcess._handle.onexit (node:internal/child_process:291:12)
2024-02-22 14:57:55.167 [error] Error: Git error
	at ChildProcess.<anonymous> (/home/bitnami/.vscode-server/cli/servers/Stable-903b1e9d8990623e3d7da1df3d33db3e42d80eda/server/extensions/git/dist/main.js:2:993939)
	at ChildProcess.emit (node:events:526:35)
	at ChildProcess._handle.onexit (node:internal/child_process:291:12)
2024-02-22 14:57:55.167 [error] Error: Git error
	at ChildProcess.<anonymous> (/home/bitnami/.vscode-server/cli/servers/Stable-903b1e9d8990623e3d7da1df3d33db3e42d80eda/server/extensions/git/dist/main.js:2:993939)
	at ChildProcess.emit (node:events:526:35)
	at ChildProcess._handle.onexit (node:internal/child_process:291:12)
2024-02-22 14:57:55.167 [error] Error: Git error
	at ChildProcess.<anonymous> (/home/bitnami/.vscode-server/cli/servers/Stable-903b1e9d8990623e3d7da1df3d33db3e42d80eda/server/extensions/git/dist/main.js:2:993939)
	at ChildProcess.emit (node:events:526:35)
	at ChildProcess._handle.onexit (node:internal/child_process:291:12)
2024-02-22 14:57:55.167 [error] Error: Git error
	at ChildProcess.<anonymous> (/home/bitnami/.vscode-server/cli/servers/Stable-903b1e9d8990623e3d7da1df3d33db3e42d80eda/server/extensions/git/dist/main.js:2:993939)
	at ChildProcess.emit (node:events:526:35)
	at ChildProcess._handle.onexit (node:internal/child_process:291:12)
2024-02-22 14:57:55.167 [error] Error: Git error
	at ChildProcess.<anonymous> (/home/bitnami/.vscode-server/cli/servers/Stable-903b1e9d8990623e3d7da1df3d33db3e42d80eda/server/extensions/git/dist/main.js:2:993939)
	at ChildProcess.emit (node:events:526:35)
	at ChildProcess._handle.onexit (node:internal/child_process:291:12)
2024-02-22 14:57:55.167 [error] Error: Git error
	at ChildProcess.<anonymous> (/home/bitnami/.vscode-server/cli/servers/Stable-903b1e9d8990623e3d7da1df3d33db3e42d80eda/server/extensions/git/dist/main.js:2:993939)
	at ChildProcess.emit (node:events:526:35)
	at ChildProcess._handle.onexit (node:internal/child_process:291:12)
2024-02-22 14:57:55.167 [error] Error: Git error
	at ChildProcess.<anonymous> (/home/bitnami/.vscode-server/cli/servers/Stable-903b1e9d8990623e3d7da1df3d33db3e42d80eda/server/extensions/git/dist/main.js:2:993939)
	at ChildProcess.emit (node:events:526:35)
	at ChildProcess._handle.onexit (node:internal/child_process:291:12)
2024-02-22 14:57:55.167 [error] Error: Git error
	at ChildProcess.<anonymous> (/home/bitnami/.vscode-server/cli/servers/Stable-903b1e9d8990623e3d7da1df3d33db3e42d80eda/server/extensions/git/dist/main.js:2:993939)
	at ChildProcess.emit (node:events:526:35)
	at ChildProcess._handle.onexit (node:internal/child_process:291:12)
2024-02-22 14:57:55.167 [error] Error: Git error
	at ChildProcess.<anonymous> (/home/bitnami/.vscode-server/cli/servers/Stable-903b1e9d8990623e3d7da1df3d33db3e42d80eda/server/extensions/git/dist/main.js:2:993939)
	at ChildProcess.emit (node:events:526:35)
	at ChildProcess._handle.onexit (node:internal/child_process:291:12)
2024-02-22 14:57:55.167 [error] Error: Git error
	at ChildProcess.<anonymous> (/home/bitnami/.vscode-server/cli/servers/Stable-903b1e9d8990623e3d7da1df3d33db3e42d80eda/server/extensions/git/dist/main.js:2:993939)
	at ChildProcess.emit (node:events:526:35)
	at ChildProcess._handle.onexit (node:internal/child_process:291:12)
2024-02-22 14:57:55.167 [error] Error: Git error
	at ChildProcess.<anonymous> (/home/bitnami/.vscode-server/cli/servers/Stable-903b1e9d8990623e3d7da1df3d33db3e42d80eda/server/extensions/git/dist/main.js:2:993939)
	at ChildProcess.emit (node:events:526:35)
	at ChildProcess._handle.onexit (node:internal/child_process:291:12)
2024-02-22 14:57:55.167 [error] Error: Git error
	at ChildProcess.<anonymous> (/home/bitnami/.vscode-server/cli/servers/Stable-903b1e9d8990623e3d7da1df3d33db3e42d80eda/server/extensions/git/dist/main.js:2:993939)
	at ChildProcess.emit (node:events:526:35)
	at ChildProcess._handle.onexit (node:internal/child_process:291:12)
2024-02-22 14:57:55.167 [error] Error: Git error
	at ChildProcess.<anonymous> (/home/bitnami/.vscode-server/cli/servers/Stable-903b1e9d8990623e3d7da1df3d33db3e42d80eda/server/extensions/git/dist/main.js:2:993939)
	at ChildProcess.emit (node:events:526:35)
	at ChildProcess._handle.onexit (node:internal/child_process:291:12)
2024-02-22 14:57:55.167 [error] Error: Git error
	at ChildProcess.<anonymous> (/home/bitnami/.vscode-server/cli/servers/Stable-903b1e9d8990623e3d7da1df3d33db3e42d80eda/server/extensions/git/dist/main.js:2:993939)
	at ChildProcess.emit (node:events:526:35)
	at ChildProcess._handle.onexit (node:internal/child_process:291:12)
2024-02-22 14:57:55.167 [error] Error: Git error
	at ChildProcess.<anonymous> (/home/bitnami/.vscode-server/cli/servers/Stable-903b1e9d8990623e3d7da1df3d33db3e42d80eda/server/extensions/git/dist/main.js:2:993939)
	at ChildProcess.emit (node:events:526:35)
	at ChildProcess._handle.onexit (node:internal/child_process:291:12)
2024-02-22 14:57:55.167 [error] Error: Git error
	at ChildProcess.<anonymous> (/home/bitnami/.vscode-server/cli/servers/Stable-903b1e9d8990623e3d7da1df3d33db3e42d80eda/server/extensions/git/dist/main.js:2:993939)
	at ChildProcess.emit (node:events:526:35)
	at ChildProcess._handle.onexit (node:internal/child_process:291:12)
2024-02-22 14:57:55.167 [error] Error: Git error
	at ChildProcess.<anonymous> (/home/bitnami/.vscode-server/cli/servers/Stable-903b1e9d8990623e3d7da1df3d33db3e42d80eda/server/extensions/git/dist/main.js:2:993939)
	at ChildProcess.emit (node:events:526:35)
	at ChildProcess._handle.onexit (node:internal/child_process:291:12)
2024-02-22 14:57:55.167 [error] Error: Git error
	at ChildProcess.<anonymous> (/home/bitnami/.vscode-server/cli/servers/Stable-903b1e9d8990623e3d7da1df3d33db3e42d80eda/server/extensions/git/dist/main.js:2:993939)
	at ChildProcess.emit (node:events:526:35)
	at ChildProcess._handle.onexit (node:internal/child_process:291:12)
2024-02-22 14:57:55.167 [error] Error: Git error
	at ChildProcess.<anonymous> (/home/bitnami/.vscode-server/cli/servers/Stable-903b1e9d8990623e3d7da1df3d33db3e42d80eda/server/extensions/git/dist/main.js:2:993939)
	at ChildProcess.emit (node:events:526:35)
	at ChildProcess._handle.onexit (node:internal/child_process:291:12)
2024-02-22 14:57:56.168 [error] Error: Git error
	at ChildProcess.<anonymous> (/home/bitnami/.vscode-server/cli/servers/Stable-903b1e9d8990623e3d7da1df3d33db3e42d80eda/server/extensions/git/dist/main.js:2:993939)
	at ChildProcess.emit (node:events:526:35)
	at ChildProcess._handle.onexit (node:internal/child_process:291:12)
2024-02-22 14:57:56.171 [error] Error: Git error
	at ChildProcess.<anonymous> (/home/bitnami/.vscode-server/cli/servers/Stable-903b1e9d8990623e3d7da1df3d33db3e42d80eda/server/extensions/git/dist/main.js:2:993939)
	at ChildProcess.emit (node:events:526:35)
	at ChildProcess._handle.onexit (node:internal/child_process:291:12)
2024-02-22 14:57:56.172 [error] Error: Git error
	at ChildProcess.<anonymous> (/home/bitnami/.vscode-server/cli/servers/Stable-903b1e9d8990623e3d7da1df3d33db3e42d80eda/server/extensions/git/dist/main.js:2:993939)
	at ChildProcess.emit (node:events:526:35)
	at ChildProcess._handle.onexit (node:internal/child_process:291:12)
2024-02-22 14:57:56.172 [error] Error: Git error
	at ChildProcess.<anonymous> (/home/bitnami/.vscode-server/cli/servers/Stable-903b1e9d8990623e3d7da1df3d33db3e42d80eda/server/extensions/git/dist/main.js:2:993939)
	at ChildProcess.emit (node:events:526:35)
	at ChildProcess._handle.onexit (node:internal/child_process:291:12)
2024-02-22 14:57:56.173 [error] Error: Git error
	at ChildProcess.<anonymous> (/home/bitnami/.vscode-server/cli/servers/Stable-903b1e9d8990623e3d7da1df3d33db3e42d80eda/server/extensions/git/dist/main.js:2:993939)
	at ChildProcess.emit (node:events:526:35)
	at ChildProcess._handle.onexit (node:internal/child_process:291:12)
2024-02-22 14:57:56.173 [error] Error: Git error
	at ChildProcess.<anonymous> (/home/bitnami/.vscode-server/cli/servers/Stable-903b1e9d8990623e3d7da1df3d33db3e42d80eda/server/extensions/git/dist/main.js:2:993939)
	at ChildProcess.emit (node:events:526:35)
	at ChildProcess._handle.onexit (node:internal/child_process:291:12)
2024-02-22 14:57:56.174 [error] Error: Git error
	at ChildProcess.<anonymous> (/home/bitnami/.vscode-server/cli/servers/Stable-903b1e9d8990623e3d7da1df3d33db3e42d80eda/server/extensions/git/dist/main.js:2:993939)
	at ChildProcess.emit (node:events:526:35)
	at ChildProcess._handle.onexit (node:internal/child_process:291:12)
2024-02-22 14:57:56.174 [error] Error: Git error
	at ChildProcess.<anonymous> (/home/bitnami/.vscode-server/cli/servers/Stable-903b1e9d8990623e3d7da1df3d33db3e42d80eda/server/extensions/git/dist/main.js:2:993939)
	at ChildProcess.emit (node:events:526:35)
	at ChildProcess._handle.onexit (node:internal/child_process:291:12)
2024-02-22 14:57:56.176 [error] Error: Git error
	at ChildProcess.<anonymous> (/home/bitnami/.vscode-server/cli/servers/Stable-903b1e9d8990623e3d7da1df3d33db3e42d80eda/server/extensions/git/dist/main.js:2:993939)
	at ChildProcess.emit (node:events:526:35)
	at ChildProcess._handle.onexit (node:internal/child_process:291:12)
2024-02-22 14:57:56.176 [error] Error: Git error
	at ChildProcess.<anonymous> (/home/bitnami/.vscode-server/cli/servers/Stable-903b1e9d8990623e3d7da1df3d33db3e42d80eda/server/extensions/git/dist/main.js:2:993939)
	at ChildProcess.emit (node:events:526:35)
	at ChildProcess._handle.onexit (node:internal/child_process:291:12)
2024-02-22 14:57:56.177 [error] Error: Git error
	at ChildProcess.<anonymous> (/home/bitnami/.vscode-server/cli/servers/Stable-903b1e9d8990623e3d7da1df3d33db3e42d80eda/server/extensions/git/dist/main.js:2:993939)
	at ChildProcess.emit (node:events:526:35)
	at ChildProcess._handle.onexit (node:internal/child_process:291:12)
2024-02-22 14:57:56.177 [error] Error: Git error
	at ChildProcess.<anonymous> (/home/bitnami/.vscode-server/cli/servers/Stable-903b1e9d8990623e3d7da1df3d33db3e42d80eda/server/extensions/git/dist/main.js:2:993939)
	at ChildProcess.emit (node:events:526:35)
	at ChildProcess._handle.onexit (node:internal/child_process:291:12)
2024-02-22 14:57:56.178 [error] Error: Git error
	at ChildProcess.<anonymous> (/home/bitnami/.vscode-server/cli/servers/Stable-903b1e9d8990623e3d7da1df3d33db3e42d80eda/server/extensions/git/dist/main.js:2:993939)
	at ChildProcess.emit (node:events:526:35)
	at ChildProcess._handle.onexit (node:internal/child_process:291:12)
2024-02-22 14:57:56.178 [error] Error: Git error
	at ChildProcess.<anonymous> (/home/bitnami/.vscode-server/cli/servers/Stable-903b1e9d8990623e3d7da1df3d33db3e42d80eda/server/extensions/git/dist/main.js:2:993939)
	at ChildProcess.emit (node:events:526:35)
	at ChildProcess._handle.onexit (node:internal/child_process:291:12)
2024-02-22 14:57:56.178 [error] Error: Git error
	at ChildProcess.<anonymous> (/home/bitnami/.vscode-server/cli/servers/Stable-903b1e9d8990623e3d7da1df3d33db3e42d80eda/server/extensions/git/dist/main.js:2:993939)
	at ChildProcess.emit (node:events:526:35)
	at ChildProcess._handle.onexit (node:internal/child_process:291:12)
2024-02-22 14:57:56.179 [error] Error: Git error
	at ChildProcess.<anonymous> (/home/bitnami/.vscode-server/cli/servers/Stable-903b1e9d8990623e3d7da1df3d33db3e42d80eda/server/extensions/git/dist/main.js:2:993939)
	at ChildProcess.emit (node:events:526:35)
	at ChildProcess._handle.onexit (node:internal/child_process:291:12)
2024-02-22 14:57:56.179 [error] Error: Git error
	at ChildProcess.<anonymous> (/home/bitnami/.vscode-server/cli/servers/Stable-903b1e9d8990623e3d7da1df3d33db3e42d80eda/server/extensions/git/dist/main.js:2:993939)
	at ChildProcess.emit (node:events:526:35)
	at ChildProcess._handle.onexit (node:internal/child_process:291:12)
2024-02-22 14:57:56.179 [error] Error: Git error
	at ChildProcess.<anonymous> (/home/bitnami/.vscode-server/cli/servers/Stable-903b1e9d8990623e3d7da1df3d33db3e42d80eda/server/extensions/git/dist/main.js:2:993939)
	at ChildProcess.emit (node:events:526:35)
	at ChildProcess._handle.onexit (node:internal/child_process:291:12)
2024-02-22 14:57:56.180 [error] Error: Git error
	at ChildProcess.<anonymous> (/home/bitnami/.vscode-server/cli/servers/Stable-903b1e9d8990623e3d7da1df3d33db3e42d80eda/server/extensions/git/dist/main.js:2:993939)
	at ChildProcess.emit (node:events:526:35)
	at ChildProcess._handle.onexit (node:internal/child_process:291:12)
2024-02-22 14:57:56.180 [error] Error: Git error
	at ChildProcess.<anonymous> (/home/bitnami/.vscode-server/cli/servers/Stable-903b1e9d8990623e3d7da1df3d33db3e42d80eda/server/extensions/git/dist/main.js:2:993939)
	at ChildProcess.emit (node:events:526:35)
	at ChildProcess._handle.onexit (node:internal/child_process:291:12)
2024-02-22 14:57:56.181 [error] Error: Git error
	at ChildProcess.<anonymous> (/home/bitnami/.vscode-server/cli/servers/Stable-903b1e9d8990623e3d7da1df3d33db3e42d80eda/server/extensions/git/dist/main.js:2:993939)
	at ChildProcess.emit (node:events:526:35)
	at ChildProcess._handle.onexit (node:internal/child_process:291:12)
2024-02-22 14:57:56.181 [error] Error: Git error
	at ChildProcess.<anonymous> (/home/bitnami/.vscode-server/cli/servers/Stable-903b1e9d8990623e3d7da1df3d33db3e42d80eda/server/extensions/git/dist/main.js:2:993939)
	at ChildProcess.emit (node:events:526:35)
	at ChildProcess._handle.onexit (node:internal/child_process:291:12)
2024-02-22 14:57:56.182 [error] Error: Git error
	at ChildProcess.<anonymous> (/home/bitnami/.vscode-server/cli/servers/Stable-903b1e9d8990623e3d7da1df3d33db3e42d80eda/server/extensions/git/dist/main.js:2:993939)
	at ChildProcess.emit (node:events:526:35)
	at ChildProcess._handle.onexit (node:internal/child_process:291:12)
2024-02-22 14:57:58.852 [warning] [Decorations] CAPPING events from decorations provider vscode.git 1286
2024-02-22 14:58:04.097 [warning] [Decorations] CAPPING events from decorations provider vscode.git 1326
2024-02-22 17:58:13.980 [info] Extension host terminating: renderer disconnected for too long (1)
2024-02-22 17:58:13.981 [info] Lock '/home/bitnami/.vscode-server/data/User/workspaceStorage/d866cbe83da49e127745e557969ca682/vscode.lock': Marking the lockfile as scheduled to be released in 6000 ms.
2024-02-22 17:58:14.013 [error] Canceled: Canceled
	at Object.D [as $6] (/home/bitnami/.vscode-server/cli/servers/Stable-903b1e9d8990623e3d7da1df3d33db3e42d80eda/server/out/vs/workbench/api/node/extensionHostProcess.js:10:1032)
	at /home/bitnami/.vscode-server/cli/servers/Stable-903b1e9d8990623e3d7da1df3d33db3e42d80eda/server/out/vs/workbench/api/node/extensionHostProcess.js:147:2350
	at Array.forEach (<anonymous>)
	at d.dispose (/home/bitnami/.vscode-server/cli/servers/Stable-903b1e9d8990623e3d7da1df3d33db3e42d80eda/server/out/vs/workbench/api/node/extensionHostProcess.js:147:2288)
	at g.terminate (/home/bitnami/.vscode-server/cli/servers/Stable-903b1e9d8990623e3d7da1df3d33db3e42d80eda/server/out/vs/workbench/api/node/extensionHostProcess.js:156:8044)
	at o.terminate (/home/bitnami/.vscode-server/cli/servers/Stable-903b1e9d8990623e3d7da1df3d33db3e42d80eda/server/out/vs/workbench/api/node/extensionHostProcess.js:160:1513)
	at t (/home/bitnami/.vscode-server/cli/servers/Stable-903b1e9d8990623e3d7da1df3d33db3e42d80eda/server/out/vs/workbench/api/node/extensionHostProcess.js:173:9950)
	at M.a (/home/bitnami/.vscode-server/cli/servers/Stable-903b1e9d8990623e3d7da1df3d33db3e42d80eda/server/out/vs/workbench/api/node/extensionHostProcess.js:173:6680)
	at M.h (/home/bitnami/.vscode-server/cli/servers/Stable-903b1e9d8990623e3d7da1df3d33db3e42d80eda/server/out/vs/workbench/api/node/extensionHostProcess.js:97:20387)
	at listOnTimeout (node:internal/timers:569:17)
	at process.processTimers (node:internal/timers:512:7) setContext undefined
2024-02-22 17:58:14.013 [error] Canceled: Canceled
	at Object.D [as $6] (/home/bitnami/.vscode-server/cli/servers/Stable-903b1e9d8990623e3d7da1df3d33db3e42d80eda/server/out/vs/workbench/api/node/extensionHostProcess.js:10:1032)
	at /home/bitnami/.vscode-server/cli/servers/Stable-903b1e9d8990623e3d7da1df3d33db3e42d80eda/server/out/vs/workbench/api/node/extensionHostProcess.js:147:2350
	at Array.forEach (<anonymous>)
	at d.dispose (/home/bitnami/.vscode-server/cli/servers/Stable-903b1e9d8990623e3d7da1df3d33db3e42d80eda/server/out/vs/workbench/api/node/extensionHostProcess.js:147:2288)
	at g.terminate (/home/bitnami/.vscode-server/cli/servers/Stable-903b1e9d8990623e3d7da1df3d33db3e42d80eda/server/out/vs/workbench/api/node/extensionHostProcess.js:156:8044)
	at o.terminate (/home/bitnami/.vscode-server/cli/servers/Stable-903b1e9d8990623e3d7da1df3d33db3e42d80eda/server/out/vs/workbench/api/node/extensionHostProcess.js:160:1513)
	at t (/home/bitnami/.vscode-server/cli/servers/Stable-903b1e9d8990623e3d7da1df3d33db3e42d80eda/server/out/vs/workbench/api/node/extensionHostProcess.js:173:9950)
	at M.a (/home/bitnami/.vscode-server/cli/servers/Stable-903b1e9d8990623e3d7da1df3d33db3e42d80eda/server/out/vs/workbench/api/node/extensionHostProcess.js:173:6680)
	at M.h (/home/bitnami/.vscode-server/cli/servers/Stable-903b1e9d8990623e3d7da1df3d33db3e42d80eda/server/out/vs/workbench/api/node/extensionHostProcess.js:97:20387)
	at listOnTimeout (node:internal/timers:569:17)
	at process.processTimers (node:internal/timers:512:7) setContext undefined
2024-02-22 17:58:14.013 [error] Canceled: Canceled
	at Object.D [as $6] (/home/bitnami/.vscode-server/cli/servers/Stable-903b1e9d8990623e3d7da1df3d33db3e42d80eda/server/out/vs/workbench/api/node/extensionHostProcess.js:10:1032)
	at /home/bitnami/.vscode-server/cli/servers/Stable-903b1e9d8990623e3d7da1df3d33db3e42d80eda/server/out/vs/workbench/api/node/extensionHostProcess.js:147:2350
	at Array.forEach (<anonymous>)
	at d.dispose (/home/bitnami/.vscode-server/cli/servers/Stable-903b1e9d8990623e3d7da1df3d33db3e42d80eda/server/out/vs/workbench/api/node/extensionHostProcess.js:147:2288)
	at g.terminate (/home/bitnami/.vscode-server/cli/servers/Stable-903b1e9d8990623e3d7da1df3d33db3e42d80eda/server/out/vs/workbench/api/node/extensionHostProcess.js:156:8044)
	at o.terminate (/home/bitnami/.vscode-server/cli/servers/Stable-903b1e9d8990623e3d7da1df3d33db3e42d80eda/server/out/vs/workbench/api/node/extensionHostProcess.js:160:1513)
	at t (/home/bitnami/.vscode-server/cli/servers/Stable-903b1e9d8990623e3d7da1df3d33db3e42d80eda/server/out/vs/workbench/api/node/extensionHostProcess.js:173:9950)
	at M.a (/home/bitnami/.vscode-server/cli/servers/Stable-903b1e9d8990623e3d7da1df3d33db3e42d80eda/server/out/vs/workbench/api/node/extensionHostProcess.js:173:6680)
	at M.h (/home/bitnami/.vscode-server/cli/servers/Stable-903b1e9d8990623e3d7da1df3d33db3e42d80eda/server/out/vs/workbench/api/node/extensionHostProcess.js:97:20387)
	at listOnTimeout (node:internal/timers:569:17)
	at process.processTimers (node:internal/timers:512:7) setContext undefined
2024-02-22 17:58:14.014 [error] Canceled: Canceled
	at new f (/home/bitnami/.vscode-server/cli/servers/Stable-903b1e9d8990623e3d7da1df3d33db3e42d80eda/server/out/vs/workbench/api/node/extensionHostProcess.js:140:45069)
	at d.U (/home/bitnami/.vscode-server/cli/servers/Stable-903b1e9d8990623e3d7da1df3d33db3e42d80eda/server/out/vs/workbench/api/node/extensionHostProcess.js:147:5557)
	at T.<computed>.O.charCodeAt.T.<computed> (/home/bitnami/.vscode-server/cli/servers/Stable-903b1e9d8990623e3d7da1df3d33db3e42d80eda/server/out/vs/workbench/api/node/extensionHostProcess.js:147:3008)
	at s.g (/home/bitnami/.vscode-server/cli/servers/Stable-903b1e9d8990623e3d7da1df3d33db3e42d80eda/server/out/vs/workbench/api/node/extensionHostProcess.js:150:174704)
	at s.executeCommand (/home/bitnami/.vscode-server/cli/servers/Stable-903b1e9d8990623e3d7da1df3d33db3e42d80eda/server/out/vs/workbench/api/node/extensionHostProcess.js:150:174142)
	at m.registerCommand.description (/home/bitnami/.vscode-server/cli/servers/Stable-903b1e9d8990623e3d7da1df3d33db3e42d80eda/server/out/vs/workbench/api/node/extensionHostProcess.js:150:173466)
	at s.h (/home/bitnami/.vscode-server/cli/servers/Stable-903b1e9d8990623e3d7da1df3d33db3e42d80eda/server/out/vs/workbench/api/node/extensionHostProcess.js:150:175243)
	at s.g (/home/bitnami/.vscode-server/cli/servers/Stable-903b1e9d8990623e3d7da1df3d33db3e42d80eda/server/out/vs/workbench/api/node/extensionHostProcess.js:150:174235)
	at s.executeCommand (/home/bitnami/.vscode-server/cli/servers/Stable-903b1e9d8990623e3d7da1df3d33db3e42d80eda/server/out/vs/workbench/api/node/extensionHostProcess.js:150:174142)
	at Object.executeCommand (/home/bitnami/.vscode-server/cli/servers/Stable-903b1e9d8990623e3d7da1df3d33db3e42d80eda/server/out/vs/workbench/api/node/extensionHostProcess.js:160:21634)
	at g.I [as value] (/home/bitnami/.vscode-server/cli/servers/Stable-903b1e9d8990623e3d7da1df3d33db3e42d80eda/server/extensions/git/dist/main.js:2:927298)
	at r.y (/home/bitnami/.vscode-server/cli/servers/Stable-903b1e9d8990623e3d7da1df3d33db3e42d80eda/server/out/vs/workbench/api/node/extensionHostProcess.js:80:1902)
	at r.z (/home/bitnami/.vscode-server/cli/servers/Stable-903b1e9d8990623e3d7da1df3d33db3e42d80eda/server/out/vs/workbench/api/node/extensionHostProcess.js:80:1972)
	at r.fire (/home/bitnami/.vscode-server/cli/servers/Stable-903b1e9d8990623e3d7da1df3d33db3e42d80eda/server/out/vs/workbench/api/node/extensionHostProcess.js:80:2188)
	at Object.m [as dispose] (/home/bitnami/.vscode-server/cli/servers/Stable-903b1e9d8990623e3d7da1df3d33db3e42d80eda/server/extensions/git/dist/main.js:2:943089)
	at /home/bitnami/.vscode-server/cli/servers/Stable-903b1e9d8990623e3d7da1df3d33db3e42d80eda/server/extensions/git/dist/main.js:2:947930
	at Array.forEach (<anonymous>)
	at p.dispose (/home/bitnami/.vscode-server/cli/servers/Stable-903b1e9d8990623e3d7da1df3d33db3e42d80eda/server/extensions/git/dist/main.js:2:947916)
	at c.<anonymous> (/home/bitnami/.vscode-server/cli/servers/Stable-903b1e9d8990623e3d7da1df3d33db3e42d80eda/server/out/vs/workbench/api/node/extensionHostProcess.js:148:3650)
	at c.dispose (/home/bitnami/.vscode-server/cli/servers/Stable-903b1e9d8990623e3d7da1df3d33db3e42d80eda/server/out/vs/workbench/api/node/extensionHostProcess.js:148:3747)
	at c.<anonymous> (/home/bitnami/.vscode-server/cli/servers/Stable-903b1e9d8990623e3d7da1df3d33db3e42d80eda/server/extensions/git/dist/main.js:2:929310)
	at c.dispose (/home/bitnami/.vscode-server/cli/servers/Stable-903b1e9d8990623e3d7da1df3d33db3e42d80eda/server/out/vs/workbench/api/node/extensionHostProcess.js:148:3747)
	at o (/home/bitnami/.vscode-server/cli/servers/Stable-903b1e9d8990623e3d7da1df3d33db3e42d80eda/server/out/vs/workbench/api/node/extensionHostProcess.js:30:754)
	at g.cb (/home/bitnami/.vscode-server/cli/servers/Stable-903b1e9d8990623e3d7da1df3d33db3e42d80eda/server/out/vs/workbench/api/node/extensionHostProcess.js:156:9874)
	at /home/bitnami/.vscode-server/cli/servers/Stable-903b1e9d8990623e3d7da1df3d33db3e42d80eda/server/out/vs/workbench/api/node/extensionHostProcess.js:156:7808
	at Array.map (<anonymous>)
	at g.Y (/home/bitnami/.vscode-server/cli/servers/Stable-903b1e9d8990623e3d7da1df3d33db3e42d80eda/server/out/vs/workbench/api/node/extensionHostProcess.js:156:7795)
	at g.terminate (/home/bitnami/.vscode-server/cli/servers/Stable-903b1e9d8990623e3d7da1df3d33db3e42d80eda/server/out/vs/workbench/api/node/extensionHostProcess.js:156:8068)
	at o.terminate (/home/bitnami/.vscode-server/cli/servers/Stable-903b1e9d8990623e3d7da1df3d33db3e42d80eda/server/out/vs/workbench/api/node/extensionHostProcess.js:160:1513)
	at t (/home/bitnami/.vscode-server/cli/servers/Stable-903b1e9d8990623e3d7da1df3d33db3e42d80eda/server/out/vs/workbench/api/node/extensionHostProcess.js:173:9950)
	at M.a (/home/bitnami/.vscode-server/cli/servers/Stable-903b1e9d8990623e3d7da1df3d33db3e42d80eda/server/out/vs/workbench/api/node/extensionHostProcess.js:173:6680)
	at M.h (/home/bitnami/.vscode-server/cli/servers/Stable-903b1e9d8990623e3d7da1df3d33db3e42d80eda/server/out/vs/workbench/api/node/extensionHostProcess.js:97:20387)
	at listOnTimeout (node:internal/timers:569:17)
	at process.processTimers (node:internal/timers:512:7) setContext undefined
2024-02-22 17:58:14.014 [error] Canceled: Canceled
	at new f (/home/bitnami/.vscode-server/cli/servers/Stable-903b1e9d8990623e3d7da1df3d33db3e42d80eda/server/out/vs/workbench/api/node/extensionHostProcess.js:140:45069)
	at d.U (/home/bitnami/.vscode-server/cli/servers/Stable-903b1e9d8990623e3d7da1df3d33db3e42d80eda/server/out/vs/workbench/api/node/extensionHostProcess.js:147:5557)
	at T.<computed>.O.charCodeAt.T.<computed> (/home/bitnami/.vscode-server/cli/servers/Stable-903b1e9d8990623e3d7da1df3d33db3e42d80eda/server/out/vs/workbench/api/node/extensionHostProcess.js:147:3008)
	at s.g (/home/bitnami/.vscode-server/cli/servers/Stable-903b1e9d8990623e3d7da1df3d33db3e42d80eda/server/out/vs/workbench/api/node/extensionHostProcess.js:150:174704)
	at s.executeCommand (/home/bitnami/.vscode-server/cli/servers/Stable-903b1e9d8990623e3d7da1df3d33db3e42d80eda/server/out/vs/workbench/api/node/extensionHostProcess.js:150:174142)
	at m.registerCommand.description (/home/bitnami/.vscode-server/cli/servers/Stable-903b1e9d8990623e3d7da1df3d33db3e42d80eda/server/out/vs/workbench/api/node/extensionHostProcess.js:150:173466)
	at s.h (/home/bitnami/.vscode-server/cli/servers/Stable-903b1e9d8990623e3d7da1df3d33db3e42d80eda/server/out/vs/workbench/api/node/extensionHostProcess.js:150:175243)
	at s.g (/home/bitnami/.vscode-server/cli/servers/Stable-903b1e9d8990623e3d7da1df3d33db3e42d80eda/server/out/vs/workbench/api/node/extensionHostProcess.js:150:174235)
	at s.executeCommand (/home/bitnami/.vscode-server/cli/servers/Stable-903b1e9d8990623e3d7da1df3d33db3e42d80eda/server/out/vs/workbench/api/node/extensionHostProcess.js:150:174142)
	at Object.executeCommand (/home/bitnami/.vscode-server/cli/servers/Stable-903b1e9d8990623e3d7da1df3d33db3e42d80eda/server/out/vs/workbench/api/node/extensionHostProcess.js:160:21634)
	at g.I [as value] (/home/bitnami/.vscode-server/cli/servers/Stable-903b1e9d8990623e3d7da1df3d33db3e42d80eda/server/extensions/git/dist/main.js:2:927298)
	at r.y (/home/bitnami/.vscode-server/cli/servers/Stable-903b1e9d8990623e3d7da1df3d33db3e42d80eda/server/out/vs/workbench/api/node/extensionHostProcess.js:80:1902)
	at r.z (/home/bitnami/.vscode-server/cli/servers/Stable-903b1e9d8990623e3d7da1df3d33db3e42d80eda/server/out/vs/workbench/api/node/extensionHostProcess.js:80:1972)
	at r.fire (/home/bitnami/.vscode-server/cli/servers/Stable-903b1e9d8990623e3d7da1df3d33db3e42d80eda/server/out/vs/workbench/api/node/extensionHostProcess.js:80:2188)
	at Object.m [as dispose] (/home/bitnami/.vscode-server/cli/servers/Stable-903b1e9d8990623e3d7da1df3d33db3e42d80eda/server/extensions/git/dist/main.js:2:943089)
	at /home/bitnami/.vscode-server/cli/servers/Stable-903b1e9d8990623e3d7da1df3d33db3e42d80eda/server/extensions/git/dist/main.js:2:947930
	at Array.forEach (<anonymous>)
	at p.dispose (/home/bitnami/.vscode-server/cli/servers/Stable-903b1e9d8990623e3d7da1df3d33db3e42d80eda/server/extensions/git/dist/main.js:2:947916)
	at c.<anonymous> (/home/bitnami/.vscode-server/cli/servers/Stable-903b1e9d8990623e3d7da1df3d33db3e42d80eda/server/out/vs/workbench/api/node/extensionHostProcess.js:148:3650)
	at c.dispose (/home/bitnami/.vscode-server/cli/servers/Stable-903b1e9d8990623e3d7da1df3d33db3e42d80eda/server/out/vs/workbench/api/node/extensionHostProcess.js:148:3747)
	at c.<anonymous> (/home/bitnami/.vscode-server/cli/servers/Stable-903b1e9d8990623e3d7da1df3d33db3e42d80eda/server/extensions/git/dist/main.js:2:929310)
	at c.dispose (/home/bitnami/.vscode-server/cli/servers/Stable-903b1e9d8990623e3d7da1df3d33db3e42d80eda/server/out/vs/workbench/api/node/extensionHostProcess.js:148:3747)
	at o (/home/bitnami/.vscode-server/cli/servers/Stable-903b1e9d8990623e3d7da1df3d33db3e42d80eda/server/out/vs/workbench/api/node/extensionHostProcess.js:30:754)
	at g.cb (/home/bitnami/.vscode-server/cli/servers/Stable-903b1e9d8990623e3d7da1df3d33db3e42d80eda/server/out/vs/workbench/api/node/extensionHostProcess.js:156:9874)
	at /home/bitnami/.vscode-server/cli/servers/Stable-903b1e9d8990623e3d7da1df3d33db3e42d80eda/server/out/vs/workbench/api/node/extensionHostProcess.js:156:7808
	at Array.map (<anonymous>)
	at g.Y (/home/bitnami/.vscode-server/cli/servers/Stable-903b1e9d8990623e3d7da1df3d33db3e42d80eda/server/out/vs/workbench/api/node/extensionHostProcess.js:156:7795)
	at g.terminate (/home/bitnami/.vscode-server/cli/servers/Stable-903b1e9d8990623e3d7da1df3d33db3e42d80eda/server/out/vs/workbench/api/node/extensionHostProcess.js:156:8068)
	at o.terminate (/home/bitnami/.vscode-server/cli/servers/Stable-903b1e9d8990623e3d7da1df3d33db3e42d80eda/server/out/vs/workbench/api/node/extensionHostProcess.js:160:1513)
	at t (/home/bitnami/.vscode-server/cli/servers/Stable-903b1e9d8990623e3d7da1df3d33db3e42d80eda/server/out/vs/workbench/api/node/extensionHostProcess.js:173:9950)
	at M.a (/home/bitnami/.vscode-server/cli/servers/Stable-903b1e9d8990623e3d7da1df3d33db3e42d80eda/server/out/vs/workbench/api/node/extensionHostProcess.js:173:6680)
	at M.h (/home/bitnami/.vscode-server/cli/servers/Stable-903b1e9d8990623e3d7da1df3d33db3e42d80eda/server/out/vs/workbench/api/node/extensionHostProcess.js:97:20387)
	at listOnTimeout (node:internal/timers:569:17)
	at process.processTimers (node:internal/timers:512:7) setContext undefined
2024-02-22 17:58:14.014 [error] Canceled: Canceled
	at new f (/home/bitnami/.vscode-server/cli/servers/Stable-903b1e9d8990623e3d7da1df3d33db3e42d80eda/server/out/vs/workbench/api/node/extensionHostProcess.js:140:45069)
	at d.U (/home/bitnami/.vscode-server/cli/servers/Stable-903b1e9d8990623e3d7da1df3d33db3e42d80eda/server/out/vs/workbench/api/node/extensionHostProcess.js:147:5557)
	at T.<computed>.O.charCodeAt.T.<computed> (/home/bitnami/.vscode-server/cli/servers/Stable-903b1e9d8990623e3d7da1df3d33db3e42d80eda/server/out/vs/workbench/api/node/extensionHostProcess.js:147:3008)
	at s.g (/home/bitnami/.vscode-server/cli/servers/Stable-903b1e9d8990623e3d7da1df3d33db3e42d80eda/server/out/vs/workbench/api/node/extensionHostProcess.js:150:174704)
	at s.executeCommand (/home/bitnami/.vscode-server/cli/servers/Stable-903b1e9d8990623e3d7da1df3d33db3e42d80eda/server/out/vs/workbench/api/node/extensionHostProcess.js:150:174142)
	at m.registerCommand.description (/home/bitnami/.vscode-server/cli/servers/Stable-903b1e9d8990623e3d7da1df3d33db3e42d80eda/server/out/vs/workbench/api/node/extensionHostProcess.js:150:173466)
	at s.h (/home/bitnami/.vscode-server/cli/servers/Stable-903b1e9d8990623e3d7da1df3d33db3e42d80eda/server/out/vs/workbench/api/node/extensionHostProcess.js:150:175243)
	at s.g (/home/bitnami/.vscode-server/cli/servers/Stable-903b1e9d8990623e3d7da1df3d33db3e42d80eda/server/out/vs/workbench/api/node/extensionHostProcess.js:150:174235)
	at s.executeCommand (/home/bitnami/.vscode-server/cli/servers/Stable-903b1e9d8990623e3d7da1df3d33db3e42d80eda/server/out/vs/workbench/api/node/extensionHostProcess.js:150:174142)
	at Object.executeCommand (/home/bitnami/.vscode-server/cli/servers/Stable-903b1e9d8990623e3d7da1df3d33db3e42d80eda/server/out/vs/workbench/api/node/extensionHostProcess.js:160:21634)
	at set b [as b] (/home/bitnami/.vscode-server/cli/servers/Stable-903b1e9d8990623e3d7da1df3d33db3e42d80eda/server/extensions/github/dist/extension.js:2:322364)
	at /home/bitnami/.vscode-server/cli/servers/Stable-903b1e9d8990623e3d7da1df3d33db3e42d80eda/server/extensions/github/dist/extension.js:2:323005
	at g.value (/home/bitnami/.vscode-server/cli/servers/Stable-903b1e9d8990623e3d7da1df3d33db3e42d80eda/server/extensions/git/dist/main.js:2:1018251)
	at r.y (/home/bitnami/.vscode-server/cli/servers/Stable-903b1e9d8990623e3d7da1df3d33db3e42d80eda/server/out/vs/workbench/api/node/extensionHostProcess.js:80:1902)
	at r.z (/home/bitnami/.vscode-server/cli/servers/Stable-903b1e9d8990623e3d7da1df3d33db3e42d80eda/server/out/vs/workbench/api/node/extensionHostProcess.js:80:1972)
	at r.fire (/home/bitnami/.vscode-server/cli/servers/Stable-903b1e9d8990623e3d7da1df3d33db3e42d80eda/server/out/vs/workbench/api/node/extensionHostProcess.js:80:2188)
	at Object.m [as dispose] (/home/bitnami/.vscode-server/cli/servers/Stable-903b1e9d8990623e3d7da1df3d33db3e42d80eda/server/extensions/git/dist/main.js:2:943089)
	at /home/bitnami/.vscode-server/cli/servers/Stable-903b1e9d8990623e3d7da1df3d33db3e42d80eda/server/extensions/git/dist/main.js:2:947930
	at Array.forEach (<anonymous>)
	at p.dispose (/home/bitnami/.vscode-server/cli/servers/Stable-903b1e9d8990623e3d7da1df3d33db3e42d80eda/server/extensions/git/dist/main.js:2:947916)
	at c.<anonymous> (/home/bitnami/.vscode-server/cli/servers/Stable-903b1e9d8990623e3d7da1df3d33db3e42d80eda/server/out/vs/workbench/api/node/extensionHostProcess.js:148:3650)
	at c.dispose (/home/bitnami/.vscode-server/cli/servers/Stable-903b1e9d8990623e3d7da1df3d33db3e42d80eda/server/out/vs/workbench/api/node/extensionHostProcess.js:148:3747)
	at c.<anonymous> (/home/bitnami/.vscode-server/cli/servers/Stable-903b1e9d8990623e3d7da1df3d33db3e42d80eda/server/extensions/git/dist/main.js:2:929310)
	at c.dispose (/home/bitnami/.vscode-server/cli/servers/Stable-903b1e9d8990623e3d7da1df3d33db3e42d80eda/server/out/vs/workbench/api/node/extensionHostProcess.js:148:3747)
	at o (/home/bitnami/.vscode-server/cli/servers/Stable-903b1e9d8990623e3d7da1df3d33db3e42d80eda/server/out/vs/workbench/api/node/extensionHostProcess.js:30:754)
	at g.cb (/home/bitnami/.vscode-server/cli/servers/Stable-903b1e9d8990623e3d7da1df3d33db3e42d80eda/server/out/vs/workbench/api/node/extensionHostProcess.js:156:9874)
	at /home/bitnami/.vscode-server/cli/servers/Stable-903b1e9d8990623e3d7da1df3d33db3e42d80eda/server/out/vs/workbench/api/node/extensionHostProcess.js:156:7808
	at Array.map (<anonymous>)
	at g.Y (/home/bitnami/.vscode-server/cli/servers/Stable-903b1e9d8990623e3d7da1df3d33db3e42d80eda/server/out/vs/workbench/api/node/extensionHostProcess.js:156:7795)
	at g.terminate (/home/bitnami/.vscode-server/cli/servers/Stable-903b1e9d8990623e3d7da1df3d33db3e42d80eda/server/out/vs/workbench/api/node/extensionHostProcess.js:156:8068)
	at o.terminate (/home/bitnami/.vscode-server/cli/servers/Stable-903b1e9d8990623e3d7da1df3d33db3e42d80eda/server/out/vs/workbench/api/node/extensionHostProcess.js:160:1513)
	at t (/home/bitnami/.vscode-server/cli/servers/Stable-903b1e9d8990623e3d7da1df3d33db3e42d80eda/server/out/vs/workbench/api/node/extensionHostProcess.js:173:9950)
	at M.a (/home/bitnami/.vscode-server/cli/servers/Stable-903b1e9d8990623e3d7da1df3d33db3e42d80eda/server/out/vs/workbench/api/node/extensionHostProcess.js:173:6680)
	at M.h (/home/bitnami/.vscode-server/cli/servers/Stable-903b1e9d8990623e3d7da1df3d33db3e42d80eda/server/out/vs/workbench/api/node/extensionHostProcess.js:97:20387)
	at listOnTimeout (node:internal/timers:569:17)
	at process.processTimers (node:internal/timers:512:7) setContext undefined
2024-02-22 17:58:14.016 [info] Extension host with pid 39991 exiting with code 0
