2024-02-11 22:37:57.681 [info] Extension host with pid 1610 started
2024-02-11 22:37:57.724 [info] Lock '/home/bitnami/.vscode-server/data/User/workspaceStorage/d866cbe83da49e127745e557969ca682/vscode.lock': Lock acquired.
2024-02-11 22:37:57.796 [info] ExtensionService#_doActivateExtension vscode.git-base, startup: true, activationEvent: '*'
2024-02-11 22:37:57.817 [info] ExtensionService#_doActivateExtension vscode.npm, startup: true, activationEvent: 'workspaceContains:package.json'
2024-02-11 22:37:57.956 [info] ExtensionService#_doActivateExtension vscode.github, startup: true, activationEvent: '*'
2024-02-11 22:37:58.201 [info] Eager extensions activated
2024-02-11 22:37:58.202 [info] ExtensionService#_doActivateExtension vscode.debug-auto-launch, startup: false, activationEvent: 'onStartupFinished'
2024-02-11 22:37:58.202 [info] ExtensionService#_doActivateExtension vscode.merge-conflict, startup: false, activationEvent: 'onStartupFinished'
2024-02-11 22:38:00.431 [info] ExtensionService#_doActivateExtension vscode.git, startup: false, activationEvent: 'api', root cause: vscode.github
2024-02-11 22:38:01.548 [warning] [Decorations] CAPPING events from decorations provider vscode.git 1777
2024-02-11 22:38:02.649 [warning] [Decorations] CAPPING events from decorations provider vscode.git 1777
2024-02-11 22:38:12.195 [warning] [Decorations] CAPPING events from decorations provider vscode.git 1777
2024-02-11 22:38:14.094 [info] ExtensionService#_doActivateExtension vscode.typescript-language-features, startup: false, activationEvent: 'onLanguage:javascript'
2024-02-11 22:38:14.095 [info] ExtensionService#_doActivateExtension vscode.emmet, startup: false, activationEvent: 'onLanguage'
2024-02-11 22:38:18.522 [warning] [Decorations] CAPPING events from decorations provider vscode.git 1778
2024-02-11 22:38:23.766 [warning] [Decorations] CAPPING events from decorations provider vscode.git 1780
2024-02-11 22:38:28.991 [warning] [Decorations] CAPPING events from decorations provider vscode.git 1779
2024-02-11 22:38:34.181 [warning] [Decorations] CAPPING events from decorations provider vscode.git 1779
2024-02-11 22:38:39.516 [warning] [Decorations] CAPPING events from decorations provider vscode.git 1779
2024-02-11 22:38:44.730 [warning] [Decorations] CAPPING events from decorations provider vscode.git 1779
2024-02-11 22:38:49.889 [warning] [Decorations] CAPPING events from decorations provider vscode.git 1779
2024-02-11 22:38:55.064 [warning] [Decorations] CAPPING events from decorations provider vscode.git 1779
2024-02-11 22:39:00.274 [warning] [Decorations] CAPPING events from decorations provider vscode.git 1779
2024-02-11 22:39:05.446 [warning] [Decorations] CAPPING events from decorations provider vscode.git 1779
2024-02-11 22:39:10.629 [warning] [Decorations] CAPPING events from decorations provider vscode.git 1779
2024-02-11 22:39:20.180 [warning] [Decorations] CAPPING events from decorations provider vscode.git 1779
2024-02-11 22:39:25.399 [warning] [Decorations] CAPPING events from decorations provider vscode.git 1779
2024-02-11 22:39:30.586 [warning] [Decorations] CAPPING events from decorations provider vscode.git 1779
2024-02-11 22:39:35.754 [warning] [Decorations] CAPPING events from decorations provider vscode.git 1779
2024-02-11 22:39:40.921 [warning] [Decorations] CAPPING events from decorations provider vscode.git 1779
2024-02-11 22:39:46.089 [warning] [Decorations] CAPPING events from decorations provider vscode.git 1779
2024-02-11 22:39:51.248 [warning] [Decorations] CAPPING events from decorations provider vscode.git 1779
2024-02-11 22:39:56.415 [warning] [Decorations] CAPPING events from decorations provider vscode.git 1779
2024-02-11 22:40:01.669 [warning] [Decorations] CAPPING events from decorations provider vscode.git 1779
2024-02-11 22:40:06.893 [warning] [Decorations] CAPPING events from decorations provider vscode.git 1779
2024-02-11 22:40:12.058 [warning] [Decorations] CAPPING events from decorations provider vscode.git 1779
2024-02-11 22:40:17.256 [warning] [Decorations] CAPPING events from decorations provider vscode.git 1779
2024-02-11 22:40:22.429 [warning] [Decorations] CAPPING events from decorations provider vscode.git 1779
2024-02-11 22:40:27.588 [warning] [Decorations] CAPPING events from decorations provider vscode.git 1779
2024-02-11 22:40:47.552 [warning] [Decorations] CAPPING events from decorations provider vscode.git 1779
2024-02-11 22:42:16.920 [warning] [Decorations] CAPPING events from decorations provider vscode.git 1779
2024-02-11 22:43:19.114 [warning] [Decorations] CAPPING events from decorations provider vscode.git 1778
2024-02-11 22:43:24.272 [warning] [Decorations] CAPPING events from decorations provider vscode.git 1778
2024-02-11 22:43:29.433 [warning] [Decorations] CAPPING events from decorations provider vscode.git 1778
2024-02-11 22:43:34.612 [warning] [Decorations] CAPPING events from decorations provider vscode.git 1778
2024-02-11 22:43:39.769 [warning] [Decorations] CAPPING events from decorations provider vscode.git 1778
2024-02-11 22:43:44.951 [warning] [Decorations] CAPPING events from decorations provider vscode.git 1778
2024-02-11 22:43:50.516 [warning] [Decorations] CAPPING events from decorations provider vscode.git 1778
2024-02-11 22:44:02.118 [warning] [Decorations] CAPPING events from decorations provider vscode.git 1778
2024-02-11 22:44:07.299 [warning] [Decorations] CAPPING events from decorations provider vscode.git 1778
2024-02-11 22:44:12.471 [warning] [Decorations] CAPPING events from decorations provider vscode.git 1778
2024-02-11 22:44:17.633 [warning] [Decorations] CAPPING events from decorations provider vscode.git 1778
2024-02-11 22:44:22.811 [warning] [Decorations] CAPPING events from decorations provider vscode.git 1778
2024-02-11 22:44:28.046 [warning] [Decorations] CAPPING events from decorations provider vscode.git 1778
2024-02-11 22:44:33.212 [warning] [Decorations] CAPPING events from decorations provider vscode.git 1778
2024-02-11 22:44:38.373 [warning] [Decorations] CAPPING events from decorations provider vscode.git 1778
2024-02-11 22:44:43.545 [warning] [Decorations] CAPPING events from decorations provider vscode.git 1778
2024-02-11 22:44:48.711 [warning] [Decorations] CAPPING events from decorations provider vscode.git 1778
2024-02-11 22:44:53.873 [warning] [Decorations] CAPPING events from decorations provider vscode.git 1778
2024-02-11 22:44:59.039 [warning] [Decorations] CAPPING events from decorations provider vscode.git 1777
2024-02-11 22:45:04.200 [warning] [Decorations] CAPPING events from decorations provider vscode.git 1777
2024-02-11 22:45:10.690 [warning] [Decorations] CAPPING events from decorations provider vscode.git 1777
2024-02-11 22:45:15.876 [warning] [Decorations] CAPPING events from decorations provider vscode.git 1777
2024-02-11 22:45:21.038 [warning] [Decorations] CAPPING events from decorations provider vscode.git 1777
2024-02-11 22:45:26.208 [warning] [Decorations] CAPPING events from decorations provider vscode.git 1777
2024-02-11 22:45:34.301 [warning] [Decorations] CAPPING events from decorations provider vscode.git 1777
2024-02-11 22:45:39.455 [warning] [Decorations] CAPPING events from decorations provider vscode.git 1777
2024-02-11 22:45:44.622 [warning] [Decorations] CAPPING events from decorations provider vscode.git 1777
2024-02-11 22:46:02.922 [warning] [Decorations] CAPPING events from decorations provider vscode.git 1777
2024-02-11 22:46:08.655 [warning] [Decorations] CAPPING events from decorations provider vscode.git 1777
2024-02-11 22:46:13.823 [warning] [Decorations] CAPPING events from decorations provider vscode.git 1777
2024-02-11 22:46:18.977 [warning] [Decorations] CAPPING events from decorations provider vscode.git 1777
2024-02-11 22:46:24.156 [warning] [Decorations] CAPPING events from decorations provider vscode.git 1777
2024-02-11 22:46:29.326 [warning] [Decorations] CAPPING events from decorations provider vscode.git 1777
2024-02-11 22:46:34.495 [warning] [Decorations] CAPPING events from decorations provider vscode.git 1777
2024-02-11 22:46:40.959 [warning] [Decorations] CAPPING events from decorations provider vscode.git 1777
2024-02-11 22:46:46.125 [warning] [Decorations] CAPPING events from decorations provider vscode.git 1777
2024-02-11 22:46:51.305 [warning] [Decorations] CAPPING events from decorations provider vscode.git 1777
2024-02-11 22:46:57.011 [warning] [Decorations] CAPPING events from decorations provider vscode.git 1777
2024-02-11 22:47:02.161 [warning] [Decorations] CAPPING events from decorations provider vscode.git 1777
2024-02-11 22:47:58.695 [warning] [Decorations] CAPPING events from decorations provider vscode.git 1777
2024-02-11 22:48:05.659 [warning] [Decorations] CAPPING events from decorations provider vscode.git 1777
2024-02-11 22:48:20.619 [warning] [Decorations] CAPPING events from decorations provider vscode.git 1777
