2024-02-26 22:49:32.986 [info] Log level: Info
2024-02-26 22:49:32.986 [info] Validating found git in: "git"
2024-02-26 22:49:32.986 [info] Using git "2.30.2" from "git"
2024-02-26 22:49:32.986 [info] > git rev-parse --show-toplevel [44ms]
2024-02-26 22:49:32.998 [info] > git rev-parse --git-dir --git-common-dir [17ms]
2024-02-26 22:49:33.051 [info] Open repository: /home/bitnami
2024-02-26 22:49:33.174 [info] > git rev-parse --show-toplevel [49ms]
2024-02-26 22:49:33.180 [info] > git config --get commit.template [76ms]
2024-02-26 22:49:33.220 [info] > git rev-parse --show-toplevel [20ms]
2024-02-26 22:49:33.243 [info] > git rev-parse --show-toplevel [10ms]
2024-02-26 22:49:33.279 [info] > git rev-parse --show-toplevel [13ms]
2024-02-26 22:49:33.280 [info] > git for-each-ref --format=%(refname)%00%(upstream:short)%00%(objectname)%00%(upstream:track)%00%(upstream:remotename)%00%(upstream:remoteref) refs/heads/main refs/remotes/main [65ms]
2024-02-26 22:49:33.310 [info] > git rev-parse --show-toplevel [20ms]
2024-02-26 22:49:33.329 [info] > git rev-parse --show-toplevel [10ms]
2024-02-26 22:49:33.351 [info] > git rev-parse --show-toplevel [13ms]
2024-02-26 22:49:33.382 [info] > git rev-parse --show-toplevel [20ms]
2024-02-26 22:49:33.506 [info] > git rev-parse --show-toplevel [24ms]
2024-02-26 22:49:33.575 [info] > git rev-parse --show-toplevel [30ms]
2024-02-26 22:49:33.649 [info] > git rev-parse --show-toplevel [47ms]
2024-02-26 22:49:33.722 [info] > git rev-parse --show-toplevel [25ms]
2024-02-26 22:49:33.814 [info] > git rev-parse --show-toplevel [16ms]
2024-02-26 22:49:33.855 [info] > git rev-parse --show-toplevel [11ms]
2024-02-26 22:49:33.900 [info] > git rev-parse --git-dir --git-common-dir [8ms]
2024-02-26 22:49:33.917 [info] Open repository: /home/bitnami/todo
2024-02-26 22:49:34.116 [info] > git rev-parse --show-toplevel [89ms]
2024-02-26 22:49:34.220 [info] > git config --get commit.template [224ms]
2024-02-26 22:49:34.225 [info] > git check-ignore -v -z --stdin [508ms]
2024-02-26 22:49:34.228 [info] > git show --textconv :blogger/app_server/controllers/blog.js [41ms]
2024-02-26 22:49:34.262 [info] > git ls-files --stage -- /home/bitnami/blogger/app_server/controllers/blog.js [42ms]
2024-02-26 22:49:34.284 [info] > git for-each-ref --format %(refname) %(objectname) %(*objectname) refs/tags [26ms]
2024-02-26 22:49:34.308 [info] > git cat-file -s e31a28965f1a48fbbe12ce6066389deb76af7aaa [27ms]
2024-02-26 22:49:34.373 [info] > git status -z -uall [66ms]
2024-02-26 22:49:34.428 [info] > git config --get commit.template [25ms]
2024-02-26 22:49:34.438 [info] > git for-each-ref --format %(refname) %(objectname) %(*objectname) refs/tags [11ms]
2024-02-26 22:49:34.752 [info] > git status -z -uall [282ms]
2024-02-26 22:49:34.960 [info] > git check-ignore -v -z --stdin [210ms]
2024-02-26 22:49:35.111 [info] > git status -z -uall [1802ms]
2024-02-26 22:49:35.238 [info] > git config --get commit.template [58ms]
2024-02-26 22:49:35.458 [info] > git for-each-ref --format=%(refname)%00%(upstream:short)%00%(objectname)%00%(upstream:track)%00%(upstream:remotename)%00%(upstream:remoteref) refs/heads/main refs/remotes/main [26ms]
2024-02-26 22:49:36.082 [info] > git status -z -uall [589ms]
2024-02-26 22:49:43.502 [info] > git ls-files --stage -- /home/bitnami/blogger/app_server/controllers/blog.js [9ms]
2024-02-26 22:49:43.509 [info] > git cat-file -s e31a28965f1a48fbbe12ce6066389deb76af7aaa [2ms]
2024-02-26 22:49:43.542 [info] > git show --textconv :blogger/app_server/controllers/blog.js [11ms]
2024-02-26 22:49:45.516 [info] > git ls-files --stage -- /home/bitnami/blogger/app_server/controllers/blog.js [11ms]
2024-02-26 22:49:45.529 [info] > git cat-file -s e31a28965f1a48fbbe12ce6066389deb76af7aaa [4ms]
2024-02-26 22:49:45.557 [info] > git show --textconv :blogger/app_server/controllers/blog.js [8ms]
2024-02-26 22:49:46.273 [info] > git for-each-ref --format=%(refname)%00%(upstream:short)%00%(objectname)%00%(upstream:track)%00%(upstream:remotename)%00%(upstream:remoteref) refs/heads/main refs/remotes/main [3ms]
2024-02-26 22:49:46.273 [info] > git config --get commit.template [11ms]
2024-02-26 22:49:46.489 [info] > git status -z -uall [208ms]
2024-02-26 22:49:51.512 [info] > git config --get commit.template [8ms]
2024-02-26 22:49:51.512 [info] > git for-each-ref --format=%(refname)%00%(upstream:short)%00%(objectname)%00%(upstream:track)%00%(upstream:remotename)%00%(upstream:remoteref) refs/heads/main refs/remotes/main [3ms]
2024-02-26 22:49:51.695 [info] > git status -z -uall [177ms]
2024-02-26 22:49:56.676 [info] > git merge-base refs/heads/main refs/remotes/main/main [2ms]
2024-02-26 22:49:56.688 [info] > git rev-list --count --left-right refs/heads/main...refs/remotes/main/main [4ms]
2024-02-26 22:49:56.716 [info] > git config --get commit.template [7ms]
2024-02-26 22:49:56.717 [info] > git for-each-ref --format=%(refname)%00%(upstream:short)%00%(objectname)%00%(upstream:track)%00%(upstream:remotename)%00%(upstream:remoteref) refs/heads/main refs/remotes/main [3ms]
2024-02-26 22:49:56.922 [info] > git status -z -uall [199ms]
2024-02-26 22:49:57.465 [info] > git check-ignore -v -z --stdin [37ms]
2024-02-26 22:49:58.906 [info] > git check-ignore -v -z --stdin [27ms]
2024-02-26 22:50:01.946 [info] > git config --get commit.template [9ms]
2024-02-26 22:50:01.948 [info] > git for-each-ref --format=%(refname)%00%(upstream:short)%00%(objectname)%00%(upstream:track)%00%(upstream:remotename)%00%(upstream:remoteref) refs/heads/main refs/remotes/main [5ms]
2024-02-26 22:50:02.185 [info] > git status -z -uall [229ms]
2024-02-26 22:50:04.704 [info] > git checkout -q -- /home/bitnami/blogger/app_server/controllers/blog.js [76ms]
2024-02-26 22:50:04.722 [info] > git config --get commit.template [8ms]
2024-02-26 22:50:04.723 [info] > git for-each-ref --format=%(refname)%00%(upstream:short)%00%(objectname)%00%(upstream:track)%00%(upstream:remotename)%00%(upstream:remoteref) refs/heads/main refs/remotes/main [2ms]
2024-02-26 22:50:04.906 [info] > git status -z -uall [176ms]
2024-02-26 22:50:05.924 [info] > git ls-files --stage -- /home/bitnami/blogger/app_server/controllers/blog.js [8ms]
2024-02-26 22:50:05.931 [info] > git cat-file -s e31a28965f1a48fbbe12ce6066389deb76af7aaa [1ms]
2024-02-26 22:50:05.962 [info] > git show --textconv :blogger/app_server/controllers/blog.js [8ms]
2024-02-26 22:50:07.208 [info] > git config --get commit.template [1ms]
2024-02-26 22:50:07.222 [info] > git for-each-ref --format=%(refname)%00%(upstream:short)%00%(objectname)%00%(upstream:track)%00%(upstream:remotename)%00%(upstream:remoteref) refs/heads/main refs/remotes/main [6ms]
2024-02-26 22:50:07.467 [info] > git status -z -uall [234ms]
2024-02-26 22:50:08.718 [info] > git ls-files --stage -- /home/bitnami/blogger/app_server/controllers/blog.js [11ms]
2024-02-26 22:50:08.727 [info] > git cat-file -s 723911f623321b97e07c83eab75de8c217991958 [1ms]
2024-02-26 22:50:08.759 [info] > git show --textconv :blogger/app_server/controllers/blog.js [9ms]
2024-02-26 22:50:12.494 [info] > git config --get commit.template [8ms]
2024-02-26 22:50:12.495 [info] > git for-each-ref --format=%(refname)%00%(upstream:short)%00%(objectname)%00%(upstream:track)%00%(upstream:remotename)%00%(upstream:remoteref) refs/heads/main refs/remotes/main [2ms]
2024-02-26 22:50:12.671 [info] > git status -z -uall [170ms]
2024-02-26 22:50:12.834 [info] > git merge-base refs/heads/main refs/remotes/main/main [5ms]
2024-02-26 22:50:12.843 [info] > git rev-list --count --left-right refs/heads/main...refs/remotes/main/main [2ms]
2024-02-26 22:50:17.695 [info] > git config --get commit.template [9ms]
2024-02-26 22:50:17.697 [info] > git for-each-ref --format=%(refname)%00%(upstream:short)%00%(objectname)%00%(upstream:track)%00%(upstream:remotename)%00%(upstream:remoteref) refs/heads/main refs/remotes/main [4ms]
2024-02-26 22:50:17.882 [info] > git status -z -uall [172ms]
2024-02-26 22:50:29.414 [info] > git show --textconv :blogger/app_server/views/blogList.pug [15ms]
2024-02-26 22:50:29.418 [info] > git ls-files --stage -- /home/bitnami/blogger/app_server/views/blogList.pug [11ms]
2024-02-26 22:50:29.426 [info] > git cat-file -s 3ec8d4348c09a6c8a2dc83b756bcd84431476c6e [2ms]
2024-02-26 22:50:31.575 [info] > git config --get commit.template [20ms]
2024-02-26 22:50:31.577 [info] > git for-each-ref --format=%(refname)%00%(upstream:short)%00%(objectname)%00%(upstream:track)%00%(upstream:remotename)%00%(upstream:remoteref) refs/heads/main refs/remotes/main [16ms]
2024-02-26 22:50:31.857 [info] > git status -z -uall [271ms]
