2024-02-19 04:05:52.420 [info] Log level: Info
2024-02-19 04:05:52.420 [info] Validating found git in: "git"
2024-02-19 04:05:52.420 [info] Using git "2.30.2" from "git"
2024-02-19 04:05:52.420 [info] > git rev-parse --show-toplevel [74ms]
2024-02-19 04:05:52.420 [info] > git rev-parse --git-dir --git-common-dir [530ms]
2024-02-19 04:05:52.420 [info] Open repository: /home/bitnami
2024-02-19 04:05:52.457 [info] > git config --get commit.template [64ms]
2024-02-19 04:05:52.458 [info] > git rev-parse --show-toplevel [58ms]
2024-02-19 04:05:52.476 [info] > git for-each-ref --format=%(refname)%00%(upstream:short)%00%(objectname)%00%(upstream:track)%00%(upstream:remotename)%00%(upstream:remoteref) refs/heads/main refs/remotes/main [26ms]
2024-02-19 04:05:52.502 [info] > git rev-parse --show-toplevel [31ms]
2024-02-19 04:05:52.535 [info] > git rev-parse --show-toplevel [11ms]
2024-02-19 04:05:52.654 [info] > git rev-parse --show-toplevel [47ms]
2024-02-19 04:05:52.783 [info] > git rev-parse --show-toplevel [35ms]
2024-02-19 04:05:52.844 [info] > git rev-parse --show-toplevel [11ms]
2024-02-19 04:05:52.874 [info] > git rev-parse --show-toplevel [16ms]
2024-02-19 04:05:52.913 [info] > git rev-parse --show-toplevel [7ms]
2024-02-19 04:05:52.974 [info] > git rev-parse --show-toplevel [42ms]
2024-02-19 04:05:52.999 [info] > git rev-parse --show-toplevel [17ms]
2024-02-19 04:05:53.039 [info] > git rev-parse --show-toplevel [2ms]
2024-02-19 04:05:53.066 [info] > git rev-parse --show-toplevel [7ms]
2024-02-19 04:05:53.090 [info] > git check-ignore -v -z --stdin [117ms]
2024-02-19 04:05:53.104 [info] > git rev-parse --show-toplevel [16ms]
2024-02-19 04:05:53.128 [info] > git rev-parse --show-toplevel [16ms]
2024-02-19 04:05:53.168 [info] > git rev-parse --git-dir --git-common-dir [3ms]
2024-02-19 04:05:53.185 [info] Open repository: /home/bitnami/todo
2024-02-19 04:05:53.302 [info] > git config --get commit.template [38ms]
2024-02-19 04:05:53.311 [info] > git rev-parse --show-toplevel [14ms]
2024-02-19 04:05:53.410 [info] > git show --textconv :blogger/app_server/models/blogs.js [54ms]
2024-02-19 04:05:53.429 [info] > git ls-files --stage -- /home/bitnami/blogger/app_server/models/blogs.js [48ms]
2024-02-19 04:05:53.448 [info] > git for-each-ref --format=%(refname)%00%(upstream:short)%00%(objectname)%00%(upstream:track)%00%(upstream:remotename)%00%(upstream:remoteref) refs/heads/master refs/remotes/master [40ms]
2024-02-19 04:05:53.463 [warning] ENOENT: no such file or directory, open '/home/bitnami/todo/.git/refs/remotes/origin/master'
2024-02-19 04:05:53.464 [info] > git cat-file -s e69de29bb2d1d6434b8b29ae775ad8c2e48c5391 [18ms]
2024-02-19 04:05:53.479 [info] > git rev-parse refs/remotes/origin/master [16ms]
2024-02-19 04:05:53.548 [info] > git status -z -uall [34ms]
2024-02-19 04:05:53.695 [info] > git for-each-ref --format=%(refname)%00%(upstream:short)%00%(objectname)%00%(upstream:track)%00%(upstream:remotename)%00%(upstream:remoteref) refs/heads/master refs/remotes/master [27ms]
2024-02-19 04:05:53.698 [info] > git config --get commit.template [55ms]
2024-02-19 04:05:53.733 [warning] ENOENT: no such file or directory, open '/home/bitnami/todo/.git/refs/remotes/origin/master'
2024-02-19 04:05:53.858 [info] > git rev-parse refs/remotes/origin/master [125ms]
2024-02-19 04:05:53.987 [info] > git status -z -uall [79ms]
2024-02-19 04:05:54.025 [info] > git check-ignore -v -z --stdin [43ms]
2024-02-19 04:05:54.249 [info] > git check-ignore -v -z --stdin [320ms]
2024-02-19 04:05:58.638 [info] > git status -z -uall [6139ms]
2024-02-19 04:05:58.725 [info] > git config --get commit.template [24ms]
2024-02-19 04:05:58.736 [info] > git for-each-ref --format=%(refname)%00%(upstream:short)%00%(objectname)%00%(upstream:track)%00%(upstream:remotename)%00%(upstream:remoteref) refs/heads/main refs/remotes/main [29ms]
2024-02-19 04:06:01.518 [info] > git status -z -uall [2771ms]
2024-02-19 04:06:26.323 [info] > git check-ignore -v -z --stdin [24ms]
2024-02-19 04:06:26.363 [info] > git show --textconv :blogger/nohup.out [423ms]
2024-02-19 04:06:26.363 [info] > git ls-files --stage -- /home/bitnami/blogger/nohup.out [405ms]
2024-02-19 04:06:26.962 [info] > git cat-file -s 9852802ba94c3620570e6ce8296a5c8c437c30be [590ms]
