2024-02-27 02:45:53.502 [info] Extension host with pid 1303 started
2024-02-27 02:45:53.502 [error] Error: EEXIST: file already exists, open '/home/bitnami/.vscode-server/data/User/workspaceStorage/d866cbe83da49e127745e557969ca682/vscode.lock'
2024-02-27 02:45:53.512 [info] Lock '/home/bitnami/.vscode-server/data/User/workspaceStorage/d866cbe83da49e127745e557969ca682/vscode.lock': Could not acquire lock, checking if the file is stale.
2024-02-27 02:45:53.547 [info] Lock '/home/bitnami/.vscode-server/data/User/workspaceStorage/d866cbe83da49e127745e557969ca682/vscode.lock': The pid 11445 appears to be gone.
2024-02-27 02:45:53.547 [info] Lock '/home/bitnami/.vscode-server/data/User/workspaceStorage/d866cbe83da49e127745e557969ca682/vscode.lock': Deleting a stale lock.
2024-02-27 02:45:53.559 [info] Lock '/home/bitnami/.vscode-server/data/User/workspaceStorage/d866cbe83da49e127745e557969ca682/vscode.lock': Lock acquired.
2024-02-27 02:45:53.614 [info] ExtensionService#_doActivateExtension vscode.emmet, startup: false, activationEvent: 'onLanguage'
2024-02-27 02:45:53.616 [info] ExtensionService#_doActivateExtension vscode.typescript-language-features, startup: false, activationEvent: 'onLanguage:javascript'
2024-02-27 02:45:54.607 [info] ExtensionService#_doActivateExtension vscode.git-base, startup: true, activationEvent: '*', root cause: vscode.git
2024-02-27 02:45:54.642 [info] ExtensionService#_doActivateExtension vscode.npm, startup: true, activationEvent: 'workspaceContains:package.json'
2024-02-27 02:45:54.918 [info] ExtensionService#_doActivateExtension vscode.tunnel-forwarding, startup: false, activationEvent: 'onTunnel'
2024-02-27 02:45:54.934 [info] ExtensionService#_doActivateExtension vscode.git, startup: true, activationEvent: '*'
2024-02-27 02:45:54.938 [info] ExtensionService#_doActivateExtension vscode.github, startup: true, activationEvent: '*'
2024-02-27 02:45:57.109 [info] Eager extensions activated
2024-02-27 02:45:57.110 [info] ExtensionService#_doActivateExtension vscode.debug-auto-launch, startup: false, activationEvent: 'onStartupFinished'
2024-02-27 02:45:57.110 [info] ExtensionService#_doActivateExtension vscode.merge-conflict, startup: false, activationEvent: 'onStartupFinished'
2024-02-27 02:45:58.348 [error] Error: Git error
	at ChildProcess.<anonymous> (/home/bitnami/.vscode-server/cli/servers/Stable-903b1e9d8990623e3d7da1df3d33db3e42d80eda/server/extensions/git/dist/main.js:2:993939)
	at ChildProcess.emit (node:events:526:35)
	at ChildProcess._handle.onexit (node:internal/child_process:291:12)
2024-02-27 02:45:58.350 [error] Error: Git error
	at ChildProcess.<anonymous> (/home/bitnami/.vscode-server/cli/servers/Stable-903b1e9d8990623e3d7da1df3d33db3e42d80eda/server/extensions/git/dist/main.js:2:993939)
	at ChildProcess.emit (node:events:526:35)
	at ChildProcess._handle.onexit (node:internal/child_process:291:12)
2024-02-27 02:45:58.350 [error] Error: Git error
	at ChildProcess.<anonymous> (/home/bitnami/.vscode-server/cli/servers/Stable-903b1e9d8990623e3d7da1df3d33db3e42d80eda/server/extensions/git/dist/main.js:2:993939)
	at ChildProcess.emit (node:events:526:35)
	at ChildProcess._handle.onexit (node:internal/child_process:291:12)
2024-02-27 02:45:58.350 [error] Error: Git error
	at ChildProcess.<anonymous> (/home/bitnami/.vscode-server/cli/servers/Stable-903b1e9d8990623e3d7da1df3d33db3e42d80eda/server/extensions/git/dist/main.js:2:993939)
	at ChildProcess.emit (node:events:526:35)
	at ChildProcess._handle.onexit (node:internal/child_process:291:12)
2024-02-27 02:45:58.350 [error] Error: Git error
	at ChildProcess.<anonymous> (/home/bitnami/.vscode-server/cli/servers/Stable-903b1e9d8990623e3d7da1df3d33db3e42d80eda/server/extensions/git/dist/main.js:2:993939)
	at ChildProcess.emit (node:events:526:35)
	at ChildProcess._handle.onexit (node:internal/child_process:291:12)
2024-02-27 02:45:58.350 [error] Error: Git error
	at ChildProcess.<anonymous> (/home/bitnami/.vscode-server/cli/servers/Stable-903b1e9d8990623e3d7da1df3d33db3e42d80eda/server/extensions/git/dist/main.js:2:993939)
	at ChildProcess.emit (node:events:526:35)
	at ChildProcess._handle.onexit (node:internal/child_process:291:12)
2024-02-27 02:45:58.350 [error] Error: Git error
	at ChildProcess.<anonymous> (/home/bitnami/.vscode-server/cli/servers/Stable-903b1e9d8990623e3d7da1df3d33db3e42d80eda/server/extensions/git/dist/main.js:2:993939)
	at ChildProcess.emit (node:events:526:35)
	at ChildProcess._handle.onexit (node:internal/child_process:291:12)
2024-02-27 02:45:58.350 [error] Error: Git error
	at ChildProcess.<anonymous> (/home/bitnami/.vscode-server/cli/servers/Stable-903b1e9d8990623e3d7da1df3d33db3e42d80eda/server/extensions/git/dist/main.js:2:993939)
	at ChildProcess.emit (node:events:526:35)
	at ChildProcess._handle.onexit (node:internal/child_process:291:12)
2024-02-27 02:45:58.350 [error] Error: Git error
	at ChildProcess.<anonymous> (/home/bitnami/.vscode-server/cli/servers/Stable-903b1e9d8990623e3d7da1df3d33db3e42d80eda/server/extensions/git/dist/main.js:2:993939)
	at ChildProcess.emit (node:events:526:35)
	at ChildProcess._handle.onexit (node:internal/child_process:291:12)
2024-02-27 02:45:58.350 [error] Error: Git error
	at ChildProcess.<anonymous> (/home/bitnami/.vscode-server/cli/servers/Stable-903b1e9d8990623e3d7da1df3d33db3e42d80eda/server/extensions/git/dist/main.js:2:993939)
	at ChildProcess.emit (node:events:526:35)
	at ChildProcess._handle.onexit (node:internal/child_process:291:12)
2024-02-27 02:45:58.350 [error] Error: Git error
	at ChildProcess.<anonymous> (/home/bitnami/.vscode-server/cli/servers/Stable-903b1e9d8990623e3d7da1df3d33db3e42d80eda/server/extensions/git/dist/main.js:2:993939)
	at ChildProcess.emit (node:events:526:35)
	at ChildProcess._handle.onexit (node:internal/child_process:291:12)
2024-02-27 02:45:58.350 [error] Error: Git error
	at ChildProcess.<anonymous> (/home/bitnami/.vscode-server/cli/servers/Stable-903b1e9d8990623e3d7da1df3d33db3e42d80eda/server/extensions/git/dist/main.js:2:993939)
	at ChildProcess.emit (node:events:526:35)
	at ChildProcess._handle.onexit (node:internal/child_process:291:12)
2024-02-27 02:45:58.350 [error] Error: Git error
	at ChildProcess.<anonymous> (/home/bitnami/.vscode-server/cli/servers/Stable-903b1e9d8990623e3d7da1df3d33db3e42d80eda/server/extensions/git/dist/main.js:2:993939)
	at ChildProcess.emit (node:events:526:35)
	at ChildProcess._handle.onexit (node:internal/child_process:291:12)
2024-02-27 02:45:58.350 [error] Error: Git error
	at ChildProcess.<anonymous> (/home/bitnami/.vscode-server/cli/servers/Stable-903b1e9d8990623e3d7da1df3d33db3e42d80eda/server/extensions/git/dist/main.js:2:993939)
	at ChildProcess.emit (node:events:526:35)
	at ChildProcess._handle.onexit (node:internal/child_process:291:12)
2024-02-27 02:45:58.350 [error] Error: Git error
	at ChildProcess.<anonymous> (/home/bitnami/.vscode-server/cli/servers/Stable-903b1e9d8990623e3d7da1df3d33db3e42d80eda/server/extensions/git/dist/main.js:2:993939)
	at ChildProcess.emit (node:events:526:35)
	at ChildProcess._handle.onexit (node:internal/child_process:291:12)
2024-02-27 02:45:58.350 [error] Error: Git error
	at ChildProcess.<anonymous> (/home/bitnami/.vscode-server/cli/servers/Stable-903b1e9d8990623e3d7da1df3d33db3e42d80eda/server/extensions/git/dist/main.js:2:993939)
	at ChildProcess.emit (node:events:526:35)
	at ChildProcess._handle.onexit (node:internal/child_process:291:12)
2024-02-27 02:45:58.350 [error] Error: Git error
	at ChildProcess.<anonymous> (/home/bitnami/.vscode-server/cli/servers/Stable-903b1e9d8990623e3d7da1df3d33db3e42d80eda/server/extensions/git/dist/main.js:2:993939)
	at ChildProcess.emit (node:events:526:35)
	at ChildProcess._handle.onexit (node:internal/child_process:291:12)
2024-02-27 02:45:58.350 [error] Error: Git error
	at ChildProcess.<anonymous> (/home/bitnami/.vscode-server/cli/servers/Stable-903b1e9d8990623e3d7da1df3d33db3e42d80eda/server/extensions/git/dist/main.js:2:993939)
	at ChildProcess.emit (node:events:526:35)
	at ChildProcess._handle.onexit (node:internal/child_process:291:12)
2024-02-27 02:45:58.353 [error] Error: Git error
	at ChildProcess.<anonymous> (/home/bitnami/.vscode-server/cli/servers/Stable-903b1e9d8990623e3d7da1df3d33db3e42d80eda/server/extensions/git/dist/main.js:2:993939)
	at ChildProcess.emit (node:events:526:35)
	at ChildProcess._handle.onexit (node:internal/child_process:291:12)
2024-02-27 02:45:58.353 [error] Error: Git error
	at ChildProcess.<anonymous> (/home/bitnami/.vscode-server/cli/servers/Stable-903b1e9d8990623e3d7da1df3d33db3e42d80eda/server/extensions/git/dist/main.js:2:993939)
	at ChildProcess.emit (node:events:526:35)
	at ChildProcess._handle.onexit (node:internal/child_process:291:12)
2024-02-27 02:45:58.353 [error] Error: Git error
	at ChildProcess.<anonymous> (/home/bitnami/.vscode-server/cli/servers/Stable-903b1e9d8990623e3d7da1df3d33db3e42d80eda/server/extensions/git/dist/main.js:2:993939)
	at ChildProcess.emit (node:events:526:35)
	at ChildProcess._handle.onexit (node:internal/child_process:291:12)
2024-02-27 02:45:58.353 [error] Error: Git error
	at ChildProcess.<anonymous> (/home/bitnami/.vscode-server/cli/servers/Stable-903b1e9d8990623e3d7da1df3d33db3e42d80eda/server/extensions/git/dist/main.js:2:993939)
	at ChildProcess.emit (node:events:526:35)
	at ChildProcess._handle.onexit (node:internal/child_process:291:12)
2024-02-27 02:45:58.353 [error] Error: Git error
	at ChildProcess.<anonymous> (/home/bitnami/.vscode-server/cli/servers/Stable-903b1e9d8990623e3d7da1df3d33db3e42d80eda/server/extensions/git/dist/main.js:2:993939)
	at ChildProcess.emit (node:events:526:35)
	at ChildProcess._handle.onexit (node:internal/child_process:291:12)
2024-02-27 02:45:58.353 [error] Error: Git error
	at ChildProcess.<anonymous> (/home/bitnami/.vscode-server/cli/servers/Stable-903b1e9d8990623e3d7da1df3d33db3e42d80eda/server/extensions/git/dist/main.js:2:993939)
	at ChildProcess.emit (node:events:526:35)
	at ChildProcess._handle.onexit (node:internal/child_process:291:12)
2024-02-27 02:45:58.353 [error] Error: Git error
	at ChildProcess.<anonymous> (/home/bitnami/.vscode-server/cli/servers/Stable-903b1e9d8990623e3d7da1df3d33db3e42d80eda/server/extensions/git/dist/main.js:2:993939)
	at ChildProcess.emit (node:events:526:35)
	at ChildProcess._handle.onexit (node:internal/child_process:291:12)
2024-02-27 02:45:58.353 [error] Error: Git error
	at ChildProcess.<anonymous> (/home/bitnami/.vscode-server/cli/servers/Stable-903b1e9d8990623e3d7da1df3d33db3e42d80eda/server/extensions/git/dist/main.js:2:993939)
	at ChildProcess.emit (node:events:526:35)
	at ChildProcess._handle.onexit (node:internal/child_process:291:12)
2024-02-27 02:45:58.353 [error] Error: Git error
	at ChildProcess.<anonymous> (/home/bitnami/.vscode-server/cli/servers/Stable-903b1e9d8990623e3d7da1df3d33db3e42d80eda/server/extensions/git/dist/main.js:2:993939)
	at ChildProcess.emit (node:events:526:35)
	at ChildProcess._handle.onexit (node:internal/child_process:291:12)
2024-02-27 02:45:58.353 [error] Error: Git error
	at ChildProcess.<anonymous> (/home/bitnami/.vscode-server/cli/servers/Stable-903b1e9d8990623e3d7da1df3d33db3e42d80eda/server/extensions/git/dist/main.js:2:993939)
	at ChildProcess.emit (node:events:526:35)
	at ChildProcess._handle.onexit (node:internal/child_process:291:12)
2024-02-27 02:45:58.353 [error] Error: Git error
	at ChildProcess.<anonymous> (/home/bitnami/.vscode-server/cli/servers/Stable-903b1e9d8990623e3d7da1df3d33db3e42d80eda/server/extensions/git/dist/main.js:2:993939)
	at ChildProcess.emit (node:events:526:35)
	at ChildProcess._handle.onexit (node:internal/child_process:291:12)
2024-02-27 02:45:58.353 [error] Error: Git error
	at ChildProcess.<anonymous> (/home/bitnami/.vscode-server/cli/servers/Stable-903b1e9d8990623e3d7da1df3d33db3e42d80eda/server/extensions/git/dist/main.js:2:993939)
	at ChildProcess.emit (node:events:526:35)
	at ChildProcess._handle.onexit (node:internal/child_process:291:12)
2024-02-27 02:45:58.353 [error] Error: Git error
	at ChildProcess.<anonymous> (/home/bitnami/.vscode-server/cli/servers/Stable-903b1e9d8990623e3d7da1df3d33db3e42d80eda/server/extensions/git/dist/main.js:2:993939)
	at ChildProcess.emit (node:events:526:35)
	at ChildProcess._handle.onexit (node:internal/child_process:291:12)
2024-02-27 02:45:58.353 [error] Error: Git error
	at ChildProcess.<anonymous> (/home/bitnami/.vscode-server/cli/servers/Stable-903b1e9d8990623e3d7da1df3d33db3e42d80eda/server/extensions/git/dist/main.js:2:993939)
	at ChildProcess.emit (node:events:526:35)
	at ChildProcess._handle.onexit (node:internal/child_process:291:12)
2024-02-27 02:45:58.353 [error] Error: Git error
	at ChildProcess.<anonymous> (/home/bitnami/.vscode-server/cli/servers/Stable-903b1e9d8990623e3d7da1df3d33db3e42d80eda/server/extensions/git/dist/main.js:2:993939)
	at ChildProcess.emit (node:events:526:35)
	at ChildProcess._handle.onexit (node:internal/child_process:291:12)
2024-02-27 02:45:59.420 [error] Error: Git error
	at ChildProcess.<anonymous> (/home/bitnami/.vscode-server/cli/servers/Stable-903b1e9d8990623e3d7da1df3d33db3e42d80eda/server/extensions/git/dist/main.js:2:993939)
	at ChildProcess.emit (node:events:526:35)
	at ChildProcess._handle.onexit (node:internal/child_process:291:12)
2024-02-27 02:45:59.423 [error] Error: Git error
	at ChildProcess.<anonymous> (/home/bitnami/.vscode-server/cli/servers/Stable-903b1e9d8990623e3d7da1df3d33db3e42d80eda/server/extensions/git/dist/main.js:2:993939)
	at ChildProcess.emit (node:events:526:35)
	at ChildProcess._handle.onexit (node:internal/child_process:291:12)
2024-02-27 02:45:59.423 [error] Error: Git error
	at ChildProcess.<anonymous> (/home/bitnami/.vscode-server/cli/servers/Stable-903b1e9d8990623e3d7da1df3d33db3e42d80eda/server/extensions/git/dist/main.js:2:993939)
	at ChildProcess.emit (node:events:526:35)
	at ChildProcess._handle.onexit (node:internal/child_process:291:12)
2024-02-27 02:45:59.424 [error] Error: Git error
	at ChildProcess.<anonymous> (/home/bitnami/.vscode-server/cli/servers/Stable-903b1e9d8990623e3d7da1df3d33db3e42d80eda/server/extensions/git/dist/main.js:2:993939)
	at ChildProcess.emit (node:events:526:35)
	at ChildProcess._handle.onexit (node:internal/child_process:291:12)
2024-02-27 02:45:59.424 [error] Error: Git error
	at ChildProcess.<anonymous> (/home/bitnami/.vscode-server/cli/servers/Stable-903b1e9d8990623e3d7da1df3d33db3e42d80eda/server/extensions/git/dist/main.js:2:993939)
	at ChildProcess.emit (node:events:526:35)
	at ChildProcess._handle.onexit (node:internal/child_process:291:12)
2024-02-27 02:45:59.425 [error] Error: Git error
	at ChildProcess.<anonymous> (/home/bitnami/.vscode-server/cli/servers/Stable-903b1e9d8990623e3d7da1df3d33db3e42d80eda/server/extensions/git/dist/main.js:2:993939)
	at ChildProcess.emit (node:events:526:35)
	at ChildProcess._handle.onexit (node:internal/child_process:291:12)
2024-02-27 02:45:59.425 [error] Error: Git error
	at ChildProcess.<anonymous> (/home/bitnami/.vscode-server/cli/servers/Stable-903b1e9d8990623e3d7da1df3d33db3e42d80eda/server/extensions/git/dist/main.js:2:993939)
	at ChildProcess.emit (node:events:526:35)
	at ChildProcess._handle.onexit (node:internal/child_process:291:12)
2024-02-27 02:45:59.426 [error] Error: Git error
	at ChildProcess.<anonymous> (/home/bitnami/.vscode-server/cli/servers/Stable-903b1e9d8990623e3d7da1df3d33db3e42d80eda/server/extensions/git/dist/main.js:2:993939)
	at ChildProcess.emit (node:events:526:35)
	at ChildProcess._handle.onexit (node:internal/child_process:291:12)
2024-02-27 02:45:59.431 [error] Error: Git error
	at ChildProcess.<anonymous> (/home/bitnami/.vscode-server/cli/servers/Stable-903b1e9d8990623e3d7da1df3d33db3e42d80eda/server/extensions/git/dist/main.js:2:993939)
	at ChildProcess.emit (node:events:526:35)
	at ChildProcess._handle.onexit (node:internal/child_process:291:12)
2024-02-27 02:45:59.435 [error] Error: Git error
	at ChildProcess.<anonymous> (/home/bitnami/.vscode-server/cli/servers/Stable-903b1e9d8990623e3d7da1df3d33db3e42d80eda/server/extensions/git/dist/main.js:2:993939)
	at ChildProcess.emit (node:events:526:35)
	at ChildProcess._handle.onexit (node:internal/child_process:291:12)
2024-02-27 02:45:59.435 [error] Error: Git error
	at ChildProcess.<anonymous> (/home/bitnami/.vscode-server/cli/servers/Stable-903b1e9d8990623e3d7da1df3d33db3e42d80eda/server/extensions/git/dist/main.js:2:993939)
	at ChildProcess.emit (node:events:526:35)
	at ChildProcess._handle.onexit (node:internal/child_process:291:12)
2024-02-27 02:45:59.450 [error] Error: Git error
	at ChildProcess.<anonymous> (/home/bitnami/.vscode-server/cli/servers/Stable-903b1e9d8990623e3d7da1df3d33db3e42d80eda/server/extensions/git/dist/main.js:2:993939)
	at ChildProcess.emit (node:events:526:35)
	at ChildProcess._handle.onexit (node:internal/child_process:291:12)
2024-02-27 02:45:59.451 [error] Error: Git error
	at ChildProcess.<anonymous> (/home/bitnami/.vscode-server/cli/servers/Stable-903b1e9d8990623e3d7da1df3d33db3e42d80eda/server/extensions/git/dist/main.js:2:993939)
	at ChildProcess.emit (node:events:526:35)
	at ChildProcess._handle.onexit (node:internal/child_process:291:12)
2024-02-27 02:45:59.452 [error] Error: Git error
	at ChildProcess.<anonymous> (/home/bitnami/.vscode-server/cli/servers/Stable-903b1e9d8990623e3d7da1df3d33db3e42d80eda/server/extensions/git/dist/main.js:2:993939)
	at ChildProcess.emit (node:events:526:35)
	at ChildProcess._handle.onexit (node:internal/child_process:291:12)
2024-02-27 02:45:59.452 [error] Error: Git error
	at ChildProcess.<anonymous> (/home/bitnami/.vscode-server/cli/servers/Stable-903b1e9d8990623e3d7da1df3d33db3e42d80eda/server/extensions/git/dist/main.js:2:993939)
	at ChildProcess.emit (node:events:526:35)
	at ChildProcess._handle.onexit (node:internal/child_process:291:12)
2024-02-27 02:45:59.453 [error] Error: Git error
	at ChildProcess.<anonymous> (/home/bitnami/.vscode-server/cli/servers/Stable-903b1e9d8990623e3d7da1df3d33db3e42d80eda/server/extensions/git/dist/main.js:2:993939)
	at ChildProcess.emit (node:events:526:35)
	at ChildProcess._handle.onexit (node:internal/child_process:291:12)
2024-02-27 02:45:59.453 [error] Error: Git error
	at ChildProcess.<anonymous> (/home/bitnami/.vscode-server/cli/servers/Stable-903b1e9d8990623e3d7da1df3d33db3e42d80eda/server/extensions/git/dist/main.js:2:993939)
	at ChildProcess.emit (node:events:526:35)
	at ChildProcess._handle.onexit (node:internal/child_process:291:12)
2024-02-27 02:45:59.454 [error] Error: Git error
	at ChildProcess.<anonymous> (/home/bitnami/.vscode-server/cli/servers/Stable-903b1e9d8990623e3d7da1df3d33db3e42d80eda/server/extensions/git/dist/main.js:2:993939)
	at ChildProcess.emit (node:events:526:35)
	at ChildProcess._handle.onexit (node:internal/child_process:291:12)
2024-02-27 02:45:59.454 [error] Error: Git error
	at ChildProcess.<anonymous> (/home/bitnami/.vscode-server/cli/servers/Stable-903b1e9d8990623e3d7da1df3d33db3e42d80eda/server/extensions/git/dist/main.js:2:993939)
	at ChildProcess.emit (node:events:526:35)
	at ChildProcess._handle.onexit (node:internal/child_process:291:12)
2024-02-27 02:45:59.454 [error] Error: Git error
	at ChildProcess.<anonymous> (/home/bitnami/.vscode-server/cli/servers/Stable-903b1e9d8990623e3d7da1df3d33db3e42d80eda/server/extensions/git/dist/main.js:2:993939)
	at ChildProcess.emit (node:events:526:35)
	at ChildProcess._handle.onexit (node:internal/child_process:291:12)
2024-02-27 02:45:59.463 [error] Error: Git error
	at ChildProcess.<anonymous> (/home/bitnami/.vscode-server/cli/servers/Stable-903b1e9d8990623e3d7da1df3d33db3e42d80eda/server/extensions/git/dist/main.js:2:993939)
	at ChildProcess.emit (node:events:526:35)
	at ChildProcess._handle.onexit (node:internal/child_process:291:12)
2024-02-27 02:45:59.464 [error] Error: Git error
	at ChildProcess.<anonymous> (/home/bitnami/.vscode-server/cli/servers/Stable-903b1e9d8990623e3d7da1df3d33db3e42d80eda/server/extensions/git/dist/main.js:2:993939)
	at ChildProcess.emit (node:events:526:35)
	at ChildProcess._handle.onexit (node:internal/child_process:291:12)
2024-02-27 02:45:59.464 [error] Error: Git error
	at ChildProcess.<anonymous> (/home/bitnami/.vscode-server/cli/servers/Stable-903b1e9d8990623e3d7da1df3d33db3e42d80eda/server/extensions/git/dist/main.js:2:993939)
	at ChildProcess.emit (node:events:526:35)
	at ChildProcess._handle.onexit (node:internal/child_process:291:12)
2024-02-27 02:45:59.465 [error] Error: Git error
	at ChildProcess.<anonymous> (/home/bitnami/.vscode-server/cli/servers/Stable-903b1e9d8990623e3d7da1df3d33db3e42d80eda/server/extensions/git/dist/main.js:2:993939)
	at ChildProcess.emit (node:events:526:35)
	at ChildProcess._handle.onexit (node:internal/child_process:291:12)
2024-02-27 02:45:59.465 [error] Error: Git error
	at ChildProcess.<anonymous> (/home/bitnami/.vscode-server/cli/servers/Stable-903b1e9d8990623e3d7da1df3d33db3e42d80eda/server/extensions/git/dist/main.js:2:993939)
	at ChildProcess.emit (node:events:526:35)
	at ChildProcess._handle.onexit (node:internal/child_process:291:12)
2024-02-27 02:45:59.466 [error] Error: Git error
	at ChildProcess.<anonymous> (/home/bitnami/.vscode-server/cli/servers/Stable-903b1e9d8990623e3d7da1df3d33db3e42d80eda/server/extensions/git/dist/main.js:2:993939)
	at ChildProcess.emit (node:events:526:35)
	at ChildProcess._handle.onexit (node:internal/child_process:291:12)
2024-02-27 02:45:59.466 [error] Error: Git error
	at ChildProcess.<anonymous> (/home/bitnami/.vscode-server/cli/servers/Stable-903b1e9d8990623e3d7da1df3d33db3e42d80eda/server/extensions/git/dist/main.js:2:993939)
	at ChildProcess.emit (node:events:526:35)
	at ChildProcess._handle.onexit (node:internal/child_process:291:12)
2024-02-27 02:45:59.466 [error] Error: Git error
	at ChildProcess.<anonymous> (/home/bitnami/.vscode-server/cli/servers/Stable-903b1e9d8990623e3d7da1df3d33db3e42d80eda/server/extensions/git/dist/main.js:2:993939)
	at ChildProcess.emit (node:events:526:35)
	at ChildProcess._handle.onexit (node:internal/child_process:291:12)
2024-02-27 02:45:59.466 [error] Error: Git error
	at ChildProcess.<anonymous> (/home/bitnami/.vscode-server/cli/servers/Stable-903b1e9d8990623e3d7da1df3d33db3e42d80eda/server/extensions/git/dist/main.js:2:993939)
	at ChildProcess.emit (node:events:526:35)
	at ChildProcess._handle.onexit (node:internal/child_process:291:12)
2024-02-27 02:45:59.467 [error] Error: Git error
	at ChildProcess.<anonymous> (/home/bitnami/.vscode-server/cli/servers/Stable-903b1e9d8990623e3d7da1df3d33db3e42d80eda/server/extensions/git/dist/main.js:2:993939)
	at ChildProcess.emit (node:events:526:35)
	at ChildProcess._handle.onexit (node:internal/child_process:291:12)
2024-02-27 02:45:59.467 [error] Error: Git error
	at ChildProcess.<anonymous> (/home/bitnami/.vscode-server/cli/servers/Stable-903b1e9d8990623e3d7da1df3d33db3e42d80eda/server/extensions/git/dist/main.js:2:993939)
	at ChildProcess.emit (node:events:526:35)
	at ChildProcess._handle.onexit (node:internal/child_process:291:12)
2024-02-27 02:45:59.467 [error] Error: Git error
	at ChildProcess.<anonymous> (/home/bitnami/.vscode-server/cli/servers/Stable-903b1e9d8990623e3d7da1df3d33db3e42d80eda/server/extensions/git/dist/main.js:2:993939)
	at ChildProcess.emit (node:events:526:35)
	at ChildProcess._handle.onexit (node:internal/child_process:291:12)
2024-02-27 02:45:59.468 [error] Error: Git error
	at ChildProcess.<anonymous> (/home/bitnami/.vscode-server/cli/servers/Stable-903b1e9d8990623e3d7da1df3d33db3e42d80eda/server/extensions/git/dist/main.js:2:993939)
	at ChildProcess.emit (node:events:526:35)
	at ChildProcess._handle.onexit (node:internal/child_process:291:12)
