2024-02-26 23:57:28.429 [info] Log level: Info
2024-02-26 23:57:28.430 [info] Validating found git in: "git"
2024-02-26 23:57:28.430 [info] Using git "2.30.2" from "git"
2024-02-26 23:57:28.430 [info] > git rev-parse --show-toplevel [242ms]
2024-02-26 23:57:28.668 [info] > git rev-parse --git-dir --git-common-dir [248ms]
2024-02-26 23:57:28.691 [info] Open repository: /home/bitnami
2024-02-26 23:57:28.753 [info] > git config --get commit.template [40ms]
2024-02-26 23:57:28.776 [info] > git rev-parse --show-toplevel [53ms]
2024-02-26 23:57:28.834 [info] > git for-each-ref --format=%(refname)%00%(upstream:short)%00%(objectname)%00%(upstream:track)%00%(upstream:remotename)%00%(upstream:remoteref) refs/heads/main refs/remotes/main [39ms]
2024-02-26 23:57:28.839 [info] > git rev-parse --show-toplevel [26ms]
2024-02-26 23:57:28.896 [info] > git rev-parse --show-toplevel [2ms]
2024-02-26 23:57:28.972 [info] > git rev-parse --show-toplevel [35ms]
2024-02-26 23:57:29.011 [info] > git rev-parse --show-toplevel [7ms]
2024-02-26 23:57:29.066 [info] > git rev-parse --show-toplevel [33ms]
2024-02-26 23:57:29.150 [info] > git rev-parse --show-toplevel [24ms]
2024-02-26 23:57:29.471 [info] > git rev-parse --show-toplevel [214ms]
2024-02-26 23:57:29.514 [info] > git rev-parse --show-toplevel [10ms]
2024-02-26 23:57:29.542 [info] > git rev-parse --show-toplevel [6ms]
2024-02-26 23:57:29.564 [info] > git rev-parse --show-toplevel [4ms]
2024-02-26 23:57:29.585 [info] > git rev-parse --show-toplevel [7ms]
2024-02-26 23:57:29.626 [info] > git rev-parse --show-toplevel [11ms]
2024-02-26 23:57:29.699 [info] > git rev-parse --show-toplevel [37ms]
2024-02-26 23:57:29.745 [info] > git rev-parse --git-dir --git-common-dir [8ms]
2024-02-26 23:57:29.756 [info] Open repository: /home/bitnami/todo
2024-02-26 23:57:29.828 [info] > git check-ignore -v -z --stdin [421ms]
2024-02-26 23:57:29.846 [info] > git config --get commit.template [33ms]
2024-02-26 23:57:29.863 [info] > git rev-parse --show-toplevel [35ms]
2024-02-26 23:57:29.998 [info] > git ls-files --stage -- /home/bitnami/blogger/app_api/controllers/blogs.js [51ms]
2024-02-26 23:57:30.014 [info] > git for-each-ref --format %(refname) %(objectname) %(*objectname) refs/tags [36ms]
2024-02-26 23:57:30.036 [info] > git show --textconv :blogger/app_api/controllers/blogs.js [113ms]
2024-02-26 23:57:30.037 [info] > git cat-file -s cb48da7dd6af23cc3ba39d368be6715196a2991c [24ms]
2024-02-26 23:57:30.132 [info] > git status -z -uall [97ms]
2024-02-26 23:57:30.247 [info] > git config --get commit.template [49ms]
2024-02-26 23:57:30.255 [info] > git for-each-ref --format %(refname) %(objectname) %(*objectname) refs/tags [13ms]
2024-02-26 23:57:30.521 [info] > git status -z -uall [246ms]
2024-02-26 23:57:30.806 [info] > git check-ignore -v -z --stdin [296ms]
2024-02-26 23:57:32.662 [info] > git status -z -uall [3690ms]
2024-02-26 23:57:32.827 [info] > git config --get commit.template [68ms]
2024-02-26 23:57:33.026 [info] > git for-each-ref --format=%(refname)%00%(upstream:short)%00%(objectname)%00%(upstream:track)%00%(upstream:remotename)%00%(upstream:remoteref) refs/heads/main refs/remotes/main [18ms]
2024-02-26 23:57:36.732 [info] > git status -z -uall [3637ms]
2024-02-26 23:58:01.172 [info] > git merge-base refs/heads/main refs/remotes/main/main [24ms]
2024-02-26 23:58:01.208 [info] > git rev-list --count --left-right refs/heads/main...refs/remotes/main/main [19ms]
2024-02-26 23:58:02.019 [info] > git check-ignore -v -z --stdin [55ms]
2024-02-26 23:58:04.773 [info] > git check-ignore -v -z --stdin [29ms]
2024-02-26 23:58:35.472 [info] > git show --textconv :blogger/app_api/models/blogs.js [47ms]
2024-02-26 23:58:35.486 [info] > git ls-files --stage -- /home/bitnami/blogger/app_api/models/blogs.js [36ms]
2024-02-26 23:58:35.502 [info] > git cat-file -s d2b6ea4c1cf07fd1903b8094804f5172715f8410 [2ms]
2024-02-26 23:58:36.600 [info] > git show --textconv :blogger/app_api/controllers/blogs.js [73ms]
2024-02-26 23:58:36.607 [info] > git ls-files --stage -- /home/bitnami/blogger/app_api/controllers/blogs.js [58ms]
2024-02-26 23:58:36.617 [info] > git cat-file -s cb48da7dd6af23cc3ba39d368be6715196a2991c [2ms]
2024-02-27 00:01:59.853 [info] > git show --textconv :blogger/app_api/models/blogs.js [40ms]
2024-02-27 00:01:59.859 [info] > git ls-files --stage -- /home/bitnami/blogger/app_api/models/blogs.js [28ms]
2024-02-27 00:01:59.881 [info] > git cat-file -s d2b6ea4c1cf07fd1903b8094804f5172715f8410 [15ms]
2024-02-27 00:02:01.580 [info] > git show --textconv :blogger/app_api/models/db.js [58ms]
2024-02-27 00:02:01.586 [info] > git ls-files --stage -- /home/bitnami/blogger/app_api/models/db.js [44ms]
2024-02-27 00:02:01.599 [info] > git cat-file -s 16427094e552b26b0ab3e123148a1748718c2bf5 [2ms]
2024-02-27 00:02:03.368 [info] > git show --textconv :blogger/app_api/routes/index.js [14ms]
2024-02-27 00:02:03.375 [info] > git ls-files --stage -- /home/bitnami/blogger/app_api/routes/index.js [12ms]
2024-02-27 00:02:03.383 [info] > git cat-file -s 621a5c63568315dc9a29ae149a97f69d25731dbb [1ms]
2024-02-27 00:02:11.956 [info] > git show --textconv :blogger/app_api/models/db.js [15ms]
2024-02-27 00:02:11.963 [info] > git ls-files --stage -- /home/bitnami/blogger/app_api/models/db.js [14ms]
2024-02-27 00:02:11.971 [info] > git cat-file -s 16427094e552b26b0ab3e123148a1748718c2bf5 [2ms]
2024-02-27 00:02:12.864 [info] > git show --textconv :blogger/app_api/controllers/blogs.js [15ms]
2024-02-27 00:02:12.869 [info] > git ls-files --stage -- /home/bitnami/blogger/app_api/controllers/blogs.js [11ms]
2024-02-27 00:02:12.878 [info] > git cat-file -s cb48da7dd6af23cc3ba39d368be6715196a2991c [2ms]
2024-02-27 00:02:29.082 [info] > git config --get commit.template [28ms]
2024-02-27 00:02:29.095 [info] > git for-each-ref --format=%(refname)%00%(upstream:short)%00%(objectname)%00%(upstream:track)%00%(upstream:remotename)%00%(upstream:remoteref) refs/heads/main refs/remotes/main [32ms]
2024-02-27 00:02:31.353 [info] > git status -z -uall [2249ms]
2024-02-27 00:02:36.373 [info] > git config --get commit.template [2ms]
2024-02-27 00:02:36.387 [info] > git for-each-ref --format=%(refname)%00%(upstream:short)%00%(objectname)%00%(upstream:track)%00%(upstream:remotename)%00%(upstream:remoteref) refs/heads/main refs/remotes/main [4ms]
2024-02-27 00:02:36.754 [info] > git status -z -uall [309ms]
2024-02-27 00:02:41.773 [info] > git config --get commit.template [1ms]
2024-02-27 00:02:41.783 [info] > git for-each-ref --format=%(refname)%00%(upstream:short)%00%(objectname)%00%(upstream:track)%00%(upstream:remotename)%00%(upstream:remoteref) refs/heads/main refs/remotes/main [1ms]
2024-02-27 00:02:42.059 [info] > git status -z -uall [266ms]
2024-02-27 00:02:47.079 [info] > git config --get commit.template [8ms]
2024-02-27 00:02:47.080 [info] > git for-each-ref --format=%(refname)%00%(upstream:short)%00%(objectname)%00%(upstream:track)%00%(upstream:remotename)%00%(upstream:remoteref) refs/heads/main refs/remotes/main [1ms]
2024-02-27 00:02:47.353 [info] > git status -z -uall [268ms]
2024-02-27 00:02:52.385 [info] > git config --get commit.template [15ms]
2024-02-27 00:02:52.388 [info] > git for-each-ref --format=%(refname)%00%(upstream:short)%00%(objectname)%00%(upstream:track)%00%(upstream:remotename)%00%(upstream:remoteref) refs/heads/main refs/remotes/main [4ms]
2024-02-27 00:02:52.642 [info] > git status -z -uall [242ms]
2024-02-27 00:02:57.667 [info] > git config --get commit.template [8ms]
2024-02-27 00:02:57.668 [info] > git for-each-ref --format=%(refname)%00%(upstream:short)%00%(objectname)%00%(upstream:track)%00%(upstream:remotename)%00%(upstream:remoteref) refs/heads/main refs/remotes/main [2ms]
2024-02-27 00:02:57.908 [info] > git status -z -uall [231ms]
2024-02-27 00:03:02.080 [info] > git check-ignore -v -z --stdin [19ms]
2024-02-27 00:03:02.927 [info] > git config --get commit.template [7ms]
2024-02-27 00:03:02.929 [info] > git for-each-ref --format=%(refname)%00%(upstream:short)%00%(objectname)%00%(upstream:track)%00%(upstream:remotename)%00%(upstream:remoteref) refs/heads/main refs/remotes/main [3ms]
2024-02-27 00:03:03.115 [info] > git status -z -uall [178ms]
