2024-02-06 00:20:41.873 [info] Log level: Info
2024-02-06 00:20:41.873 [info] Validating found git in: "git"
2024-02-06 00:20:41.873 [info] Using git "2.30.2" from "git"
2024-02-06 00:20:41.873 [info] > git rev-parse --show-toplevel [72ms]
2024-02-06 00:20:41.873 [info] > git rev-parse --git-dir --git-common-dir [98ms]
2024-02-06 00:20:41.873 [info] Open repository: /home/bitnami
2024-02-06 00:20:41.873 [info] > git rev-parse --show-toplevel [38ms]
2024-02-06 00:20:41.873 [info] > git config --get commit.template [71ms]
2024-02-06 00:20:41.873 [info] > git rev-parse --show-toplevel [132ms]
2024-02-06 00:20:41.873 [info] > git for-each-ref --format=%(refname)%00%(upstream:short)%00%(objectname)%00%(upstream:track)%00%(upstream:remotename)%00%(upstream:remoteref) refs/heads/main refs/remotes/main [147ms]
2024-02-06 00:20:41.873 [info] > git rev-parse --show-toplevel [76ms]
2024-02-06 00:20:41.918 [info] > git rev-parse --show-toplevel [59ms]
2024-02-06 00:20:42.163 [info] > git rev-parse --show-toplevel [176ms]
2024-02-06 00:20:42.221 [info] > git rev-parse --show-toplevel [42ms]
2024-02-06 00:20:42.262 [info] > git rev-parse --show-toplevel [2ms]
2024-02-06 00:20:42.309 [info] > git rev-parse --show-toplevel [24ms]
2024-02-06 00:20:42.374 [info] > git rev-parse --show-toplevel [51ms]
2024-02-06 00:20:42.409 [info] > git rev-parse --show-toplevel [12ms]
2024-02-06 00:20:42.455 [info] > git rev-parse --show-toplevel [22ms]
2024-02-06 00:20:42.482 [info] > git rev-parse --show-toplevel [12ms]
2024-02-06 00:20:42.529 [info] > git rev-parse --show-toplevel [22ms]
2024-02-06 00:20:42.569 [info] > git rev-parse --show-toplevel [13ms]
2024-02-06 00:20:42.593 [info] > git rev-parse --git-dir --git-common-dir [10ms]
2024-02-06 00:20:42.599 [info] Open repository: /home/bitnami/todo
2024-02-06 00:20:42.642 [info] > git config --get commit.template [15ms]
2024-02-06 00:20:42.651 [info] > git rev-parse --show-toplevel [11ms]
2024-02-06 00:20:42.701 [info] > git for-each-ref --format=%(refname)%00%(upstream:short)%00%(objectname)%00%(upstream:track)%00%(upstream:remotename)%00%(upstream:remoteref) refs/heads/master refs/remotes/master [51ms]
2024-02-06 00:20:42.735 [warning] ENOENT: no such file or directory, open '/home/bitnami/todo/.git/refs/remotes/origin/master'
2024-02-06 00:20:42.736 [info] > git show --textconv :blogger/routes/index.js [66ms]
2024-02-06 00:20:42.736 [info] > git ls-files --stage -- /home/bitnami/blogger/routes/index.js [51ms]
2024-02-06 00:20:42.746 [info] > git rev-parse refs/remotes/origin/master [11ms]
2024-02-06 00:20:42.764 [info] > git check-ignore -v -z --stdin [46ms]
2024-02-06 00:20:42.769 [info] > git status -z -uall [7ms]
2024-02-06 00:20:42.833 [info] > git status -z -uall [1005ms]
2024-02-06 00:20:42.833 [info] > git config --get commit.template [38ms]
2024-02-06 00:20:44.909 [info] > git for-each-ref --format=%(refname)%00%(upstream:short)%00%(objectname)%00%(upstream:track)%00%(upstream:remotename)%00%(upstream:remoteref) refs/heads/master refs/remotes/master [2086ms]
2024-02-06 00:20:44.969 [warning] ENOENT: no such file or directory, open '/home/bitnami/todo/.git/refs/remotes/origin/master'
2024-02-06 00:20:44.973 [info] > git config --get commit.template [92ms]
2024-02-06 00:20:45.004 [info] > git check-ignore -v -z --stdin [61ms]
2024-02-06 00:20:45.005 [info] > git rev-parse refs/remotes/origin/master [36ms]
2024-02-06 00:20:45.016 [info] > git for-each-ref --format=%(refname)%00%(upstream:short)%00%(objectname)%00%(upstream:track)%00%(upstream:remotename)%00%(upstream:remoteref) refs/heads/main refs/remotes/main [14ms]
2024-02-06 00:20:45.055 [info] > git status -z -uall [41ms]
2024-02-06 00:20:45.453 [info] > git status -z -uall [415ms]
2024-02-06 00:20:50.844 [info] > git config --get commit.template [19ms]
2024-02-06 00:20:50.854 [info] > git for-each-ref --format=%(refname)%00%(upstream:short)%00%(objectname)%00%(upstream:track)%00%(upstream:remotename)%00%(upstream:remoteref) refs/heads/main refs/remotes/main [11ms]
2024-02-06 00:20:51.024 [info] > git status -z -uall [160ms]
2024-02-06 00:20:56.140 [info] > git config --get commit.template [17ms]
2024-02-06 00:20:56.141 [info] > git for-each-ref --format=%(refname)%00%(upstream:short)%00%(objectname)%00%(upstream:track)%00%(upstream:remotename)%00%(upstream:remoteref) refs/heads/main refs/remotes/main [4ms]
2024-02-06 00:20:56.252 [info] > git status -z -uall [101ms]
2024-02-06 00:21:01.365 [info] > git config --get commit.template [23ms]
2024-02-06 00:21:01.366 [info] > git for-each-ref --format=%(refname)%00%(upstream:short)%00%(objectname)%00%(upstream:track)%00%(upstream:remotename)%00%(upstream:remoteref) refs/heads/main refs/remotes/main [4ms]
2024-02-06 00:21:01.516 [info] > git status -z -uall [138ms]
2024-02-06 00:21:06.683 [info] > git config --get commit.template [16ms]
2024-02-06 00:21:06.687 [info] > git for-each-ref --format=%(refname)%00%(upstream:short)%00%(objectname)%00%(upstream:track)%00%(upstream:remotename)%00%(upstream:remoteref) refs/heads/main refs/remotes/main [6ms]
2024-02-06 00:21:06.849 [info] > git status -z -uall [150ms]
2024-02-06 00:21:11.981 [info] > git config --get commit.template [3ms]
2024-02-06 00:21:11.992 [info] > git for-each-ref --format=%(refname)%00%(upstream:short)%00%(objectname)%00%(upstream:track)%00%(upstream:remotename)%00%(upstream:remoteref) refs/heads/main refs/remotes/main [2ms]
2024-02-06 00:21:12.106 [info] > git status -z -uall [85ms]
2024-02-06 00:21:17.188 [info] > git config --get commit.template [9ms]
2024-02-06 00:21:17.189 [info] > git for-each-ref --format=%(refname)%00%(upstream:short)%00%(objectname)%00%(upstream:track)%00%(upstream:remotename)%00%(upstream:remoteref) refs/heads/main refs/remotes/main [3ms]
2024-02-06 00:21:17.282 [info] > git status -z -uall [86ms]
2024-02-06 00:21:22.372 [info] > git config --get commit.template [9ms]
2024-02-06 00:21:22.373 [info] > git for-each-ref --format=%(refname)%00%(upstream:short)%00%(objectname)%00%(upstream:track)%00%(upstream:remotename)%00%(upstream:remoteref) refs/heads/main refs/remotes/main [3ms]
2024-02-06 00:21:22.462 [info] > git status -z -uall [83ms]
2024-02-06 00:21:27.585 [info] > git config --get commit.template [2ms]
2024-02-06 00:21:27.595 [info] > git for-each-ref --format=%(refname)%00%(upstream:short)%00%(objectname)%00%(upstream:track)%00%(upstream:remotename)%00%(upstream:remoteref) refs/heads/main refs/remotes/main [1ms]
2024-02-06 00:21:27.687 [info] > git status -z -uall [84ms]
2024-02-06 00:21:32.791 [info] > git config --get commit.template [10ms]
2024-02-06 00:21:32.791 [info] > git for-each-ref --format=%(refname)%00%(upstream:short)%00%(objectname)%00%(upstream:track)%00%(upstream:remotename)%00%(upstream:remoteref) refs/heads/main refs/remotes/main [2ms]
2024-02-06 00:21:32.889 [info] > git status -z -uall [91ms]
2024-02-06 00:21:37.973 [info] > git config --get commit.template [8ms]
2024-02-06 00:21:37.974 [info] > git for-each-ref --format=%(refname)%00%(upstream:short)%00%(objectname)%00%(upstream:track)%00%(upstream:remotename)%00%(upstream:remoteref) refs/heads/main refs/remotes/main [2ms]
2024-02-06 00:21:38.081 [info] > git status -z -uall [99ms]
2024-02-06 00:21:43.167 [info] > git config --get commit.template [9ms]
2024-02-06 00:21:43.167 [info] > git for-each-ref --format=%(refname)%00%(upstream:short)%00%(objectname)%00%(upstream:track)%00%(upstream:remotename)%00%(upstream:remoteref) refs/heads/main refs/remotes/main [1ms]
2024-02-06 00:21:43.264 [info] > git status -z -uall [89ms]
2024-02-06 00:21:48.349 [info] > git config --get commit.template [7ms]
2024-02-06 00:21:48.350 [info] > git for-each-ref --format=%(refname)%00%(upstream:short)%00%(objectname)%00%(upstream:track)%00%(upstream:remotename)%00%(upstream:remoteref) refs/heads/main refs/remotes/main [1ms]
2024-02-06 00:21:48.445 [info] > git status -z -uall [87ms]
2024-02-06 00:21:53.519 [info] > git config --get commit.template [1ms]
2024-02-06 00:21:53.529 [info] > git for-each-ref --format=%(refname)%00%(upstream:short)%00%(objectname)%00%(upstream:track)%00%(upstream:remotename)%00%(upstream:remoteref) refs/heads/main refs/remotes/main [2ms]
2024-02-06 00:21:53.650 [info] > git status -z -uall [111ms]
2024-02-06 00:21:58.752 [info] > git config --get commit.template [12ms]
2024-02-06 00:21:58.753 [info] > git for-each-ref --format=%(refname)%00%(upstream:short)%00%(objectname)%00%(upstream:track)%00%(upstream:remotename)%00%(upstream:remoteref) refs/heads/main refs/remotes/main [2ms]
2024-02-06 00:21:58.896 [info] > git status -z -uall [133ms]
2024-02-06 00:22:03.963 [info] > git config --get commit.template [2ms]
2024-02-06 00:22:03.973 [info] > git for-each-ref --format=%(refname)%00%(upstream:short)%00%(objectname)%00%(upstream:track)%00%(upstream:remotename)%00%(upstream:remoteref) refs/heads/main refs/remotes/main [1ms]
2024-02-06 00:22:04.085 [info] > git status -z -uall [104ms]
2024-02-06 00:22:09.178 [info] > git config --get commit.template [8ms]
2024-02-06 00:22:09.178 [info] > git for-each-ref --format=%(refname)%00%(upstream:short)%00%(objectname)%00%(upstream:track)%00%(upstream:remotename)%00%(upstream:remoteref) refs/heads/main refs/remotes/main [2ms]
2024-02-06 00:22:09.275 [info] > git status -z -uall [91ms]
2024-02-06 00:22:14.366 [info] > git config --get commit.template [10ms]
2024-02-06 00:22:14.366 [info] > git for-each-ref --format=%(refname)%00%(upstream:short)%00%(objectname)%00%(upstream:track)%00%(upstream:remotename)%00%(upstream:remoteref) refs/heads/main refs/remotes/main [2ms]
2024-02-06 00:22:14.466 [info] > git status -z -uall [92ms]
2024-02-06 00:22:19.543 [info] > git config --get commit.template [2ms]
2024-02-06 00:22:19.552 [info] > git for-each-ref --format=%(refname)%00%(upstream:short)%00%(objectname)%00%(upstream:track)%00%(upstream:remotename)%00%(upstream:remoteref) refs/heads/main refs/remotes/main [1ms]
2024-02-06 00:22:19.677 [info] > git status -z -uall [117ms]
2024-02-06 00:22:24.767 [info] > git config --get commit.template [15ms]
2024-02-06 00:22:24.770 [info] > git for-each-ref --format=%(refname)%00%(upstream:short)%00%(objectname)%00%(upstream:track)%00%(upstream:remotename)%00%(upstream:remoteref) refs/heads/main refs/remotes/main [4ms]
2024-02-06 00:22:24.892 [info] > git status -z -uall [114ms]
2024-02-06 00:22:29.987 [info] > git config --get commit.template [8ms]
2024-02-06 00:22:29.988 [info] > git for-each-ref --format=%(refname)%00%(upstream:short)%00%(objectname)%00%(upstream:track)%00%(upstream:remotename)%00%(upstream:remoteref) refs/heads/main refs/remotes/main [2ms]
2024-02-06 00:22:30.083 [info] > git status -z -uall [89ms]
2024-02-06 00:22:53.054 [info] > git config --get commit.template [9ms]
2024-02-06 00:22:53.055 [info] > git for-each-ref --format=%(refname)%00%(upstream:short)%00%(objectname)%00%(upstream:track)%00%(upstream:remotename)%00%(upstream:remoteref) refs/heads/main refs/remotes/main [2ms]
2024-02-06 00:22:53.151 [info] > git status -z -uall [89ms]
2024-02-06 00:22:55.683 [info] > git check-ignore -v -z --stdin [5ms]
2024-02-06 00:22:58.264 [info] > git config --get commit.template [10ms]
2024-02-06 00:22:58.264 [info] > git for-each-ref --format=%(refname)%00%(upstream:short)%00%(objectname)%00%(upstream:track)%00%(upstream:remotename)%00%(upstream:remoteref) refs/heads/main refs/remotes/main [1ms]
2024-02-06 00:22:58.370 [info] > git status -z -uall [96ms]
2024-02-06 00:23:00.106 [info] > git show --textconv :blogger/controllers/blog.js [17ms]
2024-02-06 00:23:00.111 [info] > git ls-files --stage -- /home/bitnami/blogger/controllers/blog.js [6ms]
2024-02-06 00:23:02.339 [info] > git check-ignore -v -z --stdin [25ms]
2024-02-06 00:23:03.466 [info] > git config --get commit.template [8ms]
2024-02-06 00:23:03.466 [info] > git for-each-ref --format=%(refname)%00%(upstream:short)%00%(objectname)%00%(upstream:track)%00%(upstream:remotename)%00%(upstream:remoteref) refs/heads/main refs/remotes/main [2ms]
2024-02-06 00:23:03.574 [info] > git status -z -uall [101ms]
2024-02-06 00:23:05.970 [info] > git show --textconv :blogger/routes/index.js [10ms]
2024-02-06 00:23:05.974 [info] > git ls-files --stage -- /home/bitnami/blogger/routes/index.js [5ms]
2024-02-06 00:23:08.661 [info] > git config --get commit.template [10ms]
2024-02-06 00:23:08.661 [info] > git for-each-ref --format=%(refname)%00%(upstream:short)%00%(objectname)%00%(upstream:track)%00%(upstream:remotename)%00%(upstream:remoteref) refs/heads/main refs/remotes/main [2ms]
2024-02-06 00:23:08.786 [info] > git status -z -uall [117ms]
2024-02-06 00:23:13.875 [info] > git config --get commit.template [2ms]
2024-02-06 00:23:13.884 [info] > git for-each-ref --format=%(refname)%00%(upstream:short)%00%(objectname)%00%(upstream:track)%00%(upstream:remotename)%00%(upstream:remoteref) refs/heads/main refs/remotes/main [1ms]
2024-02-06 00:23:13.979 [info] > git status -z -uall [86ms]
2024-02-06 00:23:19.072 [info] > git config --get commit.template [11ms]
2024-02-06 00:23:19.073 [info] > git for-each-ref --format=%(refname)%00%(upstream:short)%00%(objectname)%00%(upstream:track)%00%(upstream:remotename)%00%(upstream:remoteref) refs/heads/main refs/remotes/main [3ms]
2024-02-06 00:23:19.168 [info] > git status -z -uall [88ms]
2024-02-06 00:23:24.252 [info] > git config --get commit.template [10ms]
2024-02-06 00:23:24.253 [info] > git for-each-ref --format=%(refname)%00%(upstream:short)%00%(objectname)%00%(upstream:track)%00%(upstream:remotename)%00%(upstream:remoteref) refs/heads/main refs/remotes/main [2ms]
2024-02-06 00:23:24.350 [info] > git status -z -uall [91ms]
2024-02-06 00:23:29.436 [info] > git config --get commit.template [11ms]
2024-02-06 00:23:29.436 [info] > git for-each-ref --format=%(refname)%00%(upstream:short)%00%(objectname)%00%(upstream:track)%00%(upstream:remotename)%00%(upstream:remoteref) refs/heads/main refs/remotes/main [1ms]
2024-02-06 00:23:29.542 [info] > git status -z -uall [95ms]
2024-02-06 00:23:34.632 [info] > git config --get commit.template [10ms]
2024-02-06 00:23:34.632 [info] > git for-each-ref --format=%(refname)%00%(upstream:short)%00%(objectname)%00%(upstream:track)%00%(upstream:remotename)%00%(upstream:remoteref) refs/heads/main refs/remotes/main [2ms]
2024-02-06 00:23:34.745 [info] > git status -z -uall [105ms]
2024-02-06 00:23:39.839 [info] > git config --get commit.template [10ms]
2024-02-06 00:23:39.840 [info] > git for-each-ref --format=%(refname)%00%(upstream:short)%00%(objectname)%00%(upstream:track)%00%(upstream:remotename)%00%(upstream:remoteref) refs/heads/main refs/remotes/main [3ms]
2024-02-06 00:23:39.938 [info] > git status -z -uall [89ms]
2024-02-06 00:23:45.020 [info] > git config --get commit.template [9ms]
2024-02-06 00:23:45.020 [info] > git for-each-ref --format=%(refname)%00%(upstream:short)%00%(objectname)%00%(upstream:track)%00%(upstream:remotename)%00%(upstream:remoteref) refs/heads/main refs/remotes/main [1ms]
2024-02-06 00:23:45.119 [info] > git status -z -uall [91ms]
2024-02-06 00:23:50.199 [info] > git config --get commit.template [2ms]
2024-02-06 00:23:50.208 [info] > git for-each-ref --format=%(refname)%00%(upstream:short)%00%(objectname)%00%(upstream:track)%00%(upstream:remotename)%00%(upstream:remoteref) refs/heads/main refs/remotes/main [1ms]
2024-02-06 00:23:50.301 [info] > git status -z -uall [84ms]
2024-02-06 00:23:55.377 [info] > git config --get commit.template [8ms]
2024-02-06 00:23:55.377 [info] > git for-each-ref --format=%(refname)%00%(upstream:short)%00%(objectname)%00%(upstream:track)%00%(upstream:remotename)%00%(upstream:remoteref) refs/heads/main refs/remotes/main [2ms]
2024-02-06 00:23:55.480 [info] > git status -z -uall [95ms]
2024-02-06 00:24:00.561 [info] > git config --get commit.template [9ms]
2024-02-06 00:24:00.561 [info] > git for-each-ref --format=%(refname)%00%(upstream:short)%00%(objectname)%00%(upstream:track)%00%(upstream:remotename)%00%(upstream:remoteref) refs/heads/main refs/remotes/main [1ms]
2024-02-06 00:24:00.661 [info] > git status -z -uall [93ms]
2024-02-06 00:24:06.605 [info] > git config --get commit.template [9ms]
2024-02-06 00:24:06.605 [info] > git for-each-ref --format=%(refname)%00%(upstream:short)%00%(objectname)%00%(upstream:track)%00%(upstream:remotename)%00%(upstream:remoteref) refs/heads/main refs/remotes/main [1ms]
2024-02-06 00:24:06.701 [info] > git status -z -uall [88ms]
2024-02-06 00:24:11.782 [info] > git config --get commit.template [9ms]
2024-02-06 00:24:11.783 [info] > git for-each-ref --format=%(refname)%00%(upstream:short)%00%(objectname)%00%(upstream:track)%00%(upstream:remotename)%00%(upstream:remoteref) refs/heads/main refs/remotes/main [2ms]
2024-02-06 00:24:11.890 [info] > git status -z -uall [96ms]
2024-02-06 00:24:16.970 [info] > git config --get commit.template [9ms]
2024-02-06 00:24:16.971 [info] > git for-each-ref --format=%(refname)%00%(upstream:short)%00%(objectname)%00%(upstream:track)%00%(upstream:remotename)%00%(upstream:remoteref) refs/heads/main refs/remotes/main [2ms]
2024-02-06 00:24:17.083 [info] > git status -z -uall [102ms]
2024-02-06 00:24:31.062 [info] > git config --get commit.template [9ms]
2024-02-06 00:24:31.063 [info] > git for-each-ref --format=%(refname)%00%(upstream:short)%00%(objectname)%00%(upstream:track)%00%(upstream:remotename)%00%(upstream:remoteref) refs/heads/main refs/remotes/main [1ms]
2024-02-06 00:24:31.164 [info] > git status -z -uall [92ms]
2024-02-06 00:24:36.262 [info] > git config --get commit.template [10ms]
2024-02-06 00:24:36.262 [info] > git for-each-ref --format=%(refname)%00%(upstream:short)%00%(objectname)%00%(upstream:track)%00%(upstream:remotename)%00%(upstream:remoteref) refs/heads/main refs/remotes/main [2ms]
2024-02-06 00:24:36.352 [info] > git status -z -uall [83ms]
2024-02-06 00:24:41.438 [info] > git config --get commit.template [8ms]
2024-02-06 00:24:41.438 [info] > git for-each-ref --format=%(refname)%00%(upstream:short)%00%(objectname)%00%(upstream:track)%00%(upstream:remotename)%00%(upstream:remoteref) refs/heads/main refs/remotes/main [1ms]
2024-02-06 00:24:41.532 [info] > git status -z -uall [87ms]
2024-02-06 00:24:46.608 [info] > git config --get commit.template [10ms]
2024-02-06 00:24:46.609 [info] > git for-each-ref --format=%(refname)%00%(upstream:short)%00%(objectname)%00%(upstream:track)%00%(upstream:remotename)%00%(upstream:remoteref) refs/heads/main refs/remotes/main [2ms]
2024-02-06 00:24:46.701 [info] > git status -z -uall [85ms]
2024-02-06 00:24:47.355 [info] > git check-ignore -v -z --stdin [6ms]
2024-02-06 00:24:48.119 [info] > git show --textconv :blogger/controllers/blog.js [13ms]
2024-02-06 00:24:48.123 [info] > git ls-files --stage -- /home/bitnami/blogger/controllers/blog.js [6ms]
2024-02-06 00:24:50.016 [info] > git show --textconv :blogger/controllers/homepage.js [12ms]
2024-02-06 00:24:50.019 [info] > git ls-files --stage -- /home/bitnami/blogger/controllers/homepage.js [4ms]
2024-02-06 00:24:51.641 [info] > git show --textconv :blogger/controllers/blog.js [13ms]
2024-02-06 00:24:51.645 [info] > git ls-files --stage -- /home/bitnami/blogger/controllers/blog.js [5ms]
2024-02-06 00:24:51.775 [info] > git config --get commit.template [2ms]
2024-02-06 00:24:51.790 [info] > git for-each-ref --format=%(refname)%00%(upstream:short)%00%(objectname)%00%(upstream:track)%00%(upstream:remotename)%00%(upstream:remoteref) refs/heads/main refs/remotes/main [2ms]
2024-02-06 00:24:51.892 [info] > git status -z -uall [92ms]
2024-02-06 00:24:56.974 [info] > git config --get commit.template [10ms]
2024-02-06 00:24:56.974 [info] > git for-each-ref --format=%(refname)%00%(upstream:short)%00%(objectname)%00%(upstream:track)%00%(upstream:remotename)%00%(upstream:remoteref) refs/heads/main refs/remotes/main [1ms]
2024-02-06 00:24:57.068 [info] > git status -z -uall [87ms]
2024-02-06 00:25:02.184 [info] > git for-each-ref --format=%(refname)%00%(upstream:short)%00%(objectname)%00%(upstream:track)%00%(upstream:remotename)%00%(upstream:remoteref) refs/heads/main refs/remotes/main [6ms]
2024-02-06 00:25:02.187 [info] > git config --get commit.template [28ms]
2024-02-06 00:25:02.364 [info] > git status -z -uall [133ms]
2024-02-06 00:25:07.465 [info] > git config --get commit.template [9ms]
2024-02-06 00:25:07.465 [info] > git for-each-ref --format=%(refname)%00%(upstream:short)%00%(objectname)%00%(upstream:track)%00%(upstream:remotename)%00%(upstream:remoteref) refs/heads/main refs/remotes/main [2ms]
2024-02-06 00:25:07.567 [info] > git status -z -uall [94ms]
2024-02-06 00:25:12.653 [info] > git config --get commit.template [9ms]
2024-02-06 00:25:12.654 [info] > git for-each-ref --format=%(refname)%00%(upstream:short)%00%(objectname)%00%(upstream:track)%00%(upstream:remotename)%00%(upstream:remoteref) refs/heads/main refs/remotes/main [3ms]
2024-02-06 00:25:12.756 [info] > git status -z -uall [93ms]
2024-02-06 00:25:16.927 [info] > git show --textconv :blogger/controllers/homepage.js [12ms]
2024-02-06 00:25:16.932 [info] > git ls-files --stage -- /home/bitnami/blogger/controllers/homepage.js [6ms]
2024-02-06 00:25:17.833 [info] > git config --get commit.template [9ms]
2024-02-06 00:25:17.834 [info] > git for-each-ref --format=%(refname)%00%(upstream:short)%00%(objectname)%00%(upstream:track)%00%(upstream:remotename)%00%(upstream:remoteref) refs/heads/main refs/remotes/main [2ms]
2024-02-06 00:25:17.923 [info] > git status -z -uall [83ms]
2024-02-06 00:25:23.008 [info] > git config --get commit.template [10ms]
2024-02-06 00:25:23.008 [info] > git for-each-ref --format=%(refname)%00%(upstream:short)%00%(objectname)%00%(upstream:track)%00%(upstream:remotename)%00%(upstream:remoteref) refs/heads/main refs/remotes/main [2ms]
2024-02-06 00:25:23.107 [info] > git status -z -uall [90ms]
2024-02-06 00:25:28.200 [info] > git config --get commit.template [7ms]
2024-02-06 00:25:28.200 [info] > git for-each-ref --format=%(refname)%00%(upstream:short)%00%(objectname)%00%(upstream:track)%00%(upstream:remotename)%00%(upstream:remoteref) refs/heads/main refs/remotes/main [2ms]
2024-02-06 00:25:28.296 [info] > git status -z -uall [89ms]
2024-02-06 00:25:33.385 [info] > git config --get commit.template [11ms]
2024-02-06 00:25:33.385 [info] > git for-each-ref --format=%(refname)%00%(upstream:short)%00%(objectname)%00%(upstream:track)%00%(upstream:remotename)%00%(upstream:remoteref) refs/heads/main refs/remotes/main [1ms]
2024-02-06 00:25:33.476 [info] > git status -z -uall [84ms]
2024-02-06 00:25:38.566 [info] > git config --get commit.template [8ms]
2024-02-06 00:25:38.567 [info] > git for-each-ref --format=%(refname)%00%(upstream:short)%00%(objectname)%00%(upstream:track)%00%(upstream:remotename)%00%(upstream:remoteref) refs/heads/main refs/remotes/main [2ms]
2024-02-06 00:25:38.657 [info] > git status -z -uall [84ms]
2024-02-06 00:25:40.265 [info] > git show --textconv :blogger/routes/index.js [11ms]
2024-02-06 00:25:40.276 [info] > git ls-files --stage -- /home/bitnami/blogger/routes/index.js [11ms]
2024-02-06 00:25:43.750 [info] > git config --get commit.template [10ms]
2024-02-06 00:25:43.750 [info] > git for-each-ref --format=%(refname)%00%(upstream:short)%00%(objectname)%00%(upstream:track)%00%(upstream:remotename)%00%(upstream:remoteref) refs/heads/main refs/remotes/main [3ms]
2024-02-06 00:25:43.857 [info] > git status -z -uall [99ms]
2024-02-06 00:25:48.844 [info] > git show --textconv :blogger/app.js [11ms]
2024-02-06 00:25:48.851 [info] > git ls-files --stage -- /home/bitnami/blogger/app.js [9ms]
2024-02-06 00:25:48.984 [info] > git config --get commit.template [1ms]
2024-02-06 00:25:49.007 [info] > git for-each-ref --format=%(refname)%00%(upstream:short)%00%(objectname)%00%(upstream:track)%00%(upstream:remotename)%00%(upstream:remoteref) refs/heads/main refs/remotes/main [11ms]
2024-02-06 00:25:49.283 [info] > git status -z -uall [262ms]
2024-02-06 00:25:54.369 [info] > git config --get commit.template [7ms]
2024-02-06 00:25:54.369 [info] > git for-each-ref --format=%(refname)%00%(upstream:short)%00%(objectname)%00%(upstream:track)%00%(upstream:remotename)%00%(upstream:remoteref) refs/heads/main refs/remotes/main [2ms]
2024-02-06 00:25:54.468 [info] > git status -z -uall [93ms]
2024-02-06 00:25:59.560 [info] > git config --get commit.template [9ms]
2024-02-06 00:25:59.560 [info] > git for-each-ref --format=%(refname)%00%(upstream:short)%00%(objectname)%00%(upstream:track)%00%(upstream:remotename)%00%(upstream:remoteref) refs/heads/main refs/remotes/main [2ms]
2024-02-06 00:25:59.656 [info] > git status -z -uall [88ms]
2024-02-06 00:26:09.316 [info] > git config --get commit.template [9ms]
2024-02-06 00:26:09.316 [info] > git for-each-ref --format=%(refname)%00%(upstream:short)%00%(objectname)%00%(upstream:track)%00%(upstream:remotename)%00%(upstream:remoteref) refs/heads/main refs/remotes/main [1ms]
2024-02-06 00:26:09.423 [info] > git status -z -uall [98ms]
2024-02-06 00:26:14.518 [info] > git config --get commit.template [9ms]
2024-02-06 00:26:14.518 [info] > git for-each-ref --format=%(refname)%00%(upstream:short)%00%(objectname)%00%(upstream:track)%00%(upstream:remotename)%00%(upstream:remoteref) refs/heads/main refs/remotes/main [2ms]
2024-02-06 00:26:14.616 [info] > git status -z -uall [90ms]
2024-02-06 00:26:19.713 [info] > git config --get commit.template [10ms]
2024-02-06 00:26:19.713 [info] > git for-each-ref --format=%(refname)%00%(upstream:short)%00%(objectname)%00%(upstream:track)%00%(upstream:remotename)%00%(upstream:remoteref) refs/heads/main refs/remotes/main [2ms]
2024-02-06 00:26:19.806 [info] > git status -z -uall [85ms]
2024-02-06 00:26:24.880 [info] > git config --get commit.template [9ms]
2024-02-06 00:26:24.880 [info] > git for-each-ref --format=%(refname)%00%(upstream:short)%00%(objectname)%00%(upstream:track)%00%(upstream:remotename)%00%(upstream:remoteref) refs/heads/main refs/remotes/main [1ms]
2024-02-06 00:26:24.973 [info] > git status -z -uall [86ms]
2024-02-06 00:26:33.779 [info] > git config --get commit.template [1ms]
2024-02-06 00:26:33.793 [info] > git for-each-ref --format=%(refname)%00%(upstream:short)%00%(objectname)%00%(upstream:track)%00%(upstream:remotename)%00%(upstream:remoteref) refs/heads/main refs/remotes/main [2ms]
2024-02-06 00:26:33.900 [info] > git status -z -uall [99ms]
2024-02-06 00:27:28.685 [info] > git config --get commit.template [15ms]
2024-02-06 00:27:28.687 [info] > git for-each-ref --format=%(refname)%00%(upstream:short)%00%(objectname)%00%(upstream:track)%00%(upstream:remotename)%00%(upstream:remoteref) refs/heads/main refs/remotes/main [4ms]
2024-02-06 00:27:28.796 [info] > git status -z -uall [100ms]
2024-02-06 00:27:33.912 [info] > git config --get commit.template [2ms]
2024-02-06 00:27:33.921 [info] > git for-each-ref --format=%(refname)%00%(upstream:short)%00%(objectname)%00%(upstream:track)%00%(upstream:remotename)%00%(upstream:remoteref) refs/heads/main refs/remotes/main [1ms]
2024-02-06 00:27:34.020 [info] > git status -z -uall [92ms]
2024-02-06 00:27:39.114 [info] > git config --get commit.template [8ms]
2024-02-06 00:27:39.115 [info] > git for-each-ref --format=%(refname)%00%(upstream:short)%00%(objectname)%00%(upstream:track)%00%(upstream:remotename)%00%(upstream:remoteref) refs/heads/main refs/remotes/main [2ms]
2024-02-06 00:27:39.205 [info] > git status -z -uall [83ms]
2024-02-06 00:27:44.282 [info] > git config --get commit.template [8ms]
2024-02-06 00:27:44.282 [info] > git for-each-ref --format=%(refname)%00%(upstream:short)%00%(objectname)%00%(upstream:track)%00%(upstream:remotename)%00%(upstream:remoteref) refs/heads/main refs/remotes/main [2ms]
2024-02-06 00:27:44.390 [info] > git status -z -uall [101ms]
2024-02-06 00:27:50.459 [info] > git config --get commit.template [8ms]
2024-02-06 00:27:50.459 [info] > git for-each-ref --format=%(refname)%00%(upstream:short)%00%(objectname)%00%(upstream:track)%00%(upstream:remotename)%00%(upstream:remoteref) refs/heads/main refs/remotes/main [1ms]
2024-02-06 00:27:50.554 [info] > git status -z -uall [86ms]
2024-02-06 00:27:55.640 [info] > git config --get commit.template [11ms]
2024-02-06 00:27:55.641 [info] > git for-each-ref --format=%(refname)%00%(upstream:short)%00%(objectname)%00%(upstream:track)%00%(upstream:remotename)%00%(upstream:remoteref) refs/heads/main refs/remotes/main [2ms]
2024-02-06 00:27:55.753 [info] > git status -z -uall [102ms]
2024-02-06 00:28:07.065 [info] > git config --get commit.template [8ms]
2024-02-06 00:28:07.066 [info] > git for-each-ref --format=%(refname)%00%(upstream:short)%00%(objectname)%00%(upstream:track)%00%(upstream:remotename)%00%(upstream:remoteref) refs/heads/main refs/remotes/main [2ms]
2024-02-06 00:28:07.169 [info] > git status -z -uall [96ms]
2024-02-06 00:28:12.267 [info] > git config --get commit.template [2ms]
2024-02-06 00:28:12.295 [info] > git for-each-ref --format=%(refname)%00%(upstream:short)%00%(objectname)%00%(upstream:track)%00%(upstream:remotename)%00%(upstream:remoteref) refs/heads/main refs/remotes/main [9ms]
2024-02-06 00:28:12.509 [info] > git status -z -uall [201ms]
2024-02-06 00:28:17.603 [info] > git config --get commit.template [13ms]
2024-02-06 00:28:17.604 [info] > git for-each-ref --format=%(refname)%00%(upstream:short)%00%(objectname)%00%(upstream:track)%00%(upstream:remotename)%00%(upstream:remoteref) refs/heads/main refs/remotes/main [2ms]
2024-02-06 00:28:17.701 [info] > git status -z -uall [90ms]
2024-02-06 00:28:22.779 [info] > git config --get commit.template [8ms]
2024-02-06 00:28:22.780 [info] > git for-each-ref --format=%(refname)%00%(upstream:short)%00%(objectname)%00%(upstream:track)%00%(upstream:remotename)%00%(upstream:remoteref) refs/heads/main refs/remotes/main [1ms]
2024-02-06 00:28:22.871 [info] > git status -z -uall [84ms]
2024-02-06 00:28:27.950 [info] > git config --get commit.template [8ms]
2024-02-06 00:28:27.950 [info] > git for-each-ref --format=%(refname)%00%(upstream:short)%00%(objectname)%00%(upstream:track)%00%(upstream:remotename)%00%(upstream:remoteref) refs/heads/main refs/remotes/main [2ms]
2024-02-06 00:28:28.054 [info] > git status -z -uall [97ms]
2024-02-06 00:28:33.135 [info] > git config --get commit.template [8ms]
2024-02-06 00:28:33.135 [info] > git for-each-ref --format=%(refname)%00%(upstream:short)%00%(objectname)%00%(upstream:track)%00%(upstream:remotename)%00%(upstream:remoteref) refs/heads/main refs/remotes/main [2ms]
2024-02-06 00:28:33.234 [info] > git status -z -uall [93ms]
2024-02-06 00:28:38.329 [info] > git config --get commit.template [8ms]
2024-02-06 00:28:38.330 [info] > git for-each-ref --format=%(refname)%00%(upstream:short)%00%(objectname)%00%(upstream:track)%00%(upstream:remotename)%00%(upstream:remoteref) refs/heads/main refs/remotes/main [2ms]
2024-02-06 00:28:38.430 [info] > git status -z -uall [94ms]
2024-02-06 00:28:53.515 [info] > git config --get commit.template [8ms]
2024-02-06 00:28:53.516 [info] > git for-each-ref --format=%(refname)%00%(upstream:short)%00%(objectname)%00%(upstream:track)%00%(upstream:remotename)%00%(upstream:remoteref) refs/heads/main refs/remotes/main [1ms]
2024-02-06 00:28:53.619 [info] > git status -z -uall [95ms]
2024-02-06 00:28:58.714 [info] > git config --get commit.template [8ms]
2024-02-06 00:28:58.714 [info] > git for-each-ref --format=%(refname)%00%(upstream:short)%00%(objectname)%00%(upstream:track)%00%(upstream:remotename)%00%(upstream:remoteref) refs/heads/main refs/remotes/main [2ms]
2024-02-06 00:28:58.808 [info] > git status -z -uall [88ms]
2024-02-06 00:29:03.894 [info] > git config --get commit.template [9ms]
2024-02-06 00:29:03.895 [info] > git for-each-ref --format=%(refname)%00%(upstream:short)%00%(objectname)%00%(upstream:track)%00%(upstream:remotename)%00%(upstream:remoteref) refs/heads/main refs/remotes/main [2ms]
2024-02-06 00:29:03.989 [info] > git status -z -uall [87ms]
2024-02-06 00:29:09.066 [info] > git config --get commit.template [9ms]
2024-02-06 00:29:09.067 [info] > git for-each-ref --format=%(refname)%00%(upstream:short)%00%(objectname)%00%(upstream:track)%00%(upstream:remotename)%00%(upstream:remoteref) refs/heads/main refs/remotes/main [1ms]
2024-02-06 00:29:09.171 [info] > git status -z -uall [97ms]
2024-02-06 00:29:14.252 [info] > git config --get commit.template [9ms]
2024-02-06 00:29:14.253 [info] > git for-each-ref --format=%(refname)%00%(upstream:short)%00%(objectname)%00%(upstream:track)%00%(upstream:remotename)%00%(upstream:remoteref) refs/heads/main refs/remotes/main [2ms]
2024-02-06 00:29:14.344 [info] > git status -z -uall [85ms]
2024-02-06 00:29:19.444 [info] > git config --get commit.template [17ms]
2024-02-06 00:29:19.444 [info] > git for-each-ref --format=%(refname)%00%(upstream:short)%00%(objectname)%00%(upstream:track)%00%(upstream:remotename)%00%(upstream:remoteref) refs/heads/main refs/remotes/main [2ms]
2024-02-06 00:29:19.538 [info] > git status -z -uall [87ms]
2024-02-06 00:29:24.616 [info] > git config --get commit.template [8ms]
2024-02-06 00:29:24.616 [info] > git for-each-ref --format=%(refname)%00%(upstream:short)%00%(objectname)%00%(upstream:track)%00%(upstream:remotename)%00%(upstream:remoteref) refs/heads/main refs/remotes/main [2ms]
2024-02-06 00:29:24.715 [info] > git status -z -uall [92ms]
2024-02-06 00:29:29.672 [info] > git show --textconv :blogger/routes/index.js [11ms]
2024-02-06 00:29:29.677 [info] > git ls-files --stage -- /home/bitnami/blogger/routes/index.js [7ms]
2024-02-06 00:29:29.799 [info] > git config --get commit.template [2ms]
2024-02-06 00:29:29.807 [info] > git for-each-ref --format=%(refname)%00%(upstream:short)%00%(objectname)%00%(upstream:track)%00%(upstream:remotename)%00%(upstream:remoteref) refs/heads/main refs/remotes/main [2ms]
2024-02-06 00:29:29.902 [info] > git status -z -uall [89ms]
2024-02-06 00:29:37.439 [info] > git config --get commit.template [9ms]
2024-02-06 00:29:37.440 [info] > git for-each-ref --format=%(refname)%00%(upstream:short)%00%(objectname)%00%(upstream:track)%00%(upstream:remotename)%00%(upstream:remoteref) refs/heads/main refs/remotes/main [3ms]
2024-02-06 00:29:37.537 [info] > git status -z -uall [90ms]
2024-02-06 00:29:41.608 [info] > git check-ignore -v -z --stdin [4ms]
2024-02-06 00:29:42.634 [info] > git config --get commit.template [19ms]
2024-02-06 00:29:42.635 [info] > git for-each-ref --format=%(refname)%00%(upstream:short)%00%(objectname)%00%(upstream:track)%00%(upstream:remotename)%00%(upstream:remoteref) refs/heads/main refs/remotes/main [2ms]
2024-02-06 00:29:42.756 [info] > git status -z -uall [114ms]
2024-02-06 00:29:43.514 [info] > git show --textconv :blogger/views/add.pug [13ms]
2024-02-06 00:29:43.517 [info] > git ls-files --stage -- /home/bitnami/blogger/views/add.pug [4ms]
2024-02-06 00:29:46.507 [info] > git show --textconv :blogger/controllers/blog.js [9ms]
2024-02-06 00:29:46.510 [info] > git ls-files --stage -- /home/bitnami/blogger/controllers/blog.js [4ms]
2024-02-06 00:29:47.852 [info] > git config --get commit.template [9ms]
2024-02-06 00:29:47.853 [info] > git for-each-ref --format=%(refname)%00%(upstream:short)%00%(objectname)%00%(upstream:track)%00%(upstream:remotename)%00%(upstream:remoteref) refs/heads/main refs/remotes/main [2ms]
2024-02-06 00:29:47.943 [info] > git status -z -uall [84ms]
2024-02-06 00:29:53.034 [info] > git config --get commit.template [9ms]
2024-02-06 00:29:53.034 [info] > git for-each-ref --format=%(refname)%00%(upstream:short)%00%(objectname)%00%(upstream:track)%00%(upstream:remotename)%00%(upstream:remoteref) refs/heads/main refs/remotes/main [1ms]
2024-02-06 00:29:53.134 [info] > git status -z -uall [92ms]
2024-02-06 00:29:58.378 [info] > git config --get commit.template [8ms]
2024-02-06 00:29:58.379 [info] > git for-each-ref --format=%(refname)%00%(upstream:short)%00%(objectname)%00%(upstream:track)%00%(upstream:remotename)%00%(upstream:remoteref) refs/heads/main refs/remotes/main [2ms]
2024-02-06 00:29:58.478 [info] > git status -z -uall [91ms]
2024-02-06 00:30:03.563 [info] > git config --get commit.template [8ms]
2024-02-06 00:30:03.563 [info] > git for-each-ref --format=%(refname)%00%(upstream:short)%00%(objectname)%00%(upstream:track)%00%(upstream:remotename)%00%(upstream:remoteref) refs/heads/main refs/remotes/main [1ms]
2024-02-06 00:30:03.653 [info] > git status -z -uall [83ms]
2024-02-06 00:30:08.729 [info] > git config --get commit.template [12ms]
2024-02-06 00:30:08.730 [info] > git for-each-ref --format=%(refname)%00%(upstream:short)%00%(objectname)%00%(upstream:track)%00%(upstream:remotename)%00%(upstream:remoteref) refs/heads/main refs/remotes/main [3ms]
2024-02-06 00:30:08.845 [info] > git status -z -uall [104ms]
2024-02-06 00:30:11.249 [info] > git show --textconv :blogger/views/add.pug [13ms]
2024-02-06 00:30:11.252 [info] > git ls-files --stage -- /home/bitnami/blogger/views/add.pug [5ms]
2024-02-06 00:30:12.513 [info] > git show --textconv :blogger/views/error.pug [11ms]
2024-02-06 00:30:12.517 [info] > git ls-files --stage -- /home/bitnami/blogger/views/error.pug [6ms]
2024-02-06 00:30:13.556 [info] > git show --textconv :blogger/views/home.pug [11ms]
2024-02-06 00:30:13.559 [info] > git ls-files --stage -- /home/bitnami/blogger/views/home.pug [4ms]
2024-02-06 00:30:13.933 [info] > git config --get commit.template [9ms]
2024-02-06 00:30:13.933 [info] > git for-each-ref --format=%(refname)%00%(upstream:short)%00%(objectname)%00%(upstream:track)%00%(upstream:remotename)%00%(upstream:remoteref) refs/heads/main refs/remotes/main [2ms]
2024-02-06 00:30:14.061 [info] > git status -z -uall [118ms]
2024-02-06 00:30:15.316 [info] > git show --textconv :blogger/views/layout.pug [10ms]
2024-02-06 00:30:15.321 [info] > git ls-files --stage -- /home/bitnami/blogger/views/layout.pug [6ms]
2024-02-06 00:30:16.231 [info] > git show --textconv :blogger/views/list.pug [9ms]
2024-02-06 00:30:16.236 [info] > git ls-files --stage -- /home/bitnami/blogger/views/list.pug [6ms]
2024-02-06 00:30:19.090 [info] > git show --textconv :blogger/views/layout.pug [10ms]
2024-02-06 00:30:19.093 [info] > git ls-files --stage -- /home/bitnami/blogger/views/layout.pug [4ms]
2024-02-06 00:30:19.175 [info] > git config --get commit.template [9ms]
2024-02-06 00:30:19.175 [info] > git for-each-ref --format=%(refname)%00%(upstream:short)%00%(objectname)%00%(upstream:track)%00%(upstream:remotename)%00%(upstream:remoteref) refs/heads/main refs/remotes/main [1ms]
2024-02-06 00:30:19.273 [info] > git status -z -uall [90ms]
2024-02-06 00:30:21.321 [info] > git show --textconv :blogger/views/home.pug [11ms]
2024-02-06 00:30:21.324 [info] > git ls-files --stage -- /home/bitnami/blogger/views/home.pug [4ms]
2024-02-06 00:30:22.371 [info] > git show --textconv :blogger/views/error.pug [12ms]
2024-02-06 00:30:22.373 [info] > git ls-files --stage -- /home/bitnami/blogger/views/error.pug [6ms]
2024-02-06 00:30:23.744 [info] > git show --textconv :blogger/views/add.pug [10ms]
2024-02-06 00:30:23.747 [info] > git ls-files --stage -- /home/bitnami/blogger/views/add.pug [4ms]
2024-02-06 00:30:24.358 [info] > git config --get commit.template [8ms]
2024-02-06 00:30:24.358 [info] > git for-each-ref --format=%(refname)%00%(upstream:short)%00%(objectname)%00%(upstream:track)%00%(upstream:remotename)%00%(upstream:remoteref) refs/heads/main refs/remotes/main [2ms]
2024-02-06 00:30:24.458 [info] > git status -z -uall [93ms]
2024-02-06 00:30:29.563 [info] > git config --get commit.template [9ms]
2024-02-06 00:30:29.563 [info] > git for-each-ref --format=%(refname)%00%(upstream:short)%00%(objectname)%00%(upstream:track)%00%(upstream:remotename)%00%(upstream:remoteref) refs/heads/main refs/remotes/main [2ms]
2024-02-06 00:30:29.662 [info] > git status -z -uall [91ms]
2024-02-06 00:30:34.752 [info] > git config --get commit.template [11ms]
2024-02-06 00:30:34.752 [info] > git for-each-ref --format=%(refname)%00%(upstream:short)%00%(objectname)%00%(upstream:track)%00%(upstream:remotename)%00%(upstream:remoteref) refs/heads/main refs/remotes/main [2ms]
2024-02-06 00:30:34.881 [info] > git status -z -uall [120ms]
2024-02-06 00:30:42.208 [info] > git config --get commit.template [10ms]
2024-02-06 00:30:42.209 [info] > git for-each-ref --format=%(refname)%00%(upstream:short)%00%(objectname)%00%(upstream:track)%00%(upstream:remotename)%00%(upstream:remoteref) refs/heads/main refs/remotes/main [3ms]
2024-02-06 00:30:42.321 [info] > git status -z -uall [102ms]
2024-02-06 00:30:47.427 [info] > git config --get commit.template [2ms]
2024-02-06 00:30:47.438 [info] > git for-each-ref --format=%(refname)%00%(upstream:short)%00%(objectname)%00%(upstream:track)%00%(upstream:remotename)%00%(upstream:remoteref) refs/heads/main refs/remotes/main [3ms]
2024-02-06 00:30:47.534 [info] > git status -z -uall [89ms]
2024-02-06 00:30:54.756 [info] > git config --get commit.template [7ms]
2024-02-06 00:30:54.756 [info] > git for-each-ref --format=%(refname)%00%(upstream:short)%00%(objectname)%00%(upstream:track)%00%(upstream:remotename)%00%(upstream:remoteref) refs/heads/main refs/remotes/main [1ms]
2024-02-06 00:30:54.859 [info] > git status -z -uall [97ms]
2024-02-06 00:30:56.251 [info] > git show --textconv :blogger/views/home.pug [14ms]
2024-02-06 00:30:56.255 [info] > git ls-files --stage -- /home/bitnami/blogger/views/home.pug [5ms]
2024-02-06 00:30:59.948 [info] > git config --get commit.template [10ms]
2024-02-06 00:30:59.949 [info] > git for-each-ref --format=%(refname)%00%(upstream:short)%00%(objectname)%00%(upstream:track)%00%(upstream:remotename)%00%(upstream:remoteref) refs/heads/main refs/remotes/main [2ms]
2024-02-06 00:31:00.130 [info] > git status -z -uall [168ms]
2024-02-06 00:31:05.229 [info] > git config --get commit.template [11ms]
2024-02-06 00:31:05.230 [info] > git for-each-ref --format=%(refname)%00%(upstream:short)%00%(objectname)%00%(upstream:track)%00%(upstream:remotename)%00%(upstream:remoteref) refs/heads/main refs/remotes/main [2ms]
2024-02-06 00:31:05.333 [info] > git status -z -uall [95ms]
2024-02-06 00:31:10.419 [info] > git config --get commit.template [8ms]
2024-02-06 00:31:10.419 [info] > git for-each-ref --format=%(refname)%00%(upstream:short)%00%(objectname)%00%(upstream:track)%00%(upstream:remotename)%00%(upstream:remoteref) refs/heads/main refs/remotes/main [1ms]
2024-02-06 00:31:10.521 [info] > git status -z -uall [94ms]
2024-02-06 00:31:15.176 [info] > git show --textconv :blogger/views/homepage.pug [17ms]
2024-02-06 00:31:15.182 [info] > git ls-files --stage -- /home/bitnami/blogger/views/homepage.pug [8ms]
2024-02-06 00:31:15.421 [info] > git check-ignore -v -z --stdin [5ms]
2024-02-06 00:31:15.611 [info] > git config --get commit.template [19ms]
2024-02-06 00:31:15.611 [info] > git for-each-ref --format=%(refname)%00%(upstream:short)%00%(objectname)%00%(upstream:track)%00%(upstream:remotename)%00%(upstream:remoteref) refs/heads/main refs/remotes/main [3ms]
2024-02-06 00:31:15.714 [info] > git status -z -uall [93ms]
2024-02-06 00:31:20.796 [info] > git config --get commit.template [8ms]
2024-02-06 00:31:20.797 [info] > git for-each-ref --format=%(refname)%00%(upstream:short)%00%(objectname)%00%(upstream:track)%00%(upstream:remotename)%00%(upstream:remoteref) refs/heads/main refs/remotes/main [1ms]
2024-02-06 00:31:20.903 [info] > git status -z -uall [98ms]
2024-02-06 00:31:25.996 [info] > git config --get commit.template [12ms]
2024-02-06 00:31:25.997 [info] > git for-each-ref --format=%(refname)%00%(upstream:short)%00%(objectname)%00%(upstream:track)%00%(upstream:remotename)%00%(upstream:remoteref) refs/heads/main refs/remotes/main [2ms]
2024-02-06 00:31:26.109 [info] > git status -z -uall [96ms]
2024-02-06 00:31:31.194 [info] > git config --get commit.template [9ms]
2024-02-06 00:31:31.195 [info] > git for-each-ref --format=%(refname)%00%(upstream:short)%00%(objectname)%00%(upstream:track)%00%(upstream:remotename)%00%(upstream:remoteref) refs/heads/main refs/remotes/main [2ms]
2024-02-06 00:31:31.306 [info] > git status -z -uall [103ms]
2024-02-06 00:31:37.210 [info] > git config --get commit.template [11ms]
2024-02-06 00:31:37.211 [info] > git for-each-ref --format=%(refname)%00%(upstream:short)%00%(objectname)%00%(upstream:track)%00%(upstream:remotename)%00%(upstream:remoteref) refs/heads/main refs/remotes/main [5ms]
2024-02-06 00:31:37.310 [info] > git status -z -uall [92ms]
2024-02-06 00:31:45.651 [info] > git config --get commit.template [8ms]
2024-02-06 00:31:45.652 [info] > git for-each-ref --format=%(refname)%00%(upstream:short)%00%(objectname)%00%(upstream:track)%00%(upstream:remotename)%00%(upstream:remoteref) refs/heads/main refs/remotes/main [2ms]
2024-02-06 00:31:45.748 [info] > git status -z -uall [87ms]
2024-02-06 00:31:50.862 [info] > git config --get commit.template [9ms]
2024-02-06 00:31:50.862 [info] > git for-each-ref --format=%(refname)%00%(upstream:short)%00%(objectname)%00%(upstream:track)%00%(upstream:remotename)%00%(upstream:remoteref) refs/heads/main refs/remotes/main [2ms]
2024-02-06 00:31:50.960 [info] > git status -z -uall [90ms]
2024-02-06 00:31:54.446 [info] > git show --textconv :blogger/views/homePage.pug [12ms]
2024-02-06 00:31:54.451 [info] > git ls-files --stage -- /home/bitnami/blogger/views/homePage.pug [7ms]
2024-02-06 00:31:54.695 [info] > git check-ignore -v -z --stdin [4ms]
2024-02-06 00:32:04.312 [info] > git config --get commit.template [9ms]
2024-02-06 00:32:04.312 [info] > git for-each-ref --format=%(refname)%00%(upstream:short)%00%(objectname)%00%(upstream:track)%00%(upstream:remotename)%00%(upstream:remoteref) refs/heads/main refs/remotes/main [3ms]
2024-02-06 00:32:04.426 [info] > git status -z -uall [105ms]
2024-02-06 00:32:05.983 [info] > git show --textconv :blogger/views/add.pug [11ms]
2024-02-06 00:32:05.987 [info] > git ls-files --stage -- /home/bitnami/blogger/views/add.pug [5ms]
2024-02-06 00:32:09.517 [info] > git config --get commit.template [11ms]
2024-02-06 00:32:09.518 [info] > git for-each-ref --format=%(refname)%00%(upstream:short)%00%(objectname)%00%(upstream:track)%00%(upstream:remotename)%00%(upstream:remoteref) refs/heads/main refs/remotes/main [1ms]
2024-02-06 00:32:09.624 [info] > git status -z -uall [99ms]
2024-02-06 00:32:11.169 [info] > git show --textconv :blogger/views/addBlog.pug [11ms]
2024-02-06 00:32:11.171 [info] > git ls-files --stage -- /home/bitnami/blogger/views/addBlog.pug [5ms]
2024-02-06 00:32:11.424 [info] > git check-ignore -v -z --stdin [6ms]
2024-02-06 00:32:14.138 [info] > git show --textconv :blogger/views/list.pug [10ms]
2024-02-06 00:32:14.142 [info] > git ls-files --stage -- /home/bitnami/blogger/views/list.pug [5ms]
2024-02-06 00:32:14.711 [info] > git config --get commit.template [10ms]
2024-02-06 00:32:14.712 [info] > git for-each-ref --format=%(refname)%00%(upstream:short)%00%(objectname)%00%(upstream:track)%00%(upstream:remotename)%00%(upstream:remoteref) refs/heads/main refs/remotes/main [2ms]
2024-02-06 00:32:14.830 [info] > git status -z -uall [109ms]
2024-02-06 00:32:18.318 [info] > git show --textconv :blogger/views/listBlog.pug [10ms]
2024-02-06 00:32:18.321 [info] > git ls-files --stage -- /home/bitnami/blogger/views/listBlog.pug [4ms]
2024-02-06 00:32:18.558 [info] > git check-ignore -v -z --stdin [5ms]
2024-02-06 00:32:25.931 [info] > git config --get commit.template [11ms]
2024-02-06 00:32:25.931 [info] > git for-each-ref --format=%(refname)%00%(upstream:short)%00%(objectname)%00%(upstream:track)%00%(upstream:remotename)%00%(upstream:remoteref) refs/heads/main refs/remotes/main [2ms]
2024-02-06 00:32:26.082 [info] > git status -z -uall [141ms]
2024-02-06 00:32:31.164 [info] > git config --get commit.template [8ms]
2024-02-06 00:32:31.164 [info] > git for-each-ref --format=%(refname)%00%(upstream:short)%00%(objectname)%00%(upstream:track)%00%(upstream:remotename)%00%(upstream:remoteref) refs/heads/main refs/remotes/main [1ms]
2024-02-06 00:32:31.274 [info] > git status -z -uall [103ms]
2024-02-06 00:32:31.994 [info] > git check-ignore -v -z --stdin [6ms]
2024-02-06 00:32:32.058 [info] > git show --textconv :blogger/views/blogList.pug [11ms]
2024-02-06 00:32:32.062 [info] > git ls-files --stage -- /home/bitnami/blogger/views/blogList.pug [6ms]
2024-02-06 00:32:41.191 [info] > git config --get commit.template [11ms]
2024-02-06 00:32:41.191 [info] > git for-each-ref --format=%(refname)%00%(upstream:short)%00%(objectname)%00%(upstream:track)%00%(upstream:remotename)%00%(upstream:remoteref) refs/heads/main refs/remotes/main [1ms]
2024-02-06 00:32:41.295 [info] > git status -z -uall [95ms]
2024-02-06 00:32:43.914 [info] > git check-ignore -v -z --stdin [5ms]
2024-02-06 00:33:51.812 [info] > git config --get commit.template [7ms]
2024-02-06 00:33:51.813 [info] > git for-each-ref --format=%(refname)%00%(upstream:short)%00%(objectname)%00%(upstream:track)%00%(upstream:remotename)%00%(upstream:remoteref) refs/heads/main refs/remotes/main [1ms]
2024-02-06 00:33:51.918 [info] > git status -z -uall [99ms]
2024-02-06 00:33:52.983 [info] > git merge-base refs/heads/main refs/remotes/origin/main [9ms]
2024-02-06 00:33:52.995 [info] > git merge-base refs/heads/master refs/remotes/origin/master [14ms]
2024-02-06 00:33:53.004 [info] > git rev-list --count --left-right refs/heads/master...refs/remotes/origin/master [2ms]
2024-02-06 00:33:53.008 [info] > git rev-list --count --left-right refs/heads/main...refs/remotes/origin/main [14ms]
2024-02-06 00:33:54.089 [info] > git check-ignore -v -z --stdin [3ms]
2024-02-06 00:33:54.091 [info] > git check-ignore -v -z --stdin [15ms]
2024-02-06 00:33:57.404 [info] > git config --get commit.template [8ms]
2024-02-06 00:33:57.404 [info] > git for-each-ref --format=%(refname)%00%(upstream:short)%00%(objectname)%00%(upstream:track)%00%(upstream:remotename)%00%(upstream:remoteref) refs/heads/main refs/remotes/main [3ms]
2024-02-06 00:33:57.553 [info] > git status -z -uall [142ms]
