2024-02-26 01:24:58.556 [info] Log level: Info
2024-02-26 01:24:58.556 [info] Validating found git in: "git"
2024-02-26 01:24:58.556 [info] Using git "2.30.2" from "git"
2024-02-26 01:24:58.556 [info] > git rev-parse --show-toplevel [42ms]
2024-02-26 01:24:58.556 [info] > git rev-parse --git-dir --git-common-dir [3ms]
2024-02-26 01:24:58.556 [info] Open repository: /home/bitnami
2024-02-26 01:24:58.556 [info] > git config --get commit.template [12ms]
2024-02-26 01:24:58.556 [info] > git rev-parse --show-toplevel [103ms]
2024-02-26 01:24:58.556 [info] > git for-each-ref --format=%(refname)%00%(upstream:short)%00%(objectname)%00%(upstream:track)%00%(upstream:remotename)%00%(upstream:remoteref) refs/heads/main refs/remotes/main [89ms]
2024-02-26 01:24:58.556 [info] > git rev-parse --show-toplevel [6ms]
2024-02-26 01:24:58.572 [info] > git rev-parse --show-toplevel [9ms]
2024-02-26 01:24:58.645 [info] > git rev-parse --show-toplevel [49ms]
2024-02-26 01:24:58.690 [info] > git rev-parse --show-toplevel [8ms]
2024-02-26 01:24:58.767 [info] > git rev-parse --show-toplevel [46ms]
2024-02-26 01:24:58.792 [info] > git rev-parse --show-toplevel [3ms]
2024-02-26 01:24:58.814 [info] > git rev-parse --show-toplevel [4ms]
2024-02-26 01:24:58.850 [info] > git rev-parse --show-toplevel [23ms]
2024-02-26 01:24:58.890 [info] > git rev-parse --show-toplevel [26ms]
2024-02-26 01:24:58.925 [info] > git rev-parse --show-toplevel [20ms]
2024-02-26 01:24:58.953 [info] > git rev-parse --show-toplevel [5ms]
2024-02-26 01:24:58.997 [info] > git rev-parse --show-toplevel [22ms]
2024-02-26 01:24:59.023 [info] > git rev-parse --show-toplevel [5ms]
2024-02-26 01:24:59.043 [info] > git rev-parse --git-dir --git-common-dir [2ms]
2024-02-26 01:24:59.054 [info] Open repository: /home/bitnami/todo
2024-02-26 01:24:59.112 [info] > git check-ignore -v -z --stdin [117ms]
2024-02-26 01:24:59.137 [info] > git config --get commit.template [43ms]
2024-02-26 01:24:59.162 [info] > git rev-parse --show-toplevel [52ms]
2024-02-26 01:24:59.297 [info] > git for-each-ref --format=%(refname)%00%(upstream:short)%00%(objectname)%00%(upstream:track)%00%(upstream:remotename)%00%(upstream:remoteref) refs/heads/master refs/remotes/master [4ms]
2024-02-26 01:24:59.300 [info] > git show --textconv :blogger/app_server/views/addBlog.pug [53ms]
2024-02-26 01:24:59.332 [warning] ENOENT: no such file or directory, open '/home/bitnami/todo/.git/refs/remotes/origin/master'
2024-02-26 01:24:59.333 [info] > git ls-files --stage -- /home/bitnami/blogger/app_server/views/addBlog.pug [68ms]
2024-02-26 01:24:59.348 [info] > git rev-parse refs/remotes/origin/master [16ms]
2024-02-26 01:24:59.371 [info] > git cat-file -s 7548405213a1be684725d66771fc51c3652d83fe [23ms]
2024-02-26 01:24:59.380 [info] > git status -z -uall [18ms]
2024-02-26 01:24:59.438 [info] > git status -z -uall [867ms]
2024-02-26 01:25:00.395 [info] > git config --get commit.template [957ms]
2024-02-26 01:25:00.532 [info] > git check-ignore -v -z --stdin [120ms]
2024-02-26 01:25:00.534 [info] > git check-ignore -v -z --stdin [105ms]
2024-02-26 01:25:00.535 [info] > git config --get commit.template [141ms]
2024-02-26 01:25:00.560 [info] > git for-each-ref --format=%(refname)%00%(upstream:short)%00%(objectname)%00%(upstream:track)%00%(upstream:remotename)%00%(upstream:remoteref) refs/heads/master refs/remotes/master [15ms]
2024-02-26 01:25:00.572 [warning] ENOENT: no such file or directory, open '/home/bitnami/todo/.git/refs/remotes/origin/master'
2024-02-26 01:25:00.573 [info] > git for-each-ref --format=%(refname)%00%(upstream:short)%00%(objectname)%00%(upstream:track)%00%(upstream:remotename)%00%(upstream:remoteref) refs/heads/main refs/remotes/main [14ms]
2024-02-26 01:25:00.584 [info] > git rev-parse refs/remotes/origin/master [12ms]
2024-02-26 01:25:00.907 [info] > git status -z -uall [324ms]
2024-02-26 01:25:00.908 [info] > git status -z -uall [302ms]
2024-02-26 01:25:00.908 [info] > git show --textconv :blogger/app_server/views/blogEdit.pug [236ms]
2024-02-26 01:25:01.004 [info] > git ls-files --stage -- /home/bitnami/blogger/app_server/views/blogEdit.pug [312ms]
2024-02-26 01:25:01.052 [info] > git cat-file -s e69de29bb2d1d6434b8b29ae775ad8c2e48c5391 [39ms]
2024-02-26 01:25:02.023 [info] > git show --textconv :blogger/app_server/views/blogList.pug [41ms]
2024-02-26 01:25:02.042 [info] > git ls-files --stage -- /home/bitnami/blogger/app_server/views/blogList.pug [27ms]
2024-02-26 01:25:02.056 [info] > git cat-file -s 3ec8d4348c09a6c8a2dc83b756bcd84431476c6e [3ms]
2024-02-26 01:25:31.858 [info] > git check-ignore -v -z --stdin [11ms]
2024-02-26 01:25:32.975 [info] > git show --textconv :blogger/app_server/controllers/blog.js [122ms]
2024-02-26 01:25:32.985 [info] > git ls-files --stage -- /home/bitnami/blogger/app_server/controllers/blog.js [49ms]
2024-02-26 01:25:33.019 [info] > git cat-file -s 62e1f19cccf213ae600cf725ec42e0ce20a9f1d9 [9ms]
2024-02-26 01:28:57.335 [info] > git merge-base refs/heads/master refs/remotes/origin/master [40ms]
2024-02-26 01:28:57.345 [info] > git merge-base refs/heads/main refs/remotes/origin/main [61ms]
2024-02-26 01:28:57.353 [info] > git rev-list --count --left-right refs/heads/master...refs/remotes/origin/master [9ms]
2024-02-26 01:28:57.354 [info] > git rev-list --count --left-right refs/heads/main...refs/remotes/origin/main [3ms]
2024-02-26 01:28:58.169 [info] > git check-ignore -v -z --stdin [3ms]
2024-02-26 01:28:58.215 [info] > git check-ignore -v -z --stdin [62ms]
2024-02-26 01:28:59.125 [info] > git check-ignore -v -z --stdin [34ms]
2024-02-26 01:29:10.066 [info] > git add -A -- . [4125ms]
2024-02-26 01:29:11.827 [info] > git show --textconv :.git/COMMIT_EDITMSG [14ms]
2024-02-26 01:29:11.833 [info] > git ls-files --stage -- /home/bitnami/.git/COMMIT_EDITMSG [11ms]
2024-02-26 01:29:12.132 [info] > git check-ignore -v -z --stdin [11ms]
2024-02-26 01:29:20.538 [info] > git -c user.useConfigOnly=true commit --quiet [10457ms]
2024-02-26 01:29:20.555 [info] > git config --get commit.template [4ms]
2024-02-26 01:29:20.575 [info] > git for-each-ref --format=%(refname)%00%(upstream:short)%00%(objectname)%00%(upstream:track)%00%(upstream:remotename)%00%(upstream:remoteref) refs/heads/main refs/remotes/main [13ms]
2024-02-26 01:29:20.802 [info] > git show --textconv :blogger/app_server/controllers/blog.js [36ms]
2024-02-26 01:29:20.807 [info] > git ls-files --stage -- /home/bitnami/blogger/app_server/controllers/blog.js [22ms]
2024-02-26 01:29:20.822 [info] > git cat-file -s 62e1f19cccf213ae600cf725ec42e0ce20a9f1d9 [4ms]
2024-02-26 01:29:20.849 [info] > git status -z -uall [261ms]
2024-02-26 01:29:20.942 [info] > git merge-base refs/heads/main refs/remotes/origin/main [2ms]
2024-02-26 01:29:20.989 [info] > git rev-list --count --left-right refs/heads/main...refs/remotes/origin/main [40ms]
2024-02-26 01:29:21.007 [info] > git config --get commit.template [18ms]
2024-02-26 01:29:21.011 [info] > git for-each-ref --format=%(refname)%00%(upstream:short)%00%(objectname)%00%(upstream:track)%00%(upstream:remotename)%00%(upstream:remoteref) refs/heads/main refs/remotes/main [6ms]
2024-02-26 01:29:21.230 [info] > git status -z -uall [204ms]
2024-02-26 01:29:21.879 [info] > git check-ignore -v -z --stdin [10ms]
2024-02-26 01:29:21.891 [info] > git check-ignore -v -z --stdin [14ms]
2024-02-26 01:29:29.082 [info] > git add -A -- . [239ms]
2024-02-26 01:29:29.839 [info] > git show --textconv :.git/COMMIT_EDITMSG [19ms]
2024-02-26 01:29:29.842 [info] > git ls-files --stage -- /home/bitnami/.git/COMMIT_EDITMSG [12ms]
2024-02-26 01:29:35.162 [info] > git -c user.useConfigOnly=true commit --quiet [6073ms]
2024-02-26 01:29:35.179 [info] > git config --get commit.template [7ms]
2024-02-26 01:29:35.181 [info] > git for-each-ref --format=%(refname)%00%(upstream:short)%00%(objectname)%00%(upstream:track)%00%(upstream:remotename)%00%(upstream:remoteref) refs/heads/main refs/remotes/main [3ms]
2024-02-26 01:29:35.359 [info] > git status -z -uall [171ms]
2024-02-26 01:29:35.397 [info] > git show --textconv :blogger/app_server/controllers/blog.js [16ms]
2024-02-26 01:29:35.405 [info] > git ls-files --stage -- /home/bitnami/blogger/app_server/controllers/blog.js [15ms]
2024-02-26 01:29:35.423 [info] > git cat-file -s 62e1f19cccf213ae600cf725ec42e0ce20a9f1d9 [12ms]
2024-02-26 01:29:35.432 [info] > git merge-base refs/heads/main refs/remotes/origin/main [13ms]
2024-02-26 01:29:35.443 [info] > git config --get commit.template [13ms]
2024-02-26 01:29:35.444 [info] > git rev-list --count --left-right refs/heads/main...refs/remotes/origin/main [6ms]
2024-02-26 01:29:35.454 [info] > git for-each-ref --format=%(refname)%00%(upstream:short)%00%(objectname)%00%(upstream:track)%00%(upstream:remotename)%00%(upstream:remoteref) refs/heads/main refs/remotes/main [3ms]
2024-02-26 01:29:35.670 [info] > git status -z -uall [210ms]
2024-02-26 01:29:36.062 [info] > git check-ignore -v -z --stdin [9ms]
2024-02-26 01:29:40.584 [info] > git add -A -- . [8ms]
2024-02-26 01:29:41.053 [info] > git show --textconv :.git/COMMIT_EDITMSG [8ms]
2024-02-26 01:29:41.054 [info] > git ls-files --stage -- /home/bitnami/todo/.git/COMMIT_EDITMSG [2ms]
2024-02-26 01:29:41.338 [info] > git check-ignore -v -z --stdin [2ms]
2024-02-26 01:29:43.462 [info] > git -c user.useConfigOnly=true commit --quiet [2871ms]
2024-02-26 01:29:43.483 [info] > git config --get commit.template [13ms]
2024-02-26 01:29:43.484 [info] > git for-each-ref --format=%(refname)%00%(upstream:short)%00%(objectname)%00%(upstream:track)%00%(upstream:remotename)%00%(upstream:remoteref) refs/heads/master refs/remotes/master [2ms]
2024-02-26 01:29:43.492 [warning] ENOENT: no such file or directory, open '/home/bitnami/todo/.git/refs/remotes/origin/master'
2024-02-26 01:29:43.493 [info] > git rev-parse refs/remotes/origin/master [2ms]
2024-02-26 01:29:43.501 [info] > git status -z -uall [2ms]
2024-02-26 01:29:43.563 [info] > git merge-base refs/heads/master refs/remotes/origin/master [2ms]
2024-02-26 01:29:43.572 [info] > git rev-list --count --left-right refs/heads/master...refs/remotes/origin/master [2ms]
2024-02-26 01:29:43.889 [info] > git show --textconv :blogger/app_server/controllers/blog.js [12ms]
2024-02-26 01:29:43.900 [info] > git ls-files --stage -- /home/bitnami/blogger/app_server/controllers/blog.js [11ms]
2024-02-26 01:29:43.908 [info] > git cat-file -s 62e1f19cccf213ae600cf725ec42e0ce20a9f1d9 [1ms]
2024-02-26 01:29:44.155 [info] > git push origin master:master [638ms]
2024-02-26 01:29:44.155 [info] remote: Permission to mikegcoleman/todo.git denied to 1Kuhaku1.
fatal: unable to access 'https://github.com/mikegcoleman/todo.git/': The requested URL returned error: 403
2024-02-26 01:30:04.540 [info] > git config --get commit.template [7ms]
2024-02-26 01:30:04.541 [info] > git for-each-ref --format=%(refname)%00%(upstream:short)%00%(objectname)%00%(upstream:track)%00%(upstream:remotename)%00%(upstream:remoteref) refs/heads/master refs/remotes/master [3ms]
2024-02-26 01:30:04.547 [warning] ENOENT: no such file or directory, open '/home/bitnami/todo/.git/refs/remotes/origin/master'
2024-02-26 01:30:04.548 [info] > git rev-parse refs/remotes/origin/master [1ms]
2024-02-26 01:30:04.557 [info] > git status -z -uall [3ms]
2024-02-26 01:30:04.652 [info] > git config --get commit.template [9ms]
2024-02-26 01:30:04.653 [info] > git for-each-ref --format=%(refname)%00%(upstream:short)%00%(objectname)%00%(upstream:track)%00%(upstream:remotename)%00%(upstream:remoteref) refs/heads/master refs/remotes/master [2ms]
2024-02-26 01:30:04.660 [warning] ENOENT: no such file or directory, open '/home/bitnami/todo/.git/refs/remotes/origin/master'
2024-02-26 01:30:04.662 [info] > git rev-parse refs/remotes/origin/master [1ms]
2024-02-26 01:30:04.673 [info] > git status -z -uall [4ms]
2024-02-26 01:30:30.740 [info] > git for-each-ref --sort -committerdate --format %(refname) %(objectname) %(*objectname) [2ms]
2024-02-26 01:30:37.889 [info] > git check-ignore -v -z --stdin [13ms]
2024-02-26 01:30:38.978 [info] > git check-ignore -v -z --stdin [15ms]
2024-02-26 01:30:42.311 [info] > git check-ignore -v -z --stdin [20ms]
