2024-01-30 15:03:10.428 [info] Log level: Info
2024-01-30 15:03:10.428 [info] Validating found git in: "git"
2024-01-30 15:03:10.428 [info] Using git "2.30.2" from "git"
2024-01-30 15:03:10.428 [info] > git rev-parse --show-toplevel [25ms]
2024-01-30 15:03:10.428 [info] fatal: not a git repository (or any of the parent directories): .git
2024-01-30 15:03:10.428 [info] > git rev-parse --show-toplevel [13ms]
2024-01-30 15:03:10.428 [info] fatal: not a git repository (or any of the parent directories): .git
2024-01-30 15:03:10.428 [info] > git rev-parse --show-toplevel [7ms]
2024-01-30 15:03:10.428 [info] fatal: not a git repository (or any of the parent directories): .git
2024-01-30 15:03:10.428 [info] > git rev-parse --show-toplevel [5ms]
2024-01-30 15:03:10.428 [info] fatal: not a git repository (or any of the parent directories): .git
2024-01-30 15:03:10.428 [info] > git rev-parse --show-toplevel [9ms]
2024-01-30 15:03:10.428 [info] fatal: not a git repository (or any of the parent directories): .git
2024-01-30 15:03:10.428 [info] > git rev-parse --show-toplevel [15ms]
2024-01-30 15:03:10.428 [info] fatal: not a git repository (or any of the parent directories): .git
2024-01-30 15:03:10.428 [info] > git rev-parse --show-toplevel [23ms]
2024-01-30 15:03:10.428 [info] fatal: not a git repository (or any of the parent directories): .git
2024-01-30 15:03:10.428 [info] > git rev-parse --show-toplevel [2ms]
2024-01-30 15:03:10.428 [info] fatal: not a git repository (or any of the parent directories): .git
2024-01-30 15:03:10.428 [info] > git rev-parse --show-toplevel [5ms]
2024-01-30 15:03:10.428 [info] fatal: not a git repository (or any of the parent directories): .git
2024-01-30 15:03:10.428 [info] > git rev-parse --show-toplevel [2ms]
2024-01-30 15:03:10.428 [info] fatal: not a git repository (or any of the parent directories): .git
2024-01-30 15:03:10.428 [info] > git rev-parse --show-toplevel [3ms]
2024-01-30 15:03:10.428 [info] fatal: not a git repository (or any of the parent directories): .git
2024-01-30 15:03:10.428 [info] > git rev-parse --show-toplevel [5ms]
2024-01-30 15:03:10.428 [info] fatal: not a git repository (or any of the parent directories): .git
2024-01-30 15:03:10.428 [info] > git rev-parse --show-toplevel [1ms]
2024-01-30 15:03:10.428 [info] > git rev-parse --git-dir --git-common-dir [13ms]
2024-01-30 15:03:10.428 [info] Open repository: /home/bitnami/todo
2024-01-30 15:03:10.428 [info] > git rev-parse --show-toplevel [197ms]
2024-01-30 15:03:10.428 [info] fatal: not a git repository (or any of the parent directories): .git
2024-01-30 15:03:10.428 [info] > git config --get commit.template [237ms]
2024-01-30 15:03:10.428 [info] > git for-each-ref --format=%(refname)%00%(upstream:short)%00%(objectname)%00%(upstream:track)%00%(upstream:remotename)%00%(upstream:remoteref) refs/heads/master refs/remotes/master [38ms]
2024-01-30 15:03:10.428 [warning] ENOENT: no such file or directory, open '/home/bitnami/todo/.git/refs/remotes/origin/master'
2024-01-30 15:03:10.446 [info] > git rev-parse refs/remotes/origin/master [24ms]
2024-01-30 15:03:10.687 [info] > git status -z -uall [201ms]
2024-01-30 15:03:10.836 [info] > git config --get commit.template [27ms]
2024-01-30 15:03:11.032 [info] > git for-each-ref --format=%(refname)%00%(upstream:short)%00%(objectname)%00%(upstream:track)%00%(upstream:remotename)%00%(upstream:remoteref) refs/heads/master refs/remotes/master [151ms]
2024-01-30 15:03:11.064 [warning] ENOENT: no such file or directory, open '/home/bitnami/todo/.git/refs/remotes/origin/master'
2024-01-30 15:03:11.065 [info] > git check-ignore -v -z --stdin [35ms]
2024-01-30 15:03:11.072 [info] > git rev-parse refs/remotes/origin/master [7ms]
2024-01-30 15:03:11.259 [info] > git status -z -uall [155ms]
