2024-02-26 01:22:06.998 [info] Log level: Info
2024-02-26 01:22:06.999 [info] Validating found git in: "git"
2024-02-26 01:22:06.999 [info] Using git "2.30.2" from "git"
2024-02-26 01:22:06.999 [info] > git rev-parse --show-toplevel [100ms]
2024-02-26 01:22:07.003 [info] > git rev-parse --git-dir --git-common-dir [8ms]
2024-02-26 01:22:07.025 [info] Open repository: /home/bitnami
2024-02-26 01:22:07.048 [info] > git config --get commit.template [12ms]
2024-02-26 01:22:07.051 [info] > git rev-parse --show-toplevel [6ms]
2024-02-26 01:22:07.110 [info] > git for-each-ref --format=%(refname)%00%(upstream:short)%00%(objectname)%00%(upstream:track)%00%(upstream:remotename)%00%(upstream:remoteref) refs/heads/main refs/remotes/main [31ms]
2024-02-26 01:22:07.138 [info] > git rev-parse --show-toplevel [33ms]
2024-02-26 01:22:07.165 [info] > git rev-parse --show-toplevel [6ms]
2024-02-26 01:22:07.240 [info] > git rev-parse --show-toplevel [25ms]
2024-02-26 01:22:07.270 [info] > git rev-parse --show-toplevel [8ms]
2024-02-26 01:22:07.307 [info] > git rev-parse --show-toplevel [15ms]
2024-02-26 01:22:07.341 [info] > git rev-parse --show-toplevel [8ms]
2024-02-26 01:22:07.362 [info] > git rev-parse --show-toplevel [4ms]
2024-02-26 01:22:07.384 [info] > git rev-parse --show-toplevel [4ms]
2024-02-26 01:22:07.406 [info] > git rev-parse --show-toplevel [11ms]
2024-02-26 01:22:07.428 [info] > git rev-parse --show-toplevel [4ms]
2024-02-26 01:22:07.462 [info] > git rev-parse --show-toplevel [7ms]
2024-02-26 01:22:07.503 [info] > git rev-parse --show-toplevel [21ms]
2024-02-26 01:22:07.540 [info] > git rev-parse --show-toplevel [13ms]
2024-02-26 01:22:07.684 [info] > git rev-parse --git-dir --git-common-dir [133ms]
2024-02-26 01:22:07.699 [info] Open repository: /home/bitnami/todo
2024-02-26 01:22:07.721 [info] > git status -z -uall [584ms]
2024-02-26 01:22:07.722 [info] > git check-ignore -v -z --stdin [76ms]
2024-02-26 01:22:07.733 [info] > git rev-parse --show-toplevel [12ms]
2024-02-26 01:22:07.764 [info] > git config --get commit.template [51ms]
2024-02-26 01:22:07.901 [info] > git show --textconv :blogger/app_server/views/addBlog.pug [157ms]
2024-02-26 01:22:07.901 [info] > git ls-files --stage -- /home/bitnami/blogger/app_server/views/addBlog.pug [138ms]
2024-02-26 01:22:08.709 [info] > git cat-file -s 7548405213a1be684725d66771fc51c3652d83fe [798ms]
2024-02-26 01:22:08.714 [info] > git config --get commit.template [824ms]
2024-02-26 01:22:08.727 [info] > git for-each-ref --format=%(refname)%00%(upstream:short)%00%(objectname)%00%(upstream:track)%00%(upstream:remotename)%00%(upstream:remoteref) refs/heads/master refs/remotes/master [47ms]
2024-02-26 01:22:08.761 [warning] ENOENT: no such file or directory, open '/home/bitnami/todo/.git/refs/remotes/origin/master'
2024-02-26 01:22:08.763 [info] > git for-each-ref --format=%(refname)%00%(upstream:short)%00%(objectname)%00%(upstream:track)%00%(upstream:remotename)%00%(upstream:remoteref) refs/heads/main refs/remotes/main [13ms]
2024-02-26 01:22:08.777 [info] > git rev-parse refs/remotes/origin/master [16ms]
2024-02-26 01:22:08.828 [info] > git status -z -uall [24ms]
2024-02-26 01:22:08.912 [info] > git config --get commit.template [51ms]
2024-02-26 01:22:09.136 [info] > git for-each-ref --format=%(refname)%00%(upstream:short)%00%(objectname)%00%(upstream:track)%00%(upstream:remotename)%00%(upstream:remoteref) refs/heads/master refs/remotes/master [197ms]
2024-02-26 01:22:09.162 [warning] ENOENT: no such file or directory, open '/home/bitnami/todo/.git/refs/remotes/origin/master'
2024-02-26 01:22:09.166 [info] > git rev-parse refs/remotes/origin/master [3ms]
2024-02-26 01:22:09.226 [info] > git status -z -uall [402ms]
2024-02-26 01:22:09.226 [info] > git status -z -uall [38ms]
2024-02-26 01:22:09.988 [info] > git check-ignore -v -z --stdin [56ms]
2024-02-26 01:22:10.132 [info] > git check-ignore -v -z --stdin [226ms]
2024-02-26 01:22:14.051 [info] > git config --get commit.template [8ms]
2024-02-26 01:22:14.052 [info] > git for-each-ref --format=%(refname)%00%(upstream:short)%00%(objectname)%00%(upstream:track)%00%(upstream:remotename)%00%(upstream:remoteref) refs/heads/main refs/remotes/main [3ms]
2024-02-26 01:22:14.260 [info] > git status -z -uall [197ms]
2024-02-26 01:22:14.868 [info] > git check-ignore -v -z --stdin [9ms]
2024-02-26 01:22:19.317 [info] > git config --get commit.template [10ms]
2024-02-26 01:22:19.318 [info] > git for-each-ref --format=%(refname)%00%(upstream:short)%00%(objectname)%00%(upstream:track)%00%(upstream:remotename)%00%(upstream:remoteref) refs/heads/main refs/remotes/main [1ms]
2024-02-26 01:22:19.509 [info] > git status -z -uall [176ms]
2024-02-26 01:22:24.575 [info] > git config --get commit.template [13ms]
2024-02-26 01:22:24.575 [info] > git for-each-ref --format=%(refname)%00%(upstream:short)%00%(objectname)%00%(upstream:track)%00%(upstream:remotename)%00%(upstream:remoteref) refs/heads/main refs/remotes/main [4ms]
2024-02-26 01:22:24.780 [info] > git status -z -uall [192ms]
2024-02-26 01:22:29.830 [info] > git config --get commit.template [8ms]
2024-02-26 01:22:29.831 [info] > git for-each-ref --format=%(refname)%00%(upstream:short)%00%(objectname)%00%(upstream:track)%00%(upstream:remotename)%00%(upstream:remoteref) refs/heads/main refs/remotes/main [2ms]
2024-02-26 01:22:30.010 [info] > git status -z -uall [174ms]
2024-02-26 01:22:35.054 [info] > git config --get commit.template [2ms]
2024-02-26 01:22:35.062 [info] > git for-each-ref --format=%(refname)%00%(upstream:short)%00%(objectname)%00%(upstream:track)%00%(upstream:remotename)%00%(upstream:remoteref) refs/heads/main refs/remotes/main [1ms]
2024-02-26 01:22:35.249 [info] > git status -z -uall [179ms]
2024-02-26 01:22:40.296 [info] > git config --get commit.template [7ms]
2024-02-26 01:22:40.296 [info] > git for-each-ref --format=%(refname)%00%(upstream:short)%00%(objectname)%00%(upstream:track)%00%(upstream:remotename)%00%(upstream:remoteref) refs/heads/main refs/remotes/main [2ms]
2024-02-26 01:22:40.473 [info] > git status -z -uall [171ms]
2024-02-26 01:22:45.516 [info] > git config --get commit.template [8ms]
2024-02-26 01:22:45.517 [info] > git for-each-ref --format=%(refname)%00%(upstream:short)%00%(objectname)%00%(upstream:track)%00%(upstream:remotename)%00%(upstream:remoteref) refs/heads/main refs/remotes/main [2ms]
2024-02-26 01:22:45.714 [info] > git status -z -uall [181ms]
2024-02-26 01:22:50.765 [info] > git config --get commit.template [1ms]
2024-02-26 01:22:50.772 [info] > git for-each-ref --format=%(refname)%00%(upstream:short)%00%(objectname)%00%(upstream:track)%00%(upstream:remotename)%00%(upstream:remoteref) refs/heads/main refs/remotes/main [1ms]
2024-02-26 01:22:50.961 [info] > git status -z -uall [182ms]
2024-02-26 01:22:56.007 [info] > git config --get commit.template [8ms]
2024-02-26 01:22:56.008 [info] > git for-each-ref --format=%(refname)%00%(upstream:short)%00%(objectname)%00%(upstream:track)%00%(upstream:remotename)%00%(upstream:remoteref) refs/heads/main refs/remotes/main [2ms]
2024-02-26 01:22:56.186 [info] > git status -z -uall [171ms]
2024-02-26 01:23:01.234 [info] > git config --get commit.template [12ms]
2024-02-26 01:23:01.235 [info] > git for-each-ref --format=%(refname)%00%(upstream:short)%00%(objectname)%00%(upstream:track)%00%(upstream:remotename)%00%(upstream:remoteref) refs/heads/main refs/remotes/main [3ms]
2024-02-26 01:23:01.436 [info] > git status -z -uall [193ms]
