2024-02-26 23:08:16.817 [info] Log level: Info
2024-02-26 23:08:16.817 [info] Validating found git in: "git"
2024-02-26 23:08:16.817 [info] Using git "2.30.2" from "git"
2024-02-26 23:08:16.817 [info] > git rev-parse --show-toplevel [98ms]
2024-02-26 23:08:16.817 [info] > git rev-parse --git-dir --git-common-dir [639ms]
2024-02-26 23:08:16.817 [info] Open repository: /home/bitnami
2024-02-26 23:08:16.817 [info] > git rev-parse --show-toplevel [43ms]
2024-02-26 23:08:16.817 [info] > git config --get commit.template [75ms]
2024-02-26 23:08:16.908 [info] > git rev-parse --show-toplevel [62ms]
2024-02-26 23:08:16.984 [info] > git for-each-ref --format=%(refname)%00%(upstream:short)%00%(objectname)%00%(upstream:track)%00%(upstream:remotename)%00%(upstream:remoteref) refs/heads/main refs/remotes/main [86ms]
2024-02-26 23:08:16.990 [info] > git rev-parse --show-toplevel [38ms]
2024-02-26 23:08:17.074 [info] > git rev-parse --show-toplevel [57ms]
2024-02-26 23:08:17.105 [info] > git rev-parse --show-toplevel [1ms]
2024-02-26 23:08:17.204 [info] > git rev-parse --show-toplevel [45ms]
2024-02-26 23:08:17.374 [info] > git rev-parse --show-toplevel [34ms]
2024-02-26 23:08:17.511 [info] > git rev-parse --show-toplevel [27ms]
2024-02-26 23:08:17.616 [info] > git rev-parse --show-toplevel [12ms]
2024-02-26 23:08:17.660 [info] > git rev-parse --show-toplevel [10ms]
2024-02-26 23:08:17.707 [info] > git rev-parse --show-toplevel [6ms]
2024-02-26 23:08:17.740 [info] > git rev-parse --show-toplevel [5ms]
2024-02-26 23:08:17.771 [info] > git check-ignore -v -z --stdin [412ms]
2024-02-26 23:08:17.789 [info] > git rev-parse --show-toplevel [19ms]
2024-02-26 23:08:17.830 [info] > git rev-parse --show-toplevel [9ms]
2024-02-26 23:08:17.872 [info] > git rev-parse --git-dir --git-common-dir [9ms]
2024-02-26 23:08:17.892 [info] Open repository: /home/bitnami/todo
2024-02-26 23:08:18.050 [info] > git config --get commit.template [107ms]
2024-02-26 23:08:18.073 [info] > git rev-parse --show-toplevel [93ms]
2024-02-26 23:08:18.215 [info] > git show --textconv :blogger/app_server/controllers/blog.js [75ms]
2024-02-26 23:08:18.220 [info] > git for-each-ref --format %(refname) %(objectname) %(*objectname) refs/tags [9ms]
2024-02-26 23:08:18.269 [info] > git ls-files --stage -- /home/bitnami/blogger/app_server/controllers/blog.js [87ms]
2024-02-26 23:08:18.294 [info] > git status -z -uall [46ms]
2024-02-26 23:08:18.359 [info] > git cat-file -s 27e5cd0a58ad4a3a19e4259346d1a8eba20f824e [64ms]
2024-02-26 23:08:18.394 [info] > git config --get commit.template [36ms]
2024-02-26 23:08:18.636 [info] > git for-each-ref --format %(refname) %(objectname) %(*objectname) refs/tags [244ms]
2024-02-26 23:08:18.657 [info] > git status -z -uall [2ms]
2024-02-26 23:08:18.769 [info] > git check-ignore -v -z --stdin [139ms]
2024-02-26 23:08:19.209 [info] > git show --textconv :blogger/app_server/views/addBlog.pug [64ms]
2024-02-26 23:08:19.234 [info] > git ls-files --stage -- /home/bitnami/blogger/app_server/views/addBlog.pug [59ms]
2024-02-26 23:08:19.264 [info] > git cat-file -s e3af13a6bae94bf49cbf9028847ced94a3e136aa [11ms]
2024-02-26 23:08:19.365 [info] > git status -z -uall [2296ms]
2024-02-26 23:08:19.591 [info] > git for-each-ref --format=%(refname)%00%(upstream:short)%00%(objectname)%00%(upstream:track)%00%(upstream:remotename)%00%(upstream:remoteref) refs/heads/main refs/remotes/main [114ms]
2024-02-26 23:08:19.592 [info] > git config --get commit.template [132ms]
2024-02-26 23:08:20.334 [info] > git status -z -uall [717ms]
2024-02-26 23:08:50.239 [info] > git ls-files --stage -- /home/bitnami/blogger/app_server/views/blogList.pug [68ms]
2024-02-26 23:08:50.252 [info] > git show --textconv :blogger/app_server/views/blogList.pug [88ms]
2024-02-26 23:08:50.253 [info] > git cat-file -s 065a6de824e9a8b51d79a1346d454a609db6ad00 [7ms]
2024-02-26 23:09:22.126 [info] > git show --textconv :blogger/app_server/controllers/blog.js [23ms]
2024-02-26 23:09:22.128 [info] > git ls-files --stage -- /home/bitnami/blogger/app_server/controllers/blog.js [15ms]
2024-02-26 23:09:22.135 [info] > git cat-file -s 27e5cd0a58ad4a3a19e4259346d1a8eba20f824e [2ms]
2024-02-26 23:09:23.547 [info] > git check-ignore -v -z --stdin [13ms]
2024-02-26 23:09:24.205 [info] > git show --textconv :blogger/app.js [49ms]
2024-02-26 23:09:24.219 [info] > git ls-files --stage -- /home/bitnami/blogger/app.js [30ms]
2024-02-26 23:09:24.231 [info] > git cat-file -s 1aca20c0dce9627247fe0d4d0e7522d23acbfccd [3ms]
2024-02-26 23:11:05.091 [info] > git show --textconv :blogger/app_server/views/blogList.pug [16ms]
2024-02-26 23:11:05.097 [info] > git ls-files --stage -- /home/bitnami/blogger/app_server/views/blogList.pug [10ms]
2024-02-26 23:11:05.104 [info] > git cat-file -s 065a6de824e9a8b51d79a1346d454a609db6ad00 [1ms]
2024-02-26 23:11:08.995 [info] > git show --textconv :blogger/app_server/views/blogEdit.pug [24ms]
2024-02-26 23:11:08.996 [info] > git ls-files --stage -- /home/bitnami/blogger/app_server/views/blogEdit.pug [14ms]
2024-02-26 23:11:09.020 [info] > git cat-file -s e69de29bb2d1d6434b8b29ae775ad8c2e48c5391 [8ms]
2024-02-26 23:11:10.390 [info] > git show --textconv :blogger/app_server/views/addBlog.pug [19ms]
2024-02-26 23:11:10.395 [info] > git ls-files --stage -- /home/bitnami/blogger/app_server/views/addBlog.pug [11ms]
2024-02-26 23:11:10.407 [info] > git cat-file -s e3af13a6bae94bf49cbf9028847ced94a3e136aa [1ms]
2024-02-26 23:11:47.683 [info] > git show --textconv :blogger/app_server/views/blogList.pug [12ms]
2024-02-26 23:11:47.689 [info] > git ls-files --stage -- /home/bitnami/blogger/app_server/views/blogList.pug [10ms]
2024-02-26 23:11:47.697 [info] > git cat-file -s 065a6de824e9a8b51d79a1346d454a609db6ad00 [2ms]
2024-02-26 23:13:18.152 [info] > git config --get commit.template [12ms]
2024-02-26 23:13:18.159 [info] > git for-each-ref --format=%(refname)%00%(upstream:short)%00%(objectname)%00%(upstream:track)%00%(upstream:remotename)%00%(upstream:remoteref) refs/heads/main refs/remotes/main [8ms]
2024-02-26 23:13:20.225 [info] > git status -z -uall [2059ms]
2024-02-26 23:13:27.825 [info] > git config --get commit.template [8ms]
2024-02-26 23:13:27.826 [info] > git for-each-ref --format=%(refname)%00%(upstream:short)%00%(objectname)%00%(upstream:track)%00%(upstream:remotename)%00%(upstream:remoteref) refs/heads/main refs/remotes/main [3ms]
2024-02-26 23:13:28.013 [info] > git status -z -uall [181ms]
2024-02-26 23:13:33.038 [info] > git config --get commit.template [10ms]
2024-02-26 23:13:33.040 [info] > git for-each-ref --format=%(refname)%00%(upstream:short)%00%(objectname)%00%(upstream:track)%00%(upstream:remotename)%00%(upstream:remoteref) refs/heads/main refs/remotes/main [3ms]
2024-02-26 23:13:33.213 [info] > git status -z -uall [168ms]
2024-02-26 23:13:38.227 [info] > git config --get commit.template [1ms]
2024-02-26 23:13:38.234 [info] > git for-each-ref --format=%(refname)%00%(upstream:short)%00%(objectname)%00%(upstream:track)%00%(upstream:remotename)%00%(upstream:remoteref) refs/heads/main refs/remotes/main [1ms]
2024-02-26 23:13:38.405 [info] > git status -z -uall [164ms]
2024-02-26 23:13:43.426 [info] > git config --get commit.template [6ms]
2024-02-26 23:13:43.427 [info] > git for-each-ref --format=%(refname)%00%(upstream:short)%00%(objectname)%00%(upstream:track)%00%(upstream:remotename)%00%(upstream:remoteref) refs/heads/main refs/remotes/main [2ms]
2024-02-26 23:13:43.596 [info] > git status -z -uall [163ms]
2024-02-26 23:13:49.307 [info] > git config --get commit.template [9ms]
2024-02-26 23:13:49.308 [info] > git for-each-ref --format=%(refname)%00%(upstream:short)%00%(objectname)%00%(upstream:track)%00%(upstream:remotename)%00%(upstream:remoteref) refs/heads/main refs/remotes/main [2ms]
2024-02-26 23:13:49.516 [info] > git status -z -uall [199ms]
2024-02-26 23:13:54.533 [info] > git config --get commit.template [6ms]
2024-02-26 23:13:54.534 [info] > git for-each-ref --format=%(refname)%00%(upstream:short)%00%(objectname)%00%(upstream:track)%00%(upstream:remotename)%00%(upstream:remoteref) refs/heads/main refs/remotes/main [1ms]
2024-02-26 23:13:54.709 [info] > git status -z -uall [169ms]
2024-02-26 23:14:14.947 [info] > git config --get commit.template [6ms]
2024-02-26 23:14:14.947 [info] > git for-each-ref --format=%(refname)%00%(upstream:short)%00%(objectname)%00%(upstream:track)%00%(upstream:remotename)%00%(upstream:remoteref) refs/heads/main refs/remotes/main [2ms]
2024-02-26 23:14:15.135 [info] > git status -z -uall [182ms]
2024-02-26 23:14:20.154 [info] > git config --get commit.template [6ms]
2024-02-26 23:14:20.154 [info] > git for-each-ref --format=%(refname)%00%(upstream:short)%00%(objectname)%00%(upstream:track)%00%(upstream:remotename)%00%(upstream:remoteref) refs/heads/main refs/remotes/main [1ms]
2024-02-26 23:14:20.332 [info] > git status -z -uall [173ms]
2024-02-26 23:14:25.346 [info] > git config --get commit.template [0ms]
2024-02-26 23:14:25.361 [info] > git for-each-ref --format=%(refname)%00%(upstream:short)%00%(objectname)%00%(upstream:track)%00%(upstream:remotename)%00%(upstream:remoteref) refs/heads/main refs/remotes/main [2ms]
2024-02-26 23:14:25.530 [info] > git status -z -uall [158ms]
2024-02-26 23:14:36.573 [info] > git config --get commit.template [8ms]
2024-02-26 23:14:36.575 [info] > git for-each-ref --format=%(refname)%00%(upstream:short)%00%(objectname)%00%(upstream:track)%00%(upstream:remotename)%00%(upstream:remoteref) refs/heads/main refs/remotes/main [3ms]
2024-02-26 23:14:36.777 [info] > git status -z -uall [193ms]
2024-02-26 23:14:57.693 [info] > git config --get commit.template [2ms]
2024-02-26 23:14:57.702 [info] > git for-each-ref --format=%(refname)%00%(upstream:short)%00%(objectname)%00%(upstream:track)%00%(upstream:remotename)%00%(upstream:remoteref) refs/heads/main refs/remotes/main [2ms]
2024-02-26 23:14:57.889 [info] > git status -z -uall [179ms]
2024-02-26 23:15:01.035 [info] > git merge-base refs/heads/main refs/remotes/main/main [9ms]
2024-02-26 23:15:01.055 [info] > git rev-list --count --left-right refs/heads/main...refs/remotes/main/main [10ms]
2024-02-26 23:15:01.765 [info] > git check-ignore -v -z --stdin [27ms]
2024-02-26 23:15:03.828 [info] > git config --get commit.template [22ms]
2024-02-26 23:15:03.829 [info] > git for-each-ref --format=%(refname)%00%(upstream:short)%00%(objectname)%00%(upstream:track)%00%(upstream:remotename)%00%(upstream:remoteref) refs/heads/main refs/remotes/main [12ms]
2024-02-26 23:15:04.147 [info] > git status -z -uall [310ms]
