2024-02-26 23:29:41.317 [info] Log level: Info
2024-02-26 23:29:41.317 [info] Validating found git in: "git"
2024-02-26 23:29:41.317 [info] Using git "2.30.2" from "git"
2024-02-26 23:29:41.317 [info] > git rev-parse --show-toplevel [43ms]
2024-02-26 23:29:41.317 [info] > git rev-parse --git-dir --git-common-dir [148ms]
2024-02-26 23:29:41.317 [info] Open repository: /home/bitnami
2024-02-26 23:29:41.324 [info] > git rev-parse --show-toplevel [416ms]
2024-02-26 23:29:41.339 [info] > git config --get commit.template [453ms]
2024-02-26 23:29:41.391 [info] > git rev-parse --show-toplevel [30ms]
2024-02-26 23:29:41.455 [info] > git rev-parse --show-toplevel [39ms]
2024-02-26 23:29:41.455 [info] > git for-each-ref --format=%(refname)%00%(upstream:short)%00%(objectname)%00%(upstream:track)%00%(upstream:remotename)%00%(upstream:remoteref) refs/heads/main refs/remotes/main [71ms]
2024-02-26 23:29:41.563 [info] > git rev-parse --show-toplevel [76ms]
2024-02-26 23:29:41.666 [info] > git check-ignore -v -z --stdin [221ms]
2024-02-26 23:29:41.681 [info] > git rev-parse --show-toplevel [18ms]
2024-02-26 23:29:41.845 [info] > git rev-parse --show-toplevel [26ms]
2024-02-26 23:29:41.926 [info] > git rev-parse --show-toplevel [33ms]
2024-02-26 23:29:42.017 [info] > git rev-parse --show-toplevel [32ms]
2024-02-26 23:29:42.100 [info] > git rev-parse --show-toplevel [20ms]
2024-02-26 23:29:42.204 [info] > git rev-parse --show-toplevel [47ms]
2024-02-26 23:29:42.279 [info] > git rev-parse --show-toplevel [16ms]
2024-02-26 23:29:42.329 [info] > git rev-parse --show-toplevel [10ms]
2024-02-26 23:29:42.369 [info] > git rev-parse --show-toplevel [7ms]
2024-02-26 23:29:42.407 [info] > git rev-parse --show-toplevel [9ms]
2024-02-26 23:29:42.438 [info] > git rev-parse --git-dir --git-common-dir [8ms]
2024-02-26 23:29:42.458 [info] Open repository: /home/bitnami/todo
2024-02-26 23:29:42.499 [info] > git config --get commit.template [15ms]
2024-02-26 23:29:42.551 [info] > git rev-parse --show-toplevel [55ms]
2024-02-26 23:29:42.642 [info] > git for-each-ref --format %(refname) %(objectname) %(*objectname) refs/tags [106ms]
2024-02-26 23:29:42.716 [info] > git show --textconv :blogger/app_api/routes/index.js [103ms]
2024-02-26 23:29:42.728 [info] > git ls-files --stage -- /home/bitnami/blogger/app_api/routes/index.js [88ms]
2024-02-26 23:29:42.745 [info] > git status -z -uall [48ms]
2024-02-26 23:29:42.849 [info] > git cat-file -s 2cf60746a27cfd28139536f80db4a5d2f89ffd53 [105ms]
2024-02-26 23:29:42.867 [info] > git config --get commit.template [17ms]
2024-02-26 23:29:42.872 [info] > git for-each-ref --format %(refname) %(objectname) %(*objectname) refs/tags [7ms]
2024-02-26 23:29:43.175 [info] > git status -z -uall [286ms]
2024-02-26 23:29:43.324 [info] > git check-ignore -v -z --stdin [174ms]
2024-02-26 23:29:43.694 [info] > git status -z -uall [2064ms]
2024-02-26 23:29:43.789 [info] > git config --get commit.template [40ms]
2024-02-26 23:29:43.965 [info] > git for-each-ref --format=%(refname)%00%(upstream:short)%00%(objectname)%00%(upstream:track)%00%(upstream:remotename)%00%(upstream:remoteref) refs/heads/main refs/remotes/main [3ms]
2024-02-26 23:29:44.551 [info] > git status -z -uall [560ms]
2024-02-26 23:29:53.904 [info] > git config --get commit.template [27ms]
2024-02-26 23:29:53.916 [info] > git for-each-ref --format=%(refname)%00%(upstream:short)%00%(objectname)%00%(upstream:track)%00%(upstream:remotename)%00%(upstream:remoteref) refs/heads/main refs/remotes/main [34ms]
2024-02-26 23:29:56.299 [info] > git status -z -uall [2374ms]
2024-02-26 23:30:17.612 [info] > git config --get commit.template [7ms]
2024-02-26 23:30:17.613 [info] > git for-each-ref --format=%(refname)%00%(upstream:short)%00%(objectname)%00%(upstream:track)%00%(upstream:remotename)%00%(upstream:remoteref) refs/heads/main refs/remotes/main [4ms]
2024-02-26 23:30:18.040 [info] > git status -z -uall [419ms]
2024-02-26 23:30:23.062 [info] > git config --get commit.template [7ms]
2024-02-26 23:30:23.063 [info] > git for-each-ref --format=%(refname)%00%(upstream:short)%00%(objectname)%00%(upstream:track)%00%(upstream:remotename)%00%(upstream:remoteref) refs/heads/main refs/remotes/main [2ms]
2024-02-26 23:30:23.245 [info] > git status -z -uall [176ms]
2024-02-26 23:30:27.307 [info] > git show --textconv :blogger/app_server/views/blogList.pug [19ms]
2024-02-26 23:30:27.310 [info] > git ls-files --stage -- /home/bitnami/blogger/app_server/views/blogList.pug [12ms]
2024-02-26 23:30:27.320 [info] > git cat-file -s 997e3f81c198abc0c57227c374ef0a302f64fd50 [4ms]
2024-02-26 23:30:28.263 [info] > git config --get commit.template [1ms]
2024-02-26 23:30:28.272 [info] > git for-each-ref --format=%(refname)%00%(upstream:short)%00%(objectname)%00%(upstream:track)%00%(upstream:remotename)%00%(upstream:remoteref) refs/heads/main refs/remotes/main [2ms]
2024-02-26 23:30:28.442 [info] > git status -z -uall [165ms]
2024-02-26 23:30:34.277 [info] > git config --get commit.template [10ms]
2024-02-26 23:30:34.279 [info] > git for-each-ref --format=%(refname)%00%(upstream:short)%00%(objectname)%00%(upstream:track)%00%(upstream:remotename)%00%(upstream:remoteref) refs/heads/main refs/remotes/main [2ms]
2024-02-26 23:30:34.466 [info] > git status -z -uall [175ms]
2024-02-26 23:30:39.485 [info] > git config --get commit.template [6ms]
2024-02-26 23:30:39.486 [info] > git for-each-ref --format=%(refname)%00%(upstream:short)%00%(objectname)%00%(upstream:track)%00%(upstream:remotename)%00%(upstream:remoteref) refs/heads/main refs/remotes/main [2ms]
2024-02-26 23:30:39.646 [info] > git status -z -uall [155ms]
2024-02-26 23:30:44.668 [info] > git config --get commit.template [7ms]
2024-02-26 23:30:44.669 [info] > git for-each-ref --format=%(refname)%00%(upstream:short)%00%(objectname)%00%(upstream:track)%00%(upstream:remotename)%00%(upstream:remoteref) refs/heads/main refs/remotes/main [3ms]
2024-02-26 23:30:44.840 [info] > git status -z -uall [164ms]
2024-02-26 23:30:49.857 [info] > git config --get commit.template [6ms]
2024-02-26 23:30:49.858 [info] > git for-each-ref --format=%(refname)%00%(upstream:short)%00%(objectname)%00%(upstream:track)%00%(upstream:remotename)%00%(upstream:remoteref) refs/heads/main refs/remotes/main [2ms]
2024-02-26 23:30:50.041 [info] > git status -z -uall [175ms]
2024-02-26 23:30:55.061 [info] > git config --get commit.template [9ms]
2024-02-26 23:30:55.062 [info] > git for-each-ref --format=%(refname)%00%(upstream:short)%00%(objectname)%00%(upstream:track)%00%(upstream:remotename)%00%(upstream:remoteref) refs/heads/main refs/remotes/main [1ms]
2024-02-26 23:30:55.257 [info] > git status -z -uall [188ms]
2024-02-26 23:30:55.693 [info] > git merge-base refs/heads/main refs/remotes/main/main [2ms]
2024-02-26 23:30:55.712 [info] > git rev-list --count --left-right refs/heads/main...refs/remotes/main/main [10ms]
2024-02-26 23:30:56.392 [info] > git check-ignore -v -z --stdin [26ms]
