0 verbose cli /opt/bitnami/node/bin/node /opt/bitnami/node/bin/npm
1 info using npm@10.2.3
2 info using node@v18.19.0
3 timing npm:load:whichnode Completed in 1ms
4 timing config:load:defaults Completed in 3ms
5 timing config:load:file:/opt/bitnami/node/lib/node_modules/npm/npmrc Completed in 2ms
6 timing config:load:builtin Completed in 2ms
7 timing config:load:cli Completed in 4ms
8 timing config:load:env Completed in 0ms
9 timing config:load:project Completed in 4ms
10 timing config:load:file:/home/bitnami/.npmrc Completed in 6ms
11 timing config:load:user Completed in 6ms
12 timing config:load:file:/opt/bitnami/node/etc/npmrc Completed in 0ms
13 timing config:load:global Completed in 0ms
14 timing config:load:setEnvs Completed in 1ms
15 timing config:load Completed in 23ms
16 timing npm:load:configload Completed in 23ms
17 timing config:load:flatten Completed in 3ms
18 timing npm:load:mkdirpcache Completed in 0ms
19 timing npm:load:mkdirplogs Completed in 1ms
20 verbose title npm install nodemon
21 verbose argv "install" "--global" "nodemon"
22 timing npm:load:setTitle Completed in 0ms
23 timing npm:load:display Completed in 0ms
24 verbose logfile logs-max:10 dir:/home/bitnami/.npm/_logs/2024-01-29T23_06_57_013Z-
25 verbose logfile /home/bitnami/.npm/_logs/2024-01-29T23_06_57_013Z-debug-0.log
26 timing npm:load:logFile Completed in 12ms
27 timing npm:load:timers Completed in 0ms
28 timing npm:load:configScope Completed in 0ms
29 timing npm:load Completed in 54ms
30 timing config:load:flatten Completed in 1ms
31 timing arborist:ctor Completed in 1ms
32 silly logfile done cleaning log files
33 timing idealTree:init Completed in 6ms
34 timing idealTree:userRequests Completed in 4ms
35 silly idealTree buildDeps
36 silly fetch manifest nodemon@*
37 http fetch GET 200 https://registry.npmjs.org/nodemon 126ms (cache miss)
38 silly placeDep ROOT nodemon@3.0.3 OK for:  want: *
39 silly fetch manifest chokidar@^3.5.2
40 silly fetch manifest debug@^4
41 silly fetch manifest ignore-by-default@^1.0.1
42 silly fetch manifest minimatch@^3.1.2
43 silly fetch manifest pstree.remy@^1.1.8
44 silly fetch manifest semver@^7.5.3
45 silly fetch manifest simple-update-notifier@^2.0.0
46 silly fetch manifest supports-color@^5.5.0
47 silly fetch manifest touch@^3.1.0
48 silly fetch manifest undefsafe@^2.0.5
49 http fetch GET 200 https://registry.npmjs.org/minimatch 93ms (cache hit)
50 http fetch GET 200 https://registry.npmjs.org/chokidar 126ms (cache miss)
51 http fetch GET 200 https://registry.npmjs.org/debug 126ms (cache revalidated)
52 http fetch GET 200 https://registry.npmjs.org/touch 123ms (cache miss)
53 http fetch GET 200 https://registry.npmjs.org/ignore-by-default 129ms (cache miss)
54 http fetch GET 200 https://registry.npmjs.org/simple-update-notifier 129ms (cache miss)
55 http fetch GET 200 https://registry.npmjs.org/undefsafe 128ms (cache miss)
56 http fetch GET 200 https://registry.npmjs.org/pstree.remy 134ms (cache miss)
57 http fetch GET 200 https://registry.npmjs.org/supports-color 136ms (cache revalidated)
58 http fetch GET 200 https://registry.npmjs.org/semver 140ms (cache revalidated)
59 timing idealTree:#root Completed in 288ms
60 silly placeDep node_modules/nodemon chokidar@3.5.3 OK for: nodemon@3.0.3 want: ^3.5.2
61 silly fetch manifest anymatch@~3.1.2
62 silly fetch manifest braces@~3.0.2
63 silly fetch manifest glob-parent@~5.1.2
64 silly fetch manifest is-binary-path@~2.1.0
65 silly fetch manifest is-glob@~4.0.1
66 silly fetch manifest normalize-path@~3.0.0
67 silly fetch manifest readdirp@~3.6.0
68 silly fetch manifest fsevents@~2.3.2
69 silly placeDep node_modules/nodemon debug@4.3.4 OK for: nodemon@3.0.3 want: ^4
70 silly fetch manifest ms@2.1.2
71 silly placeDep node_modules/nodemon ignore-by-default@1.0.1 OK for: nodemon@3.0.3 want: ^1.0.1
72 silly placeDep node_modules/nodemon minimatch@3.1.2 OK for: nodemon@3.0.3 want: ^3.1.2
73 silly fetch manifest brace-expansion@^1.1.7
74 silly placeDep node_modules/nodemon pstree.remy@1.1.8 OK for: nodemon@3.0.3 want: ^1.1.8
75 silly placeDep node_modules/nodemon semver@7.5.4 OK for: nodemon@3.0.3 want: ^7.5.3
76 silly fetch manifest lru-cache@^6.0.0
77 silly placeDep node_modules/nodemon simple-update-notifier@2.0.0 OK for: nodemon@3.0.3 want: ^2.0.0
78 silly placeDep node_modules/nodemon supports-color@5.5.0 OK for: nodemon@3.0.3 want: ^5.5.0
79 silly fetch manifest has-flag@^3.0.0
80 silly placeDep node_modules/nodemon touch@3.1.0 OK for: nodemon@3.0.3 want: ^3.1.0
81 silly fetch manifest nopt@~1.0.10
82 silly placeDep node_modules/nodemon undefsafe@2.0.5 OK for: nodemon@3.0.3 want: ^2.0.5
83 http fetch GET 200 https://registry.npmjs.org/brace-expansion 44ms (cache hit)
84 http fetch GET 200 https://registry.npmjs.org/braces 88ms (cache miss)
85 http fetch GET 200 https://registry.npmjs.org/normalize-path 88ms (cache miss)
86 http fetch GET 200 https://registry.npmjs.org/glob-parent 90ms (cache miss)
87 http fetch GET 200 https://registry.npmjs.org/nopt 79ms (cache miss)
88 http fetch GET 200 https://registry.npmjs.org/is-binary-path 93ms (cache miss)
89 http fetch GET 200 https://registry.npmjs.org/anymatch 98ms (cache miss)
90 http fetch GET 200 https://registry.npmjs.org/ms 95ms (cache revalidated)
91 http fetch GET 200 https://registry.npmjs.org/readdirp 98ms (cache miss)
92 http fetch GET 200 https://registry.npmjs.org/has-flag 96ms (cache revalidated)
93 http fetch GET 200 https://registry.npmjs.org/fsevents 109ms (cache miss)
94 http fetch GET 200 https://registry.npmjs.org/is-glob 115ms (cache revalidated)
95 http fetch GET 200 https://registry.npmjs.org/lru-cache 124ms (cache updated)
96 timing idealTree:node_modules/nodemon Completed in 148ms
97 silly placeDep node_modules/nodemon anymatch@3.1.3 OK for: chokidar@3.5.3 want: ~3.1.2
98 silly fetch manifest normalize-path@^3.0.0
99 silly fetch manifest picomatch@^2.0.4
100 silly placeDep node_modules/nodemon braces@3.0.2 OK for: chokidar@3.5.3 want: ~3.0.2
101 silly fetch manifest fill-range@^7.0.1
102 silly placeDep node_modules/nodemon fsevents@2.3.3 OK for: chokidar@3.5.3 want: ~2.3.2
103 silly placeDep node_modules/nodemon glob-parent@5.1.2 OK for: chokidar@3.5.3 want: ~5.1.2
104 silly fetch manifest is-glob@^4.0.1
105 silly placeDep node_modules/nodemon is-binary-path@2.1.0 OK for: chokidar@3.5.3 want: ~2.1.0
106 silly fetch manifest binary-extensions@^2.0.0
107 silly placeDep node_modules/nodemon is-glob@4.0.3 OK for: chokidar@3.5.3 want: ~4.0.1
108 silly fetch manifest is-extglob@^2.1.1
109 silly placeDep node_modules/nodemon normalize-path@3.0.0 OK for: chokidar@3.5.3 want: ~3.0.0
110 silly placeDep node_modules/nodemon readdirp@3.6.0 OK for: chokidar@3.5.3 want: ~3.6.0
111 silly fetch manifest picomatch@^2.2.1
112 http fetch GET 200 https://registry.npmjs.org/picomatch 84ms (cache miss)
113 http fetch GET 200 https://registry.npmjs.org/is-extglob 74ms (cache revalidated)
114 http fetch GET 200 https://registry.npmjs.org/binary-extensions 78ms (cache miss)
115 http fetch GET 200 https://registry.npmjs.org/fill-range 92ms (cache miss)
116 http fetch GET 200 https://registry.npmjs.org/picomatch 70ms (cache miss)
117 timing idealTree:node_modules/nodemon/node_modules/chokidar Completed in 105ms
118 silly placeDep node_modules/nodemon picomatch@2.3.1 OK for: anymatch@3.1.3 want: ^2.0.4
119 timing idealTree:node_modules/nodemon/node_modules/anymatch Completed in 2ms
120 silly placeDep node_modules/nodemon fill-range@7.0.1 OK for: braces@3.0.2 want: ^7.0.1
121 silly fetch manifest to-regex-range@^5.0.1
122 http fetch GET 200 https://registry.npmjs.org/to-regex-range 25ms (cache miss)
123 timing idealTree:node_modules/nodemon/node_modules/braces Completed in 29ms
124 silly placeDep node_modules/nodemon ms@2.1.2 OK for: debug@4.3.4 want: 2.1.2
125 timing idealTree:node_modules/nodemon/node_modules/debug Completed in 2ms
126 silly placeDep node_modules/nodemon to-regex-range@5.0.1 OK for: fill-range@7.0.1 want: ^5.0.1
127 silly fetch manifest is-number@^7.0.0
128 http fetch GET 200 https://registry.npmjs.org/is-number 32ms (cache miss)
129 timing idealTree:node_modules/nodemon/node_modules/fill-range Completed in 35ms
130 timing idealTree:node_modules/nodemon/node_modules/fsevents Completed in 0ms
131 timing idealTree:node_modules/nodemon/node_modules/glob-parent Completed in 0ms
132 timing idealTree:node_modules/nodemon/node_modules/ignore-by-default Completed in 0ms
133 silly placeDep node_modules/nodemon binary-extensions@2.2.0 OK for: is-binary-path@2.1.0 want: ^2.0.0
134 timing idealTree:node_modules/nodemon/node_modules/is-binary-path Completed in 1ms
135 timing idealTree:node_modules/nodemon/node_modules/binary-extensions Completed in 0ms
136 silly placeDep node_modules/nodemon is-extglob@2.1.1 OK for: is-glob@4.0.3 want: ^2.1.1
137 timing idealTree:node_modules/nodemon/node_modules/is-glob Completed in 1ms
138 timing idealTree:node_modules/nodemon/node_modules/is-extglob Completed in 0ms
139 silly placeDep node_modules/nodemon brace-expansion@1.1.11 OK for: minimatch@3.1.2 want: ^1.1.7
140 silly fetch manifest balanced-match@^1.0.0
141 silly fetch manifest concat-map@0.0.1
142 http fetch GET 200 https://registry.npmjs.org/balanced-match 7ms (cache hit)
143 http fetch GET 200 https://registry.npmjs.org/concat-map 7ms (cache hit)
144 timing idealTree:node_modules/nodemon/node_modules/minimatch Completed in 11ms
145 silly placeDep node_modules/nodemon balanced-match@1.0.2 OK for: brace-expansion@1.1.11 want: ^1.0.0
146 silly placeDep node_modules/nodemon concat-map@0.0.1 OK for: brace-expansion@1.1.11 want: 0.0.1
147 timing idealTree:node_modules/nodemon/node_modules/brace-expansion Completed in 2ms
148 timing idealTree:node_modules/nodemon/node_modules/balanced-match Completed in 0ms
149 timing idealTree:node_modules/nodemon/node_modules/concat-map Completed in 0ms
150 timing idealTree:node_modules/nodemon/node_modules/ms Completed in 0ms
151 timing idealTree:node_modules/nodemon/node_modules/normalize-path Completed in 0ms
152 timing idealTree:node_modules/nodemon/node_modules/picomatch Completed in 0ms
153 timing idealTree:node_modules/nodemon/node_modules/pstree.remy Completed in 0ms
154 timing idealTree:node_modules/nodemon/node_modules/readdirp Completed in 0ms
155 silly placeDep node_modules/nodemon lru-cache@6.0.0 OK for: semver@7.5.4 want: ^6.0.0
156 silly fetch manifest yallist@^4.0.0
157 http fetch GET 200 https://registry.npmjs.org/yallist 24ms (cache revalidated)
158 timing idealTree:node_modules/nodemon/node_modules/semver Completed in 29ms
159 silly placeDep node_modules/nodemon yallist@4.0.0 OK for: lru-cache@6.0.0 want: ^4.0.0
160 timing idealTree:node_modules/nodemon/node_modules/lru-cache Completed in 2ms
161 timing idealTree:node_modules/nodemon/node_modules/simple-update-notifier Completed in 0ms
162 silly placeDep node_modules/nodemon has-flag@3.0.0 OK for: supports-color@5.5.0 want: ^3.0.0
163 timing idealTree:node_modules/nodemon/node_modules/supports-color Completed in 3ms
164 timing idealTree:node_modules/nodemon/node_modules/has-flag Completed in 1ms
165 silly placeDep node_modules/nodemon is-number@7.0.0 OK for: to-regex-range@5.0.1 want: ^7.0.0
166 timing idealTree:node_modules/nodemon/node_modules/to-regex-range Completed in 2ms
167 timing idealTree:node_modules/nodemon/node_modules/is-number Completed in 0ms
168 silly placeDep node_modules/nodemon nopt@1.0.10 OK for: touch@3.1.0 want: ~1.0.10
169 silly fetch manifest abbrev@1
170 http fetch GET 200 https://registry.npmjs.org/abbrev 41ms (cache miss)
171 timing idealTree:node_modules/nodemon/node_modules/touch Completed in 50ms
172 silly placeDep node_modules/nodemon abbrev@1.1.1 OK for: nopt@1.0.10 want: 1
173 timing idealTree:node_modules/nodemon/node_modules/nopt Completed in 2ms
174 timing idealTree:node_modules/nodemon/node_modules/abbrev Completed in 0ms
175 timing idealTree:node_modules/nodemon/node_modules/undefsafe Completed in 0ms
176 timing idealTree:node_modules/nodemon/node_modules/yallist Completed in 0ms
177 timing idealTree:buildDeps Completed in 718ms
178 timing idealTree:fixDepFlags Completed in 1ms
179 timing idealTree Completed in 732ms
180 timing reify:loadTrees Completed in 736ms
181 timing reify:diffTrees Completed in 2ms
182 silly reify moves {}
183 timing reify:retireShallow Completed in 1ms
184 timing reify:rollback:createSparse Completed in 0ms
185 timing reify:rollback:retireShallow Completed in 0ms
186 timing command:install Completed in 754ms
187 verbose stack Error: EACCES: permission denied, mkdir '/opt/bitnami/node/lib/node_modules/nodemon'
188 verbose cwd /home/bitnami
189 verbose Linux 5.10.0-26-cloud-amd64
190 verbose node v18.19.0
191 verbose npm  v10.2.3
192 error code EACCES
193 error syscall mkdir
194 error path /opt/bitnami/node/lib/node_modules/nodemon
195 error errno -13
196 error [Error: EACCES: permission denied, mkdir '/opt/bitnami/node/lib/node_modules/nodemon'] {
196 error   errno: -13,
196 error   code: 'EACCES',
196 error   syscall: 'mkdir',
196 error   path: '/opt/bitnami/node/lib/node_modules/nodemon'
196 error }
197 error
197 error The operation was rejected by your operating system.
197 error It is likely you do not have the permissions to access this file as the current user
197 error
197 error If you believe this might be a permissions issue, please double-check the
197 error permissions of the file and its containing directories, or try running
197 error the command again as root/Administrator.
198 verbose exit -13
199 timing npm Completed in 1020ms
200 verbose unfinished npm timer reify 1706569617277
201 verbose unfinished npm timer reify:createSparse 1706569618022
202 verbose code -13
203 error A complete log of this run can be found in: /home/bitnami/.npm/_logs/2024-01-29T23_06_57_013Z-debug-0.log
