0 verbose cli /opt/bitnami/node/bin/node /opt/bitnami/node/bin/npm
1 info using npm@10.2.3
2 info using node@v18.19.0
3 timing npm:load:whichnode Completed in 1ms
4 timing config:load:defaults Completed in 1ms
5 timing config:load:file:/opt/bitnami/node/lib/node_modules/npm/npmrc Completed in 10ms
6 timing config:load:builtin Completed in 11ms
7 timing config:load:cli Completed in 7ms
8 timing config:load:env Completed in 1ms
9 timing config:load:file:/home/bitnami/blogger/.npmrc Completed in 0ms
10 timing config:load:project Completed in 4ms
11 timing config:load:file:/home/bitnami/.npmrc Completed in 0ms
12 timing config:load:user Completed in 0ms
13 timing config:load:file:/opt/bitnami/node/etc/npmrc Completed in 1ms
14 timing config:load:global Completed in 1ms
15 timing config:load:setEnvs Completed in 0ms
16 timing config:load Completed in 26ms
17 timing npm:load:configload Completed in 26ms
18 timing config:load:flatten Completed in 3ms
19 timing npm:load:mkdirpcache Completed in 0ms
20 timing npm:load:mkdirplogs Completed in 1ms
21 verbose title npm install debug
22 verbose argv "install" "debug"
23 timing npm:load:setTitle Completed in 1ms
24 timing npm:load:display Completed in 0ms
25 verbose logfile logs-max:10 dir:/home/bitnami/.npm/_logs/2024-02-27T00_39_18_414Z-
26 verbose logfile /home/bitnami/.npm/_logs/2024-02-27T00_39_18_414Z-debug-0.log
27 timing npm:load:logFile Completed in 23ms
28 timing npm:load:timers Completed in 0ms
29 timing npm:load:configScope Completed in 0ms
30 timing npm:load Completed in 82ms
31 timing arborist:ctor Completed in 8ms
32 silly logfile start cleaning logs, removing 1 files
33 silly logfile done cleaning log files
34 timing idealTree:init Completed in 136ms
35 timing idealTree:userRequests Completed in 2ms
36 silly idealTree buildDeps
37 silly fetch manifest debug@~2.6.9
38 timing arborist:ctor Completed in 0ms
39 http fetch GET 200 https://registry.npmjs.org/debug 266ms (cache revalidated)
40 silly placeDep ROOT debug@2.6.9 REPLACE for: blogger@0.0.0 want: ~2.6.9
41 timing idealTree:#root Completed in 281ms
42 timing idealTree:node_modules/debug Completed in 0ms
43 timing idealTree:buildDeps Completed in 284ms
44 timing idealTree:fixDepFlags Completed in 4ms
45 timing idealTree Completed in 433ms
46 timing reify:loadTrees Completed in 434ms
47 timing reify:diffTrees Completed in 9ms
48 silly reify moves {}
49 timing reify:retireShallow Completed in 1ms
50 timing reify:createSparse Completed in 1ms
51 timing reify:loadBundles Completed in 0ms
52 silly audit bulk request {
52 silly audit   '@mongodb-js/saslprep': [ '1.1.4' ],
52 silly audit   '@popperjs/core': [ '2.11.8' ],
52 silly audit   '@types/babel-types': [ '7.0.15' ],
52 silly audit   '@types/babylon': [ '6.16.9' ],
52 silly audit   '@types/webidl-conversions': [ '7.0.3' ],
52 silly audit   '@types/whatwg-url': [ '11.0.4' ],
52 silly audit   accepts: [ '1.3.8' ],
52 silly audit   acorn: [ '4.0.13', '3.3.0' ],
52 silly audit   'acorn-globals': [ '3.1.0' ],
52 silly audit   ajv: [ '6.12.6' ],
52 silly audit   'align-text': [ '0.1.4' ],
52 silly audit   'array-flatten': [ '1.1.1' ],
52 silly audit   asap: [ '2.0.6' ],
52 silly audit   asn1: [ '0.2.6' ],
52 silly audit   'assert-plus': [ '1.0.0' ],
52 silly audit   asynckit: [ '0.4.0' ],
52 silly audit   'aws-sign2': [ '0.7.0' ],
52 silly audit   aws4: [ '1.12.0' ],
52 silly audit   'babel-runtime': [ '6.26.0' ],
52 silly audit   'babel-types': [ '6.26.0' ],
52 silly audit   babylon: [ '6.18.0' ],
52 silly audit   'basic-auth': [ '2.0.1' ],
52 silly audit   'bcrypt-pbkdf': [ '1.0.2' ],
52 silly audit   'body-parser': [ '1.20.1' ],
52 silly audit   depd: [ '2.0.0', '1.1.2' ],
52 silly audit   'http-errors': [ '2.0.0', '1.6.3' ],
52 silly audit   inherits: [ '2.0.4', '2.0.3' ],
52 silly audit   'on-finished': [ '2.4.1', '2.3.0' ],
52 silly audit   setprototypeof: [ '1.2.0', '1.1.0' ],
52 silly audit   statuses: [ '2.0.1', '1.4.0' ],
52 silly audit   boostrap: [ '2.0.0' ],
52 silly audit   bootstrap: [ '5.2.3' ],
52 silly audit   bson: [ '6.3.0' ],
52 silly audit   bytes: [ '3.1.2' ],
52 silly audit   'call-bind': [ '1.0.6' ],
52 silly audit   camelcase: [ '1.2.1' ],
52 silly audit   caseless: [ '0.12.0' ],
52 silly audit   'center-align': [ '0.1.3' ],
52 silly audit   'character-parser': [ '2.2.0' ],
52 silly audit   'clean-css': [ '4.2.4' ],
52 silly audit   cliui: [ '2.1.0' ],
52 silly audit   'combined-stream': [ '1.0.8' ],
52 silly audit   constantinople: [ '3.1.2' ],
52 silly audit   'content-disposition': [ '0.5.4' ],
52 silly audit   'safe-buffer': [ '5.2.1', '5.1.2' ],
52 silly audit   'content-type': [ '1.0.5' ],
52 silly audit   cookie: [ '0.4.1', '0.5.0' ],
52 silly audit   'cookie-parser': [ '1.4.6' ],
52 silly audit   'cookie-signature': [ '1.0.6' ],
52 silly audit   'core-js': [ '2.6.12' ],
52 silly audit   'core-util-is': [ '1.0.2' ],
52 silly audit   dashdash: [ '1.14.1' ],
52 silly audit   debug: [ '4.3.4', '2.6.9' ],
52 silly audit   decamelize: [ '1.2.0' ],
52 silly audit   'define-data-property': [ '1.1.2' ],
52 silly audit   'delayed-stream': [ '1.0.0' ],
52 silly audit   destroy: [ '1.2.0' ],
52 silly audit   doctypes: [ '1.1.0' ],
52 silly audit   'ecc-jsbn': [ '0.1.2' ],
52 silly audit   'ee-first': [ '1.1.1' ],
52 silly audit   encodeurl: [ '1.0.2' ],
52 silly audit   'es-errors': [ '1.3.0' ],
52 silly audit   'escape-html': [ '1.0.3' ],
52 silly audit   esutils: [ '2.0.3' ],
52 silly audit   etag: [ '1.8.1' ],
52 silly audit   express: [ '4.18.2' ],
52 silly audit   extend: [ '3.0.2' ],
52 silly audit   extsprintf: [ '1.3.0' ],
52 silly audit   'fast-deep-equal': [ '3.1.3' ],
52 silly audit   'fast-json-stable-stringify': [ '2.1.0' ],
52 silly audit   finalhandler: [ '1.2.0' ],
52 silly audit   'forever-agent': [ '0.6.1' ],
52 silly audit   'form-data': [ '2.3.3' ],
52 silly audit   forwarded: [ '0.2.0' ],
52 silly audit   fresh: [ '0.5.2' ],
52 silly audit   'function-bind': [ '1.1.2' ],
52 silly audit   'get-intrinsic': [ '1.2.4' ],
52 silly audit   getpass: [ '0.1.7' ],
52 silly audit   gopd: [ '1.0.1' ],
52 silly audit   'har-schema': [ '2.0.0' ],
52 silly audit   'har-validator': [ '5.1.5' ],
52 silly audit   'has-property-descriptors': [ '1.0.1' ],
52 silly audit   'has-proto': [ '1.0.1' ],
52 silly audit   'has-symbols': [ '1.0.3' ],
52 silly audit   'has-tostringtag': [ '1.0.2' ],
52 silly audit   hasown: [ '2.0.1' ],
52 silly audit   'http-signature': [ '1.2.0' ],
52 silly audit   'iconv-lite': [ '0.4.24' ],
52 silly audit   'ipaddr.js': [ '1.9.1' ],
52 silly audit   'is-buffer': [ '1.1.6' ],
52 silly audit   'is-core-module': [ '2.13.1' ],
52 silly audit   'is-expression': [ '3.0.0' ],
52 silly audit   'is-promise': [ '2.2.2' ],
52 silly audit   'is-regex': [ '1.1.4' ],
52 silly audit   'is-typedarray': [ '1.0.0' ],
52 silly audit   isstream: [ '0.1.2' ],
52 silly audit   jquery: [ '3.7.1' ],
52 silly audit   'js-stringify': [ '1.0.2' ],
52 silly audit   jsbn: [ '0.1.1' ],
52 silly audit   'json-schema': [ '0.4.0' ],
52 silly audit   'json-schema-traverse': [ '0.4.1' ],
52 silly audit   'json-stringify-safe': [ '5.0.1' ],
52 silly audit   jsprim: [ '1.4.2' ],
52 silly audit   jstransformer: [ '1.0.0' ],
52 silly audit   kareem: [ '2.5.1' ],
52 silly audit   'kind-of': [ '3.2.2' ],
52 silly audit   'lazy-cache': [ '1.0.4' ],
52 silly audit   lodash: [ '4.17.21' ],
52 silly audit   longest: [ '1.0.1' ],
52 silly audit   'media-typer': [ '0.3.0' ],
52 silly audit   'memory-pager': [ '1.5.0' ],
52 silly audit   'merge-descriptors': [ '1.0.1' ],
52 silly audit   methods: [ '1.1.2' ],
52 silly audit   mime: [ '1.6.0' ],
52 silly audit   'mime-db': [ '1.52.0' ],
52 silly audit   'mime-types': [ '2.1.35' ],
52 silly audit   mongodb: [ '6.3.0' ],
52 silly audit   'mongodb-connection-string-url': [ '3.0.0' ],
52 silly audit   mongoose: [ '8.1.3' ],
52 silly audit   ms: [ '2.1.3', '2.1.2', '2.0.0' ],
52 silly audit   morgan: [ '1.9.1' ],
52 silly audit   mpath: [ '0.9.0' ],
52 silly audit   mquery: [ '5.0.0' ],
52 silly audit   negotiator: [ '0.6.3' ],
52 silly audit   'oauth-sign': [ '0.9.0' ],
52 silly audit   'object-assign': [ '4.1.1' ],
52 silly audit   'object-inspect': [ '1.13.1' ],
52 silly audit   'on-headers': [ '1.0.2' ],
52 silly audit   parseurl: [ '1.3.3' ],
52 silly audit   'path-parse': [ '1.0.7' ],
52 silly audit   'path-to-regexp': [ '0.1.7' ],
52 silly audit   'performance-now': [ '2.1.0' ],
52 silly audit   promise: [ '7.3.1' ],
52 silly audit   'proxy-addr': [ '2.0.7' ],
52 silly audit   psl: [ '1.9.0' ],
52 silly audit   pug: [ '2.0.4' ],
52 silly audit   'pug-attrs': [ '2.0.4' ],
52 silly audit   'pug-code-gen': [ '2.0.3' ],
52 silly audit   'pug-error': [ '1.3.3' ],
52 silly audit   'pug-filters': [ '3.1.1' ],
52 silly audit   'pug-lexer': [ '4.1.0' ],
52 silly audit   'pug-linker': [ '3.0.6' ],
52 silly audit   'pug-load': [ '2.0.12' ],
52 silly audit   'pug-parser': [ '5.0.1' ],
52 silly audit   'pug-runtime': [ '2.0.5' ],
52 silly audit   'pug-strip-comments': [ '1.0.4' ],
52 silly audit   'pug-walk': [ '1.1.8' ],
52 silly audit   punycode: [ '2.3.1' ],
52 silly audit   qs: [ '6.11.0', '6.5.3' ],
52 silly audit   'range-parser': [ '1.2.1' ],
52 silly audit   'raw-body': [ '2.5.1' ],
52 silly audit   'regenerator-runtime': [ '0.11.1' ],
52 silly audit   'repeat-string': [ '1.6.1' ],
52 silly audit   request: [ '2.88.2' ],
52 silly audit   resolve: [ '1.22.8' ],
52 silly audit   'right-align': [ '0.1.3' ],
52 silly audit   'safer-buffer': [ '2.1.2' ],
52 silly audit   send: [ '0.18.0' ],
52 silly audit   'serve-static': [ '1.15.0' ],
52 silly audit   'set-function-length': [ '1.2.1' ],
52 silly audit   'side-channel': [ '1.0.5' ],
52 silly audit   sift: [ '16.0.1' ],
52 silly audit   'source-map': [ '0.6.1', '0.5.7' ],
52 silly audit   'sparse-bitfield': [ '3.0.3' ],
52 silly audit   sshpk: [ '1.18.0' ],
52 silly audit   'supports-preserve-symlinks-flag': [ '1.0.0' ],
52 silly audit   'to-fast-properties': [ '1.0.3' ],
52 silly audit   toidentifier: [ '1.0.1' ],
52 silly audit   'token-stream': [ '0.0.1' ],
52 silly audit   'tough-cookie': [ '2.5.0' ],
52 silly audit   tr46: [ '4.1.1' ],
52 silly audit   'tunnel-agent': [ '0.6.0' ],
52 silly audit   tweetnacl: [ '0.14.5' ],
52 silly audit   'type-is': [ '1.6.18' ],
52 silly audit   'uglify-js': [ '2.8.29' ],
52 silly audit   'uglify-to-browserify': [ '1.0.2' ],
52 silly audit   unpipe: [ '1.0.0' ],
52 silly audit   'uri-js': [ '4.4.1' ],
52 silly audit   'utils-merge': [ '1.0.1' ],
52 silly audit   uuid: [ '3.4.0' ],
52 silly audit   vary: [ '1.1.2' ],
52 silly audit   verror: [ '1.10.0' ],
52 silly audit   'void-elements': [ '2.0.1' ],
52 silly audit   'webidl-conversions': [ '7.0.0' ],
52 silly audit   'whatwg-url': [ '13.0.0' ],
52 silly audit   'window-size': [ '0.1.0' ],
52 silly audit   with: [ '5.1.1' ],
52 silly audit   wordwrap: [ '0.0.2' ],
52 silly audit   yargs: [ '3.10.0' ]
52 silly audit }
53 timing reify:unpack Completed in 1ms
54 timing reify:unretire Completed in 0ms
55 timing build:queue Completed in 0ms
56 timing build:deps Completed in 0ms
57 timing build Completed in 1ms
58 timing reify:build Completed in 2ms
59 timing reify:trash Completed in 0ms
60 timing reify:save Completed in 164ms
61 http fetch POST 200 https://registry.npmjs.org/-/npm/v1/security/advisories/bulk 272ms
62 timing auditReport:getReport Completed in 277ms
63 silly audit report {
63 silly audit report   pug: [
63 silly audit report     {
63 silly audit report       id: 1090004,
63 silly audit report       url: 'https://github.com/advisories/GHSA-p493-635q-r6gr',
63 silly audit report       title: 'Remote code execution via the `pretty` option.',
63 silly audit report       severity: 'high',
63 silly audit report       vulnerable_versions: '<3.0.1',
63 silly audit report       cwe: [Array],
63 silly audit report       cvss: [Object]
63 silly audit report     }
63 silly audit report   ],
63 silly audit report   request: [
63 silly audit report     {
63 silly audit report       id: 1092972,
63 silly audit report       url: 'https://github.com/advisories/GHSA-p8p7-x288-28g6',
63 silly audit report       title: 'Server-Side Request Forgery in Request',
63 silly audit report       severity: 'moderate',
63 silly audit report       vulnerable_versions: '<=2.88.2',
63 silly audit report       cwe: [Array],
63 silly audit report       cvss: [Object]
63 silly audit report     }
63 silly audit report   ],
63 silly audit report   'tough-cookie': [
63 silly audit report     {
63 silly audit report       id: 1095102,
63 silly audit report       url: 'https://github.com/advisories/GHSA-72xf-g2v4-qvf3',
63 silly audit report       title: 'tough-cookie Prototype Pollution vulnerability',
63 silly audit report       severity: 'moderate',
63 silly audit report       vulnerable_versions: '<4.1.3',
63 silly audit report       cwe: [Array],
63 silly audit report       cvss: [Object]
63 silly audit report     }
63 silly audit report   ]
63 silly audit report }
64 timing metavuln:cache:get:security-advisory:request:koWeGxnAvq4FABswDKpuz/5A9Fh4CEpyLScKR4Vcx8PqZAOQWapHQFcG4Z93jnNvMUUR00ZbC/YEgKSGkn+lcw== Completed in 9ms
65 timing metavuln:cache:get:security-advisory:pug:aw4UBo01sQ0+MOZGmaLMexGAQu5MkN2Z4JPqwU3MdmIfNIvGTBl3dsyav/orDHlvgYzGlb9A2y5VHQXKVoCfmA== Completed in 10ms
66 timing metavuln:cache:get:security-advisory:tough-cookie:wWt7slzqumCOy+eBzh02NxczD2Ro629xuSO1o/Sam3nNJuHEhzggtsM/Z0K8BzRHAaxdURGMPCPOYGj4sGWquQ== Completed in 9ms
67 http fetch GET 200 https://registry.npmjs.org/pug 38ms (cache revalidated)
68 timing metavuln:packument:pug Completed in 40ms
69 timing metavuln:load:security-advisory:pug:1090004 Completed in 2ms
70 timing metavuln:calculate:security-advisory:pug:1090004 Completed in 42ms
71 http fetch GET 200 https://registry.npmjs.org/tough-cookie 59ms (cache revalidated)
72 timing metavuln:packument:tough-cookie Completed in 60ms
73 timing metavuln:load:security-advisory:tough-cookie:1095102 Completed in 1ms
74 timing metavuln:calculate:security-advisory:tough-cookie:1095102 Completed in 62ms
75 http fetch GET 200 https://registry.npmjs.org/request 68ms (cache revalidated)
76 timing metavuln:packument:request Completed in 71ms
77 timing metavuln:load:security-advisory:request:1092972 Completed in 1ms
78 timing metavuln:calculate:security-advisory:request:1092972 Completed in 72ms
79 timing metavuln:cache:get:security-advisory:request:Erzn/uu5GltmIzlVH2xET0AjMA9EiKQoy9Utl+92FG+LNV4qQ5MLJK+eOYeZWn/mxYQZiP7kITHPIvOyY/MORA== Completed in 4ms
80 timing metavuln:load:security-advisory:request:wWt7slzqumCOy+eBzh02NxczD2Ro629xuSO1o/Sam3nNJuHEhzggtsM/Z0K8BzRHAaxdURGMPCPOYGj4sGWquQ== Completed in 1ms
81 timing metavuln:calculate:security-advisory:request:wWt7slzqumCOy+eBzh02NxczD2Ro629xuSO1o/Sam3nNJuHEhzggtsM/Z0K8BzRHAaxdURGMPCPOYGj4sGWquQ== Completed in 5ms
82 timing auditReport:init Completed in 101ms
83 timing reify:audit Completed in 381ms
84 timing reify Completed in 837ms
85 timing command:install Completed in 870ms
86 verbose exit 0
87 timing npm Completed in 1548ms
88 info ok
