0 verbose cli /opt/bitnami/node/bin/node /opt/bitnami/node/bin/npm
1 info using npm@10.2.3
2 info using node@v18.19.0
3 timing npm:load:whichnode Completed in 1ms
4 timing config:load:defaults Completed in 3ms
5 timing config:load:file:/opt/bitnami/node/lib/node_modules/npm/npmrc Completed in 2ms
6 timing config:load:builtin Completed in 2ms
7 timing config:load:cli Completed in 10ms
8 timing config:load:env Completed in 0ms
9 timing config:load:file:/home/bitnami/blogger/.npmrc Completed in 0ms
10 timing config:load:project Completed in 10ms
11 timing config:load:file:/home/bitnami/.npmrc Completed in 1ms
12 timing config:load:user Completed in 1ms
13 timing config:load:file:/opt/bitnami/node/etc/npmrc Completed in 0ms
14 timing config:load:global Completed in 0ms
15 timing config:load:setEnvs Completed in 1ms
16 timing config:load Completed in 28ms
17 timing npm:load:configload Completed in 28ms
18 timing config:load:flatten Completed in 3ms
19 timing npm:load:mkdirpcache Completed in 1ms
20 timing npm:load:mkdirplogs Completed in 0ms
21 verbose title npm install request
22 verbose argv "install" "--save" "request"
23 timing npm:load:setTitle Completed in 1ms
24 timing npm:load:display Completed in 1ms
25 verbose logfile logs-max:10 dir:/home/bitnami/.npm/_logs/2024-02-27T00_05_32_939Z-
26 verbose logfile /home/bitnami/.npm/_logs/2024-02-27T00_05_32_939Z-debug-0.log
27 timing npm:load:logFile Completed in 11ms
28 timing npm:load:timers Completed in 0ms
29 timing npm:load:configScope Completed in 0ms
30 timing npm:load Completed in 68ms
31 timing arborist:ctor Completed in 1ms
32 silly logfile start cleaning logs, removing 1 files
33 silly logfile done cleaning log files
34 timing idealTree:init Completed in 129ms
35 timing idealTree:userRequests Completed in 1ms
36 silly idealTree buildDeps
37 silly fetch manifest request@*
38 timing arborist:ctor Completed in 0ms
39 http fetch GET 200 https://registry.npmjs.org/request 227ms (cache miss)
40 silly placeDep ROOT request@2.88.2 OK for: blogger@0.0.0 want: *
41 silly fetch manifest aws-sign2@~0.7.0
42 silly fetch manifest aws4@^1.8.0
43 silly fetch manifest caseless@~0.12.0
44 silly fetch manifest combined-stream@~1.0.6
45 silly fetch manifest extend@~3.0.2
46 silly fetch manifest forever-agent@~0.6.1
47 silly fetch manifest form-data@~2.3.2
48 silly fetch manifest har-validator@~5.1.3
49 silly fetch manifest http-signature@~1.2.0
50 silly fetch manifest is-typedarray@~1.0.0
51 silly fetch manifest isstream@~0.1.2
52 silly fetch manifest json-stringify-safe@~5.0.1
53 silly fetch manifest oauth-sign@~0.9.0
54 silly fetch manifest performance-now@^2.1.0
55 silly fetch manifest qs@~6.5.2
56 silly fetch manifest tough-cookie@~2.5.0
57 silly fetch manifest tunnel-agent@^0.6.0
58 silly fetch manifest uuid@^3.3.2
59 http fetch GET 200 https://registry.npmjs.org/aws-sign2 162ms (cache miss)
60 http fetch GET 200 https://registry.npmjs.org/caseless 177ms (cache miss)
61 http fetch GET 200 https://registry.npmjs.org/is-typedarray 169ms (cache miss)
62 http fetch GET 200 https://registry.npmjs.org/json-stringify-safe 172ms (cache miss)
63 http fetch GET 200 https://registry.npmjs.org/extend 179ms (cache miss)
64 http fetch GET 200 https://registry.npmjs.org/combined-stream 180ms (cache miss)
65 http fetch GET 200 https://registry.npmjs.org/isstream 178ms (cache miss)
66 http fetch GET 200 https://registry.npmjs.org/performance-now 176ms (cache miss)
67 http fetch GET 200 https://registry.npmjs.org/forever-agent 202ms (cache miss)
68 http fetch GET 200 https://registry.npmjs.org/oauth-sign 195ms (cache miss)
69 http fetch GET 200 https://registry.npmjs.org/qs 199ms (cache revalidated)
70 http fetch GET 200 https://registry.npmjs.org/tough-cookie 204ms (cache miss)
71 http fetch GET 200 https://registry.npmjs.org/har-validator 213ms (cache miss)
72 http fetch GET 200 https://registry.npmjs.org/tunnel-agent 207ms (cache revalidated)
73 http fetch GET 200 https://registry.npmjs.org/aws4 222ms (cache revalidated)
74 http fetch GET 200 https://registry.npmjs.org/form-data 217ms (cache miss)
75 http fetch GET 200 https://registry.npmjs.org/http-signature 218ms (cache miss)
76 http fetch GET 200 https://registry.npmjs.org/uuid 214ms (cache revalidated)
77 timing idealTree:#root Completed in 476ms
78 silly placeDep ROOT aws-sign2@0.7.0 OK for: request@2.88.2 want: ~0.7.0
79 silly placeDep ROOT aws4@1.12.0 OK for: request@2.88.2 want: ^1.8.0
80 silly placeDep ROOT caseless@0.12.0 OK for: request@2.88.2 want: ~0.12.0
81 silly placeDep ROOT combined-stream@1.0.8 OK for: request@2.88.2 want: ~1.0.6
82 silly fetch manifest delayed-stream@~1.0.0
83 silly placeDep ROOT extend@3.0.2 OK for: request@2.88.2 want: ~3.0.2
84 silly placeDep ROOT forever-agent@0.6.1 OK for: request@2.88.2 want: ~0.6.1
85 silly placeDep ROOT form-data@2.3.3 OK for: request@2.88.2 want: ~2.3.2
86 silly fetch manifest asynckit@^0.4.0
87 silly placeDep ROOT har-validator@5.1.5 OK for: request@2.88.2 want: ~5.1.3
88 silly fetch manifest ajv@^6.12.3
89 silly fetch manifest har-schema@^2.0.0
90 silly placeDep ROOT http-signature@1.2.0 OK for: request@2.88.2 want: ~1.2.0
91 silly fetch manifest assert-plus@^1.0.0
92 silly fetch manifest jsprim@^1.2.2
93 silly fetch manifest sshpk@^1.7.0
94 silly placeDep ROOT is-typedarray@1.0.0 OK for: request@2.88.2 want: ~1.0.0
95 silly placeDep ROOT isstream@0.1.2 OK for: request@2.88.2 want: ~0.1.2
96 silly placeDep ROOT json-stringify-safe@5.0.1 OK for: request@2.88.2 want: ~5.0.1
97 silly placeDep ROOT oauth-sign@0.9.0 OK for: request@2.88.2 want: ~0.9.0
98 silly placeDep ROOT performance-now@2.1.0 OK for: request@2.88.2 want: ^2.1.0
99 silly placeDep node_modules/request qs@6.5.3 OK for: request@2.88.2 want: ~6.5.2
100 silly placeDep ROOT tough-cookie@2.5.0 OK for: request@2.88.2 want: ~2.5.0
101 silly fetch manifest psl@^1.1.28
102 silly placeDep ROOT tunnel-agent@0.6.0 OK for: request@2.88.2 want: ^0.6.0
103 silly placeDep ROOT uuid@3.4.0 OK for: request@2.88.2 want: ^3.3.2
104 http fetch GET 200 https://registry.npmjs.org/asynckit 92ms (cache miss)
105 http fetch GET 200 https://registry.npmjs.org/ajv 92ms (cache revalidated)
106 http fetch GET 200 https://registry.npmjs.org/har-schema 102ms (cache miss)
107 http fetch GET 200 https://registry.npmjs.org/assert-plus 101ms (cache miss)
108 http fetch GET 200 https://registry.npmjs.org/delayed-stream 120ms (cache miss)
109 http fetch GET 200 https://registry.npmjs.org/jsprim 104ms (cache miss)
110 http fetch GET 200 https://registry.npmjs.org/sshpk 106ms (cache miss)
111 http fetch GET 200 https://registry.npmjs.org/psl 98ms (cache miss)
112 timing idealTree:node_modules/request Completed in 144ms
113 timing idealTree:node_modules/aws-sign2 Completed in 0ms
114 timing idealTree:node_modules/aws4 Completed in 0ms
115 timing idealTree:node_modules/caseless Completed in 0ms
116 silly placeDep ROOT delayed-stream@1.0.0 OK for: combined-stream@1.0.8 want: ~1.0.0
117 timing idealTree:node_modules/combined-stream Completed in 2ms
118 timing idealTree:node_modules/delayed-stream Completed in 0ms
119 timing idealTree:node_modules/extend Completed in 0ms
120 timing idealTree:node_modules/forever-agent Completed in 0ms
121 silly placeDep ROOT asynckit@0.4.0 OK for: form-data@2.3.3 want: ^0.4.0
122 timing idealTree:node_modules/form-data Completed in 1ms
123 timing idealTree:node_modules/asynckit Completed in 0ms
124 silly placeDep ROOT ajv@6.12.6 OK for: har-validator@5.1.5 want: ^6.12.3
125 silly fetch manifest fast-deep-equal@^3.1.1
126 silly fetch manifest fast-json-stable-stringify@^2.0.0
127 silly fetch manifest json-schema-traverse@^0.4.1
128 silly fetch manifest uri-js@^4.2.2
129 silly placeDep ROOT har-schema@2.0.0 OK for: har-validator@5.1.5 want: ^2.0.0
130 http fetch GET 200 https://registry.npmjs.org/json-schema-traverse 41ms (cache revalidated)
131 http fetch GET 200 https://registry.npmjs.org/fast-deep-equal 47ms (cache revalidated)
132 http fetch GET 200 https://registry.npmjs.org/uri-js 45ms (cache miss)
133 http fetch GET 200 https://registry.npmjs.org/fast-json-stable-stringify 48ms (cache revalidated)
134 timing idealTree:node_modules/har-validator Completed in 54ms
135 silly placeDep ROOT fast-deep-equal@3.1.3 OK for: ajv@6.12.6 want: ^3.1.1
136 silly placeDep ROOT fast-json-stable-stringify@2.1.0 OK for: ajv@6.12.6 want: ^2.0.0
137 silly placeDep ROOT json-schema-traverse@0.4.1 OK for: ajv@6.12.6 want: ^0.4.1
138 silly placeDep ROOT uri-js@4.4.1 OK for: ajv@6.12.6 want: ^4.2.2
139 timing idealTree:node_modules/ajv Completed in 8ms
140 timing idealTree:node_modules/fast-deep-equal Completed in 0ms
141 timing idealTree:node_modules/fast-json-stable-stringify Completed in 0ms
142 timing idealTree:node_modules/har-schema Completed in 0ms
143 silly placeDep ROOT assert-plus@1.0.0 OK for: http-signature@1.2.0 want: ^1.0.0
144 silly placeDep ROOT jsprim@1.4.2 OK for: http-signature@1.2.0 want: ^1.2.2
145 silly fetch manifest extsprintf@1.3.0
146 silly fetch manifest json-schema@0.4.0
147 silly fetch manifest verror@1.10.0
148 silly placeDep ROOT sshpk@1.18.0 OK for: http-signature@1.2.0 want: ^1.7.0
149 silly fetch manifest asn1@~0.2.3
150 silly fetch manifest dashdash@^1.12.0
151 silly fetch manifest getpass@^0.1.1
152 silly fetch manifest jsbn@~0.1.0
153 silly fetch manifest tweetnacl@~0.14.0
154 silly fetch manifest ecc-jsbn@~0.1.1
155 silly fetch manifest bcrypt-pbkdf@^1.0.0
156 http fetch GET 200 https://registry.npmjs.org/extsprintf 66ms (cache miss)
157 http fetch GET 200 https://registry.npmjs.org/jsbn 58ms (cache revalidated)
158 http fetch GET 200 https://registry.npmjs.org/verror 68ms (cache miss)
159 http fetch GET 200 https://registry.npmjs.org/json-schema 70ms (cache miss)
160 http fetch GET 200 https://registry.npmjs.org/ecc-jsbn 60ms (cache miss)
161 http fetch GET 200 https://registry.npmjs.org/getpass 65ms (cache miss)
162 http fetch GET 200 https://registry.npmjs.org/bcrypt-pbkdf 68ms (cache miss)
163 http fetch GET 200 https://registry.npmjs.org/dashdash 82ms (cache miss)
164 http fetch GET 200 https://registry.npmjs.org/tweetnacl 83ms (cache miss)
165 http fetch GET 200 https://registry.npmjs.org/asn1 91ms (cache miss)
166 timing idealTree:node_modules/http-signature Completed in 103ms
167 timing idealTree:node_modules/assert-plus Completed in 0ms
168 timing idealTree:node_modules/is-typedarray Completed in 0ms
169 timing idealTree:node_modules/isstream Completed in 0ms
170 timing idealTree:node_modules/json-schema-traverse Completed in 0ms
171 timing idealTree:node_modules/json-stringify-safe Completed in 0ms
172 silly placeDep ROOT extsprintf@1.3.0 OK for: jsprim@1.4.2 want: 1.3.0
173 silly placeDep ROOT json-schema@0.4.0 OK for: jsprim@1.4.2 want: 0.4.0
174 silly placeDep ROOT verror@1.10.0 OK for: jsprim@1.4.2 want: 1.10.0
175 silly fetch manifest core-util-is@1.0.2
176 http fetch GET 200 https://registry.npmjs.org/core-util-is 61ms (cache revalidated)
177 timing idealTree:node_modules/jsprim Completed in 79ms
178 timing idealTree:node_modules/extsprintf Completed in 0ms
179 timing idealTree:node_modules/json-schema Completed in 0ms
180 timing idealTree:node_modules/oauth-sign Completed in 1ms
181 timing idealTree:node_modules/performance-now Completed in 0ms
182 silly placeDep ROOT asn1@0.2.6 OK for: sshpk@1.18.0 want: ~0.2.3
183 silly placeDep ROOT bcrypt-pbkdf@1.0.2 OK for: sshpk@1.18.0 want: ^1.0.0
184 silly fetch manifest tweetnacl@^0.14.3
185 silly placeDep ROOT dashdash@1.14.1 OK for: sshpk@1.18.0 want: ^1.12.0
186 silly placeDep ROOT ecc-jsbn@0.1.2 OK for: sshpk@1.18.0 want: ~0.1.1
187 silly placeDep ROOT getpass@0.1.7 OK for: sshpk@1.18.0 want: ^0.1.1
188 silly placeDep ROOT jsbn@0.1.1 OK for: sshpk@1.18.0 want: ~0.1.0
189 silly placeDep ROOT tweetnacl@0.14.5 OK for: sshpk@1.18.0 want: ~0.14.0
190 timing idealTree:node_modules/sshpk Completed in 16ms
191 timing idealTree:node_modules/asn1 Completed in 0ms
192 timing idealTree:node_modules/bcrypt-pbkdf Completed in 0ms
193 timing idealTree:node_modules/dashdash Completed in 0ms
194 timing idealTree:node_modules/ecc-jsbn Completed in 0ms
195 timing idealTree:node_modules/getpass Completed in 0ms
196 timing idealTree:node_modules/jsbn Completed in 0ms
197 silly placeDep ROOT psl@1.9.0 OK for: tough-cookie@2.5.0 want: ^1.1.28
198 timing idealTree:node_modules/tough-cookie Completed in 3ms
199 timing idealTree:node_modules/psl Completed in 0ms
200 timing idealTree:node_modules/tunnel-agent Completed in 0ms
201 timing idealTree:node_modules/tweetnacl Completed in 0ms
202 timing idealTree:node_modules/uri-js Completed in 0ms
203 timing idealTree:node_modules/uuid Completed in 0ms
204 silly placeDep ROOT core-util-is@1.0.2 OK for: verror@1.10.0 want: 1.0.2
205 timing idealTree:node_modules/verror Completed in 3ms
206 timing idealTree:node_modules/core-util-is Completed in 0ms
207 timing idealTree:node_modules/request/node_modules/qs Completed in 0ms
208 timing idealTree:buildDeps Completed in 908ms
209 timing idealTree:fixDepFlags Completed in 4ms
210 timing idealTree Completed in 1049ms
211 timing reify:loadTrees Completed in 1050ms
212 timing reify:diffTrees Completed in 4ms
213 silly reify moves {}
214 timing reify:retireShallow Completed in 1ms
215 timing reify:createSparse Completed in 11ms
216 timing reify:loadBundles Completed in 0ms
217 silly audit bulk request {
217 silly audit   '@mongodb-js/saslprep': [ '1.1.4' ],
217 silly audit   '@popperjs/core': [ '2.11.8' ],
217 silly audit   '@types/babel-types': [ '7.0.15' ],
217 silly audit   '@types/babylon': [ '6.16.9' ],
217 silly audit   '@types/webidl-conversions': [ '7.0.3' ],
217 silly audit   '@types/whatwg-url': [ '11.0.4' ],
217 silly audit   accepts: [ '1.3.8' ],
217 silly audit   acorn: [ '4.0.13', '3.3.0' ],
217 silly audit   'acorn-globals': [ '3.1.0' ],
217 silly audit   'align-text': [ '0.1.4' ],
217 silly audit   'array-flatten': [ '1.1.1' ],
217 silly audit   asap: [ '2.0.6' ],
217 silly audit   'babel-runtime': [ '6.26.0' ],
217 silly audit   'babel-types': [ '6.26.0' ],
217 silly audit   babylon: [ '6.18.0' ],
217 silly audit   'basic-auth': [ '2.0.1' ],
217 silly audit   'body-parser': [ '1.20.1' ],
217 silly audit   depd: [ '2.0.0', '1.1.2' ],
217 silly audit   'http-errors': [ '2.0.0', '1.6.3' ],
217 silly audit   inherits: [ '2.0.4', '2.0.3' ],
217 silly audit   'on-finished': [ '2.4.1', '2.3.0' ],
217 silly audit   setprototypeof: [ '1.2.0', '1.1.0' ],
217 silly audit   statuses: [ '2.0.1', '1.4.0' ],
217 silly audit   boostrap: [ '2.0.0' ],
217 silly audit   bootstrap: [ '5.2.3' ],
217 silly audit   bson: [ '6.3.0' ],
217 silly audit   bytes: [ '3.1.2' ],
217 silly audit   'call-bind': [ '1.0.6' ],
217 silly audit   camelcase: [ '1.2.1' ],
217 silly audit   'center-align': [ '0.1.3' ],
217 silly audit   'character-parser': [ '2.2.0' ],
217 silly audit   'clean-css': [ '4.2.4' ],
217 silly audit   cliui: [ '2.1.0' ],
217 silly audit   constantinople: [ '3.1.2' ],
217 silly audit   'content-disposition': [ '0.5.4' ],
217 silly audit   'safe-buffer': [ '5.2.1', '5.1.2' ],
217 silly audit   'content-type': [ '1.0.5' ],
217 silly audit   cookie: [ '0.4.1', '0.5.0' ],
217 silly audit   'cookie-parser': [ '1.4.6' ],
217 silly audit   'cookie-signature': [ '1.0.6' ],
217 silly audit   'core-js': [ '2.6.12' ],
217 silly audit   debug: [ '2.6.9', '4.3.4' ],
217 silly audit   decamelize: [ '1.2.0' ],
217 silly audit   'define-data-property': [ '1.1.2' ],
217 silly audit   destroy: [ '1.2.0' ],
217 silly audit   doctypes: [ '1.1.0' ],
217 silly audit   'ee-first': [ '1.1.1' ],
217 silly audit   encodeurl: [ '1.0.2' ],
217 silly audit   'es-errors': [ '1.3.0' ],
217 silly audit   'escape-html': [ '1.0.3' ],
217 silly audit   esutils: [ '2.0.3' ],
217 silly audit   etag: [ '1.8.1' ],
217 silly audit   express: [ '4.18.2' ],
217 silly audit   finalhandler: [ '1.2.0' ],
217 silly audit   forwarded: [ '0.2.0' ],
217 silly audit   fresh: [ '0.5.2' ],
217 silly audit   'function-bind': [ '1.1.2' ],
217 silly audit   'get-intrinsic': [ '1.2.4' ],
217 silly audit   gopd: [ '1.0.1' ],
217 silly audit   'has-property-descriptors': [ '1.0.1' ],
217 silly audit   'has-proto': [ '1.0.1' ],
217 silly audit   'has-symbols': [ '1.0.3' ],
217 silly audit   'has-tostringtag': [ '1.0.2' ],
217 silly audit   hasown: [ '2.0.1' ],
217 silly audit   'iconv-lite': [ '0.4.24' ],
217 silly audit   'ipaddr.js': [ '1.9.1' ],
217 silly audit   'is-buffer': [ '1.1.6' ],
217 silly audit   'is-core-module': [ '2.13.1' ],
217 silly audit   'is-expression': [ '3.0.0' ],
217 silly audit   'is-promise': [ '2.2.2' ],
217 silly audit   'is-regex': [ '1.1.4' ],
217 silly audit   jquery: [ '3.7.1' ],
217 silly audit   'js-stringify': [ '1.0.2' ],
217 silly audit   jstransformer: [ '1.0.0' ],
217 silly audit   kareem: [ '2.5.1' ],
217 silly audit   'kind-of': [ '3.2.2' ],
217 silly audit   'lazy-cache': [ '1.0.4' ],
217 silly audit   lodash: [ '4.17.21' ],
217 silly audit   longest: [ '1.0.1' ],
217 silly audit   'media-typer': [ '0.3.0' ],
217 silly audit   'memory-pager': [ '1.5.0' ],
217 silly audit   'merge-descriptors': [ '1.0.1' ],
217 silly audit   methods: [ '1.1.2' ],
217 silly audit   mime: [ '1.6.0' ],
217 silly audit   'mime-db': [ '1.52.0' ],
217 silly audit   'mime-types': [ '2.1.35' ],
217 silly audit   mongodb: [ '6.3.0' ],
217 silly audit   'mongodb-connection-string-url': [ '3.0.0' ],
217 silly audit   mongoose: [ '8.1.3' ],
217 silly audit   ms: [ '2.1.3', '2.1.2', '2.0.0' ],
217 silly audit   morgan: [ '1.9.1' ],
217 silly audit   mpath: [ '0.9.0' ],
217 silly audit   mquery: [ '5.0.0' ],
217 silly audit   negotiator: [ '0.6.3' ],
217 silly audit   'object-assign': [ '4.1.1' ],
217 silly audit   'object-inspect': [ '1.13.1' ],
217 silly audit   'on-headers': [ '1.0.2' ],
217 silly audit   parseurl: [ '1.3.3' ],
217 silly audit   'path-parse': [ '1.0.7' ],
217 silly audit   'path-to-regexp': [ '0.1.7' ],
217 silly audit   promise: [ '7.3.1' ],
217 silly audit   'proxy-addr': [ '2.0.7' ],
217 silly audit   pug: [ '2.0.4' ],
217 silly audit   'pug-attrs': [ '2.0.4' ],
217 silly audit   'pug-code-gen': [ '2.0.3' ],
217 silly audit   'pug-error': [ '1.3.3' ],
217 silly audit   'pug-filters': [ '3.1.1' ],
217 silly audit   'pug-lexer': [ '4.1.0' ],
217 silly audit   'pug-linker': [ '3.0.6' ],
217 silly audit   'pug-load': [ '2.0.12' ],
217 silly audit   'pug-parser': [ '5.0.1' ],
217 silly audit   'pug-runtime': [ '2.0.5' ],
217 silly audit   'pug-strip-comments': [ '1.0.4' ],
217 silly audit   'pug-walk': [ '1.1.8' ],
217 silly audit   punycode: [ '2.3.1' ],
217 silly audit   qs: [ '6.11.0', '6.5.3' ],
217 silly audit   'range-parser': [ '1.2.1' ],
217 silly audit   'raw-body': [ '2.5.1' ],
217 silly audit   'regenerator-runtime': [ '0.11.1' ],
217 silly audit   'repeat-string': [ '1.6.1' ],
217 silly audit   resolve: [ '1.22.8' ],
217 silly audit   'right-align': [ '0.1.3' ],
217 silly audit   'safer-buffer': [ '2.1.2' ],
217 silly audit   send: [ '0.18.0' ],
217 silly audit   'serve-static': [ '1.15.0' ],
217 silly audit   'set-function-length': [ '1.2.1' ],
217 silly audit   'side-channel': [ '1.0.5' ],
217 silly audit   sift: [ '16.0.1' ],
217 silly audit   'source-map': [ '0.6.1', '0.5.7' ],
217 silly audit   'sparse-bitfield': [ '3.0.3' ],
217 silly audit   'supports-preserve-symlinks-flag': [ '1.0.0' ],
217 silly audit   'to-fast-properties': [ '1.0.3' ],
217 silly audit   toidentifier: [ '1.0.1' ],
217 silly audit   'token-stream': [ '0.0.1' ],
217 silly audit   tr46: [ '4.1.1' ],
217 silly audit   'type-is': [ '1.6.18' ],
217 silly audit   'uglify-js': [ '2.8.29' ],
217 silly audit   'uglify-to-browserify': [ '1.0.2' ],
217 silly audit   unpipe: [ '1.0.0' ],
217 silly audit   'utils-merge': [ '1.0.1' ],
217 silly audit   vary: [ '1.1.2' ],
217 silly audit   'void-elements': [ '2.0.1' ],
217 silly audit   'webidl-conversions': [ '7.0.0' ],
217 silly audit   'whatwg-url': [ '13.0.0' ],
217 silly audit   'window-size': [ '0.1.0' ],
217 silly audit   with: [ '5.1.1' ],
217 silly audit   wordwrap: [ '0.0.2' ],
217 silly audit   yargs: [ '3.10.0' ],
217 silly audit   request: [ '2.88.2' ],
217 silly audit   'aws-sign2': [ '0.7.0' ],
217 silly audit   aws4: [ '1.12.0' ],
217 silly audit   caseless: [ '0.12.0' ],
217 silly audit   'combined-stream': [ '1.0.8' ],
217 silly audit   extend: [ '3.0.2' ],
217 silly audit   'forever-agent': [ '0.6.1' ],
217 silly audit   'form-data': [ '2.3.3' ],
217 silly audit   'har-validator': [ '5.1.5' ],
217 silly audit   'http-signature': [ '1.2.0' ],
217 silly audit   'is-typedarray': [ '1.0.0' ],
217 silly audit   isstream: [ '0.1.2' ],
217 silly audit   'json-stringify-safe': [ '5.0.1' ],
217 silly audit   'oauth-sign': [ '0.9.0' ],
217 silly audit   'performance-now': [ '2.1.0' ],
217 silly audit   'tough-cookie': [ '2.5.0' ],
217 silly audit   'tunnel-agent': [ '0.6.0' ],
217 silly audit   uuid: [ '3.4.0' ],
217 silly audit   'delayed-stream': [ '1.0.0' ],
217 silly audit   asynckit: [ '0.4.0' ],
217 silly audit   ajv: [ '6.12.6' ],
217 silly audit   'har-schema': [ '2.0.0' ],
217 silly audit   'fast-deep-equal': [ '3.1.3' ],
217 silly audit   'fast-json-stable-stringify': [ '2.1.0' ],
217 silly audit   'json-schema-traverse': [ '0.4.1' ],
217 silly audit   'uri-js': [ '4.4.1' ],
217 silly audit   'assert-plus': [ '1.0.0' ],
217 silly audit   jsprim: [ '1.4.2' ],
217 silly audit   sshpk: [ '1.18.0' ],
217 silly audit   extsprintf: [ '1.3.0' ],
217 silly audit   'json-schema': [ '0.4.0' ],
217 silly audit   verror: [ '1.10.0' ],
217 silly audit   asn1: [ '0.2.6' ],
217 silly audit   'bcrypt-pbkdf': [ '1.0.2' ],
217 silly audit   dashdash: [ '1.14.1' ],
217 silly audit   'ecc-jsbn': [ '0.1.2' ],
217 silly audit   getpass: [ '0.1.7' ],
217 silly audit   jsbn: [ '0.1.1' ],
217 silly audit   tweetnacl: [ '0.14.5' ],
217 silly audit   psl: [ '1.9.0' ],
217 silly audit   'core-util-is': [ '1.0.2' ]
217 silly audit }
218 silly tarball no local data for core-util-is@https://registry.npmjs.org/core-util-is/-/core-util-is-1.0.2.tgz. Extracting by manifest.
219 silly tarball no local data for psl@https://registry.npmjs.org/psl/-/psl-1.9.0.tgz. Extracting by manifest.
220 silly tarball no local data for tweetnacl@https://registry.npmjs.org/tweetnacl/-/tweetnacl-0.14.5.tgz. Extracting by manifest.
221 silly tarball no local data for jsbn@https://registry.npmjs.org/jsbn/-/jsbn-0.1.1.tgz. Extracting by manifest.
222 silly tarball no local data for getpass@https://registry.npmjs.org/getpass/-/getpass-0.1.7.tgz. Extracting by manifest.
223 silly tarball no local data for ecc-jsbn@https://registry.npmjs.org/ecc-jsbn/-/ecc-jsbn-0.1.2.tgz. Extracting by manifest.
224 silly tarball no local data for dashdash@https://registry.npmjs.org/dashdash/-/dashdash-1.14.1.tgz. Extracting by manifest.
225 silly tarball no local data for bcrypt-pbkdf@https://registry.npmjs.org/bcrypt-pbkdf/-/bcrypt-pbkdf-1.0.2.tgz. Extracting by manifest.
226 silly tarball no local data for asn1@https://registry.npmjs.org/asn1/-/asn1-0.2.6.tgz. Extracting by manifest.
227 silly tarball no local data for verror@https://registry.npmjs.org/verror/-/verror-1.10.0.tgz. Extracting by manifest.
228 silly tarball no local data for json-schema@https://registry.npmjs.org/json-schema/-/json-schema-0.4.0.tgz. Extracting by manifest.
229 silly tarball no local data for extsprintf@https://registry.npmjs.org/extsprintf/-/extsprintf-1.3.0.tgz. Extracting by manifest.
230 silly tarball no local data for sshpk@https://registry.npmjs.org/sshpk/-/sshpk-1.18.0.tgz. Extracting by manifest.
231 silly tarball no local data for jsprim@https://registry.npmjs.org/jsprim/-/jsprim-1.4.2.tgz. Extracting by manifest.
232 silly tarball no local data for assert-plus@https://registry.npmjs.org/assert-plus/-/assert-plus-1.0.0.tgz. Extracting by manifest.
233 silly tarball no local data for uri-js@https://registry.npmjs.org/uri-js/-/uri-js-4.4.1.tgz. Extracting by manifest.
234 silly tarball no local data for json-schema-traverse@https://registry.npmjs.org/json-schema-traverse/-/json-schema-traverse-0.4.1.tgz. Extracting by manifest.
235 silly tarball no local data for fast-json-stable-stringify@https://registry.npmjs.org/fast-json-stable-stringify/-/fast-json-stable-stringify-2.1.0.tgz. Extracting by manifest.
236 silly tarball no local data for fast-deep-equal@https://registry.npmjs.org/fast-deep-equal/-/fast-deep-equal-3.1.3.tgz. Extracting by manifest.
237 silly tarball no local data for har-schema@https://registry.npmjs.org/har-schema/-/har-schema-2.0.0.tgz. Extracting by manifest.
238 silly tarball no local data for ajv@https://registry.npmjs.org/ajv/-/ajv-6.12.6.tgz. Extracting by manifest.
239 silly tarball no local data for asynckit@https://registry.npmjs.org/asynckit/-/asynckit-0.4.0.tgz. Extracting by manifest.
240 silly tarball no local data for delayed-stream@https://registry.npmjs.org/delayed-stream/-/delayed-stream-1.0.0.tgz. Extracting by manifest.
241 silly tarball no local data for uuid@https://registry.npmjs.org/uuid/-/uuid-3.4.0.tgz. Extracting by manifest.
242 silly tarball no local data for tough-cookie@https://registry.npmjs.org/tough-cookie/-/tough-cookie-2.5.0.tgz. Extracting by manifest.
243 silly tarball no local data for performance-now@https://registry.npmjs.org/performance-now/-/performance-now-2.1.0.tgz. Extracting by manifest.
244 silly tarball no local data for oauth-sign@https://registry.npmjs.org/oauth-sign/-/oauth-sign-0.9.0.tgz. Extracting by manifest.
245 silly tarball no local data for json-stringify-safe@https://registry.npmjs.org/json-stringify-safe/-/json-stringify-safe-5.0.1.tgz. Extracting by manifest.
246 silly tarball no local data for isstream@https://registry.npmjs.org/isstream/-/isstream-0.1.2.tgz. Extracting by manifest.
247 silly tarball no local data for is-typedarray@https://registry.npmjs.org/is-typedarray/-/is-typedarray-1.0.0.tgz. Extracting by manifest.
248 silly tarball no local data for http-signature@https://registry.npmjs.org/http-signature/-/http-signature-1.2.0.tgz. Extracting by manifest.
249 silly tarball no local data for har-validator@https://registry.npmjs.org/har-validator/-/har-validator-5.1.5.tgz. Extracting by manifest.
250 silly tarball no local data for form-data@https://registry.npmjs.org/form-data/-/form-data-2.3.3.tgz. Extracting by manifest.
251 silly tarball no local data for forever-agent@https://registry.npmjs.org/forever-agent/-/forever-agent-0.6.1.tgz. Extracting by manifest.
252 silly tarball no local data for extend@https://registry.npmjs.org/extend/-/extend-3.0.2.tgz. Extracting by manifest.
253 silly tarball no local data for combined-stream@https://registry.npmjs.org/combined-stream/-/combined-stream-1.0.8.tgz. Extracting by manifest.
254 silly tarball no local data for caseless@https://registry.npmjs.org/caseless/-/caseless-0.12.0.tgz. Extracting by manifest.
255 silly tarball no local data for aws-sign2@https://registry.npmjs.org/aws-sign2/-/aws-sign2-0.7.0.tgz. Extracting by manifest.
256 silly tarball no local data for request@https://registry.npmjs.org/request/-/request-2.88.2.tgz. Extracting by manifest.
257 silly tarball no local data for qs@https://registry.npmjs.org/qs/-/qs-6.5.3.tgz. Extracting by manifest.
258 http fetch POST 200 https://registry.npmjs.org/-/npm/v1/security/advisories/bulk 287ms
259 timing auditReport:getReport Completed in 294ms
260 silly audit report {
260 silly audit report   pug: [
260 silly audit report     {
260 silly audit report       id: 1090004,
260 silly audit report       url: 'https://github.com/advisories/GHSA-p493-635q-r6gr',
260 silly audit report       title: 'Remote code execution via the `pretty` option.',
260 silly audit report       severity: 'high',
260 silly audit report       vulnerable_versions: '<3.0.1',
260 silly audit report       cwe: [Array],
260 silly audit report       cvss: [Object]
260 silly audit report     }
260 silly audit report   ],
260 silly audit report   request: [
260 silly audit report     {
260 silly audit report       id: 1092972,
260 silly audit report       url: 'https://github.com/advisories/GHSA-p8p7-x288-28g6',
260 silly audit report       title: 'Server-Side Request Forgery in Request',
260 silly audit report       severity: 'moderate',
260 silly audit report       vulnerable_versions: '<=2.88.2',
260 silly audit report       cwe: [Array],
260 silly audit report       cvss: [Object]
260 silly audit report     }
260 silly audit report   ],
260 silly audit report   'tough-cookie': [
260 silly audit report     {
260 silly audit report       id: 1095102,
260 silly audit report       url: 'https://github.com/advisories/GHSA-72xf-g2v4-qvf3',
260 silly audit report       title: 'tough-cookie Prototype Pollution vulnerability',
260 silly audit report       severity: 'moderate',
260 silly audit report       vulnerable_versions: '<4.1.3',
260 silly audit report       cwe: [Array],
260 silly audit report       cvss: [Object]
260 silly audit report     }
260 silly audit report   ]
260 silly audit report }
261 timing metavuln:packument:request Completed in 1ms
262 timing metavuln:packument:tough-cookie Completed in 1ms
263 timing metavuln:cache:get:security-advisory:request:koWeGxnAvq4FABswDKpuz/5A9Fh4CEpyLScKR4Vcx8PqZAOQWapHQFcG4Z93jnNvMUUR00ZbC/YEgKSGkn+lcw== Completed in 47ms
264 timing metavuln:load:security-advisory:request:1092972 Completed in 6ms
265 timing metavuln:cache:get:security-advisory:tough-cookie:wWt7slzqumCOy+eBzh02NxczD2Ro629xuSO1o/Sam3nNJuHEhzggtsM/Z0K8BzRHAaxdURGMPCPOYGj4sGWquQ== Completed in 54ms
266 timing metavuln:load:security-advisory:tough-cookie:1095102 Completed in 2ms
267 timing reifyNode:node_modules/tunnel-agent Completed in 585ms
268 timing metavuln:cache:get:security-advisory:pug:aw4UBo01sQ0+MOZGmaLMexGAQu5MkN2Z4JPqwU3MdmIfNIvGTBl3dsyav/orDHlvgYzGlb9A2y5VHQXKVoCfmA== Completed in 342ms
269 timing reifyNode:node_modules/aws4 Completed in 668ms
270 http fetch GET 200 https://registry.npmjs.org/getpass/-/getpass-0.1.7.tgz 676ms (cache miss)
271 timing reifyNode:node_modules/getpass Completed in 710ms
272 timing metavuln:cache:put:security-advisory:request:koWeGxnAvq4FABswDKpuz/5A9Fh4CEpyLScKR4Vcx8PqZAOQWapHQFcG4Z93jnNvMUUR00ZbC/YEgKSGkn+lcw== Completed in 392ms
273 timing metavuln:calculate:security-advisory:request:1092972 Completed in 445ms
274 timing metavuln:cache:put:security-advisory:tough-cookie:wWt7slzqumCOy+eBzh02NxczD2Ro629xuSO1o/Sam3nNJuHEhzggtsM/Z0K8BzRHAaxdURGMPCPOYGj4sGWquQ== Completed in 388ms
275 timing metavuln:calculate:security-advisory:tough-cookie:1095102 Completed in 445ms
276 http fetch GET 200 https://registry.npmjs.org/delayed-stream/-/delayed-stream-1.0.0.tgz 708ms (cache miss)
277 timing reifyNode:node_modules/delayed-stream Completed in 766ms
278 http fetch GET 200 https://registry.npmjs.org/fast-deep-equal/-/fast-deep-equal-3.1.3.tgz 713ms (cache miss)
279 timing reifyNode:node_modules/fast-deep-equal Completed in 767ms
280 http fetch GET 200 https://registry.npmjs.org/is-typedarray/-/is-typedarray-1.0.0.tgz 706ms (cache miss)
281 timing reifyNode:node_modules/is-typedarray Completed in 773ms
282 http fetch GET 200 https://registry.npmjs.org/assert-plus/-/assert-plus-1.0.0.tgz 729ms (cache miss)
283 timing reifyNode:node_modules/assert-plus Completed in 777ms
284 http fetch GET 200 https://registry.npmjs.org/isstream/-/isstream-0.1.2.tgz 715ms (cache miss)
285 timing reifyNode:node_modules/isstream Completed in 781ms
286 http fetch GET 200 https://registry.npmjs.org/har-validator/-/har-validator-5.1.5.tgz 711ms (cache miss)
287 warn deprecated har-validator@5.1.5: this library is no longer supported
288 timing reifyNode:node_modules/har-validator Completed in 785ms
289 http fetch GET 200 https://registry.npmjs.org/json-schema/-/json-schema-0.4.0.tgz 746ms (cache miss)
290 timing reifyNode:node_modules/json-schema Completed in 789ms
291 http fetch GET 200 https://registry.npmjs.org/combined-stream/-/combined-stream-1.0.8.tgz 712ms (cache miss)
292 timing reifyNode:node_modules/combined-stream Completed in 790ms
293 http fetch GET 200 https://registry.npmjs.org/aws-sign2/-/aws-sign2-0.7.0.tgz 717ms (cache miss)
294 timing reifyNode:node_modules/aws-sign2 Completed in 796ms
295 http fetch GET 200 https://registry.npmjs.org/json-stringify-safe/-/json-stringify-safe-5.0.1.tgz 735ms (cache miss)
296 http fetch GET 200 https://registry.npmjs.org/forever-agent/-/forever-agent-0.6.1.tgz 725ms (cache miss)
297 timing reifyNode:node_modules/forever-agent Completed in 800ms
298 http fetch GET 200 https://registry.npmjs.org/core-util-is/-/core-util-is-1.0.2.tgz 775ms (cache miss)
299 timing reifyNode:node_modules/core-util-is Completed in 805ms
300 http fetch GET 200 https://registry.npmjs.org/oauth-sign/-/oauth-sign-0.9.0.tgz 743ms (cache miss)
301 timing reifyNode:node_modules/oauth-sign Completed in 806ms
302 http fetch GET 200 https://registry.npmjs.org/caseless/-/caseless-0.12.0.tgz 731ms (cache miss)
303 timing reifyNode:node_modules/caseless Completed in 810ms
304 http fetch GET 200 https://registry.npmjs.org/extsprintf/-/extsprintf-1.3.0.tgz 770ms (cache miss)
305 timing reifyNode:node_modules/extsprintf Completed in 815ms
306 timing reifyNode:node_modules/json-stringify-safe Completed in 816ms
307 http fetch GET 200 https://registry.npmjs.org/ecc-jsbn/-/ecc-jsbn-0.1.2.tgz 784ms (cache miss)
308 timing reifyNode:node_modules/ecc-jsbn Completed in 820ms
309 http fetch GET 200 https://registry.npmjs.org/har-schema/-/har-schema-2.0.0.tgz 777ms (cache miss)
310 http fetch GET 200 https://registry.npmjs.org/bcrypt-pbkdf/-/bcrypt-pbkdf-1.0.2.tgz 802ms (cache miss)
311 timing reifyNode:node_modules/bcrypt-pbkdf Completed in 839ms
312 http fetch GET 200 https://registry.npmjs.org/performance-now/-/performance-now-2.1.0.tgz 779ms (cache miss)
313 http fetch GET 200 https://registry.npmjs.org/asn1/-/asn1-0.2.6.tgz 805ms (cache miss)
314 timing reifyNode:node_modules/asn1 Completed in 846ms
315 http fetch GET 200 https://registry.npmjs.org/verror/-/verror-1.10.0.tgz 805ms (cache miss)
316 timing reifyNode:node_modules/verror Completed in 847ms
317 http fetch GET 200 https://registry.npmjs.org/jsprim/-/jsprim-1.4.2.tgz 799ms (cache miss)
318 timing reifyNode:node_modules/jsprim Completed in 847ms
319 http fetch GET 200 https://registry.npmjs.org/pug 565ms (cache revalidated)
320 timing metavuln:packument:pug Completed in 566ms
321 timing metavuln:load:security-advisory:pug:1090004 Completed in 1ms
322 timing metavuln:calculate:security-advisory:pug:1090004 Completed in 568ms
323 http fetch GET 200 https://registry.npmjs.org/jsbn/-/jsbn-0.1.1.tgz 864ms (cache miss)
324 timing reifyNode:node_modules/jsbn Completed in 898ms
325 timing reifyNode:node_modules/har-schema Completed in 899ms
326 timing metavuln:cache:get:security-advisory:request:Erzn/uu5GltmIzlVH2xET0AjMA9EiKQoy9Utl+92FG+LNV4qQ5MLJK+eOYeZWn/mxYQZiP7kITHPIvOyY/MORA== Completed in 10ms
327 timing metavuln:load:security-advisory:request:wWt7slzqumCOy+eBzh02NxczD2Ro629xuSO1o/Sam3nNJuHEhzggtsM/Z0K8BzRHAaxdURGMPCPOYGj4sGWquQ== Completed in 8ms
328 http fetch GET 200 https://registry.npmjs.org/json-schema-traverse/-/json-schema-traverse-0.4.1.tgz 862ms (cache miss)
329 timing reifyNode:node_modules/json-schema-traverse Completed in 915ms
330 timing reifyNode:node_modules/performance-now Completed in 915ms
331 http fetch GET 200 https://registry.npmjs.org/extend/-/extend-3.0.2.tgz 845ms (cache miss)
332 timing reifyNode:node_modules/extend Completed in 921ms
333 http fetch GET 200 https://registry.npmjs.org/asynckit/-/asynckit-0.4.0.tgz 867ms (cache miss)
334 http fetch GET 200 https://registry.npmjs.org/fast-json-stable-stringify/-/fast-json-stable-stringify-2.1.0.tgz 872ms (cache miss)
335 timing reifyNode:node_modules/fast-json-stable-stringify Completed in 928ms
336 timing reifyNode:node_modules/asynckit Completed in 932ms
337 http fetch GET 200 https://registry.npmjs.org/dashdash/-/dashdash-1.14.1.tgz 908ms (cache miss)
338 timing reifyNode:node_modules/dashdash Completed in 943ms
339 http fetch GET 200 https://registry.npmjs.org/tough-cookie/-/tough-cookie-2.5.0.tgz 890ms (cache miss)
340 timing reifyNode:node_modules/tough-cookie Completed in 953ms
341 http fetch GET 200 https://registry.npmjs.org/http-signature/-/http-signature-1.2.0.tgz 884ms (cache miss)
342 timing reifyNode:node_modules/http-signature Completed in 952ms
343 http fetch GET 200 https://registry.npmjs.org/uuid/-/uuid-3.4.0.tgz 910ms (cache miss)
344 warn deprecated uuid@3.4.0: Please upgrade  to version 7 or higher.  Older versions may use Math.random() in certain circumstances, which is known to be problematic.  See https://v8.dev/blog/math-random for details.
345 timing reifyNode:node_modules/uuid Completed in 973ms
346 timing metavuln:cache:put:security-advisory:request:Erzn/uu5GltmIzlVH2xET0AjMA9EiKQoy9Utl+92FG+LNV4qQ5MLJK+eOYeZWn/mxYQZiP7kITHPIvOyY/MORA== Completed in 71ms
347 timing metavuln:calculate:security-advisory:request:wWt7slzqumCOy+eBzh02NxczD2Ro629xuSO1o/Sam3nNJuHEhzggtsM/Z0K8BzRHAaxdURGMPCPOYGj4sGWquQ== Completed in 91ms
348 timing auditReport:init Completed in 700ms
349 timing reify:audit Completed in 995ms
350 http fetch GET 200 https://registry.npmjs.org/tweetnacl/-/tweetnacl-0.14.5.tgz 963ms (cache miss)
351 timing reifyNode:node_modules/tweetnacl Completed in 997ms
352 http fetch GET 200 https://registry.npmjs.org/form-data/-/form-data-2.3.3.tgz 931ms (cache miss)
353 timing reifyNode:node_modules/form-data Completed in 1005ms
354 http fetch GET 200 https://registry.npmjs.org/qs/-/qs-6.5.3.tgz 943ms (cache miss)
355 timing reifyNode:node_modules/request/node_modules/qs Completed in 1028ms
356 http fetch GET 200 https://registry.npmjs.org/request/-/request-2.88.2.tgz 961ms (cache miss)
357 warn deprecated request@2.88.2: request has been deprecated, see https://github.com/request/request/issues/3142
358 timing reifyNode:node_modules/request Completed in 1041ms
359 http fetch GET 200 https://registry.npmjs.org/psl/-/psl-1.9.0.tgz 1020ms (cache miss)
360 timing reifyNode:node_modules/psl Completed in 1051ms
361 http fetch GET 200 https://registry.npmjs.org/sshpk/-/sshpk-1.18.0.tgz 1020ms (cache miss)
362 timing reifyNode:node_modules/sshpk Completed in 1067ms
363 http fetch GET 200 https://registry.npmjs.org/uri-js/-/uri-js-4.4.1.tgz 1057ms (cache miss)
364 timing reifyNode:node_modules/uri-js Completed in 1108ms
365 http fetch GET 200 https://registry.npmjs.org/ajv/-/ajv-6.12.6.tgz 1089ms (cache miss)
366 timing reifyNode:node_modules/ajv Completed in 1146ms
367 timing reify:unpack Completed in 1149ms
368 timing reify:unretire Completed in 1ms
369 timing build:queue Completed in 3ms
370 timing build:link:node_modules/sshpk Completed in 4ms
371 timing build:link:node_modules/uuid Completed in 4ms
372 timing build:link Completed in 5ms
373 timing build:deps Completed in 8ms
374 timing build Completed in 10ms
375 timing reify:build Completed in 11ms
376 timing reify:trash Completed in 0ms
377 timing reify:save Completed in 132ms
378 timing reify Completed in 2456ms
379 silly ADD node_modules/core-util-is
380 silly ADD node_modules/psl
381 silly ADD node_modules/tweetnacl
382 silly ADD node_modules/jsbn
383 silly ADD node_modules/getpass
384 silly ADD node_modules/ecc-jsbn
385 silly ADD node_modules/dashdash
386 silly ADD node_modules/bcrypt-pbkdf
387 silly ADD node_modules/asn1
388 silly ADD node_modules/verror
389 silly ADD node_modules/json-schema
390 silly ADD node_modules/extsprintf
391 silly ADD node_modules/sshpk
392 silly ADD node_modules/jsprim
393 silly ADD node_modules/assert-plus
394 silly ADD node_modules/uri-js
395 silly ADD node_modules/json-schema-traverse
396 silly ADD node_modules/fast-json-stable-stringify
397 silly ADD node_modules/fast-deep-equal
398 silly ADD node_modules/har-schema
399 silly ADD node_modules/ajv
400 silly ADD node_modules/asynckit
401 silly ADD node_modules/delayed-stream
402 silly ADD node_modules/uuid
403 silly ADD node_modules/tunnel-agent
404 silly ADD node_modules/tough-cookie
405 silly ADD node_modules/performance-now
406 silly ADD node_modules/oauth-sign
407 silly ADD node_modules/json-stringify-safe
408 silly ADD node_modules/isstream
409 silly ADD node_modules/is-typedarray
410 silly ADD node_modules/http-signature
411 silly ADD node_modules/har-validator
412 silly ADD node_modules/form-data
413 silly ADD node_modules/forever-agent
414 silly ADD node_modules/extend
415 silly ADD node_modules/combined-stream
416 silly ADD node_modules/caseless
417 silly ADD node_modules/aws4
418 silly ADD node_modules/aws-sign2
419 silly ADD node_modules/request
420 silly ADD node_modules/request/node_modules/qs
421 timing command:install Completed in 2473ms
422 verbose exit 0
423 timing npm Completed in 3207ms
424 info ok
