0 verbose cli /opt/bitnami/node/bin/node /opt/bitnami/node/bin/npm
1 info using npm@10.2.3
2 info using node@v18.19.0
3 timing npm:load:whichnode Completed in 1ms
4 timing config:load:defaults Completed in 2ms
5 timing config:load:file:/opt/bitnami/node/lib/node_modules/npm/npmrc Completed in 10ms
6 timing config:load:builtin Completed in 10ms
7 timing config:load:cli Completed in 8ms
8 timing config:load:env Completed in 1ms
9 timing config:load:file:/home/bitnami/.cache/typescript/5.3/.npmrc Completed in 1ms
10 timing config:load:project Completed in 3ms
11 timing config:load:file:/home/bitnami/.npmrc Completed in 0ms
12 timing config:load:user Completed in 0ms
13 timing config:load:file:/opt/bitnami/node/etc/npmrc Completed in 0ms
14 timing config:load:global Completed in 0ms
15 timing config:load:setEnvs Completed in 1ms
16 timing config:load Completed in 25ms
17 timing npm:load:configload Completed in 25ms
18 timing config:load:flatten Completed in 3ms
19 timing npm:load:mkdirpcache Completed in 0ms
20 timing npm:load:mkdirplogs Completed in 0ms
21 verbose title npm install @types/aws4@ts5.3 @types/mime-types@ts5.3 @types/request@ts5.3 @types/tough-cookie@ts5.3 @types/caseless@ts5.3 @types/extend@ts5.3 @types/forever-agent@ts5.3 @types/http-signature@ts5.3 @types/is-typedarray@ts5.3 @types/isstream@ts5.3 @types/json-stringify-safe@ts5.3
22 verbose argv "install" "--ignore-scripts" "@types/aws4@ts5.3" "@types/mime-types@ts5.3" "@types/request@ts5.3" "@types/tough-cookie@ts5.3" "@types/caseless@ts5.3" "@types/extend@ts5.3" "@types/forever-agent@ts5.3" "@types/http-signature@ts5.3" "@types/is-typedarray@ts5.3" "@types/isstream@ts5.3" "@types/json-stringify-safe@ts5.3" "--save-dev" "--user-agent" "typesInstaller/5.3.2"
23 timing npm:load:setTitle Completed in 2ms
24 timing npm:load:display Completed in 1ms
25 verbose logfile logs-max:10 dir:/home/bitnami/.npm/_logs/2024-02-27T00_06_40_297Z-
26 verbose logfile /home/bitnami/.npm/_logs/2024-02-27T00_06_40_297Z-debug-0.log
27 timing npm:load:logFile Completed in 9ms
28 timing npm:load:timers Completed in 0ms
29 timing npm:load:configScope Completed in 0ms
30 timing npm:load Completed in 53ms
31 timing arborist:ctor Completed in 0ms
32 silly logfile start cleaning logs, removing 1 files
33 silly logfile done cleaning log files
34 timing idealTree:init Completed in 55ms
35 timing arborist:ctor Completed in 0ms
36 http fetch GET 200 https://registry.npmjs.org/@types%2fcaseless 195ms (cache miss)
37 http fetch GET 200 https://registry.npmjs.org/@types%2fmime-types 198ms (cache miss)
38 http fetch GET 200 https://registry.npmjs.org/@types%2ftough-cookie 199ms (cache miss)
39 http fetch GET 200 https://registry.npmjs.org/@types%2frequest 200ms (cache miss)
40 http fetch GET 200 https://registry.npmjs.org/@types%2faws4 317ms (cache miss)
41 http fetch GET 200 https://registry.npmjs.org/@types%2fjson-stringify-safe 373ms (cache miss)
42 http fetch GET 200 https://registry.npmjs.org/@types%2fhttp-signature 508ms (cache miss)
43 http fetch GET 200 https://registry.npmjs.org/@types%2fforever-agent 510ms (cache miss)
44 http fetch GET 200 https://registry.npmjs.org/@types%2fisstream 510ms (cache miss)
45 http fetch GET 200 https://registry.npmjs.org/@types%2fis-typedarray 523ms (cache miss)
46 http fetch GET 200 https://registry.npmjs.org/@types%2fextend 800ms (cache miss)
47 timing idealTree:userRequests Completed in 809ms
48 silly idealTree buildDeps
49 silly fetch manifest @types/caseless@0.12.5
50 silly fetch manifest @types/mime-types@2.1.4
51 silly fetch manifest @types/tough-cookie@4.0.5
52 silly fetch manifest @types/request@2.48.12
53 silly fetch manifest @types/aws4@1.11.6
54 silly fetch manifest @types/json-stringify-safe@5.0.3
55 silly fetch manifest @types/http-signature@1.3.3
56 silly fetch manifest @types/forever-agent@0.6.4
57 silly fetch manifest @types/isstream@0.1.2
58 silly fetch manifest @types/is-typedarray@1.0.2
59 silly fetch manifest @types/extend@3.0.4
60 silly placeDep ROOT @types/aws4@1.11.6 OK for:  want: 1.11.6
61 silly placeDep ROOT @types/caseless@0.12.5 OK for:  want: 0.12.5
62 silly placeDep ROOT @types/extend@3.0.4 OK for:  want: 3.0.4
63 silly placeDep ROOT @types/forever-agent@0.6.4 OK for:  want: 0.6.4
64 silly placeDep ROOT @types/http-signature@1.3.3 OK for:  want: 1.3.3
65 silly placeDep ROOT @types/is-typedarray@1.0.2 OK for:  want: 1.0.2
66 silly placeDep ROOT @types/isstream@0.1.2 OK for:  want: 0.1.2
67 silly placeDep ROOT @types/json-stringify-safe@5.0.3 OK for:  want: 5.0.3
68 silly placeDep ROOT @types/mime-types@2.1.4 OK for:  want: 2.1.4
69 silly placeDep ROOT @types/request@2.48.12 OK for:  want: 2.48.12
70 silly fetch manifest @types/tough-cookie@*
71 silly fetch manifest form-data@^2.5.0
72 silly placeDep ROOT @types/tough-cookie@4.0.5 OK for:  want: 4.0.5
73 http fetch GET 200 https://registry.npmjs.org/form-data 11ms (cache hit)
74 timing idealTree:#root Completed in 54ms
75 timing idealTree:node_modules/@types/aws4 Completed in 1ms
76 timing idealTree:node_modules/@types/caseless Completed in 0ms
77 timing idealTree:node_modules/@types/extend Completed in 0ms
78 timing idealTree:node_modules/@types/forever-agent Completed in 0ms
79 timing idealTree:node_modules/@types/http-signature Completed in 0ms
80 timing idealTree:node_modules/@types/is-typedarray Completed in 0ms
81 timing idealTree:node_modules/@types/isstream Completed in 0ms
82 timing idealTree:node_modules/@types/json-stringify-safe Completed in 0ms
83 timing idealTree:node_modules/@types/mime-types Completed in 0ms
84 silly placeDep ROOT form-data@2.5.1 OK for: @types/request@2.48.12 want: ^2.5.0
85 silly fetch manifest asynckit@^0.4.0
86 silly fetch manifest combined-stream@^1.0.6
87 silly fetch manifest mime-types@^2.1.12
88 http fetch GET 200 https://registry.npmjs.org/asynckit 12ms (cache hit)
89 http fetch GET 200 https://registry.npmjs.org/combined-stream 12ms (cache hit)
90 http fetch GET 200 https://registry.npmjs.org/mime-types 40ms (cache updated)
91 timing idealTree:node_modules/@types/request Completed in 46ms
92 timing idealTree:node_modules/@types/tough-cookie Completed in 0ms
93 silly placeDep ROOT asynckit@0.4.0 OK for: form-data@2.5.1 want: ^0.4.0
94 silly placeDep ROOT combined-stream@1.0.8 OK for: form-data@2.5.1 want: ^1.0.6
95 silly fetch manifest delayed-stream@~1.0.0
96 silly placeDep ROOT mime-types@2.1.35 OK for: form-data@2.5.1 want: ^2.1.12
97 silly fetch manifest mime-db@1.52.0
98 http fetch GET 200 https://registry.npmjs.org/delayed-stream 9ms (cache hit)
99 http fetch GET 200 https://registry.npmjs.org/mime-db 38ms (cache updated)
100 timing idealTree:node_modules/form-data Completed in 47ms
101 timing idealTree:node_modules/asynckit Completed in 0ms
102 silly placeDep ROOT delayed-stream@1.0.0 OK for: combined-stream@1.0.8 want: ~1.0.0
103 timing idealTree:node_modules/combined-stream Completed in 2ms
104 timing idealTree:node_modules/delayed-stream Completed in 0ms
105 silly placeDep ROOT mime-db@1.52.0 OK for: mime-types@2.1.35 want: 1.52.0
106 timing idealTree:node_modules/mime-types Completed in 5ms
107 timing idealTree:node_modules/mime-db Completed in 0ms
108 timing idealTree:buildDeps Completed in 157ms
109 timing idealTree:fixDepFlags Completed in 1ms
110 timing idealTree Completed in 1023ms
111 timing reify:loadTrees Completed in 1025ms
112 timing reify:diffTrees Completed in 2ms
113 silly reify moves {}
114 timing reify:retireShallow Completed in 1ms
115 timing reify:createSparse Completed in 2ms
116 timing reify:loadBundles Completed in 0ms
117 silly audit bulk request {
117 silly audit   '@popperjs/core': [ '2.11.8' ],
117 silly audit   '@types/body-parser': [ '1.19.5' ],
117 silly audit   '@types/bootstrap': [ '5.2.10' ],
117 silly audit   '@types/connect': [ '3.4.38' ],
117 silly audit   '@types/content-disposition': [ '0.5.8' ],
117 silly audit   '@types/content-type': [ '1.1.8' ],
117 silly audit   '@types/cookie-parser': [ '1.4.6' ],
117 silly audit   '@types/debug': [ '4.1.12' ],
117 silly audit   '@types/depd': [ '1.1.36' ],
117 silly audit   '@types/ee-first': [ '1.1.3' ],
117 silly audit   '@types/ejs': [ '3.1.5' ],
117 silly audit   '@types/encodeurl': [ '1.0.2' ],
117 silly audit   '@types/escape-html': [ '1.0.4' ],
117 silly audit   '@types/etag': [ '1.8.3' ],
117 silly audit   '@types/express': [ '4.17.21' ],
117 silly audit   '@types/express-serve-static-core': [ '4.17.42' ],
117 silly audit   '@types/finalhandler': [ '1.2.3' ],
117 silly audit   '@types/forwarded': [ '0.1.3' ],
117 silly audit   '@types/http-errors': [ '2.0.4' ],
117 silly audit   '@types/jade': [ '0.0.34' ],
117 silly audit   '@types/jquery': [ '3.5.29' ],
117 silly audit   '@types/methods': [ '1.1.4' ],
117 silly audit   '@types/mime': [ '1.3.5' ],
117 silly audit   '@types/morgan': [ '1.9.9' ],
117 silly audit   '@types/ms': [ '0.7.34' ],
117 silly audit   '@types/node': [ '20.11.10' ],
117 silly audit   '@types/on-finished': [ '2.3.4' ],
117 silly audit   '@types/parseurl': [ '1.3.3' ],
117 silly audit   '@types/prop-types': [ '15.7.11' ],
117 silly audit   '@types/proxy-addr': [ '2.0.3' ],
117 silly audit   '@types/pug': [ '2.0.10' ],
117 silly audit   '@types/qs': [ '6.9.11' ],
117 silly audit   '@types/range-parser': [ '1.2.7' ],
117 silly audit   '@types/react': [ '18.2.55' ],
117 silly audit   '@types/scheduler': [ '0.16.8' ],
117 silly audit   '@types/send': [ '0.17.4' ],
117 silly audit   '@types/serve-static': [ '1.15.5' ],
117 silly audit   '@types/sizzle': [ '2.3.8' ],
117 silly audit   '@types/statuses': [ '2.0.4' ],
117 silly audit   '@types/utils-merge': [ '0.0.31' ],
117 silly audit   csstype: [ '3.1.3' ],
117 silly audit   'types-registry': [ '0.1.684' ],
117 silly audit   'undici-types': [ '5.26.5' ],
117 silly audit   '@types/aws4': [ '1.11.6' ],
117 silly audit   '@types/caseless': [ '0.12.5' ],
117 silly audit   '@types/extend': [ '3.0.4' ],
117 silly audit   '@types/forever-agent': [ '0.6.4' ],
117 silly audit   '@types/http-signature': [ '1.3.3' ],
117 silly audit   '@types/is-typedarray': [ '1.0.2' ],
117 silly audit   '@types/isstream': [ '0.1.2' ],
117 silly audit   '@types/json-stringify-safe': [ '5.0.3' ],
117 silly audit   '@types/mime-types': [ '2.1.4' ],
117 silly audit   '@types/request': [ '2.48.12' ],
117 silly audit   '@types/tough-cookie': [ '4.0.5' ],
117 silly audit   'form-data': [ '2.5.1' ],
117 silly audit   asynckit: [ '0.4.0' ],
117 silly audit   'combined-stream': [ '1.0.8' ],
117 silly audit   'mime-types': [ '2.1.35' ],
117 silly audit   'delayed-stream': [ '1.0.0' ],
117 silly audit   'mime-db': [ '1.52.0' ]
117 silly audit }
118 silly tarball no local data for form-data@https://registry.npmjs.org/form-data/-/form-data-2.5.1.tgz. Extracting by manifest.
119 silly tarball no local data for @types/tough-cookie@https://registry.npmjs.org/@types/tough-cookie/-/tough-cookie-4.0.5.tgz. Extracting by manifest.
120 silly tarball no local data for @types/request@https://registry.npmjs.org/@types/request/-/request-2.48.12.tgz. Extracting by manifest.
121 silly tarball no local data for @types/mime-types@https://registry.npmjs.org/@types/mime-types/-/mime-types-2.1.4.tgz. Extracting by manifest.
122 silly tarball no local data for @types/json-stringify-safe@https://registry.npmjs.org/@types/json-stringify-safe/-/json-stringify-safe-5.0.3.tgz. Extracting by manifest.
123 silly tarball no local data for @types/isstream@https://registry.npmjs.org/@types/isstream/-/isstream-0.1.2.tgz. Extracting by manifest.
124 silly tarball no local data for @types/is-typedarray@https://registry.npmjs.org/@types/is-typedarray/-/is-typedarray-1.0.2.tgz. Extracting by manifest.
125 silly tarball no local data for @types/http-signature@https://registry.npmjs.org/@types/http-signature/-/http-signature-1.3.3.tgz. Extracting by manifest.
126 silly tarball no local data for @types/forever-agent@https://registry.npmjs.org/@types/forever-agent/-/forever-agent-0.6.4.tgz. Extracting by manifest.
127 silly tarball no local data for @types/extend@https://registry.npmjs.org/@types/extend/-/extend-3.0.4.tgz. Extracting by manifest.
128 silly tarball no local data for @types/caseless@https://registry.npmjs.org/@types/caseless/-/caseless-0.12.5.tgz. Extracting by manifest.
129 silly tarball no local data for @types/aws4@https://registry.npmjs.org/@types/aws4/-/aws4-1.11.6.tgz. Extracting by manifest.
130 http fetch POST 200 https://registry.npmjs.org/-/npm/v1/security/advisories/bulk 128ms
131 timing auditReport:getReport Completed in 133ms
132 silly audit report {}
133 timing auditReport:init Completed in 0ms
134 timing reify:audit Completed in 135ms
135 timing reifyNode:node_modules/combined-stream Completed in 148ms
136 timing reifyNode:node_modules/delayed-stream Completed in 151ms
137 timing reifyNode:node_modules/mime-types Completed in 152ms
138 http fetch GET 200 https://registry.npmjs.org/@types/mime-types/-/mime-types-2.1.4.tgz 159ms (cache miss)
139 timing reifyNode:node_modules/@types/mime-types Completed in 179ms
140 http fetch GET 200 https://registry.npmjs.org/@types/request/-/request-2.48.12.tgz 165ms (cache miss)
141 timing reifyNode:node_modules/@types/request Completed in 182ms
142 http fetch GET 200 https://registry.npmjs.org/@types/tough-cookie/-/tough-cookie-4.0.5.tgz 166ms (cache miss)
143 timing reifyNode:node_modules/@types/tough-cookie Completed in 183ms
144 http fetch GET 200 https://registry.npmjs.org/form-data/-/form-data-2.5.1.tgz 169ms (cache miss)
145 timing reifyNode:node_modules/form-data Completed in 185ms
146 timing reifyNode:node_modules/mime-db Completed in 187ms
147 timing reifyNode:node_modules/asynckit Completed in 187ms
148 http fetch GET 200 https://registry.npmjs.org/@types/caseless/-/caseless-0.12.5.tgz 156ms (cache miss)
149 timing reifyNode:node_modules/@types/caseless Completed in 188ms
150 http fetch GET 200 https://registry.npmjs.org/@types/is-typedarray/-/is-typedarray-1.0.2.tgz 165ms (cache miss)
151 timing reifyNode:node_modules/@types/is-typedarray Completed in 188ms
152 http fetch GET 200 https://registry.npmjs.org/@types/json-stringify-safe/-/json-stringify-safe-5.0.3.tgz 168ms (cache miss)
153 timing reifyNode:node_modules/@types/json-stringify-safe Completed in 189ms
154 http fetch GET 200 https://registry.npmjs.org/@types/isstream/-/isstream-0.1.2.tgz 173ms (cache miss)
155 timing reifyNode:node_modules/@types/isstream Completed in 195ms
156 http fetch GET 200 https://registry.npmjs.org/@types/aws4/-/aws4-1.11.6.tgz 220ms (cache miss)
157 timing reifyNode:node_modules/@types/aws4 Completed in 253ms
158 http fetch GET 200 https://registry.npmjs.org/@types/forever-agent/-/forever-agent-0.6.4.tgz 324ms (cache miss)
159 timing reifyNode:node_modules/@types/forever-agent Completed in 352ms
160 http fetch GET 200 https://registry.npmjs.org/@types/http-signature/-/http-signature-1.3.3.tgz 326ms (cache miss)
161 timing reifyNode:node_modules/@types/http-signature Completed in 352ms
162 http fetch GET 200 https://registry.npmjs.org/@types/extend/-/extend-3.0.4.tgz 325ms (cache miss)
163 timing reifyNode:node_modules/@types/extend Completed in 353ms
164 timing reify:unpack Completed in 354ms
165 timing reify:unretire Completed in 0ms
166 timing build:queue Completed in 2ms
167 timing build:deps Completed in 2ms
168 timing build Completed in 2ms
169 timing reify:build Completed in 3ms
170 timing reify:trash Completed in 0ms
171 timing reify:save Completed in 48ms
172 timing reify Completed in 1464ms
173 silly ADD node_modules/mime-db
174 silly ADD node_modules/delayed-stream
175 silly ADD node_modules/mime-types
176 silly ADD node_modules/combined-stream
177 silly ADD node_modules/asynckit
178 silly ADD node_modules/form-data
179 silly ADD node_modules/@types/tough-cookie
180 silly ADD node_modules/@types/request
181 silly ADD node_modules/@types/mime-types
182 silly ADD node_modules/@types/json-stringify-safe
183 silly ADD node_modules/@types/isstream
184 silly ADD node_modules/@types/is-typedarray
185 silly ADD node_modules/@types/http-signature
186 silly ADD node_modules/@types/forever-agent
187 silly ADD node_modules/@types/extend
188 silly ADD node_modules/@types/caseless
189 silly ADD node_modules/@types/aws4
190 timing command:install Completed in 1472ms
191 verbose exit 0
192 timing npm Completed in 1743ms
193 info ok
