0 verbose cli /opt/bitnami/node/bin/node /opt/bitnami/node/bin/npm
1 info using npm@10.2.3
2 info using node@v18.19.0
3 timing npm:load:whichnode Completed in 2ms
4 timing config:load:defaults Completed in 3ms
5 timing config:load:file:/opt/bitnami/node/lib/node_modules/npm/npmrc Completed in 0ms
6 timing config:load:builtin Completed in 0ms
7 timing config:load:cli Completed in 3ms
8 timing config:load:env Completed in 1ms
9 timing config:load:file:/home/bitnami/blogger/.npmrc Completed in 0ms
10 timing config:load:project Completed in 3ms
11 timing config:load:file:/home/bitnami/.npmrc Completed in 1ms
12 timing config:load:user Completed in 1ms
13 timing config:load:file:/opt/bitnami/node/etc/npmrc Completed in 0ms
14 timing config:load:global Completed in 0ms
15 timing config:load:setEnvs Completed in 1ms
16 timing config:load Completed in 12ms
17 timing npm:load:configload Completed in 12ms
18 timing config:load:flatten Completed in 2ms
19 timing npm:load:mkdirpcache Completed in 1ms
20 timing npm:load:mkdirplogs Completed in 0ms
21 verbose title npm view morgan description dist-tags.latest homepage version time
22 verbose argv "view" "--json" "--" "morgan" "description" "dist-tags.latest" "homepage" "version" "time"
23 timing npm:load:setTitle Completed in 1ms
24 timing npm:load:display Completed in 1ms
25 verbose logfile logs-max:10 dir:/home/bitnami/.npm/_logs/2024-02-19T03_01_36_984Z-
26 verbose logfile /home/bitnami/.npm/_logs/2024-02-19T03_01_36_984Z-debug-0.log
27 timing npm:load:logFile Completed in 10ms
28 timing npm:load:timers Completed in 0ms
29 timing npm:load:configScope Completed in 0ms
30 timing npm:load Completed in 46ms
31 silly logfile start cleaning logs, removing 1 files
32 silly logfile done cleaning log files
33 http fetch GET 200 https://registry.npmjs.org/morgan 265ms (cache miss)
34 timing command:view Completed in 315ms
35 verbose exit 0
36 timing npm Completed in 509ms
37 info ok
