0 verbose cli /opt/bitnami/node/bin/node /opt/bitnami/node/bin/npm
1 info using npm@10.2.3
2 info using node@v18.19.0
3 timing npm:load:whichnode Completed in 1ms
4 timing config:load:defaults Completed in 3ms
5 timing config:load:file:/opt/bitnami/node/lib/node_modules/npm/npmrc Completed in 11ms
6 timing config:load:builtin Completed in 11ms
7 timing config:load:cli Completed in 7ms
8 timing config:load:env Completed in 0ms
9 timing config:load:file:/home/bitnami/blogger/.npmrc Completed in 0ms
10 timing config:load:project Completed in 4ms
11 timing config:load:file:/home/bitnami/.npmrc Completed in 0ms
12 timing config:load:user Completed in 1ms
13 timing config:load:file:/opt/bitnami/node/etc/npmrc Completed in 0ms
14 timing config:load:global Completed in 0ms
15 timing config:load:setEnvs Completed in 1ms
16 timing config:load Completed in 28ms
17 timing npm:load:configload Completed in 28ms
18 timing config:load:flatten Completed in 3ms
19 timing npm:load:mkdirpcache Completed in 0ms
20 timing npm:load:mkdirplogs Completed in 0ms
21 verbose title npm install jquery
22 verbose argv "install" "jquery"
23 timing npm:load:setTitle Completed in 1ms
24 timing npm:load:display Completed in 0ms
25 verbose logfile logs-max:10 dir:/home/bitnami/.npm/_logs/2024-02-26T23_43_13_419Z-
26 verbose logfile /home/bitnami/.npm/_logs/2024-02-26T23_43_13_419Z-debug-0.log
27 timing npm:load:logFile Completed in 9ms
28 timing npm:load:timers Completed in 0ms
29 timing npm:load:configScope Completed in 0ms
30 timing npm:load Completed in 57ms
31 timing arborist:ctor Completed in 1ms
32 silly logfile start cleaning logs, removing 1 files
33 silly logfile done cleaning log files
34 timing idealTree:init Completed in 112ms
35 timing idealTree:userRequests Completed in 1ms
36 silly idealTree buildDeps
37 silly fetch manifest jquery@*
38 timing arborist:ctor Completed in 0ms
39 http fetch GET 200 https://registry.npmjs.org/jquery 231ms (cache updated)
40 silly placeDep ROOT jquery@3.7.1 OK for: blogger@0.0.0 want: *
41 timing idealTree:#root Completed in 242ms
42 timing idealTree:node_modules/jquery Completed in 0ms
43 timing idealTree:buildDeps Completed in 243ms
44 timing idealTree:fixDepFlags Completed in 6ms
45 timing idealTree Completed in 367ms
46 timing reify:loadTrees Completed in 369ms
47 timing reify:diffTrees Completed in 11ms
48 silly reify moves {}
49 timing reify:retireShallow Completed in 1ms
50 timing reify:createSparse Completed in 2ms
51 timing reify:loadBundles Completed in 0ms
52 silly audit bulk request {
52 silly audit   '@mongodb-js/saslprep': [ '1.1.4' ],
52 silly audit   '@popperjs/core': [ '2.11.8' ],
52 silly audit   '@types/babel-types': [ '7.0.15' ],
52 silly audit   '@types/babylon': [ '6.16.9' ],
52 silly audit   '@types/webidl-conversions': [ '7.0.3' ],
52 silly audit   '@types/whatwg-url': [ '11.0.4' ],
52 silly audit   accepts: [ '1.3.8' ],
52 silly audit   acorn: [ '4.0.13', '3.3.0' ],
52 silly audit   'acorn-globals': [ '3.1.0' ],
52 silly audit   'align-text': [ '0.1.4' ],
52 silly audit   'array-flatten': [ '1.1.1' ],
52 silly audit   asap: [ '2.0.6' ],
52 silly audit   'babel-runtime': [ '6.26.0' ],
52 silly audit   'babel-types': [ '6.26.0' ],
52 silly audit   babylon: [ '6.18.0' ],
52 silly audit   'basic-auth': [ '2.0.1' ],
52 silly audit   'body-parser': [ '1.20.1' ],
52 silly audit   depd: [ '2.0.0', '1.1.2' ],
52 silly audit   'http-errors': [ '2.0.0', '1.6.3' ],
52 silly audit   inherits: [ '2.0.4', '2.0.3' ],
52 silly audit   'on-finished': [ '2.4.1', '2.3.0' ],
52 silly audit   setprototypeof: [ '1.2.0', '1.1.0' ],
52 silly audit   statuses: [ '2.0.1', '1.4.0' ],
52 silly audit   boostrap: [ '2.0.0' ],
52 silly audit   bootstrap: [ '5.2.3' ],
52 silly audit   bson: [ '6.3.0' ],
52 silly audit   bytes: [ '3.1.2' ],
52 silly audit   'call-bind': [ '1.0.6' ],
52 silly audit   camelcase: [ '1.2.1' ],
52 silly audit   'center-align': [ '0.1.3' ],
52 silly audit   'character-parser': [ '2.2.0' ],
52 silly audit   'clean-css': [ '4.2.4' ],
52 silly audit   cliui: [ '2.1.0' ],
52 silly audit   constantinople: [ '3.1.2' ],
52 silly audit   'content-disposition': [ '0.5.4' ],
52 silly audit   'safe-buffer': [ '5.2.1', '5.1.2' ],
52 silly audit   'content-type': [ '1.0.5' ],
52 silly audit   cookie: [ '0.4.1', '0.5.0' ],
52 silly audit   'cookie-parser': [ '1.4.6' ],
52 silly audit   'cookie-signature': [ '1.0.6' ],
52 silly audit   'core-js': [ '2.6.12' ],
52 silly audit   debug: [ '2.6.9', '4.3.4' ],
52 silly audit   decamelize: [ '1.2.0' ],
52 silly audit   'define-data-property': [ '1.1.2' ],
52 silly audit   destroy: [ '1.2.0' ],
52 silly audit   doctypes: [ '1.1.0' ],
52 silly audit   'ee-first': [ '1.1.1' ],
52 silly audit   encodeurl: [ '1.0.2' ],
52 silly audit   'es-errors': [ '1.3.0' ],
52 silly audit   'escape-html': [ '1.0.3' ],
52 silly audit   esutils: [ '2.0.3' ],
52 silly audit   etag: [ '1.8.1' ],
52 silly audit   express: [ '4.18.2' ],
52 silly audit   finalhandler: [ '1.2.0' ],
52 silly audit   forwarded: [ '0.2.0' ],
52 silly audit   fresh: [ '0.5.2' ],
52 silly audit   'function-bind': [ '1.1.2' ],
52 silly audit   'get-intrinsic': [ '1.2.4' ],
52 silly audit   gopd: [ '1.0.1' ],
52 silly audit   'has-property-descriptors': [ '1.0.1' ],
52 silly audit   'has-proto': [ '1.0.1' ],
52 silly audit   'has-symbols': [ '1.0.3' ],
52 silly audit   'has-tostringtag': [ '1.0.2' ],
52 silly audit   hasown: [ '2.0.1' ],
52 silly audit   'iconv-lite': [ '0.4.24' ],
52 silly audit   'ipaddr.js': [ '1.9.1' ],
52 silly audit   'is-buffer': [ '1.1.6' ],
52 silly audit   'is-core-module': [ '2.13.1' ],
52 silly audit   'is-expression': [ '3.0.0' ],
52 silly audit   'is-promise': [ '2.2.2' ],
52 silly audit   'is-regex': [ '1.1.4' ],
52 silly audit   'js-stringify': [ '1.0.2' ],
52 silly audit   jstransformer: [ '1.0.0' ],
52 silly audit   kareem: [ '2.5.1' ],
52 silly audit   'kind-of': [ '3.2.2' ],
52 silly audit   'lazy-cache': [ '1.0.4' ],
52 silly audit   lodash: [ '4.17.21' ],
52 silly audit   longest: [ '1.0.1' ],
52 silly audit   'media-typer': [ '0.3.0' ],
52 silly audit   'memory-pager': [ '1.5.0' ],
52 silly audit   'merge-descriptors': [ '1.0.1' ],
52 silly audit   methods: [ '1.1.2' ],
52 silly audit   mime: [ '1.6.0' ],
52 silly audit   'mime-db': [ '1.52.0' ],
52 silly audit   'mime-types': [ '2.1.35' ],
52 silly audit   mongodb: [ '6.3.0' ],
52 silly audit   'mongodb-connection-string-url': [ '3.0.0' ],
52 silly audit   mongoose: [ '8.1.3' ],
52 silly audit   ms: [ '2.1.3', '2.1.2', '2.0.0' ],
52 silly audit   morgan: [ '1.9.1' ],
52 silly audit   mpath: [ '0.9.0' ],
52 silly audit   mquery: [ '5.0.0' ],
52 silly audit   negotiator: [ '0.6.3' ],
52 silly audit   'object-assign': [ '4.1.1' ],
52 silly audit   'object-inspect': [ '1.13.1' ],
52 silly audit   'on-headers': [ '1.0.2' ],
52 silly audit   parseurl: [ '1.3.3' ],
52 silly audit   'path-parse': [ '1.0.7' ],
52 silly audit   'path-to-regexp': [ '0.1.7' ],
52 silly audit   promise: [ '7.3.1' ],
52 silly audit   'proxy-addr': [ '2.0.7' ],
52 silly audit   pug: [ '2.0.4' ],
52 silly audit   'pug-attrs': [ '2.0.4' ],
52 silly audit   'pug-code-gen': [ '2.0.3' ],
52 silly audit   'pug-error': [ '1.3.3' ],
52 silly audit   'pug-filters': [ '3.1.1' ],
52 silly audit   'pug-lexer': [ '4.1.0' ],
52 silly audit   'pug-linker': [ '3.0.6' ],
52 silly audit   'pug-load': [ '2.0.12' ],
52 silly audit   'pug-parser': [ '5.0.1' ],
52 silly audit   'pug-runtime': [ '2.0.5' ],
52 silly audit   'pug-strip-comments': [ '1.0.4' ],
52 silly audit   'pug-walk': [ '1.1.8' ],
52 silly audit   punycode: [ '2.3.1' ],
52 silly audit   qs: [ '6.11.0' ],
52 silly audit   'range-parser': [ '1.2.1' ],
52 silly audit   'raw-body': [ '2.5.1' ],
52 silly audit   'regenerator-runtime': [ '0.11.1' ],
52 silly audit   'repeat-string': [ '1.6.1' ],
52 silly audit   resolve: [ '1.22.8' ],
52 silly audit   'right-align': [ '0.1.3' ],
52 silly audit   'safer-buffer': [ '2.1.2' ],
52 silly audit   send: [ '0.18.0' ],
52 silly audit   'serve-static': [ '1.15.0' ],
52 silly audit   'set-function-length': [ '1.2.1' ],
52 silly audit   'side-channel': [ '1.0.5' ],
52 silly audit   sift: [ '16.0.1' ],
52 silly audit   'source-map': [ '0.6.1', '0.5.7' ],
52 silly audit   'sparse-bitfield': [ '3.0.3' ],
52 silly audit   'supports-preserve-symlinks-flag': [ '1.0.0' ],
52 silly audit   'to-fast-properties': [ '1.0.3' ],
52 silly audit   toidentifier: [ '1.0.1' ],
52 silly audit   'token-stream': [ '0.0.1' ],
52 silly audit   tr46: [ '4.1.1' ],
52 silly audit   'type-is': [ '1.6.18' ],
52 silly audit   'uglify-js': [ '2.8.29' ],
52 silly audit   'uglify-to-browserify': [ '1.0.2' ],
52 silly audit   unpipe: [ '1.0.0' ],
52 silly audit   'utils-merge': [ '1.0.1' ],
52 silly audit   vary: [ '1.1.2' ],
52 silly audit   'void-elements': [ '2.0.1' ],
52 silly audit   'webidl-conversions': [ '7.0.0' ],
52 silly audit   'whatwg-url': [ '13.0.0' ],
52 silly audit   'window-size': [ '0.1.0' ],
52 silly audit   with: [ '5.1.1' ],
52 silly audit   wordwrap: [ '0.0.2' ],
52 silly audit   yargs: [ '3.10.0' ],
52 silly audit   jquery: [ '3.7.1' ]
52 silly audit }
53 http fetch POST 200 https://registry.npmjs.org/-/npm/v1/security/advisories/bulk 101ms
54 timing auditReport:getReport Completed in 110ms
55 silly audit report {
55 silly audit report   pug: [
55 silly audit report     {
55 silly audit report       id: 1090004,
55 silly audit report       url: 'https://github.com/advisories/GHSA-p493-635q-r6gr',
55 silly audit report       title: 'Remote code execution via the `pretty` option.',
55 silly audit report       severity: 'high',
55 silly audit report       vulnerable_versions: '<3.0.1',
55 silly audit report       cwe: [Array],
55 silly audit report       cvss: [Object]
55 silly audit report     }
55 silly audit report   ]
55 silly audit report }
56 timing reifyNode:node_modules/jquery Completed in 104ms
57 timing reify:unpack Completed in 104ms
58 timing reify:unretire Completed in 1ms
59 timing build:queue Completed in 1ms
60 timing build:deps Completed in 1ms
61 timing build Completed in 1ms
62 timing reify:build Completed in 2ms
63 timing reify:trash Completed in 0ms
64 timing metavuln:cache:get:security-advisory:pug:aw4UBo01sQ0+MOZGmaLMexGAQu5MkN2Z4JPqwU3MdmIfNIvGTBl3dsyav/orDHlvgYzGlb9A2y5VHQXKVoCfmA== Completed in 91ms
65 timing reify:save Completed in 87ms
66 http fetch GET 200 https://registry.npmjs.org/pug 161ms (cache revalidated)
67 timing metavuln:packument:pug Completed in 162ms
68 timing metavuln:load:security-advisory:pug:1090004 Completed in 1ms
69 timing metavuln:calculate:security-advisory:pug:1090004 Completed in 165ms
70 timing auditReport:init Completed in 170ms
71 timing reify:audit Completed in 281ms
72 timing reify Completed in 674ms
73 silly ADD node_modules/jquery
74 timing command:install Completed in 691ms
75 verbose exit 0
76 timing npm Completed in 991ms
77 info ok
