0 verbose cli /opt/bitnami/node/bin/node /opt/bitnami/node/bin/npm
1 info using npm@10.2.3
2 info using node@v18.19.0
3 timing npm:load:whichnode Completed in 12ms
4 timing config:load:defaults Completed in 7ms
5 timing config:load:file:/opt/bitnami/node/lib/node_modules/npm/npmrc Completed in 0ms
6 timing config:load:builtin Completed in 1ms
7 timing config:load:cli Completed in 4ms
8 timing config:load:env Completed in 1ms
9 timing config:load:file:/home/bitnami/.cache/typescript/5.3/.npmrc Completed in 0ms
10 timing config:load:project Completed in 3ms
11 timing config:load:file:/home/bitnami/.npmrc Completed in 1ms
12 timing config:load:user Completed in 1ms
13 timing config:load:file:/opt/bitnami/node/etc/npmrc Completed in 0ms
14 timing config:load:global Completed in 0ms
15 timing config:load:setEnvs Completed in 1ms
16 timing config:load Completed in 18ms
17 timing npm:load:configload Completed in 18ms
18 timing config:load:flatten Completed in 3ms
19 timing npm:load:mkdirpcache Completed in 1ms
20 timing npm:load:mkdirplogs Completed in 0ms
21 verbose title npm install @types/bootstrap@ts5.3 @types/cookie-parser@ts5.3 @types/debug@ts5.3 @types/express@ts5.3 @types/http-errors@ts5.3 @types/morgan@ts5.3 @types/pug@ts5.3 @types/jade@ts5.3
22 verbose argv "install" "--ignore-scripts" "@types/bootstrap@ts5.3" "@types/cookie-parser@ts5.3" "@types/debug@ts5.3" "@types/express@ts5.3" "@types/http-errors@ts5.3" "@types/morgan@ts5.3" "@types/pug@ts5.3" "@types/jade@ts5.3" "--save-dev" "--user-agent" "typesInstaller/5.3.2"
23 timing npm:load:setTitle Completed in 2ms
24 timing npm:load:display Completed in 0ms
25 verbose logfile logs-max:10 dir:/home/bitnami/.npm/_logs/2024-02-12T23_04_11_027Z-
26 verbose logfile /home/bitnami/.npm/_logs/2024-02-12T23_04_11_027Z-debug-0.log
27 timing npm:load:logFile Completed in 12ms
28 timing npm:load:timers Completed in 0ms
29 timing npm:load:configScope Completed in 1ms
30 timing npm:load Completed in 65ms
31 timing arborist:ctor Completed in 1ms
32 silly logfile start cleaning logs, removing 1 files
33 silly logfile done cleaning log files
34 timing idealTree:init Completed in 30ms
35 timing arborist:ctor Completed in 0ms
36 http fetch GET 200 https://registry.npmjs.org/@types%2fdebug 208ms (cache revalidated)
37 http fetch GET 200 https://registry.npmjs.org/@types%2fcookie-parser 214ms (cache revalidated)
38 http fetch GET 200 https://registry.npmjs.org/@types%2fhttp-errors 214ms (cache revalidated)
39 http fetch GET 200 https://registry.npmjs.org/@types%2fpug 215ms (cache revalidated)
40 http fetch GET 200 https://registry.npmjs.org/@types%2fexpress 217ms (cache revalidated)
41 http fetch GET 200 https://registry.npmjs.org/@types%2fmorgan 251ms (cache revalidated)
42 http fetch GET 200 https://registry.npmjs.org/@types%2fbootstrap 484ms (cache revalidated)
43 http fetch GET 200 https://registry.npmjs.org/@types%2fjade 867ms (cache revalidated)
44 timing idealTree:userRequests Completed in 874ms
45 silly idealTree buildDeps
46 silly fetch manifest @types/bootstrap@5.2.10
47 silly fetch manifest @types/cookie-parser@1.4.6
48 silly fetch manifest @types/debug@4.1.12
49 silly fetch manifest @types/express@4.17.21
50 silly fetch manifest @types/http-errors@2.0.4
51 silly fetch manifest @types/jade@0.0.34
52 silly fetch manifest @types/morgan@1.9.9
53 silly fetch manifest @types/pug@2.0.10
54 silly placeDep ROOT @types/bootstrap@5.2.10 REPLACE for:  want: 5.2.10
55 silly placeDep ROOT @types/cookie-parser@1.4.6 REPLACE for:  want: 1.4.6
56 silly placeDep ROOT @types/debug@4.1.12 REPLACE for:  want: 4.1.12
57 silly placeDep ROOT @types/express@4.17.21 REPLACE for:  want: 4.17.21
58 silly placeDep ROOT @types/http-errors@2.0.4 REPLACE for:  want: 2.0.4
59 silly placeDep ROOT @types/jade@0.0.34 REPLACE for:  want: 0.0.34
60 silly placeDep ROOT @types/morgan@1.9.9 REPLACE for:  want: 1.9.9
61 silly placeDep ROOT @types/pug@2.0.10 REPLACE for:  want: 2.0.10
62 timing idealTree:#root Completed in 36ms
63 timing idealTree:node_modules/@types/bootstrap Completed in 0ms
64 timing idealTree:node_modules/@types/cookie-parser Completed in 0ms
65 timing idealTree:node_modules/@types/debug Completed in 0ms
66 timing idealTree:node_modules/@types/express Completed in 0ms
67 timing idealTree:node_modules/@types/http-errors Completed in 0ms
68 timing idealTree:node_modules/@types/jade Completed in 0ms
69 timing idealTree:node_modules/@types/morgan Completed in 0ms
70 timing idealTree:node_modules/@types/pug Completed in 0ms
71 timing idealTree:buildDeps Completed in 38ms
72 timing idealTree:fixDepFlags Completed in 1ms
73 timing idealTree Completed in 944ms
74 timing reify:loadTrees Completed in 945ms
75 timing reify:diffTrees Completed in 2ms
76 silly reify moves {}
77 timing reify:retireShallow Completed in 2ms
78 timing reify:createSparse Completed in 0ms
79 timing reify:loadBundles Completed in 0ms
80 silly audit bulk request {
80 silly audit   '@popperjs/core': [ '2.11.8' ],
80 silly audit   '@types/body-parser': [ '1.19.5' ],
80 silly audit   '@types/connect': [ '3.4.38' ],
80 silly audit   '@types/ejs': [ '3.1.5' ],
80 silly audit   '@types/express-serve-static-core': [ '4.17.42' ],
80 silly audit   '@types/jquery': [ '3.5.29' ],
80 silly audit   '@types/mime': [ '1.3.5' ],
80 silly audit   '@types/ms': [ '0.7.34' ],
80 silly audit   '@types/node': [ '20.11.10' ],
80 silly audit   '@types/prop-types': [ '15.7.11' ],
80 silly audit   '@types/qs': [ '6.9.11' ],
80 silly audit   '@types/range-parser': [ '1.2.7' ],
80 silly audit   '@types/react': [ '18.2.55' ],
80 silly audit   '@types/scheduler': [ '0.16.8' ],
80 silly audit   '@types/send': [ '0.17.4' ],
80 silly audit   '@types/serve-static': [ '1.15.5' ],
80 silly audit   '@types/sizzle': [ '2.3.8' ],
80 silly audit   csstype: [ '3.1.3' ],
80 silly audit   'types-registry': [ '0.1.683' ],
80 silly audit   'undici-types': [ '5.26.5' ],
80 silly audit   '@types/bootstrap': [ '5.2.10' ],
80 silly audit   '@types/cookie-parser': [ '1.4.6' ],
80 silly audit   '@types/debug': [ '4.1.12' ],
80 silly audit   '@types/express': [ '4.17.21' ],
80 silly audit   '@types/http-errors': [ '2.0.4' ],
80 silly audit   '@types/jade': [ '0.0.34' ],
80 silly audit   '@types/morgan': [ '1.9.9' ],
80 silly audit   '@types/pug': [ '2.0.10' ]
80 silly audit }
81 timing reify:unpack Completed in 1ms
82 timing reify:unretire Completed in 0ms
83 timing build:queue Completed in 0ms
84 timing build:deps Completed in 0ms
85 timing build Completed in 1ms
86 timing reify:build Completed in 1ms
87 timing reify:trash Completed in 0ms
88 timing reify:save Completed in 23ms
89 http fetch POST 200 https://registry.npmjs.org/-/npm/v1/security/advisories/bulk 99ms
90 timing auditReport:getReport Completed in 104ms
91 silly audit report {}
92 timing auditReport:init Completed in 0ms
93 timing reify:audit Completed in 104ms
94 timing reify Completed in 1061ms
95 timing command:install Completed in 1076ms
96 verbose exit 0
97 timing npm Completed in 1380ms
98 info ok
