0 verbose cli /opt/bitnami/node/bin/node /opt/bitnami/node/bin/npm
1 info using npm@10.2.3
2 info using node@v18.19.0
3 timing npm:load:whichnode Completed in 3ms
4 timing config:load:defaults Completed in 3ms
5 timing config:load:file:/opt/bitnami/node/lib/node_modules/npm/npmrc Completed in 19ms
6 timing config:load:builtin Completed in 19ms
7 timing config:load:cli Completed in 6ms
8 timing config:load:env Completed in 1ms
9 timing config:load:project Completed in 1ms
10 timing config:load:file:/home/bitnami/.npmrc Completed in 1ms
11 timing config:load:user Completed in 1ms
12 timing config:load:file:/opt/bitnami/node/etc/npmrc Completed in 0ms
13 timing config:load:global Completed in 0ms
14 timing config:load:setEnvs Completed in 1ms
15 timing config:load Completed in 33ms
16 timing npm:load:configload Completed in 33ms
17 timing config:load:flatten Completed in 2ms
18 timing npm:load:mkdirpcache Completed in 0ms
19 timing npm:load:mkdirplogs Completed in 0ms
20 verbose title npm install pug
21 verbose argv "install" "pug"
22 timing npm:load:setTitle Completed in 1ms
23 timing npm:load:display Completed in 1ms
24 verbose logfile logs-max:10 dir:/home/bitnami/.npm/_logs/2024-01-29T23_23_17_246Z-
25 verbose logfile /home/bitnami/.npm/_logs/2024-01-29T23_23_17_246Z-debug-0.log
26 timing npm:load:logFile Completed in 10ms
27 timing npm:load:timers Completed in 2ms
28 timing npm:load:configScope Completed in 0ms
29 timing npm:load Completed in 67ms
30 timing arborist:ctor Completed in 1ms
31 silly logfile done cleaning log files
32 timing arborist:ctor Completed in 1ms
33 timing idealTree:init Completed in 13ms
34 timing idealTree:userRequests Completed in 3ms
35 silly idealTree buildDeps
36 silly fetch manifest cookie-parser@~1.4.4
37 http fetch GET 200 https://registry.npmjs.org/cookie-parser 117ms (cache miss)
38 silly fetch manifest debug@~2.6.9
39 http fetch GET 200 https://registry.npmjs.org/debug 40ms (cache revalidated)
40 silly fetch manifest express@~4.16.1
41 http fetch GET 200 https://registry.npmjs.org/express 34ms (cache revalidated)
42 silly fetch manifest http-errors@~1.6.3
43 http fetch GET 200 https://registry.npmjs.org/http-errors 79ms (cache revalidated)
44 silly fetch manifest jade@~1.11.0
45 http fetch GET 200 https://registry.npmjs.org/jade 37ms (cache miss)
46 silly fetch manifest morgan@~1.9.1
47 http fetch GET 200 https://registry.npmjs.org/morgan 31ms (cache revalidated)
48 silly fetch manifest pug@*
49 http fetch GET 200 https://registry.npmjs.org/pug 30ms (cache miss)
50 silly placeDep ROOT cookie-parser@1.4.6 OK for: bitnami@0.0.0 want: ~1.4.4
51 silly fetch manifest cookie@0.4.1
52 silly fetch manifest cookie-signature@1.0.6
53 silly placeDep ROOT debug@2.6.9 OK for: bitnami@0.0.0 want: ~2.6.9
54 silly fetch manifest ms@2.0.0
55 silly placeDep ROOT express@4.16.4 OK for: bitnami@0.0.0 want: ~4.16.1
56 silly fetch manifest accepts@~1.3.5
57 silly fetch manifest array-flatten@1.1.1
58 silly fetch manifest body-parser@1.18.3
59 silly fetch manifest content-disposition@0.5.2
60 silly fetch manifest content-type@~1.0.4
61 silly fetch manifest cookie@0.3.1
62 silly fetch manifest depd@~1.1.2
63 silly fetch manifest encodeurl@~1.0.2
64 silly fetch manifest escape-html@~1.0.3
65 silly fetch manifest etag@~1.8.1
66 silly fetch manifest finalhandler@1.1.1
67 silly fetch manifest fresh@0.5.2
68 silly fetch manifest merge-descriptors@1.0.1
69 silly fetch manifest methods@~1.1.2
70 silly fetch manifest on-finished@~2.3.0
71 silly fetch manifest parseurl@~1.3.2
72 silly fetch manifest path-to-regexp@0.1.7
73 silly fetch manifest proxy-addr@~2.0.4
74 silly fetch manifest qs@6.5.2
75 silly fetch manifest range-parser@~1.2.0
76 silly fetch manifest safe-buffer@5.1.2
77 silly fetch manifest send@0.16.2
78 silly fetch manifest serve-static@1.13.2
79 silly fetch manifest setprototypeof@1.1.0
80 silly fetch manifest statuses@~1.4.0
81 silly fetch manifest type-is@~1.6.16
82 silly fetch manifest utils-merge@1.0.1
83 silly fetch manifest vary@~1.1.2
84 silly placeDep ROOT http-errors@1.6.3 OK for: bitnami@0.0.0 want: ~1.6.3
85 silly fetch manifest inherits@2.0.3
86 silly fetch manifest statuses@>= 1.4.0 < 2
87 silly placeDep ROOT jade@1.11.0 OK for: bitnami@0.0.0 want: ~1.11.0
88 silly fetch manifest character-parser@1.2.1
89 silly fetch manifest clean-css@^3.1.9
90 silly fetch manifest commander@~2.6.0
91 silly fetch manifest constantinople@~3.0.1
92 silly fetch manifest jstransformer@0.0.2
93 silly fetch manifest mkdirp@~0.5.0
94 silly fetch manifest transformers@2.1.0
95 silly fetch manifest uglify-js@^2.4.19
96 silly fetch manifest void-elements@~2.0.1
97 silly fetch manifest with@~4.0.0
98 silly placeDep ROOT morgan@1.9.1 OK for: bitnami@0.0.0 want: ~1.9.1
99 silly fetch manifest basic-auth@~2.0.0
100 silly fetch manifest on-headers@~1.0.1
101 silly placeDep ROOT pug@3.0.2 OK for: bitnami@0.0.0 want: *
102 silly fetch manifest pug-code-gen@^3.0.2
103 silly fetch manifest pug-filters@^4.0.0
104 silly fetch manifest pug-lexer@^5.0.1
105 silly fetch manifest pug-linker@^4.0.0
106 silly fetch manifest pug-load@^3.0.0
107 silly fetch manifest pug-parser@^6.0.0
108 silly fetch manifest pug-runtime@^3.0.1
109 silly fetch manifest pug-strip-comments@^2.0.0
110 http fetch GET 200 https://registry.npmjs.org/void-elements 451ms (cache miss)
111 http fetch GET 200 https://registry.npmjs.org/body-parser 497ms (cache revalidated)
112 http fetch GET 200 https://registry.npmjs.org/accepts 501ms (cache revalidated)
113 http fetch GET 200 https://registry.npmjs.org/cookie 512ms (cache revalidated)
114 http fetch GET 200 https://registry.npmjs.org/cookie 495ms (cache revalidated)
115 http fetch GET 200 https://registry.npmjs.org/encodeurl 494ms (cache revalidated)
116 http fetch GET 200 https://registry.npmjs.org/content-type 499ms (cache revalidated)
117 http fetch GET 200 https://registry.npmjs.org/etag 497ms (cache revalidated)
118 http fetch GET 200 https://registry.npmjs.org/content-disposition 507ms (cache revalidated)
119 http fetch GET 200 https://registry.npmjs.org/merge-descriptors 501ms (cache revalidated)
120 http fetch GET 200 https://registry.npmjs.org/character-parser 478ms (cache miss)
121 http fetch GET 200 https://registry.npmjs.org/ms 522ms (cache revalidated)
122 http fetch GET 200 https://registry.npmjs.org/escape-html 506ms (cache revalidated)
123 http fetch GET 200 https://registry.npmjs.org/pug-filters 468ms (cache miss)
124 http fetch GET 200 https://registry.npmjs.org/pug-parser 462ms (cache miss)
125 http fetch GET 200 https://registry.npmjs.org/jstransformer 482ms (cache miss)
126 http fetch GET 200 https://registry.npmjs.org/methods 529ms (cache revalidated)
127 http fetch GET 200 https://registry.npmjs.org/cookie-signature 551ms (cache revalidated)
128 http fetch GET 200 https://registry.npmjs.org/range-parser 523ms (cache revalidated)
129 http fetch GET 200 https://registry.npmjs.org/proxy-addr 525ms (cache revalidated)
130 http fetch GET 200 https://registry.npmjs.org/constantinople 507ms (cache miss)
131 http fetch GET 200 https://registry.npmjs.org/serve-static 526ms (cache revalidated)
132 http fetch GET 200 https://registry.npmjs.org/finalhandler 540ms (cache revalidated)
133 http fetch GET 200 https://registry.npmjs.org/setprototypeof 527ms (cache revalidated)
134 http fetch GET 200 https://registry.npmjs.org/qs 532ms (cache revalidated)
135 http fetch GET 200 https://registry.npmjs.org/on-finished 542ms (cache revalidated)
136 http fetch GET 200 https://registry.npmjs.org/pug-load 520ms (cache miss)
137 http fetch GET 200 https://registry.npmjs.org/array-flatten 579ms (cache revalidated)
138 http fetch GET 200 https://registry.npmjs.org/inherits 549ms (cache revalidated)
139 http fetch GET 200 https://registry.npmjs.org/utils-merge 552ms (cache revalidated)
140 http fetch GET 200 https://registry.npmjs.org/type-is 556ms (cache revalidated)
141 http fetch GET 200 https://registry.npmjs.org/parseurl 570ms (cache revalidated)
142 http fetch GET 200 https://registry.npmjs.org/safe-buffer 565ms (cache revalidated)
143 http fetch GET 200 https://registry.npmjs.org/fresh 576ms (cache revalidated)
144 http fetch GET 200 https://registry.npmjs.org/vary 560ms (cache revalidated)
145 http fetch GET 200 https://registry.npmjs.org/commander 551ms (cache revalidated)
146 http fetch GET 200 https://registry.npmjs.org/statuses 563ms (cache revalidated)
147 http fetch GET 200 https://registry.npmjs.org/send 576ms (cache revalidated)
148 http fetch GET 200 https://registry.npmjs.org/mkdirp 557ms (cache revalidated)
149 http fetch GET 200 https://registry.npmjs.org/depd 595ms (cache revalidated)
150 http fetch GET 200 https://registry.npmjs.org/pug-runtime 554ms (cache miss)
151 http fetch GET 200 https://registry.npmjs.org/pug-linker 560ms (cache miss)
152 http fetch GET 200 https://registry.npmjs.org/path-to-regexp 603ms (cache revalidated)
153 http fetch GET 200 https://registry.npmjs.org/statuses 594ms (cache revalidated)
154 http fetch GET 200 https://registry.npmjs.org/basic-auth 569ms (cache revalidated)
155 http fetch GET 200 https://registry.npmjs.org/with 575ms (cache miss)
156 http fetch GET 200 https://registry.npmjs.org/pug-lexer 566ms (cache miss)
157 http fetch GET 200 https://registry.npmjs.org/pug-code-gen 568ms (cache miss)
158 http fetch GET 200 https://registry.npmjs.org/clean-css 588ms (cache miss)
159 http fetch GET 200 https://registry.npmjs.org/on-headers 578ms (cache revalidated)
160 http fetch GET 200 https://registry.npmjs.org/pug-strip-comments 567ms (cache miss)
161 http fetch GET 200 https://registry.npmjs.org/transformers 590ms (cache miss)
162 http fetch GET 200 https://registry.npmjs.org/uglify-js 595ms (cache miss)
163 timing idealTree:#root Completed in 1076ms
164 silly placeDep ROOT cookie@0.4.1 OK for: cookie-parser@1.4.6 want: 0.4.1
165 silly placeDep ROOT cookie-signature@1.0.6 OK for: cookie-parser@1.4.6 want: 1.0.6
166 timing idealTree:node_modules/cookie-parser Completed in 7ms
167 timing idealTree:node_modules/cookie Completed in 0ms
168 timing idealTree:node_modules/cookie-signature Completed in 0ms
169 silly placeDep ROOT ms@2.0.0 OK for: debug@2.6.9 want: 2.0.0
170 timing idealTree:node_modules/debug Completed in 2ms
171 silly placeDep ROOT accepts@1.3.8 OK for: express@4.16.4 want: ~1.3.5
172 silly fetch manifest mime-types@~2.1.34
173 silly fetch manifest negotiator@0.6.3
174 silly placeDep ROOT array-flatten@1.1.1 OK for: express@4.16.4 want: 1.1.1
175 silly placeDep ROOT body-parser@1.18.3 OK for: express@4.16.4 want: 1.18.3
176 silly fetch manifest bytes@3.0.0
177 silly fetch manifest iconv-lite@0.4.23
178 silly fetch manifest raw-body@2.3.3
179 silly placeDep ROOT content-disposition@0.5.2 OK for: express@4.16.4 want: 0.5.2
180 silly placeDep ROOT content-type@1.0.5 OK for: express@4.16.4 want: ~1.0.4
181 silly placeDep node_modules/express cookie@0.3.1 OK for: express@4.16.4 want: 0.3.1
182 silly placeDep ROOT depd@1.1.2 OK for: express@4.16.4 want: ~1.1.2
183 silly placeDep ROOT encodeurl@1.0.2 OK for: express@4.16.4 want: ~1.0.2
184 silly placeDep ROOT escape-html@1.0.3 OK for: express@4.16.4 want: ~1.0.3
185 silly placeDep ROOT etag@1.8.1 OK for: express@4.16.4 want: ~1.8.1
186 silly placeDep ROOT finalhandler@1.1.1 OK for: express@4.16.4 want: 1.1.1
187 silly fetch manifest unpipe@~1.0.0
188 silly placeDep ROOT fresh@0.5.2 OK for: express@4.16.4 want: 0.5.2
189 silly placeDep ROOT merge-descriptors@1.0.1 OK for: express@4.16.4 want: 1.0.1
190 silly placeDep ROOT methods@1.1.2 OK for: express@4.16.4 want: ~1.1.2
191 silly placeDep ROOT on-finished@2.3.0 OK for: express@4.16.4 want: ~2.3.0
192 silly fetch manifest ee-first@1.1.1
193 silly placeDep ROOT parseurl@1.3.3 OK for: express@4.16.4 want: ~1.3.2
194 silly placeDep ROOT path-to-regexp@0.1.7 OK for: express@4.16.4 want: 0.1.7
195 silly placeDep ROOT proxy-addr@2.0.7 OK for: express@4.16.4 want: ~2.0.4
196 silly fetch manifest forwarded@0.2.0
197 silly fetch manifest ipaddr.js@1.9.1
198 silly placeDep ROOT qs@6.5.2 OK for: express@4.16.4 want: 6.5.2
199 silly placeDep ROOT range-parser@1.2.1 OK for: express@4.16.4 want: ~1.2.0
200 silly placeDep ROOT safe-buffer@5.1.2 OK for: express@4.16.4 want: 5.1.2
201 silly placeDep ROOT send@0.16.2 OK for: express@4.16.4 want: 0.16.2
202 silly fetch manifest destroy@~1.0.4
203 silly fetch manifest mime@1.4.1
204 silly placeDep ROOT serve-static@1.13.2 OK for: express@4.16.4 want: 1.13.2
205 silly placeDep ROOT setprototypeof@1.1.0 OK for: express@4.16.4 want: 1.1.0
206 silly placeDep ROOT statuses@1.4.0 OK for: express@4.16.4 want: ~1.4.0
207 silly placeDep ROOT type-is@1.6.18 OK for: express@4.16.4 want: ~1.6.16
208 silly fetch manifest media-typer@0.3.0
209 silly fetch manifest mime-types@~2.1.24
210 silly placeDep ROOT utils-merge@1.0.1 OK for: express@4.16.4 want: 1.0.1
211 silly placeDep ROOT vary@1.1.2 OK for: express@4.16.4 want: ~1.1.2
212 http fetch GET 200 https://registry.npmjs.org/mime-types 85ms (cache revalidated)
213 http fetch GET 200 https://registry.npmjs.org/forwarded 66ms (cache revalidated)
214 http fetch GET 200 https://registry.npmjs.org/bytes 92ms (cache revalidated)
215 http fetch GET 200 https://registry.npmjs.org/raw-body 94ms (cache revalidated)
216 http fetch GET 200 https://registry.npmjs.org/iconv-lite 102ms (cache revalidated)
217 http fetch GET 200 https://registry.npmjs.org/mime 70ms (cache revalidated)
218 http fetch GET 200 https://registry.npmjs.org/negotiator 112ms (cache revalidated)
219 http fetch GET 200 https://registry.npmjs.org/unpipe 95ms (cache revalidated)
220 http fetch GET 200 https://registry.npmjs.org/mime-types 70ms (cache revalidated)
221 http fetch GET 200 https://registry.npmjs.org/destroy 77ms (cache revalidated)
222 http fetch GET 200 https://registry.npmjs.org/ipaddr.js 88ms (cache revalidated)
223 http fetch GET 200 https://registry.npmjs.org/media-typer 76ms (cache revalidated)
224 http fetch GET 200 https://registry.npmjs.org/ee-first 97ms (cache revalidated)
225 timing idealTree:node_modules/express Completed in 144ms
226 silly placeDep ROOT mime-types@2.1.35 OK for: accepts@1.3.8 want: ~2.1.34
227 silly fetch manifest mime-db@1.52.0
228 silly placeDep ROOT negotiator@0.6.3 OK for: accepts@1.3.8 want: 0.6.3
229 http fetch GET 200 https://registry.npmjs.org/mime-db 172ms (cache revalidated)
230 timing idealTree:node_modules/accepts Completed in 176ms
231 timing idealTree:node_modules/array-flatten Completed in 0ms
232 silly placeDep ROOT bytes@3.0.0 OK for: body-parser@1.18.3 want: 3.0.0
233 silly placeDep ROOT iconv-lite@0.4.23 OK for: body-parser@1.18.3 want: 0.4.23
234 silly fetch manifest safer-buffer@>= 2.1.2 < 3
235 silly placeDep ROOT raw-body@2.3.3 OK for: body-parser@1.18.3 want: 2.3.3
236 silly fetch manifest unpipe@1.0.0
237 http fetch GET 200 https://registry.npmjs.org/safer-buffer 75ms (cache revalidated)
238 timing idealTree:node_modules/body-parser Completed in 85ms
239 timing idealTree:node_modules/bytes Completed in 0ms
240 timing idealTree:node_modules/content-disposition Completed in 0ms
241 timing idealTree:node_modules/content-type Completed in 1ms
242 timing idealTree:node_modules/depd Completed in 0ms
243 timing idealTree:node_modules/encodeurl Completed in 0ms
244 timing idealTree:node_modules/escape-html Completed in 0ms
245 timing idealTree:node_modules/etag Completed in 0ms
246 silly placeDep ROOT unpipe@1.0.0 OK for: finalhandler@1.1.1 want: ~1.0.0
247 timing idealTree:node_modules/finalhandler Completed in 2ms
248 timing idealTree:node_modules/fresh Completed in 0ms
249 silly placeDep ROOT inherits@2.0.3 OK for: http-errors@1.6.3 want: 2.0.3
250 timing idealTree:node_modules/http-errors Completed in 1ms
251 silly placeDep ROOT safer-buffer@2.1.2 OK for: iconv-lite@0.4.23 want: >= 2.1.2 < 3
252 timing idealTree:node_modules/iconv-lite Completed in 2ms
253 timing idealTree:node_modules/inherits Completed in 0ms
254 silly placeDep ROOT character-parser@1.2.1 OK for: jade@1.11.0 want: 1.2.1
255 silly placeDep ROOT clean-css@3.4.28 OK for: jade@1.11.0 want: ^3.1.9
256 silly fetch manifest commander@2.8.x
257 silly fetch manifest source-map@0.4.x
258 silly placeDep ROOT commander@2.6.0 OK for: jade@1.11.0 want: ~2.6.0
259 silly placeDep ROOT constantinople@3.0.2 OK for: jade@1.11.0 want: ~3.0.1
260 silly fetch manifest acorn@^2.1.0
261 silly placeDep ROOT jstransformer@0.0.2 OK for: jade@1.11.0 want: 0.0.2
262 silly fetch manifest is-promise@^2.0.0
263 silly fetch manifest promise@^6.0.1
264 silly placeDep ROOT mkdirp@0.5.6 OK for: jade@1.11.0 want: ~0.5.0
265 silly fetch manifest minimist@^1.2.6
266 silly placeDep ROOT transformers@2.1.0 OK for: jade@1.11.0 want: 2.1.0
267 silly fetch manifest promise@~2.0
268 silly fetch manifest css@~1.0.8
269 silly fetch manifest uglify-js@~2.2.5
270 silly placeDep ROOT uglify-js@2.8.29 OK for: jade@1.11.0 want: ^2.4.19
271 silly fetch manifest source-map@~0.5.1
272 silly fetch manifest yargs@~3.10.0
273 silly fetch manifest uglify-to-browserify@~1.0.0
274 silly placeDep ROOT void-elements@2.0.1 OK for: jade@1.11.0 want: ~2.0.1
275 silly placeDep ROOT with@4.0.3 OK for: jade@1.11.0 want: ~4.0.0
276 silly fetch manifest acorn@^1.0.1
277 silly fetch manifest acorn-globals@^1.0.3
278 http fetch GET 200 https://registry.npmjs.org/minimist 88ms (cache revalidated)
279 http fetch GET 200 https://registry.npmjs.org/acorn 98ms (cache revalidated)
280 http fetch GET 200 https://registry.npmjs.org/acorn 80ms (cache revalidated)
281 http fetch GET 200 https://registry.npmjs.org/promise 103ms (cache miss)
282 http fetch GET 200 https://registry.npmjs.org/css 104ms (cache miss)
283 http fetch GET 200 https://registry.npmjs.org/uglify-to-browserify 101ms (cache miss)
284 http fetch GET 200 https://registry.npmjs.org/is-promise 115ms (cache miss)
285 http fetch GET 200 https://registry.npmjs.org/promise 114ms (cache miss)
286 http fetch GET 200 https://registry.npmjs.org/source-map 127ms (cache miss)
287 http fetch GET 200 https://registry.npmjs.org/acorn-globals 101ms (cache miss)
288 http fetch GET 200 https://registry.npmjs.org/source-map 110ms (cache miss)
289 http fetch GET 200 https://registry.npmjs.org/yargs 120ms (cache miss)
290 timing idealTree:node_modules/jade Completed in 157ms
291 timing idealTree:node_modules/character-parser Completed in 0ms
292 silly placeDep node_modules/clean-css commander@2.8.1 OK for: clean-css@3.4.28 want: 2.8.x
293 silly fetch manifest graceful-readlink@>= 1.0.0
294 silly placeDep ROOT source-map@0.4.4 OK for: clean-css@3.4.28 want: 0.4.x
295 silly fetch manifest amdefine@>=0.0.4
296 http fetch GET 200 https://registry.npmjs.org/graceful-readlink 52ms (cache miss)
297 http fetch GET 200 https://registry.npmjs.org/amdefine 49ms (cache miss)
298 timing idealTree:node_modules/clean-css Completed in 59ms
299 timing idealTree:node_modules/commander Completed in 0ms
300 silly placeDep ROOT acorn@2.7.0 OK for: constantinople@3.0.2 want: ^2.1.0
301 timing idealTree:node_modules/constantinople Completed in 2ms
302 timing idealTree:node_modules/acorn Completed in 0ms
303 silly placeDep ROOT is-promise@2.2.2 OK for: jstransformer@0.0.2 want: ^2.0.0
304 silly placeDep ROOT promise@6.1.0 OK for: jstransformer@0.0.2 want: ^6.0.1
305 silly fetch manifest asap@~1.0.0
306 http fetch GET 200 https://registry.npmjs.org/asap 33ms (cache miss)
307 timing idealTree:node_modules/jstransformer Completed in 40ms
308 timing idealTree:node_modules/is-promise Completed in 0ms
309 timing idealTree:node_modules/merge-descriptors Completed in 0ms
310 timing idealTree:node_modules/methods Completed in 0ms
311 silly placeDep ROOT mime-db@1.52.0 OK for: mime-types@2.1.35 want: 1.52.0
312 timing idealTree:node_modules/mime-types Completed in 2ms
313 timing idealTree:node_modules/mime-db Completed in 0ms
314 silly placeDep ROOT minimist@1.2.8 OK for: mkdirp@0.5.6 want: ^1.2.6
315 timing idealTree:node_modules/mkdirp Completed in 2ms
316 timing idealTree:node_modules/minimist Completed in 0ms
317 silly placeDep ROOT basic-auth@2.0.1 OK for: morgan@1.9.1 want: ~2.0.0
318 silly placeDep ROOT on-headers@1.0.2 OK for: morgan@1.9.1 want: ~1.0.1
319 timing idealTree:node_modules/morgan Completed in 3ms
320 timing idealTree:node_modules/basic-auth Completed in 0ms
321 timing idealTree:node_modules/ms Completed in 0ms
322 timing idealTree:node_modules/negotiator Completed in 0ms
323 silly placeDep ROOT ee-first@1.1.1 OK for: on-finished@2.3.0 want: 1.1.1
324 timing idealTree:node_modules/on-finished Completed in 1ms
325 timing idealTree:node_modules/ee-first Completed in 0ms
326 timing idealTree:node_modules/on-headers Completed in 0ms
327 timing idealTree:node_modules/parseurl Completed in 0ms
328 timing idealTree:node_modules/path-to-regexp Completed in 0ms
329 silly placeDep ROOT asap@1.0.0 OK for: promise@6.1.0 want: ~1.0.0
330 timing idealTree:node_modules/promise Completed in 1ms
331 timing idealTree:node_modules/asap Completed in 0ms
332 silly placeDep ROOT forwarded@0.2.0 OK for: proxy-addr@2.0.7 want: 0.2.0
333 silly placeDep ROOT ipaddr.js@1.9.1 OK for: proxy-addr@2.0.7 want: 1.9.1
334 timing idealTree:node_modules/proxy-addr Completed in 3ms
335 timing idealTree:node_modules/forwarded Completed in 0ms
336 timing idealTree:node_modules/ipaddr.js Completed in 0ms
337 silly placeDep ROOT pug-code-gen@3.0.2 OK for: pug@3.0.2 want: ^3.0.2
338 silly fetch manifest constantinople@^4.0.1
339 silly fetch manifest doctypes@^1.1.0
340 silly fetch manifest js-stringify@^1.0.2
341 silly fetch manifest pug-attrs@^3.0.0
342 silly fetch manifest pug-error@^2.0.0
343 silly fetch manifest pug-runtime@^3.0.0
344 silly fetch manifest void-elements@^3.1.0
345 silly fetch manifest with@^7.0.0
346 silly placeDep ROOT pug-filters@4.0.0 OK for: pug@3.0.2 want: ^4.0.0
347 silly fetch manifest jstransformer@1.0.0
348 silly fetch manifest pug-walk@^2.0.0
349 silly fetch manifest resolve@^1.15.1
350 silly placeDep ROOT pug-lexer@5.0.1 OK for: pug@3.0.2 want: ^5.0.1
351 silly fetch manifest character-parser@^2.2.0
352 silly fetch manifest is-expression@^4.0.0
353 silly placeDep ROOT pug-linker@4.0.0 OK for: pug@3.0.2 want: ^4.0.0
354 silly placeDep ROOT pug-load@3.0.0 OK for: pug@3.0.2 want: ^3.0.0
355 silly fetch manifest object-assign@^4.1.1
356 silly placeDep ROOT pug-parser@6.0.0 OK for: pug@3.0.2 want: ^6.0.0
357 silly fetch manifest token-stream@1.0.0
358 silly placeDep ROOT pug-runtime@3.0.1 OK for: pug@3.0.2 want: ^3.0.1
359 silly placeDep ROOT pug-strip-comments@2.0.0 OK for: pug@3.0.2 want: ^2.0.0
360 http fetch GET 200 https://registry.npmjs.org/resolve 62ms (cache revalidated)
361 http fetch GET 200 https://registry.npmjs.org/object-assign 58ms (cache revalidated)
362 http fetch GET 200 https://registry.npmjs.org/js-stringify 73ms (cache miss)
363 http fetch GET 200 https://registry.npmjs.org/doctypes 74ms (cache miss)
364 http fetch GET 200 https://registry.npmjs.org/is-expression 66ms (cache miss)
365 http fetch GET 200 https://registry.npmjs.org/pug-error 74ms (cache miss)
366 http fetch GET 200 https://registry.npmjs.org/pug-attrs 75ms (cache miss)
367 http fetch GET 200 https://registry.npmjs.org/pug-walk 71ms (cache miss)
368 http fetch GET 200 https://registry.npmjs.org/token-stream 137ms (cache miss)
369 timing idealTree:node_modules/pug Completed in 165ms
370 silly placeDep node_modules/pug-code-gen constantinople@4.0.1 OK for: pug-code-gen@3.0.2 want: ^4.0.1
371 silly fetch manifest @babel/parser@^7.6.0
372 silly fetch manifest @babel/types@^7.6.1
373 silly placeDep ROOT doctypes@1.1.0 OK for: pug-code-gen@3.0.2 want: ^1.1.0
374 silly placeDep ROOT js-stringify@1.0.2 OK for: pug-code-gen@3.0.2 want: ^1.0.2
375 silly placeDep ROOT pug-attrs@3.0.0 OK for: pug-code-gen@3.0.2 want: ^3.0.0
376 silly placeDep ROOT pug-error@2.0.0 OK for: pug-code-gen@3.0.2 want: ^2.0.0
377 silly placeDep node_modules/pug-code-gen void-elements@3.1.0 OK for: pug-code-gen@3.0.2 want: ^3.1.0
378 silly placeDep node_modules/pug-code-gen with@7.0.2 OK for: pug-code-gen@3.0.2 want: ^7.0.0
379 silly fetch manifest @babel/parser@^7.9.6
380 silly fetch manifest @babel/types@^7.9.6
381 silly fetch manifest assert-never@^1.2.1
382 silly fetch manifest babel-walk@3.0.0-canary-5
383 http fetch GET 200 https://registry.npmjs.org/babel-walk 65ms (cache miss)
384 http fetch GET 200 https://registry.npmjs.org/assert-never 74ms (cache miss)
385 http fetch GET 200 https://registry.npmjs.org/@babel%2ftypes 85ms (cache miss)
386 http fetch GET 200 https://registry.npmjs.org/@babel%2ftypes 118ms (cache miss)
387 http fetch GET 200 https://registry.npmjs.org/@babel%2fparser 144ms (cache miss)
388 http fetch GET 200 https://registry.npmjs.org/@babel%2fparser 160ms (cache miss)
389 timing idealTree:node_modules/pug-code-gen Completed in 169ms
390 timing idealTree:node_modules/doctypes Completed in 0ms
391 timing idealTree:node_modules/js-stringify Completed in 0ms
392 silly placeDep node_modules/pug-attrs constantinople@4.0.1 OK for: pug-attrs@3.0.0 want: ^4.0.1
393 timing idealTree:node_modules/pug-attrs Completed in 3ms
394 timing idealTree:node_modules/pug-error Completed in 0ms
395 silly placeDep node_modules/pug-filters constantinople@4.0.1 OK for: pug-filters@4.0.0 want: ^4.0.1
396 silly placeDep node_modules/pug-filters jstransformer@1.0.0 OK for: pug-filters@4.0.0 want: 1.0.0
397 silly fetch manifest promise@^7.0.1
398 silly placeDep ROOT pug-walk@2.0.0 OK for: pug-filters@4.0.0 want: ^2.0.0
399 silly placeDep ROOT resolve@1.22.8 OK for: pug-filters@4.0.0 want: ^1.15.1
400 silly fetch manifest is-core-module@^2.13.0
401 silly fetch manifest path-parse@^1.0.7
402 silly fetch manifest supports-preserve-symlinks-flag@^1.0.0
403 http fetch GET 200 https://registry.npmjs.org/path-parse 29ms (cache revalidated)
404 http fetch GET 200 https://registry.npmjs.org/is-core-module 31ms (cache revalidated)
405 http fetch GET 200 https://registry.npmjs.org/supports-preserve-symlinks-flag 35ms (cache revalidated)
406 timing idealTree:node_modules/pug-filters Completed in 46ms
407 silly placeDep node_modules/pug-lexer character-parser@2.2.0 OK for: pug-lexer@5.0.1 want: ^2.2.0
408 silly fetch manifest is-regex@^1.0.3
409 silly placeDep ROOT is-expression@4.0.0 OK for: pug-lexer@5.0.1 want: ^4.0.0
410 silly fetch manifest acorn@^7.1.1
411 http fetch GET 200 https://registry.npmjs.org/is-regex 27ms (cache revalidated)
412 timing idealTree:node_modules/pug-lexer Completed in 30ms
413 silly placeDep node_modules/is-expression acorn@7.4.1 OK for: is-expression@4.0.0 want: ^7.1.1
414 silly placeDep ROOT object-assign@4.1.1 OK for: is-expression@4.0.0 want: ^4.1.1
415 timing idealTree:node_modules/is-expression Completed in 4ms
416 timing idealTree:node_modules/object-assign Completed in 0ms
417 timing idealTree:node_modules/pug-linker Completed in 0ms
418 timing idealTree:node_modules/pug-load Completed in 0ms
419 silly placeDep ROOT token-stream@1.0.0 OK for: pug-parser@6.0.0 want: 1.0.0
420 timing idealTree:node_modules/pug-parser Completed in 2ms
421 timing idealTree:node_modules/pug-runtime Completed in 0ms
422 timing idealTree:node_modules/pug-strip-comments Completed in 0ms
423 timing idealTree:node_modules/pug-walk Completed in 0ms
424 timing idealTree:node_modules/qs Completed in 0ms
425 timing idealTree:node_modules/range-parser Completed in 0ms
426 timing idealTree:node_modules/raw-body Completed in 0ms
427 silly placeDep ROOT is-core-module@2.13.1 OK for: resolve@1.22.8 want: ^2.13.0
428 silly fetch manifest hasown@^2.0.0
429 silly placeDep ROOT path-parse@1.0.7 OK for: resolve@1.22.8 want: ^1.0.7
430 silly placeDep ROOT supports-preserve-symlinks-flag@1.0.0 OK for: resolve@1.22.8 want: ^1.0.0
431 http fetch GET 200 https://registry.npmjs.org/hasown 37ms (cache revalidated)
432 timing idealTree:node_modules/resolve Completed in 46ms
433 silly placeDep ROOT hasown@2.0.0 OK for: is-core-module@2.13.1 want: ^2.0.0
434 silly fetch manifest function-bind@^1.1.2
435 http fetch GET 200 https://registry.npmjs.org/function-bind 32ms (cache revalidated)
436 timing idealTree:node_modules/is-core-module Completed in 38ms
437 silly placeDep ROOT function-bind@1.1.2 OK for: hasown@2.0.0 want: ^1.1.2
438 timing idealTree:node_modules/hasown Completed in 2ms
439 timing idealTree:node_modules/function-bind Completed in 0ms
440 timing idealTree:node_modules/path-parse Completed in 0ms
441 timing idealTree:node_modules/safe-buffer Completed in 0ms
442 timing idealTree:node_modules/safer-buffer Completed in 0ms
443 silly placeDep ROOT destroy@1.0.4 OK for: send@0.16.2 want: ~1.0.4
444 silly placeDep ROOT mime@1.4.1 OK for: send@0.16.2 want: 1.4.1
445 timing idealTree:node_modules/send Completed in 3ms
446 timing idealTree:node_modules/destroy Completed in 0ms
447 timing idealTree:node_modules/mime Completed in 0ms
448 timing idealTree:node_modules/serve-static Completed in 0ms
449 timing idealTree:node_modules/setprototypeof Completed in 0ms
450 silly placeDep ROOT amdefine@1.0.1 OK for: source-map@0.4.4 want: >=0.0.4
451 timing idealTree:node_modules/source-map Completed in 2ms
452 timing idealTree:node_modules/amdefine Completed in 0ms
453 timing idealTree:node_modules/statuses Completed in 0ms
454 timing idealTree:node_modules/supports-preserve-symlinks-flag Completed in 0ms
455 timing idealTree:node_modules/token-stream Completed in 0ms
456 silly placeDep ROOT css@1.0.8 OK for: transformers@2.1.0 want: ~1.0.8
457 silly fetch manifest css-parse@1.0.4
458 silly fetch manifest css-stringify@1.0.5
459 silly placeDep node_modules/transformers promise@2.0.0 OK for: transformers@2.1.0 want: ~2.0
460 silly fetch manifest is-promise@~1
461 silly placeDep node_modules/transformers uglify-js@2.2.5 OK for: transformers@2.1.0 want: ~2.2.5
462 silly fetch manifest source-map@~0.1.7
463 silly fetch manifest optimist@~0.3.5
464 http fetch GET 200 https://registry.npmjs.org/css-stringify 49ms (cache miss)
465 http fetch GET 200 https://registry.npmjs.org/optimist 43ms (cache miss)
466 http fetch GET 200 https://registry.npmjs.org/css-parse 137ms (cache miss)
467 timing idealTree:node_modules/transformers Completed in 144ms
468 silly placeDep ROOT css-parse@1.0.4 OK for: css@1.0.8 want: 1.0.4
469 silly placeDep ROOT css-stringify@1.0.5 OK for: css@1.0.8 want: 1.0.5
470 timing idealTree:node_modules/css Completed in 3ms
471 timing idealTree:node_modules/css-parse Completed in 0ms
472 timing idealTree:node_modules/css-stringify Completed in 0ms
473 silly placeDep ROOT media-typer@0.3.0 OK for: type-is@1.6.18 want: 0.3.0
474 timing idealTree:node_modules/type-is Completed in 3ms
475 timing idealTree:node_modules/media-typer Completed in 0ms
476 silly placeDep node_modules/uglify-js source-map@0.5.7 OK for: uglify-js@2.8.29 want: ~0.5.1
477 silly placeDep ROOT uglify-to-browserify@1.0.2 OK for: uglify-js@2.8.29 want: ~1.0.0
478 silly placeDep ROOT yargs@3.10.0 OK for: uglify-js@2.8.29 want: ~3.10.0
479 silly fetch manifest camelcase@^1.0.2
480 silly fetch manifest cliui@^2.1.0
481 silly fetch manifest decamelize@^1.0.0
482 silly fetch manifest window-size@0.1.0
483 http fetch GET 200 https://registry.npmjs.org/decamelize 39ms (cache miss)
484 http fetch GET 200 https://registry.npmjs.org/window-size 40ms (cache miss)
485 http fetch GET 200 https://registry.npmjs.org/camelcase 44ms (cache miss)
486 http fetch GET 200 https://registry.npmjs.org/cliui 43ms (cache miss)
487 timing idealTree:node_modules/uglify-js Completed in 53ms
488 timing idealTree:node_modules/uglify-to-browserify Completed in 0ms
489 timing idealTree:node_modules/unpipe Completed in 0ms
490 timing idealTree:node_modules/utils-merge Completed in 0ms
491 timing idealTree:node_modules/vary Completed in 0ms
492 timing idealTree:node_modules/void-elements Completed in 0ms
493 silly placeDep node_modules/with acorn@1.2.2 OK for: with@4.0.3 want: ^1.0.1
494 silly placeDep ROOT acorn-globals@1.0.9 OK for: with@4.0.3 want: ^1.0.3
495 timing idealTree:node_modules/with Completed in 5ms
496 timing idealTree:node_modules/acorn-globals Completed in 0ms
497 silly placeDep ROOT camelcase@1.2.1 OK for: yargs@3.10.0 want: ^1.0.2
498 silly placeDep ROOT cliui@2.1.0 OK for: yargs@3.10.0 want: ^2.1.0
499 silly fetch manifest center-align@^0.1.1
500 silly fetch manifest right-align@^0.1.1
501 silly fetch manifest wordwrap@0.0.2
502 silly placeDep ROOT decamelize@1.2.0 OK for: yargs@3.10.0 want: ^1.0.0
503 silly placeDep ROOT window-size@0.1.0 OK for: yargs@3.10.0 want: 0.1.0
504 http fetch GET 200 https://registry.npmjs.org/wordwrap 33ms (cache miss)
505 http fetch GET 200 https://registry.npmjs.org/center-align 36ms (cache miss)
506 http fetch GET 200 https://registry.npmjs.org/right-align 35ms (cache miss)
507 timing idealTree:node_modules/yargs Completed in 41ms
508 timing idealTree:node_modules/camelcase Completed in 0ms
509 silly placeDep ROOT center-align@0.1.3 OK for: cliui@2.1.0 want: ^0.1.1
510 silly fetch manifest align-text@^0.1.3
511 silly fetch manifest lazy-cache@^1.0.3
512 silly placeDep ROOT right-align@0.1.3 OK for: cliui@2.1.0 want: ^0.1.1
513 silly fetch manifest align-text@^0.1.1
514 silly placeDep ROOT wordwrap@0.0.2 OK for: cliui@2.1.0 want: 0.0.2
515 http fetch GET 200 https://registry.npmjs.org/lazy-cache 47ms (cache miss)
516 http fetch GET 200 https://registry.npmjs.org/align-text 50ms (cache miss)
517 http fetch GET 200 https://registry.npmjs.org/align-text 49ms (cache miss)
518 timing idealTree:node_modules/cliui Completed in 54ms
519 silly placeDep ROOT align-text@0.1.4 OK for: center-align@0.1.3 want: ^0.1.3
520 silly fetch manifest kind-of@^3.0.2
521 silly fetch manifest longest@^1.0.1
522 silly fetch manifest repeat-string@^1.5.2
523 silly placeDep ROOT lazy-cache@1.0.4 OK for: center-align@0.1.3 want: ^1.0.3
524 http fetch GET 200 https://registry.npmjs.org/kind-of 27ms (cache miss)
525 http fetch GET 200 https://registry.npmjs.org/repeat-string 36ms (cache miss)
526 http fetch GET 200 https://registry.npmjs.org/longest 43ms (cache miss)
527 timing idealTree:node_modules/center-align Completed in 48ms
528 silly placeDep ROOT kind-of@3.2.2 OK for: align-text@0.1.4 want: ^3.0.2
529 silly fetch manifest is-buffer@^1.1.5
530 silly placeDep ROOT longest@1.0.1 OK for: align-text@0.1.4 want: ^1.0.1
531 silly placeDep ROOT repeat-string@1.6.1 OK for: align-text@0.1.4 want: ^1.5.2
532 http fetch GET 200 https://registry.npmjs.org/is-buffer 76ms (cache miss)
533 timing idealTree:node_modules/align-text Completed in 80ms
534 timing idealTree:node_modules/decamelize Completed in 0ms
535 silly placeDep ROOT is-buffer@1.1.6 OK for: kind-of@3.2.2 want: ^1.1.5
536 timing idealTree:node_modules/kind-of Completed in 2ms
537 timing idealTree:node_modules/is-buffer Completed in 0ms
538 timing idealTree:node_modules/lazy-cache Completed in 0ms
539 timing idealTree:node_modules/longest Completed in 0ms
540 timing idealTree:node_modules/repeat-string Completed in 0ms
541 timing idealTree:node_modules/right-align Completed in 0ms
542 timing idealTree:node_modules/window-size Completed in 0ms
543 timing idealTree:node_modules/wordwrap Completed in 0ms
544 silly placeDep ROOT graceful-readlink@1.0.1 OK for: commander@2.8.1 want: >= 1.0.0
545 timing idealTree:node_modules/clean-css/node_modules/commander Completed in 2ms
546 timing idealTree:node_modules/graceful-readlink Completed in 0ms
547 timing idealTree:node_modules/express/node_modules/cookie Completed in 0ms
548 timing idealTree:node_modules/is-expression/node_modules/acorn Completed in 0ms
549 silly placeDep ROOT @babel/parser@7.23.9 OK for: constantinople@4.0.1 want: ^7.6.0
550 silly placeDep ROOT @babel/types@7.23.9 OK for: constantinople@4.0.1 want: ^7.6.1
551 silly fetch manifest @babel/helper-string-parser@^7.23.4
552 silly fetch manifest @babel/helper-validator-identifier@^7.22.20
553 silly fetch manifest to-fast-properties@^2.0.0
554 http fetch GET 200 https://registry.npmjs.org/to-fast-properties 59ms (cache miss)
555 http fetch GET 200 https://registry.npmjs.org/@babel%2fhelper-validator-identifier 64ms (cache miss)
556 http fetch GET 200 https://registry.npmjs.org/@babel%2fhelper-string-parser 68ms (cache miss)
557 timing idealTree:node_modules/pug-attrs/node_modules/constantinople Completed in 75ms
558 timing idealTree:node_modules/@babel/parser Completed in 0ms
559 silly placeDep ROOT @babel/helper-string-parser@7.23.4 OK for: @babel/types@7.23.9 want: ^7.23.4
560 silly placeDep ROOT @babel/helper-validator-identifier@7.22.20 OK for: @babel/types@7.23.9 want: ^7.22.20
561 silly placeDep ROOT to-fast-properties@2.0.0 OK for: @babel/types@7.23.9 want: ^2.0.0
562 timing idealTree:node_modules/@babel/types Completed in 6ms
563 timing idealTree:node_modules/@babel/helper-string-parser Completed in 0ms
564 timing idealTree:node_modules/@babel/helper-validator-identifier Completed in 0ms
565 timing idealTree:node_modules/to-fast-properties Completed in 0ms
566 timing idealTree:node_modules/pug-code-gen/node_modules/constantinople Completed in 0ms
567 timing idealTree:node_modules/pug-code-gen/node_modules/void-elements Completed in 0ms
568 silly placeDep ROOT assert-never@1.2.1 OK for: with@7.0.2 want: ^1.2.1
569 silly placeDep ROOT babel-walk@3.0.0-canary-5 OK for: with@7.0.2 want: 3.0.0-canary-5
570 timing idealTree:node_modules/pug-code-gen/node_modules/with Completed in 3ms
571 timing idealTree:node_modules/assert-never Completed in 0ms
572 timing idealTree:node_modules/babel-walk Completed in 0ms
573 timing idealTree:node_modules/pug-filters/node_modules/constantinople Completed in 0ms
574 silly placeDep node_modules/pug-filters promise@7.3.1 OK for: jstransformer@1.0.0 want: ^7.0.1
575 silly fetch manifest asap@~2.0.3
576 timing idealTree:node_modules/pug-filters/node_modules/jstransformer Completed in 3ms
577 silly placeDep node_modules/pug-filters asap@2.0.6 OK for: promise@7.3.1 want: ~2.0.3
578 timing idealTree:node_modules/pug-filters/node_modules/promise Completed in 4ms
579 timing idealTree:node_modules/pug-filters/node_modules/asap Completed in 0ms
580 silly placeDep ROOT is-regex@1.1.4 OK for: character-parser@2.2.0 want: ^1.0.3
581 silly fetch manifest call-bind@^1.0.2
582 silly fetch manifest has-tostringtag@^1.0.0
583 http fetch GET 200 https://registry.npmjs.org/has-tostringtag 32ms (cache revalidated)
584 http fetch GET 200 https://registry.npmjs.org/call-bind 34ms (cache revalidated)
585 timing idealTree:node_modules/pug-lexer/node_modules/character-parser Completed in 38ms
586 silly placeDep ROOT call-bind@1.0.5 OK for: is-regex@1.1.4 want: ^1.0.2
587 silly fetch manifest get-intrinsic@^1.2.1
588 silly fetch manifest set-function-length@^1.1.1
589 silly placeDep ROOT has-tostringtag@1.0.0 OK for: is-regex@1.1.4 want: ^1.0.0
590 silly fetch manifest has-symbols@^1.0.2
591 http fetch GET 200 https://registry.npmjs.org/get-intrinsic 37ms (cache revalidated)
592 http fetch GET 200 https://registry.npmjs.org/has-symbols 42ms (cache revalidated)
593 http fetch GET 200 https://registry.npmjs.org/set-function-length 47ms (cache revalidated)
594 timing idealTree:node_modules/is-regex Completed in 54ms
595 silly placeDep ROOT get-intrinsic@1.2.2 OK for: call-bind@1.0.5 want: ^1.2.1
596 silly fetch manifest has-proto@^1.0.1
597 silly fetch manifest has-symbols@^1.0.3
598 silly placeDep ROOT set-function-length@1.2.0 OK for: call-bind@1.0.5 want: ^1.1.1
599 silly fetch manifest define-data-property@^1.1.1
600 silly fetch manifest gopd@^1.0.1
601 silly fetch manifest has-property-descriptors@^1.0.1
602 http fetch GET 200 https://registry.npmjs.org/has-proto 32ms (cache revalidated)
603 http fetch GET 200 https://registry.npmjs.org/gopd 37ms (cache revalidated)
604 http fetch GET 200 https://registry.npmjs.org/define-data-property 39ms (cache revalidated)
605 http fetch GET 200 https://registry.npmjs.org/has-property-descriptors 40ms (cache revalidated)
606 timing idealTree:node_modules/call-bind Completed in 49ms
607 silly placeDep ROOT has-proto@1.0.1 OK for: get-intrinsic@1.2.2 want: ^1.0.1
608 silly placeDep ROOT has-symbols@1.0.3 OK for: get-intrinsic@1.2.2 want: ^1.0.3
609 timing idealTree:node_modules/get-intrinsic Completed in 3ms
610 timing idealTree:node_modules/has-proto Completed in 0ms
611 timing idealTree:node_modules/has-symbols Completed in 0ms
612 timing idealTree:node_modules/has-tostringtag Completed in 0ms
613 silly placeDep ROOT define-data-property@1.1.1 OK for: set-function-length@1.2.0 want: ^1.1.1
614 silly fetch manifest has-property-descriptors@^1.0.0
615 silly placeDep ROOT gopd@1.0.1 OK for: set-function-length@1.2.0 want: ^1.0.1
616 silly placeDep ROOT has-property-descriptors@1.0.1 OK for: set-function-length@1.2.0 want: ^1.0.1
617 timing idealTree:node_modules/set-function-length Completed in 9ms
618 timing idealTree:node_modules/define-data-property Completed in 1ms
619 timing idealTree:node_modules/gopd Completed in 0ms
620 timing idealTree:node_modules/has-property-descriptors Completed in 0ms
621 silly placeDep node_modules/transformers is-promise@1.0.1 OK for: promise@2.0.0 want: ~1
622 timing idealTree:node_modules/transformers/node_modules/promise Completed in 3ms
623 timing idealTree:node_modules/transformers/node_modules/is-promise Completed in 0ms
624 silly placeDep ROOT optimist@0.3.7 OK for: uglify-js@2.2.5 want: ~0.3.5
625 silly placeDep node_modules/transformers source-map@0.1.43 OK for: uglify-js@2.2.5 want: ~0.1.7
626 timing idealTree:node_modules/transformers/node_modules/uglify-js Completed in 14ms
627 timing idealTree:node_modules/optimist Completed in 0ms
628 timing idealTree:node_modules/transformers/node_modules/source-map Completed in 0ms
629 timing idealTree:node_modules/uglify-js/node_modules/source-map Completed in 0ms
630 timing idealTree:node_modules/with/node_modules/acorn Completed in 0ms
631 timing idealTree:buildDeps Completed in 2996ms
632 timing idealTree:fixDepFlags Completed in 5ms
633 timing idealTree Completed in 3020ms
634 timing reify:loadTrees Completed in 3022ms
635 timing reify:diffTrees Completed in 4ms
636 silly reify moves {}
637 timing reify:retireShallow Completed in 1ms
638 timing reify:createSparse Completed in 28ms
639 timing reify:loadBundles Completed in 0ms
640 silly audit bulk request {
640 silly audit   'cookie-parser': [ '1.4.6' ],
640 silly audit   debug: [ '2.6.9' ],
640 silly audit   express: [ '4.16.4' ],
640 silly audit   'http-errors': [ '1.6.3' ],
640 silly audit   jade: [ '1.11.0' ],
640 silly audit   morgan: [ '1.9.1' ],
640 silly audit   pug: [ '3.0.2' ],
640 silly audit   cookie: [ '0.4.1', '0.3.1' ],
640 silly audit   'cookie-signature': [ '1.0.6' ],
640 silly audit   ms: [ '2.0.0' ],
640 silly audit   accepts: [ '1.3.8' ],
640 silly audit   'array-flatten': [ '1.1.1' ],
640 silly audit   'body-parser': [ '1.18.3' ],
640 silly audit   'content-disposition': [ '0.5.2' ],
640 silly audit   'content-type': [ '1.0.5' ],
640 silly audit   depd: [ '1.1.2' ],
640 silly audit   encodeurl: [ '1.0.2' ],
640 silly audit   'escape-html': [ '1.0.3' ],
640 silly audit   etag: [ '1.8.1' ],
640 silly audit   finalhandler: [ '1.1.1' ],
640 silly audit   fresh: [ '0.5.2' ],
640 silly audit   'merge-descriptors': [ '1.0.1' ],
640 silly audit   methods: [ '1.1.2' ],
640 silly audit   'on-finished': [ '2.3.0' ],
640 silly audit   parseurl: [ '1.3.3' ],
640 silly audit   'path-to-regexp': [ '0.1.7' ],
640 silly audit   'proxy-addr': [ '2.0.7' ],
640 silly audit   qs: [ '6.5.2' ],
640 silly audit   'range-parser': [ '1.2.1' ],
640 silly audit   'safe-buffer': [ '5.1.2' ],
640 silly audit   send: [ '0.16.2' ],
640 silly audit   'serve-static': [ '1.13.2' ],
640 silly audit   setprototypeof: [ '1.1.0' ],
640 silly audit   statuses: [ '1.4.0' ],
640 silly audit   'type-is': [ '1.6.18' ],
640 silly audit   'utils-merge': [ '1.0.1' ],
640 silly audit   vary: [ '1.1.2' ],
640 silly audit   'mime-types': [ '2.1.35' ],
640 silly audit   negotiator: [ '0.6.3' ],
640 silly audit   bytes: [ '3.0.0' ],
640 silly audit   'iconv-lite': [ '0.4.23' ],
640 silly audit   'raw-body': [ '2.3.3' ],
640 silly audit   unpipe: [ '1.0.0' ],
640 silly audit   inherits: [ '2.0.3' ],
640 silly audit   'safer-buffer': [ '2.1.2' ],
640 silly audit   'character-parser': [ '1.2.1', '2.2.0' ],
640 silly audit   'clean-css': [ '3.4.28' ],
640 silly audit   commander: [ '2.6.0', '2.8.1' ],
640 silly audit   constantinople: [ '3.0.2', '4.0.1' ],
640 silly audit   jstransformer: [ '0.0.2', '1.0.0' ],
640 silly audit   mkdirp: [ '0.5.6' ],
640 silly audit   transformers: [ '2.1.0' ],
640 silly audit   'uglify-js': [ '2.8.29', '2.2.5' ],
640 silly audit   'void-elements': [ '2.0.1', '3.1.0' ],
640 silly audit   with: [ '4.0.3', '7.0.2' ],
640 silly audit   'source-map': [ '0.4.4', '0.5.7', '0.1.43' ],
640 silly audit   acorn: [ '2.7.0', '7.4.1', '1.2.2' ],
640 silly audit   'is-promise': [ '2.2.2', '1.0.1' ],
640 silly audit   promise: [ '6.1.0', '2.0.0', '7.3.1' ],
640 silly audit   'mime-db': [ '1.52.0' ],
640 silly audit   minimist: [ '1.2.8' ],
640 silly audit   'basic-auth': [ '2.0.1' ],
640 silly audit   'on-headers': [ '1.0.2' ],
640 silly audit   'ee-first': [ '1.1.1' ],
640 silly audit   asap: [ '1.0.0', '2.0.6' ],
640 silly audit   forwarded: [ '0.2.0' ],
640 silly audit   'ipaddr.js': [ '1.9.1' ],
640 silly audit   'pug-code-gen': [ '3.0.2' ],
640 silly audit   'pug-filters': [ '4.0.0' ],
640 silly audit   'pug-lexer': [ '5.0.1' ],
640 silly audit   'pug-linker': [ '4.0.0' ],
640 silly audit   'pug-load': [ '3.0.0' ],
640 silly audit   'pug-parser': [ '6.0.0' ],
640 silly audit   'pug-runtime': [ '3.0.1' ],
640 silly audit   'pug-strip-comments': [ '2.0.0' ],
640 silly audit   doctypes: [ '1.1.0' ],
640 silly audit   'js-stringify': [ '1.0.2' ],
640 silly audit   'pug-attrs': [ '3.0.0' ],
640 silly audit   'pug-error': [ '2.0.0' ],
640 silly audit   'pug-walk': [ '2.0.0' ],
640 silly audit   resolve: [ '1.22.8' ],
640 silly audit   'is-expression': [ '4.0.0' ],
640 silly audit   'object-assign': [ '4.1.1' ],
640 silly audit   'token-stream': [ '1.0.0' ],
640 silly audit   'is-core-module': [ '2.13.1' ],
640 silly audit   'path-parse': [ '1.0.7' ],
640 silly audit   'supports-preserve-symlinks-flag': [ '1.0.0' ],
640 silly audit   hasown: [ '2.0.0' ],
640 silly audit   'function-bind': [ '1.1.2' ],
640 silly audit   destroy: [ '1.0.4' ],
640 silly audit   mime: [ '1.4.1' ],
640 silly audit   amdefine: [ '1.0.1' ],
640 silly audit   css: [ '1.0.8' ],
640 silly audit   'css-parse': [ '1.0.4' ],
640 silly audit   'css-stringify': [ '1.0.5' ],
640 silly audit   'media-typer': [ '0.3.0' ],
640 silly audit   'uglify-to-browserify': [ '1.0.2' ],
640 silly audit   yargs: [ '3.10.0' ],
640 silly audit   'acorn-globals': [ '1.0.9' ],
640 silly audit   camelcase: [ '1.2.1' ],
640 silly audit   cliui: [ '2.1.0' ],
640 silly audit   decamelize: [ '1.2.0' ],
640 silly audit   'window-size': [ '0.1.0' ],
640 silly audit   'center-align': [ '0.1.3' ],
640 silly audit   'right-align': [ '0.1.3' ],
640 silly audit   wordwrap: [ '0.0.2' ],
640 silly audit   'align-text': [ '0.1.4' ],
640 silly audit   'lazy-cache': [ '1.0.4' ],
640 silly audit   'kind-of': [ '3.2.2' ],
640 silly audit   longest: [ '1.0.1' ],
640 silly audit   'repeat-string': [ '1.6.1' ],
640 silly audit   'is-buffer': [ '1.1.6' ],
640 silly audit   'graceful-readlink': [ '1.0.1' ],
640 silly audit   '@babel/parser': [ '7.23.9' ],
640 silly audit   '@babel/types': [ '7.23.9' ],
640 silly audit   '@babel/helper-string-parser': [ '7.23.4' ],
640 silly audit   '@babel/helper-validator-identifier': [ '7.22.20' ],
640 silly audit   'to-fast-properties': [ '2.0.0' ],
640 silly audit   'assert-never': [ '1.2.1' ],
640 silly audit   'babel-walk': [ '3.0.0-canary-5' ],
640 silly audit   'is-regex': [ '1.1.4' ],
640 silly audit   'call-bind': [ '1.0.5' ],
640 silly audit   'has-tostringtag': [ '1.0.0' ],
640 silly audit   'get-intrinsic': [ '1.2.2' ],
640 silly audit   'set-function-length': [ '1.2.0' ],
640 silly audit   'has-proto': [ '1.0.1' ],
640 silly audit   'has-symbols': [ '1.0.3' ],
640 silly audit   'define-data-property': [ '1.1.1' ],
640 silly audit   gopd: [ '1.0.1' ],
640 silly audit   'has-property-descriptors': [ '1.0.1' ],
640 silly audit   optimist: [ '0.3.7' ]
640 silly audit }
641 silly tarball no local data for optimist@https://registry.npmjs.org/optimist/-/optimist-0.3.7.tgz. Extracting by manifest.
642 silly tarball no local data for has-tostringtag@https://registry.npmjs.org/has-tostringtag/-/has-tostringtag-1.0.0.tgz. Extracting by manifest.
643 silly tarball no local data for is-regex@https://registry.npmjs.org/is-regex/-/is-regex-1.1.4.tgz. Extracting by manifest.
644 silly tarball no local data for babel-walk@https://registry.npmjs.org/babel-walk/-/babel-walk-3.0.0-canary-5.tgz. Extracting by manifest.
645 silly tarball no local data for to-fast-properties@https://registry.npmjs.org/to-fast-properties/-/to-fast-properties-2.0.0.tgz. Extracting by manifest.
646 silly tarball no local data for assert-never@https://registry.npmjs.org/assert-never/-/assert-never-1.2.1.tgz. Extracting by manifest.
647 silly tarball no local data for @babel/helper-string-parser@https://registry.npmjs.org/@babel/helper-string-parser/-/helper-string-parser-7.23.4.tgz. Extracting by manifest.
648 silly tarball no local data for @babel/helper-validator-identifier@https://registry.npmjs.org/@babel/helper-validator-identifier/-/helper-validator-identifier-7.22.20.tgz. Extracting by manifest.
649 silly tarball no local data for @babel/types@https://registry.npmjs.org/@babel/types/-/types-7.23.9.tgz. Extracting by manifest.
650 silly tarball no local data for @babel/parser@https://registry.npmjs.org/@babel/parser/-/parser-7.23.9.tgz. Extracting by manifest.
651 silly tarball no local data for graceful-readlink@https://registry.npmjs.org/graceful-readlink/-/graceful-readlink-1.0.1.tgz. Extracting by manifest.
652 silly tarball no local data for repeat-string@https://registry.npmjs.org/repeat-string/-/repeat-string-1.6.1.tgz. Extracting by manifest.
653 silly tarball no local data for is-buffer@https://registry.npmjs.org/is-buffer/-/is-buffer-1.1.6.tgz. Extracting by manifest.
654 silly tarball no local data for kind-of@https://registry.npmjs.org/kind-of/-/kind-of-3.2.2.tgz. Extracting by manifest.
655 silly tarball no local data for longest@https://registry.npmjs.org/longest/-/longest-1.0.1.tgz. Extracting by manifest.
656 silly tarball no local data for align-text@https://registry.npmjs.org/align-text/-/align-text-0.1.4.tgz. Extracting by manifest.
657 silly tarball no local data for right-align@https://registry.npmjs.org/right-align/-/right-align-0.1.3.tgz. Extracting by manifest.
658 silly tarball no local data for lazy-cache@https://registry.npmjs.org/lazy-cache/-/lazy-cache-1.0.4.tgz. Extracting by manifest.
659 silly tarball no local data for wordwrap@https://registry.npmjs.org/wordwrap/-/wordwrap-0.0.2.tgz. Extracting by manifest.
660 silly tarball no local data for center-align@https://registry.npmjs.org/center-align/-/center-align-0.1.3.tgz. Extracting by manifest.
661 silly tarball no local data for decamelize@https://registry.npmjs.org/decamelize/-/decamelize-1.2.0.tgz. Extracting by manifest.
662 silly tarball no local data for cliui@https://registry.npmjs.org/cliui/-/cliui-2.1.0.tgz. Extracting by manifest.
663 silly tarball no local data for window-size@https://registry.npmjs.org/window-size/-/window-size-0.1.0.tgz. Extracting by manifest.
664 silly tarball no local data for acorn-globals@https://registry.npmjs.org/acorn-globals/-/acorn-globals-1.0.9.tgz. Extracting by manifest.
665 silly tarball no local data for yargs@https://registry.npmjs.org/yargs/-/yargs-3.10.0.tgz. Extracting by manifest.
666 silly tarball no local data for camelcase@https://registry.npmjs.org/camelcase/-/camelcase-1.2.1.tgz. Extracting by manifest.
667 silly tarball no local data for uglify-to-browserify@https://registry.npmjs.org/uglify-to-browserify/-/uglify-to-browserify-1.0.2.tgz. Extracting by manifest.
668 silly tarball no local data for css-stringify@https://registry.npmjs.org/css-stringify/-/css-stringify-1.0.5.tgz. Extracting by manifest.
669 silly tarball no local data for css-parse@https://registry.npmjs.org/css-parse/-/css-parse-1.0.4.tgz. Extracting by manifest.
670 silly tarball no local data for amdefine@https://registry.npmjs.org/amdefine/-/amdefine-1.0.1.tgz. Extracting by manifest.
671 silly tarball no local data for css@https://registry.npmjs.org/css/-/css-1.0.8.tgz. Extracting by manifest.
672 silly tarball no local data for path-parse@https://registry.npmjs.org/path-parse/-/path-parse-1.0.7.tgz. Extracting by manifest.
673 silly tarball no local data for is-core-module@https://registry.npmjs.org/is-core-module/-/is-core-module-2.13.1.tgz. Extracting by manifest.
674 silly tarball no local data for token-stream@https://registry.npmjs.org/token-stream/-/token-stream-1.0.0.tgz. Extracting by manifest.
675 silly tarball no local data for supports-preserve-symlinks-flag@https://registry.npmjs.org/supports-preserve-symlinks-flag/-/supports-preserve-symlinks-flag-1.0.0.tgz. Extracting by manifest.
676 silly tarball no local data for resolve@https://registry.npmjs.org/resolve/-/resolve-1.22.8.tgz. Extracting by manifest.
677 silly tarball no local data for object-assign@https://registry.npmjs.org/object-assign/-/object-assign-4.1.1.tgz. Extracting by manifest.
678 silly tarball no local data for is-expression@https://registry.npmjs.org/is-expression/-/is-expression-4.0.0.tgz. Extracting by manifest.
679 silly tarball no local data for pug-walk@https://registry.npmjs.org/pug-walk/-/pug-walk-2.0.0.tgz. Extracting by manifest.
680 silly tarball no local data for pug-error@https://registry.npmjs.org/pug-error/-/pug-error-2.0.0.tgz. Extracting by manifest.
681 silly tarball no local data for js-stringify@https://registry.npmjs.org/js-stringify/-/js-stringify-1.0.2.tgz. Extracting by manifest.
682 silly tarball no local data for pug-attrs@https://registry.npmjs.org/pug-attrs/-/pug-attrs-3.0.0.tgz. Extracting by manifest.
683 silly tarball no local data for doctypes@https://registry.npmjs.org/doctypes/-/doctypes-1.1.0.tgz. Extracting by manifest.
684 silly tarball no local data for pug-strip-comments@https://registry.npmjs.org/pug-strip-comments/-/pug-strip-comments-2.0.0.tgz. Extracting by manifest.
685 silly tarball no local data for pug-runtime@https://registry.npmjs.org/pug-runtime/-/pug-runtime-3.0.1.tgz. Extracting by manifest.
686 silly tarball no local data for pug-parser@https://registry.npmjs.org/pug-parser/-/pug-parser-6.0.0.tgz. Extracting by manifest.
687 silly tarball no local data for pug-load@https://registry.npmjs.org/pug-load/-/pug-load-3.0.0.tgz. Extracting by manifest.
688 silly tarball no local data for pug-linker@https://registry.npmjs.org/pug-linker/-/pug-linker-4.0.0.tgz. Extracting by manifest.
689 silly tarball no local data for pug-filters@https://registry.npmjs.org/pug-filters/-/pug-filters-4.0.0.tgz. Extracting by manifest.
690 silly tarball no local data for pug-lexer@https://registry.npmjs.org/pug-lexer/-/pug-lexer-5.0.1.tgz. Extracting by manifest.
691 silly tarball no local data for pug-code-gen@https://registry.npmjs.org/pug-code-gen/-/pug-code-gen-3.0.2.tgz. Extracting by manifest.
692 silly tarball no local data for asap@https://registry.npmjs.org/asap/-/asap-1.0.0.tgz. Extracting by manifest.
693 silly tarball no local data for minimist@https://registry.npmjs.org/minimist/-/minimist-1.2.8.tgz. Extracting by manifest.
694 silly tarball no local data for is-promise@https://registry.npmjs.org/is-promise/-/is-promise-2.2.2.tgz. Extracting by manifest.
695 silly tarball no local data for acorn@https://registry.npmjs.org/acorn/-/acorn-2.7.0.tgz. Extracting by manifest.
696 silly tarball no local data for promise@https://registry.npmjs.org/promise/-/promise-6.1.0.tgz. Extracting by manifest.
697 silly tarball no local data for source-map@https://registry.npmjs.org/source-map/-/source-map-0.4.4.tgz. Extracting by manifest.
698 silly tarball no local data for with@https://registry.npmjs.org/with/-/with-4.0.3.tgz. Extracting by manifest.
699 silly tarball no local data for void-elements@https://registry.npmjs.org/void-elements/-/void-elements-2.0.1.tgz. Extracting by manifest.
700 silly tarball no local data for transformers@https://registry.npmjs.org/transformers/-/transformers-2.1.0.tgz. Extracting by manifest.
701 silly tarball no local data for mkdirp@https://registry.npmjs.org/mkdirp/-/mkdirp-0.5.6.tgz. Extracting by manifest.
702 silly tarball no local data for uglify-js@https://registry.npmjs.org/uglify-js/-/uglify-js-2.8.29.tgz. Extracting by manifest.
703 silly tarball no local data for jstransformer@https://registry.npmjs.org/jstransformer/-/jstransformer-0.0.2.tgz. Extracting by manifest.
704 silly tarball no local data for constantinople@https://registry.npmjs.org/constantinople/-/constantinople-3.0.2.tgz. Extracting by manifest.
705 silly tarball no local data for commander@https://registry.npmjs.org/commander/-/commander-2.6.0.tgz. Extracting by manifest.
706 silly tarball no local data for clean-css@https://registry.npmjs.org/clean-css/-/clean-css-3.4.28.tgz. Extracting by manifest.
707 silly tarball no local data for character-parser@https://registry.npmjs.org/character-parser/-/character-parser-1.2.1.tgz. Extracting by manifest.
708 silly tarball no local data for cookie@https://registry.npmjs.org/cookie/-/cookie-0.4.1.tgz. Extracting by manifest.
709 silly tarball no local data for pug@https://registry.npmjs.org/pug/-/pug-3.0.2.tgz. Extracting by manifest.
710 silly tarball no local data for jade@https://registry.npmjs.org/jade/-/jade-1.11.0.tgz. Extracting by manifest.
711 silly tarball no local data for morgan@https://registry.npmjs.org/morgan/-/morgan-1.9.1.tgz. Extracting by manifest.
712 silly tarball no local data for cookie-parser@https://registry.npmjs.org/cookie-parser/-/cookie-parser-1.4.6.tgz. Extracting by manifest.
713 silly tarball no local data for acorn@https://registry.npmjs.org/acorn/-/acorn-7.4.1.tgz. Extracting by manifest.
714 silly tarball no local data for constantinople@https://registry.npmjs.org/constantinople/-/constantinople-4.0.1.tgz. Extracting by manifest.
715 silly tarball no local data for asap@https://registry.npmjs.org/asap/-/asap-2.0.6.tgz. Extracting by manifest.
716 silly tarball no local data for promise@https://registry.npmjs.org/promise/-/promise-7.3.1.tgz. Extracting by manifest.
717 silly tarball no local data for jstransformer@https://registry.npmjs.org/jstransformer/-/jstransformer-1.0.0.tgz. Extracting by manifest.
718 silly tarball no local data for constantinople@https://registry.npmjs.org/constantinople/-/constantinople-4.0.1.tgz. Extracting by manifest.
719 silly tarball no local data for with@https://registry.npmjs.org/with/-/with-7.0.2.tgz. Extracting by manifest.
720 silly tarball no local data for void-elements@https://registry.npmjs.org/void-elements/-/void-elements-3.1.0.tgz. Extracting by manifest.
721 silly tarball no local data for constantinople@https://registry.npmjs.org/constantinople/-/constantinople-4.0.1.tgz. Extracting by manifest.
722 silly tarball no local data for character-parser@https://registry.npmjs.org/character-parser/-/character-parser-2.2.0.tgz. Extracting by manifest.
723 silly tarball no local data for source-map@https://registry.npmjs.org/source-map/-/source-map-0.1.43.tgz. Extracting by manifest.
724 silly tarball no local data for is-promise@https://registry.npmjs.org/is-promise/-/is-promise-1.0.1.tgz. Extracting by manifest.
725 silly tarball no local data for uglify-js@https://registry.npmjs.org/uglify-js/-/uglify-js-2.2.5.tgz. Extracting by manifest.
726 silly tarball no local data for commander@https://registry.npmjs.org/commander/-/commander-2.8.1.tgz. Extracting by manifest.
727 silly tarball no local data for acorn@https://registry.npmjs.org/acorn/-/acorn-1.2.2.tgz. Extracting by manifest.
728 silly tarball no local data for source-map@https://registry.npmjs.org/source-map/-/source-map-0.5.7.tgz. Extracting by manifest.
729 silly tarball no local data for promise@https://registry.npmjs.org/promise/-/promise-2.0.0.tgz. Extracting by manifest.
730 http fetch POST 200 https://registry.npmjs.org/-/npm/v1/security/advisories/bulk 632ms
731 timing auditReport:getReport Completed in 637ms
732 silly audit report {
732 silly audit report   qs: [
732 silly audit report     {
732 silly audit report       id: 1095517,
732 silly audit report       url: 'https://github.com/advisories/GHSA-hrpp-h998-j3pp',
732 silly audit report       title: 'qs vulnerable to Prototype Pollution',
732 silly audit report       severity: 'high',
732 silly audit report       vulnerable_versions: '>=6.5.0 <6.5.3',
732 silly audit report       cwe: [Array],
732 silly audit report       cvss: [Object]
732 silly audit report     }
732 silly audit report   ],
732 silly audit report   'clean-css': [
732 silly audit report     {
732 silly audit report       id: 1091669,
732 silly audit report       url: 'https://github.com/advisories/GHSA-wxhq-pm8v-cw75',
732 silly audit report       title: 'Regular Expression Denial of Service in clean-css',
732 silly audit report       severity: 'low',
732 silly audit report       vulnerable_versions: '<4.1.11',
732 silly audit report       cwe: [Array],
732 silly audit report       cvss: [Object]
732 silly audit report     }
732 silly audit report   ],
732 silly audit report   constantinople: [
732 silly audit report     {
732 silly audit report       id: 1090850,
732 silly audit report       url: 'https://github.com/advisories/GHSA-4vmm-mhcq-4x9j',
732 silly audit report       title: 'Sandbox Bypass Leading to Arbitrary Code Execution in constantinople',
732 silly audit report       severity: 'critical',
732 silly audit report       vulnerable_versions: '<3.1.1',
732 silly audit report       cwe: [],
732 silly audit report       cvss: [Object]
732 silly audit report     }
732 silly audit report   ],
732 silly audit report   'uglify-js': [
732 silly audit report     {
732 silly audit report       id: 1091686,
732 silly audit report       url: 'https://github.com/advisories/GHSA-c9f4-xj24-8jqx',
732 silly audit report       title: 'Regular Expression Denial of Service in uglify-js',
732 silly audit report       severity: 'high',
732 silly audit report       vulnerable_versions: '<2.6.0',
732 silly audit report       cwe: [Array],
732 silly audit report       cvss: [Object]
732 silly audit report     },
732 silly audit report     {
732 silly audit report       id: 1091710,
732 silly audit report       url: 'https://github.com/advisories/GHSA-34r7-q49f-h37c',
732 silly audit report       title: 'Incorrect Handling of Non-Boolean Comparisons During Minification in uglify-js',
732 silly audit report       severity: 'critical',
732 silly audit report       vulnerable_versions: '<2.4.24',
732 silly audit report       cwe: [Array],
732 silly audit report       cvss: [Object]
732 silly audit report     }
732 silly audit report   ]
732 silly audit report }
733 timing metavuln:packument:qs Completed in 4ms
734 timing metavuln:packument:clean-css Completed in 4ms
735 timing metavuln:packument:constantinople Completed in 3ms
736 timing metavuln:packument:uglify-js Completed in 3ms
737 timing metavuln:cache:get:security-advisory:qs:wa6KGxttc0iVUGv67IIYk1HCTTqYOuhnJ3BHFEOrIrt5TdSGSUk8XT71+NHTzg8rpuQC9k7cvXmQs94ktl+7pQ== Completed in 77ms
738 timing metavuln:load:security-advisory:qs:1095517 Completed in 4ms
739 timing metavuln:cache:get:security-advisory:clean-css:iMGvPnQPibsv5sFRVwiwq5tChAgPgMixbCiMVnE7uOtiV7ihb7wX2nCVu/GtFsPTjz/NWWlr2eQ3/hntNL0aVQ== Completed in 80ms
740 timing metavuln:load:security-advisory:clean-css:1091669 Completed in 10ms
741 timing metavuln:cache:get:security-advisory:constantinople:0n6IFN4cWubbMfJ365cN3Ds8wtMkF7kzxt8YHbo4H7diGSKMTrY5pCwN8eZZOx1QGB0XU13rWzpvpc3pQ7/vIQ== Completed in 90ms
742 timing metavuln:load:security-advisory:constantinople:1090850 Completed in 1ms
743 timing metavuln:cache:get:security-advisory:uglify-js:hkwtVp5Fvwe6o2MAcQo+RyegEtzqEyBw2xUs87y6TNaHzV+TQ0nkFIvmWpLbAXKt881YQNkvrwPJACyKVdQ1lw== Completed in 91ms
744 timing metavuln:load:security-advisory:uglify-js:1091686 Completed in 6ms
745 timing metavuln:cache:get:security-advisory:uglify-js:sIR+f54Y390B18gaW2mKxeeKExLmqIiE6d/MoH/39jLX6WrSSRO6eq0QhXD261Gq2uqv8C+KXY2/vWEQpGSJ0Q== Completed in 98ms
746 timing metavuln:load:security-advisory:uglify-js:1091710 Completed in 6ms
747 timing reifyNode:node_modules/destroy Completed in 1318ms
748 timing reifyNode:node_modules/ee-first Completed in 1316ms
749 timing reifyNode:node_modules/escape-html Completed in 1359ms
750 timing reifyNode:node_modules/array-flatten Completed in 1359ms
751 timing reifyNode:node_modules/ms Completed in 1360ms
752 timing reifyNode:node_modules/media-typer Completed in 1380ms
753 timing reifyNode:node_modules/forwarded Completed in 1379ms
754 timing reifyNode:node_modules/on-headers Completed in 1379ms
755 timing reifyNode:node_modules/basic-auth Completed in 1380ms
756 timing reifyNode:node_modules/unpipe Completed in 1378ms
757 timing reifyNode:node_modules/inherits Completed in 1378ms
758 timing reifyNode:node_modules/bytes Completed in 1379ms
759 timing reifyNode:node_modules/utils-merge Completed in 1379ms
760 timing reifyNode:node_modules/vary Completed in 1379ms
761 timing reifyNode:node_modules/type-is Completed in 1380ms
762 timing reifyNode:node_modules/setprototypeof Completed in 1380ms
763 timing reifyNode:node_modules/range-parser Completed in 1410ms
764 timing reifyNode:node_modules/path-to-regexp Completed in 1411ms
765 timing reifyNode:node_modules/on-finished Completed in 1411ms
766 timing reifyNode:node_modules/fresh Completed in 1410ms
767 timing reifyNode:node_modules/methods Completed in 1411ms
768 timing reifyNode:node_modules/parseurl Completed in 1411ms
769 timing reifyNode:node_modules/finalhandler Completed in 1410ms
770 timing reifyNode:node_modules/etag Completed in 1411ms
771 timing reifyNode:node_modules/merge-descriptors Completed in 1412ms
772 timing reifyNode:node_modules/encodeurl Completed in 1411ms
773 timing reifyNode:node_modules/accepts Completed in 1410ms
774 timing reifyNode:node_modules/content-type Completed in 1411ms
775 timing reifyNode:node_modules/cookie-signature Completed in 1411ms
776 timing reifyNode:node_modules/statuses Completed in 1418ms
777 timing reifyNode:node_modules/proxy-addr Completed in 1452ms
778 timing reifyNode:node_modules/http-errors Completed in 1451ms
779 timing reifyNode:node_modules/mime-types Completed in 1457ms
780 timing reifyNode:node_modules/serve-static Completed in 1459ms
781 timing reifyNode:node_modules/safe-buffer Completed in 1479ms
782 timing reifyNode:node_modules/content-disposition Completed in 1478ms
783 timing reifyNode:node_modules/express/node_modules/cookie Completed in 1479ms
784 timing reifyNode:node_modules/raw-body Completed in 1484ms
785 timing reifyNode:node_modules/send Completed in 1508ms
786 timing reifyNode:node_modules/gopd Completed in 1547ms
787 timing reifyNode:node_modules/has-proto Completed in 1547ms
788 timing reifyNode:node_modules/safer-buffer Completed in 1541ms
789 timing reifyNode:node_modules/mime Completed in 1566ms
790 timing reifyNode:node_modules/ipaddr.js Completed in 1565ms
791 http fetch GET 200 https://registry.npmjs.org/babel-walk/-/babel-walk-3.0.0-canary-5.tgz 1436ms (cache miss)
792 http fetch GET 200 https://registry.npmjs.org/is-regex/-/is-regex-1.1.4.tgz 1436ms (cache miss)
793 http fetch GET 200 https://registry.npmjs.org/assert-never/-/assert-never-1.2.1.tgz 1434ms (cache miss)
794 timing reifyNode:node_modules/assert-never Completed in 1571ms
795 http fetch GET 200 https://registry.npmjs.org/is-buffer/-/is-buffer-1.1.6.tgz 1424ms (cache miss)
796 timing reifyNode:node_modules/is-buffer Completed in 1571ms
797 http fetch GET 200 https://registry.npmjs.org/to-fast-properties/-/to-fast-properties-2.0.0.tgz 1454ms (cache miss)
798 timing reifyNode:node_modules/to-fast-properties Completed in 1589ms
799 http fetch GET 200 https://registry.npmjs.org/graceful-readlink/-/graceful-readlink-1.0.1.tgz 1445ms (cache miss)
800 timing reifyNode:node_modules/graceful-readlink Completed in 1590ms
801 timing reifyNode:node_modules/has-property-descriptors Completed in 1613ms
802 timing reifyNode:node_modules/negotiator Completed in 1607ms
803 timing reifyNode:node_modules/is-regex Completed in 1614ms
804 http fetch GET 200 https://registry.npmjs.org/repeat-string/-/repeat-string-1.6.1.tgz 1469ms (cache miss)
805 timing reifyNode:node_modules/repeat-string Completed in 1616ms
806 timing reifyNode:node_modules/call-bind Completed in 1638ms
807 timing reifyNode:node_modules/hasown Completed in 1637ms
808 timing metavuln:cache:put:security-advisory:qs:wa6KGxttc0iVUGv67IIYk1HCTTqYOuhnJ3BHFEOrIrt5TdSGSUk8XT71+NHTzg8rpuQC9k7cvXmQs94ktl+7pQ== Completed in 916ms
809 timing metavuln:calculate:security-advisory:qs:1095517 Completed in 1007ms
810 timing metavuln:cache:put:security-advisory:clean-css:iMGvPnQPibsv5sFRVwiwq5tChAgPgMixbCiMVnE7uOtiV7ihb7wX2nCVu/GtFsPTjz/NWWlr2eQ3/hntNL0aVQ== Completed in 905ms
811 timing metavuln:calculate:security-advisory:clean-css:1091669 Completed in 995ms
812 timing metavuln:cache:put:security-advisory:uglify-js:hkwtVp5Fvwe6o2MAcQo+RyegEtzqEyBw2xUs87y6TNaHzV+TQ0nkFIvmWpLbAXKt881YQNkvrwPJACyKVdQ1lw== Completed in 895ms
813 timing metavuln:calculate:security-advisory:uglify-js:1091686 Completed in 994ms
814 timing metavuln:cache:put:security-advisory:uglify-js:sIR+f54Y390B18gaW2mKxeeKExLmqIiE6d/MoH/39jLX6WrSSRO6eq0QhXD261Gq2uqv8C+KXY2/vWEQpGSJ0Q== Completed in 888ms
815 timing metavuln:calculate:security-advisory:uglify-js:1091710 Completed in 993ms
816 timing reifyNode:node_modules/get-intrinsic Completed in 1655ms
817 http fetch GET 200 https://registry.npmjs.org/@babel/helper-string-parser/-/helper-string-parser-7.23.4.tgz 1518ms (cache miss)
818 timing reifyNode:node_modules/@babel/helper-string-parser Completed in 1655ms
819 http fetch GET 200 https://registry.npmjs.org/@babel/helper-validator-identifier/-/helper-validator-identifier-7.22.20.tgz 1518ms (cache miss)
820 timing metavuln:cache:put:security-advisory:constantinople:0n6IFN4cWubbMfJ365cN3Ds8wtMkF7kzxt8YHbo4H7diGSKMTrY5pCwN8eZZOx1QGB0XU13rWzpvpc3pQ7/vIQ== Completed in 920ms
821 timing metavuln:calculate:security-advisory:constantinople:1090850 Completed in 1011ms
822 timing metavuln:packument:express Completed in 0ms
823 timing metavuln:packument:body-parser Completed in 0ms
824 http fetch GET 200 https://registry.npmjs.org/longest/-/longest-1.0.1.tgz 1505ms (cache miss)
825 timing reifyNode:node_modules/longest Completed in 1658ms
826 http fetch GET 200 https://registry.npmjs.org/right-align/-/right-align-0.1.3.tgz 1503ms (cache miss)
827 timing reifyNode:node_modules/right-align Completed in 1657ms
828 http fetch GET 200 https://registry.npmjs.org/window-size/-/window-size-0.1.0.tgz 1499ms (cache miss)
829 timing reifyNode:node_modules/window-size Completed in 1658ms
830 http fetch GET 200 https://registry.npmjs.org/camelcase/-/camelcase-1.2.1.tgz 1495ms (cache miss)
831 timing reifyNode:node_modules/camelcase Completed in 1659ms
832 http fetch GET 200 https://registry.npmjs.org/path-parse/-/path-parse-1.0.7.tgz 1487ms (cache miss)
833 timing reifyNode:node_modules/path-parse Completed in 1659ms
834 http fetch GET 200 https://registry.npmjs.org/object-assign/-/object-assign-4.1.1.tgz 1483ms (cache miss)
835 timing reifyNode:node_modules/object-assign Completed in 1659ms
836 http fetch GET 200 https://registry.npmjs.org/doctypes/-/doctypes-1.1.0.tgz 1476ms (cache miss)
837 timing reifyNode:node_modules/doctypes Completed in 1660ms
838 http fetch GET 200 https://registry.npmjs.org/has-tostringtag/-/has-tostringtag-1.0.0.tgz 1538ms (cache miss)
839 timing metavuln:cache:get:security-advisory:express:JeKZYHSB8QGAJuW4lSFdEyxphyyfn9m9Rag490E/qQi0ZsCL898GM8cDFz9gT5i+csINc7dhQ7X9fCbvCYZqdQ== Completed in 14ms
840 timing metavuln:load:security-advisory:express:wa6KGxttc0iVUGv67IIYk1HCTTqYOuhnJ3BHFEOrIrt5TdSGSUk8XT71+NHTzg8rpuQC9k7cvXmQs94ktl+7pQ== Completed in 53ms
841 timing metavuln:cache:get:security-advisory:body-parser:Hh9o0F9LX4M6bKuxZWvnb2DUj6v+RKOKyiSop6dcKFsxY2Ctapf8BQPaZGxFJRUChkljjVmNXshdJ5LYHb4BHw== Completed in 67ms
842 timing metavuln:load:security-advisory:body-parser:wa6KGxttc0iVUGv67IIYk1HCTTqYOuhnJ3BHFEOrIrt5TdSGSUk8XT71+NHTzg8rpuQC9k7cvXmQs94ktl+7pQ== Completed in 3ms
843 http fetch GET 200 https://registry.npmjs.org/align-text/-/align-text-0.1.4.tgz 1573ms (cache miss)
844 timing reifyNode:node_modules/align-text Completed in 1727ms
845 http fetch GET 200 https://registry.npmjs.org/lazy-cache/-/lazy-cache-1.0.4.tgz 1572ms (cache miss)
846 timing reifyNode:node_modules/lazy-cache Completed in 1728ms
847 http fetch GET 200 https://registry.npmjs.org/acorn-globals/-/acorn-globals-1.0.9.tgz 1568ms (cache miss)
848 timing reifyNode:node_modules/acorn-globals Completed in 1728ms
849 http fetch GET 200 https://registry.npmjs.org/uglify-to-browserify/-/uglify-to-browserify-1.0.2.tgz 1564ms (cache miss)
850 timing reifyNode:node_modules/uglify-to-browserify Completed in 1729ms
851 http fetch GET 200 https://registry.npmjs.org/css-stringify/-/css-stringify-1.0.5.tgz 1563ms (cache miss)
852 timing reifyNode:node_modules/css-stringify Completed in 1729ms
853 http fetch GET 200 https://registry.npmjs.org/css-parse/-/css-parse-1.0.4.tgz 1563ms (cache miss)
854 timing reifyNode:node_modules/css-parse Completed in 1730ms
855 http fetch GET 200 https://registry.npmjs.org/token-stream/-/token-stream-1.0.0.tgz 1556ms (cache miss)
856 timing reifyNode:node_modules/token-stream Completed in 1729ms
857 http fetch GET 200 https://registry.npmjs.org/is-expression/-/is-expression-4.0.0.tgz 1553ms (cache miss)
858 timing reifyNode:node_modules/is-expression Completed in 1730ms
859 http fetch GET 200 https://registry.npmjs.org/js-stringify/-/js-stringify-1.0.2.tgz 1548ms (cache miss)
860 timing reifyNode:node_modules/js-stringify Completed in 1731ms
861 http fetch GET 200 https://registry.npmjs.org/pug-strip-comments/-/pug-strip-comments-2.0.0.tgz 1548ms (cache miss)
862 timing reifyNode:node_modules/pug-strip-comments Completed in 1732ms
863 http fetch GET 200 https://registry.npmjs.org/pug-load/-/pug-load-3.0.0.tgz 1542ms (cache miss)
864 timing reifyNode:node_modules/pug-load Completed in 1733ms
865 http fetch GET 200 https://registry.npmjs.org/void-elements/-/void-elements-2.0.1.tgz 1534ms (cache miss)
866 timing reifyNode:node_modules/void-elements Completed in 1737ms
867 http fetch GET 200 https://registry.npmjs.org/pug-attrs/-/pug-attrs-3.0.0.tgz 1557ms (cache miss)
868 timing reifyNode:node_modules/pug-attrs Completed in 1740ms
869 timing reifyNode:node_modules/set-function-length Completed in 1774ms
870 http fetch GET 200 https://registry.npmjs.org/kind-of/-/kind-of-3.2.2.tgz 1626ms (cache miss)
871 timing reifyNode:node_modules/kind-of Completed in 1774ms
872 http fetch GET 200 https://registry.npmjs.org/decamelize/-/decamelize-1.2.0.tgz 1616ms (cache miss)
873 timing reifyNode:node_modules/decamelize Completed in 1775ms
874 http fetch GET 200 https://registry.npmjs.org/css/-/css-1.0.8.tgz 1606ms (cache miss)
875 timing reifyNode:node_modules/css Completed in 1775ms
876 http fetch GET 200 https://registry.npmjs.org/supports-preserve-symlinks-flag/-/supports-preserve-symlinks-flag-1.0.0.tgz 1605ms (cache miss)
877 timing reifyNode:node_modules/supports-preserve-symlinks-flag Completed in 1781ms
878 http fetch GET 200 https://registry.npmjs.org/pug-filters/-/pug-filters-4.0.0.tgz 1588ms (cache miss)
879 timing reifyNode:node_modules/pug-filters Completed in 1781ms
880 http fetch GET 200 https://registry.npmjs.org/is-promise/-/is-promise-2.2.2.tgz 1585ms (cache miss)
881 timing reifyNode:node_modules/is-promise Completed in 1781ms
882 http fetch GET 200 https://registry.npmjs.org/pug-linker/-/pug-linker-4.0.0.tgz 1610ms (cache miss)
883 timing reifyNode:node_modules/pug-linker Completed in 1803ms
884 timing reifyNode:node_modules/define-data-property Completed in 1836ms
885 timing reifyNode:node_modules/function-bind Completed in 1834ms
886 timing reifyNode:node_modules/@babel/helper-validator-identifier Completed in 1843ms
887 http fetch GET 200 https://registry.npmjs.org/cliui/-/cliui-2.1.0.tgz 1685ms (cache miss)
888 timing reifyNode:node_modules/cliui Completed in 1843ms
889 http fetch GET 200 https://registry.npmjs.org/pug-walk/-/pug-walk-2.0.0.tgz 1665ms (cache miss)
890 timing reifyNode:node_modules/pug-walk Completed in 1843ms
891 http fetch GET 200 https://registry.npmjs.org/pug-error/-/pug-error-2.0.0.tgz 1663ms (cache miss)
892 timing reifyNode:node_modules/pug-error Completed in 1844ms
893 http fetch GET 200 https://registry.npmjs.org/character-parser/-/character-parser-1.2.1.tgz 1630ms (cache miss)
894 timing reifyNode:node_modules/character-parser Completed in 1850ms
895 http fetch GET 200 https://registry.npmjs.org/asap/-/asap-1.0.0.tgz 1659ms (cache miss)
896 timing reifyNode:node_modules/asap Completed in 1854ms
897 timing reifyNode:node_modules/depd Completed in 1861ms
898 timing reifyNode:node_modules/has-tostringtag Completed in 1871ms
899 http fetch GET 200 https://registry.npmjs.org/amdefine/-/amdefine-1.0.1.tgz 1704ms (cache miss)
900 timing reifyNode:node_modules/amdefine Completed in 1873ms
901 http fetch GET 200 https://registry.npmjs.org/with/-/with-4.0.3.tgz 1674ms (cache miss)
902 timing reifyNode:node_modules/with Completed in 1877ms
903 http fetch GET 200 https://registry.npmjs.org/mkdirp/-/mkdirp-0.5.6.tgz 1673ms (cache miss)
904 timing reifyNode:node_modules/mkdirp Completed in 1878ms
905 http fetch GET 200 https://registry.npmjs.org/promise/-/promise-2.0.0.tgz 1572ms (cache miss)
906 timing reifyNode:node_modules/transformers/node_modules/promise Completed in 1879ms
907 timing reifyNode:node_modules/has-symbols Completed in 1885ms
908 timing reifyNode:node_modules/mime-db Completed in 1881ms
909 http fetch GET 200 https://registry.npmjs.org/cookie/-/cookie-0.4.1.tgz 1620ms (cache miss)
910 timing reifyNode:node_modules/cookie Completed in 1875ms
911 http fetch GET 200 https://registry.npmjs.org/center-align/-/center-align-0.1.3.tgz 1728ms (cache miss)
912 timing reifyNode:node_modules/center-align Completed in 1885ms
913 http fetch GET 200 https://registry.npmjs.org/pug-code-gen/-/pug-code-gen-3.0.2.tgz 1691ms (cache miss)
914 timing reifyNode:node_modules/pug-code-gen Completed in 1884ms
915 http fetch GET 200 https://registry.npmjs.org/cookie-parser/-/cookie-parser-1.4.6.tgz 1608ms (cache miss)
916 timing reifyNode:node_modules/cookie-parser Completed in 1878ms
917 http fetch GET 200 https://registry.npmjs.org/jstransformer/-/jstransformer-1.0.0.tgz 1597ms (cache miss)
918 timing reifyNode:node_modules/pug-filters/node_modules/jstransformer Completed in 1886ms
919 http fetch GET 200 https://registry.npmjs.org/constantinople/-/constantinople-3.0.2.tgz 1669ms (cache miss)
920 warn deprecated constantinople@3.0.2: Please update to at least constantinople 3.1.1
921 timing reifyNode:node_modules/constantinople Completed in 1888ms
922 http fetch GET 200 https://registry.npmjs.org/jstransformer/-/jstransformer-0.0.2.tgz 1672ms (cache miss)
923 timing reifyNode:node_modules/jstransformer Completed in 1888ms
924 http fetch GET 200 https://registry.npmjs.org/is-promise/-/is-promise-1.0.1.tgz 1589ms (cache miss)
925 timing reifyNode:node_modules/transformers/node_modules/is-promise Completed in 1889ms
926 http fetch GET 200 https://registry.npmjs.org/void-elements/-/void-elements-3.1.0.tgz 1607ms (cache miss)
927 timing reifyNode:node_modules/pug-code-gen/node_modules/void-elements Completed in 1900ms
928 http fetch GET 200 https://registry.npmjs.org/pug-parser/-/pug-parser-6.0.0.tgz 1717ms (cache miss)
929 timing reifyNode:node_modules/pug-parser Completed in 1904ms
930 http fetch GET 200 https://registry.npmjs.org/morgan/-/morgan-1.9.1.tgz 1629ms (cache miss)
931 timing reifyNode:node_modules/morgan Completed in 1897ms
932 http fetch GET 200 https://registry.npmjs.org/character-parser/-/character-parser-2.2.0.tgz 1611ms (cache miss)
933 timing reifyNode:node_modules/pug-lexer/node_modules/character-parser Completed in 1907ms
934 timing reifyNode:node_modules/debug Completed in 1900ms
935 http fetch GET 200 https://registry.npmjs.org/pug-runtime/-/pug-runtime-3.0.1.tgz 1725ms (cache miss)
936 timing reifyNode:node_modules/pug-runtime Completed in 1910ms
937 timing reifyNode:node_modules/body-parser Completed in 1906ms
938 timing reifyNode:node_modules/babel-walk Completed in 1917ms
939 http fetch GET 200 https://registry.npmjs.org/pug-lexer/-/pug-lexer-5.0.1.tgz 1723ms (cache miss)
940 timing reifyNode:node_modules/pug-lexer Completed in 1917ms
941 http fetch GET 200 https://registry.npmjs.org/transformers/-/transformers-2.1.0.tgz 1725ms (cache miss)
942 warn deprecated transformers@2.1.0: Deprecated, use jstransformer
943 timing reifyNode:node_modules/transformers Completed in 1930ms
944 http fetch GET 200 https://registry.npmjs.org/commander/-/commander-2.6.0.tgz 1712ms (cache miss)
945 timing reifyNode:node_modules/commander Completed in 1931ms
946 http fetch GET 200 https://registry.npmjs.org/asap/-/asap-2.0.6.tgz 1666ms (cache miss)
947 timing reifyNode:node_modules/pug-filters/node_modules/asap Completed in 1952ms
948 http fetch GET 200 https://registry.npmjs.org/constantinople/-/constantinople-4.0.1.tgz 1687ms (cache miss)
949 timing reifyNode:node_modules/pug-filters/node_modules/constantinople Completed in 1978ms
950 http fetch GET 200 https://registry.npmjs.org/commander/-/commander-2.8.1.tgz 1676ms (cache miss)
951 timing reifyNode:node_modules/clean-css/node_modules/commander Completed in 1979ms
952 http fetch GET 200 https://registry.npmjs.org/promise/-/promise-6.1.0.tgz 1794ms (cache miss)
953 timing reifyNode:node_modules/promise Completed in 1995ms
954 http fetch GET 200 https://registry.npmjs.org/is-core-module/-/is-core-module-2.13.1.tgz 1827ms (cache miss)
955 timing reifyNode:node_modules/is-core-module Completed in 1999ms
956 http fetch GET 200 https://registry.npmjs.org/wordwrap/-/wordwrap-0.0.2.tgz 1848ms (cache miss)
957 timing reifyNode:node_modules/wordwrap Completed in 2006ms
958 http fetch GET 200 https://registry.npmjs.org/pug/-/pug-3.0.2.tgz 1737ms (cache miss)
959 timing reifyNode:node_modules/pug Completed in 1997ms
960 http fetch GET 200 https://registry.npmjs.org/constantinople/-/constantinople-4.0.1.tgz 1724ms (cache miss)
961 timing reifyNode:node_modules/pug-attrs/node_modules/constantinople Completed in 2006ms
962 http fetch GET 200 https://registry.npmjs.org/constantinople/-/constantinople-4.0.1.tgz 1712ms (cache miss)
963 timing reifyNode:node_modules/pug-code-gen/node_modules/constantinople Completed in 2006ms
964 timing reifyNode:node_modules/qs Completed in 2006ms
965 timing metavuln:cache:put:security-advisory:express:JeKZYHSB8QGAJuW4lSFdEyxphyyfn9m9Rag490E/qQi0ZsCL898GM8cDFz9gT5i+csINc7dhQ7X9fCbvCYZqdQ== Completed in 292ms
966 timing metavuln:calculate:security-advisory:express:wa6KGxttc0iVUGv67IIYk1HCTTqYOuhnJ3BHFEOrIrt5TdSGSUk8XT71+NHTzg8rpuQC9k7cvXmQs94ktl+7pQ== Completed in 359ms
967 timing metavuln:cache:put:security-advisory:body-parser:Hh9o0F9LX4M6bKuxZWvnb2DUj6v+RKOKyiSop6dcKFsxY2Ctapf8BQPaZGxFJRUChkljjVmNXshdJ5LYHb4BHw== Completed in 289ms
968 timing metavuln:calculate:security-advisory:body-parser:wa6KGxttc0iVUGv67IIYk1HCTTqYOuhnJ3BHFEOrIrt5TdSGSUk8XT71+NHTzg8rpuQC9k7cvXmQs94ktl+7pQ== Completed in 359ms
969 timing metavuln:packument:jade Completed in 0ms
970 timing metavuln:cache:get:security-advisory:jade:9iz881jwUJh1G4UDJ/KM7Y7IcNU+hWeb/U0MbZebcyI90m8XfiAj+Sb2ZfUuZzSEbrUjWkV3tsshH/a5oBmd/g== Completed in 5ms
971 timing metavuln:load:security-advisory:jade:iMGvPnQPibsv5sFRVwiwq5tChAgPgMixbCiMVnE7uOtiV7ihb7wX2nCVu/GtFsPTjz/NWWlr2eQ3/hntNL0aVQ== Completed in 4ms
972 http fetch GET 200 https://registry.npmjs.org/optimist/-/optimist-0.3.7.tgz 1910ms (cache miss)
973 timing reifyNode:node_modules/express Completed in 2032ms
974 timing reifyNode:node_modules/optimist Completed in 2043ms
975 http fetch GET 200 https://registry.npmjs.org/with/-/with-7.0.2.tgz 1754ms (cache miss)
976 timing reifyNode:node_modules/pug-code-gen/node_modules/with Completed in 2057ms
977 http fetch GET 200 https://registry.npmjs.org/yargs/-/yargs-3.10.0.tgz 1904ms (cache miss)
978 timing reifyNode:node_modules/yargs Completed in 2068ms
979 http fetch GET 200 https://registry.npmjs.org/minimist/-/minimist-1.2.8.tgz 1889ms (cache miss)
980 timing reifyNode:node_modules/minimist Completed in 2084ms
981 timing metavuln:cache:put:security-advisory:jade:9iz881jwUJh1G4UDJ/KM7Y7IcNU+hWeb/U0MbZebcyI90m8XfiAj+Sb2ZfUuZzSEbrUjWkV3tsshH/a5oBmd/g== Completed in 79ms
982 timing metavuln:calculate:security-advisory:jade:iMGvPnQPibsv5sFRVwiwq5tChAgPgMixbCiMVnE7uOtiV7ihb7wX2nCVu/GtFsPTjz/NWWlr2eQ3/hntNL0aVQ== Completed in 88ms
983 timing metavuln:cache:get:security-advisory:jade:SVei7NQHPa8tYrEk6eR3dy/QhA7/EyW22D0IHAaEuOPUPLLwkJGJvQ+oG5t+Le7FoQ0rukkmdkHYCuL4Zu4aTA== Completed in 11ms
984 timing metavuln:load:security-advisory:jade:0n6IFN4cWubbMfJ365cN3Ds8wtMkF7kzxt8YHbo4H7diGSKMTrY5pCwN8eZZOx1QGB0XU13rWzpvpc3pQ7/vIQ== Completed in 6ms
985 timing reifyNode:node_modules/iconv-lite Completed in 2157ms
986 http fetch GET 200 https://registry.npmjs.org/promise/-/promise-7.3.1.tgz 1904ms (cache miss)
987 http fetch GET 200 https://registry.npmjs.org/source-map/-/source-map-0.4.4.tgz 1994ms (cache miss)
988 timing reifyNode:node_modules/source-map Completed in 2197ms
989 timing reifyNode:node_modules/pug-filters/node_modules/promise Completed in 2200ms
990 timing metavuln:cache:put:security-advisory:jade:SVei7NQHPa8tYrEk6eR3dy/QhA7/EyW22D0IHAaEuOPUPLLwkJGJvQ+oG5t+Le7FoQ0rukkmdkHYCuL4Zu4aTA== Completed in 85ms
991 timing metavuln:calculate:security-advisory:jade:0n6IFN4cWubbMfJ365cN3Ds8wtMkF7kzxt8YHbo4H7diGSKMTrY5pCwN8eZZOx1QGB0XU13rWzpvpc3pQ7/vIQ== Completed in 103ms
992 timing metavuln:packument:transformers Completed in 0ms
993 timing metavuln:cache:get:security-advisory:transformers:Xf4RaZyiDQQ40Lwm/T/EJCz/B0ZnUEUKmcY+6Wo2928G45uqjBPIWXcysmVXbJSqpaEhotHffjZTaL/jXoaHXg== Completed in 5ms
994 timing metavuln:load:security-advisory:transformers:hkwtVp5Fvwe6o2MAcQo+RyegEtzqEyBw2xUs87y6TNaHzV+TQ0nkFIvmWpLbAXKt881YQNkvrwPJACyKVdQ1lw== Completed in 4ms
995 http fetch GET 200 https://registry.npmjs.org/source-map/-/source-map-0.1.43.tgz 1932ms (cache miss)
996 timing reifyNode:node_modules/transformers/node_modules/source-map Completed in 2232ms
997 timing metavuln:cache:put:security-advisory:transformers:Xf4RaZyiDQQ40Lwm/T/EJCz/B0ZnUEUKmcY+6Wo2928G45uqjBPIWXcysmVXbJSqpaEhotHffjZTaL/jXoaHXg== Completed in 35ms
998 timing metavuln:calculate:security-advisory:transformers:hkwtVp5Fvwe6o2MAcQo+RyegEtzqEyBw2xUs87y6TNaHzV+TQ0nkFIvmWpLbAXKt881YQNkvrwPJACyKVdQ1lw== Completed in 45ms
999 timing metavuln:cache:get:security-advisory:express:a9L/NGvuQyjSXOOQkdxhbJvs8YkreXhcBdAyehIBXo+svCsvQa5sQ+uxgKaaOOkBfKY1ONDHDEvsr8IXfn032Q== Completed in 19ms
1000 timing metavuln:load:security-advisory:express:Hh9o0F9LX4M6bKuxZWvnb2DUj6v+RKOKyiSop6dcKFsxY2Ctapf8BQPaZGxFJRUChkljjVmNXshdJ5LYHb4BHw== Completed in 37ms
1001 http fetch GET 200 https://registry.npmjs.org/uglify-js/-/uglify-js-2.2.5.tgz 2050ms (cache miss)
1002 timing reifyNode:node_modules/transformers/node_modules/uglify-js Completed in 2353ms
1003 timing metavuln:cache:put:security-advisory:express:a9L/NGvuQyjSXOOQkdxhbJvs8YkreXhcBdAyehIBXo+svCsvQa5sQ+uxgKaaOOkBfKY1ONDHDEvsr8IXfn032Q== Completed in 68ms
1004 timing metavuln:calculate:security-advisory:express:Hh9o0F9LX4M6bKuxZWvnb2DUj6v+RKOKyiSop6dcKFsxY2Ctapf8BQPaZGxFJRUChkljjVmNXshdJ5LYHb4BHw== Completed in 124ms
1005 timing metavuln:cache:get:security-advisory:jade:GRqwHxuy9jn4Z9oD9+hSxjYpFcHoIGZjMMTeSRBiboE4GfzSqEE+BNJQQp9DEzBOIK9TkRUm5QkYiiKaPifA5A== Completed in 1ms
1006 timing metavuln:load:security-advisory:jade:Xf4RaZyiDQQ40Lwm/T/EJCz/B0ZnUEUKmcY+6Wo2928G45uqjBPIWXcysmVXbJSqpaEhotHffjZTaL/jXoaHXg== Completed in 3ms
1007 http fetch GET 200 https://registry.npmjs.org/uglify-js/-/uglify-js-2.8.29.tgz 2196ms (cache miss)
1008 timing reifyNode:node_modules/uglify-js Completed in 2402ms
1009 http fetch GET 200 https://registry.npmjs.org/acorn/-/acorn-2.7.0.tgz 2208ms (cache miss)
1010 timing reifyNode:node_modules/acorn Completed in 2410ms
1011 timing metavuln:cache:put:security-advisory:jade:GRqwHxuy9jn4Z9oD9+hSxjYpFcHoIGZjMMTeSRBiboE4GfzSqEE+BNJQQp9DEzBOIK9TkRUm5QkYiiKaPifA5A== Completed in 28ms
1012 timing metavuln:calculate:security-advisory:jade:Xf4RaZyiDQQ40Lwm/T/EJCz/B0ZnUEUKmcY+6Wo2928G45uqjBPIWXcysmVXbJSqpaEhotHffjZTaL/jXoaHXg== Completed in 32ms
1013 timing auditReport:init Completed in 1789ms
1014 timing reify:audit Completed in 2429ms
1015 http fetch GET 200 https://registry.npmjs.org/jade/-/jade-1.11.0.tgz 2170ms (cache miss)
1016 warn deprecated jade@1.11.0: Jade has been renamed to pug, please install the latest version of pug instead of jade
1017 timing reifyNode:node_modules/jade Completed in 2436ms
1018 http fetch GET 200 https://registry.npmjs.org/source-map/-/source-map-0.5.7.tgz 2145ms (cache miss)
1019 timing reifyNode:node_modules/uglify-js/node_modules/source-map Completed in 2451ms
1020 http fetch GET 200 https://registry.npmjs.org/clean-css/-/clean-css-3.4.28.tgz 2239ms (cache miss)
1021 http fetch GET 200 https://registry.npmjs.org/acorn/-/acorn-7.4.1.tgz 2185ms (cache miss)
1022 timing reifyNode:node_modules/clean-css Completed in 2462ms
1023 http fetch GET 200 https://registry.npmjs.org/acorn/-/acorn-1.2.2.tgz 2159ms (cache miss)
1024 timing reifyNode:node_modules/with/node_modules/acorn Completed in 2464ms
1025 http fetch GET 200 https://registry.npmjs.org/@babel/parser/-/parser-7.23.9.tgz 2328ms (cache miss)
1026 timing reifyNode:node_modules/@babel/parser Completed in 2469ms
1027 timing reifyNode:node_modules/is-expression/node_modules/acorn Completed in 2467ms
1028 http fetch GET 200 https://registry.npmjs.org/resolve/-/resolve-1.22.8.tgz 2328ms (cache miss)
1029 timing reifyNode:node_modules/resolve Completed in 2503ms
1030 http fetch GET 200 https://registry.npmjs.org/@babel/types/-/types-7.23.9.tgz 2416ms (cache miss)
1031 timing reifyNode:node_modules/@babel/types Completed in 2556ms
1032 timing reify:unpack Completed in 2558ms
1033 timing reify:unretire Completed in 1ms
1034 timing build:queue Completed in 8ms
1035 timing build:link:node_modules/@babel/parser Completed in 5ms
1036 timing build:link:node_modules/is-expression/node_modules/acorn Completed in 4ms
1037 timing build:link:node_modules/transformers/node_modules/uglify-js Completed in 4ms
1038 timing build:link:node_modules/with/node_modules/acorn Completed in 4ms
1039 timing build:link:node_modules/acorn Completed in 5ms
1040 timing build:link:node_modules/clean-css Completed in 5ms
1041 timing build:link:node_modules/jade Completed in 5ms
1042 timing build:link:node_modules/mime Completed in 5ms
1043 timing build:link:node_modules/mkdirp Completed in 5ms
1044 timing build:link:node_modules/resolve Completed in 5ms
1045 timing build:link:node_modules/uglify-js Completed in 5ms
1046 timing build:link Completed in 6ms
1047 timing build:deps Completed in 14ms
1048 timing build Completed in 15ms
1049 timing reify:build Completed in 15ms
1050 timing reify:trash Completed in 0ms
1051 timing reify:save Completed in 71ms
1052 timing reify Completed in 5757ms
1053 silly ADD node_modules/optimist
1054 silly ADD node_modules/has-property-descriptors
1055 silly ADD node_modules/gopd
1056 silly ADD node_modules/define-data-property
1057 silly ADD node_modules/has-symbols
1058 silly ADD node_modules/has-proto
1059 silly ADD node_modules/set-function-length
1060 silly ADD node_modules/get-intrinsic
1061 silly ADD node_modules/has-tostringtag
1062 silly ADD node_modules/call-bind
1063 silly ADD node_modules/is-regex
1064 silly ADD node_modules/babel-walk
1065 silly ADD node_modules/assert-never
1066 silly ADD node_modules/to-fast-properties
1067 silly ADD node_modules/@babel/helper-validator-identifier
1068 silly ADD node_modules/@babel/helper-string-parser
1069 silly ADD node_modules/@babel/types
1070 silly ADD node_modules/@babel/parser
1071 silly ADD node_modules/graceful-readlink
1072 silly ADD node_modules/is-buffer
1073 silly ADD node_modules/repeat-string
1074 silly ADD node_modules/longest
1075 silly ADD node_modules/kind-of
1076 silly ADD node_modules/lazy-cache
1077 silly ADD node_modules/align-text
1078 silly ADD node_modules/wordwrap
1079 silly ADD node_modules/right-align
1080 silly ADD node_modules/center-align
1081 silly ADD node_modules/window-size
1082 silly ADD node_modules/decamelize
1083 silly ADD node_modules/cliui
1084 silly ADD node_modules/camelcase
1085 silly ADD node_modules/acorn-globals
1086 silly ADD node_modules/yargs
1087 silly ADD node_modules/uglify-to-browserify
1088 silly ADD node_modules/media-typer
1089 silly ADD node_modules/css-stringify
1090 silly ADD node_modules/css-parse
1091 silly ADD node_modules/css
1092 silly ADD node_modules/amdefine
1093 silly ADD node_modules/mime
1094 silly ADD node_modules/destroy
1095 silly ADD node_modules/function-bind
1096 silly ADD node_modules/hasown
1097 silly ADD node_modules/supports-preserve-symlinks-flag
1098 silly ADD node_modules/path-parse
1099 silly ADD node_modules/is-core-module
1100 silly ADD node_modules/token-stream
1101 silly ADD node_modules/object-assign
1102 silly ADD node_modules/is-expression
1103 silly ADD node_modules/is-expression/node_modules/acorn
1104 silly ADD node_modules/resolve
1105 silly ADD node_modules/pug-walk
1106 silly ADD node_modules/pug-error
1107 silly ADD node_modules/pug-attrs
1108 silly ADD node_modules/pug-attrs/node_modules/constantinople
1109 silly ADD node_modules/js-stringify
1110 silly ADD node_modules/doctypes
1111 silly ADD node_modules/pug-strip-comments
1112 silly ADD node_modules/pug-runtime
1113 silly ADD node_modules/pug-parser
1114 silly ADD node_modules/pug-load
1115 silly ADD node_modules/pug-linker
1116 silly ADD node_modules/pug-lexer
1117 silly ADD node_modules/pug-lexer/node_modules/character-parser
1118 silly ADD node_modules/pug-filters
1119 silly ADD node_modules/pug-filters/node_modules/asap
1120 silly ADD node_modules/pug-filters/node_modules/promise
1121 silly ADD node_modules/pug-filters/node_modules/jstransformer
1122 silly ADD node_modules/pug-filters/node_modules/constantinople
1123 silly ADD node_modules/pug-code-gen
1124 silly ADD node_modules/pug-code-gen/node_modules/with
1125 silly ADD node_modules/pug-code-gen/node_modules/void-elements
1126 silly ADD node_modules/pug-code-gen/node_modules/constantinople
1127 silly ADD node_modules/ipaddr.js
1128 silly ADD node_modules/forwarded
1129 silly ADD node_modules/asap
1130 silly ADD node_modules/ee-first
1131 silly ADD node_modules/on-headers
1132 silly ADD node_modules/basic-auth
1133 silly ADD node_modules/minimist
1134 silly ADD node_modules/mime-db
1135 silly ADD node_modules/promise
1136 silly ADD node_modules/is-promise
1137 silly ADD node_modules/acorn
1138 silly ADD node_modules/source-map
1139 silly ADD node_modules/with
1140 silly ADD node_modules/with/node_modules/acorn
1141 silly ADD node_modules/void-elements
1142 silly ADD node_modules/uglify-js
1143 silly ADD node_modules/uglify-js/node_modules/source-map
1144 silly ADD node_modules/transformers
1145 silly ADD node_modules/transformers/node_modules/source-map
1146 silly ADD node_modules/transformers/node_modules/is-promise
1147 silly ADD node_modules/transformers/node_modules/uglify-js
1148 silly ADD node_modules/transformers/node_modules/promise
1149 silly ADD node_modules/mkdirp
1150 silly ADD node_modules/jstransformer
1151 silly ADD node_modules/constantinople
1152 silly ADD node_modules/commander
1153 silly ADD node_modules/clean-css
1154 silly ADD node_modules/clean-css/node_modules/commander
1155 silly ADD node_modules/character-parser
1156 silly ADD node_modules/safer-buffer
1157 silly ADD node_modules/inherits
1158 silly ADD node_modules/unpipe
1159 silly ADD node_modules/raw-body
1160 silly ADD node_modules/iconv-lite
1161 silly ADD node_modules/bytes
1162 silly ADD node_modules/negotiator
1163 silly ADD node_modules/mime-types
1164 silly ADD node_modules/vary
1165 silly ADD node_modules/utils-merge
1166 silly ADD node_modules/type-is
1167 silly ADD node_modules/statuses
1168 silly ADD node_modules/setprototypeof
1169 silly ADD node_modules/serve-static
1170 silly ADD node_modules/send
1171 silly ADD node_modules/safe-buffer
1172 silly ADD node_modules/range-parser
1173 silly ADD node_modules/qs
1174 silly ADD node_modules/proxy-addr
1175 silly ADD node_modules/path-to-regexp
1176 silly ADD node_modules/parseurl
1177 silly ADD node_modules/on-finished
1178 silly ADD node_modules/methods
1179 silly ADD node_modules/merge-descriptors
1180 silly ADD node_modules/fresh
1181 silly ADD node_modules/finalhandler
1182 silly ADD node_modules/etag
1183 silly ADD node_modules/escape-html
1184 silly ADD node_modules/encodeurl
1185 silly ADD node_modules/depd
1186 silly ADD node_modules/content-type
1187 silly ADD node_modules/content-disposition
1188 silly ADD node_modules/body-parser
1189 silly ADD node_modules/array-flatten
1190 silly ADD node_modules/accepts
1191 silly ADD node_modules/ms
1192 silly ADD node_modules/cookie-signature
1193 silly ADD node_modules/cookie
1194 silly ADD node_modules/pug
1195 silly ADD node_modules/morgan
1196 silly ADD node_modules/jade
1197 silly ADD node_modules/http-errors
1198 silly ADD node_modules/express
1199 silly ADD node_modules/express/node_modules/cookie
1200 silly ADD node_modules/debug
1201 silly ADD node_modules/cookie-parser
1202 timing command:install Completed in 5802ms
1203 verbose exit 0
1204 timing npm Completed in 6305ms
1205 info ok
