0 verbose cli /opt/bitnami/node/bin/node /opt/bitnami/node/bin/npm
1 info using npm@10.2.3
2 info using node@v18.19.0
3 timing npm:load:whichnode Completed in 1ms
4 timing config:load:defaults Completed in 1ms
5 timing config:load:file:/opt/bitnami/node/lib/node_modules/npm/npmrc Completed in 10ms
6 timing config:load:builtin Completed in 10ms
7 timing config:load:cli Completed in 6ms
8 timing config:load:env Completed in 1ms
9 timing config:load:file:/home/bitnami/blogger/.npmrc Completed in 0ms
10 timing config:load:project Completed in 4ms
11 timing config:load:file:/home/bitnami/.npmrc Completed in 0ms
12 timing config:load:user Completed in 0ms
13 timing config:load:file:/opt/bitnami/node/etc/npmrc Completed in 0ms
14 timing config:load:global Completed in 1ms
15 timing config:load:setEnvs Completed in 0ms
16 timing config:load Completed in 25ms
17 timing npm:load:configload Completed in 25ms
18 timing config:load:flatten Completed in 3ms
19 timing npm:load:mkdirpcache Completed in 0ms
20 timing npm:load:mkdirplogs Completed in 1ms
21 verbose title npm install mongoose
22 verbose argv "install" "mongoose"
23 timing npm:load:setTitle Completed in 1ms
24 timing npm:load:display Completed in 1ms
25 verbose logfile logs-max:10 dir:/home/bitnami/.npm/_logs/2024-02-12T23_54_25_289Z-
26 verbose logfile /home/bitnami/.npm/_logs/2024-02-12T23_54_25_289Z-debug-0.log
27 timing npm:load:logFile Completed in 11ms
28 timing npm:load:timers Completed in 0ms
29 timing npm:load:configScope Completed in 0ms
30 timing npm:load Completed in 61ms
31 timing arborist:ctor Completed in 1ms
32 silly logfile start cleaning logs, removing 1 files
33 silly logfile done cleaning log files
34 timing idealTree:init Completed in 183ms
35 timing idealTree:userRequests Completed in 1ms
36 silly idealTree buildDeps
37 silly fetch manifest mongoose@*
38 verbose shrinkwrap failed to load node_modules/.package-lock.json out of date, updated: node_modules
39 http fetch GET 200 https://registry.npmjs.org/mongoose 232ms (cache miss)
40 silly placeDep ROOT mongoose@8.1.2 OK for: blogger@0.0.0 want: *
41 silly fetch manifest bson@^6.2.0
42 silly fetch manifest kareem@2.5.1
43 silly fetch manifest mongodb@6.3.0
44 silly fetch manifest mpath@0.9.0
45 silly fetch manifest mquery@5.0.0
46 silly fetch manifest ms@2.1.3
47 silly fetch manifest sift@16.0.1
48 http fetch GET 200 https://registry.npmjs.org/kareem 75ms (cache miss)
49 http fetch GET 200 https://registry.npmjs.org/mquery 83ms (cache miss)
50 http fetch GET 200 https://registry.npmjs.org/mpath 115ms (cache miss)
51 http fetch GET 200 https://registry.npmjs.org/sift 146ms (cache miss)
52 http fetch GET 200 https://registry.npmjs.org/ms 148ms (cache updated)
53 http fetch GET 200 https://registry.npmjs.org/bson 164ms (cache updated)
54 http fetch GET 200 https://registry.npmjs.org/mongodb 168ms (cache updated)
55 timing idealTree:#root Completed in 435ms
56 silly fetch manifest @aws-sdk/credential-providers@^3.188.0
57 http fetch GET 200 https://registry.npmjs.org/@aws-sdk%2fcredential-providers 81ms (cache miss)
58 silly fetch manifest @mongodb-js/zstd@^1.1.0
59 http fetch GET 200 https://registry.npmjs.org/@mongodb-js%2fzstd 82ms (cache miss)
60 silly fetch manifest gcp-metadata@^5.2.0
61 http fetch GET 200 https://registry.npmjs.org/gcp-metadata 29ms (cache miss)
62 silly fetch manifest kerberos@^2.0.1
63 http fetch GET 200 https://registry.npmjs.org/kerberos 33ms (cache miss)
64 silly fetch manifest mongodb-client-encryption@>=6.0.0 <7
65 http fetch GET 200 https://registry.npmjs.org/mongodb-client-encryption 33ms (cache miss)
66 silly fetch manifest snappy@^7.2.2
67 http fetch GET 200 https://registry.npmjs.org/snappy 50ms (cache miss)
68 silly fetch manifest socks@^2.7.1
69 http fetch GET 200 https://registry.npmjs.org/socks 30ms (cache miss)
70 silly placeDep ROOT bson@6.3.0 OK for: mongoose@8.1.2 want: ^6.2.0
71 silly placeDep ROOT kareem@2.5.1 OK for: mongoose@8.1.2 want: 2.5.1
72 silly placeDep ROOT mongodb@6.3.0 OK for: mongoose@8.1.2 want: 6.3.0
73 silly fetch manifest @mongodb-js/saslprep@^1.1.0
74 silly fetch manifest mongodb-connection-string-url@^3.0.0
75 silly placeDep ROOT mpath@0.9.0 OK for: mongoose@8.1.2 want: 0.9.0
76 silly placeDep ROOT mquery@5.0.0 OK for: mongoose@8.1.2 want: 5.0.0
77 silly fetch manifest debug@4.x
78 silly placeDep node_modules/mongoose ms@2.1.3 OK for: mongoose@8.1.2 want: 2.1.3
79 silly placeDep ROOT sift@16.0.1 OK for: mongoose@8.1.2 want: 16.0.1
80 http fetch GET 200 https://registry.npmjs.org/mongodb-connection-string-url 39ms (cache miss)
81 http fetch GET 200 https://registry.npmjs.org/debug 45ms (cache revalidated)
82 http fetch GET 200 https://registry.npmjs.org/@mongodb-js%2fsaslprep 60ms (cache miss)
83 timing idealTree:node_modules/mongoose Completed in 432ms
84 timing idealTree:node_modules/bson Completed in 0ms
85 timing idealTree:node_modules/kareem Completed in 0ms
86 silly placeDep ROOT @mongodb-js/saslprep@1.1.4 OK for: mongodb@6.3.0 want: ^1.1.0
87 silly fetch manifest sparse-bitfield@^3.0.3
88 silly placeDep ROOT mongodb-connection-string-url@3.0.0 OK for: mongodb@6.3.0 want: ^3.0.0
89 silly fetch manifest @types/whatwg-url@^11.0.2
90 silly fetch manifest whatwg-url@^13.0.0
91 http fetch GET 200 https://registry.npmjs.org/whatwg-url 32ms (cache miss)
92 http fetch GET 200 https://registry.npmjs.org/@types%2fwhatwg-url 40ms (cache miss)
93 http fetch GET 200 https://registry.npmjs.org/sparse-bitfield 369ms (cache revalidated)
94 timing idealTree:node_modules/mongodb Completed in 372ms
95 silly placeDep ROOT sparse-bitfield@3.0.3 OK for: @mongodb-js/saslprep@1.1.4 want: ^3.0.3
96 silly fetch manifest memory-pager@^1.0.2
97 http fetch GET 200 https://registry.npmjs.org/memory-pager 35ms (cache revalidated)
98 timing idealTree:node_modules/@mongodb-js/saslprep Completed in 39ms
99 silly placeDep ROOT @types/whatwg-url@11.0.4 OK for: mongodb-connection-string-url@3.0.0 want: ^11.0.2
100 silly fetch manifest @types/webidl-conversions@*
101 silly placeDep ROOT whatwg-url@13.0.0 OK for: mongodb-connection-string-url@3.0.0 want: ^13.0.0
102 silly fetch manifest tr46@^4.1.1
103 silly fetch manifest webidl-conversions@^7.0.0
104 http fetch GET 200 https://registry.npmjs.org/tr46 28ms (cache miss)
105 http fetch GET 200 https://registry.npmjs.org/webidl-conversions 32ms (cache miss)
106 http fetch GET 200 https://registry.npmjs.org/@types%2fwebidl-conversions 82ms (cache miss)
107 timing idealTree:node_modules/mongodb-connection-string-url Completed in 87ms
108 silly placeDep ROOT @types/webidl-conversions@7.0.3 OK for: @types/whatwg-url@11.0.4 want: *
109 timing idealTree:node_modules/@types/whatwg-url Completed in 4ms
110 timing idealTree:node_modules/@types/webidl-conversions Completed in 0ms
111 timing idealTree:node_modules/mpath Completed in 0ms
112 silly placeDep node_modules/mquery debug@4.3.4 OK for: mquery@5.0.0 want: 4.x
113 silly fetch manifest ms@2.1.2
114 timing idealTree:node_modules/mquery Completed in 5ms
115 timing idealTree:node_modules/sift Completed in 0ms
116 silly placeDep ROOT memory-pager@1.5.0 OK for: sparse-bitfield@3.0.3 want: ^1.0.2
117 timing idealTree:node_modules/sparse-bitfield Completed in 3ms
118 timing idealTree:node_modules/memory-pager Completed in 0ms
119 silly placeDep ROOT tr46@4.1.1 OK for: whatwg-url@13.0.0 want: ^4.1.1
120 silly fetch manifest punycode@^2.3.0
121 silly placeDep ROOT webidl-conversions@7.0.0 OK for: whatwg-url@13.0.0 want: ^7.0.0
122 http fetch GET 200 https://registry.npmjs.org/punycode 42ms (cache miss)
123 timing idealTree:node_modules/whatwg-url Completed in 47ms
124 silly placeDep ROOT punycode@2.3.1 OK for: tr46@4.1.1 want: ^2.3.0
125 timing idealTree:node_modules/tr46 Completed in 2ms
126 timing idealTree:node_modules/punycode Completed in 0ms
127 timing idealTree:node_modules/webidl-conversions Completed in 0ms
128 timing idealTree:node_modules/mongoose/node_modules/ms Completed in 0ms
129 silly placeDep node_modules/mquery ms@2.1.2 OK for: debug@4.3.4 want: 2.1.2
130 timing idealTree:node_modules/mquery/node_modules/debug Completed in 2ms
131 timing idealTree:node_modules/mquery/node_modules/ms Completed in 0ms
132 timing idealTree:buildDeps Completed in 1433ms
133 timing idealTree:fixDepFlags Completed in 1ms
134 timing idealTree Completed in 1624ms
135 timing reify:loadTrees Completed in 1625ms
136 timing reify:diffTrees Completed in 7ms
137 silly reify mark retired [ '/home/bitnami/blogger/node_modules/bootstrap copy1' ]
138 silly reify mark retired [ '/home/bitnami/blogger/node_modules/bootstrap' ]
139 silly reify moves {
139 silly reify   '/home/bitnami/blogger/node_modules/bootstrap copy1': '/home/bitnami/blogger/node_modules/.bootstrap copy1-ebfgLNpE',
139 silly reify   '/home/bitnami/blogger/node_modules/bootstrap': '/home/bitnami/blogger/node_modules/.bootstrap-y9qnAEA8'
139 silly reify }
140 timing reify:retireShallow Completed in 7ms
141 timing reify:createSparse Completed in 5ms
142 timing reify:loadBundles Completed in 0ms
143 silly audit bulk request {
143 silly audit   '@popperjs/core': [ '2.11.8' ],
143 silly audit   '@types/babel-types': [ '7.0.15' ],
143 silly audit   '@types/babylon': [ '6.16.9' ],
143 silly audit   accepts: [ '1.3.8' ],
143 silly audit   acorn: [ '4.0.13', '3.3.0' ],
143 silly audit   'acorn-globals': [ '3.1.0' ],
143 silly audit   'align-text': [ '0.1.4' ],
143 silly audit   'array-flatten': [ '1.1.1' ],
143 silly audit   asap: [ '2.0.6' ],
143 silly audit   'babel-runtime': [ '6.26.0' ],
143 silly audit   'babel-types': [ '6.26.0' ],
143 silly audit   babylon: [ '6.18.0' ],
143 silly audit   'basic-auth': [ '2.0.1' ],
143 silly audit   'body-parser': [ '1.20.1' ],
143 silly audit   depd: [ '2.0.0', '1.1.2' ],
143 silly audit   'http-errors': [ '2.0.0', '1.6.3' ],
143 silly audit   inherits: [ '2.0.4', '2.0.3' ],
143 silly audit   'on-finished': [ '2.4.1', '2.3.0' ],
143 silly audit   setprototypeof: [ '1.2.0', '1.1.0' ],
143 silly audit   statuses: [ '2.0.1', '1.4.0' ],
143 silly audit   boostrap: [ '2.0.0' ],
143 silly audit   bootstrap: [ '5.2.3' ],
143 silly audit   bytes: [ '3.1.2' ],
143 silly audit   'call-bind': [ '1.0.6' ],
143 silly audit   camelcase: [ '1.2.1' ],
143 silly audit   'center-align': [ '0.1.3' ],
143 silly audit   'character-parser': [ '2.2.0' ],
143 silly audit   'clean-css': [ '4.2.4' ],
143 silly audit   cliui: [ '2.1.0' ],
143 silly audit   constantinople: [ '3.1.2' ],
143 silly audit   'content-disposition': [ '0.5.4' ],
143 silly audit   'safe-buffer': [ '5.2.1', '5.1.2' ],
143 silly audit   'content-type': [ '1.0.5' ],
143 silly audit   cookie: [ '0.4.1', '0.5.0' ],
143 silly audit   'cookie-parser': [ '1.4.6' ],
143 silly audit   'cookie-signature': [ '1.0.6' ],
143 silly audit   'core-js': [ '2.6.12' ],
143 silly audit   debug: [ '2.6.9', '4.3.4' ],
143 silly audit   decamelize: [ '1.2.0' ],
143 silly audit   'define-data-property': [ '1.1.2' ],
143 silly audit   destroy: [ '1.2.0' ],
143 silly audit   doctypes: [ '1.1.0' ],
143 silly audit   'ee-first': [ '1.1.1' ],
143 silly audit   encodeurl: [ '1.0.2' ],
143 silly audit   'es-errors': [ '1.3.0' ],
143 silly audit   'escape-html': [ '1.0.3' ],
143 silly audit   esutils: [ '2.0.3' ],
143 silly audit   etag: [ '1.8.1' ],
143 silly audit   express: [ '4.18.2' ],
143 silly audit   finalhandler: [ '1.2.0' ],
143 silly audit   forwarded: [ '0.2.0' ],
143 silly audit   fresh: [ '0.5.2' ],
143 silly audit   'function-bind': [ '1.1.2' ],
143 silly audit   'get-intrinsic': [ '1.2.4' ],
143 silly audit   gopd: [ '1.0.1' ],
143 silly audit   'has-property-descriptors': [ '1.0.1' ],
143 silly audit   'has-proto': [ '1.0.1' ],
143 silly audit   'has-symbols': [ '1.0.3' ],
143 silly audit   'has-tostringtag': [ '1.0.2' ],
143 silly audit   hasown: [ '2.0.1' ],
143 silly audit   'iconv-lite': [ '0.4.24' ],
143 silly audit   'ipaddr.js': [ '1.9.1' ],
143 silly audit   'is-buffer': [ '1.1.6' ],
143 silly audit   'is-core-module': [ '2.13.1' ],
143 silly audit   'is-expression': [ '3.0.0' ],
143 silly audit   'is-promise': [ '2.2.2' ],
143 silly audit   'is-regex': [ '1.1.4' ],
143 silly audit   'js-stringify': [ '1.0.2' ],
143 silly audit   jstransformer: [ '1.0.0' ],
143 silly audit   'kind-of': [ '3.2.2' ],
143 silly audit   'lazy-cache': [ '1.0.4' ],
143 silly audit   lodash: [ '4.17.21' ],
143 silly audit   longest: [ '1.0.1' ],
143 silly audit   'media-typer': [ '0.3.0' ],
143 silly audit   'merge-descriptors': [ '1.0.1' ],
143 silly audit   methods: [ '1.1.2' ],
143 silly audit   mime: [ '1.6.0' ],
143 silly audit   'mime-db': [ '1.52.0' ],
143 silly audit   'mime-types': [ '2.1.35' ],
143 silly audit   morgan: [ '1.9.1' ],
143 silly audit   ms: [ '2.0.0', '2.1.3', '2.1.2' ],
143 silly audit   negotiator: [ '0.6.3' ],
143 silly audit   'object-assign': [ '4.1.1' ],
143 silly audit   'object-inspect': [ '1.13.1' ],
143 silly audit   'on-headers': [ '1.0.2' ],
143 silly audit   parseurl: [ '1.3.3' ],
143 silly audit   'path-parse': [ '1.0.7' ],
143 silly audit   'path-to-regexp': [ '0.1.7' ],
143 silly audit   promise: [ '7.3.1' ],
143 silly audit   'proxy-addr': [ '2.0.7' ],
143 silly audit   pug: [ '2.0.4' ],
143 silly audit   'pug-attrs': [ '2.0.4' ],
143 silly audit   'pug-code-gen': [ '2.0.3' ],
143 silly audit   'pug-error': [ '1.3.3' ],
143 silly audit   'pug-filters': [ '3.1.1' ],
143 silly audit   'pug-lexer': [ '4.1.0' ],
143 silly audit   'pug-linker': [ '3.0.6' ],
143 silly audit   'pug-load': [ '2.0.12' ],
143 silly audit   'pug-parser': [ '5.0.1' ],
143 silly audit   'pug-runtime': [ '2.0.5' ],
143 silly audit   'pug-strip-comments': [ '1.0.4' ],
143 silly audit   'pug-walk': [ '1.1.8' ],
143 silly audit   qs: [ '6.11.0' ],
143 silly audit   'range-parser': [ '1.2.1' ],
143 silly audit   'raw-body': [ '2.5.1' ],
143 silly audit   'regenerator-runtime': [ '0.11.1' ],
143 silly audit   'repeat-string': [ '1.6.1' ],
143 silly audit   resolve: [ '1.22.8' ],
143 silly audit   'right-align': [ '0.1.3' ],
143 silly audit   'safer-buffer': [ '2.1.2' ],
143 silly audit   send: [ '0.18.0' ],
143 silly audit   'serve-static': [ '1.15.0' ],
143 silly audit   'set-function-length': [ '1.2.1' ],
143 silly audit   'side-channel': [ '1.0.5' ],
143 silly audit   'source-map': [ '0.6.1', '0.5.7' ],
143 silly audit   'supports-preserve-symlinks-flag': [ '1.0.0' ],
143 silly audit   'to-fast-properties': [ '1.0.3' ],
143 silly audit   toidentifier: [ '1.0.1' ],
143 silly audit   'token-stream': [ '0.0.1' ],
143 silly audit   'type-is': [ '1.6.18' ],
143 silly audit   'uglify-js': [ '2.8.29' ],
143 silly audit   'uglify-to-browserify': [ '1.0.2' ],
143 silly audit   unpipe: [ '1.0.0' ],
143 silly audit   'utils-merge': [ '1.0.1' ],
143 silly audit   vary: [ '1.1.2' ],
143 silly audit   'void-elements': [ '2.0.1' ],
143 silly audit   'window-size': [ '0.1.0' ],
143 silly audit   with: [ '5.1.1' ],
143 silly audit   wordwrap: [ '0.0.2' ],
143 silly audit   yargs: [ '3.10.0' ],
143 silly audit   mongoose: [ '8.1.2' ],
143 silly audit   bson: [ '6.3.0' ],
143 silly audit   kareem: [ '2.5.1' ],
143 silly audit   mongodb: [ '6.3.0' ],
143 silly audit   mpath: [ '0.9.0' ],
143 silly audit   mquery: [ '5.0.0' ],
143 silly audit   sift: [ '16.0.1' ],
143 silly audit   '@mongodb-js/saslprep': [ '1.1.4' ],
143 silly audit   'mongodb-connection-string-url': [ '3.0.0' ],
143 silly audit   'sparse-bitfield': [ '3.0.3' ],
143 silly audit   '@types/whatwg-url': [ '11.0.4' ],
143 silly audit   'whatwg-url': [ '13.0.0' ],
143 silly audit   '@types/webidl-conversions': [ '7.0.3' ],
143 silly audit   'memory-pager': [ '1.5.0' ],
143 silly audit   tr46: [ '4.1.1' ],
143 silly audit   'webidl-conversions': [ '7.0.0' ],
143 silly audit   punycode: [ '2.3.1' ]
143 silly audit }
144 silly tarball no local data for punycode@https://registry.npmjs.org/punycode/-/punycode-2.3.1.tgz. Extracting by manifest.
145 silly tarball no local data for webidl-conversions@https://registry.npmjs.org/webidl-conversions/-/webidl-conversions-7.0.0.tgz. Extracting by manifest.
146 silly tarball no local data for tr46@https://registry.npmjs.org/tr46/-/tr46-4.1.1.tgz. Extracting by manifest.
147 silly tarball no local data for @types/webidl-conversions@https://registry.npmjs.org/@types/webidl-conversions/-/webidl-conversions-7.0.3.tgz. Extracting by manifest.
148 silly tarball no local data for whatwg-url@https://registry.npmjs.org/whatwg-url/-/whatwg-url-13.0.0.tgz. Extracting by manifest.
149 silly tarball no local data for mongodb-connection-string-url@https://registry.npmjs.org/mongodb-connection-string-url/-/mongodb-connection-string-url-3.0.0.tgz. Extracting by manifest.
150 silly tarball no local data for @types/whatwg-url@https://registry.npmjs.org/@types/whatwg-url/-/whatwg-url-11.0.4.tgz. Extracting by manifest.
151 silly tarball no local data for @mongodb-js/saslprep@https://registry.npmjs.org/@mongodb-js/saslprep/-/saslprep-1.1.4.tgz. Extracting by manifest.
152 silly tarball no local data for sift@https://registry.npmjs.org/sift/-/sift-16.0.1.tgz. Extracting by manifest.
153 silly tarball no local data for mpath@https://registry.npmjs.org/mpath/-/mpath-0.9.0.tgz. Extracting by manifest.
154 silly tarball no local data for mongodb@https://registry.npmjs.org/mongodb/-/mongodb-6.3.0.tgz. Extracting by manifest.
155 silly tarball no local data for mongoose@https://registry.npmjs.org/mongoose/-/mongoose-8.1.2.tgz. Extracting by manifest.
156 silly tarball no local data for mquery@https://registry.npmjs.org/mquery/-/mquery-5.0.0.tgz. Extracting by manifest.
157 silly tarball no local data for kareem@https://registry.npmjs.org/kareem/-/kareem-2.5.1.tgz. Extracting by manifest.
158 silly tarball no local data for bson@https://registry.npmjs.org/bson/-/bson-6.3.0.tgz. Extracting by manifest.
159 silly tarball no local data for ms@https://registry.npmjs.org/ms/-/ms-2.1.2.tgz. Extracting by manifest.
160 silly tarball no local data for debug@https://registry.npmjs.org/debug/-/debug-4.3.4.tgz. Extracting by manifest.
161 warn deprecated boostrap@2.0.0: Package no longer supported. Contact support@npmjs.com for more info.
162 timing reifyNode:node_modules/boostrap Completed in 231ms
163 timing reifyNode:node_modules/mongoose/node_modules/ms Completed in 236ms
164 timing reifyNode:node_modules/memory-pager Completed in 243ms
165 timing reifyNode:node_modules/sparse-bitfield Completed in 265ms
166 http fetch GET 200 https://registry.npmjs.org/punycode/-/punycode-2.3.1.tgz 333ms (cache miss)
167 timing reifyNode:node_modules/punycode Completed in 350ms
168 http fetch GET 200 https://registry.npmjs.org/@types/webidl-conversions/-/webidl-conversions-7.0.3.tgz 335ms (cache miss)
169 timing reifyNode:node_modules/@types/webidl-conversions Completed in 356ms
170 http fetch GET 200 https://registry.npmjs.org/mongodb-connection-string-url/-/mongodb-connection-string-url-3.0.0.tgz 345ms (cache miss)
171 http fetch GET 200 https://registry.npmjs.org/webidl-conversions/-/webidl-conversions-7.0.0.tgz 359ms (cache miss)
172 timing reifyNode:node_modules/webidl-conversions Completed in 376ms
173 timing reifyNode:node_modules/mongodb-connection-string-url Completed in 375ms
174 http fetch GET 200 https://registry.npmjs.org/ms/-/ms-2.1.2.tgz 357ms (cache miss)
175 timing reifyNode:node_modules/mquery/node_modules/ms Completed in 392ms
176 http fetch GET 200 https://registry.npmjs.org/@types/whatwg-url/-/whatwg-url-11.0.4.tgz 372ms (cache miss)
177 timing reifyNode:node_modules/@types/whatwg-url Completed in 395ms
178 http fetch GET 200 https://registry.npmjs.org/whatwg-url/-/whatwg-url-13.0.0.tgz 385ms (cache miss)
179 http fetch GET 200 https://registry.npmjs.org/kareem/-/kareem-2.5.1.tgz 376ms (cache miss)
180 timing reifyNode:node_modules/kareem Completed in 408ms
181 timing reifyNode:node_modules/whatwg-url Completed in 411ms
182 http fetch GET 200 https://registry.npmjs.org/tr46/-/tr46-4.1.1.tgz 398ms (cache miss)
183 timing reifyNode:node_modules/tr46 Completed in 419ms
184 http fetch GET 200 https://registry.npmjs.org/mpath/-/mpath-0.9.0.tgz 396ms (cache miss)
185 timing reifyNode:node_modules/mpath Completed in 422ms
186 http fetch GET 200 https://registry.npmjs.org/debug/-/debug-4.3.4.tgz 389ms (cache miss)
187 timing reifyNode:node_modules/mquery/node_modules/debug Completed in 425ms
188 http fetch GET 200 https://registry.npmjs.org/mquery/-/mquery-5.0.0.tgz 426ms (cache miss)
189 timing reifyNode:node_modules/mquery Completed in 457ms
190 http fetch GET 200 https://registry.npmjs.org/@mongodb-js/saslprep/-/saslprep-1.1.4.tgz 507ms (cache miss)
191 timing reifyNode:node_modules/@mongodb-js/saslprep Completed in 531ms
192 http fetch GET 200 https://registry.npmjs.org/sift/-/sift-16.0.1.tgz 510ms (cache miss)
193 timing reifyNode:node_modules/sift Completed in 537ms
194 http fetch GET 200 https://registry.npmjs.org/bson/-/bson-6.3.0.tgz 659ms (cache miss)
195 timing reifyNode:node_modules/bson Completed in 696ms
196 http fetch POST 200 https://registry.npmjs.org/-/npm/v1/security/advisories/bulk 703ms
197 timing auditReport:getReport Completed in 708ms
198 silly audit report {
198 silly audit report   pug: [
198 silly audit report     {
198 silly audit report       id: 1090004,
198 silly audit report       url: 'https://github.com/advisories/GHSA-p493-635q-r6gr',
198 silly audit report       title: 'Remote code execution via the `pretty` option.',
198 silly audit report       severity: 'high',
198 silly audit report       vulnerable_versions: '<3.0.1',
198 silly audit report       cwe: [Array],
198 silly audit report       cvss: [Object]
198 silly audit report     }
198 silly audit report   ]
198 silly audit report }
199 timing metavuln:cache:get:security-advisory:pug:aw4UBo01sQ0+MOZGmaLMexGAQu5MkN2Z4JPqwU3MdmIfNIvGTBl3dsyav/orDHlvgYzGlb9A2y5VHQXKVoCfmA== Completed in 10ms
200 http fetch GET 200 https://registry.npmjs.org/pug 147ms (cache revalidated)
201 timing metavuln:packument:pug Completed in 149ms
202 timing metavuln:load:security-advisory:pug:1090004 Completed in 1ms
203 timing metavuln:calculate:security-advisory:pug:1090004 Completed in 150ms
204 timing auditReport:init Completed in 154ms
205 timing reify:audit Completed in 865ms
206 http fetch GET 200 https://registry.npmjs.org/mongoose/-/mongoose-8.1.2.tgz 844ms (cache miss)
207 timing reifyNode:node_modules/mongoose Completed in 875ms
208 http fetch GET 200 https://registry.npmjs.org/mongodb/-/mongodb-6.3.0.tgz 960ms (cache miss)
209 timing reifyNode:node_modules/mongodb Completed in 987ms
210 timing reifyNode:node_modules/bootstrap Completed in 1011ms
211 timing reify:unpack Completed in 1013ms
212 timing reify:unretire Completed in 0ms
213 timing build:queue Completed in 5ms
214 timing build:deps Completed in 5ms
215 timing build Completed in 6ms
216 timing reify:build Completed in 6ms
217 timing reify:trash Completed in 18ms
218 timing reify:save Completed in 83ms
219 timing reify Completed in 2865ms
220 silly ADD node_modules/punycode
221 silly ADD node_modules/webidl-conversions
222 silly ADD node_modules/tr46
223 silly ADD node_modules/memory-pager
224 silly ADD node_modules/@types/webidl-conversions
225 silly ADD node_modules/whatwg-url
226 silly ADD node_modules/@types/whatwg-url
227 silly ADD node_modules/sparse-bitfield
228 silly ADD node_modules/mongodb-connection-string-url
229 silly ADD node_modules/@mongodb-js/saslprep
230 silly ADD node_modules/sift
231 silly ADD node_modules/mquery
232 silly ADD node_modules/mquery/node_modules/ms
233 silly ADD node_modules/mquery/node_modules/debug
234 silly ADD node_modules/mpath
235 silly ADD node_modules/mongodb
236 silly ADD node_modules/kareem
237 silly ADD node_modules/bson
238 silly ADD node_modules/mongoose
239 silly ADD node_modules/mongoose/node_modules/ms
240 silly ADD node_modules/boostrap
241 silly CHANGE node_modules/bootstrap
242 silly REMOVE node_modules/bootstrap copy1
243 timing command:install Completed in 2878ms
244 verbose exit 0
245 timing npm Completed in 3551ms
246 info ok
