0 verbose cli /opt/bitnami/node/bin/node /opt/bitnami/node/bin/npm
1 info using npm@10.2.3
2 info using node@v18.19.0
3 timing npm:load:whichnode Completed in 30ms
4 timing config:load:defaults Completed in 3ms
5 timing config:load:file:/opt/bitnami/node/lib/node_modules/npm/npmrc Completed in 19ms
6 timing config:load:builtin Completed in 20ms
7 timing config:load:cli Completed in 4ms
8 timing config:load:env Completed in 1ms
9 timing config:load:file:/home/bitnami/.cache/typescript/5.3/.npmrc Completed in 0ms
10 timing config:load:project Completed in 18ms
11 timing config:load:file:/home/bitnami/.npmrc Completed in 0ms
12 timing config:load:user Completed in 0ms
13 timing config:load:file:/opt/bitnami/node/etc/npmrc Completed in 0ms
14 timing config:load:global Completed in 1ms
15 timing config:load:setEnvs Completed in 1ms
16 timing config:load Completed in 49ms
17 timing npm:load:configload Completed in 49ms
18 timing config:load:flatten Completed in 3ms
19 timing npm:load:mkdirpcache Completed in 1ms
20 timing npm:load:mkdirplogs Completed in 0ms
21 verbose title npm install @types/bootstrap@ts5.3
22 verbose argv "install" "--ignore-scripts" "@types/bootstrap@ts5.3" "--save-dev" "--user-agent" "typesInstaller/5.3.2"
23 timing npm:load:setTitle Completed in 1ms
24 timing npm:load:display Completed in 1ms
25 verbose logfile logs-max:10 dir:/home/bitnami/.npm/_logs/2024-02-26T18_59_31_630Z-
26 verbose logfile /home/bitnami/.npm/_logs/2024-02-26T18_59_31_630Z-debug-0.log
27 timing npm:load:logFile Completed in 46ms
28 timing npm:load:timers Completed in 1ms
29 timing npm:load:configScope Completed in 0ms
30 timing npm:load Completed in 164ms
31 timing arborist:ctor Completed in 1ms
32 silly logfile start cleaning logs, removing 1 files
33 silly logfile done cleaning log files
34 timing idealTree:init Completed in 47ms
35 timing arborist:ctor Completed in 0ms
36 http fetch GET 200 https://registry.npmjs.org/@types%2fbootstrap 156ms (cache revalidated)
37 timing idealTree:userRequests Completed in 169ms
38 silly idealTree buildDeps
39 silly fetch manifest @types/bootstrap@5.2.10
40 silly placeDep ROOT @types/bootstrap@5.2.10 REPLACE for:  want: 5.2.10
41 timing idealTree:#root Completed in 13ms
42 timing idealTree:node_modules/@types/bootstrap Completed in 0ms
43 timing idealTree:buildDeps Completed in 15ms
44 timing idealTree:fixDepFlags Completed in 0ms
45 timing idealTree Completed in 233ms
46 timing reify:loadTrees Completed in 234ms
47 timing reify:diffTrees Completed in 2ms
48 silly reify moves {}
49 timing reify:retireShallow Completed in 1ms
50 timing reify:createSparse Completed in 0ms
51 timing reify:loadBundles Completed in 0ms
52 silly audit bulk request {
52 silly audit   '@popperjs/core': [ '2.11.8' ],
52 silly audit   '@types/body-parser': [ '1.19.5' ],
52 silly audit   '@types/connect': [ '3.4.38' ],
52 silly audit   '@types/content-disposition': [ '0.5.8' ],
52 silly audit   '@types/content-type': [ '1.1.8' ],
52 silly audit   '@types/cookie-parser': [ '1.4.6' ],
52 silly audit   '@types/debug': [ '4.1.12' ],
52 silly audit   '@types/depd': [ '1.1.36' ],
52 silly audit   '@types/ee-first': [ '1.1.3' ],
52 silly audit   '@types/ejs': [ '3.1.5' ],
52 silly audit   '@types/encodeurl': [ '1.0.2' ],
52 silly audit   '@types/escape-html': [ '1.0.4' ],
52 silly audit   '@types/etag': [ '1.8.3' ],
52 silly audit   '@types/express': [ '4.17.21' ],
52 silly audit   '@types/express-serve-static-core': [ '4.17.42' ],
52 silly audit   '@types/finalhandler': [ '1.2.3' ],
52 silly audit   '@types/forwarded': [ '0.1.3' ],
52 silly audit   '@types/http-errors': [ '2.0.4' ],
52 silly audit   '@types/jade': [ '0.0.34' ],
52 silly audit   '@types/jquery': [ '3.5.29' ],
52 silly audit   '@types/methods': [ '1.1.4' ],
52 silly audit   '@types/mime': [ '1.3.5' ],
52 silly audit   '@types/morgan': [ '1.9.9' ],
52 silly audit   '@types/ms': [ '0.7.34' ],
52 silly audit   '@types/node': [ '20.11.10' ],
52 silly audit   '@types/on-finished': [ '2.3.4' ],
52 silly audit   '@types/parseurl': [ '1.3.3' ],
52 silly audit   '@types/prop-types': [ '15.7.11' ],
52 silly audit   '@types/proxy-addr': [ '2.0.3' ],
52 silly audit   '@types/pug': [ '2.0.10' ],
52 silly audit   '@types/qs': [ '6.9.11' ],
52 silly audit   '@types/range-parser': [ '1.2.7' ],
52 silly audit   '@types/react': [ '18.2.55' ],
52 silly audit   '@types/scheduler': [ '0.16.8' ],
52 silly audit   '@types/send': [ '0.17.4' ],
52 silly audit   '@types/serve-static': [ '1.15.5' ],
52 silly audit   '@types/sizzle': [ '2.3.8' ],
52 silly audit   '@types/statuses': [ '2.0.4' ],
52 silly audit   '@types/utils-merge': [ '0.0.31' ],
52 silly audit   csstype: [ '3.1.3' ],
52 silly audit   'types-registry': [ '0.1.684' ],
52 silly audit   'undici-types': [ '5.26.5' ],
52 silly audit   '@types/bootstrap': [ '5.2.10' ]
52 silly audit }
53 timing reify:unpack Completed in 1ms
54 timing reify:unretire Completed in 0ms
55 timing build:queue Completed in 0ms
56 timing build:deps Completed in 0ms
57 timing build Completed in 0ms
58 timing reify:build Completed in 1ms
59 timing reify:trash Completed in 0ms
60 timing reify:save Completed in 45ms
61 http fetch POST 200 https://registry.npmjs.org/-/npm/v1/security/advisories/bulk 110ms
62 timing auditReport:getReport Completed in 113ms
63 silly audit report {}
64 timing auditReport:init Completed in 0ms
65 timing reify:audit Completed in 114ms
66 timing reify Completed in 363ms
67 timing command:install Completed in 368ms
68 verbose exit 0
69 timing npm Completed in 1000ms
70 info ok
