0 verbose cli /opt/bitnami/node/bin/node /opt/bitnami/node/bin/npm
1 info using npm@10.2.3
2 info using node@v18.19.0
3 timing npm:load:whichnode Completed in 9ms
4 timing config:load:defaults Completed in 8ms
5 timing config:load:file:/opt/bitnami/node/lib/node_modules/npm/npmrc Completed in 0ms
6 timing config:load:builtin Completed in 1ms
7 timing config:load:cli Completed in 3ms
8 timing config:load:env Completed in 0ms
9 timing config:load:file:/home/bitnami/.cache/typescript/5.3/.npmrc Completed in 0ms
10 timing config:load:project Completed in 3ms
11 timing config:load:file:/home/bitnami/.npmrc Completed in 0ms
12 timing config:load:user Completed in 1ms
13 timing config:load:file:/opt/bitnami/node/etc/npmrc Completed in 0ms
14 timing config:load:global Completed in 0ms
15 timing config:load:setEnvs Completed in 1ms
16 timing config:load Completed in 17ms
17 timing npm:load:configload Completed in 17ms
18 timing config:load:flatten Completed in 3ms
19 timing npm:load:mkdirpcache Completed in 0ms
20 timing npm:load:mkdirplogs Completed in 1ms
21 verbose title npm install @types/bootstrap@ts5.3 @types/jquery@ts5.3 @types/request@ts5.3
22 verbose argv "install" "--ignore-scripts" "@types/bootstrap@ts5.3" "@types/jquery@ts5.3" "@types/request@ts5.3" "--save-dev" "--user-agent" "typesInstaller/5.3.2"
23 timing npm:load:setTitle Completed in 1ms
24 timing npm:load:display Completed in 0ms
25 verbose logfile logs-max:10 dir:/home/bitnami/.npm/_logs/2024-02-27T03_28_22_879Z-
26 verbose logfile /home/bitnami/.npm/_logs/2024-02-27T03_28_22_879Z-debug-0.log
27 timing npm:load:logFile Completed in 10ms
28 timing npm:load:timers Completed in 0ms
29 timing npm:load:configScope Completed in 0ms
30 timing npm:load Completed in 58ms
31 timing arborist:ctor Completed in 1ms
32 silly logfile start cleaning logs, removing 1 files
33 silly logfile done cleaning log files
34 timing idealTree:init Completed in 64ms
35 timing arborist:ctor Completed in 0ms
36 http fetch GET 200 https://registry.npmjs.org/@types%2frequest 192ms (cache revalidated)
37 http fetch GET 200 https://registry.npmjs.org/@types%2fjquery 195ms (cache revalidated)
38 http fetch GET 200 https://registry.npmjs.org/@types%2fbootstrap 200ms (cache revalidated)
39 timing idealTree:userRequests Completed in 207ms
40 silly idealTree buildDeps
41 silly fetch manifest @types/bootstrap@5.2.10
42 silly fetch manifest @types/jquery@3.5.29
43 silly fetch manifest @types/request@2.48.12
44 silly placeDep ROOT @types/bootstrap@5.2.10 REPLACE for:  want: 5.2.10
45 silly placeDep ROOT @types/jquery@3.5.29 REPLACE for:  want: 3.5.29
46 silly placeDep ROOT @types/request@2.48.12 REPLACE for:  want: 2.48.12
47 timing idealTree:#root Completed in 20ms
48 timing idealTree:node_modules/@types/bootstrap Completed in 0ms
49 timing idealTree:node_modules/@types/jquery Completed in 0ms
50 timing idealTree:node_modules/@types/request Completed in 0ms
51 timing idealTree:buildDeps Completed in 21ms
52 timing idealTree:fixDepFlags Completed in 2ms
53 timing idealTree Completed in 295ms
54 timing reify:loadTrees Completed in 296ms
55 timing reify:diffTrees Completed in 3ms
56 silly reify moves {}
57 timing reify:retireShallow Completed in 1ms
58 timing reify:createSparse Completed in 0ms
59 timing reify:loadBundles Completed in 0ms
60 silly audit bulk request {
60 silly audit   '@popperjs/core': [ '2.11.8' ],
60 silly audit   '@types/aws4': [ '1.11.6' ],
60 silly audit   '@types/body-parser': [ '1.19.5' ],
60 silly audit   '@types/caseless': [ '0.12.5' ],
60 silly audit   '@types/connect': [ '3.4.38' ],
60 silly audit   '@types/content-disposition': [ '0.5.8' ],
60 silly audit   '@types/content-type': [ '1.1.8' ],
60 silly audit   '@types/cookie-parser': [ '1.4.6' ],
60 silly audit   '@types/debug': [ '4.1.12' ],
60 silly audit   '@types/depd': [ '1.1.36' ],
60 silly audit   '@types/ee-first': [ '1.1.3' ],
60 silly audit   '@types/ejs': [ '3.1.5' ],
60 silly audit   '@types/encodeurl': [ '1.0.2' ],
60 silly audit   '@types/escape-html': [ '1.0.4' ],
60 silly audit   '@types/etag': [ '1.8.3' ],
60 silly audit   '@types/express': [ '4.17.21' ],
60 silly audit   '@types/express-serve-static-core': [ '4.17.42' ],
60 silly audit   '@types/extend': [ '3.0.4' ],
60 silly audit   '@types/finalhandler': [ '1.2.3' ],
60 silly audit   '@types/forever-agent': [ '0.6.4' ],
60 silly audit   '@types/forwarded': [ '0.1.3' ],
60 silly audit   '@types/http-errors': [ '2.0.4' ],
60 silly audit   '@types/http-signature': [ '1.3.3' ],
60 silly audit   '@types/is-typedarray': [ '1.0.2' ],
60 silly audit   '@types/isstream': [ '0.1.2' ],
60 silly audit   '@types/jade': [ '0.0.34' ],
60 silly audit   '@types/json-stringify-safe': [ '5.0.3' ],
60 silly audit   '@types/methods': [ '1.1.4' ],
60 silly audit   '@types/mime': [ '1.3.5' ],
60 silly audit   '@types/mime-types': [ '2.1.4' ],
60 silly audit   '@types/morgan': [ '1.9.9' ],
60 silly audit   '@types/ms': [ '0.7.34' ],
60 silly audit   '@types/node': [ '20.11.10' ],
60 silly audit   '@types/on-finished': [ '2.3.4' ],
60 silly audit   '@types/parseurl': [ '1.3.3' ],
60 silly audit   '@types/prop-types': [ '15.7.11' ],
60 silly audit   '@types/proxy-addr': [ '2.0.3' ],
60 silly audit   '@types/pug': [ '2.0.10' ],
60 silly audit   '@types/qs': [ '6.9.11' ],
60 silly audit   '@types/range-parser': [ '1.2.7' ],
60 silly audit   '@types/react': [ '18.2.55' ],
60 silly audit   '@types/scheduler': [ '0.16.8' ],
60 silly audit   '@types/send': [ '0.17.4' ],
60 silly audit   '@types/serve-static': [ '1.15.5' ],
60 silly audit   '@types/sizzle': [ '2.3.8' ],
60 silly audit   '@types/statuses': [ '2.0.4' ],
60 silly audit   '@types/tough-cookie': [ '4.0.5' ],
60 silly audit   '@types/utils-merge': [ '0.0.31' ],
60 silly audit   asynckit: [ '0.4.0' ],
60 silly audit   'combined-stream': [ '1.0.8' ],
60 silly audit   csstype: [ '3.1.3' ],
60 silly audit   'delayed-stream': [ '1.0.0' ],
60 silly audit   'form-data': [ '2.5.1' ],
60 silly audit   'mime-db': [ '1.52.0' ],
60 silly audit   'mime-types': [ '2.1.35' ],
60 silly audit   'types-registry': [ '0.1.684' ],
60 silly audit   'undici-types': [ '5.26.5' ],
60 silly audit   '@types/bootstrap': [ '5.2.10' ],
60 silly audit   '@types/jquery': [ '3.5.29' ],
60 silly audit   '@types/request': [ '2.48.12' ]
60 silly audit }
61 timing reify:unpack Completed in 1ms
62 timing reify:unretire Completed in 0ms
63 timing build:queue Completed in 0ms
64 timing build:deps Completed in 1ms
65 timing build Completed in 1ms
66 timing reify:build Completed in 1ms
67 timing reify:trash Completed in 0ms
68 timing reify:save Completed in 37ms
69 http fetch POST 200 https://registry.npmjs.org/-/npm/v1/security/advisories/bulk 94ms
70 timing auditReport:getReport Completed in 99ms
71 silly audit report {}
72 timing auditReport:init Completed in 0ms
73 timing reify:audit Completed in 100ms
74 timing reify Completed in 409ms
75 timing command:install Completed in 415ms
76 verbose exit 0
77 timing npm Completed in 691ms
78 info ok
