0 verbose cli /opt/bitnami/node/bin/node /opt/bitnami/node/bin/npm
1 info using npm@10.2.3
2 info using node@v18.19.0
3 timing npm:load:whichnode Completed in 1ms
4 timing config:load:defaults Completed in 2ms
5 timing config:load:file:/opt/bitnami/node/lib/node_modules/npm/npmrc Completed in 1ms
6 timing config:load:builtin Completed in 2ms
7 timing config:load:cli Completed in 4ms
8 timing config:load:env Completed in 1ms
9 timing config:load:project Completed in 14ms
10 timing config:load:file:/home/bitnami/.npmrc Completed in 0ms
11 timing config:load:user Completed in 0ms
12 timing config:load:file:/opt/bitnami/node/etc/npmrc Completed in 1ms
13 timing config:load:global Completed in 1ms
14 timing config:load:setEnvs Completed in 1ms
15 timing config:load Completed in 25ms
16 timing npm:load:configload Completed in 25ms
17 timing config:load:flatten Completed in 2ms
18 timing npm:load:mkdirpcache Completed in 1ms
19 timing npm:load:mkdirplogs Completed in 0ms
20 verbose title npm i bootstrap-icons
21 verbose argv "i" "bootstrap-icons"
22 timing npm:load:setTitle Completed in 1ms
23 timing npm:load:display Completed in 1ms
24 verbose logfile logs-max:10 dir:/home/bitnami/.npm/_logs/2024-02-27T04_21_31_329Z-
25 verbose logfile /home/bitnami/.npm/_logs/2024-02-27T04_21_31_329Z-debug-0.log
26 timing npm:load:logFile Completed in 10ms
27 timing npm:load:timers Completed in 0ms
28 timing npm:load:configScope Completed in 0ms
29 timing npm:load Completed in 62ms
30 timing arborist:ctor Completed in 1ms
31 silly logfile start cleaning logs, removing 3 files
32 silly logfile done cleaning log files
33 timing idealTree:init Completed in 128ms
34 timing idealTree:userRequests Completed in 1ms
35 silly idealTree buildDeps
36 silly fetch manifest bootstrap-icons@^1.11.3
37 timing arborist:ctor Completed in 1ms
38 http fetch GET 200 https://registry.npmjs.org/bootstrap-icons 107ms (cache hit)
39 silly placeDep ROOT bootstrap-icons@1.11.3 REPLACE for: bitnami@0.0.0 want: ^1.11.3
40 timing idealTree:#root Completed in 119ms
41 timing idealTree:node_modules/bootstrap-icons Completed in 0ms
42 timing idealTree:buildDeps Completed in 121ms
43 timing idealTree:fixDepFlags Completed in 2ms
44 timing idealTree Completed in 256ms
45 timing reify:loadTrees Completed in 257ms
46 timing reify:diffTrees Completed in 3ms
47 silly reify moves {}
48 timing reify:retireShallow Completed in 1ms
49 timing reify:createSparse Completed in 0ms
50 timing reify:loadBundles Completed in 0ms
51 silly audit bulk request {
51 silly audit   '@babel/helper-string-parser': [ '7.23.4' ],
51 silly audit   '@babel/helper-validator-identifier': [ '7.22.20' ],
51 silly audit   '@babel/parser': [ '7.23.9' ],
51 silly audit   '@babel/types': [ '7.23.9' ],
51 silly audit   '@mongodb-js/saslprep': [ '1.1.4' ],
51 silly audit   '@types/webidl-conversions': [ '7.0.3' ],
51 silly audit   '@types/whatwg-url': [ '11.0.4' ],
51 silly audit   accepts: [ '1.3.8' ],
51 silly audit   amdefine: [ '1.0.1' ],
51 silly audit   'array-flatten': [ '1.1.1' ],
51 silly audit   'assert-never': [ '1.2.1' ],
51 silly audit   astw: [ '0.0.0' ],
51 silly audit   'babel-walk': [ '3.0.0-canary-5' ],
51 silly audit   'balanced-match': [ '1.0.2' ],
51 silly audit   'basic-auth': [ '2.0.1' ],
51 silly audit   'body-parser': [ '1.20.1' ],
51 silly audit   depd: [ '2.0.0', '1.1.2' ],
51 silly audit   'http-errors': [ '2.0.0', '1.6.3' ],
51 silly audit   inherits: [ '2.0.4', '2.0.3' ],
51 silly audit   'on-finished': [ '2.4.1', '2.3.0' ],
51 silly audit   setprototypeof: [ '1.2.0', '1.1.0' ],
51 silly audit   statuses: [ '2.0.1', '1.4.0' ],
51 silly audit   'brace-expansion': [ '2.0.1' ],
51 silly audit   bson: [ '6.3.0' ],
51 silly audit   bytes: [ '3.1.2' ],
51 silly audit   'call-bind': [ '1.0.5' ],
51 silly audit   'character-parser': [ '1.0.2', '2.2.0' ],
51 silly audit   commander: [ '1.1.1' ],
51 silly audit   'content-disposition': [ '0.5.4' ],
51 silly audit   'safe-buffer': [ '5.2.1', '5.1.2' ],
51 silly audit   'content-type': [ '1.0.5' ],
51 silly audit   cookie: [ '0.4.1', '0.5.0' ],
51 silly audit   'cookie-parser': [ '1.4.6' ],
51 silly audit   'cookie-signature': [ '1.0.6' ],
51 silly audit   css: [ '1.0.8' ],
51 silly audit   'css-parse': [ '1.0.4' ],
51 silly audit   'css-stringify': [ '1.0.5' ],
51 silly audit   debug: [ '2.6.9', '4.3.4' ],
51 silly audit   'define-data-property': [ '1.1.1' ],
51 silly audit   destroy: [ '1.2.0' ],
51 silly audit   doctypes: [ '1.1.0' ],
51 silly audit   'ee-first': [ '1.1.1' ],
51 silly audit   encodeurl: [ '1.0.2' ],
51 silly audit   'escape-html': [ '1.0.3' ],
51 silly audit   esprima: [ '1.0.2' ],
51 silly audit   etag: [ '1.8.1' ],
51 silly audit   express: [ '4.18.2' ],
51 silly audit   finalhandler: [ '1.2.0' ],
51 silly audit   forwarded: [ '0.2.0' ],
51 silly audit   fresh: [ '0.5.2' ],
51 silly audit   'function-bind': [ '1.1.2' ],
51 silly audit   'get-intrinsic': [ '1.2.2' ],
51 silly audit   gopd: [ '1.0.1' ],
51 silly audit   'has-property-descriptors': [ '1.0.1' ],
51 silly audit   'has-proto': [ '1.0.1' ],
51 silly audit   'has-symbols': [ '1.0.3' ],
51 silly audit   'has-tostringtag': [ '1.0.0' ],
51 silly audit   hasown: [ '2.0.0' ],
51 silly audit   'iconv-lite': [ '0.4.24' ],
51 silly audit   'ipaddr.js': [ '1.9.1' ],
51 silly audit   'is-core-module': [ '2.13.1' ],
51 silly audit   'is-expression': [ '4.0.0' ],
51 silly audit   acorn: [ '7.4.1' ],
51 silly audit   'is-promise': [ '2.2.2', '1.0.1' ],
51 silly audit   'is-regex': [ '1.1.4' ],
51 silly audit   jade: [ '0.31.2' ],
51 silly audit   'js-stringify': [ '1.0.2' ],
51 silly audit   kareem: [ '2.5.1' ],
51 silly audit   keypress: [ '0.1.0' ],
51 silly audit   'lexical-scope': [ '0.0.12' ],
51 silly audit   'media-typer': [ '0.3.0' ],
51 silly audit   'memory-pager': [ '1.5.0' ],
51 silly audit   'merge-descriptors': [ '1.0.1' ],
51 silly audit   methods: [ '1.1.2' ],
51 silly audit   mime: [ '1.6.0' ],
51 silly audit   'mime-db': [ '1.52.0' ],
51 silly audit   'mime-types': [ '2.1.35' ],
51 silly audit   minimatch: [ '9.0.3' ],
51 silly audit   mkdirp: [ '0.3.5' ],
51 silly audit   mongo: [ '0.1.0' ],
51 silly audit   mongodb: [ '6.3.0' ],
51 silly audit   'mongodb-connection-string-url': [ '3.0.0' ],
51 silly audit   mongoose: [ '8.1.3' ],
51 silly audit   ms: [ '2.1.3', '2.1.2', '2.0.0' ],
51 silly audit   monocle: [ '0.1.48' ],
51 silly audit   morgan: [ '1.9.1' ],
51 silly audit   mpath: [ '0.9.0' ],
51 silly audit   mquery: [ '5.0.0' ],
51 silly audit   negotiator: [ '0.6.3' ],
51 silly audit   'object-assign': [ '4.1.1' ],
51 silly audit   'object-inspect': [ '1.13.1' ],
51 silly audit   'on-headers': [ '1.0.2' ],
51 silly audit   optimist: [ '0.3.7' ],
51 silly audit   parseurl: [ '1.3.3' ],
51 silly audit   'path-parse': [ '1.0.7' ],
51 silly audit   'path-to-regexp': [ '0.1.7' ],
51 silly audit   promise: [ '2.0.0', '7.3.1' ],
51 silly audit   'proxy-addr': [ '2.0.7' ],
51 silly audit   pug: [ '3.0.2' ],
51 silly audit   'pug-attrs': [ '3.0.0' ],
51 silly audit   constantinople: [ '4.0.1' ],
51 silly audit   'pug-code-gen': [ '3.0.2' ],
51 silly audit   'void-elements': [ '3.1.0' ],
51 silly audit   with: [ '7.0.2', '1.0.4' ],
51 silly audit   'pug-error': [ '2.0.0' ],
51 silly audit   'pug-filters': [ '4.0.0' ],
51 silly audit   asap: [ '2.0.6' ],
51 silly audit   jstransformer: [ '1.0.0' ],
51 silly audit   'pug-lexer': [ '5.0.1' ],
51 silly audit   'pug-linker': [ '4.0.0' ],
51 silly audit   'pug-load': [ '3.0.0' ],
51 silly audit   'pug-parser': [ '6.0.0' ],
51 silly audit   'pug-runtime': [ '3.0.1' ],
51 silly audit   'pug-strip-comments': [ '2.0.0' ],
51 silly audit   'pug-walk': [ '2.0.0' ],
51 silly audit   punycode: [ '2.3.1' ],
51 silly audit   qs: [ '6.11.0' ],
51 silly audit   'range-parser': [ '1.2.1' ],
51 silly audit   'raw-body': [ '2.5.1' ],
51 silly audit   readdirp: [ '0.2.5' ],
51 silly audit   resolve: [ '1.22.8' ],
51 silly audit   'safer-buffer': [ '2.1.2' ],
51 silly audit   send: [ '0.18.0' ],
51 silly audit   'serve-static': [ '1.15.0' ],
51 silly audit   'set-function-length': [ '1.2.0' ],
51 silly audit   'side-channel': [ '1.0.4' ],
51 silly audit   sift: [ '16.0.1' ],
51 silly audit   'source-map': [ '0.1.43' ],
51 silly audit   'sparse-bitfield': [ '3.0.3' ],
51 silly audit   'supports-preserve-symlinks-flag': [ '1.0.0' ],
51 silly audit   'to-fast-properties': [ '2.0.0' ],
51 silly audit   toidentifier: [ '1.0.1' ],
51 silly audit   'token-stream': [ '1.0.0' ],
51 silly audit   tr46: [ '4.1.1' ],
51 silly audit   transformers: [ '2.0.1' ],
51 silly audit   'type-is': [ '1.6.18' ],
51 silly audit   'uglify-js': [ '2.2.5' ],
51 silly audit   unpipe: [ '1.0.0' ],
51 silly audit   'utils-merge': [ '1.0.1' ],
51 silly audit   vary: [ '1.1.2' ],
51 silly audit   'webidl-conversions': [ '7.0.0' ],
51 silly audit   'whatwg-url': [ '13.0.0' ],
51 silly audit   wordwrap: [ '0.0.3' ],
51 silly audit   'bootstrap-icons': [ '1.11.3' ]
51 silly audit }
52 timing reify:unpack Completed in 2ms
53 timing reify:unretire Completed in 74ms
54 timing build:queue Completed in 0ms
55 timing build:deps Completed in 0ms
56 timing build Completed in 1ms
57 timing reify:build Completed in 2ms
58 timing reify:trash Completed in 0ms
59 timing reify:save Completed in 111ms
60 http fetch POST 200 https://registry.npmjs.org/-/npm/v1/security/advisories/bulk 398ms
61 timing auditReport:getReport Completed in 406ms
62 silly audit report {
62 silly audit report   'uglify-js': [
62 silly audit report     {
62 silly audit report       id: 1091686,
62 silly audit report       url: 'https://github.com/advisories/GHSA-c9f4-xj24-8jqx',
62 silly audit report       title: 'Regular Expression Denial of Service in uglify-js',
62 silly audit report       severity: 'high',
62 silly audit report       vulnerable_versions: '<2.6.0',
62 silly audit report       cwe: [Array],
62 silly audit report       cvss: [Object]
62 silly audit report     },
62 silly audit report     {
62 silly audit report       id: 1091710,
62 silly audit report       url: 'https://github.com/advisories/GHSA-34r7-q49f-h37c',
62 silly audit report       title: 'Incorrect Handling of Non-Boolean Comparisons During Minification in uglify-js',
62 silly audit report       severity: 'critical',
62 silly audit report       vulnerable_versions: '<2.4.24',
62 silly audit report       cwe: [Array],
62 silly audit report       cvss: [Object]
62 silly audit report     }
62 silly audit report   ]
62 silly audit report }
63 timing metavuln:cache:get:security-advisory:uglify-js:hkwtVp5Fvwe6o2MAcQo+RyegEtzqEyBw2xUs87y6TNaHzV+TQ0nkFIvmWpLbAXKt881YQNkvrwPJACyKVdQ1lw== Completed in 8ms
64 timing metavuln:cache:get:security-advisory:uglify-js:sIR+f54Y390B18gaW2mKxeeKExLmqIiE6d/MoH/39jLX6WrSSRO6eq0QhXD261Gq2uqv8C+KXY2/vWEQpGSJ0Q== Completed in 8ms
65 http fetch GET 200 https://registry.npmjs.org/uglify-js 14ms (cache hit)
66 timing metavuln:packument:uglify-js Completed in 16ms
67 timing metavuln:load:security-advisory:uglify-js:1091686 Completed in 3ms
68 timing metavuln:calculate:security-advisory:uglify-js:1091686 Completed in 20ms
69 timing metavuln:load:security-advisory:uglify-js:1091710 Completed in 5ms
70 timing metavuln:calculate:security-advisory:uglify-js:1091710 Completed in 24ms
71 timing metavuln:cache:get:security-advisory:transformers:Xf4RaZyiDQQ40Lwm/T/EJCz/B0ZnUEUKmcY+6Wo2928G45uqjBPIWXcysmVXbJSqpaEhotHffjZTaL/jXoaHXg== Completed in 6ms
72 http fetch GET 200 https://registry.npmjs.org/transformers 9ms (cache hit)
73 timing metavuln:packument:transformers Completed in 12ms
74 timing metavuln:load:security-advisory:transformers:hkwtVp5Fvwe6o2MAcQo+RyegEtzqEyBw2xUs87y6TNaHzV+TQ0nkFIvmWpLbAXKt881YQNkvrwPJACyKVdQ1lw== Completed in 0ms
75 timing metavuln:calculate:security-advisory:transformers:hkwtVp5Fvwe6o2MAcQo+RyegEtzqEyBw2xUs87y6TNaHzV+TQ0nkFIvmWpLbAXKt881YQNkvrwPJACyKVdQ1lw== Completed in 13ms
76 timing metavuln:cache:get:security-advisory:jade:GRqwHxuy9jn4Z9oD9+hSxjYpFcHoIGZjMMTeSRBiboE4GfzSqEE+BNJQQp9DEzBOIK9TkRUm5QkYiiKaPifA5A== Completed in 13ms
77 http fetch GET 200 https://registry.npmjs.org/jade 17ms (cache hit)
78 timing metavuln:packument:jade Completed in 19ms
79 timing metavuln:load:security-advisory:jade:Xf4RaZyiDQQ40Lwm/T/EJCz/B0ZnUEUKmcY+6Wo2928G45uqjBPIWXcysmVXbJSqpaEhotHffjZTaL/jXoaHXg== Completed in 0ms
80 timing metavuln:calculate:security-advisory:jade:Xf4RaZyiDQQ40Lwm/T/EJCz/B0ZnUEUKmcY+6Wo2928G45uqjBPIWXcysmVXbJSqpaEhotHffjZTaL/jXoaHXg== Completed in 20ms
81 timing auditReport:init Completed in 72ms
82 timing reify:audit Completed in 480ms
83 timing reify Completed in 752ms
84 timing command:i Completed in 774ms
85 verbose exit 0
86 timing npm Completed in 1402ms
87 info ok
