0 verbose cli /opt/bitnami/node/bin/node /opt/bitnami/node/bin/npm
1 info using npm@10.2.3
2 info using node@v18.19.0
3 timing npm:load:whichnode Completed in 1ms
4 timing config:load:defaults Completed in 1ms
5 timing config:load:file:/opt/bitnami/node/lib/node_modules/npm/npmrc Completed in 1ms
6 timing config:load:builtin Completed in 1ms
7 timing config:load:cli Completed in 17ms
8 timing config:load:env Completed in 0ms
9 timing config:load:file:/home/bitnami/.cache/typescript/5.3/.npmrc Completed in 0ms
10 timing config:load:project Completed in 4ms
11 timing config:load:file:/home/bitnami/.npmrc Completed in 0ms
12 timing config:load:user Completed in 0ms
13 timing config:load:file:/opt/bitnami/node/etc/npmrc Completed in 0ms
14 timing config:load:global Completed in 0ms
15 timing config:load:setEnvs Completed in 1ms
16 timing config:load Completed in 25ms
17 timing npm:load:configload Completed in 26ms
18 timing config:load:flatten Completed in 3ms
19 timing npm:load:mkdirpcache Completed in 1ms
20 timing npm:load:mkdirplogs Completed in 0ms
21 verbose title npm install @types/pug@ts5.3
22 verbose argv "install" "--ignore-scripts" "@types/pug@ts5.3" "--save-dev" "--user-agent" "typesInstaller/5.3.2"
23 timing npm:load:setTitle Completed in 1ms
24 timing npm:load:display Completed in 1ms
25 verbose logfile logs-max:10 dir:/home/bitnami/.npm/_logs/2024-01-29T23_23_23_957Z-
26 verbose logfile /home/bitnami/.npm/_logs/2024-01-29T23_23_23_957Z-debug-0.log
27 timing npm:load:logFile Completed in 18ms
28 timing npm:load:timers Completed in 0ms
29 timing npm:load:configScope Completed in 0ms
30 timing npm:load Completed in 64ms
31 timing arborist:ctor Completed in 1ms
32 silly logfile done cleaning log files
33 timing idealTree:init Completed in 28ms
34 timing arborist:ctor Completed in 0ms
35 http fetch GET 200 https://registry.npmjs.org/@types%2fpug 120ms (cache miss)
36 timing idealTree:userRequests Completed in 125ms
37 silly idealTree buildDeps
38 silly fetch manifest @types/pug@2.0.10
39 silly placeDep ROOT @types/pug@2.0.10 OK for:  want: 2.0.10
40 timing idealTree:#root Completed in 7ms
41 timing idealTree:node_modules/@types/pug Completed in 0ms
42 timing idealTree:buildDeps Completed in 8ms
43 timing idealTree:fixDepFlags Completed in 1ms
44 timing idealTree Completed in 162ms
45 timing reify:loadTrees Completed in 163ms
46 timing reify:diffTrees Completed in 2ms
47 silly reify moves {}
48 timing reify:retireShallow Completed in 1ms
49 timing reify:createSparse Completed in 1ms
50 timing reify:loadBundles Completed in 0ms
51 silly audit bulk request {
51 silly audit   '@types/body-parser': [ '1.19.5' ],
51 silly audit   '@types/connect': [ '3.4.38' ],
51 silly audit   '@types/cookie-parser': [ '1.4.6' ],
51 silly audit   '@types/debug': [ '4.1.12' ],
51 silly audit   '@types/express': [ '4.17.21' ],
51 silly audit   '@types/express-serve-static-core': [ '4.17.42' ],
51 silly audit   '@types/http-errors': [ '2.0.4' ],
51 silly audit   '@types/jade': [ '0.0.34' ],
51 silly audit   '@types/mime': [ '1.3.5' ],
51 silly audit   '@types/morgan': [ '1.9.9' ],
51 silly audit   '@types/ms': [ '0.7.34' ],
51 silly audit   '@types/node': [ '20.11.10' ],
51 silly audit   '@types/qs': [ '6.9.11' ],
51 silly audit   '@types/range-parser': [ '1.2.7' ],
51 silly audit   '@types/send': [ '0.17.4' ],
51 silly audit   '@types/serve-static': [ '1.15.5' ],
51 silly audit   'types-registry': [ '0.1.681' ],
51 silly audit   'undici-types': [ '5.26.5' ],
51 silly audit   '@types/pug': [ '2.0.10' ]
51 silly audit }
52 silly tarball no local data for @types/pug@https://registry.npmjs.org/@types/pug/-/pug-2.0.10.tgz. Extracting by manifest.
53 http fetch GET 200 https://registry.npmjs.org/@types/pug/-/pug-2.0.10.tgz 58ms (cache miss)
54 timing reifyNode:node_modules/@types/pug Completed in 87ms
55 timing reify:unpack Completed in 87ms
56 timing reify:unretire Completed in 0ms
57 timing build:queue Completed in 1ms
58 timing build:deps Completed in 1ms
59 timing build Completed in 1ms
60 timing reify:build Completed in 1ms
61 timing reify:trash Completed in 0ms
62 http fetch POST 200 https://registry.npmjs.org/-/npm/v1/security/advisories/bulk 106ms
63 timing auditReport:getReport Completed in 109ms
64 silly audit report {}
65 timing auditReport:init Completed in 0ms
66 timing reify:audit Completed in 110ms
67 timing reify:save Completed in 17ms
68 timing reify Completed in 295ms
69 silly ADD node_modules/@types/pug
70 timing command:install Completed in 304ms
71 verbose exit 0
72 timing npm Completed in 727ms
73 info ok
