0 verbose cli /opt/bitnami/node/bin/node /opt/bitnami/node/bin/npm
1 info using npm@10.2.3
2 info using node@v18.19.0
3 timing npm:load:whichnode Completed in 2ms
4 timing config:load:defaults Completed in 2ms
5 timing config:load:file:/opt/bitnami/node/lib/node_modules/npm/npmrc Completed in 13ms
6 timing config:load:builtin Completed in 14ms
7 timing config:load:cli Completed in 9ms
8 timing config:load:env Completed in 1ms
9 timing config:load:file:/home/bitnami/.cache/typescript/5.3/.npmrc Completed in 0ms
10 timing config:load:project Completed in 8ms
11 timing config:load:file:/home/bitnami/.npmrc Completed in 0ms
12 timing config:load:user Completed in 1ms
13 timing config:load:file:/opt/bitnami/node/etc/npmrc Completed in 0ms
14 timing config:load:global Completed in 0ms
15 timing config:load:setEnvs Completed in 1ms
16 timing config:load Completed in 36ms
17 timing npm:load:configload Completed in 37ms
18 timing config:load:flatten Completed in 3ms
19 timing npm:load:mkdirpcache Completed in 0ms
20 timing npm:load:mkdirplogs Completed in 0ms
21 verbose title npm install @types/cookie-parser@ts5.3 @types/debug@ts5.3 @types/express@ts5.3 @types/http-errors@ts5.3 @types/jade@ts5.3 @types/morgan@ts5.3 @types/pug@ts5.3
22 verbose argv "install" "--ignore-scripts" "@types/cookie-parser@ts5.3" "@types/debug@ts5.3" "@types/express@ts5.3" "@types/http-errors@ts5.3" "@types/jade@ts5.3" "@types/morgan@ts5.3" "@types/pug@ts5.3" "--save-dev" "--user-agent" "typesInstaller/5.3.2"
23 timing npm:load:setTitle Completed in 2ms
24 timing npm:load:display Completed in 1ms
25 verbose logfile logs-max:10 dir:/home/bitnami/.npm/_logs/2024-02-26T01_38_30_198Z-
26 verbose logfile /home/bitnami/.npm/_logs/2024-02-26T01_38_30_198Z-debug-0.log
27 timing npm:load:logFile Completed in 13ms
28 timing npm:load:timers Completed in 0ms
29 timing npm:load:configScope Completed in 0ms
30 timing npm:load Completed in 81ms
31 timing arborist:ctor Completed in 1ms
32 silly logfile start cleaning logs, removing 1 files
33 silly logfile done cleaning log files
34 timing idealTree:init Completed in 52ms
35 timing arborist:ctor Completed in 0ms
36 http fetch GET 200 https://registry.npmjs.org/@types%2fhttp-errors 198ms (cache revalidated)
37 http fetch GET 200 https://registry.npmjs.org/@types%2fcookie-parser 202ms (cache revalidated)
38 http fetch GET 200 https://registry.npmjs.org/@types%2fdebug 206ms (cache revalidated)
39 http fetch GET 200 https://registry.npmjs.org/@types%2fmorgan 207ms (cache revalidated)
40 http fetch GET 200 https://registry.npmjs.org/@types%2fexpress 209ms (cache revalidated)
41 http fetch GET 200 https://registry.npmjs.org/@types%2fjade 523ms (cache revalidated)
42 http fetch GET 200 https://registry.npmjs.org/@types%2fpug 675ms (cache revalidated)
43 timing idealTree:userRequests Completed in 683ms
44 silly idealTree buildDeps
45 silly fetch manifest @types/cookie-parser@1.4.6
46 silly fetch manifest @types/debug@4.1.12
47 silly fetch manifest @types/express@4.17.21
48 silly fetch manifest @types/http-errors@2.0.4
49 silly fetch manifest @types/jade@0.0.34
50 silly fetch manifest @types/morgan@1.9.9
51 silly fetch manifest @types/pug@2.0.10
52 silly placeDep ROOT @types/cookie-parser@1.4.6 REPLACE for:  want: 1.4.6
53 silly placeDep ROOT @types/debug@4.1.12 REPLACE for:  want: 4.1.12
54 silly placeDep ROOT @types/express@4.17.21 REPLACE for:  want: 4.17.21
55 silly placeDep ROOT @types/http-errors@2.0.4 REPLACE for:  want: 2.0.4
56 silly placeDep ROOT @types/jade@0.0.34 REPLACE for:  want: 0.0.34
57 silly placeDep ROOT @types/morgan@1.9.9 REPLACE for:  want: 1.9.9
58 silly placeDep ROOT @types/pug@2.0.10 REPLACE for:  want: 2.0.10
59 timing idealTree:#root Completed in 40ms
60 timing idealTree:node_modules/@types/cookie-parser Completed in 0ms
61 timing idealTree:node_modules/@types/debug Completed in 0ms
62 timing idealTree:node_modules/@types/express Completed in 0ms
63 timing idealTree:node_modules/@types/http-errors Completed in 0ms
64 timing idealTree:node_modules/@types/jade Completed in 0ms
65 timing idealTree:node_modules/@types/morgan Completed in 0ms
66 timing idealTree:node_modules/@types/pug Completed in 0ms
67 timing idealTree:buildDeps Completed in 44ms
68 timing idealTree:fixDepFlags Completed in 0ms
69 timing idealTree Completed in 782ms
70 timing reify:loadTrees Completed in 783ms
71 timing reify:diffTrees Completed in 2ms
72 silly reify moves {}
73 timing reify:retireShallow Completed in 1ms
74 timing reify:createSparse Completed in 0ms
75 timing reify:loadBundles Completed in 0ms
76 silly audit bulk request {
76 silly audit   '@popperjs/core': [ '2.11.8' ],
76 silly audit   '@types/body-parser': [ '1.19.5' ],
76 silly audit   '@types/bootstrap': [ '5.2.10' ],
76 silly audit   '@types/connect': [ '3.4.38' ],
76 silly audit   '@types/content-disposition': [ '0.5.8' ],
76 silly audit   '@types/content-type': [ '1.1.8' ],
76 silly audit   '@types/depd': [ '1.1.36' ],
76 silly audit   '@types/ee-first': [ '1.1.3' ],
76 silly audit   '@types/ejs': [ '3.1.5' ],
76 silly audit   '@types/encodeurl': [ '1.0.2' ],
76 silly audit   '@types/escape-html': [ '1.0.4' ],
76 silly audit   '@types/etag': [ '1.8.3' ],
76 silly audit   '@types/express-serve-static-core': [ '4.17.42' ],
76 silly audit   '@types/finalhandler': [ '1.2.3' ],
76 silly audit   '@types/forwarded': [ '0.1.3' ],
76 silly audit   '@types/jquery': [ '3.5.29' ],
76 silly audit   '@types/methods': [ '1.1.4' ],
76 silly audit   '@types/mime': [ '1.3.5' ],
76 silly audit   '@types/ms': [ '0.7.34' ],
76 silly audit   '@types/node': [ '20.11.10' ],
76 silly audit   '@types/on-finished': [ '2.3.4' ],
76 silly audit   '@types/parseurl': [ '1.3.3' ],
76 silly audit   '@types/prop-types': [ '15.7.11' ],
76 silly audit   '@types/proxy-addr': [ '2.0.3' ],
76 silly audit   '@types/qs': [ '6.9.11' ],
76 silly audit   '@types/range-parser': [ '1.2.7' ],
76 silly audit   '@types/react': [ '18.2.55' ],
76 silly audit   '@types/scheduler': [ '0.16.8' ],
76 silly audit   '@types/send': [ '0.17.4' ],
76 silly audit   '@types/serve-static': [ '1.15.5' ],
76 silly audit   '@types/sizzle': [ '2.3.8' ],
76 silly audit   '@types/statuses': [ '2.0.4' ],
76 silly audit   '@types/utils-merge': [ '0.0.31' ],
76 silly audit   csstype: [ '3.1.3' ],
76 silly audit   'types-registry': [ '0.1.684' ],
76 silly audit   'undici-types': [ '5.26.5' ],
76 silly audit   '@types/cookie-parser': [ '1.4.6' ],
76 silly audit   '@types/debug': [ '4.1.12' ],
76 silly audit   '@types/express': [ '4.17.21' ],
76 silly audit   '@types/http-errors': [ '2.0.4' ],
76 silly audit   '@types/jade': [ '0.0.34' ],
76 silly audit   '@types/morgan': [ '1.9.9' ],
76 silly audit   '@types/pug': [ '2.0.10' ]
76 silly audit }
77 timing reify:unpack Completed in 1ms
78 timing reify:unretire Completed in 0ms
79 timing build:queue Completed in 0ms
80 timing build:deps Completed in 1ms
81 timing build Completed in 1ms
82 timing reify:build Completed in 1ms
83 timing reify:trash Completed in 0ms
84 timing reify:save Completed in 32ms
85 http fetch POST 200 https://registry.npmjs.org/-/npm/v1/security/advisories/bulk 102ms
86 timing auditReport:getReport Completed in 106ms
87 silly audit report {}
88 timing auditReport:init Completed in 0ms
89 timing reify:audit Completed in 107ms
90 timing reify Completed in 901ms
91 timing command:install Completed in 908ms
92 verbose exit 0
93 timing npm Completed in 1295ms
94 info ok
