2024-02-19 23:42:53.097 [info] Log level: Info
2024-02-19 23:42:53.097 [info] Validating found git in: "git"
2024-02-19 23:42:53.097 [info] Using git "2.30.2" from "git"
2024-02-19 23:42:53.097 [info] > git rev-parse --show-toplevel [125ms]
2024-02-19 23:42:53.097 [info] > git rev-parse --git-dir --git-common-dir [162ms]
2024-02-19 23:42:53.097 [info] Open repository: /home/bitnami
2024-02-19 23:42:53.120 [info] > git rev-parse --show-toplevel [114ms]
2024-02-19 23:42:53.121 [info] > git config --get commit.template [131ms]
2024-02-19 23:42:53.168 [info] > git rev-parse --show-toplevel [24ms]
2024-02-19 23:42:53.200 [info] > git for-each-ref --format=%(refname)%00%(upstream:short)%00%(objectname)%00%(upstream:track)%00%(upstream:remotename)%00%(upstream:remoteref) refs/heads/main refs/remotes/main [42ms]
2024-02-19 23:42:53.201 [info] > git rev-parse --show-toplevel [2ms]
2024-02-19 23:42:53.253 [info] > git rev-parse --show-toplevel [3ms]
2024-02-19 23:42:53.305 [info] > git rev-parse --show-toplevel [37ms]
2024-02-19 23:42:53.377 [info] > git rev-parse --show-toplevel [35ms]
2024-02-19 23:42:53.415 [info] > git rev-parse --show-toplevel [2ms]
2024-02-19 23:42:53.603 [info] > git rev-parse --show-toplevel [120ms]
2024-02-19 23:42:53.662 [info] > git rev-parse --show-toplevel [12ms]
2024-02-19 23:42:53.736 [info] > git check-ignore -v -z --stdin [135ms]
2024-02-19 23:42:53.771 [info] > git rev-parse --show-toplevel [36ms]
2024-02-19 23:42:53.816 [info] > git rev-parse --show-toplevel [10ms]
2024-02-19 23:42:53.849 [info] > git rev-parse --show-toplevel [13ms]
2024-02-19 23:42:53.896 [info] > git rev-parse --show-toplevel [15ms]
2024-02-19 23:42:53.937 [info] > git rev-parse --show-toplevel [13ms]
2024-02-19 23:42:53.976 [info] > git rev-parse --git-dir --git-common-dir [21ms]
2024-02-19 23:42:53.985 [info] Open repository: /home/bitnami/todo
2024-02-19 23:42:54.078 [info] > git config --get commit.template [25ms]
2024-02-19 23:42:54.128 [info] > git rev-parse --show-toplevel [55ms]
2024-02-19 23:42:54.237 [info] > git for-each-ref --format=%(refname)%00%(upstream:short)%00%(objectname)%00%(upstream:track)%00%(upstream:remotename)%00%(upstream:remoteref) refs/heads/master refs/remotes/master [112ms]
2024-02-19 23:42:54.293 [warning] ENOENT: no such file or directory, open '/home/bitnami/todo/.git/refs/remotes/origin/master'
2024-02-19 23:42:54.293 [info] > git show --textconv :blogger/app_server/controllers/blog.js [116ms]
2024-02-19 23:42:54.304 [info] > git rev-parse refs/remotes/origin/master [12ms]
2024-02-19 23:42:54.339 [info] > git ls-files --stage -- /home/bitnami/blogger/app_server/controllers/blog.js [105ms]
2024-02-19 23:42:54.364 [info] > git status -z -uall [28ms]
2024-02-19 23:42:54.453 [info] > git cat-file -s cdb7e5d4d3f4cf37d174effbc4bfee753624ada2 [101ms]
2024-02-19 23:42:54.541 [info] > git for-each-ref --format=%(refname)%00%(upstream:short)%00%(objectname)%00%(upstream:track)%00%(upstream:remotename)%00%(upstream:remoteref) refs/heads/master refs/remotes/master [41ms]
2024-02-19 23:42:54.543 [info] > git config --get commit.template [91ms]
2024-02-19 23:42:54.584 [warning] ENOENT: no such file or directory, open '/home/bitnami/todo/.git/refs/remotes/origin/master'
2024-02-19 23:42:54.590 [info] > git rev-parse refs/remotes/origin/master [5ms]
2024-02-19 23:42:54.758 [info] > git status -z -uall [152ms]
2024-02-19 23:42:55.201 [info] > git check-ignore -v -z --stdin [19ms]
2024-02-19 23:42:55.342 [info] > git check-ignore -v -z --stdin [193ms]
2024-02-19 23:42:56.155 [info] > git status -z -uall [2851ms]
2024-02-19 23:42:56.718 [info] > git check-ignore -v -z --stdin [475ms]
2024-02-19 23:42:56.719 [info] > git config --get commit.template [216ms]
2024-02-19 23:42:56.750 [info] > git for-each-ref --format=%(refname)%00%(upstream:short)%00%(objectname)%00%(upstream:track)%00%(upstream:remotename)%00%(upstream:remoteref) refs/heads/main refs/remotes/main [2ms]
2024-02-19 23:42:57.520 [info] > git status -z -uall [744ms]
2024-02-19 23:42:58.003 [info] > git show --textconv :blogger/app_server/views/blogList.pug [41ms]
2024-02-19 23:42:58.018 [info] > git ls-files --stage -- /home/bitnami/blogger/app_server/views/blogList.pug [30ms]
2024-02-19 23:42:58.031 [info] > git cat-file -s 7548405213a1be684725d66771fc51c3652d83fe [5ms]
2024-02-19 23:43:05.988 [info] > git config --get commit.template [17ms]
2024-02-19 23:43:05.991 [info] > git for-each-ref --format=%(refname)%00%(upstream:short)%00%(objectname)%00%(upstream:track)%00%(upstream:remotename)%00%(upstream:remoteref) refs/heads/main refs/remotes/main [6ms]
2024-02-19 23:43:06.502 [info] > git status -z -uall [505ms]
2024-02-19 23:43:11.534 [info] > git config --get commit.template [1ms]
2024-02-19 23:43:11.541 [info] > git for-each-ref --format=%(refname)%00%(upstream:short)%00%(objectname)%00%(upstream:track)%00%(upstream:remotename)%00%(upstream:remoteref) refs/heads/main refs/remotes/main [1ms]
2024-02-19 23:43:11.768 [info] > git status -z -uall [221ms]
2024-02-19 23:43:16.793 [info] > git config --get commit.template [4ms]
2024-02-19 23:43:16.801 [info] > git for-each-ref --format=%(refname)%00%(upstream:short)%00%(objectname)%00%(upstream:track)%00%(upstream:remotename)%00%(upstream:remoteref) refs/heads/main refs/remotes/main [2ms]
2024-02-19 23:43:17.027 [info] > git status -z -uall [220ms]
2024-02-19 23:43:18.499 [info] > git ls-files --stage -- /home/bitnami/blogger/app_server/routes/index.js [8ms]
2024-02-19 23:43:18.506 [info] > git show --textconv :blogger/app_server/routes/index.js [24ms]
2024-02-19 23:43:18.507 [info] > git cat-file -s a52e27c84ac4b013f82476dbaa34d7f3a8540800 [2ms]
2024-02-19 23:43:22.056 [info] > git config --get commit.template [8ms]
2024-02-19 23:43:22.056 [info] > git for-each-ref --format=%(refname)%00%(upstream:short)%00%(objectname)%00%(upstream:track)%00%(upstream:remotename)%00%(upstream:remoteref) refs/heads/main refs/remotes/main [2ms]
2024-02-19 23:43:22.276 [info] > git status -z -uall [213ms]
2024-02-19 23:43:24.868 [info] > git show --textconv :blogger/app_server/views/blogList.pug [12ms]
2024-02-19 23:43:24.877 [info] > git ls-files --stage -- /home/bitnami/blogger/app_server/views/blogList.pug [10ms]
2024-02-19 23:43:24.885 [info] > git cat-file -s 7548405213a1be684725d66771fc51c3652d83fe [1ms]
2024-02-19 23:43:27.307 [info] > git config --get commit.template [8ms]
2024-02-19 23:43:27.308 [info] > git for-each-ref --format=%(refname)%00%(upstream:short)%00%(objectname)%00%(upstream:track)%00%(upstream:remotename)%00%(upstream:remoteref) refs/heads/main refs/remotes/main [2ms]
2024-02-19 23:43:27.523 [info] > git status -z -uall [208ms]
2024-02-19 23:43:32.554 [info] > git config --get commit.template [8ms]
2024-02-19 23:43:32.555 [info] > git for-each-ref --format=%(refname)%00%(upstream:short)%00%(objectname)%00%(upstream:track)%00%(upstream:remotename)%00%(upstream:remoteref) refs/heads/main refs/remotes/main [2ms]
2024-02-19 23:43:32.777 [info] > git status -z -uall [215ms]
2024-02-19 23:43:37.799 [info] > git config --get commit.template [6ms]
2024-02-19 23:43:37.800 [info] > git for-each-ref --format=%(refname)%00%(upstream:short)%00%(objectname)%00%(upstream:track)%00%(upstream:remotename)%00%(upstream:remoteref) refs/heads/main refs/remotes/main [2ms]
2024-02-19 23:43:38.034 [info] > git status -z -uall [228ms]
2024-02-19 23:43:43.071 [info] > git config --get commit.template [1ms]
2024-02-19 23:43:43.078 [info] > git for-each-ref --format=%(refname)%00%(upstream:short)%00%(objectname)%00%(upstream:track)%00%(upstream:remotename)%00%(upstream:remoteref) refs/heads/main refs/remotes/main [1ms]
2024-02-19 23:43:43.300 [info] > git status -z -uall [210ms]
2024-02-19 23:43:57.091 [info] > git config --get commit.template [7ms]
2024-02-19 23:43:57.092 [info] > git for-each-ref --format=%(refname)%00%(upstream:short)%00%(objectname)%00%(upstream:track)%00%(upstream:remotename)%00%(upstream:remoteref) refs/heads/main refs/remotes/main [2ms]
2024-02-19 23:43:57.330 [info] > git status -z -uall [230ms]
2024-02-19 23:44:02.358 [info] > git config --get commit.template [6ms]
2024-02-19 23:44:02.382 [info] > git for-each-ref --format=%(refname)%00%(upstream:short)%00%(objectname)%00%(upstream:track)%00%(upstream:remotename)%00%(upstream:remoteref) refs/heads/main refs/remotes/main [8ms]
2024-02-19 23:44:02.624 [info] > git status -z -uall [214ms]
2024-02-19 23:44:07.648 [info] > git config --get commit.template [7ms]
2024-02-19 23:44:07.648 [info] > git for-each-ref --format=%(refname)%00%(upstream:short)%00%(objectname)%00%(upstream:track)%00%(upstream:remotename)%00%(upstream:remoteref) refs/heads/main refs/remotes/main [2ms]
2024-02-19 23:44:07.851 [info] > git status -z -uall [197ms]
2024-02-19 23:44:12.875 [info] > git config --get commit.template [6ms]
2024-02-19 23:44:12.876 [info] > git for-each-ref --format=%(refname)%00%(upstream:short)%00%(objectname)%00%(upstream:track)%00%(upstream:remotename)%00%(upstream:remoteref) refs/heads/main refs/remotes/main [2ms]
2024-02-19 23:44:13.095 [info] > git status -z -uall [213ms]
2024-02-19 23:44:18.122 [info] > git config --get commit.template [2ms]
2024-02-19 23:44:18.132 [info] > git for-each-ref --format=%(refname)%00%(upstream:short)%00%(objectname)%00%(upstream:track)%00%(upstream:remotename)%00%(upstream:remoteref) refs/heads/main refs/remotes/main [2ms]
2024-02-19 23:44:18.352 [info] > git status -z -uall [214ms]
2024-02-19 23:44:23.381 [info] > git config --get commit.template [12ms]
2024-02-19 23:44:23.381 [info] > git for-each-ref --format=%(refname)%00%(upstream:short)%00%(objectname)%00%(upstream:track)%00%(upstream:remotename)%00%(upstream:remoteref) refs/heads/main refs/remotes/main [2ms]
2024-02-19 23:44:23.605 [info] > git status -z -uall [217ms]
2024-02-19 23:44:26.254 [info] > git show --textconv :blogger/app_server/models/db.js [29ms]
2024-02-19 23:44:26.267 [info] > git ls-files --stage -- /home/bitnami/blogger/app_server/models/db.js [14ms]
2024-02-19 23:44:26.300 [info] > git cat-file -s edeab3024a7d5da857961d5b5508c6a8d411e988 [6ms]
2024-02-19 23:44:28.241 [info] > git show --textconv :blogger/app_server/models/blogs.js [49ms]
2024-02-19 23:44:28.265 [info] > git ls-files --stage -- /home/bitnami/blogger/app_server/models/blogs.js [60ms]
2024-02-19 23:44:28.294 [info] > git cat-file -s e69de29bb2d1d6434b8b29ae775ad8c2e48c5391 [3ms]
2024-02-19 23:44:28.657 [info] > git config --get commit.template [1ms]
2024-02-19 23:44:28.668 [info] > git for-each-ref --format=%(refname)%00%(upstream:short)%00%(objectname)%00%(upstream:track)%00%(upstream:remotename)%00%(upstream:remoteref) refs/heads/main refs/remotes/main [2ms]
2024-02-19 23:44:29.328 [info] > git status -z -uall [608ms]
2024-02-19 23:44:30.875 [info] > git show --textconv :blogger/app_server/views/blogList.pug [39ms]
2024-02-19 23:44:30.910 [info] > git ls-files --stage -- /home/bitnami/blogger/app_server/views/blogList.pug [59ms]
2024-02-19 23:44:30.942 [info] > git cat-file -s 7548405213a1be684725d66771fc51c3652d83fe [13ms]
2024-02-19 23:44:34.364 [info] > git config --get commit.template [11ms]
2024-02-19 23:44:34.369 [info] > git for-each-ref --format=%(refname)%00%(upstream:short)%00%(objectname)%00%(upstream:track)%00%(upstream:remotename)%00%(upstream:remoteref) refs/heads/main refs/remotes/main [6ms]
2024-02-19 23:44:34.589 [info] > git status -z -uall [206ms]
2024-02-19 23:44:36.188 [info] > git show --textconv :blogger/app_server/models/db.js [16ms]
2024-02-19 23:44:36.194 [info] > git ls-files --stage -- /home/bitnami/blogger/app_server/models/db.js [15ms]
2024-02-19 23:44:36.205 [info] > git cat-file -s edeab3024a7d5da857961d5b5508c6a8d411e988 [3ms]
2024-02-19 23:44:38.280 [info] > git show --textconv :blogger/app.js [11ms]
2024-02-19 23:44:38.289 [info] > git ls-files --stage -- /home/bitnami/blogger/app.js [11ms]
2024-02-19 23:44:38.298 [info] > git cat-file -s 65e5dfca1d00a6dc2c942bbd25bb2b42feae94c7 [1ms]
2024-02-19 23:44:38.689 [info] > git check-ignore -v -z --stdin [60ms]
2024-02-19 23:44:39.387 [info] > git show --textconv :blogger/app_server/models/blogs.js [48ms]
2024-02-19 23:44:39.388 [info] > git ls-files --stage -- /home/bitnami/blogger/app_server/models/blogs.js [33ms]
2024-02-19 23:44:39.412 [info] > git cat-file -s e69de29bb2d1d6434b8b29ae775ad8c2e48c5391 [3ms]
2024-02-19 23:44:39.659 [info] > git config --get commit.template [16ms]
2024-02-19 23:44:39.670 [info] > git for-each-ref --format=%(refname)%00%(upstream:short)%00%(objectname)%00%(upstream:track)%00%(upstream:remotename)%00%(upstream:remoteref) refs/heads/main refs/remotes/main [13ms]
2024-02-19 23:44:40.576 [info] > git status -z -uall [882ms]
2024-02-19 23:44:42.768 [info] > git show --textconv :blogger/app_server/controllers/blog.js [35ms]
2024-02-19 23:44:42.772 [info] > git ls-files --stage -- /home/bitnami/blogger/app_server/controllers/blog.js [34ms]
2024-02-19 23:44:42.786 [info] > git cat-file -s cdb7e5d4d3f4cf37d174effbc4bfee753624ada2 [3ms]
2024-02-19 23:44:45.632 [info] > git config --get commit.template [8ms]
2024-02-19 23:44:45.635 [info] > git for-each-ref --format=%(refname)%00%(upstream:short)%00%(objectname)%00%(upstream:track)%00%(upstream:remotename)%00%(upstream:remoteref) refs/heads/main refs/remotes/main [5ms]
2024-02-19 23:44:47.046 [info] > git status -z -uall [1405ms]
2024-02-19 23:44:48.601 [info] > git show --textconv :blogger/app_server/views/blogList.pug [11ms]
2024-02-19 23:44:48.607 [info] > git ls-files --stage -- /home/bitnami/blogger/app_server/views/blogList.pug [9ms]
2024-02-19 23:44:48.616 [info] > git cat-file -s 7548405213a1be684725d66771fc51c3652d83fe [1ms]
2024-02-19 23:44:52.081 [info] > git config --get commit.template [7ms]
2024-02-19 23:44:52.082 [info] > git for-each-ref --format=%(refname)%00%(upstream:short)%00%(objectname)%00%(upstream:track)%00%(upstream:remotename)%00%(upstream:remoteref) refs/heads/main refs/remotes/main [2ms]
2024-02-19 23:44:52.300 [info] > git status -z -uall [212ms]
2024-02-19 23:44:52.740 [info] > git show --textconv :blogger/app_server/models/blogs.js [13ms]
2024-02-19 23:44:52.745 [info] > git ls-files --stage -- /home/bitnami/blogger/app_server/models/blogs.js [9ms]
2024-02-19 23:44:52.752 [info] > git cat-file -s e69de29bb2d1d6434b8b29ae775ad8c2e48c5391 [2ms]
2024-02-19 23:44:53.846 [info] > git show --textconv :blogger/app_server/controllers/blog.js [13ms]
2024-02-19 23:44:53.855 [info] > git ls-files --stage -- /home/bitnami/blogger/app_server/controllers/blog.js [12ms]
2024-02-19 23:44:53.862 [info] > git cat-file -s cdb7e5d4d3f4cf37d174effbc4bfee753624ada2 [1ms]
2024-02-19 23:44:57.323 [info] > git config --get commit.template [7ms]
2024-02-19 23:44:57.324 [info] > git for-each-ref --format=%(refname)%00%(upstream:short)%00%(objectname)%00%(upstream:track)%00%(upstream:remotename)%00%(upstream:remoteref) refs/heads/main refs/remotes/main [2ms]
2024-02-19 23:44:57.535 [info] > git status -z -uall [206ms]
2024-02-19 23:44:59.155 [info] > git show --textconv :blogger/app_server/views/blogList.pug [15ms]
2024-02-19 23:44:59.163 [info] > git ls-files --stage -- /home/bitnami/blogger/app_server/views/blogList.pug [10ms]
2024-02-19 23:44:59.172 [info] > git cat-file -s 7548405213a1be684725d66771fc51c3652d83fe [1ms]
2024-02-19 23:45:03.025 [info] > git config --get commit.template [3ms]
2024-02-19 23:45:03.036 [info] > git for-each-ref --format=%(refname)%00%(upstream:short)%00%(objectname)%00%(upstream:track)%00%(upstream:remotename)%00%(upstream:remoteref) refs/heads/main refs/remotes/main [1ms]
2024-02-19 23:45:03.259 [info] > git status -z -uall [217ms]
2024-02-19 23:45:05.360 [info] > git show --textconv :blogger/app_server/controllers/blog.js [11ms]
2024-02-19 23:45:05.369 [info] > git ls-files --stage -- /home/bitnami/blogger/app_server/controllers/blog.js [11ms]
2024-02-19 23:45:05.376 [info] > git cat-file -s cdb7e5d4d3f4cf37d174effbc4bfee753624ada2 [1ms]
2024-02-19 23:45:08.284 [info] > git config --get commit.template [7ms]
2024-02-19 23:45:08.285 [info] > git for-each-ref --format=%(refname)%00%(upstream:short)%00%(objectname)%00%(upstream:track)%00%(upstream:remotename)%00%(upstream:remoteref) refs/heads/main refs/remotes/main [2ms]
2024-02-19 23:45:08.521 [info] > git status -z -uall [231ms]
2024-02-19 23:45:13.542 [info] > git config --get commit.template [1ms]
2024-02-19 23:45:13.550 [info] > git for-each-ref --format=%(refname)%00%(upstream:short)%00%(objectname)%00%(upstream:track)%00%(upstream:remotename)%00%(upstream:remoteref) refs/heads/main refs/remotes/main [1ms]
2024-02-19 23:45:13.792 [info] > git status -z -uall [236ms]
2024-02-19 23:45:18.820 [info] > git config --get commit.template [1ms]
2024-02-19 23:45:18.834 [info] > git for-each-ref --format=%(refname)%00%(upstream:short)%00%(objectname)%00%(upstream:track)%00%(upstream:remotename)%00%(upstream:remoteref) refs/heads/main refs/remotes/main [2ms]
2024-02-19 23:45:19.075 [info] > git status -z -uall [232ms]
2024-02-19 23:45:24.099 [info] > git config --get commit.template [6ms]
2024-02-19 23:45:24.100 [info] > git for-each-ref --format=%(refname)%00%(upstream:short)%00%(objectname)%00%(upstream:track)%00%(upstream:remotename)%00%(upstream:remoteref) refs/heads/main refs/remotes/main [2ms]
2024-02-19 23:45:24.321 [info] > git status -z -uall [215ms]
2024-02-19 23:45:29.341 [info] > git config --get commit.template [2ms]
2024-02-19 23:45:29.350 [info] > git for-each-ref --format=%(refname)%00%(upstream:short)%00%(objectname)%00%(upstream:track)%00%(upstream:remotename)%00%(upstream:remoteref) refs/heads/main refs/remotes/main [2ms]
2024-02-19 23:45:29.624 [info] > git status -z -uall [268ms]
2024-02-19 23:45:34.652 [info] > git config --get commit.template [7ms]
2024-02-19 23:45:34.653 [info] > git for-each-ref --format=%(refname)%00%(upstream:short)%00%(objectname)%00%(upstream:track)%00%(upstream:remotename)%00%(upstream:remoteref) refs/heads/main refs/remotes/main [2ms]
2024-02-19 23:45:34.863 [info] > git status -z -uall [205ms]
2024-02-19 23:45:39.890 [info] > git config --get commit.template [7ms]
2024-02-19 23:45:39.891 [info] > git for-each-ref --format=%(refname)%00%(upstream:short)%00%(objectname)%00%(upstream:track)%00%(upstream:remotename)%00%(upstream:remoteref) refs/heads/main refs/remotes/main [2ms]
2024-02-19 23:45:40.112 [info] > git status -z -uall [215ms]
2024-02-19 23:45:45.957 [info] > git config --get commit.template [8ms]
2024-02-19 23:45:45.958 [info] > git for-each-ref --format=%(refname)%00%(upstream:short)%00%(objectname)%00%(upstream:track)%00%(upstream:remotename)%00%(upstream:remoteref) refs/heads/main refs/remotes/main [3ms]
2024-02-19 23:45:46.183 [info] > git status -z -uall [218ms]
2024-02-19 23:45:47.973 [info] > git show --textconv :blogger/app_server/views/blogList.pug [13ms]
2024-02-19 23:45:47.983 [info] > git ls-files --stage -- /home/bitnami/blogger/app_server/views/blogList.pug [14ms]
2024-02-19 23:45:47.990 [info] > git cat-file -s 7548405213a1be684725d66771fc51c3652d83fe [1ms]
2024-02-19 23:45:50.702 [info] > git show --textconv :blogger/app_server/models/blogs.js [12ms]
2024-02-19 23:45:50.707 [info] > git ls-files --stage -- /home/bitnami/blogger/app_server/models/blogs.js [9ms]
2024-02-19 23:45:50.714 [info] > git cat-file -s e69de29bb2d1d6434b8b29ae775ad8c2e48c5391 [2ms]
2024-02-19 23:46:07.833 [info] > git config --get commit.template [9ms]
2024-02-19 23:46:07.834 [info] > git for-each-ref --format=%(refname)%00%(upstream:short)%00%(objectname)%00%(upstream:track)%00%(upstream:remotename)%00%(upstream:remoteref) refs/heads/main refs/remotes/main [3ms]
2024-02-19 23:46:08.103 [info] > git status -z -uall [261ms]
2024-02-19 23:46:10.110 [info] > git show --textconv :blogger/app_server/controllers/blog.js [15ms]
2024-02-19 23:46:10.118 [info] > git ls-files --stage -- /home/bitnami/blogger/app_server/controllers/blog.js [14ms]
2024-02-19 23:46:10.129 [info] > git cat-file -s cdb7e5d4d3f4cf37d174effbc4bfee753624ada2 [3ms]
2024-02-19 23:46:54.805 [info] > git config --get commit.template [8ms]
2024-02-19 23:46:54.806 [info] > git for-each-ref --format=%(refname)%00%(upstream:short)%00%(objectname)%00%(upstream:track)%00%(upstream:remotename)%00%(upstream:remoteref) refs/heads/main refs/remotes/main [3ms]
2024-02-19 23:46:55.034 [info] > git status -z -uall [222ms]
2024-02-19 23:46:58.764 [info] > git show --textconv :blogger/app_server/views/blogList.pug [23ms]
2024-02-19 23:46:58.774 [info] > git ls-files --stage -- /home/bitnami/blogger/app_server/views/blogList.pug [11ms]
2024-02-19 23:46:58.781 [info] > git cat-file -s 7548405213a1be684725d66771fc51c3652d83fe [2ms]
2024-02-19 23:47:00.085 [info] > git config --get commit.template [11ms]
2024-02-19 23:47:00.119 [info] > git for-each-ref --format=%(refname)%00%(upstream:short)%00%(objectname)%00%(upstream:track)%00%(upstream:remotename)%00%(upstream:remoteref) refs/heads/main refs/remotes/main [5ms]
2024-02-19 23:47:00.347 [info] > git status -z -uall [219ms]
2024-02-19 23:47:05.374 [info] > git config --get commit.template [8ms]
2024-02-19 23:47:05.374 [info] > git for-each-ref --format=%(refname)%00%(upstream:short)%00%(objectname)%00%(upstream:track)%00%(upstream:remotename)%00%(upstream:remoteref) refs/heads/main refs/remotes/main [1ms]
2024-02-19 23:47:05.624 [info] > git status -z -uall [243ms]
2024-02-19 23:47:10.653 [info] > git config --get commit.template [7ms]
2024-02-19 23:47:10.654 [info] > git for-each-ref --format=%(refname)%00%(upstream:short)%00%(objectname)%00%(upstream:track)%00%(upstream:remotename)%00%(upstream:remoteref) refs/heads/main refs/remotes/main [2ms]
2024-02-19 23:47:10.899 [info] > git status -z -uall [239ms]
2024-02-19 23:47:15.925 [info] > git config --get commit.template [7ms]
2024-02-19 23:47:15.926 [info] > git for-each-ref --format=%(refname)%00%(upstream:short)%00%(objectname)%00%(upstream:track)%00%(upstream:remotename)%00%(upstream:remoteref) refs/heads/main refs/remotes/main [2ms]
2024-02-19 23:47:16.153 [info] > git status -z -uall [222ms]
2024-02-19 23:47:21.185 [info] > git config --get commit.template [7ms]
2024-02-19 23:47:21.186 [info] > git for-each-ref --format=%(refname)%00%(upstream:short)%00%(objectname)%00%(upstream:track)%00%(upstream:remotename)%00%(upstream:remoteref) refs/heads/main refs/remotes/main [2ms]
2024-02-19 23:47:21.423 [info] > git status -z -uall [232ms]
2024-02-19 23:47:26.442 [info] > git config --get commit.template [2ms]
2024-02-19 23:47:26.448 [info] > git for-each-ref --format=%(refname)%00%(upstream:short)%00%(objectname)%00%(upstream:track)%00%(upstream:remotename)%00%(upstream:remoteref) refs/heads/main refs/remotes/main [1ms]
2024-02-19 23:47:26.681 [info] > git status -z -uall [226ms]
2024-02-19 23:47:31.708 [info] > git for-each-ref --format=%(refname)%00%(upstream:short)%00%(objectname)%00%(upstream:track)%00%(upstream:remotename)%00%(upstream:remoteref) refs/heads/main refs/remotes/main [0ms]
2024-02-19 23:47:31.709 [info] > git config --get commit.template [8ms]
2024-02-19 23:47:31.929 [info] > git status -z -uall [213ms]
2024-02-19 23:47:36.960 [info] > git config --get commit.template [11ms]
2024-02-19 23:47:36.961 [info] > git for-each-ref --format=%(refname)%00%(upstream:short)%00%(objectname)%00%(upstream:track)%00%(upstream:remotename)%00%(upstream:remoteref) refs/heads/main refs/remotes/main [2ms]
2024-02-19 23:47:37.197 [info] > git status -z -uall [230ms]
2024-02-19 23:47:42.224 [info] > git config --get commit.template [10ms]
2024-02-19 23:47:42.225 [info] > git for-each-ref --format=%(refname)%00%(upstream:short)%00%(objectname)%00%(upstream:track)%00%(upstream:remotename)%00%(upstream:remoteref) refs/heads/main refs/remotes/main [2ms]
2024-02-19 23:47:42.447 [info] > git status -z -uall [215ms]
2024-02-19 23:47:47.475 [info] > git config --get commit.template [7ms]
2024-02-19 23:47:47.475 [info] > git for-each-ref --format=%(refname)%00%(upstream:short)%00%(objectname)%00%(upstream:track)%00%(upstream:remotename)%00%(upstream:remoteref) refs/heads/main refs/remotes/main [3ms]
2024-02-19 23:47:47.689 [info] > git status -z -uall [208ms]
2024-02-19 23:47:52.717 [info] > git config --get commit.template [9ms]
2024-02-19 23:47:52.718 [info] > git for-each-ref --format=%(refname)%00%(upstream:short)%00%(objectname)%00%(upstream:track)%00%(upstream:remotename)%00%(upstream:remoteref) refs/heads/main refs/remotes/main [3ms]
2024-02-19 23:47:52.947 [info] > git status -z -uall [222ms]
2024-02-19 23:47:57.969 [info] > git config --get commit.template [6ms]
2024-02-19 23:47:57.971 [info] > git for-each-ref --format=%(refname)%00%(upstream:short)%00%(objectname)%00%(upstream:track)%00%(upstream:remotename)%00%(upstream:remoteref) refs/heads/main refs/remotes/main [3ms]
2024-02-19 23:47:58.197 [info] > git status -z -uall [221ms]
2024-02-19 23:48:06.768 [info] > git config --get commit.template [9ms]
2024-02-19 23:48:06.769 [info] > git for-each-ref --format=%(refname)%00%(upstream:short)%00%(objectname)%00%(upstream:track)%00%(upstream:remotename)%00%(upstream:remoteref) refs/heads/main refs/remotes/main [2ms]
2024-02-19 23:48:06.995 [info] > git status -z -uall [219ms]
2024-02-19 23:48:08.163 [info] > git show --textconv :blogger/app_server/controllers/blog.js [13ms]
2024-02-19 23:48:08.171 [info] > git ls-files --stage -- /home/bitnami/blogger/app_server/controllers/blog.js [13ms]
2024-02-19 23:48:08.178 [info] > git cat-file -s cdb7e5d4d3f4cf37d174effbc4bfee753624ada2 [2ms]
2024-02-19 23:48:11.790 [info] > git show --textconv :blogger/app_server/views/blogList.pug [13ms]
2024-02-19 23:48:11.798 [info] > git ls-files --stage -- /home/bitnami/blogger/app_server/views/blogList.pug [11ms]
2024-02-19 23:48:11.807 [info] > git cat-file -s 7548405213a1be684725d66771fc51c3652d83fe [2ms]
2024-02-19 23:48:12.021 [info] > git config --get commit.template [7ms]
2024-02-19 23:48:12.022 [info] > git for-each-ref --format=%(refname)%00%(upstream:short)%00%(objectname)%00%(upstream:track)%00%(upstream:remotename)%00%(upstream:remoteref) refs/heads/main refs/remotes/main [2ms]
2024-02-19 23:48:12.233 [info] > git status -z -uall [206ms]
2024-02-19 23:48:17.585 [info] > git config --get commit.template [6ms]
2024-02-19 23:48:17.586 [info] > git for-each-ref --format=%(refname)%00%(upstream:short)%00%(objectname)%00%(upstream:track)%00%(upstream:remotename)%00%(upstream:remoteref) refs/heads/main refs/remotes/main [2ms]
2024-02-19 23:48:17.800 [info] > git status -z -uall [209ms]
2024-02-19 23:48:22.820 [info] > git config --get commit.template [4ms]
2024-02-19 23:48:22.828 [info] > git for-each-ref --format=%(refname)%00%(upstream:short)%00%(objectname)%00%(upstream:track)%00%(upstream:remotename)%00%(upstream:remoteref) refs/heads/main refs/remotes/main [2ms]
2024-02-19 23:48:23.083 [info] > git status -z -uall [250ms]
2024-02-19 23:48:28.106 [info] > git config --get commit.template [6ms]
2024-02-19 23:48:28.107 [info] > git for-each-ref --format=%(refname)%00%(upstream:short)%00%(objectname)%00%(upstream:track)%00%(upstream:remotename)%00%(upstream:remoteref) refs/heads/main refs/remotes/main [1ms]
2024-02-19 23:48:28.342 [info] > git status -z -uall [229ms]
2024-02-19 23:48:28.857 [info] > git show --textconv :blogger/app_server/controllers/blog.js [20ms]
2024-02-19 23:48:28.867 [info] > git ls-files --stage -- /home/bitnami/blogger/app_server/controllers/blog.js [14ms]
2024-02-19 23:48:28.875 [info] > git cat-file -s cdb7e5d4d3f4cf37d174effbc4bfee753624ada2 [2ms]
2024-02-19 23:48:33.366 [info] > git config --get commit.template [7ms]
2024-02-19 23:48:33.369 [info] > git for-each-ref --format=%(refname)%00%(upstream:short)%00%(objectname)%00%(upstream:track)%00%(upstream:remotename)%00%(upstream:remoteref) refs/heads/main refs/remotes/main [3ms]
2024-02-19 23:48:33.578 [info] > git status -z -uall [202ms]
2024-02-19 23:48:36.110 [info] > git show --textconv :blogger/app_server/views/blogList.pug [11ms]
2024-02-19 23:48:36.115 [info] > git ls-files --stage -- /home/bitnami/blogger/app_server/views/blogList.pug [10ms]
2024-02-19 23:48:36.121 [info] > git cat-file -s 7548405213a1be684725d66771fc51c3652d83fe [1ms]
2024-02-19 23:49:09.419 [info] > git config --get commit.template [9ms]
2024-02-19 23:49:09.420 [info] > git for-each-ref --format=%(refname)%00%(upstream:short)%00%(objectname)%00%(upstream:track)%00%(upstream:remotename)%00%(upstream:remoteref) refs/heads/main refs/remotes/main [2ms]
2024-02-19 23:49:09.638 [info] > git status -z -uall [208ms]
2024-02-19 23:49:14.661 [info] > git config --get commit.template [7ms]
2024-02-19 23:49:14.662 [info] > git for-each-ref --format=%(refname)%00%(upstream:short)%00%(objectname)%00%(upstream:track)%00%(upstream:remotename)%00%(upstream:remoteref) refs/heads/main refs/remotes/main [2ms]
2024-02-19 23:49:14.910 [info] > git status -z -uall [243ms]
2024-02-19 23:49:20.228 [info] > git config --get commit.template [2ms]
2024-02-19 23:49:20.238 [info] > git for-each-ref --format=%(refname)%00%(upstream:short)%00%(objectname)%00%(upstream:track)%00%(upstream:remotename)%00%(upstream:remoteref) refs/heads/main refs/remotes/main [2ms]
2024-02-19 23:49:20.465 [info] > git status -z -uall [221ms]
2024-02-19 23:49:26.230 [info] > git config --get commit.template [1ms]
2024-02-19 23:49:26.237 [info] > git for-each-ref --format=%(refname)%00%(upstream:short)%00%(objectname)%00%(upstream:track)%00%(upstream:remotename)%00%(upstream:remoteref) refs/heads/main refs/remotes/main [2ms]
2024-02-19 23:49:26.470 [info] > git status -z -uall [225ms]
2024-02-19 23:49:53.869 [info] > git config --get commit.template [6ms]
2024-02-19 23:49:53.870 [info] > git for-each-ref --format=%(refname)%00%(upstream:short)%00%(objectname)%00%(upstream:track)%00%(upstream:remotename)%00%(upstream:remoteref) refs/heads/main refs/remotes/main [1ms]
2024-02-19 23:49:54.091 [info] > git status -z -uall [214ms]
2024-02-19 23:49:59.118 [info] > git config --get commit.template [7ms]
2024-02-19 23:49:59.118 [info] > git for-each-ref --format=%(refname)%00%(upstream:short)%00%(objectname)%00%(upstream:track)%00%(upstream:remotename)%00%(upstream:remoteref) refs/heads/main refs/remotes/main [1ms]
2024-02-19 23:49:59.359 [info] > git status -z -uall [236ms]
2024-02-19 23:50:04.382 [info] > git config --get commit.template [6ms]
2024-02-19 23:50:04.383 [info] > git for-each-ref --format=%(refname)%00%(upstream:short)%00%(objectname)%00%(upstream:track)%00%(upstream:remotename)%00%(upstream:remoteref) refs/heads/main refs/remotes/main [1ms]
2024-02-19 23:50:04.595 [info] > git status -z -uall [203ms]
2024-02-19 23:50:09.619 [info] > git config --get commit.template [6ms]
2024-02-19 23:50:09.619 [info] > git for-each-ref --format=%(refname)%00%(upstream:short)%00%(objectname)%00%(upstream:track)%00%(upstream:remotename)%00%(upstream:remoteref) refs/heads/main refs/remotes/main [2ms]
2024-02-19 23:50:09.842 [info] > git status -z -uall [217ms]
2024-02-19 23:50:14.874 [info] > git config --get commit.template [12ms]
2024-02-19 23:50:14.875 [info] > git for-each-ref --format=%(refname)%00%(upstream:short)%00%(objectname)%00%(upstream:track)%00%(upstream:remotename)%00%(upstream:remoteref) refs/heads/main refs/remotes/main [2ms]
2024-02-19 23:50:15.097 [info] > git status -z -uall [213ms]
2024-02-19 23:50:20.129 [info] > git config --get commit.template [13ms]
2024-02-19 23:50:20.130 [info] > git for-each-ref --format=%(refname)%00%(upstream:short)%00%(objectname)%00%(upstream:track)%00%(upstream:remotename)%00%(upstream:remoteref) refs/heads/main refs/remotes/main [2ms]
2024-02-19 23:50:20.356 [info] > git status -z -uall [219ms]
2024-02-19 23:50:25.378 [info] > git config --get commit.template [7ms]
2024-02-19 23:50:25.379 [info] > git for-each-ref --format=%(refname)%00%(upstream:short)%00%(objectname)%00%(upstream:track)%00%(upstream:remotename)%00%(upstream:remoteref) refs/heads/main refs/remotes/main [2ms]
2024-02-19 23:50:25.594 [info] > git status -z -uall [210ms]
2024-02-19 23:50:30.619 [info] > git config --get commit.template [8ms]
2024-02-19 23:50:30.620 [info] > git for-each-ref --format=%(refname)%00%(upstream:short)%00%(objectname)%00%(upstream:track)%00%(upstream:remotename)%00%(upstream:remoteref) refs/heads/main refs/remotes/main [1ms]
2024-02-19 23:50:30.860 [info] > git status -z -uall [234ms]
2024-02-19 23:50:35.884 [info] > git config --get commit.template [7ms]
2024-02-19 23:50:35.885 [info] > git for-each-ref --format=%(refname)%00%(upstream:short)%00%(objectname)%00%(upstream:track)%00%(upstream:remotename)%00%(upstream:remoteref) refs/heads/main refs/remotes/main [2ms]
2024-02-19 23:50:36.117 [info] > git status -z -uall [226ms]
2024-02-19 23:50:41.147 [info] > git config --get commit.template [10ms]
2024-02-19 23:50:41.148 [info] > git for-each-ref --format=%(refname)%00%(upstream:short)%00%(objectname)%00%(upstream:track)%00%(upstream:remotename)%00%(upstream:remoteref) refs/heads/main refs/remotes/main [3ms]
2024-02-19 23:50:41.374 [info] > git status -z -uall [220ms]
2024-02-19 23:50:46.394 [info] > git config --get commit.template [6ms]
2024-02-19 23:50:46.395 [info] > git for-each-ref --format=%(refname)%00%(upstream:short)%00%(objectname)%00%(upstream:track)%00%(upstream:remotename)%00%(upstream:remoteref) refs/heads/main refs/remotes/main [2ms]
2024-02-19 23:50:46.613 [info] > git status -z -uall [213ms]
2024-02-19 23:50:58.279 [info] > git config --get commit.template [14ms]
2024-02-19 23:50:58.280 [info] > git for-each-ref --format=%(refname)%00%(upstream:short)%00%(objectname)%00%(upstream:track)%00%(upstream:remotename)%00%(upstream:remoteref) refs/heads/main refs/remotes/main [1ms]
2024-02-19 23:50:58.505 [info] > git status -z -uall [218ms]
2024-02-19 23:51:03.528 [info] > git config --get commit.template [6ms]
2024-02-19 23:51:03.529 [info] > git for-each-ref --format=%(refname)%00%(upstream:short)%00%(objectname)%00%(upstream:track)%00%(upstream:remotename)%00%(upstream:remoteref) refs/heads/main refs/remotes/main [2ms]
2024-02-19 23:51:03.753 [info] > git status -z -uall [219ms]
2024-02-19 23:51:08.782 [info] > git config --get commit.template [9ms]
2024-02-19 23:51:08.783 [info] > git for-each-ref --format=%(refname)%00%(upstream:short)%00%(objectname)%00%(upstream:track)%00%(upstream:remotename)%00%(upstream:remoteref) refs/heads/main refs/remotes/main [1ms]
2024-02-19 23:51:08.999 [info] > git status -z -uall [208ms]
2024-02-19 23:51:14.024 [info] > git config --get commit.template [7ms]
2024-02-19 23:51:14.024 [info] > git for-each-ref --format=%(refname)%00%(upstream:short)%00%(objectname)%00%(upstream:track)%00%(upstream:remotename)%00%(upstream:remoteref) refs/heads/main refs/remotes/main [2ms]
2024-02-19 23:51:14.257 [info] > git status -z -uall [227ms]
2024-02-19 23:51:19.281 [info] > git config --get commit.template [3ms]
2024-02-19 23:51:19.289 [info] > git for-each-ref --format=%(refname)%00%(upstream:short)%00%(objectname)%00%(upstream:track)%00%(upstream:remotename)%00%(upstream:remoteref) refs/heads/main refs/remotes/main [2ms]
2024-02-19 23:51:19.501 [info] > git status -z -uall [206ms]
2024-02-19 23:51:24.528 [info] > git config --get commit.template [8ms]
2024-02-19 23:51:24.529 [info] > git for-each-ref --format=%(refname)%00%(upstream:short)%00%(objectname)%00%(upstream:track)%00%(upstream:remotename)%00%(upstream:remoteref) refs/heads/main refs/remotes/main [2ms]
2024-02-19 23:51:24.763 [info] > git status -z -uall [227ms]
2024-02-19 23:51:31.455 [info] > git config --get commit.template [7ms]
2024-02-19 23:51:31.456 [info] > git for-each-ref --format=%(refname)%00%(upstream:short)%00%(objectname)%00%(upstream:track)%00%(upstream:remotename)%00%(upstream:remoteref) refs/heads/main refs/remotes/main [2ms]
2024-02-19 23:51:31.700 [info] > git status -z -uall [226ms]
2024-02-19 23:51:36.729 [info] > git config --get commit.template [10ms]
2024-02-19 23:51:36.730 [info] > git for-each-ref --format=%(refname)%00%(upstream:short)%00%(objectname)%00%(upstream:track)%00%(upstream:remotename)%00%(upstream:remoteref) refs/heads/main refs/remotes/main [2ms]
2024-02-19 23:51:36.959 [info] > git status -z -uall [221ms]
2024-02-19 23:51:42.001 [info] > git config --get commit.template [14ms]
2024-02-19 23:51:42.002 [info] > git for-each-ref --format=%(refname)%00%(upstream:short)%00%(objectname)%00%(upstream:track)%00%(upstream:remotename)%00%(upstream:remoteref) refs/heads/main refs/remotes/main [3ms]
2024-02-19 23:51:42.230 [info] > git status -z -uall [221ms]
2024-02-19 23:51:47.258 [info] > git config --get commit.template [10ms]
2024-02-19 23:51:47.259 [info] > git for-each-ref --format=%(refname)%00%(upstream:short)%00%(objectname)%00%(upstream:track)%00%(upstream:remotename)%00%(upstream:remoteref) refs/heads/main refs/remotes/main [2ms]
2024-02-19 23:51:47.475 [info] > git status -z -uall [210ms]
2024-02-19 23:51:52.499 [info] > git config --get commit.template [6ms]
2024-02-19 23:51:52.500 [info] > git for-each-ref --format=%(refname)%00%(upstream:short)%00%(objectname)%00%(upstream:track)%00%(upstream:remotename)%00%(upstream:remoteref) refs/heads/main refs/remotes/main [2ms]
2024-02-19 23:51:52.738 [info] > git status -z -uall [233ms]
2024-02-19 23:52:38.278 [info] > git for-each-ref --format=%(refname)%00%(upstream:short)%00%(objectname)%00%(upstream:track)%00%(upstream:remotename)%00%(upstream:remoteref) refs/heads/main refs/remotes/main [1ms]
2024-02-19 23:52:38.278 [info] > git config --get commit.template [15ms]
2024-02-19 23:52:38.510 [info] > git status -z -uall [225ms]
2024-02-19 23:52:43.535 [info] > git config --get commit.template [7ms]
2024-02-19 23:52:43.536 [info] > git for-each-ref --format=%(refname)%00%(upstream:short)%00%(objectname)%00%(upstream:track)%00%(upstream:remotename)%00%(upstream:remoteref) refs/heads/main refs/remotes/main [3ms]
2024-02-19 23:52:43.767 [info] > git status -z -uall [225ms]
2024-02-19 23:52:48.789 [info] > git config --get commit.template [6ms]
2024-02-19 23:52:48.790 [info] > git for-each-ref --format=%(refname)%00%(upstream:short)%00%(objectname)%00%(upstream:track)%00%(upstream:remotename)%00%(upstream:remoteref) refs/heads/main refs/remotes/main [1ms]
2024-02-19 23:52:49.012 [info] > git status -z -uall [217ms]
2024-02-19 23:52:54.045 [info] > git config --get commit.template [8ms]
2024-02-19 23:52:54.045 [info] > git for-each-ref --format=%(refname)%00%(upstream:short)%00%(objectname)%00%(upstream:track)%00%(upstream:remotename)%00%(upstream:remoteref) refs/heads/main refs/remotes/main [2ms]
2024-02-19 23:52:54.286 [info] > git status -z -uall [234ms]
2024-02-19 23:52:56.098 [info] > git show --textconv :blogger/app_server/controllers/blog.js [14ms]
2024-02-19 23:52:56.106 [info] > git ls-files --stage -- /home/bitnami/blogger/app_server/controllers/blog.js [13ms]
2024-02-19 23:52:56.114 [info] > git cat-file -s cdb7e5d4d3f4cf37d174effbc4bfee753624ada2 [1ms]
2024-02-19 23:52:57.966 [info] > git show --textconv :blogger/app_server/views/blogList.pug [10ms]
2024-02-19 23:52:57.973 [info] > git ls-files --stage -- /home/bitnami/blogger/app_server/views/blogList.pug [8ms]
2024-02-19 23:52:57.981 [info] > git cat-file -s 7548405213a1be684725d66771fc51c3652d83fe [2ms]
2024-02-19 23:52:59.311 [info] > git config --get commit.template [7ms]
2024-02-19 23:52:59.312 [info] > git for-each-ref --format=%(refname)%00%(upstream:short)%00%(objectname)%00%(upstream:track)%00%(upstream:remotename)%00%(upstream:remoteref) refs/heads/main refs/remotes/main [1ms]
2024-02-19 23:52:59.512 [info] > git status -z -uall [193ms]
2024-02-19 23:53:04.552 [info] > git config --get commit.template [17ms]
2024-02-19 23:53:04.552 [info] > git for-each-ref --format=%(refname)%00%(upstream:short)%00%(objectname)%00%(upstream:track)%00%(upstream:remotename)%00%(upstream:remoteref) refs/heads/main refs/remotes/main [2ms]
2024-02-19 23:53:04.782 [info] > git status -z -uall [223ms]
2024-02-19 23:53:09.806 [info] > git config --get commit.template [7ms]
2024-02-19 23:53:09.807 [info] > git for-each-ref --format=%(refname)%00%(upstream:short)%00%(objectname)%00%(upstream:track)%00%(upstream:remotename)%00%(upstream:remoteref) refs/heads/main refs/remotes/main [2ms]
2024-02-19 23:53:10.021 [info] > git status -z -uall [208ms]
2024-02-19 23:53:15.046 [info] > git config --get commit.template [8ms]
2024-02-19 23:53:15.047 [info] > git for-each-ref --format=%(refname)%00%(upstream:short)%00%(objectname)%00%(upstream:track)%00%(upstream:remotename)%00%(upstream:remoteref) refs/heads/main refs/remotes/main [2ms]
2024-02-19 23:53:15.257 [info] > git status -z -uall [204ms]
2024-02-19 23:53:20.291 [info] > git config --get commit.template [11ms]
2024-02-19 23:53:20.291 [info] > git for-each-ref --format=%(refname)%00%(upstream:short)%00%(objectname)%00%(upstream:track)%00%(upstream:remotename)%00%(upstream:remoteref) refs/heads/main refs/remotes/main [4ms]
2024-02-19 23:53:20.522 [info] > git status -z -uall [225ms]
2024-02-19 23:53:31.356 [info] > git config --get commit.template [7ms]
2024-02-19 23:53:31.356 [info] > git for-each-ref --format=%(refname)%00%(upstream:short)%00%(objectname)%00%(upstream:track)%00%(upstream:remotename)%00%(upstream:remoteref) refs/heads/main refs/remotes/main [1ms]
2024-02-19 23:53:31.580 [info] > git status -z -uall [217ms]
2024-02-19 23:53:36.609 [info] > git config --get commit.template [9ms]
2024-02-19 23:53:36.610 [info] > git for-each-ref --format=%(refname)%00%(upstream:short)%00%(objectname)%00%(upstream:track)%00%(upstream:remotename)%00%(upstream:remoteref) refs/heads/main refs/remotes/main [2ms]
2024-02-19 23:53:36.871 [info] > git status -z -uall [251ms]
2024-02-19 23:53:41.895 [info] > git config --get commit.template [7ms]
2024-02-19 23:53:41.896 [info] > git for-each-ref --format=%(refname)%00%(upstream:short)%00%(objectname)%00%(upstream:track)%00%(upstream:remotename)%00%(upstream:remoteref) refs/heads/main refs/remotes/main [2ms]
2024-02-19 23:53:42.119 [info] > git status -z -uall [218ms]
2024-02-19 23:53:47.146 [info] > git config --get commit.template [7ms]
2024-02-19 23:53:47.147 [info] > git for-each-ref --format=%(refname)%00%(upstream:short)%00%(objectname)%00%(upstream:track)%00%(upstream:remotename)%00%(upstream:remoteref) refs/heads/main refs/remotes/main [1ms]
2024-02-19 23:53:47.355 [info] > git status -z -uall [202ms]
2024-02-19 23:53:52.380 [info] > git config --get commit.template [7ms]
2024-02-19 23:53:52.381 [info] > git for-each-ref --format=%(refname)%00%(upstream:short)%00%(objectname)%00%(upstream:track)%00%(upstream:remotename)%00%(upstream:remoteref) refs/heads/main refs/remotes/main [2ms]
2024-02-19 23:53:52.600 [info] > git status -z -uall [213ms]
2024-02-19 23:53:57.629 [info] > git config --get commit.template [8ms]
2024-02-19 23:53:57.630 [info] > git for-each-ref --format=%(refname)%00%(upstream:short)%00%(objectname)%00%(upstream:track)%00%(upstream:remotename)%00%(upstream:remoteref) refs/heads/main refs/remotes/main [1ms]
2024-02-19 23:53:57.866 [info] > git status -z -uall [231ms]
2024-02-19 23:54:02.909 [info] > git config --get commit.template [15ms]
2024-02-19 23:54:02.910 [info] > git for-each-ref --format=%(refname)%00%(upstream:short)%00%(objectname)%00%(upstream:track)%00%(upstream:remotename)%00%(upstream:remoteref) refs/heads/main refs/remotes/main [3ms]
2024-02-19 23:54:03.143 [info] > git status -z -uall [226ms]
2024-02-19 23:54:08.168 [info] > git config --get commit.template [7ms]
2024-02-19 23:54:08.169 [info] > git for-each-ref --format=%(refname)%00%(upstream:short)%00%(objectname)%00%(upstream:track)%00%(upstream:remotename)%00%(upstream:remoteref) refs/heads/main refs/remotes/main [2ms]
2024-02-19 23:54:08.377 [info] > git status -z -uall [203ms]
2024-02-19 23:54:13.395 [info] > git config --get commit.template [2ms]
2024-02-19 23:54:13.401 [info] > git for-each-ref --format=%(refname)%00%(upstream:short)%00%(objectname)%00%(upstream:track)%00%(upstream:remotename)%00%(upstream:remoteref) refs/heads/main refs/remotes/main [1ms]
2024-02-19 23:54:13.623 [info] > git status -z -uall [217ms]
2024-02-19 23:54:18.664 [info] > git config --get commit.template [17ms]
2024-02-19 23:54:18.666 [info] > git for-each-ref --format=%(refname)%00%(upstream:short)%00%(objectname)%00%(upstream:track)%00%(upstream:remotename)%00%(upstream:remoteref) refs/heads/main refs/remotes/main [2ms]
2024-02-19 23:54:18.907 [info] > git status -z -uall [220ms]
2024-02-19 23:54:23.935 [info] > git config --get commit.template [7ms]
2024-02-19 23:54:23.936 [info] > git for-each-ref --format=%(refname)%00%(upstream:short)%00%(objectname)%00%(upstream:track)%00%(upstream:remotename)%00%(upstream:remoteref) refs/heads/main refs/remotes/main [1ms]
2024-02-19 23:54:24.163 [info] > git status -z -uall [215ms]
2024-02-19 23:56:38.670 [info] > git config --get commit.template [8ms]
2024-02-19 23:56:38.671 [info] > git for-each-ref --format=%(refname)%00%(upstream:short)%00%(objectname)%00%(upstream:track)%00%(upstream:remotename)%00%(upstream:remoteref) refs/heads/main refs/remotes/main [1ms]
2024-02-19 23:56:38.927 [info] > git status -z -uall [251ms]
2024-02-19 23:56:43.952 [info] > git config --get commit.template [8ms]
2024-02-19 23:56:43.953 [info] > git for-each-ref --format=%(refname)%00%(upstream:short)%00%(objectname)%00%(upstream:track)%00%(upstream:remotename)%00%(upstream:remoteref) refs/heads/main refs/remotes/main [3ms]
2024-02-19 23:56:44.164 [info] > git status -z -uall [205ms]
2024-02-19 23:56:49.497 [info] > git config --get commit.template [1ms]
2024-02-19 23:56:49.504 [info] > git for-each-ref --format=%(refname)%00%(upstream:short)%00%(objectname)%00%(upstream:track)%00%(upstream:remotename)%00%(upstream:remoteref) refs/heads/main refs/remotes/main [2ms]
2024-02-19 23:56:49.701 [info] > git status -z -uall [192ms]
2024-02-19 23:56:59.531 [info] > git config --get commit.template [2ms]
2024-02-19 23:56:59.538 [info] > git for-each-ref --format=%(refname)%00%(upstream:short)%00%(objectname)%00%(upstream:track)%00%(upstream:remotename)%00%(upstream:remoteref) refs/heads/main refs/remotes/main [1ms]
2024-02-19 23:56:59.772 [info] > git status -z -uall [229ms]
2024-02-19 23:56:59.772 [info] > git show --textconv :blogger/app_server/controllers/blog.js [32ms]
2024-02-19 23:56:59.781 [info] > git ls-files --stage -- /home/bitnami/blogger/app_server/controllers/blog.js [26ms]
2024-02-19 23:56:59.789 [info] > git cat-file -s cdb7e5d4d3f4cf37d174effbc4bfee753624ada2 [2ms]
2024-02-19 23:57:03.651 [info] > git show --textconv :blogger/app_server/views/blogList.pug [10ms]
2024-02-19 23:57:03.658 [info] > git ls-files --stage -- /home/bitnami/blogger/app_server/views/blogList.pug [9ms]
2024-02-19 23:57:03.665 [info] > git cat-file -s 7548405213a1be684725d66771fc51c3652d83fe [1ms]
2024-02-19 23:57:04.796 [info] > git config --get commit.template [8ms]
2024-02-19 23:57:04.798 [info] > git for-each-ref --format=%(refname)%00%(upstream:short)%00%(objectname)%00%(upstream:track)%00%(upstream:remotename)%00%(upstream:remoteref) refs/heads/main refs/remotes/main [3ms]
2024-02-19 23:57:05.023 [info] > git status -z -uall [216ms]
2024-02-19 23:57:06.811 [info] > git show --textconv :blogger/app_server/controllers/blog.js [12ms]
2024-02-19 23:57:06.819 [info] > git ls-files --stage -- /home/bitnami/blogger/app_server/controllers/blog.js [12ms]
2024-02-19 23:57:06.826 [info] > git cat-file -s cdb7e5d4d3f4cf37d174effbc4bfee753624ada2 [1ms]
2024-02-19 23:57:08.131 [info] > git show --textconv :blogger/app_server/views/blogList.pug [22ms]
2024-02-19 23:57:08.138 [info] > git ls-files --stage -- /home/bitnami/blogger/app_server/views/blogList.pug [8ms]
2024-02-19 23:57:08.146 [info] > git cat-file -s 7548405213a1be684725d66771fc51c3652d83fe [1ms]
2024-02-19 23:57:10.041 [info] > git config --get commit.template [0ms]
2024-02-19 23:57:10.048 [info] > git for-each-ref --format=%(refname)%00%(upstream:short)%00%(objectname)%00%(upstream:track)%00%(upstream:remotename)%00%(upstream:remoteref) refs/heads/main refs/remotes/main [2ms]
2024-02-19 23:57:10.280 [info] > git status -z -uall [218ms]
2024-02-20 00:02:31.409 [info] > git config --get commit.template [8ms]
2024-02-20 00:02:31.410 [info] > git for-each-ref --format=%(refname)%00%(upstream:short)%00%(objectname)%00%(upstream:track)%00%(upstream:remotename)%00%(upstream:remoteref) refs/heads/main refs/remotes/main [2ms]
2024-02-20 00:02:31.693 [info] > git status -z -uall [277ms]
2024-02-20 00:02:36.722 [info] > git config --get commit.template [7ms]
2024-02-20 00:02:36.723 [info] > git for-each-ref --format=%(refname)%00%(upstream:short)%00%(objectname)%00%(upstream:track)%00%(upstream:remotename)%00%(upstream:remoteref) refs/heads/main refs/remotes/main [2ms]
2024-02-20 00:02:36.947 [info] > git status -z -uall [219ms]
2024-02-20 00:02:47.871 [info] > git config --get commit.template [7ms]
2024-02-20 00:02:47.871 [info] > git for-each-ref --format=%(refname)%00%(upstream:short)%00%(objectname)%00%(upstream:track)%00%(upstream:remotename)%00%(upstream:remoteref) refs/heads/main refs/remotes/main [1ms]
2024-02-20 00:02:48.011 [info] > git show --textconv :blogger/app_server/controllers/blog.js [31ms]
2024-02-20 00:02:48.020 [info] > git ls-files --stage -- /home/bitnami/blogger/app_server/controllers/blog.js [22ms]
2024-02-20 00:02:48.034 [info] > git cat-file -s cdb7e5d4d3f4cf37d174effbc4bfee753624ada2 [6ms]
2024-02-20 00:02:48.158 [info] > git status -z -uall [281ms]
2024-02-20 00:02:53.195 [info] > git config --get commit.template [7ms]
2024-02-20 00:02:53.196 [info] > git for-each-ref --format=%(refname)%00%(upstream:short)%00%(objectname)%00%(upstream:track)%00%(upstream:remotename)%00%(upstream:remoteref) refs/heads/main refs/remotes/main [2ms]
2024-02-20 00:02:53.429 [info] > git status -z -uall [222ms]
2024-02-20 00:02:57.220 [info] > git show --textconv :blogger/app_server/views/blogList.pug [11ms]
2024-02-20 00:02:57.226 [info] > git ls-files --stage -- /home/bitnami/blogger/app_server/views/blogList.pug [9ms]
2024-02-20 00:02:57.233 [info] > git cat-file -s 7548405213a1be684725d66771fc51c3652d83fe [1ms]
2024-02-20 00:02:58.448 [info] > git config --get commit.template [2ms]
2024-02-20 00:02:58.456 [info] > git for-each-ref --format=%(refname)%00%(upstream:short)%00%(objectname)%00%(upstream:track)%00%(upstream:remotename)%00%(upstream:remoteref) refs/heads/main refs/remotes/main [1ms]
2024-02-20 00:02:58.692 [info] > git status -z -uall [231ms]
2024-02-20 00:02:59.192 [info] > git show --textconv :blogger/app_server/controllers/blog.js [11ms]
2024-02-20 00:02:59.200 [info] > git ls-files --stage -- /home/bitnami/blogger/app_server/controllers/blog.js [11ms]
2024-02-20 00:02:59.209 [info] > git cat-file -s cdb7e5d4d3f4cf37d174effbc4bfee753624ada2 [2ms]
2024-02-20 00:03:03.735 [info] > git config --get commit.template [6ms]
2024-02-20 00:03:03.735 [info] > git for-each-ref --format=%(refname)%00%(upstream:short)%00%(objectname)%00%(upstream:track)%00%(upstream:remotename)%00%(upstream:remoteref) refs/heads/main refs/remotes/main [1ms]
2024-02-20 00:03:03.960 [info] > git status -z -uall [219ms]
2024-02-20 00:04:38.875 [info] > git config --get commit.template [7ms]
2024-02-20 00:04:38.876 [info] > git for-each-ref --format=%(refname)%00%(upstream:short)%00%(objectname)%00%(upstream:track)%00%(upstream:remotename)%00%(upstream:remoteref) refs/heads/main refs/remotes/main [2ms]
2024-02-20 00:04:39.101 [info] > git status -z -uall [220ms]
2024-02-20 00:04:44.124 [info] > git config --get commit.template [6ms]
2024-02-20 00:04:44.124 [info] > git for-each-ref --format=%(refname)%00%(upstream:short)%00%(objectname)%00%(upstream:track)%00%(upstream:remotename)%00%(upstream:remoteref) refs/heads/main refs/remotes/main [1ms]
2024-02-20 00:04:44.334 [info] > git status -z -uall [203ms]
2024-02-20 00:04:46.114 [info] > git show --textconv :blogger/app_server/views/blogList.pug [11ms]
2024-02-20 00:04:46.120 [info] > git ls-files --stage -- /home/bitnami/blogger/app_server/views/blogList.pug [9ms]
2024-02-20 00:04:46.127 [info] > git cat-file -s 7548405213a1be684725d66771fc51c3652d83fe [1ms]
2024-02-20 00:04:49.371 [info] > git config --get commit.template [18ms]
2024-02-20 00:04:49.373 [info] > git for-each-ref --format=%(refname)%00%(upstream:short)%00%(objectname)%00%(upstream:track)%00%(upstream:remotename)%00%(upstream:remoteref) refs/heads/main refs/remotes/main [3ms]
2024-02-20 00:04:49.580 [info] > git status -z -uall [197ms]
2024-02-20 00:04:54.608 [info] > git config --get commit.template [7ms]
2024-02-20 00:04:54.609 [info] > git for-each-ref --format=%(refname)%00%(upstream:short)%00%(objectname)%00%(upstream:track)%00%(upstream:remotename)%00%(upstream:remoteref) refs/heads/main refs/remotes/main [2ms]
2024-02-20 00:04:54.839 [info] > git status -z -uall [225ms]
2024-02-20 00:07:24.251 [info] > git config --get commit.template [18ms]
2024-02-20 00:07:24.251 [info] > git for-each-ref --format=%(refname)%00%(upstream:short)%00%(objectname)%00%(upstream:track)%00%(upstream:remotename)%00%(upstream:remoteref) refs/heads/main refs/remotes/main [5ms]
2024-02-20 00:07:24.490 [info] > git status -z -uall [230ms]
2024-02-20 00:07:29.520 [info] > git config --get commit.template [7ms]
2024-02-20 00:07:29.521 [info] > git for-each-ref --format=%(refname)%00%(upstream:short)%00%(objectname)%00%(upstream:track)%00%(upstream:remotename)%00%(upstream:remoteref) refs/heads/main refs/remotes/main [1ms]
2024-02-20 00:07:29.744 [info] > git status -z -uall [216ms]
2024-02-20 00:07:33.513 [info] > git show --textconv :blogger/app_server/controllers/blog.js [13ms]
2024-02-20 00:07:33.521 [info] > git ls-files --stage -- /home/bitnami/blogger/app_server/controllers/blog.js [10ms]
2024-02-20 00:07:33.529 [info] > git cat-file -s cdb7e5d4d3f4cf37d174effbc4bfee753624ada2 [2ms]
2024-02-20 00:07:34.769 [info] > git config --get commit.template [7ms]
2024-02-20 00:07:34.770 [info] > git for-each-ref --format=%(refname)%00%(upstream:short)%00%(objectname)%00%(upstream:track)%00%(upstream:remotename)%00%(upstream:remoteref) refs/heads/main refs/remotes/main [2ms]
2024-02-20 00:07:34.989 [info] > git status -z -uall [213ms]
2024-02-20 00:07:40.018 [info] > git config --get commit.template [10ms]
2024-02-20 00:07:40.019 [info] > git for-each-ref --format=%(refname)%00%(upstream:short)%00%(objectname)%00%(upstream:track)%00%(upstream:remotename)%00%(upstream:remoteref) refs/heads/main refs/remotes/main [2ms]
2024-02-20 00:07:40.252 [info] > git status -z -uall [224ms]
2024-02-20 00:07:45.279 [info] > git config --get commit.template [9ms]
2024-02-20 00:07:45.281 [info] > git for-each-ref --format=%(refname)%00%(upstream:short)%00%(objectname)%00%(upstream:track)%00%(upstream:remotename)%00%(upstream:remoteref) refs/heads/main refs/remotes/main [2ms]
2024-02-20 00:07:45.519 [info] > git status -z -uall [232ms]
2024-02-20 00:07:45.974 [info] > git show --textconv :blogger/app_server/views/blogList.pug [10ms]
2024-02-20 00:07:45.983 [info] > git ls-files --stage -- /home/bitnami/blogger/app_server/views/blogList.pug [9ms]
2024-02-20 00:07:45.990 [info] > git cat-file -s 7548405213a1be684725d66771fc51c3652d83fe [1ms]
2024-02-20 00:07:50.540 [info] > git config --get commit.template [3ms]
2024-02-20 00:07:50.548 [info] > git for-each-ref --format=%(refname)%00%(upstream:short)%00%(objectname)%00%(upstream:track)%00%(upstream:remotename)%00%(upstream:remoteref) refs/heads/main refs/remotes/main [1ms]
2024-02-20 00:07:50.804 [info] > git status -z -uall [249ms]
2024-02-20 00:07:55.830 [info] > git config --get commit.template [6ms]
2024-02-20 00:07:55.830 [info] > git for-each-ref --format=%(refname)%00%(upstream:short)%00%(objectname)%00%(upstream:track)%00%(upstream:remotename)%00%(upstream:remoteref) refs/heads/main refs/remotes/main [1ms]
2024-02-20 00:07:56.041 [info] > git status -z -uall [206ms]
2024-02-20 00:08:03.050 [info] > git config --get commit.template [6ms]
2024-02-20 00:08:03.051 [info] > git for-each-ref --format=%(refname)%00%(upstream:short)%00%(objectname)%00%(upstream:track)%00%(upstream:remotename)%00%(upstream:remoteref) refs/heads/main refs/remotes/main [2ms]
2024-02-20 00:08:03.269 [info] > git status -z -uall [211ms]
2024-02-20 00:08:44.819 [info] > git config --get commit.template [1ms]
2024-02-20 00:08:44.830 [info] > git for-each-ref --format=%(refname)%00%(upstream:short)%00%(objectname)%00%(upstream:track)%00%(upstream:remotename)%00%(upstream:remoteref) refs/heads/main refs/remotes/main [2ms]
2024-02-20 00:08:45.044 [info] > git status -z -uall [208ms]
2024-02-20 00:09:22.090 [info] > git config --get commit.template [6ms]
2024-02-20 00:09:22.090 [info] > git for-each-ref --format=%(refname)%00%(upstream:short)%00%(objectname)%00%(upstream:track)%00%(upstream:remotename)%00%(upstream:remoteref) refs/heads/main refs/remotes/main [2ms]
2024-02-20 00:09:22.348 [info] > git status -z -uall [252ms]
2024-02-20 00:09:27.371 [info] > git config --get commit.template [7ms]
2024-02-20 00:09:27.372 [info] > git for-each-ref --format=%(refname)%00%(upstream:short)%00%(objectname)%00%(upstream:track)%00%(upstream:remotename)%00%(upstream:remoteref) refs/heads/main refs/remotes/main [2ms]
2024-02-20 00:09:27.615 [info] > git status -z -uall [237ms]
2024-02-20 00:09:34.072 [info] > git for-each-ref --format=%(refname)%00%(upstream:short)%00%(objectname)%00%(upstream:track)%00%(upstream:remotename)%00%(upstream:remoteref) refs/heads/main refs/remotes/main [1ms]
2024-02-20 00:09:34.072 [info] > git config --get commit.template [8ms]
2024-02-20 00:09:34.308 [info] > git status -z -uall [230ms]
2024-02-20 00:09:42.429 [info] > git config --get commit.template [15ms]
2024-02-20 00:09:42.429 [info] > git for-each-ref --format=%(refname)%00%(upstream:short)%00%(objectname)%00%(upstream:track)%00%(upstream:remotename)%00%(upstream:remoteref) refs/heads/main refs/remotes/main [2ms]
2024-02-20 00:09:42.649 [info] > git status -z -uall [213ms]
2024-02-20 00:09:50.245 [info] > git config --get commit.template [7ms]
2024-02-20 00:09:50.246 [info] > git for-each-ref --format=%(refname)%00%(upstream:short)%00%(objectname)%00%(upstream:track)%00%(upstream:remotename)%00%(upstream:remoteref) refs/heads/main refs/remotes/main [2ms]
2024-02-20 00:09:50.462 [info] > git status -z -uall [210ms]
2024-02-20 00:10:01.671 [info] > git config --get commit.template [23ms]
2024-02-20 00:10:01.673 [info] > git for-each-ref --format=%(refname)%00%(upstream:short)%00%(objectname)%00%(upstream:track)%00%(upstream:remotename)%00%(upstream:remoteref) refs/heads/main refs/remotes/main [7ms]
2024-02-20 00:10:01.988 [info] > git status -z -uall [288ms]
2024-02-20 00:10:07.015 [info] > git config --get commit.template [9ms]
2024-02-20 00:10:07.017 [info] > git for-each-ref --format=%(refname)%00%(upstream:short)%00%(objectname)%00%(upstream:track)%00%(upstream:remotename)%00%(upstream:remoteref) refs/heads/main refs/remotes/main [3ms]
2024-02-20 00:10:07.243 [info] > git status -z -uall [220ms]
2024-02-20 00:10:23.694 [info] > git config --get commit.template [7ms]
2024-02-20 00:10:23.695 [info] > git for-each-ref --format=%(refname)%00%(upstream:short)%00%(objectname)%00%(upstream:track)%00%(upstream:remotename)%00%(upstream:remoteref) refs/heads/main refs/remotes/main [2ms]
2024-02-20 00:10:23.908 [info] > git status -z -uall [207ms]
2024-02-20 00:10:28.933 [info] > git config --get commit.template [8ms]
2024-02-20 00:10:28.933 [info] > git for-each-ref --format=%(refname)%00%(upstream:short)%00%(objectname)%00%(upstream:track)%00%(upstream:remotename)%00%(upstream:remoteref) refs/heads/main refs/remotes/main [1ms]
2024-02-20 00:10:29.161 [info] > git status -z -uall [222ms]
2024-02-20 00:10:34.186 [info] > git config --get commit.template [1ms]
2024-02-20 00:10:34.195 [info] > git for-each-ref --format=%(refname)%00%(upstream:short)%00%(objectname)%00%(upstream:track)%00%(upstream:remotename)%00%(upstream:remoteref) refs/heads/main refs/remotes/main [1ms]
2024-02-20 00:10:34.417 [info] > git status -z -uall [216ms]
2024-02-20 00:10:54.046 [info] > git config --get commit.template [19ms]
2024-02-20 00:10:54.048 [info] > git for-each-ref --format=%(refname)%00%(upstream:short)%00%(objectname)%00%(upstream:track)%00%(upstream:remotename)%00%(upstream:remoteref) refs/heads/main refs/remotes/main [4ms]
2024-02-20 00:10:54.289 [info] > git status -z -uall [232ms]
2024-02-20 00:11:03.112 [info] > git config --get commit.template [14ms]
2024-02-20 00:11:03.113 [info] > git for-each-ref --format=%(refname)%00%(upstream:short)%00%(objectname)%00%(upstream:track)%00%(upstream:remotename)%00%(upstream:remoteref) refs/heads/main refs/remotes/main [2ms]
2024-02-20 00:11:03.342 [info] > git status -z -uall [222ms]
2024-02-20 00:11:08.371 [info] > git config --get commit.template [7ms]
2024-02-20 00:11:08.372 [info] > git for-each-ref --format=%(refname)%00%(upstream:short)%00%(objectname)%00%(upstream:track)%00%(upstream:remotename)%00%(upstream:remoteref) refs/heads/main refs/remotes/main [2ms]
2024-02-20 00:11:08.590 [info] > git status -z -uall [213ms]
2024-02-20 00:11:25.950 [info] > git config --get commit.template [6ms]
2024-02-20 00:11:25.951 [info] > git for-each-ref --format=%(refname)%00%(upstream:short)%00%(objectname)%00%(upstream:track)%00%(upstream:remotename)%00%(upstream:remoteref) refs/heads/main refs/remotes/main [2ms]
2024-02-20 00:11:26.196 [info] > git status -z -uall [237ms]
2024-02-20 00:11:55.833 [info] > git config --get commit.template [0ms]
2024-02-20 00:11:55.842 [info] > git for-each-ref --format=%(refname)%00%(upstream:short)%00%(objectname)%00%(upstream:track)%00%(upstream:remotename)%00%(upstream:remoteref) refs/heads/main refs/remotes/main [3ms]
2024-02-20 00:11:56.081 [info] > git status -z -uall [232ms]
2024-02-20 00:12:49.676 [info] > git config --get commit.template [6ms]
2024-02-20 00:12:49.677 [info] > git for-each-ref --format=%(refname)%00%(upstream:short)%00%(objectname)%00%(upstream:track)%00%(upstream:remotename)%00%(upstream:remoteref) refs/heads/main refs/remotes/main [2ms]
2024-02-20 00:12:49.889 [info] > git status -z -uall [204ms]
2024-02-20 00:14:27.666 [info] > git config --get commit.template [8ms]
2024-02-20 00:14:27.666 [info] > git for-each-ref --format=%(refname)%00%(upstream:short)%00%(objectname)%00%(upstream:track)%00%(upstream:remotename)%00%(upstream:remoteref) refs/heads/main refs/remotes/main [1ms]
2024-02-20 00:14:27.857 [info] > git status -z -uall [186ms]
2024-02-20 00:14:32.879 [info] > git config --get commit.template [0ms]
2024-02-20 00:14:32.886 [info] > git for-each-ref --format=%(refname)%00%(upstream:short)%00%(objectname)%00%(upstream:track)%00%(upstream:remotename)%00%(upstream:remoteref) refs/heads/main refs/remotes/main [1ms]
2024-02-20 00:14:33.113 [info] > git status -z -uall [220ms]
2024-02-20 00:14:34.719 [info] > git merge-base refs/heads/main refs/remotes/origin/main [15ms]
2024-02-20 00:14:34.732 [info] > git merge-base refs/heads/master refs/remotes/origin/master [15ms]
2024-02-20 00:14:34.740 [info] > git rev-list --count --left-right refs/heads/main...refs/remotes/origin/main [9ms]
2024-02-20 00:14:34.741 [info] > git rev-list --count --left-right refs/heads/master...refs/remotes/origin/master [2ms]
2024-02-20 00:14:35.481 [info] > git check-ignore -v -z --stdin [2ms]
2024-02-20 00:14:35.501 [info] > git check-ignore -v -z --stdin [29ms]
2024-02-20 00:14:38.238 [info] > git config --get commit.template [6ms]
2024-02-20 00:14:38.239 [info] > git for-each-ref --format=%(refname)%00%(upstream:short)%00%(objectname)%00%(upstream:track)%00%(upstream:remotename)%00%(upstream:remoteref) refs/heads/main refs/remotes/main [2ms]
2024-02-20 00:14:38.584 [info] > git status -z -uall [339ms]
