2024-02-12 22:44:09.799 [info] Extension host with pid 23300 started
2024-02-12 22:44:09.817 [info] Lock '/home/bitnami/.vscode-server/data/User/workspaceStorage/d866cbe83da49e127745e557969ca682/vscode.lock': Lock acquired.
2024-02-12 22:44:10.124 [info] ExtensionService#_doActivateExtension vscode.emmet, startup: false, activationEvent: 'onLanguage'
2024-02-12 22:44:10.391 [info] ExtensionService#_doActivateExtension vscode.git-base, startup: true, activationEvent: '*', root cause: vscode.git
2024-02-12 22:44:10.395 [info] ExtensionService#_doActivateExtension vscode.npm, startup: true, activationEvent: 'workspaceContains:package.json'
2024-02-12 22:44:10.572 [info] ExtensionService#_doActivateExtension vscode.git, startup: true, activationEvent: '*'
2024-02-12 22:44:10.573 [info] ExtensionService#_doActivateExtension vscode.github, startup: true, activationEvent: '*'
2024-02-12 22:44:11.003 [info] Eager extensions activated
2024-02-12 22:44:11.004 [info] ExtensionService#_doActivateExtension vscode.debug-auto-launch, startup: false, activationEvent: 'onStartupFinished'
2024-02-12 22:44:11.007 [info] ExtensionService#_doActivateExtension vscode.merge-conflict, startup: false, activationEvent: 'onStartupFinished'
2024-02-12 22:44:11.344 [warning] [Decorations] CAPPING events from decorations provider vscode.git 1182
2024-02-12 22:44:12.052 [warning] [Decorations] CAPPING events from decorations provider vscode.git 1182
2024-02-12 22:44:33.202 [warning] [Decorations] CAPPING events from decorations provider vscode.git 1202
2024-02-12 22:44:38.393 [warning] [Decorations] CAPPING events from decorations provider vscode.git 1202
2024-02-12 22:44:43.631 [warning] [Decorations] CAPPING events from decorations provider vscode.git 1202
2024-02-12 22:44:48.802 [warning] [Decorations] CAPPING events from decorations provider vscode.git 1202
2024-02-12 22:44:53.965 [warning] [Decorations] CAPPING events from decorations provider vscode.git 1202
2024-02-12 22:46:09.311 [warning] [Decorations] CAPPING events from decorations provider vscode.git 1202
2024-02-12 22:46:14.481 [warning] [Decorations] CAPPING events from decorations provider vscode.git 1202
2024-02-12 22:46:19.637 [warning] [Decorations] CAPPING events from decorations provider vscode.git 1202
2024-02-12 22:46:24.819 [warning] [Decorations] CAPPING events from decorations provider vscode.git 1202
2024-02-12 22:46:29.986 [warning] [Decorations] CAPPING events from decorations provider vscode.git 1202
2024-02-12 22:46:35.137 [warning] [Decorations] CAPPING events from decorations provider vscode.git 1202
2024-02-12 22:46:40.315 [warning] [Decorations] CAPPING events from decorations provider vscode.git 1202
2024-02-12 22:46:45.479 [warning] [Decorations] CAPPING events from decorations provider vscode.git 1202
2024-02-12 22:46:50.646 [warning] [Decorations] CAPPING events from decorations provider vscode.git 1202
2024-02-12 22:46:55.799 [warning] [Decorations] CAPPING events from decorations provider vscode.git 1202
2024-02-12 22:47:01.010 [warning] [Decorations] CAPPING events from decorations provider vscode.git 1202
2024-02-12 22:47:06.221 [warning] [Decorations] CAPPING events from decorations provider vscode.git 1202
2024-02-12 22:47:11.387 [warning] [Decorations] CAPPING events from decorations provider vscode.git 1202
2024-02-12 22:47:16.542 [warning] [Decorations] CAPPING events from decorations provider vscode.git 1202
2024-02-12 22:47:22.815 [warning] [Decorations] CAPPING events from decorations provider vscode.git 1202
2024-02-12 22:47:27.962 [warning] [Decorations] CAPPING events from decorations provider vscode.git 1202
2024-02-12 22:47:35.930 [warning] [Decorations] CAPPING events from decorations provider vscode.git 6046
2024-02-12 22:47:41.232 [warning] [Decorations] CAPPING events from decorations provider vscode.git 6046
2024-02-12 22:47:46.532 [warning] [Decorations] CAPPING events from decorations provider vscode.git 6046
2024-02-12 22:47:51.764 [warning] [Decorations] CAPPING events from decorations provider vscode.git 10890
2024-02-12 22:47:57.097 [warning] [Decorations] CAPPING events from decorations provider vscode.git 6046
2024-02-12 22:48:02.410 [warning] [Decorations] CAPPING events from decorations provider vscode.git 6046
2024-02-12 22:48:07.654 [warning] [Decorations] CAPPING events from decorations provider vscode.git 6046
2024-02-12 22:48:12.882 [warning] [Decorations] CAPPING events from decorations provider vscode.git 6046
2024-02-12 22:48:18.134 [warning] [Decorations] CAPPING events from decorations provider vscode.git 6046
2024-02-12 22:48:23.365 [warning] [Decorations] CAPPING events from decorations provider vscode.git 6046
2024-02-12 22:48:28.614 [warning] [Decorations] CAPPING events from decorations provider vscode.git 6046
2024-02-12 22:48:33.839 [warning] [Decorations] CAPPING events from decorations provider vscode.git 6046
2024-02-12 22:48:39.057 [warning] [Decorations] CAPPING events from decorations provider vscode.git 6046
2024-02-12 22:48:45.164 [warning] [Decorations] CAPPING events from decorations provider vscode.git 6046
2024-02-12 22:48:50.429 [warning] [Decorations] CAPPING events from decorations provider vscode.git 6047
2024-02-12 22:49:06.302 [warning] [Decorations] CAPPING events from decorations provider vscode.git 6047
2024-02-12 22:49:11.572 [warning] [Decorations] CAPPING events from decorations provider vscode.git 6047
2024-02-12 22:49:16.809 [warning] [Decorations] CAPPING events from decorations provider vscode.git 6047
2024-02-12 22:49:22.048 [warning] [Decorations] CAPPING events from decorations provider vscode.git 6047
2024-02-12 22:49:27.290 [warning] [Decorations] CAPPING events from decorations provider vscode.git 6047
2024-02-12 22:49:32.532 [warning] [Decorations] CAPPING events from decorations provider vscode.git 6047
2024-02-12 22:49:37.761 [warning] [Decorations] CAPPING events from decorations provider vscode.git 6047
2024-02-12 22:49:42.989 [warning] [Decorations] CAPPING events from decorations provider vscode.git 6047
2024-02-12 22:49:45.951 [info] ExtensionService#_doActivateExtension vscode.typescript-language-features, startup: false, activationEvent: 'onLanguage:javascript'
2024-02-12 22:49:48.979 [warning] [Decorations] CAPPING events from decorations provider vscode.git 6048
2024-02-12 22:49:54.493 [warning] [Decorations] CAPPING events from decorations provider vscode.git 6060
2024-02-12 22:49:59.737 [warning] [Decorations] CAPPING events from decorations provider vscode.git 6060
2024-02-12 22:50:05.022 [warning] [Decorations] CAPPING events from decorations provider vscode.git 6060
2024-02-12 22:50:10.252 [warning] [Decorations] CAPPING events from decorations provider vscode.git 6060
2024-02-12 22:50:15.582 [warning] [Decorations] CAPPING events from decorations provider vscode.git 6060
2024-02-12 22:50:20.815 [warning] [Decorations] CAPPING events from decorations provider vscode.git 6060
2024-02-12 22:50:26.051 [warning] [Decorations] CAPPING events from decorations provider vscode.git 6060
2024-02-12 22:50:41.742 [warning] [Decorations] CAPPING events from decorations provider vscode.git 6060
2024-02-12 22:50:47.069 [warning] [Decorations] CAPPING events from decorations provider vscode.git 6060
2024-02-12 22:50:52.292 [warning] [Decorations] CAPPING events from decorations provider vscode.git 6060
2024-02-12 22:50:57.520 [warning] [Decorations] CAPPING events from decorations provider vscode.git 6060
2024-02-12 22:51:02.767 [warning] [Decorations] CAPPING events from decorations provider vscode.git 6060
2024-02-12 22:56:09.696 [info] Extension host terminating: renderer disconnected for too long (2)
2024-02-12 22:56:09.701 [info] Lock '/home/bitnami/.vscode-server/data/User/workspaceStorage/d866cbe83da49e127745e557969ca682/vscode.lock': Marking the lockfile as scheduled to be released in 6000 ms.
2024-02-12 22:56:09.916 [error] Canceled: Canceled
	at Object.D [as $6] (/home/bitnami/.vscode-server/cli/servers/Stable-31c37ee8f63491495ac49e43b8544550fbae4533/server/out/vs/workbench/api/node/extensionHostProcess.js:10:1032)
	at /home/bitnami/.vscode-server/cli/servers/Stable-31c37ee8f63491495ac49e43b8544550fbae4533/server/out/vs/workbench/api/node/extensionHostProcess.js:147:2350
	at Array.forEach (<anonymous>)
	at d.dispose (/home/bitnami/.vscode-server/cli/servers/Stable-31c37ee8f63491495ac49e43b8544550fbae4533/server/out/vs/workbench/api/node/extensionHostProcess.js:147:2288)
	at g.terminate (/home/bitnami/.vscode-server/cli/servers/Stable-31c37ee8f63491495ac49e43b8544550fbae4533/server/out/vs/workbench/api/node/extensionHostProcess.js:156:8044)
	at o.terminate (/home/bitnami/.vscode-server/cli/servers/Stable-31c37ee8f63491495ac49e43b8544550fbae4533/server/out/vs/workbench/api/node/extensionHostProcess.js:160:1513)
	at t (/home/bitnami/.vscode-server/cli/servers/Stable-31c37ee8f63491495ac49e43b8544550fbae4533/server/out/vs/workbench/api/node/extensionHostProcess.js:173:9950)
	at M.a (/home/bitnami/.vscode-server/cli/servers/Stable-31c37ee8f63491495ac49e43b8544550fbae4533/server/out/vs/workbench/api/node/extensionHostProcess.js:173:6743)
	at M.h (/home/bitnami/.vscode-server/cli/servers/Stable-31c37ee8f63491495ac49e43b8544550fbae4533/server/out/vs/workbench/api/node/extensionHostProcess.js:97:20387)
	at listOnTimeout (node:internal/timers:569:17)
	at process.processTimers (node:internal/timers:512:7) setContext undefined
2024-02-12 22:56:09.916 [error] Canceled: Canceled
	at Object.D [as $6] (/home/bitnami/.vscode-server/cli/servers/Stable-31c37ee8f63491495ac49e43b8544550fbae4533/server/out/vs/workbench/api/node/extensionHostProcess.js:10:1032)
	at /home/bitnami/.vscode-server/cli/servers/Stable-31c37ee8f63491495ac49e43b8544550fbae4533/server/out/vs/workbench/api/node/extensionHostProcess.js:147:2350
	at Array.forEach (<anonymous>)
	at d.dispose (/home/bitnami/.vscode-server/cli/servers/Stable-31c37ee8f63491495ac49e43b8544550fbae4533/server/out/vs/workbench/api/node/extensionHostProcess.js:147:2288)
	at g.terminate (/home/bitnami/.vscode-server/cli/servers/Stable-31c37ee8f63491495ac49e43b8544550fbae4533/server/out/vs/workbench/api/node/extensionHostProcess.js:156:8044)
	at o.terminate (/home/bitnami/.vscode-server/cli/servers/Stable-31c37ee8f63491495ac49e43b8544550fbae4533/server/out/vs/workbench/api/node/extensionHostProcess.js:160:1513)
	at t (/home/bitnami/.vscode-server/cli/servers/Stable-31c37ee8f63491495ac49e43b8544550fbae4533/server/out/vs/workbench/api/node/extensionHostProcess.js:173:9950)
	at M.a (/home/bitnami/.vscode-server/cli/servers/Stable-31c37ee8f63491495ac49e43b8544550fbae4533/server/out/vs/workbench/api/node/extensionHostProcess.js:173:6743)
	at M.h (/home/bitnami/.vscode-server/cli/servers/Stable-31c37ee8f63491495ac49e43b8544550fbae4533/server/out/vs/workbench/api/node/extensionHostProcess.js:97:20387)
	at listOnTimeout (node:internal/timers:569:17)
	at process.processTimers (node:internal/timers:512:7) setContext undefined
2024-02-12 22:56:09.916 [error] Canceled: Canceled
	at Object.D [as $6] (/home/bitnami/.vscode-server/cli/servers/Stable-31c37ee8f63491495ac49e43b8544550fbae4533/server/out/vs/workbench/api/node/extensionHostProcess.js:10:1032)
	at /home/bitnami/.vscode-server/cli/servers/Stable-31c37ee8f63491495ac49e43b8544550fbae4533/server/out/vs/workbench/api/node/extensionHostProcess.js:147:2350
	at Array.forEach (<anonymous>)
	at d.dispose (/home/bitnami/.vscode-server/cli/servers/Stable-31c37ee8f63491495ac49e43b8544550fbae4533/server/out/vs/workbench/api/node/extensionHostProcess.js:147:2288)
	at g.terminate (/home/bitnami/.vscode-server/cli/servers/Stable-31c37ee8f63491495ac49e43b8544550fbae4533/server/out/vs/workbench/api/node/extensionHostProcess.js:156:8044)
	at o.terminate (/home/bitnami/.vscode-server/cli/servers/Stable-31c37ee8f63491495ac49e43b8544550fbae4533/server/out/vs/workbench/api/node/extensionHostProcess.js:160:1513)
	at t (/home/bitnami/.vscode-server/cli/servers/Stable-31c37ee8f63491495ac49e43b8544550fbae4533/server/out/vs/workbench/api/node/extensionHostProcess.js:173:9950)
	at M.a (/home/bitnami/.vscode-server/cli/servers/Stable-31c37ee8f63491495ac49e43b8544550fbae4533/server/out/vs/workbench/api/node/extensionHostProcess.js:173:6743)
	at M.h (/home/bitnami/.vscode-server/cli/servers/Stable-31c37ee8f63491495ac49e43b8544550fbae4533/server/out/vs/workbench/api/node/extensionHostProcess.js:97:20387)
	at listOnTimeout (node:internal/timers:569:17)
	at process.processTimers (node:internal/timers:512:7) setContext undefined
2024-02-12 22:56:09.919 [error] Canceled: Canceled
	at new f (/home/bitnami/.vscode-server/cli/servers/Stable-31c37ee8f63491495ac49e43b8544550fbae4533/server/out/vs/workbench/api/node/extensionHostProcess.js:140:45069)
	at d.U (/home/bitnami/.vscode-server/cli/servers/Stable-31c37ee8f63491495ac49e43b8544550fbae4533/server/out/vs/workbench/api/node/extensionHostProcess.js:147:5557)
	at T.<computed>.O.charCodeAt.T.<computed> (/home/bitnami/.vscode-server/cli/servers/Stable-31c37ee8f63491495ac49e43b8544550fbae4533/server/out/vs/workbench/api/node/extensionHostProcess.js:147:3008)
	at s.g (/home/bitnami/.vscode-server/cli/servers/Stable-31c37ee8f63491495ac49e43b8544550fbae4533/server/out/vs/workbench/api/node/extensionHostProcess.js:150:174704)
	at s.executeCommand (/home/bitnami/.vscode-server/cli/servers/Stable-31c37ee8f63491495ac49e43b8544550fbae4533/server/out/vs/workbench/api/node/extensionHostProcess.js:150:174142)
	at m.registerCommand.description (/home/bitnami/.vscode-server/cli/servers/Stable-31c37ee8f63491495ac49e43b8544550fbae4533/server/out/vs/workbench/api/node/extensionHostProcess.js:150:173466)
	at s.h (/home/bitnami/.vscode-server/cli/servers/Stable-31c37ee8f63491495ac49e43b8544550fbae4533/server/out/vs/workbench/api/node/extensionHostProcess.js:150:175243)
	at s.g (/home/bitnami/.vscode-server/cli/servers/Stable-31c37ee8f63491495ac49e43b8544550fbae4533/server/out/vs/workbench/api/node/extensionHostProcess.js:150:174235)
	at s.executeCommand (/home/bitnami/.vscode-server/cli/servers/Stable-31c37ee8f63491495ac49e43b8544550fbae4533/server/out/vs/workbench/api/node/extensionHostProcess.js:150:174142)
	at Object.executeCommand (/home/bitnami/.vscode-server/cli/servers/Stable-31c37ee8f63491495ac49e43b8544550fbae4533/server/out/vs/workbench/api/node/extensionHostProcess.js:160:21634)
	at g.I [as value] (/home/bitnami/.vscode-server/cli/servers/Stable-31c37ee8f63491495ac49e43b8544550fbae4533/server/extensions/git/dist/main.js:2:927298)
	at r.y (/home/bitnami/.vscode-server/cli/servers/Stable-31c37ee8f63491495ac49e43b8544550fbae4533/server/out/vs/workbench/api/node/extensionHostProcess.js:80:1902)
	at r.z (/home/bitnami/.vscode-server/cli/servers/Stable-31c37ee8f63491495ac49e43b8544550fbae4533/server/out/vs/workbench/api/node/extensionHostProcess.js:80:1972)
	at r.fire (/home/bitnami/.vscode-server/cli/servers/Stable-31c37ee8f63491495ac49e43b8544550fbae4533/server/out/vs/workbench/api/node/extensionHostProcess.js:80:2188)
	at Object.m [as dispose] (/home/bitnami/.vscode-server/cli/servers/Stable-31c37ee8f63491495ac49e43b8544550fbae4533/server/extensions/git/dist/main.js:2:943089)
	at /home/bitnami/.vscode-server/cli/servers/Stable-31c37ee8f63491495ac49e43b8544550fbae4533/server/extensions/git/dist/main.js:2:947930
	at Array.forEach (<anonymous>)
	at p.dispose (/home/bitnami/.vscode-server/cli/servers/Stable-31c37ee8f63491495ac49e43b8544550fbae4533/server/extensions/git/dist/main.js:2:947916)
	at c.<anonymous> (/home/bitnami/.vscode-server/cli/servers/Stable-31c37ee8f63491495ac49e43b8544550fbae4533/server/out/vs/workbench/api/node/extensionHostProcess.js:148:3650)
	at c.dispose (/home/bitnami/.vscode-server/cli/servers/Stable-31c37ee8f63491495ac49e43b8544550fbae4533/server/out/vs/workbench/api/node/extensionHostProcess.js:148:3747)
	at c.<anonymous> (/home/bitnami/.vscode-server/cli/servers/Stable-31c37ee8f63491495ac49e43b8544550fbae4533/server/extensions/git/dist/main.js:2:929310)
	at c.dispose (/home/bitnami/.vscode-server/cli/servers/Stable-31c37ee8f63491495ac49e43b8544550fbae4533/server/out/vs/workbench/api/node/extensionHostProcess.js:148:3747)
	at o (/home/bitnami/.vscode-server/cli/servers/Stable-31c37ee8f63491495ac49e43b8544550fbae4533/server/out/vs/workbench/api/node/extensionHostProcess.js:30:754)
	at g.cb (/home/bitnami/.vscode-server/cli/servers/Stable-31c37ee8f63491495ac49e43b8544550fbae4533/server/out/vs/workbench/api/node/extensionHostProcess.js:156:9874)
	at /home/bitnami/.vscode-server/cli/servers/Stable-31c37ee8f63491495ac49e43b8544550fbae4533/server/out/vs/workbench/api/node/extensionHostProcess.js:156:7808
	at Array.map (<anonymous>)
	at g.Y (/home/bitnami/.vscode-server/cli/servers/Stable-31c37ee8f63491495ac49e43b8544550fbae4533/server/out/vs/workbench/api/node/extensionHostProcess.js:156:7795)
	at g.terminate (/home/bitnami/.vscode-server/cli/servers/Stable-31c37ee8f63491495ac49e43b8544550fbae4533/server/out/vs/workbench/api/node/extensionHostProcess.js:156:8068)
	at o.terminate (/home/bitnami/.vscode-server/cli/servers/Stable-31c37ee8f63491495ac49e43b8544550fbae4533/server/out/vs/workbench/api/node/extensionHostProcess.js:160:1513)
	at t (/home/bitnami/.vscode-server/cli/servers/Stable-31c37ee8f63491495ac49e43b8544550fbae4533/server/out/vs/workbench/api/node/extensionHostProcess.js:173:9950)
	at M.a (/home/bitnami/.vscode-server/cli/servers/Stable-31c37ee8f63491495ac49e43b8544550fbae4533/server/out/vs/workbench/api/node/extensionHostProcess.js:173:6743)
	at M.h (/home/bitnami/.vscode-server/cli/servers/Stable-31c37ee8f63491495ac49e43b8544550fbae4533/server/out/vs/workbench/api/node/extensionHostProcess.js:97:20387)
	at listOnTimeout (node:internal/timers:569:17)
	at process.processTimers (node:internal/timers:512:7) setContext undefined
2024-02-12 22:56:09.919 [error] Canceled: Canceled
	at new f (/home/bitnami/.vscode-server/cli/servers/Stable-31c37ee8f63491495ac49e43b8544550fbae4533/server/out/vs/workbench/api/node/extensionHostProcess.js:140:45069)
	at d.U (/home/bitnami/.vscode-server/cli/servers/Stable-31c37ee8f63491495ac49e43b8544550fbae4533/server/out/vs/workbench/api/node/extensionHostProcess.js:147:5557)
	at T.<computed>.O.charCodeAt.T.<computed> (/home/bitnami/.vscode-server/cli/servers/Stable-31c37ee8f63491495ac49e43b8544550fbae4533/server/out/vs/workbench/api/node/extensionHostProcess.js:147:3008)
	at s.g (/home/bitnami/.vscode-server/cli/servers/Stable-31c37ee8f63491495ac49e43b8544550fbae4533/server/out/vs/workbench/api/node/extensionHostProcess.js:150:174704)
	at s.executeCommand (/home/bitnami/.vscode-server/cli/servers/Stable-31c37ee8f63491495ac49e43b8544550fbae4533/server/out/vs/workbench/api/node/extensionHostProcess.js:150:174142)
	at m.registerCommand.description (/home/bitnami/.vscode-server/cli/servers/Stable-31c37ee8f63491495ac49e43b8544550fbae4533/server/out/vs/workbench/api/node/extensionHostProcess.js:150:173466)
	at s.h (/home/bitnami/.vscode-server/cli/servers/Stable-31c37ee8f63491495ac49e43b8544550fbae4533/server/out/vs/workbench/api/node/extensionHostProcess.js:150:175243)
	at s.g (/home/bitnami/.vscode-server/cli/servers/Stable-31c37ee8f63491495ac49e43b8544550fbae4533/server/out/vs/workbench/api/node/extensionHostProcess.js:150:174235)
	at s.executeCommand (/home/bitnami/.vscode-server/cli/servers/Stable-31c37ee8f63491495ac49e43b8544550fbae4533/server/out/vs/workbench/api/node/extensionHostProcess.js:150:174142)
	at Object.executeCommand (/home/bitnami/.vscode-server/cli/servers/Stable-31c37ee8f63491495ac49e43b8544550fbae4533/server/out/vs/workbench/api/node/extensionHostProcess.js:160:21634)
	at g.I [as value] (/home/bitnami/.vscode-server/cli/servers/Stable-31c37ee8f63491495ac49e43b8544550fbae4533/server/extensions/git/dist/main.js:2:927298)
	at r.y (/home/bitnami/.vscode-server/cli/servers/Stable-31c37ee8f63491495ac49e43b8544550fbae4533/server/out/vs/workbench/api/node/extensionHostProcess.js:80:1902)
	at r.z (/home/bitnami/.vscode-server/cli/servers/Stable-31c37ee8f63491495ac49e43b8544550fbae4533/server/out/vs/workbench/api/node/extensionHostProcess.js:80:1972)
	at r.fire (/home/bitnami/.vscode-server/cli/servers/Stable-31c37ee8f63491495ac49e43b8544550fbae4533/server/out/vs/workbench/api/node/extensionHostProcess.js:80:2188)
	at Object.m [as dispose] (/home/bitnami/.vscode-server/cli/servers/Stable-31c37ee8f63491495ac49e43b8544550fbae4533/server/extensions/git/dist/main.js:2:943089)
	at /home/bitnami/.vscode-server/cli/servers/Stable-31c37ee8f63491495ac49e43b8544550fbae4533/server/extensions/git/dist/main.js:2:947930
	at Array.forEach (<anonymous>)
	at p.dispose (/home/bitnami/.vscode-server/cli/servers/Stable-31c37ee8f63491495ac49e43b8544550fbae4533/server/extensions/git/dist/main.js:2:947916)
	at c.<anonymous> (/home/bitnami/.vscode-server/cli/servers/Stable-31c37ee8f63491495ac49e43b8544550fbae4533/server/out/vs/workbench/api/node/extensionHostProcess.js:148:3650)
	at c.dispose (/home/bitnami/.vscode-server/cli/servers/Stable-31c37ee8f63491495ac49e43b8544550fbae4533/server/out/vs/workbench/api/node/extensionHostProcess.js:148:3747)
	at c.<anonymous> (/home/bitnami/.vscode-server/cli/servers/Stable-31c37ee8f63491495ac49e43b8544550fbae4533/server/extensions/git/dist/main.js:2:929310)
	at c.dispose (/home/bitnami/.vscode-server/cli/servers/Stable-31c37ee8f63491495ac49e43b8544550fbae4533/server/out/vs/workbench/api/node/extensionHostProcess.js:148:3747)
	at o (/home/bitnami/.vscode-server/cli/servers/Stable-31c37ee8f63491495ac49e43b8544550fbae4533/server/out/vs/workbench/api/node/extensionHostProcess.js:30:754)
	at g.cb (/home/bitnami/.vscode-server/cli/servers/Stable-31c37ee8f63491495ac49e43b8544550fbae4533/server/out/vs/workbench/api/node/extensionHostProcess.js:156:9874)
	at /home/bitnami/.vscode-server/cli/servers/Stable-31c37ee8f63491495ac49e43b8544550fbae4533/server/out/vs/workbench/api/node/extensionHostProcess.js:156:7808
	at Array.map (<anonymous>)
	at g.Y (/home/bitnami/.vscode-server/cli/servers/Stable-31c37ee8f63491495ac49e43b8544550fbae4533/server/out/vs/workbench/api/node/extensionHostProcess.js:156:7795)
	at g.terminate (/home/bitnami/.vscode-server/cli/servers/Stable-31c37ee8f63491495ac49e43b8544550fbae4533/server/out/vs/workbench/api/node/extensionHostProcess.js:156:8068)
	at o.terminate (/home/bitnami/.vscode-server/cli/servers/Stable-31c37ee8f63491495ac49e43b8544550fbae4533/server/out/vs/workbench/api/node/extensionHostProcess.js:160:1513)
	at t (/home/bitnami/.vscode-server/cli/servers/Stable-31c37ee8f63491495ac49e43b8544550fbae4533/server/out/vs/workbench/api/node/extensionHostProcess.js:173:9950)
	at M.a (/home/bitnami/.vscode-server/cli/servers/Stable-31c37ee8f63491495ac49e43b8544550fbae4533/server/out/vs/workbench/api/node/extensionHostProcess.js:173:6743)
	at M.h (/home/bitnami/.vscode-server/cli/servers/Stable-31c37ee8f63491495ac49e43b8544550fbae4533/server/out/vs/workbench/api/node/extensionHostProcess.js:97:20387)
	at listOnTimeout (node:internal/timers:569:17)
	at process.processTimers (node:internal/timers:512:7) setContext undefined
2024-02-12 22:56:09.920 [error] Canceled: Canceled
	at new f (/home/bitnami/.vscode-server/cli/servers/Stable-31c37ee8f63491495ac49e43b8544550fbae4533/server/out/vs/workbench/api/node/extensionHostProcess.js:140:45069)
	at d.U (/home/bitnami/.vscode-server/cli/servers/Stable-31c37ee8f63491495ac49e43b8544550fbae4533/server/out/vs/workbench/api/node/extensionHostProcess.js:147:5557)
	at T.<computed>.O.charCodeAt.T.<computed> (/home/bitnami/.vscode-server/cli/servers/Stable-31c37ee8f63491495ac49e43b8544550fbae4533/server/out/vs/workbench/api/node/extensionHostProcess.js:147:3008)
	at s.g (/home/bitnami/.vscode-server/cli/servers/Stable-31c37ee8f63491495ac49e43b8544550fbae4533/server/out/vs/workbench/api/node/extensionHostProcess.js:150:174704)
	at s.executeCommand (/home/bitnami/.vscode-server/cli/servers/Stable-31c37ee8f63491495ac49e43b8544550fbae4533/server/out/vs/workbench/api/node/extensionHostProcess.js:150:174142)
	at m.registerCommand.description (/home/bitnami/.vscode-server/cli/servers/Stable-31c37ee8f63491495ac49e43b8544550fbae4533/server/out/vs/workbench/api/node/extensionHostProcess.js:150:173466)
	at s.h (/home/bitnami/.vscode-server/cli/servers/Stable-31c37ee8f63491495ac49e43b8544550fbae4533/server/out/vs/workbench/api/node/extensionHostProcess.js:150:175243)
	at s.g (/home/bitnami/.vscode-server/cli/servers/Stable-31c37ee8f63491495ac49e43b8544550fbae4533/server/out/vs/workbench/api/node/extensionHostProcess.js:150:174235)
	at s.executeCommand (/home/bitnami/.vscode-server/cli/servers/Stable-31c37ee8f63491495ac49e43b8544550fbae4533/server/out/vs/workbench/api/node/extensionHostProcess.js:150:174142)
	at Object.executeCommand (/home/bitnami/.vscode-server/cli/servers/Stable-31c37ee8f63491495ac49e43b8544550fbae4533/server/out/vs/workbench/api/node/extensionHostProcess.js:160:21634)
	at set b [as b] (/home/bitnami/.vscode-server/cli/servers/Stable-31c37ee8f63491495ac49e43b8544550fbae4533/server/extensions/github/dist/extension.js:2:322364)
	at /home/bitnami/.vscode-server/cli/servers/Stable-31c37ee8f63491495ac49e43b8544550fbae4533/server/extensions/github/dist/extension.js:2:323005
	at g.value (/home/bitnami/.vscode-server/cli/servers/Stable-31c37ee8f63491495ac49e43b8544550fbae4533/server/extensions/git/dist/main.js:2:1018251)
	at r.y (/home/bitnami/.vscode-server/cli/servers/Stable-31c37ee8f63491495ac49e43b8544550fbae4533/server/out/vs/workbench/api/node/extensionHostProcess.js:80:1902)
	at r.z (/home/bitnami/.vscode-server/cli/servers/Stable-31c37ee8f63491495ac49e43b8544550fbae4533/server/out/vs/workbench/api/node/extensionHostProcess.js:80:1972)
	at r.fire (/home/bitnami/.vscode-server/cli/servers/Stable-31c37ee8f63491495ac49e43b8544550fbae4533/server/out/vs/workbench/api/node/extensionHostProcess.js:80:2188)
	at Object.m [as dispose] (/home/bitnami/.vscode-server/cli/servers/Stable-31c37ee8f63491495ac49e43b8544550fbae4533/server/extensions/git/dist/main.js:2:943089)
	at /home/bitnami/.vscode-server/cli/servers/Stable-31c37ee8f63491495ac49e43b8544550fbae4533/server/extensions/git/dist/main.js:2:947930
	at Array.forEach (<anonymous>)
	at p.dispose (/home/bitnami/.vscode-server/cli/servers/Stable-31c37ee8f63491495ac49e43b8544550fbae4533/server/extensions/git/dist/main.js:2:947916)
	at c.<anonymous> (/home/bitnami/.vscode-server/cli/servers/Stable-31c37ee8f63491495ac49e43b8544550fbae4533/server/out/vs/workbench/api/node/extensionHostProcess.js:148:3650)
	at c.dispose (/home/bitnami/.vscode-server/cli/servers/Stable-31c37ee8f63491495ac49e43b8544550fbae4533/server/out/vs/workbench/api/node/extensionHostProcess.js:148:3747)
	at c.<anonymous> (/home/bitnami/.vscode-server/cli/servers/Stable-31c37ee8f63491495ac49e43b8544550fbae4533/server/extensions/git/dist/main.js:2:929310)
	at c.dispose (/home/bitnami/.vscode-server/cli/servers/Stable-31c37ee8f63491495ac49e43b8544550fbae4533/server/out/vs/workbench/api/node/extensionHostProcess.js:148:3747)
	at o (/home/bitnami/.vscode-server/cli/servers/Stable-31c37ee8f63491495ac49e43b8544550fbae4533/server/out/vs/workbench/api/node/extensionHostProcess.js:30:754)
	at g.cb (/home/bitnami/.vscode-server/cli/servers/Stable-31c37ee8f63491495ac49e43b8544550fbae4533/server/out/vs/workbench/api/node/extensionHostProcess.js:156:9874)
	at /home/bitnami/.vscode-server/cli/servers/Stable-31c37ee8f63491495ac49e43b8544550fbae4533/server/out/vs/workbench/api/node/extensionHostProcess.js:156:7808
	at Array.map (<anonymous>)
	at g.Y (/home/bitnami/.vscode-server/cli/servers/Stable-31c37ee8f63491495ac49e43b8544550fbae4533/server/out/vs/workbench/api/node/extensionHostProcess.js:156:7795)
	at g.terminate (/home/bitnami/.vscode-server/cli/servers/Stable-31c37ee8f63491495ac49e43b8544550fbae4533/server/out/vs/workbench/api/node/extensionHostProcess.js:156:8068)
	at o.terminate (/home/bitnami/.vscode-server/cli/servers/Stable-31c37ee8f63491495ac49e43b8544550fbae4533/server/out/vs/workbench/api/node/extensionHostProcess.js:160:1513)
	at t (/home/bitnami/.vscode-server/cli/servers/Stable-31c37ee8f63491495ac49e43b8544550fbae4533/server/out/vs/workbench/api/node/extensionHostProcess.js:173:9950)
	at M.a (/home/bitnami/.vscode-server/cli/servers/Stable-31c37ee8f63491495ac49e43b8544550fbae4533/server/out/vs/workbench/api/node/extensionHostProcess.js:173:6743)
	at M.h (/home/bitnami/.vscode-server/cli/servers/Stable-31c37ee8f63491495ac49e43b8544550fbae4533/server/out/vs/workbench/api/node/extensionHostProcess.js:97:20387)
	at listOnTimeout (node:internal/timers:569:17)
	at process.processTimers (node:internal/timers:512:7) setContext undefined
2024-02-12 22:56:09.920 [info] Extension host with pid 23300 exiting with code 0
