2024-02-21 20:00:51.905 [info] Log level: Info
2024-02-21 20:00:51.905 [info] Validating found git in: "git"
2024-02-21 20:00:51.905 [info] Using git "2.30.2" from "git"
2024-02-21 20:00:51.905 [info] > git rev-parse --show-toplevel [9ms]
2024-02-21 20:00:51.908 [info] > git rev-parse --git-dir --git-common-dir [6ms]
2024-02-21 20:00:51.924 [info] Open repository: /home/bitnami
2024-02-21 20:00:51.952 [info] > git rev-parse --show-toplevel [10ms]
2024-02-21 20:00:51.954 [info] > git config --get commit.template [18ms]
2024-02-21 20:00:52.015 [info] > git rev-parse --show-toplevel [14ms]
2024-02-21 20:00:52.045 [info] > git rev-parse --show-toplevel [21ms]
2024-02-21 20:00:52.045 [info] > git for-each-ref --format=%(refname)%00%(upstream:short)%00%(objectname)%00%(upstream:track)%00%(upstream:remotename)%00%(upstream:remoteref) refs/heads/main refs/remotes/main [33ms]
2024-02-21 20:00:52.067 [info] > git rev-parse --show-toplevel [13ms]
2024-02-21 20:00:52.090 [info] > git rev-parse --show-toplevel [10ms]
2024-02-21 20:00:52.165 [info] > git rev-parse --show-toplevel [15ms]
2024-02-21 20:00:52.200 [info] > git rev-parse --show-toplevel [9ms]
2024-02-21 20:00:52.210 [info] > git rev-parse --show-toplevel [2ms]
2024-02-21 20:00:52.241 [info] > git rev-parse --show-toplevel [13ms]
2024-02-21 20:00:52.259 [info] > git rev-parse --show-toplevel [2ms]
2024-02-21 20:00:52.289 [info] > git rev-parse --show-toplevel [2ms]
2024-02-21 20:00:52.306 [info] > git rev-parse --show-toplevel [10ms]
2024-02-21 20:00:52.314 [info] > git rev-parse --show-toplevel [1ms]
2024-02-21 20:00:52.330 [info] > git rev-parse --show-toplevel [8ms]
2024-02-21 20:00:52.342 [info] > git rev-parse --git-dir --git-common-dir [2ms]
2024-02-21 20:00:52.349 [info] Open repository: /home/bitnami/todo
2024-02-21 20:00:52.384 [info] > git config --get commit.template [12ms]
2024-02-21 20:00:52.402 [info] > git rev-parse --show-toplevel [19ms]
2024-02-21 20:00:52.455 [info] > git for-each-ref --format=%(refname)%00%(upstream:short)%00%(objectname)%00%(upstream:track)%00%(upstream:remotename)%00%(upstream:remoteref) refs/heads/master refs/remotes/master [55ms]
2024-02-21 20:00:52.496 [warning] ENOENT: no such file or directory, open '/home/bitnami/todo/.git/refs/remotes/origin/master'
2024-02-21 20:00:52.500 [info] > git show --textconv :blogger/nohup.out [75ms]
2024-02-21 20:00:52.503 [info] > git rev-parse refs/remotes/origin/master [6ms]
2024-02-21 20:00:52.515 [info] > git ls-files --stage -- /home/bitnami/blogger/nohup.out [62ms]
2024-02-21 20:00:52.525 [info] > git status -z -uall [13ms]
2024-02-21 20:00:52.550 [info] > git cat-file -s d4c643faa84897845b7ed192c751663f03b4b1d2 [26ms]
2024-02-21 20:00:52.564 [info] > git config --get commit.template [14ms]
2024-02-21 20:00:52.568 [info] > git for-each-ref --format=%(refname)%00%(upstream:short)%00%(objectname)%00%(upstream:track)%00%(upstream:remotename)%00%(upstream:remoteref) refs/heads/master refs/remotes/master [7ms]
2024-02-21 20:00:52.577 [warning] ENOENT: no such file or directory, open '/home/bitnami/todo/.git/refs/remotes/origin/master'
2024-02-21 20:00:52.580 [info] > git rev-parse refs/remotes/origin/master [3ms]
2024-02-21 20:00:52.597 [info] > git status -z -uall [10ms]
2024-02-21 20:00:52.975 [info] > git status -z -uall [910ms]
2024-02-21 20:00:53.127 [info] > git config --get commit.template [54ms]
2024-02-21 20:00:53.846 [info] > git check-ignore -v -z --stdin [35ms]
2024-02-21 20:00:53.855 [info] > git check-ignore -v -z --stdin [25ms]
2024-02-21 20:00:53.857 [info] > git for-each-ref --format=%(refname)%00%(upstream:short)%00%(objectname)%00%(upstream:track)%00%(upstream:remotename)%00%(upstream:remoteref) refs/heads/main refs/remotes/main [12ms]
2024-02-21 20:00:54.129 [info] > git status -z -uall [257ms]
2024-02-21 20:00:55.149 [info] > git check-ignore -v -z --stdin [13ms]
2024-02-21 20:00:56.946 [info] > git config --get commit.template [7ms]
2024-02-21 20:00:56.947 [info] > git for-each-ref --format=%(refname)%00%(upstream:short)%00%(objectname)%00%(upstream:track)%00%(upstream:remotename)%00%(upstream:remoteref) refs/heads/main refs/remotes/main [2ms]
2024-02-21 20:00:57.125 [info] > git status -z -uall [169ms]
2024-02-21 20:00:58.321 [info] > git show --textconv :blogger/app_server/controllers/blog.js [51ms]
2024-02-21 20:00:58.333 [info] > git ls-files --stage -- /home/bitnami/blogger/app_server/controllers/blog.js [38ms]
2024-02-21 20:00:58.376 [info] > git cat-file -s 62e1f19cccf213ae600cf725ec42e0ce20a9f1d9 [10ms]
2024-02-21 20:00:59.469 [info] > git show --textconv :blogger/app_server/controllers/homepage.js [53ms]
2024-02-21 20:00:59.475 [info] > git ls-files --stage -- /home/bitnami/blogger/app_server/controllers/homepage.js [30ms]
2024-02-21 20:00:59.506 [info] > git cat-file -s 7b6d82b9036f99dd46dc7d57883c2a8eff8bbb79 [13ms]
2024-02-21 20:01:00.488 [info] > git show --textconv :blogger/app_server/controllers/blog.js [74ms]
2024-02-21 20:01:00.515 [info] > git ls-files --stage -- /home/bitnami/blogger/app_server/controllers/blog.js [64ms]
2024-02-21 20:01:00.578 [info] > git cat-file -s 62e1f19cccf213ae600cf725ec42e0ce20a9f1d9 [12ms]
2024-02-21 20:01:02.203 [info] > git config --get commit.template [21ms]
2024-02-21 20:01:02.210 [info] > git for-each-ref --format=%(refname)%00%(upstream:short)%00%(objectname)%00%(upstream:track)%00%(upstream:remotename)%00%(upstream:remoteref) refs/heads/main refs/remotes/main [9ms]
2024-02-21 20:01:03.721 [info] > git status -z -uall [1484ms]
2024-02-21 20:01:05.232 [info] > git show --textconv :blogger/app_server/models/blogs.js [61ms]
2024-02-21 20:01:05.233 [info] > git ls-files --stage -- /home/bitnami/blogger/app_server/models/blogs.js [46ms]
2024-02-21 20:01:05.268 [info] > git cat-file -s d2b6ea4c1cf07fd1903b8094804f5172715f8410 [17ms]
2024-02-21 20:01:08.841 [info] > git config --get commit.template [24ms]
2024-02-21 20:01:08.862 [info] > git for-each-ref --format=%(refname)%00%(upstream:short)%00%(objectname)%00%(upstream:track)%00%(upstream:remotename)%00%(upstream:remoteref) refs/heads/main refs/remotes/main [23ms]
2024-02-21 20:01:10.244 [info] > git status -z -uall [1347ms]
2024-02-21 20:01:15.377 [info] > git config --get commit.template [8ms]
2024-02-21 20:01:15.377 [info] > git for-each-ref --format=%(refname)%00%(upstream:short)%00%(objectname)%00%(upstream:track)%00%(upstream:remotename)%00%(upstream:remoteref) refs/heads/main refs/remotes/main [2ms]
2024-02-21 20:01:15.650 [info] > git status -z -uall [261ms]
2024-02-21 20:01:16.798 [info] > git show --textconv :blogger/app_server/views/partials/nav.pug [19ms]
2024-02-21 20:01:16.799 [info] > git ls-files --stage -- /home/bitnami/blogger/app_server/views/partials/nav.pug [10ms]
2024-02-21 20:01:16.808 [info] > git cat-file -s 53837d098bcb4b788748df939d7e897f03e85778 [2ms]
2024-02-21 20:01:20.700 [info] > git config --get commit.template [9ms]
2024-02-21 20:01:20.700 [info] > git for-each-ref --format=%(refname)%00%(upstream:short)%00%(objectname)%00%(upstream:track)%00%(upstream:remotename)%00%(upstream:remoteref) refs/heads/main refs/remotes/main [2ms]
2024-02-21 20:01:20.902 [info] > git status -z -uall [191ms]
2024-02-21 20:01:25.946 [info] > git config --get commit.template [11ms]
2024-02-21 20:01:25.948 [info] > git for-each-ref --format=%(refname)%00%(upstream:short)%00%(objectname)%00%(upstream:track)%00%(upstream:remotename)%00%(upstream:remoteref) refs/heads/main refs/remotes/main [3ms]
2024-02-21 20:01:26.370 [info] > git status -z -uall [412ms]
2024-02-21 20:01:35.355 [info] > git config --get commit.template [10ms]
2024-02-21 20:01:35.356 [info] > git for-each-ref --format=%(refname)%00%(upstream:short)%00%(objectname)%00%(upstream:track)%00%(upstream:remotename)%00%(upstream:remoteref) refs/heads/main refs/remotes/main [2ms]
2024-02-21 20:01:35.545 [info] > git status -z -uall [182ms]
2024-02-21 20:01:36.350 [info] > git show --textconv :blogger/app_server/routes/index.js [14ms]
2024-02-21 20:01:36.359 [info] > git ls-files --stage -- /home/bitnami/blogger/app_server/routes/index.js [11ms]
2024-02-21 20:01:36.367 [info] > git cat-file -s a52e27c84ac4b013f82476dbaa34d7f3a8540800 [1ms]
2024-02-21 20:03:20.597 [info] > git config --get commit.template [9ms]
2024-02-21 20:03:20.598 [info] > git for-each-ref --format=%(refname)%00%(upstream:short)%00%(objectname)%00%(upstream:track)%00%(upstream:remotename)%00%(upstream:remoteref) refs/heads/main refs/remotes/main [4ms]
2024-02-21 20:03:20.787 [info] > git status -z -uall [178ms]
2024-02-21 20:03:21.259 [info] > git ls-files --stage -- /home/bitnami/blogger/app_server/views/addBlog.pug [14ms]
2024-02-21 20:03:21.270 [info] > git show --textconv :blogger/app_server/views/addBlog.pug [45ms]
2024-02-21 20:03:21.275 [info] > git cat-file -s 7548405213a1be684725d66771fc51c3652d83fe [6ms]
2024-02-21 20:04:05.148 [info] > git config --get commit.template [7ms]
2024-02-21 20:04:05.148 [info] > git for-each-ref --format=%(refname)%00%(upstream:short)%00%(objectname)%00%(upstream:track)%00%(upstream:remotename)%00%(upstream:remoteref) refs/heads/main refs/remotes/main [1ms]
2024-02-21 20:04:05.359 [info] > git status -z -uall [205ms]
