2024-02-27 00:10:31.348 [info] Log level: Info
2024-02-27 00:10:31.348 [info] Validating found git in: "git"
2024-02-27 00:10:31.348 [info] Using git "2.30.2" from "git"
2024-02-27 00:10:31.348 [info] > git rev-parse --show-toplevel [430ms]
2024-02-27 00:10:31.348 [info] > git rev-parse --git-dir --git-common-dir [150ms]
2024-02-27 00:10:31.348 [info] Open repository: /home/bitnami
2024-02-27 00:10:31.360 [info] > git rev-parse --show-toplevel [54ms]
2024-02-27 00:10:31.367 [info] > git config --get commit.template [89ms]
2024-02-27 00:10:31.658 [info] > git for-each-ref --format=%(refname)%00%(upstream:short)%00%(objectname)%00%(upstream:track)%00%(upstream:remotename)%00%(upstream:remoteref) refs/heads/main refs/remotes/main [183ms]
2024-02-27 00:10:31.660 [info] > git rev-parse --show-toplevel [227ms]
2024-02-27 00:10:31.744 [info] > git rev-parse --show-toplevel [33ms]
2024-02-27 00:10:31.793 [info] > git rev-parse --show-toplevel [13ms]
2024-02-27 00:10:31.950 [info] > git rev-parse --show-toplevel [91ms]
2024-02-27 00:10:32.044 [info] > git rev-parse --show-toplevel [10ms]
2024-02-27 00:10:32.063 [info] > git rev-parse --show-toplevel [4ms]
2024-02-27 00:10:32.075 [info] > git rev-parse --show-toplevel [3ms]
2024-02-27 00:10:32.300 [info] > git check-ignore -v -z --stdin [353ms]
2024-02-27 00:10:32.317 [info] > git rev-parse --show-toplevel [19ms]
2024-02-27 00:10:32.342 [info] > git rev-parse --show-toplevel [3ms]
2024-02-27 00:10:32.408 [info] > git rev-parse --show-toplevel [39ms]
2024-02-27 00:10:32.464 [info] > git rev-parse --show-toplevel [18ms]
2024-02-27 00:10:32.510 [info] > git rev-parse --show-toplevel [22ms]
2024-02-27 00:10:32.574 [info] > git rev-parse --show-toplevel [45ms]
2024-02-27 00:10:32.613 [info] > git rev-parse --git-dir --git-common-dir [5ms]
2024-02-27 00:10:32.620 [info] Open repository: /home/bitnami/todo
2024-02-27 00:10:32.723 [info] > git config --get commit.template [65ms]
2024-02-27 00:10:32.729 [info] > git rev-parse --show-toplevel [52ms]
2024-02-27 00:10:32.930 [info] > git ls-files --stage -- /home/bitnami/blogger/app_server/controllers/blog.js [82ms]
2024-02-27 00:10:32.962 [info] > git show --textconv :blogger/app_server/controllers/blog.js [153ms]
2024-02-27 00:10:32.964 [info] > git for-each-ref --format %(refname) %(objectname) %(*objectname) refs/tags [65ms]
2024-02-27 00:10:33.030 [info] > git cat-file -s c4c7d69529632ed2c03282da569a3bf797565218 [69ms]
2024-02-27 00:10:33.129 [info] > git status -z -uall [100ms]
2024-02-27 00:10:33.190 [info] > git config --get commit.template [17ms]
2024-02-27 00:10:33.199 [info] > git for-each-ref --format %(refname) %(objectname) %(*objectname) refs/tags [15ms]
2024-02-27 00:10:33.531 [info] > git status -z -uall [302ms]
2024-02-27 00:10:33.532 [info] > git check-ignore -v -z --stdin [286ms]
2024-02-27 00:10:35.569 [info] > git status -z -uall [3829ms]
2024-02-27 00:10:35.644 [info] > git config --get commit.template [35ms]
2024-02-27 00:10:35.745 [info] > git for-each-ref --format=%(refname)%00%(upstream:short)%00%(objectname)%00%(upstream:track)%00%(upstream:remotename)%00%(upstream:remoteref) refs/heads/main refs/remotes/main [69ms]
2024-02-27 00:10:35.746 [info] > git merge-base refs/heads/main refs/remotes/main/main [107ms]
2024-02-27 00:10:35.798 [info] > git rev-list --count --left-right refs/heads/main...refs/remotes/main/main [22ms]
2024-02-27 00:10:36.437 [info] > git check-ignore -v -z --stdin [59ms]
2024-02-27 00:10:36.443 [info] > git status -z -uall [647ms]
2024-02-27 00:10:54.559 [info] > git log --format=%H%n%aN%n%aE%n%at%n%ct%n%P%n%D%n%B -z --shortstat --author-date-order a6e3325786f19dfb911620681ce2ae9f1d549ec3..f29ebaebcb16efb58b484d45b8946bf5c5021f39 [524ms]
2024-02-27 00:10:57.600 [info] > git push main main:main [1469ms]
2024-02-27 00:10:57.600 [info] To https://github.com/kuhaku4/csci421-lab4.git
   a6e33257..f29ebaeb  main -> main
2024-02-27 00:10:57.615 [info] > git config --get commit.template [7ms]
2024-02-27 00:10:57.617 [info] > git for-each-ref --format=%(refname)%00%(upstream:short)%00%(objectname)%00%(upstream:track)%00%(upstream:remotename)%00%(upstream:remoteref) refs/heads/main refs/remotes/main [3ms]
2024-02-27 00:10:58.970 [info] > git ls-files --stage -- /home/bitnami/blogger/app_server/controllers/blog.js [26ms]
2024-02-27 00:10:58.981 [info] > git cat-file -s c4c7d69529632ed2c03282da569a3bf797565218 [2ms]
2024-02-27 00:10:59.048 [info] > git show --textconv :blogger/app_server/controllers/blog.js [11ms]
2024-02-27 00:10:59.773 [info] > git status -z -uall [2150ms]
2024-02-27 00:10:59.797 [info] > git config --get commit.template [6ms]
2024-02-27 00:10:59.799 [info] > git for-each-ref --format=%(refname)%00%(upstream:short)%00%(objectname)%00%(upstream:track)%00%(upstream:remotename)%00%(upstream:remoteref) refs/heads/main refs/remotes/main [2ms]
2024-02-27 00:10:59.820 [info] > git merge-base refs/heads/main refs/remotes/main/main [7ms]
2024-02-27 00:10:59.934 [info] > git rev-list --count --left-right refs/heads/main...refs/remotes/main/main [38ms]
2024-02-27 00:11:00.118 [info] > git status -z -uall [314ms]
2024-02-27 00:11:00.518 [info] > git check-ignore -v -z --stdin [17ms]
2024-02-27 00:11:11.949 [info] > git config --get commit.template [6ms]
2024-02-27 00:11:11.950 [info] > git for-each-ref --format=%(refname)%00%(upstream:short)%00%(objectname)%00%(upstream:track)%00%(upstream:remotename)%00%(upstream:remoteref) refs/heads/main refs/remotes/main [3ms]
2024-02-27 00:11:12.164 [info] > git status -z -uall [207ms]
