2024-02-05 23:00:45.020 [info] Log level: Info
2024-02-05 23:00:45.020 [info] Validating found git in: "git"
2024-02-05 23:00:45.020 [info] Using git "2.30.2" from "git"
2024-02-05 23:00:45.020 [info] > git rev-parse --show-toplevel [7ms]
2024-02-05 23:00:45.020 [info] > git rev-parse --git-dir --git-common-dir [2ms]
2024-02-05 23:00:45.020 [info] Open repository: /home/bitnami
2024-02-05 23:00:45.020 [info] > git config --get commit.template [10ms]
2024-02-05 23:00:45.020 [info] > git rev-parse --show-toplevel [36ms]
2024-02-05 23:00:45.020 [info] > git for-each-ref --format=%(refname)%00%(upstream:short)%00%(objectname)%00%(upstream:track)%00%(upstream:remotename)%00%(upstream:remoteref) refs/heads/main refs/remotes/main [10ms]
2024-02-05 23:00:45.020 [info] > git rev-parse --show-toplevel [3ms]
2024-02-05 23:00:45.020 [info] > git rev-parse --show-toplevel [7ms]
2024-02-05 23:00:45.020 [info] > git rev-parse --show-toplevel [2ms]
2024-02-05 23:00:45.020 [info] > git rev-parse --show-toplevel [14ms]
2024-02-05 23:00:45.020 [info] > git rev-parse --show-toplevel [7ms]
2024-02-05 23:00:45.020 [info] > git rev-parse --show-toplevel [23ms]
2024-02-05 23:00:45.020 [info] > git rev-parse --show-toplevel [1ms]
2024-02-05 23:00:45.020 [info] > git rev-parse --show-toplevel [2ms]
2024-02-05 23:00:45.020 [info] > git status -z -uall [166ms]
2024-02-05 23:00:45.020 [info] > git rev-parse --show-toplevel [24ms]
2024-02-05 23:00:45.020 [info] > git rev-parse --show-toplevel [8ms]
2024-02-05 23:00:45.020 [info] > git config --get commit.template [16ms]
2024-02-05 23:00:45.020 [info] > git for-each-ref --format=%(refname)%00%(upstream:short)%00%(objectname)%00%(upstream:track)%00%(upstream:remotename)%00%(upstream:remoteref) refs/heads/main refs/remotes/main [13ms]
2024-02-05 23:00:45.020 [info] > git rev-parse --show-toplevel [9ms]
2024-02-05 23:00:45.026 [info] > git rev-parse --git-dir --git-common-dir [7ms]
2024-02-05 23:00:45.033 [info] Open repository: /home/bitnami/todo
2024-02-05 23:00:45.141 [info] > git status -z -uall [116ms]
2024-02-05 23:00:45.141 [info] > git rev-parse --show-toplevel [63ms]
2024-02-05 23:00:45.145 [info] > git config --get commit.template [80ms]
2024-02-05 23:00:45.161 [info] > git for-each-ref --format=%(refname)%00%(upstream:short)%00%(objectname)%00%(upstream:track)%00%(upstream:remotename)%00%(upstream:remoteref) refs/heads/master refs/remotes/master [6ms]
2024-02-05 23:00:45.167 [warning] ENOENT: no such file or directory, open '/home/bitnami/todo/.git/refs/remotes/origin/master'
2024-02-05 23:00:45.169 [info] > git rev-parse refs/remotes/origin/master [3ms]
2024-02-05 23:00:45.178 [info] > git status -z -uall [3ms]
2024-02-05 23:00:45.202 [info] > git config --get commit.template [7ms]
2024-02-05 23:00:45.203 [info] > git for-each-ref --format=%(refname)%00%(upstream:short)%00%(objectname)%00%(upstream:track)%00%(upstream:remotename)%00%(upstream:remoteref) refs/heads/master refs/remotes/master [2ms]
2024-02-05 23:00:45.208 [warning] ENOENT: no such file or directory, open '/home/bitnami/todo/.git/refs/remotes/origin/master'
2024-02-05 23:00:45.210 [info] > git rev-parse refs/remotes/origin/master [2ms]
2024-02-05 23:00:45.216 [info] > git status -z -uall [1ms]
2024-02-05 23:00:45.941 [info] > git check-ignore -v -z --stdin [3ms]
2024-02-05 23:00:45.944 [info] > git check-ignore -v -z --stdin [13ms]
2024-02-05 23:00:46.538 [info] > git check-ignore -v -z --stdin [8ms]
2024-02-05 23:00:47.058 [info] > git config --get commit.template [9ms]
2024-02-05 23:00:47.059 [info] > git for-each-ref --format=%(refname)%00%(upstream:short)%00%(objectname)%00%(upstream:track)%00%(upstream:remotename)%00%(upstream:remoteref) refs/heads/main refs/remotes/main [2ms]
2024-02-05 23:00:47.136 [info] > git status -z -uall [72ms]
2024-02-05 23:00:47.825 [info] > git show --textconv :.gitignore [13ms]
2024-02-05 23:00:47.837 [info] > git ls-files --stage -- /home/bitnami/.gitignore [14ms]
2024-02-05 23:00:47.848 [info] > git cat-file -s 5ebf4a5dd36aa7aed1fe9dfd10b17637c4dcdefc [4ms]
2024-02-05 23:00:48.083 [info] > git check-ignore -v -z --stdin [44ms]
2024-02-05 23:00:48.083 [info] > git check-ignore -v -z --stdin [37ms]
2024-02-05 23:00:52.154 [info] > git config --get commit.template [7ms]
2024-02-05 23:00:52.154 [info] > git for-each-ref --format=%(refname)%00%(upstream:short)%00%(objectname)%00%(upstream:track)%00%(upstream:remotename)%00%(upstream:remoteref) refs/heads/main refs/remotes/main [2ms]
2024-02-05 23:00:52.228 [info] > git status -z -uall [68ms]
2024-02-05 23:00:56.299 [info] > git check-ignore -v -z --stdin [4ms]
2024-02-05 23:00:57.246 [info] > git config --get commit.template [7ms]
2024-02-05 23:00:57.246 [info] > git for-each-ref --format=%(refname)%00%(upstream:short)%00%(objectname)%00%(upstream:track)%00%(upstream:remotename)%00%(upstream:remoteref) refs/heads/main refs/remotes/main [2ms]
2024-02-05 23:00:57.326 [info] > git status -z -uall [72ms]
2024-02-05 23:00:57.541 [info] > git check-ignore -v -z --stdin [7ms]
2024-02-05 23:00:57.814 [info] > git merge-base refs/heads/main refs/remotes/origin/main [8ms]
2024-02-05 23:00:57.821 [info] > git merge-base refs/heads/master refs/remotes/origin/master [9ms]
2024-02-05 23:00:57.831 [info] > git rev-list --count --left-right refs/heads/main...refs/remotes/origin/main [11ms]
2024-02-05 23:00:57.833 [info] > git rev-list --count --left-right refs/heads/master...refs/remotes/origin/master [3ms]
2024-02-05 23:00:59.436 [info] > git check-ignore -v -z --stdin [14ms]
2024-02-05 23:01:01.094 [info] > git check-ignore -v -z --stdin [1ms]
2024-02-05 23:01:01.095 [info] > git check-ignore -v -z --stdin [16ms]
2024-02-05 23:01:02.344 [info] > git config --get commit.template [7ms]
2024-02-05 23:01:02.345 [info] > git for-each-ref --format=%(refname)%00%(upstream:short)%00%(objectname)%00%(upstream:track)%00%(upstream:remotename)%00%(upstream:remoteref) refs/heads/main refs/remotes/main [2ms]
2024-02-05 23:01:02.438 [info] > git status -z -uall [85ms]
2024-02-05 23:01:07.456 [info] > git config --get commit.template [7ms]
2024-02-05 23:01:07.456 [info] > git for-each-ref --format=%(refname)%00%(upstream:short)%00%(objectname)%00%(upstream:track)%00%(upstream:remotename)%00%(upstream:remoteref) refs/heads/main refs/remotes/main [2ms]
2024-02-05 23:01:07.535 [info] > git status -z -uall [73ms]
2024-02-05 23:01:12.552 [info] > git config --get commit.template [7ms]
2024-02-05 23:01:12.552 [info] > git for-each-ref --format=%(refname)%00%(upstream:short)%00%(objectname)%00%(upstream:track)%00%(upstream:remotename)%00%(upstream:remoteref) refs/heads/main refs/remotes/main [2ms]
2024-02-05 23:01:12.634 [info] > git status -z -uall [73ms]
2024-02-05 23:01:17.651 [info] > git config --get commit.template [7ms]
2024-02-05 23:01:17.651 [info] > git for-each-ref --format=%(refname)%00%(upstream:short)%00%(objectname)%00%(upstream:track)%00%(upstream:remotename)%00%(upstream:remoteref) refs/heads/main refs/remotes/main [1ms]
2024-02-05 23:01:17.733 [info] > git status -z -uall [77ms]
2024-02-05 23:01:22.752 [info] > git config --get commit.template [6ms]
2024-02-05 23:01:22.753 [info] > git for-each-ref --format=%(refname)%00%(upstream:short)%00%(objectname)%00%(upstream:track)%00%(upstream:remotename)%00%(upstream:remoteref) refs/heads/main refs/remotes/main [2ms]
2024-02-05 23:01:22.825 [info] > git status -z -uall [67ms]
2024-02-05 23:01:27.841 [info] > git config --get commit.template [6ms]
2024-02-05 23:01:27.842 [info] > git for-each-ref --format=%(refname)%00%(upstream:short)%00%(objectname)%00%(upstream:track)%00%(upstream:remotename)%00%(upstream:remoteref) refs/heads/main refs/remotes/main [1ms]
2024-02-05 23:01:27.912 [info] > git status -z -uall [65ms]
2024-02-05 23:01:32.930 [info] > git config --get commit.template [8ms]
2024-02-05 23:01:32.930 [info] > git for-each-ref --format=%(refname)%00%(upstream:short)%00%(objectname)%00%(upstream:track)%00%(upstream:remotename)%00%(upstream:remoteref) refs/heads/main refs/remotes/main [1ms]
2024-02-05 23:01:33.014 [info] > git status -z -uall [77ms]
2024-02-05 23:01:38.035 [info] > git config --get commit.template [9ms]
2024-02-05 23:01:38.035 [info] > git for-each-ref --format=%(refname)%00%(upstream:short)%00%(objectname)%00%(upstream:track)%00%(upstream:remotename)%00%(upstream:remoteref) refs/heads/main refs/remotes/main [1ms]
2024-02-05 23:01:38.113 [info] > git status -z -uall [72ms]
2024-02-05 23:01:43.141 [info] > git config --get commit.template [8ms]
2024-02-05 23:01:43.142 [info] > git for-each-ref --format=%(refname)%00%(upstream:short)%00%(objectname)%00%(upstream:track)%00%(upstream:remotename)%00%(upstream:remoteref) refs/heads/main refs/remotes/main [2ms]
2024-02-05 23:01:43.216 [info] > git status -z -uall [68ms]
2024-02-05 23:03:50.435 [info] > git config --get commit.template [7ms]
2024-02-05 23:03:50.435 [info] > git config --get commit.template [1ms]
2024-02-05 23:03:50.447 [info] > git for-each-ref --format=%(refname)%00%(upstream:short)%00%(objectname)%00%(upstream:track)%00%(upstream:remotename)%00%(upstream:remoteref) refs/heads/main refs/remotes/main [7ms]
2024-02-05 23:03:50.448 [info] > git for-each-ref --format=%(refname)%00%(upstream:short)%00%(objectname)%00%(upstream:track)%00%(upstream:remotename)%00%(upstream:remoteref) refs/heads/master refs/remotes/master [2ms]
2024-02-05 23:03:50.454 [warning] ENOENT: no such file or directory, open '/home/bitnami/todo/.git/refs/remotes/origin/master'
2024-02-05 23:03:50.461 [info] > git rev-parse refs/remotes/origin/master [8ms]
2024-02-05 23:03:50.494 [info] > git status -z -uall [11ms]
2024-02-05 23:03:50.545 [info] > git status -z -uall [85ms]
2024-02-05 23:03:53.358 [info] > git check-ignore -v -z --stdin [2ms]
2024-02-05 23:03:55.090 [info] > git check-ignore -v -z --stdin [1ms]
2024-02-05 23:03:55.508 [info] > git config --get commit.template [2ms]
2024-02-05 23:03:55.516 [info] > git for-each-ref --format=%(refname)%00%(upstream:short)%00%(objectname)%00%(upstream:track)%00%(upstream:remotename)%00%(upstream:remoteref) refs/heads/master refs/remotes/master [3ms]
2024-02-05 23:03:55.521 [warning] ENOENT: no such file or directory, open '/home/bitnami/todo/.git/refs/remotes/origin/master'
2024-02-05 23:03:55.523 [info] > git rev-parse refs/remotes/origin/master [2ms]
2024-02-05 23:03:55.529 [info] > git status -z -uall [2ms]
2024-02-05 23:03:55.562 [info] > git config --get commit.template [8ms]
2024-02-05 23:03:55.563 [info] > git for-each-ref --format=%(refname)%00%(upstream:short)%00%(objectname)%00%(upstream:track)%00%(upstream:remotename)%00%(upstream:remoteref) refs/heads/main refs/remotes/main [3ms]
2024-02-05 23:03:55.636 [info] > git status -z -uall [63ms]
2024-02-05 23:04:00.653 [info] > git config --get commit.template [8ms]
2024-02-05 23:04:00.653 [info] > git for-each-ref --format=%(refname)%00%(upstream:short)%00%(objectname)%00%(upstream:track)%00%(upstream:remotename)%00%(upstream:remoteref) refs/heads/main refs/remotes/main [1ms]
2024-02-05 23:04:00.735 [info] > git status -z -uall [77ms]
2024-02-05 23:04:04.153 [info] > git show --textconv :views/editTask.ejs [11ms]
2024-02-05 23:04:04.159 [info] > git ls-files --stage -- /home/bitnami/todo/views/editTask.ejs [7ms]
2024-02-05 23:04:04.175 [info] > git cat-file -s a3abe207b0bdd3dc269bfcbc2902a6b05e115444 [10ms]
2024-02-05 23:04:05.755 [info] > git config --get commit.template [8ms]
2024-02-05 23:04:05.756 [info] > git for-each-ref --format=%(refname)%00%(upstream:short)%00%(objectname)%00%(upstream:track)%00%(upstream:remotename)%00%(upstream:remoteref) refs/heads/main refs/remotes/main [2ms]
2024-02-05 23:04:05.856 [info] > git status -z -uall [94ms]
2024-02-05 23:04:10.875 [info] > git config --get commit.template [7ms]
2024-02-05 23:04:10.876 [info] > git for-each-ref --format=%(refname)%00%(upstream:short)%00%(objectname)%00%(upstream:track)%00%(upstream:remotename)%00%(upstream:remoteref) refs/heads/main refs/remotes/main [2ms]
2024-02-05 23:04:10.948 [info] > git status -z -uall [67ms]
2024-02-05 23:04:14.918 [info] > git check-ignore -v -z --stdin [1ms]
2024-02-05 23:04:16.357 [info] > git show --textconv :routes/todoRoutes.js [36ms]
2024-02-05 23:04:16.360 [info] > git config --get commit.template [91ms]
2024-02-05 23:04:16.394 [info] > git ls-files --stage -- /home/bitnami/todo/routes/todoRoutes.js [45ms]
2024-02-05 23:04:16.430 [info] > git for-each-ref --format=%(refname)%00%(upstream:short)%00%(objectname)%00%(upstream:track)%00%(upstream:remotename)%00%(upstream:remoteref) refs/heads/main refs/remotes/main [134ms]
2024-02-05 23:04:16.446 [info] > git cat-file -s 67dbac016a9b54ffe72dc24588661ccc6c72b19c [17ms]
2024-02-05 23:04:16.720 [info] > git status -z -uall [241ms]
2024-02-05 23:04:21.791 [info] > git config --get commit.template [37ms]
2024-02-05 23:04:21.803 [info] > git for-each-ref --format=%(refname)%00%(upstream:short)%00%(objectname)%00%(upstream:track)%00%(upstream:remotename)%00%(upstream:remoteref) refs/heads/main refs/remotes/main [24ms]
2024-02-05 23:04:22.386 [info] > git status -z -uall [563ms]
2024-02-05 23:04:35.472 [info] > git config --get commit.template [8ms]
2024-02-05 23:04:35.473 [info] > git for-each-ref --format=%(refname)%00%(upstream:short)%00%(objectname)%00%(upstream:track)%00%(upstream:remotename)%00%(upstream:remoteref) refs/heads/main refs/remotes/main [2ms]
2024-02-05 23:04:35.575 [info] > git status -z -uall [91ms]
2024-02-05 23:04:37.097 [info] > git show --textconv :.gitignore [9ms]
2024-02-05 23:04:37.100 [info] > git ls-files --stage -- /home/bitnami/.gitignore [5ms]
2024-02-05 23:04:37.110 [info] > git cat-file -s 5ebf4a5dd36aa7aed1fe9dfd10b17637c4dcdefc [2ms]
2024-02-05 23:04:40.601 [info] > git config --get commit.template [14ms]
2024-02-05 23:04:40.605 [info] > git for-each-ref --format=%(refname)%00%(upstream:short)%00%(objectname)%00%(upstream:track)%00%(upstream:remotename)%00%(upstream:remoteref) refs/heads/main refs/remotes/main [5ms]
2024-02-05 23:04:40.694 [info] > git status -z -uall [82ms]
2024-02-05 23:04:45.723 [info] > git config --get commit.template [9ms]
2024-02-05 23:04:45.725 [info] > git for-each-ref --format=%(refname)%00%(upstream:short)%00%(objectname)%00%(upstream:track)%00%(upstream:remotename)%00%(upstream:remoteref) refs/heads/main refs/remotes/main [3ms]
2024-02-05 23:04:45.810 [info] > git status -z -uall [78ms]
2024-02-05 23:04:50.829 [info] > git config --get commit.template [7ms]
2024-02-05 23:04:50.829 [info] > git for-each-ref --format=%(refname)%00%(upstream:short)%00%(objectname)%00%(upstream:track)%00%(upstream:remotename)%00%(upstream:remoteref) refs/heads/main refs/remotes/main [2ms]
2024-02-05 23:04:50.906 [info] > git status -z -uall [70ms]
2024-02-05 23:04:55.926 [info] > git config --get commit.template [8ms]
2024-02-05 23:04:55.927 [info] > git for-each-ref --format=%(refname)%00%(upstream:short)%00%(objectname)%00%(upstream:track)%00%(upstream:remotename)%00%(upstream:remoteref) refs/heads/main refs/remotes/main [1ms]
2024-02-05 23:04:56.000 [info] > git status -z -uall [68ms]
2024-02-05 23:05:01.022 [info] > git config --get commit.template [9ms]
2024-02-05 23:05:01.023 [info] > git for-each-ref --format=%(refname)%00%(upstream:short)%00%(objectname)%00%(upstream:track)%00%(upstream:remotename)%00%(upstream:remoteref) refs/heads/main refs/remotes/main [1ms]
2024-02-05 23:05:01.109 [info] > git status -z -uall [78ms]
2024-02-05 23:05:06.135 [info] > git config --get commit.template [7ms]
2024-02-05 23:05:06.136 [info] > git for-each-ref --format=%(refname)%00%(upstream:short)%00%(objectname)%00%(upstream:track)%00%(upstream:remotename)%00%(upstream:remoteref) refs/heads/main refs/remotes/main [2ms]
2024-02-05 23:05:06.216 [info] > git status -z -uall [75ms]
2024-02-05 23:05:11.234 [info] > git config --get commit.template [7ms]
2024-02-05 23:05:11.235 [info] > git for-each-ref --format=%(refname)%00%(upstream:short)%00%(objectname)%00%(upstream:track)%00%(upstream:remotename)%00%(upstream:remoteref) refs/heads/main refs/remotes/main [1ms]
2024-02-05 23:05:11.305 [info] > git status -z -uall [66ms]
2024-02-05 23:05:13.373 [info] > git check-ignore -v -z --stdin [5ms]
2024-02-05 23:05:15.426 [info] > git check-ignore -v -z --stdin [6ms]
2024-02-05 23:05:16.326 [info] > git config --get commit.template [7ms]
2024-02-05 23:05:16.327 [info] > git for-each-ref --format=%(refname)%00%(upstream:short)%00%(objectname)%00%(upstream:track)%00%(upstream:remotename)%00%(upstream:remoteref) refs/heads/main refs/remotes/main [1ms]
2024-02-05 23:05:16.397 [info] > git status -z -uall [65ms]
2024-02-05 23:05:19.064 [info] > git check-ignore -v -z --stdin [8ms]
2024-02-05 23:05:21.415 [info] > git config --get commit.template [8ms]
2024-02-05 23:05:21.416 [info] > git for-each-ref --format=%(refname)%00%(upstream:short)%00%(objectname)%00%(upstream:track)%00%(upstream:remotename)%00%(upstream:remoteref) refs/heads/main refs/remotes/main [1ms]
2024-02-05 23:05:21.492 [info] > git status -z -uall [70ms]
2024-02-05 23:05:22.344 [info] > git check-ignore -v -z --stdin [6ms]
2024-02-05 23:05:23.303 [info] > git show --textconv :views/error.jade [8ms]
2024-02-05 23:05:23.305 [info] > git ls-files --stage -- /home/bitnami/views/error.jade [4ms]
2024-02-05 23:05:23.311 [info] > git cat-file -s 51ec12c6a26323d9f5bc51fb98cb1324a739ea4c [1ms]
2024-02-05 23:05:24.103 [info] > git show --textconv :views/index.jade [26ms]
2024-02-05 23:05:24.107 [info] > git ls-files --stage -- /home/bitnami/views/index.jade [5ms]
2024-02-05 23:05:24.115 [info] > git cat-file -s 3d63b9a044a859b59259d5e23dd4e68ec8e1f2be [1ms]
2024-02-05 23:05:26.511 [info] > git config --get commit.template [7ms]
2024-02-05 23:05:26.512 [info] > git for-each-ref --format=%(refname)%00%(upstream:short)%00%(objectname)%00%(upstream:track)%00%(upstream:remotename)%00%(upstream:remoteref) refs/heads/main refs/remotes/main [2ms]
2024-02-05 23:05:26.594 [info] > git status -z -uall [76ms]
2024-02-05 23:05:28.706 [info] > git show --textconv :views/layout.jade [23ms]
2024-02-05 23:05:28.720 [info] > git ls-files --stage -- /home/bitnami/views/layout.jade [23ms]
2024-02-05 23:05:28.731 [info] > git cat-file -s 15af079bf7c34e638ba14844efd979ac9111628b [2ms]
2024-02-05 23:05:31.611 [info] > git config --get commit.template [7ms]
2024-02-05 23:05:31.612 [info] > git for-each-ref --format=%(refname)%00%(upstream:short)%00%(objectname)%00%(upstream:track)%00%(upstream:remotename)%00%(upstream:remoteref) refs/heads/main refs/remotes/main [2ms]
2024-02-05 23:05:31.688 [info] > git status -z -uall [68ms]
2024-02-05 23:05:32.879 [info] > git check-ignore -v -z --stdin [4ms]
2024-02-05 23:05:34.565 [info] > git check-ignore -v -z --stdin [6ms]
2024-02-05 23:05:36.711 [info] > git config --get commit.template [7ms]
2024-02-05 23:05:36.712 [info] > git for-each-ref --format=%(refname)%00%(upstream:short)%00%(objectname)%00%(upstream:track)%00%(upstream:remotename)%00%(upstream:remoteref) refs/heads/main refs/remotes/main [3ms]
2024-02-05 23:05:36.786 [info] > git status -z -uall [68ms]
2024-02-05 23:05:40.139 [info] > git show --textconv :myapp/views/error.ejs [9ms]
2024-02-05 23:05:40.143 [info] > git ls-files --stage -- /home/bitnami/myapp/views/error.ejs [5ms]
2024-02-05 23:05:40.153 [info] > git cat-file -s 7cf94edf1ad67d98af6922d15fba4776c959b130 [2ms]
2024-02-05 23:05:41.803 [info] > git config --get commit.template [6ms]
2024-02-05 23:05:41.804 [info] > git for-each-ref --format=%(refname)%00%(upstream:short)%00%(objectname)%00%(upstream:track)%00%(upstream:remotename)%00%(upstream:remoteref) refs/heads/main refs/remotes/main [1ms]
2024-02-05 23:05:41.899 [info] > git status -z -uall [87ms]
2024-02-05 23:05:43.533 [info] > git show --textconv :myapp/views/bio.pug [10ms]
2024-02-05 23:05:43.536 [info] > git ls-files --stage -- /home/bitnami/myapp/views/bio.pug [4ms]
2024-02-05 23:05:43.544 [info] > git cat-file -s 53ec0e6afdeaa3e40658f357cb7c835508463ea6 [1ms]
2024-02-05 23:05:46.919 [info] > git config --get commit.template [7ms]
2024-02-05 23:05:46.920 [info] > git for-each-ref --format=%(refname)%00%(upstream:short)%00%(objectname)%00%(upstream:track)%00%(upstream:remotename)%00%(upstream:remoteref) refs/heads/main refs/remotes/main [2ms]
2024-02-05 23:05:47.002 [info] > git status -z -uall [75ms]
2024-02-05 23:05:52.022 [info] > git config --get commit.template [8ms]
2024-02-05 23:05:52.023 [info] > git for-each-ref --format=%(refname)%00%(upstream:short)%00%(objectname)%00%(upstream:track)%00%(upstream:remotename)%00%(upstream:remoteref) refs/heads/main refs/remotes/main [2ms]
2024-02-05 23:05:52.112 [info] > git status -z -uall [79ms]
2024-02-05 23:05:57.132 [info] > git config --get commit.template [8ms]
2024-02-05 23:05:57.133 [info] > git for-each-ref --format=%(refname)%00%(upstream:short)%00%(objectname)%00%(upstream:track)%00%(upstream:remotename)%00%(upstream:remoteref) refs/heads/main refs/remotes/main [2ms]
2024-02-05 23:05:57.216 [info] > git status -z -uall [76ms]
2024-02-05 23:06:02.260 [info] > git config --get commit.template [23ms]
2024-02-05 23:06:02.266 [info] > git for-each-ref --format=%(refname)%00%(upstream:short)%00%(objectname)%00%(upstream:track)%00%(upstream:remotename)%00%(upstream:remoteref) refs/heads/main refs/remotes/main [7ms]
2024-02-05 23:06:02.506 [info] > git status -z -uall [209ms]
2024-02-05 23:06:07.520 [info] > git config --get commit.template [2ms]
2024-02-05 23:06:07.528 [info] > git for-each-ref --format=%(refname)%00%(upstream:short)%00%(objectname)%00%(upstream:track)%00%(upstream:remotename)%00%(upstream:remoteref) refs/heads/main refs/remotes/main [1ms]
2024-02-05 23:06:07.605 [info] > git status -z -uall [70ms]
2024-02-05 23:06:08.226 [info] > git check-ignore -v -z --stdin [2ms]
2024-02-05 23:06:12.632 [info] > git config --get commit.template [13ms]
2024-02-05 23:06:12.633 [info] > git for-each-ref --format=%(refname)%00%(upstream:short)%00%(objectname)%00%(upstream:track)%00%(upstream:remotename)%00%(upstream:remoteref) refs/heads/main refs/remotes/main [1ms]
2024-02-05 23:06:12.709 [info] > git status -z -uall [70ms]
2024-02-05 23:06:34.726 [info] > git config --get commit.template [13ms]
2024-02-05 23:06:34.727 [info] > git for-each-ref --format=%(refname)%00%(upstream:short)%00%(objectname)%00%(upstream:track)%00%(upstream:remotename)%00%(upstream:remoteref) refs/heads/main refs/remotes/main [2ms]
2024-02-05 23:06:34.807 [info] > git status -z -uall [74ms]
2024-02-05 23:06:39.827 [info] > git config --get commit.template [8ms]
2024-02-05 23:06:39.828 [info] > git for-each-ref --format=%(refname)%00%(upstream:short)%00%(objectname)%00%(upstream:track)%00%(upstream:remotename)%00%(upstream:remoteref) refs/heads/main refs/remotes/main [4ms]
2024-02-05 23:06:39.906 [info] > git status -z -uall [73ms]
2024-02-05 23:06:40.779 [info] > git check-ignore -v -z --stdin [5ms]
2024-02-05 23:06:41.444 [info] > git show --textconv :myapp/bin/www [15ms]
2024-02-05 23:06:41.448 [info] > git ls-files --stage -- /home/bitnami/myapp/bin/www [5ms]
2024-02-05 23:06:41.458 [info] > git cat-file -s 87ffb43190aaa535f8124f4f7cd57afa7514fdc4 [2ms]
2024-02-05 23:06:44.924 [info] > git config --get commit.template [7ms]
2024-02-05 23:06:44.925 [info] > git for-each-ref --format=%(refname)%00%(upstream:short)%00%(objectname)%00%(upstream:track)%00%(upstream:remotename)%00%(upstream:remoteref) refs/heads/main refs/remotes/main [2ms]
2024-02-05 23:06:45.005 [info] > git status -z -uall [73ms]
2024-02-05 23:06:50.031 [info] > git config --get commit.template [13ms]
2024-02-05 23:06:50.035 [info] > git for-each-ref --format=%(refname)%00%(upstream:short)%00%(objectname)%00%(upstream:track)%00%(upstream:remotename)%00%(upstream:remoteref) refs/heads/main refs/remotes/main [5ms]
2024-02-05 23:06:50.120 [info] > git status -z -uall [78ms]
2024-02-05 23:06:55.137 [info] > git config --get commit.template [7ms]
2024-02-05 23:06:55.138 [info] > git for-each-ref --format=%(refname)%00%(upstream:short)%00%(objectname)%00%(upstream:track)%00%(upstream:remotename)%00%(upstream:remoteref) refs/heads/main refs/remotes/main [2ms]
2024-02-05 23:06:55.209 [info] > git status -z -uall [66ms]
2024-02-05 23:06:59.419 [info] > git show --textconv :.gitignore [12ms]
2024-02-05 23:06:59.424 [info] > git ls-files --stage -- /home/bitnami/.gitignore [4ms]
2024-02-05 23:06:59.431 [info] > git cat-file -s 5ebf4a5dd36aa7aed1fe9dfd10b17637c4dcdefc [2ms]
2024-02-05 23:07:00.230 [info] > git config --get commit.template [8ms]
2024-02-05 23:07:00.231 [info] > git for-each-ref --format=%(refname)%00%(upstream:short)%00%(objectname)%00%(upstream:track)%00%(upstream:remotename)%00%(upstream:remoteref) refs/heads/main refs/remotes/main [2ms]
2024-02-05 23:07:00.316 [info] > git status -z -uall [79ms]
2024-02-05 23:07:05.345 [info] > git config --get commit.template [7ms]
2024-02-05 23:07:05.346 [info] > git for-each-ref --format=%(refname)%00%(upstream:short)%00%(objectname)%00%(upstream:track)%00%(upstream:remotename)%00%(upstream:remoteref) refs/heads/main refs/remotes/main [2ms]
2024-02-05 23:07:05.421 [info] > git status -z -uall [69ms]
2024-02-05 23:07:10.441 [info] > git config --get commit.template [8ms]
2024-02-05 23:07:10.442 [info] > git for-each-ref --format=%(refname)%00%(upstream:short)%00%(objectname)%00%(upstream:track)%00%(upstream:remotename)%00%(upstream:remoteref) refs/heads/main refs/remotes/main [2ms]
2024-02-05 23:07:10.526 [info] > git status -z -uall [74ms]
2024-02-05 23:07:15.539 [info] > git config --get commit.template [3ms]
2024-02-05 23:07:15.546 [info] > git for-each-ref --format=%(refname)%00%(upstream:short)%00%(objectname)%00%(upstream:track)%00%(upstream:remotename)%00%(upstream:remoteref) refs/heads/main refs/remotes/main [1ms]
2024-02-05 23:07:15.645 [info] > git status -z -uall [92ms]
2024-02-05 23:07:35.179 [info] > git config --get commit.template [6ms]
2024-02-05 23:07:35.179 [info] > git for-each-ref --format=%(refname)%00%(upstream:short)%00%(objectname)%00%(upstream:track)%00%(upstream:remotename)%00%(upstream:remoteref) refs/heads/main refs/remotes/main [1ms]
2024-02-05 23:07:35.256 [info] > git status -z -uall [72ms]
2024-02-05 23:07:37.008 [info] > git show --textconv :myapp/bin/www [12ms]
2024-02-05 23:07:37.018 [info] > git ls-files --stage -- /home/bitnami/myapp/bin/www [12ms]
2024-02-05 23:07:37.026 [info] > git cat-file -s 87ffb43190aaa535f8124f4f7cd57afa7514fdc4 [2ms]
2024-02-05 23:07:40.272 [info] > git config --get commit.template [2ms]
2024-02-05 23:07:40.281 [info] > git for-each-ref --format=%(refname)%00%(upstream:short)%00%(objectname)%00%(upstream:track)%00%(upstream:remotename)%00%(upstream:remoteref) refs/heads/main refs/remotes/main [1ms]
2024-02-05 23:07:40.373 [info] > git status -z -uall [85ms]
2024-02-05 23:07:56.739 [info] > git config --get commit.template [7ms]
2024-02-05 23:07:56.740 [info] > git for-each-ref --format=%(refname)%00%(upstream:short)%00%(objectname)%00%(upstream:track)%00%(upstream:remotename)%00%(upstream:remoteref) refs/heads/main refs/remotes/main [2ms]
2024-02-05 23:07:56.820 [info] > git status -z -uall [72ms]
2024-02-05 23:08:01.853 [info] > git config --get commit.template [17ms]
2024-02-05 23:08:01.864 [info] > git for-each-ref --format=%(refname)%00%(upstream:short)%00%(objectname)%00%(upstream:track)%00%(upstream:remotename)%00%(upstream:remoteref) refs/heads/main refs/remotes/main [12ms]
2024-02-05 23:08:01.917 [info] > git check-ignore -v -z --stdin [11ms]
2024-02-05 23:08:01.969 [info] > git status -z -uall [93ms]
2024-02-05 23:08:02.364 [info] > git show --textconv :.ssh/authorized_keys [20ms]
2024-02-05 23:08:02.371 [info] > git ls-files --stage -- /home/bitnami/.ssh/authorized_keys [8ms]
2024-02-05 23:08:02.386 [info] > git cat-file -s 41721b52c8f39b3553d700aa8fdbea640d7d9d85 [3ms]
2024-02-05 23:08:06.997 [info] > git config --get commit.template [7ms]
2024-02-05 23:08:06.998 [info] > git for-each-ref --format=%(refname)%00%(upstream:short)%00%(objectname)%00%(upstream:track)%00%(upstream:remotename)%00%(upstream:remoteref) refs/heads/main refs/remotes/main [2ms]
2024-02-05 23:08:07.102 [info] > git status -z -uall [96ms]
2024-02-05 23:08:10.447 [info] > git show --textconv :.ssh/known_hosts [8ms]
2024-02-05 23:08:10.451 [info] > git ls-files --stage -- /home/bitnami/.ssh/known_hosts [4ms]
2024-02-05 23:08:10.458 [info] > git cat-file -s c106fc5a207e45660d343aa280e243e57e5c2959 [2ms]
2024-02-05 23:08:12.119 [info] > git config --get commit.template [7ms]
2024-02-05 23:08:12.119 [info] > git for-each-ref --format=%(refname)%00%(upstream:short)%00%(objectname)%00%(upstream:track)%00%(upstream:remotename)%00%(upstream:remoteref) refs/heads/main refs/remotes/main [1ms]
2024-02-05 23:08:12.197 [info] > git status -z -uall [72ms]
2024-02-05 23:08:17.221 [info] > git for-each-ref --format=%(refname)%00%(upstream:short)%00%(objectname)%00%(upstream:track)%00%(upstream:remotename)%00%(upstream:remoteref) refs/heads/main refs/remotes/main [2ms]
2024-02-05 23:08:17.222 [info] > git config --get commit.template [9ms]
2024-02-05 23:08:17.307 [info] > git status -z -uall [78ms]
2024-02-05 23:08:22.326 [info] > git config --get commit.template [8ms]
2024-02-05 23:08:22.326 [info] > git for-each-ref --format=%(refname)%00%(upstream:short)%00%(objectname)%00%(upstream:track)%00%(upstream:remotename)%00%(upstream:remoteref) refs/heads/main refs/remotes/main [2ms]
2024-02-05 23:08:22.398 [info] > git status -z -uall [67ms]
2024-02-05 23:08:27.429 [info] > git config --get commit.template [14ms]
2024-02-05 23:08:27.430 [info] > git for-each-ref --format=%(refname)%00%(upstream:short)%00%(objectname)%00%(upstream:track)%00%(upstream:remotename)%00%(upstream:remoteref) refs/heads/main refs/remotes/main [2ms]
2024-02-05 23:08:27.515 [info] > git status -z -uall [75ms]
2024-02-05 23:08:30.069 [info] > git check-ignore -v -z --stdin [7ms]
2024-02-05 23:08:32.273 [info] > git check-ignore -v -z --stdin [11ms]
2024-02-05 23:08:32.531 [info] > git config --get commit.template [7ms]
2024-02-05 23:08:32.532 [info] > git for-each-ref --format=%(refname)%00%(upstream:short)%00%(objectname)%00%(upstream:track)%00%(upstream:remotename)%00%(upstream:remoteref) refs/heads/main refs/remotes/main [1ms]
2024-02-05 23:08:32.611 [info] > git status -z -uall [73ms]
2024-02-05 23:08:37.628 [info] > git config --get commit.template [7ms]
2024-02-05 23:08:37.628 [info] > git for-each-ref --format=%(refname)%00%(upstream:short)%00%(objectname)%00%(upstream:track)%00%(upstream:remotename)%00%(upstream:remoteref) refs/heads/main refs/remotes/main [1ms]
2024-02-05 23:08:37.704 [info] > git status -z -uall [70ms]
2024-02-05 23:08:42.718 [info] > git config --get commit.template [3ms]
2024-02-05 23:08:42.725 [info] > git for-each-ref --format=%(refname)%00%(upstream:short)%00%(objectname)%00%(upstream:track)%00%(upstream:remotename)%00%(upstream:remoteref) refs/heads/main refs/remotes/main [1ms]
2024-02-05 23:08:42.803 [info] > git status -z -uall [72ms]
2024-02-05 23:08:47.820 [info] > git config --get commit.template [6ms]
2024-02-05 23:08:47.820 [info] > git for-each-ref --format=%(refname)%00%(upstream:short)%00%(objectname)%00%(upstream:track)%00%(upstream:remotename)%00%(upstream:remoteref) refs/heads/main refs/remotes/main [1ms]
2024-02-05 23:08:47.893 [info] > git status -z -uall [66ms]
2024-02-05 23:08:52.925 [info] > git config --get commit.template [12ms]
2024-02-05 23:08:52.926 [info] > git for-each-ref --format=%(refname)%00%(upstream:short)%00%(objectname)%00%(upstream:track)%00%(upstream:remotename)%00%(upstream:remoteref) refs/heads/main refs/remotes/main [6ms]
2024-02-05 23:08:53.004 [info] > git status -z -uall [67ms]
2024-02-05 23:08:58.028 [info] > git config --get commit.template [9ms]
2024-02-05 23:08:58.029 [info] > git for-each-ref --format=%(refname)%00%(upstream:short)%00%(objectname)%00%(upstream:track)%00%(upstream:remotename)%00%(upstream:remoteref) refs/heads/main refs/remotes/main [2ms]
2024-02-05 23:08:58.101 [info] > git status -z -uall [66ms]
2024-02-05 23:09:03.118 [info] > git config --get commit.template [7ms]
2024-02-05 23:09:03.119 [info] > git for-each-ref --format=%(refname)%00%(upstream:short)%00%(objectname)%00%(upstream:track)%00%(upstream:remotename)%00%(upstream:remoteref) refs/heads/main refs/remotes/main [2ms]
2024-02-05 23:09:03.192 [info] > git status -z -uall [68ms]
2024-02-05 23:09:07.650 [info] > git show --textconv :.ssh/authorized_keys [8ms]
2024-02-05 23:09:07.654 [info] > git ls-files --stage -- /home/bitnami/.ssh/authorized_keys [5ms]
2024-02-05 23:09:07.661 [info] > git cat-file -s 41721b52c8f39b3553d700aa8fdbea640d7d9d85 [1ms]
2024-02-05 23:09:08.226 [info] > git config --get commit.template [16ms]
2024-02-05 23:09:08.227 [info] > git for-each-ref --format=%(refname)%00%(upstream:short)%00%(objectname)%00%(upstream:track)%00%(upstream:remotename)%00%(upstream:remoteref) refs/heads/main refs/remotes/main [4ms]
2024-02-05 23:09:08.309 [info] > git status -z -uall [65ms]
2024-02-05 23:09:13.331 [info] > git config --get commit.template [7ms]
2024-02-05 23:09:13.332 [info] > git for-each-ref --format=%(refname)%00%(upstream:short)%00%(objectname)%00%(upstream:track)%00%(upstream:remotename)%00%(upstream:remoteref) refs/heads/main refs/remotes/main [2ms]
2024-02-05 23:09:13.416 [info] > git status -z -uall [76ms]
2024-02-05 23:09:18.437 [info] > git config --get commit.template [7ms]
2024-02-05 23:09:18.438 [info] > git for-each-ref --format=%(refname)%00%(upstream:short)%00%(objectname)%00%(upstream:track)%00%(upstream:remotename)%00%(upstream:remoteref) refs/heads/main refs/remotes/main [1ms]
2024-02-05 23:09:18.509 [info] > git status -z -uall [66ms]
2024-02-05 23:09:19.663 [info] > git show --textconv :.gitignore [8ms]
2024-02-05 23:09:19.667 [info] > git ls-files --stage -- /home/bitnami/.gitignore [5ms]
2024-02-05 23:09:19.673 [info] > git cat-file -s 5ebf4a5dd36aa7aed1fe9dfd10b17637c4dcdefc [1ms]
2024-02-05 23:09:23.528 [info] > git config --get commit.template [7ms]
2024-02-05 23:09:23.529 [info] > git for-each-ref --format=%(refname)%00%(upstream:short)%00%(objectname)%00%(upstream:track)%00%(upstream:remotename)%00%(upstream:remoteref) refs/heads/main refs/remotes/main [2ms]
2024-02-05 23:09:23.612 [info] > git status -z -uall [75ms]
2024-02-05 23:09:24.229 [info] > git check-ignore -v -z --stdin [3ms]
2024-02-05 23:09:24.231 [info] > git check-ignore -v -z --stdin [14ms]
2024-02-05 23:09:28.630 [info] > git config --get commit.template [8ms]
2024-02-05 23:09:28.631 [info] > git for-each-ref --format=%(refname)%00%(upstream:short)%00%(objectname)%00%(upstream:track)%00%(upstream:remotename)%00%(upstream:remoteref) refs/heads/main refs/remotes/main [2ms]
2024-02-05 23:09:28.701 [info] > git status -z -uall [64ms]
2024-02-05 23:09:29.062 [info] > git check-ignore -v -z --stdin [7ms]
2024-02-05 23:09:38.966 [info] > git config --get commit.template [8ms]
2024-02-05 23:09:38.967 [info] > git for-each-ref --format=%(refname)%00%(upstream:short)%00%(objectname)%00%(upstream:track)%00%(upstream:remotename)%00%(upstream:remoteref) refs/heads/main refs/remotes/main [2ms]
2024-02-05 23:09:39.051 [info] > git status -z -uall [75ms]
2024-02-05 23:09:41.322 [info] > git check-ignore -v -z --stdin [5ms]
2024-02-05 23:09:44.075 [info] > git config --get commit.template [9ms]
2024-02-05 23:09:44.076 [info] > git for-each-ref --format=%(refname)%00%(upstream:short)%00%(objectname)%00%(upstream:track)%00%(upstream:remotename)%00%(upstream:remoteref) refs/heads/main refs/remotes/main [2ms]
2024-02-05 23:09:44.172 [info] > git status -z -uall [87ms]
2024-02-05 23:09:49.192 [info] > git config --get commit.template [8ms]
2024-02-05 23:09:49.192 [info] > git for-each-ref --format=%(refname)%00%(upstream:short)%00%(objectname)%00%(upstream:track)%00%(upstream:remotename)%00%(upstream:remoteref) refs/heads/main refs/remotes/main [1ms]
2024-02-05 23:09:49.268 [info] > git status -z -uall [68ms]
2024-02-05 23:10:36.589 [info] > git config --get commit.template [8ms]
2024-02-05 23:10:36.589 [info] > git for-each-ref --format=%(refname)%00%(upstream:short)%00%(objectname)%00%(upstream:track)%00%(upstream:remotename)%00%(upstream:remoteref) refs/heads/main refs/remotes/main [1ms]
2024-02-05 23:10:36.672 [info] > git status -z -uall [77ms]
2024-02-05 23:10:40.322 [info] > git check-ignore -v -z --stdin [5ms]
2024-02-05 23:10:41.689 [info] > git config --get commit.template [7ms]
2024-02-05 23:10:41.690 [info] > git for-each-ref --format=%(refname)%00%(upstream:short)%00%(objectname)%00%(upstream:track)%00%(upstream:remotename)%00%(upstream:remoteref) refs/heads/main refs/remotes/main [1ms]
2024-02-05 23:10:41.761 [info] > git status -z -uall [65ms]
2024-02-05 23:10:45.004 [info] > git check-ignore -v -z --stdin [8ms]
2024-02-05 23:10:45.022 [info] > git check-ignore -v -z --stdin [20ms]
2024-02-05 23:10:46.781 [info] > git config --get commit.template [9ms]
2024-02-05 23:10:46.782 [info] > git for-each-ref --format=%(refname)%00%(upstream:short)%00%(objectname)%00%(upstream:track)%00%(upstream:remotename)%00%(upstream:remoteref) refs/heads/main refs/remotes/main [2ms]
2024-02-05 23:10:46.862 [info] > git status -z -uall [74ms]
