2024-02-27 00:33:28.663 [info] Log level: Info
2024-02-27 00:33:28.664 [info] Validating found git in: "git"
2024-02-27 00:33:28.665 [info] Using git "2.30.2" from "git"
2024-02-27 00:33:28.666 [info] > git rev-parse --show-toplevel [53ms]
2024-02-27 00:33:28.666 [info] > git rev-parse --git-dir --git-common-dir [46ms]
2024-02-27 00:33:28.666 [info] Open repository: /home/bitnami
2024-02-27 00:33:28.668 [info] > git config --get commit.template [17ms]
2024-02-27 00:33:28.704 [info] > git rev-parse --show-toplevel [42ms]
2024-02-27 00:33:28.717 [info] > git for-each-ref --format=%(refname)%00%(upstream:short)%00%(objectname)%00%(upstream:track)%00%(upstream:remotename)%00%(upstream:remoteref) refs/heads/main refs/remotes/main [17ms]
2024-02-27 00:33:28.732 [info] > git rev-parse --show-toplevel [16ms]
2024-02-27 00:33:28.785 [info] > git rev-parse --show-toplevel [34ms]
2024-02-27 00:33:28.872 [info] > git rev-parse --show-toplevel [8ms]
2024-02-27 00:33:28.929 [info] > git rev-parse --show-toplevel [6ms]
2024-02-27 00:33:28.954 [info] > git rev-parse --show-toplevel [7ms]
2024-02-27 00:33:28.988 [info] > git rev-parse --show-toplevel [12ms]
2024-02-27 00:33:29.015 [info] > git rev-parse --show-toplevel [5ms]
2024-02-27 00:33:29.040 [info] > git rev-parse --show-toplevel [10ms]
2024-02-27 00:33:29.066 [info] > git rev-parse --show-toplevel [10ms]
2024-02-27 00:33:29.088 [info] > git rev-parse --show-toplevel [8ms]
2024-02-27 00:33:29.113 [info] > git rev-parse --show-toplevel [4ms]
2024-02-27 00:33:29.126 [info] > git rev-parse --show-toplevel [3ms]
2024-02-27 00:33:29.152 [info] > git rev-parse --show-toplevel [18ms]
2024-02-27 00:33:29.195 [info] > git rev-parse --git-dir --git-common-dir [19ms]
2024-02-27 00:33:29.202 [info] Open repository: /home/bitnami/todo
2024-02-27 00:33:29.287 [info] > git config --get commit.template [46ms]
2024-02-27 00:33:29.304 [info] > git rev-parse --show-toplevel [32ms]
2024-02-27 00:33:29.358 [info] > git for-each-ref --format %(refname) %(objectname) %(*objectname) refs/tags [56ms]
2024-02-27 00:33:29.394 [info] > git status -z -uall [19ms]
2024-02-27 00:33:29.432 [info] > git ls-files --stage -- /home/bitnami/blogger/nohup.out [74ms]
2024-02-27 00:33:29.448 [info] > git show --textconv :blogger/nohup.out [121ms]
2024-02-27 00:33:29.449 [info] > git config --get commit.template [19ms]
2024-02-27 00:33:29.469 [info] > git cat-file -s 06719bcc509e82e8554dc88b6ce1e2d357a66706 [22ms]
2024-02-27 00:33:29.481 [info] > git for-each-ref --format %(refname) %(objectname) %(*objectname) refs/tags [14ms]
2024-02-27 00:33:29.522 [info] > git status -z -uall [15ms]
2024-02-27 00:33:29.917 [info] > git check-ignore -v -z --stdin [6ms]
2024-02-27 00:33:30.144 [info] > git check-ignore -v -z --stdin [257ms]
2024-02-27 00:33:30.435 [info] > git status -z -uall [1704ms]
2024-02-27 00:33:30.496 [info] > git config --get commit.template [16ms]
2024-02-27 00:33:30.501 [info] > git for-each-ref --format=%(refname)%00%(upstream:short)%00%(objectname)%00%(upstream:track)%00%(upstream:remotename)%00%(upstream:remoteref) refs/heads/main refs/remotes/main [6ms]
2024-02-27 00:33:30.912 [info] > git status -z -uall [397ms]
2024-02-27 00:33:34.554 [info] > git show --textconv :blogger/app_server/views/addBlog.pug [31ms]
2024-02-27 00:33:34.559 [info] > git ls-files --stage -- /home/bitnami/blogger/app_server/views/addBlog.pug [19ms]
2024-02-27 00:33:34.567 [info] > git cat-file -s 1f9d175dfb3cb5d1293754b86b9a4b13935bc015 [1ms]
2024-02-27 00:33:37.198 [info] > git show --textconv :blogger/app_server/controllers/blog.js [109ms]
2024-02-27 00:33:37.247 [info] > git ls-files --stage -- /home/bitnami/blogger/app_server/controllers/blog.js [74ms]
2024-02-27 00:33:37.288 [info] > git cat-file -s ff153a6c09063124fc067d30d8a025b904a163c1 [22ms]
2024-02-27 00:33:37.436 [info] > git check-ignore -v -z --stdin [75ms]
2024-02-27 00:35:10.603 [info] > git check-ignore -v -z --stdin [74ms]
2024-02-27 00:35:18.691 [info] > git check-ignore -v -z --stdin [14ms]
2024-02-27 00:35:20.023 [info] > git check-ignore -v -z --stdin [7ms]
2024-02-27 00:35:20.980 [info] > git check-ignore -v -z --stdin [2ms]
2024-02-27 00:35:22.969 [info] > git check-ignore -v -z --stdin [1ms]
2024-02-27 00:35:24.520 [info] > git ls-files --stage -- /home/bitnami/todo/views/addTask.ejs [1ms]
2024-02-27 00:35:24.533 [info] > git show --textconv :views/addTask.ejs [23ms]
2024-02-27 00:35:24.535 [info] > git cat-file -s 12a3353a2346a98e6a62dab7e37d0a8a0a697879 [7ms]
2024-02-27 00:35:35.925 [info] > git ls-files --stage -- /home/bitnami/todo/views/completedAdd.ejs [23ms]
2024-02-27 00:35:35.936 [info] > git show --textconv :views/completedAdd.ejs [41ms]
2024-02-27 00:35:35.938 [info] > git cat-file -s 0d3fc139f51f324a1c342b136a8800ab801a1846 [3ms]
2024-02-27 00:35:36.617 [info] > git config --get commit.template [10ms]
2024-02-27 00:35:36.635 [info] > git for-each-ref --format=%(refname)%00%(upstream:short)%00%(objectname)%00%(upstream:track)%00%(upstream:remotename)%00%(upstream:remoteref) refs/heads/main refs/remotes/main [19ms]
2024-02-27 00:35:39.118 [info] > git status -z -uall [2476ms]
2024-02-27 00:35:48.136 [info] > git show --textconv :views/confirmDelete.ejs [15ms]
2024-02-27 00:35:48.137 [info] > git ls-files --stage -- /home/bitnami/todo/views/confirmDelete.ejs [3ms]
2024-02-27 00:35:48.148 [info] > git cat-file -s affcbab70354917074dcecfa169c7a77f8c52ffe [2ms]
2024-02-27 00:35:48.615 [info] > git config --get commit.template [2ms]
2024-02-27 00:35:48.625 [info] > git for-each-ref --format=%(refname)%00%(upstream:short)%00%(objectname)%00%(upstream:track)%00%(upstream:remotename)%00%(upstream:remoteref) refs/heads/main refs/remotes/main [2ms]
2024-02-27 00:35:48.900 [info] > git status -z -uall [265ms]
2024-02-27 00:35:54.224 [info] > git show --textconv :views/addTask.ejs [9ms]
2024-02-27 00:35:54.225 [info] > git ls-files --stage -- /home/bitnami/todo/views/addTask.ejs [3ms]
2024-02-27 00:35:54.233 [info] > git cat-file -s 12a3353a2346a98e6a62dab7e37d0a8a0a697879 [1ms]
2024-02-27 00:36:04.559 [info] > git check-ignore -v -z --stdin [1ms]
2024-02-27 00:36:05.115 [info] > git show --textconv :routes/todoRoutes.js [12ms]
2024-02-27 00:36:05.116 [info] > git ls-files --stage -- /home/bitnami/todo/routes/todoRoutes.js [3ms]
2024-02-27 00:36:05.129 [info] > git cat-file -s 67dbac016a9b54ffe72dc24588661ccc6c72b19c [2ms]
2024-02-27 00:36:08.017 [info] > git check-ignore -v -z --stdin [1ms]
2024-02-27 00:36:09.155 [info] > git show --textconv :controllers/addcontroller.js [12ms]
2024-02-27 00:36:09.158 [info] > git ls-files --stage -- /home/bitnami/todo/controllers/addcontroller.js [5ms]
2024-02-27 00:36:09.165 [info] > git cat-file -s fbac7c608e477388ebb3cc85784e204fab7d0e74 [1ms]
2024-02-27 00:36:09.626 [info] > git config --get commit.template [6ms]
2024-02-27 00:36:09.627 [info] > git for-each-ref --format=%(refname)%00%(upstream:short)%00%(objectname)%00%(upstream:track)%00%(upstream:remotename)%00%(upstream:remoteref) refs/heads/main refs/remotes/main [2ms]
2024-02-27 00:36:09.868 [info] > git status -z -uall [235ms]
2024-02-27 00:36:32.524 [info] > git show --textconv :controllers/completeController.js [7ms]
2024-02-27 00:36:32.526 [info] > git ls-files --stage -- /home/bitnami/todo/controllers/completeController.js [3ms]
2024-02-27 00:36:32.534 [info] > git cat-file -s f8e25eeaa8134a3c883b1c3d97b03f4d1a33ee7e [1ms]
2024-02-27 00:36:47.089 [info] > git show --textconv :controllers/deletecontroller.js [20ms]
2024-02-27 00:36:47.097 [info] > git ls-files --stage -- /home/bitnami/todo/controllers/deletecontroller.js [10ms]
2024-02-27 00:36:47.110 [info] > git cat-file -s 783539b894214155d88fcb9af0ac6927aa33d6ed [2ms]
2024-02-27 00:36:47.644 [info] > git config --get commit.template [8ms]
2024-02-27 00:36:47.646 [info] > git for-each-ref --format=%(refname)%00%(upstream:short)%00%(objectname)%00%(upstream:track)%00%(upstream:remotename)%00%(upstream:remoteref) refs/heads/main refs/remotes/main [4ms]
2024-02-27 00:36:47.871 [info] > git status -z -uall [217ms]
2024-02-27 00:36:59.178 [info] > git show --textconv :controllers/editController.js [10ms]
2024-02-27 00:36:59.181 [info] > git ls-files --stage -- /home/bitnami/todo/controllers/editController.js [3ms]
2024-02-27 00:36:59.191 [info] > git cat-file -s 3450f96cfe54796a206021c12af4c8e49188cd22 [2ms]
2024-02-27 00:37:51.599 [info] > git config --get commit.template [9ms]
2024-02-27 00:37:51.602 [info] > git for-each-ref --format=%(refname)%00%(upstream:short)%00%(objectname)%00%(upstream:track)%00%(upstream:remotename)%00%(upstream:remoteref) refs/heads/main refs/remotes/main [4ms]
2024-02-27 00:37:51.822 [info] > git status -z -uall [211ms]
2024-02-27 00:37:54.619 [info] > git show --textconv :controllers/addcontroller.js [40ms]
2024-02-27 00:37:54.635 [info] > git ls-files --stage -- /home/bitnami/todo/controllers/addcontroller.js [20ms]
2024-02-27 00:37:54.658 [info] > git cat-file -s fbac7c608e477388ebb3cc85784e204fab7d0e74 [2ms]
2024-02-27 00:37:56.844 [info] > git config --get commit.template [8ms]
2024-02-27 00:37:56.845 [info] > git for-each-ref --format=%(refname)%00%(upstream:short)%00%(objectname)%00%(upstream:track)%00%(upstream:remotename)%00%(upstream:remoteref) refs/heads/main refs/remotes/main [2ms]
2024-02-27 00:37:57.041 [info] > git status -z -uall [188ms]
2024-02-27 00:38:02.062 [info] > git config --get commit.template [9ms]
2024-02-27 00:38:02.063 [info] > git for-each-ref --format=%(refname)%00%(upstream:short)%00%(objectname)%00%(upstream:track)%00%(upstream:remotename)%00%(upstream:remoteref) refs/heads/main refs/remotes/main [3ms]
2024-02-27 00:38:02.313 [info] > git status -z -uall [241ms]
2024-02-27 00:38:06.315 [info] > git check-ignore -v -z --stdin [4ms]
2024-02-27 00:38:07.128 [info] > git check-ignore -v -z --stdin [21ms]
2024-02-27 00:38:07.334 [info] > git config --get commit.template [8ms]
2024-02-27 00:38:07.335 [info] > git for-each-ref --format=%(refname)%00%(upstream:short)%00%(objectname)%00%(upstream:track)%00%(upstream:remotename)%00%(upstream:remoteref) refs/heads/main refs/remotes/main [2ms]
2024-02-27 00:38:07.528 [info] > git status -z -uall [187ms]
2024-02-27 00:38:12.541 [info] > git config --get commit.template [0ms]
2024-02-27 00:38:12.550 [info] > git for-each-ref --format=%(refname)%00%(upstream:short)%00%(objectname)%00%(upstream:track)%00%(upstream:remotename)%00%(upstream:remoteref) refs/heads/main refs/remotes/main [1ms]
2024-02-27 00:38:12.743 [info] > git status -z -uall [182ms]
2024-02-27 00:38:17.767 [info] > git config --get commit.template [7ms]
2024-02-27 00:38:17.768 [info] > git for-each-ref --format=%(refname)%00%(upstream:short)%00%(objectname)%00%(upstream:track)%00%(upstream:remotename)%00%(upstream:remoteref) refs/heads/main refs/remotes/main [3ms]
2024-02-27 00:38:17.968 [info] > git status -z -uall [193ms]
2024-02-27 00:38:22.987 [info] > git config --get commit.template [8ms]
2024-02-27 00:38:22.989 [info] > git for-each-ref --format=%(refname)%00%(upstream:short)%00%(objectname)%00%(upstream:track)%00%(upstream:remotename)%00%(upstream:remoteref) refs/heads/main refs/remotes/main [2ms]
2024-02-27 00:38:23.189 [info] > git status -z -uall [189ms]
2024-02-27 00:38:24.178 [info] > git ls-files --stage -- /home/bitnami/blogger/app_server/controllers/blog.js [9ms]
2024-02-27 00:38:24.188 [info] > git show --textconv :blogger/app_server/controllers/blog.js [29ms]
2024-02-27 00:38:24.192 [info] > git cat-file -s ff153a6c09063124fc067d30d8a025b904a163c1 [6ms]
2024-02-27 00:38:28.209 [info] > git config --get commit.template [7ms]
2024-02-27 00:38:28.210 [info] > git for-each-ref --format=%(refname)%00%(upstream:short)%00%(objectname)%00%(upstream:track)%00%(upstream:remotename)%00%(upstream:remoteref) refs/heads/main refs/remotes/main [2ms]
2024-02-27 00:38:28.404 [info] > git status -z -uall [185ms]
2024-02-27 00:38:30.334 [info] > git show --textconv :controllers/addcontroller.js [11ms]
2024-02-27 00:38:30.336 [info] > git ls-files --stage -- /home/bitnami/todo/controllers/addcontroller.js [3ms]
2024-02-27 00:38:30.344 [info] > git cat-file -s fbac7c608e477388ebb3cc85784e204fab7d0e74 [2ms]
2024-02-27 00:38:33.422 [info] > git config --get commit.template [7ms]
2024-02-27 00:38:33.423 [info] > git for-each-ref --format=%(refname)%00%(upstream:short)%00%(objectname)%00%(upstream:track)%00%(upstream:remotename)%00%(upstream:remoteref) refs/heads/main refs/remotes/main [2ms]
2024-02-27 00:38:33.685 [info] > git show --textconv :controllers/utilController.js [26ms]
2024-02-27 00:38:33.686 [info] > git ls-files --stage -- /home/bitnami/todo/controllers/utilController.js [3ms]
2024-02-27 00:38:33.713 [info] > git cat-file -s 1f30cae3df28b7327a94b06bf2207a5f1eb0540a [6ms]
2024-02-27 00:38:33.724 [info] > git status -z -uall [291ms]
2024-02-27 00:38:38.742 [info] > git config --get commit.template [8ms]
2024-02-27 00:38:38.743 [info] > git for-each-ref --format=%(refname)%00%(upstream:short)%00%(objectname)%00%(upstream:track)%00%(upstream:remotename)%00%(upstream:remoteref) refs/heads/main refs/remotes/main [2ms]
2024-02-27 00:38:38.947 [info] > git status -z -uall [187ms]
2024-02-27 00:38:43.967 [info] > git config --get commit.template [9ms]
2024-02-27 00:38:43.968 [info] > git for-each-ref --format=%(refname)%00%(upstream:short)%00%(objectname)%00%(upstream:track)%00%(upstream:remotename)%00%(upstream:remoteref) refs/heads/main refs/remotes/main [2ms]
2024-02-27 00:38:44.148 [info] > git status -z -uall [171ms]
2024-02-27 00:38:49.167 [info] > git config --get commit.template [6ms]
2024-02-27 00:38:49.168 [info] > git for-each-ref --format=%(refname)%00%(upstream:short)%00%(objectname)%00%(upstream:track)%00%(upstream:remotename)%00%(upstream:remoteref) refs/heads/main refs/remotes/main [2ms]
2024-02-27 00:38:49.387 [info] > git status -z -uall [210ms]
2024-02-27 00:38:50.334 [info] > git show --textconv :blogger/app_server/controllers/blog.js [13ms]
2024-02-27 00:38:50.345 [info] > git ls-files --stage -- /home/bitnami/blogger/app_server/controllers/blog.js [12ms]
2024-02-27 00:38:50.359 [info] > git cat-file -s ff153a6c09063124fc067d30d8a025b904a163c1 [5ms]
2024-02-27 00:38:54.414 [info] > git config --get commit.template [8ms]
2024-02-27 00:38:54.415 [info] > git for-each-ref --format=%(refname)%00%(upstream:short)%00%(objectname)%00%(upstream:track)%00%(upstream:remotename)%00%(upstream:remoteref) refs/heads/main refs/remotes/main [3ms]
2024-02-27 00:38:54.628 [info] > git status -z -uall [206ms]
2024-02-27 00:38:59.645 [info] > git config --get commit.template [2ms]
2024-02-27 00:38:59.656 [info] > git for-each-ref --format=%(refname)%00%(upstream:short)%00%(objectname)%00%(upstream:track)%00%(upstream:remotename)%00%(upstream:remoteref) refs/heads/main refs/remotes/main [2ms]
2024-02-27 00:38:59.855 [info] > git status -z -uall [190ms]
2024-02-27 00:39:04.876 [info] > git config --get commit.template [9ms]
2024-02-27 00:39:04.878 [info] > git for-each-ref --format=%(refname)%00%(upstream:short)%00%(objectname)%00%(upstream:track)%00%(upstream:remotename)%00%(upstream:remoteref) refs/heads/main refs/remotes/main [3ms]
2024-02-27 00:39:05.082 [info] > git status -z -uall [198ms]
2024-02-27 00:39:10.126 [info] > git for-each-ref --format=%(refname)%00%(upstream:short)%00%(objectname)%00%(upstream:track)%00%(upstream:remotename)%00%(upstream:remoteref) refs/heads/main refs/remotes/main [1ms]
2024-02-27 00:39:10.127 [info] > git config --get commit.template [21ms]
2024-02-27 00:39:10.331 [info] > git status -z -uall [194ms]
2024-02-27 00:39:15.346 [info] > git config --get commit.template [1ms]
2024-02-27 00:39:15.354 [info] > git for-each-ref --format=%(refname)%00%(upstream:short)%00%(objectname)%00%(upstream:track)%00%(upstream:remotename)%00%(upstream:remoteref) refs/heads/main refs/remotes/main [2ms]
2024-02-27 00:39:15.539 [info] > git status -z -uall [178ms]
2024-02-27 00:39:20.553 [info] > git config --get commit.template [1ms]
2024-02-27 00:39:20.562 [info] > git for-each-ref --format=%(refname)%00%(upstream:short)%00%(objectname)%00%(upstream:track)%00%(upstream:remotename)%00%(upstream:remoteref) refs/heads/main refs/remotes/main [2ms]
2024-02-27 00:39:20.779 [info] > git status -z -uall [210ms]
2024-02-27 00:39:25.807 [info] > git config --get commit.template [15ms]
2024-02-27 00:39:25.809 [info] > git for-each-ref --format=%(refname)%00%(upstream:short)%00%(objectname)%00%(upstream:track)%00%(upstream:remotename)%00%(upstream:remoteref) refs/heads/main refs/remotes/main [2ms]
2024-02-27 00:39:26.002 [info] > git status -z -uall [182ms]
2024-02-27 00:39:31.039 [info] > git config --get commit.template [19ms]
2024-02-27 00:39:31.041 [info] > git for-each-ref --format=%(refname)%00%(upstream:short)%00%(objectname)%00%(upstream:track)%00%(upstream:remotename)%00%(upstream:remoteref) refs/heads/main refs/remotes/main [3ms]
2024-02-27 00:39:31.225 [info] > git status -z -uall [175ms]
2024-02-27 00:39:32.790 [info] > git show --textconv :controllers/addcontroller.js [7ms]
2024-02-27 00:39:32.792 [info] > git ls-files --stage -- /home/bitnami/todo/controllers/addcontroller.js [3ms]
2024-02-27 00:39:32.800 [info] > git cat-file -s fbac7c608e477388ebb3cc85784e204fab7d0e74 [2ms]
2024-02-27 00:39:36.248 [info] > git config --get commit.template [8ms]
2024-02-27 00:39:36.249 [info] > git for-each-ref --format=%(refname)%00%(upstream:short)%00%(objectname)%00%(upstream:track)%00%(upstream:remotename)%00%(upstream:remoteref) refs/heads/main refs/remotes/main [2ms]
2024-02-27 00:39:36.438 [info] > git status -z -uall [182ms]
2024-02-27 00:39:41.459 [info] > git config --get commit.template [7ms]
2024-02-27 00:39:41.460 [info] > git for-each-ref --format=%(refname)%00%(upstream:short)%00%(objectname)%00%(upstream:track)%00%(upstream:remotename)%00%(upstream:remoteref) refs/heads/main refs/remotes/main [2ms]
2024-02-27 00:39:41.676 [info] > git status -z -uall [209ms]
2024-02-27 00:39:46.703 [info] > git config --get commit.template [7ms]
2024-02-27 00:39:46.704 [info] > git for-each-ref --format=%(refname)%00%(upstream:short)%00%(objectname)%00%(upstream:track)%00%(upstream:remotename)%00%(upstream:remoteref) refs/heads/main refs/remotes/main [2ms]
2024-02-27 00:39:46.902 [info] > git status -z -uall [191ms]
2024-02-27 00:39:51.923 [info] > git config --get commit.template [6ms]
2024-02-27 00:39:51.924 [info] > git for-each-ref --format=%(refname)%00%(upstream:short)%00%(objectname)%00%(upstream:track)%00%(upstream:remotename)%00%(upstream:remoteref) refs/heads/main refs/remotes/main [2ms]
2024-02-27 00:39:52.129 [info] > git status -z -uall [198ms]
2024-02-27 00:39:55.913 [info] > git show --textconv :blogger/app_server/controllers/blog.js [12ms]
2024-02-27 00:39:55.921 [info] > git ls-files --stage -- /home/bitnami/blogger/app_server/controllers/blog.js [11ms]
2024-02-27 00:39:55.935 [info] > git cat-file -s ff153a6c09063124fc067d30d8a025b904a163c1 [1ms]
2024-02-27 00:39:57.151 [info] > git config --get commit.template [6ms]
2024-02-27 00:39:57.153 [info] > git for-each-ref --format=%(refname)%00%(upstream:short)%00%(objectname)%00%(upstream:track)%00%(upstream:remotename)%00%(upstream:remoteref) refs/heads/main refs/remotes/main [2ms]
2024-02-27 00:39:57.419 [info] > git status -z -uall [260ms]
2024-02-27 00:40:00.788 [info] > git show --textconv :controllers/addcontroller.js [8ms]
2024-02-27 00:40:00.790 [info] > git ls-files --stage -- /home/bitnami/todo/controllers/addcontroller.js [3ms]
2024-02-27 00:40:00.798 [info] > git cat-file -s fbac7c608e477388ebb3cc85784e204fab7d0e74 [2ms]
2024-02-27 00:40:02.442 [info] > git config --get commit.template [9ms]
2024-02-27 00:40:02.444 [info] > git for-each-ref --format=%(refname)%00%(upstream:short)%00%(objectname)%00%(upstream:track)%00%(upstream:remotename)%00%(upstream:remoteref) refs/heads/main refs/remotes/main [3ms]
2024-02-27 00:40:02.666 [info] > git status -z -uall [203ms]
2024-02-27 00:40:07.684 [info] > git config --get commit.template [6ms]
2024-02-27 00:40:07.685 [info] > git for-each-ref --format=%(refname)%00%(upstream:short)%00%(objectname)%00%(upstream:track)%00%(upstream:remotename)%00%(upstream:remoteref) refs/heads/main refs/remotes/main [2ms]
2024-02-27 00:40:07.883 [info] > git status -z -uall [192ms]
2024-02-27 00:40:09.255 [info] > git show --textconv :controllers/completeController.js [11ms]
2024-02-27 00:40:09.257 [info] > git ls-files --stage -- /home/bitnami/todo/controllers/completeController.js [3ms]
2024-02-27 00:40:09.271 [info] > git cat-file -s f8e25eeaa8134a3c883b1c3d97b03f4d1a33ee7e [3ms]
2024-02-27 00:40:12.901 [info] > git config --get commit.template [7ms]
2024-02-27 00:40:12.902 [info] > git for-each-ref --format=%(refname)%00%(upstream:short)%00%(objectname)%00%(upstream:track)%00%(upstream:remotename)%00%(upstream:remoteref) refs/heads/main refs/remotes/main [2ms]
2024-02-27 00:40:13.101 [info] > git status -z -uall [192ms]
2024-02-27 00:40:18.124 [info] > git config --get commit.template [8ms]
2024-02-27 00:40:18.127 [info] > git for-each-ref --format=%(refname)%00%(upstream:short)%00%(objectname)%00%(upstream:track)%00%(upstream:remotename)%00%(upstream:remoteref) refs/heads/main refs/remotes/main [3ms]
2024-02-27 00:40:18.317 [info] > git status -z -uall [181ms]
2024-02-27 00:40:23.339 [info] > git config --get commit.template [7ms]
2024-02-27 00:40:23.340 [info] > git for-each-ref --format=%(refname)%00%(upstream:short)%00%(objectname)%00%(upstream:track)%00%(upstream:remotename)%00%(upstream:remoteref) refs/heads/main refs/remotes/main [2ms]
2024-02-27 00:40:23.537 [info] > git status -z -uall [186ms]
2024-02-27 00:40:28.560 [info] > git config --get commit.template [8ms]
2024-02-27 00:40:28.561 [info] > git for-each-ref --format=%(refname)%00%(upstream:short)%00%(objectname)%00%(upstream:track)%00%(upstream:remotename)%00%(upstream:remoteref) refs/heads/main refs/remotes/main [3ms]
2024-02-27 00:40:28.787 [info] > git status -z -uall [210ms]
2024-02-27 00:40:29.189 [info] > git show --textconv :blogger/app_server/controllers/blog.js [13ms]
2024-02-27 00:40:29.195 [info] > git ls-files --stage -- /home/bitnami/blogger/app_server/controllers/blog.js [11ms]
2024-02-27 00:40:29.205 [info] > git cat-file -s ff153a6c09063124fc067d30d8a025b904a163c1 [4ms]
2024-02-27 00:40:33.810 [info] > git config --get commit.template [9ms]
2024-02-27 00:40:33.811 [info] > git for-each-ref --format=%(refname)%00%(upstream:short)%00%(objectname)%00%(upstream:track)%00%(upstream:remotename)%00%(upstream:remoteref) refs/heads/main refs/remotes/main [2ms]
2024-02-27 00:40:34.050 [info] > git status -z -uall [231ms]
2024-02-27 00:40:38.223 [info] > git show --textconv :controllers/completeController.js [8ms]
2024-02-27 00:40:38.225 [info] > git ls-files --stage -- /home/bitnami/todo/controllers/completeController.js [3ms]
2024-02-27 00:40:38.232 [info] > git cat-file -s f8e25eeaa8134a3c883b1c3d97b03f4d1a33ee7e [1ms]
2024-02-27 00:40:39.070 [info] > git config --get commit.template [7ms]
2024-02-27 00:40:39.071 [info] > git for-each-ref --format=%(refname)%00%(upstream:short)%00%(objectname)%00%(upstream:track)%00%(upstream:remotename)%00%(upstream:remoteref) refs/heads/main refs/remotes/main [2ms]
2024-02-27 00:40:39.259 [info] > git status -z -uall [180ms]
2024-02-27 00:40:39.630 [info] > git show --textconv :controllers/deletecontroller.js [9ms]
2024-02-27 00:40:39.632 [info] > git ls-files --stage -- /home/bitnami/todo/controllers/deletecontroller.js [3ms]
2024-02-27 00:40:39.641 [info] > git cat-file -s 783539b894214155d88fcb9af0ac6927aa33d6ed [2ms]
2024-02-27 00:40:44.280 [info] > git config --get commit.template [7ms]
2024-02-27 00:40:44.281 [info] > git for-each-ref --format=%(refname)%00%(upstream:short)%00%(objectname)%00%(upstream:track)%00%(upstream:remotename)%00%(upstream:remoteref) refs/heads/main refs/remotes/main [2ms]
2024-02-27 00:40:44.474 [info] > git status -z -uall [185ms]
2024-02-27 00:40:49.494 [info] > git config --get commit.template [6ms]
2024-02-27 00:40:49.496 [info] > git for-each-ref --format=%(refname)%00%(upstream:short)%00%(objectname)%00%(upstream:track)%00%(upstream:remotename)%00%(upstream:remoteref) refs/heads/main refs/remotes/main [3ms]
2024-02-27 00:40:49.775 [info] > git status -z -uall [271ms]
2024-02-27 00:40:54.793 [info] > git config --get commit.template [6ms]
2024-02-27 00:40:54.794 [info] > git for-each-ref --format=%(refname)%00%(upstream:short)%00%(objectname)%00%(upstream:track)%00%(upstream:remotename)%00%(upstream:remoteref) refs/heads/main refs/remotes/main [1ms]
2024-02-27 00:40:54.976 [info] > git status -z -uall [177ms]
2024-02-27 00:40:55.372 [info] > git show --textconv :blogger/app_server/controllers/blog.js [14ms]
2024-02-27 00:40:55.378 [info] > git ls-files --stage -- /home/bitnami/blogger/app_server/controllers/blog.js [11ms]
2024-02-27 00:40:55.386 [info] > git cat-file -s ff153a6c09063124fc067d30d8a025b904a163c1 [1ms]
2024-02-27 00:40:59.989 [info] > git config --get commit.template [1ms]
2024-02-27 00:41:00.015 [info] > git for-each-ref --format=%(refname)%00%(upstream:short)%00%(objectname)%00%(upstream:track)%00%(upstream:remotename)%00%(upstream:remoteref) refs/heads/main refs/remotes/main [18ms]
2024-02-27 00:41:00.324 [info] > git status -z -uall [238ms]
2024-02-27 00:41:00.387 [info] > git show --textconv :controllers/deletecontroller.js [9ms]
2024-02-27 00:41:00.388 [info] > git ls-files --stage -- /home/bitnami/todo/controllers/deletecontroller.js [2ms]
2024-02-27 00:41:00.396 [info] > git cat-file -s 783539b894214155d88fcb9af0ac6927aa33d6ed [1ms]
2024-02-27 00:41:01.755 [info] > git show --textconv :controllers/editController.js [12ms]
2024-02-27 00:41:01.756 [info] > git ls-files --stage -- /home/bitnami/todo/controllers/editController.js [3ms]
2024-02-27 00:41:01.771 [info] > git cat-file -s 3450f96cfe54796a206021c12af4c8e49188cd22 [2ms]
2024-02-27 00:41:05.342 [info] > git config --get commit.template [8ms]
2024-02-27 00:41:05.343 [info] > git for-each-ref --format=%(refname)%00%(upstream:short)%00%(objectname)%00%(upstream:track)%00%(upstream:remotename)%00%(upstream:remoteref) refs/heads/main refs/remotes/main [2ms]
2024-02-27 00:41:05.505 [info] > git status -z -uall [154ms]
2024-02-27 00:41:10.524 [info] > git config --get commit.template [8ms]
2024-02-27 00:41:10.525 [info] > git for-each-ref --format=%(refname)%00%(upstream:short)%00%(objectname)%00%(upstream:track)%00%(upstream:remotename)%00%(upstream:remoteref) refs/heads/main refs/remotes/main [3ms]
2024-02-27 00:41:10.708 [info] > git status -z -uall [175ms]
2024-02-27 00:41:11.300 [info] > git show --textconv :blogger/app_server/controllers/blog.js [15ms]
2024-02-27 00:41:11.308 [info] > git ls-files --stage -- /home/bitnami/blogger/app_server/controllers/blog.js [12ms]
2024-02-27 00:41:11.320 [info] > git cat-file -s ff153a6c09063124fc067d30d8a025b904a163c1 [3ms]
2024-02-27 00:41:15.736 [info] > git show --textconv :controllers/editController.js [20ms]
2024-02-27 00:41:15.737 [info] > git ls-files --stage -- /home/bitnami/todo/controllers/editController.js [11ms]
2024-02-27 00:41:15.746 [info] > git config --get commit.template [11ms]
2024-02-27 00:41:15.748 [info] > git cat-file -s 3450f96cfe54796a206021c12af4c8e49188cd22 [5ms]
2024-02-27 00:41:15.761 [info] > git for-each-ref --format=%(refname)%00%(upstream:short)%00%(objectname)%00%(upstream:track)%00%(upstream:remotename)%00%(upstream:remoteref) refs/heads/main refs/remotes/main [4ms]
2024-02-27 00:41:15.975 [info] > git status -z -uall [203ms]
2024-02-27 00:41:17.190 [info] > git show --textconv :controllers/showController.js [8ms]
2024-02-27 00:41:17.192 [info] > git ls-files --stage -- /home/bitnami/todo/controllers/showController.js [3ms]
2024-02-27 00:41:17.199 [info] > git cat-file -s 462ec7be53d4311e0df8ca99fee46a256d858863 [1ms]
2024-02-27 00:41:20.993 [info] > git config --get commit.template [7ms]
2024-02-27 00:41:21.005 [info] > git for-each-ref --format=%(refname)%00%(upstream:short)%00%(objectname)%00%(upstream:track)%00%(upstream:remotename)%00%(upstream:remoteref) refs/heads/main refs/remotes/main [1ms]
2024-02-27 00:41:21.199 [info] > git status -z -uall [185ms]
2024-02-27 00:41:24.577 [info] > git show --textconv :blogger/app_server/controllers/blog.js [15ms]
2024-02-27 00:41:24.587 [info] > git ls-files --stage -- /home/bitnami/blogger/app_server/controllers/blog.js [13ms]
2024-02-27 00:41:24.598 [info] > git cat-file -s ff153a6c09063124fc067d30d8a025b904a163c1 [2ms]
2024-02-27 00:41:26.222 [info] > git config --get commit.template [12ms]
2024-02-27 00:41:26.236 [info] > git for-each-ref --format=%(refname)%00%(upstream:short)%00%(objectname)%00%(upstream:track)%00%(upstream:remotename)%00%(upstream:remoteref) refs/heads/main refs/remotes/main [3ms]
2024-02-27 00:41:26.425 [info] > git status -z -uall [180ms]
2024-02-27 00:41:26.833 [info] > git show --textconv :controllers/showController.js [8ms]
2024-02-27 00:41:26.835 [info] > git ls-files --stage -- /home/bitnami/todo/controllers/showController.js [4ms]
2024-02-27 00:41:26.846 [info] > git cat-file -s 462ec7be53d4311e0df8ca99fee46a256d858863 [4ms]
2024-02-27 00:41:31.191 [info] > git show --textconv :blogger/app_server/controllers/blog.js [16ms]
2024-02-27 00:41:31.201 [info] > git ls-files --stage -- /home/bitnami/blogger/app_server/controllers/blog.js [11ms]
2024-02-27 00:41:31.212 [info] > git cat-file -s ff153a6c09063124fc067d30d8a025b904a163c1 [2ms]
2024-02-27 00:41:31.443 [info] > git config --get commit.template [7ms]
2024-02-27 00:41:31.444 [info] > git for-each-ref --format=%(refname)%00%(upstream:short)%00%(objectname)%00%(upstream:track)%00%(upstream:remotename)%00%(upstream:remoteref) refs/heads/main refs/remotes/main [2ms]
2024-02-27 00:41:31.661 [info] > git status -z -uall [211ms]
2024-02-27 00:41:34.058 [info] > git show --textconv :controllers/showController.js [8ms]
2024-02-27 00:41:34.059 [info] > git ls-files --stage -- /home/bitnami/todo/controllers/showController.js [2ms]
2024-02-27 00:41:34.066 [info] > git cat-file -s 462ec7be53d4311e0df8ca99fee46a256d858863 [1ms]
2024-02-27 00:41:35.807 [info] > git show --textconv :controllers/utilController.js [11ms]
2024-02-27 00:41:35.813 [info] > git ls-files --stage -- /home/bitnami/todo/controllers/utilController.js [8ms]
2024-02-27 00:41:35.821 [info] > git cat-file -s 1f30cae3df28b7327a94b06bf2207a5f1eb0540a [2ms]
2024-02-27 00:41:36.681 [info] > git config --get commit.template [9ms]
2024-02-27 00:41:36.682 [info] > git for-each-ref --format=%(refname)%00%(upstream:short)%00%(objectname)%00%(upstream:track)%00%(upstream:remotename)%00%(upstream:remoteref) refs/heads/main refs/remotes/main [2ms]
2024-02-27 00:41:36.874 [info] > git status -z -uall [182ms]
2024-02-27 00:41:40.121 [info] > git show --textconv :blogger/app_server/controllers/blog.js [8ms]
2024-02-27 00:41:40.128 [info] > git ls-files --stage -- /home/bitnami/blogger/app_server/controllers/blog.js [10ms]
2024-02-27 00:41:40.137 [info] > git cat-file -s ff153a6c09063124fc067d30d8a025b904a163c1 [3ms]
2024-02-27 00:41:41.892 [info] > git config --get commit.template [7ms]
2024-02-27 00:41:41.893 [info] > git for-each-ref --format=%(refname)%00%(upstream:short)%00%(objectname)%00%(upstream:track)%00%(upstream:remotename)%00%(upstream:remoteref) refs/heads/main refs/remotes/main [2ms]
2024-02-27 00:41:42.084 [info] > git status -z -uall [182ms]
2024-02-27 00:41:47.103 [info] > git config --get commit.template [8ms]
2024-02-27 00:41:47.105 [info] > git for-each-ref --format=%(refname)%00%(upstream:short)%00%(objectname)%00%(upstream:track)%00%(upstream:remotename)%00%(upstream:remoteref) refs/heads/main refs/remotes/main [3ms]
2024-02-27 00:41:47.305 [info] > git status -z -uall [189ms]
2024-02-27 00:41:49.077 [info] > git merge-base refs/heads/main refs/remotes/main/main [3ms]
2024-02-27 00:41:49.101 [info] > git rev-list --count --left-right refs/heads/main...refs/remotes/main/main [15ms]
2024-02-27 00:41:49.804 [info] > git check-ignore -v -z --stdin [25ms]
