2024-02-05 00:30:10.956 [info] Log level: Info
2024-02-05 00:30:10.956 [info] Validating found git in: "git"
2024-02-05 00:30:10.956 [info] Using git "2.30.2" from "git"
2024-02-05 00:30:11.005 [info] > git rev-parse --show-toplevel [31ms]
2024-02-05 00:30:11.005 [info] fatal: not a git repository (or any of the parent directories): .git
2024-02-05 00:30:11.237 [info] > git rev-parse --show-toplevel [193ms]
2024-02-05 00:30:11.237 [info] fatal: not a git repository (or any of the parent directories): .git
2024-02-05 00:30:11.358 [info] > git rev-parse --show-toplevel [52ms]
2024-02-05 00:30:11.358 [info] fatal: not a git repository (or any of the parent directories): .git
2024-02-05 00:30:11.424 [info] > git rev-parse --show-toplevel [16ms]
2024-02-05 00:30:11.424 [info] fatal: not a git repository (or any of the parent directories): .git
2024-02-05 00:30:11.452 [info] > git rev-parse --show-toplevel [7ms]
2024-02-05 00:30:11.452 [info] fatal: not a git repository (or any of the parent directories): .git
2024-02-05 00:30:11.484 [info] > git rev-parse --show-toplevel [9ms]
2024-02-05 00:30:11.484 [info] fatal: not a git repository (or any of the parent directories): .git
2024-02-05 00:30:11.513 [info] > git rev-parse --show-toplevel [3ms]
2024-02-05 00:30:11.513 [info] fatal: not a git repository (or any of the parent directories): .git
2024-02-05 00:30:11.541 [info] > git rev-parse --show-toplevel [5ms]
2024-02-05 00:30:11.541 [info] fatal: not a git repository (or any of the parent directories): .git
2024-02-05 00:30:11.570 [info] > git rev-parse --show-toplevel [2ms]
2024-02-05 00:30:11.570 [info] fatal: not a git repository (or any of the parent directories): .git
2024-02-05 00:30:11.608 [info] > git rev-parse --show-toplevel [7ms]
2024-02-05 00:30:11.608 [info] fatal: not a git repository (or any of the parent directories): .git
2024-02-05 00:30:11.656 [info] > git rev-parse --show-toplevel [19ms]
2024-02-05 00:30:11.656 [info] fatal: not a git repository (or any of the parent directories): .git
2024-02-05 00:30:11.687 [info] > git rev-parse --show-toplevel [9ms]
2024-02-05 00:30:11.687 [info] fatal: not a git repository (or any of the parent directories): .git
2024-02-05 00:30:11.713 [info] > git rev-parse --show-toplevel [9ms]
2024-02-05 00:30:11.739 [info] > git rev-parse --git-dir --git-common-dir [14ms]
2024-02-05 00:30:11.778 [info] Open repository: /home/bitnami/todo
2024-02-05 00:30:11.877 [info] > git config --get commit.template [49ms]
2024-02-05 00:30:11.877 [info] > git rev-parse --show-toplevel [14ms]
2024-02-05 00:30:11.878 [info] fatal: not a git repository (or any of the parent directories): .git
2024-02-05 00:30:11.953 [info] > git for-each-ref --format=%(refname)%00%(upstream:short)%00%(objectname)%00%(upstream:track)%00%(upstream:remotename)%00%(upstream:remoteref) refs/heads/master refs/remotes/master [26ms]
2024-02-05 00:30:11.967 [warning] ENOENT: no such file or directory, open '/home/bitnami/todo/.git/refs/remotes/origin/master'
2024-02-05 00:30:11.968 [info] > git rev-parse refs/remotes/origin/master [1ms]
2024-02-05 00:30:12.066 [info] > git status -z -uall [75ms]
2024-02-05 00:30:12.104 [info] > git config --get commit.template [18ms]
2024-02-05 00:30:12.107 [info] > git for-each-ref --format=%(refname)%00%(upstream:short)%00%(objectname)%00%(upstream:track)%00%(upstream:remotename)%00%(upstream:remoteref) refs/heads/master refs/remotes/master [4ms]
2024-02-05 00:30:12.115 [warning] ENOENT: no such file or directory, open '/home/bitnami/todo/.git/refs/remotes/origin/master'
2024-02-05 00:30:12.120 [info] > git rev-parse refs/remotes/origin/master [5ms]
2024-02-05 00:30:12.153 [info] > git status -z -uall [22ms]
2024-02-05 00:30:12.451 [info] > git check-ignore -v -z --stdin [7ms]
2024-02-05 00:30:18.526 [info] > git rev-parse --show-toplevel [26ms]
2024-02-05 00:30:18.526 [info] fatal: not a git repository (or any of the parent directories): .git
2024-02-05 00:30:26.199 [info] > git check-ignore -v -z --stdin [20ms]
2024-02-05 00:30:26.792 [info] > git check-ignore -v -z --stdin [3ms]
2024-02-05 00:30:27.508 [info] > git check-ignore -v -z --stdin [7ms]
2024-02-05 00:30:28.219 [info] > git check-ignore -v -z --stdin [1ms]
2024-02-05 00:31:09.493 [info] > git rev-parse --show-toplevel [5ms]
2024-02-05 00:31:09.493 [info] fatal: not a git repository (or any of the parent directories): .git
2024-02-05 00:31:10.831 [info] > git rev-parse --show-toplevel [2ms]
2024-02-05 00:31:10.831 [info] fatal: not a git repository (or any of the parent directories): .git
2024-02-05 00:31:35.193 [info] > git rev-parse --show-toplevel [10ms]
2024-02-05 00:31:35.193 [info] fatal: not a git repository (or any of the parent directories): .git
2024-02-05 00:32:19.460 [info] > git check-ignore -v -z --stdin [1ms]
2024-02-05 00:35:43.536 [info] > git rev-parse --show-toplevel [25ms]
2024-02-05 00:35:43.536 [info] fatal: not a git repository (or any of the parent directories): .git
2024-02-05 00:35:45.057 [info] > git rev-parse --show-toplevel [4ms]
2024-02-05 00:35:45.057 [info] fatal: not a git repository (or any of the parent directories): .git
2024-02-05 00:35:53.349 [info] > git rev-parse --show-toplevel [4ms]
2024-02-05 00:35:53.349 [info] fatal: not a git repository (or any of the parent directories): .git
2024-02-05 00:35:55.699 [info] > git rev-parse --show-toplevel [4ms]
2024-02-05 00:35:55.699 [info] fatal: not a git repository (or any of the parent directories): .git
2024-02-05 00:36:01.397 [info] > git rev-parse --show-toplevel [4ms]
2024-02-05 00:36:01.397 [info] fatal: not a git repository (or any of the parent directories): .git
2024-02-05 00:36:07.393 [info] > git rev-parse --show-toplevel [2ms]
2024-02-05 00:36:07.393 [info] fatal: not a git repository (or any of the parent directories): .git
2024-02-05 00:36:45.384 [info] > git rev-parse --show-toplevel [2ms]
2024-02-05 00:36:45.384 [info] fatal: not a git repository (or any of the parent directories): .git
2024-02-05 00:37:06.260 [info] > git rev-parse --show-toplevel [4ms]
2024-02-05 00:37:06.260 [info] fatal: not a git repository (or any of the parent directories): .git
2024-02-05 00:37:08.551 [info] > git rev-parse --show-toplevel [5ms]
2024-02-05 00:37:08.551 [info] fatal: not a git repository (or any of the parent directories): .git
2024-02-05 00:38:47.898 [info] > git ls-files --stage -- /home/bitnami/todo/readme.md [2ms]
2024-02-05 00:38:47.907 [info] > git show --textconv :readme.md [20ms]
2024-02-05 00:38:47.908 [info] > git cat-file -s dc835846df4f75f580390fe24c8543dc4a8f7927 [2ms]
2024-02-05 00:39:34.068 [info] > git rev-parse --show-toplevel [1ms]
2024-02-05 00:39:34.078 [info] > git rev-parse --git-dir --git-common-dir [1ms]
2024-02-05 00:39:34.089 [info] Open repository: /home/bitnami
2024-02-05 00:39:34.111 [info] No remotes found in the git config file.
2024-02-05 00:39:34.112 [info] > git config --get commit.template [11ms]
2024-02-05 00:39:34.113 [info] > git for-each-ref --format=%(refname)%00%(upstream:short)%00%(objectname)%00%(upstream:track)%00%(upstream:remotename)%00%(upstream:remoteref) refs/heads/master refs/remotes/master [3ms]
2024-02-05 00:39:34.113 [warning] No such branch: master.
2024-02-05 00:39:34.609 [info] > git status -z -uall [488ms] (cancelled)
2024-02-05 00:39:34.623 [info] > git check-ignore -v -z --stdin [1ms]
2024-02-05 00:39:34.662 [info] > git check-ignore -v -z --stdin [13ms]
2024-02-05 00:39:34.663 [info] > git check-ignore -v -z --stdin [3ms]
2024-02-05 00:39:53.956 [info] > git config --get commit.template [48ms]
2024-02-05 00:39:53.978 [info] No remotes found in the git config file.
2024-02-05 00:39:54.007 [info] > git for-each-ref --format=%(refname)%00%(upstream:short)%00%(objectname)%00%(upstream:track)%00%(upstream:remotename)%00%(upstream:remoteref) refs/heads/master refs/remotes/master [29ms]
2024-02-05 00:39:54.007 [warning] No such branch: master.
2024-02-05 00:39:54.466 [info] > git status -z -uall [442ms] (cancelled)
2024-02-05 00:40:30.688 [info] > git ls-files --stage -- /home/bitnami/todo/readme.md [1ms]
2024-02-05 00:40:30.701 [info] > git cat-file -s dc835846df4f75f580390fe24c8543dc4a8f7927 [1ms]
2024-02-05 00:40:30.739 [info] > git show --textconv :readme.md [1ms]
2024-02-05 00:40:53.826 [info] > git ls-files --stage -- /home/bitnami/todo/readme.md [1ms]
2024-02-05 00:40:53.837 [info] > git cat-file -s dc835846df4f75f580390fe24c8543dc4a8f7927 [1ms]
2024-02-05 00:40:53.874 [info] > git show --textconv :readme.md [2ms]
2024-02-05 00:41:09.386 [info] > git ls-files --stage -- /home/bitnami/todo/readme.md [2ms]
2024-02-05 00:41:09.397 [info] > git cat-file -s dc835846df4f75f580390fe24c8543dc4a8f7927 [1ms]
2024-02-05 00:41:09.431 [info] > git show --textconv :readme.md [2ms]
2024-02-05 00:41:21.869 [info] > git ls-files --stage -- /home/bitnami/todo/readme.md [2ms]
2024-02-05 00:41:21.878 [info] > git cat-file -s dc835846df4f75f580390fe24c8543dc4a8f7927 [1ms]
2024-02-05 00:41:21.958 [info] > git show --textconv :readme.md [2ms]
2024-02-05 00:41:53.070 [info] > git merge-base refs/heads/master refs/remotes/origin/master [4ms]
2024-02-05 00:41:53.085 [info] > git rev-list --count --left-right refs/heads/master...refs/remotes/origin/master [1ms]
2024-02-05 00:41:54.093 [info] > git check-ignore -v -z --stdin [13ms]
2024-02-05 00:41:54.093 [info] > git check-ignore -v -z --stdin [2ms]
2024-02-05 00:41:58.223 [info] > git check-ignore -v -z --stdin [2ms]
2024-02-05 00:42:14.225 [info] > git check-ignore -v -z --stdin [1ms]
2024-02-05 00:46:06.716 [info] > git ls-files --stage -- /home/bitnami/todo/readme.md [1ms]
2024-02-05 00:46:06.728 [info] > git cat-file -s dc835846df4f75f580390fe24c8543dc4a8f7927 [1ms]
2024-02-05 00:46:06.764 [info] > git show --textconv :readme.md [1ms]
2024-02-05 00:46:38.515 [info] > git check-ignore -v -z --stdin [2ms]
2024-02-05 00:51:06.839 [info] > git show --textconv :.cache/typescript/5.3/package-lock.json [11ms]
2024-02-05 00:51:06.841 [info] > git ls-files --stage -- /home/bitnami/.cache/typescript/5.3/package-lock.json [3ms]
2024-02-05 00:51:07.073 [info] > git check-ignore -v -z --stdin [1ms]
2024-02-05 00:51:13.491 [info] > git check-ignore -v -z --stdin [2ms]
2024-02-05 00:53:57.679 [info] > git show --textconv :README.md [11ms]
2024-02-05 00:53:57.681 [info] > git ls-files --stage -- /home/bitnami/README.md [2ms]
2024-02-05 00:53:57.693 [info] > git cat-file -s 90d8d9dadeb6c168f1880062a0d531b826edf3f5 [2ms]
2024-02-05 00:54:31.428 [info] > git ls-files --stage -- /home/bitnami/README.md [2ms]
2024-02-05 00:54:31.448 [info] > git cat-file -s 90d8d9dadeb6c168f1880062a0d531b826edf3f5 [8ms]
2024-02-05 00:54:31.486 [info] > git show --textconv :README.md [2ms]
2024-02-05 00:54:38.785 [info] > git for-each-ref --sort -committerdate --format %(refname) %(objectname) %(*objectname) [1ms]
2024-02-05 00:54:40.298 [info] > git checkout -q main [3ms]
2024-02-05 00:54:40.331 [info] > git config --get commit.template [18ms]
2024-02-05 00:54:40.332 [info] > git for-each-ref --format=%(refname)%00%(upstream:short)%00%(objectname)%00%(upstream:track)%00%(upstream:remotename)%00%(upstream:remoteref) refs/heads/main refs/remotes/main [5ms]
2024-02-05 00:54:42.056 [info] > git status -z -uall [1712ms] (cancelled)
2024-02-05 00:54:42.152 [info] > git ls-files --stage -- /home/bitnami/README.md [1ms]
2024-02-05 00:54:42.167 [info] > git cat-file -s 90d8d9dadeb6c168f1880062a0d531b826edf3f5 [2ms]
2024-02-05 00:54:42.216 [info] > git show --textconv :README.md [4ms]
2024-02-05 00:54:45.501 [info] > git ls-files --stage -- /home/bitnami/README.md [1ms]
2024-02-05 00:54:45.512 [info] > git cat-file -s 90d8d9dadeb6c168f1880062a0d531b826edf3f5 [1ms]
2024-02-05 00:54:45.548 [info] > git show --textconv :README.md [2ms]
2024-02-05 00:55:16.451 [info] > git ls-files --stage -- /home/bitnami/README.md [1ms]
2024-02-05 00:55:16.461 [info] > git cat-file -s 74009e1fbac97e0b22a55ae4e89f24d98732c091 [1ms]
2024-02-05 00:55:16.497 [info] > git show --textconv :README.md [2ms]
2024-02-05 00:55:20.689 [info] > git ls-files --stage -- /home/bitnami/README.md [2ms]
2024-02-05 00:55:20.706 [info] > git cat-file -s 74009e1fbac97e0b22a55ae4e89f24d98732c091 [2ms]
2024-02-05 00:55:20.741 [info] > git show --textconv :README.md [2ms]
2024-02-05 00:55:38.005 [info] > git check-ignore -v -z --stdin [1ms]
2024-02-05 00:57:15.000 [info] > git check-ignore -v -z --stdin [1ms]
2024-02-05 00:57:53.987 [info] > git config --get commit.template [13ms]
2024-02-05 00:57:53.987 [info] > git for-each-ref --format=%(refname)%00%(upstream:short)%00%(objectname)%00%(upstream:track)%00%(upstream:remotename)%00%(upstream:remoteref) refs/heads/master refs/remotes/master [3ms]
2024-02-05 00:57:54.000 [warning] ENOENT: no such file or directory, open '/home/bitnami/todo/.git/refs/remotes/origin/master'
2024-02-05 00:57:54.001 [info] > git rev-parse refs/remotes/origin/master [3ms]
2024-02-05 00:57:54.054 [info] > git status -z -uall [43ms]
2024-02-05 00:58:43.275 [info] > git ls-files --stage -- /home/bitnami/README.md [1ms]
2024-02-05 00:58:43.285 [info] > git cat-file -s 74009e1fbac97e0b22a55ae4e89f24d98732c091 [1ms]
2024-02-05 00:58:43.320 [info] > git show --textconv :README.md [1ms]
2024-02-05 00:58:58.892 [info] > git ls-files --stage -- /home/bitnami/README.md [1ms]
2024-02-05 00:58:58.901 [info] > git cat-file -s 74009e1fbac97e0b22a55ae4e89f24d98732c091 [1ms]
2024-02-05 00:58:58.936 [info] > git show --textconv :README.md [2ms]
2024-02-05 00:59:01.676 [info] > git merge-base refs/heads/main refs/remotes/origin/main [1ms]
2024-02-05 00:59:01.691 [info] > git rev-list --count --left-right refs/heads/main...refs/remotes/origin/main [2ms]
2024-02-05 00:59:09.238 [info] > git add -A -- /home/bitnami/README.md [7ms]
2024-02-05 00:59:09.295 [info] > git config --get commit.template [12ms]
2024-02-05 00:59:09.296 [info] > git for-each-ref --format=%(refname)%00%(upstream:short)%00%(objectname)%00%(upstream:track)%00%(upstream:remotename)%00%(upstream:remoteref) refs/heads/main refs/remotes/main [3ms]
2024-02-05 00:59:11.194 [info] > git status -z -uall [1884ms] (cancelled)
2024-02-05 00:59:11.257 [info] > git merge-base refs/heads/main refs/remotes/origin/main [19ms]
2024-02-05 00:59:11.276 [info] > git rev-list --count --left-right refs/heads/main...refs/remotes/origin/main [3ms]
2024-02-05 00:59:19.008 [info] > git log --format=%H%n%aN%n%aE%n%at%n%ct%n%P%n%D%n%B -z --shortstat --author-date-order 80547cbbae72a0ceecfbd75aedb2372c2352112b..07648edd67c3bc1e6943840f79bb2c939b5de0d0 [2ms]
2024-02-05 00:59:20.034 [info] > git diff --name-status -z --diff-filter=ADMR 80547cbbae72a0ceecfbd75aedb2372c2352112b...07648edd67c3bc1e6943840f79bb2c939b5de0d0 [1ms]
2024-02-05 00:59:20.612 [info] > git check-ignore -v -z --stdin [1ms]
2024-02-05 00:59:22.859 [info] > git show --textconv 80547cbbae72a0ceecfbd75aedb2372c2352112b:README.md [48ms]
2024-02-05 00:59:22.860 [info] > git show --textconv 07648edd67c3bc1e6943840f79bb2c939b5de0d0:README.md [30ms]
2024-02-05 00:59:22.860 [info] > git ls-tree -l 80547cbbae72a0ceecfbd75aedb2372c2352112b -- /home/bitnami/README.md [14ms]
2024-02-05 00:59:22.863 [info] > git ls-tree -l 07648edd67c3bc1e6943840f79bb2c939b5de0d0 -- /home/bitnami/README.md [6ms]
2024-02-05 00:59:23.376 [info] > git check-ignore -v -z --stdin [1ms]
2024-02-05 00:59:30.415 [info] > git show -s --format=%H%n%aN%n%aE%n%at%n%ct%n%P%n%D%n%B -z 07648edd67c3bc1e6943840f79bb2c939b5de0d0 [1ms]
2024-02-05 00:59:30.428 [info] > git diff --name-status -z --diff-filter=ADMR 80547cbbae72a0ceecfbd75aedb2372c2352112b...07648edd67c3bc1e6943840f79bb2c939b5de0d0 [2ms]
2024-02-05 00:59:30.504 [info] > git show --textconv 07648edd67c3bc1e6943840f79bb2c939b5de0d0:README.md [13ms]
2024-02-05 00:59:30.506 [info] > git ls-tree -l 07648edd67c3bc1e6943840f79bb2c939b5de0d0 -- /home/bitnami/README.md [3ms]
2024-02-05 00:59:30.533 [info] > git show --textconv 80547cbbae72a0ceecfbd75aedb2372c2352112b:README.md [13ms]
2024-02-05 00:59:30.534 [info] > git ls-tree -l 80547cbbae72a0ceecfbd75aedb2372c2352112b -- /home/bitnami/README.md [2ms]
2024-02-05 00:59:30.988 [info] > git check-ignore -v -z --stdin [1ms]
2024-02-05 00:59:32.871 [info] > git show --textconv :README.md [13ms]
2024-02-05 00:59:32.872 [info] > git ls-files --stage -- /home/bitnami/README.md [3ms]
2024-02-05 00:59:32.886 [info] > git cat-file -s 74009e1fbac97e0b22a55ae4e89f24d98732c091 [2ms]
2024-02-05 00:59:34.066 [info] > git show --textconv 80547cbbae72a0ceecfbd75aedb2372c2352112b:README.md [35ms]
2024-02-05 00:59:34.066 [info] > git show --textconv 07648edd67c3bc1e6943840f79bb2c939b5de0d0:README.md [24ms]
2024-02-05 00:59:34.066 [info] > git ls-tree -l 07648edd67c3bc1e6943840f79bb2c939b5de0d0 -- /home/bitnami/README.md [3ms]
2024-02-05 00:59:34.067 [info] > git ls-tree -l 80547cbbae72a0ceecfbd75aedb2372c2352112b -- /home/bitnami/README.md [15ms]
2024-02-05 00:59:36.358 [info] > git show --textconv :README.md [17ms]
2024-02-05 00:59:36.359 [info] > git ls-files --stage -- /home/bitnami/README.md [3ms]
2024-02-05 00:59:36.373 [info] > git cat-file -s 74009e1fbac97e0b22a55ae4e89f24d98732c091 [3ms]
2024-02-05 00:59:39.375 [info] > git show --textconv :readme.md [13ms]
2024-02-05 00:59:39.376 [info] > git ls-files --stage -- /home/bitnami/todo/readme.md [2ms]
2024-02-05 00:59:39.390 [info] > git cat-file -s dc835846df4f75f580390fe24c8543dc4a8f7927 [2ms]
2024-02-05 00:59:40.696 [info] > git show --textconv :README.md [34ms]
2024-02-05 00:59:40.699 [info] > git ls-files --stage -- /home/bitnami/README.md [5ms]
2024-02-05 00:59:40.715 [info] > git cat-file -s 74009e1fbac97e0b22a55ae4e89f24d98732c091 [3ms]
2024-02-05 00:59:41.842 [info] > git show --textconv 80547cbbae72a0ceecfbd75aedb2372c2352112b:README.md [39ms]
2024-02-05 00:59:41.842 [info] > git show --textconv 07648edd67c3bc1e6943840f79bb2c939b5de0d0:README.md [26ms]
2024-02-05 00:59:41.843 [info] > git ls-tree -l 07648edd67c3bc1e6943840f79bb2c939b5de0d0 -- /home/bitnami/README.md [2ms]
2024-02-05 00:59:41.843 [info] > git ls-tree -l 80547cbbae72a0ceecfbd75aedb2372c2352112b -- /home/bitnami/README.md [14ms]
2024-02-05 00:59:43.658 [info] > git show --textconv :README.md [14ms]
2024-02-05 00:59:43.660 [info] > git ls-files --stage -- /home/bitnami/README.md [2ms]
2024-02-05 00:59:43.672 [info] > git cat-file -s 74009e1fbac97e0b22a55ae4e89f24d98732c091 [1ms]
2024-02-05 00:59:55.920 [info] > git show --textconv 80547cbbae72a0ceecfbd75aedb2372c2352112b:README.md [38ms]
2024-02-05 00:59:55.920 [info] > git show --textconv 07648edd67c3bc1e6943840f79bb2c939b5de0d0:README.md [29ms]
2024-02-05 00:59:55.920 [info] > git ls-tree -l 80547cbbae72a0ceecfbd75aedb2372c2352112b -- /home/bitnami/README.md [17ms]
2024-02-05 00:59:55.923 [info] > git ls-tree -l 07648edd67c3bc1e6943840f79bb2c939b5de0d0 -- /home/bitnami/README.md [8ms]
2024-02-05 01:00:05.521 [info] > git ls-tree -l 80547cbbae72a0ceecfbd75aedb2372c2352112b -- /home/bitnami/README.md [40ms]
2024-02-05 01:00:05.523 [info] > git ls-tree -l 07648edd67c3bc1e6943840f79bb2c939b5de0d0 -- /home/bitnami/README.md [7ms]
2024-02-05 01:00:05.569 [info] > git show --textconv 80547cbbae72a0ceecfbd75aedb2372c2352112b:README.md [4ms]
2024-02-05 01:00:05.604 [info] > git show --textconv 07648edd67c3bc1e6943840f79bb2c939b5de0d0:README.md [4ms]
2024-02-05 01:00:17.273 [info] > git ls-tree -l 80547cbbae72a0ceecfbd75aedb2372c2352112b -- /home/bitnami/README.md [13ms]
2024-02-05 01:00:17.274 [info] > git ls-tree -l 07648edd67c3bc1e6943840f79bb2c939b5de0d0 -- /home/bitnami/README.md [2ms]
2024-02-05 01:00:43.897 [info] > git ls-tree -l 80547cbbae72a0ceecfbd75aedb2372c2352112b -- /home/bitnami/README.md [11ms]
2024-02-05 01:00:43.898 [info] > git ls-tree -l 07648edd67c3bc1e6943840f79bb2c939b5de0d0 -- /home/bitnami/README.md [2ms]
2024-02-05 01:00:55.377 [info] > git config --get commit.template [13ms]
2024-02-05 01:00:55.377 [info] > git for-each-ref --format=%(refname)%00%(upstream:short)%00%(objectname)%00%(upstream:track)%00%(upstream:remotename)%00%(upstream:remoteref) refs/heads/master refs/remotes/master [3ms]
2024-02-05 01:00:55.389 [warning] ENOENT: no such file or directory, open '/home/bitnami/todo/.git/refs/remotes/origin/master'
2024-02-05 01:00:55.390 [info] > git rev-parse refs/remotes/origin/master [2ms]
2024-02-05 01:00:55.412 [info] > git status -z -uall [12ms]
2024-02-05 01:01:22.955 [info] > git config --get commit.template [11ms]
2024-02-05 01:01:22.955 [info] > git for-each-ref --format=%(refname)%00%(upstream:short)%00%(objectname)%00%(upstream:track)%00%(upstream:remotename)%00%(upstream:remoteref) refs/heads/master refs/remotes/master [2ms]
2024-02-05 01:01:22.964 [warning] ENOENT: no such file or directory, open '/home/bitnami/todo/.git/refs/remotes/origin/master'
2024-02-05 01:01:22.965 [info] > git rev-parse refs/remotes/origin/master [1ms]
2024-02-05 01:01:22.985 [info] > git status -z -uall [11ms]
2024-02-05 01:01:23.022 [info] > git merge-base refs/heads/master refs/remotes/origin/master [3ms]
2024-02-05 01:01:23.034 [info] > git rev-list --count --left-right refs/heads/master...refs/remotes/origin/master [2ms]
2024-02-05 01:01:24.606 [info] > git for-each-ref --format=%(refname)%00%(upstream:short)%00%(objectname)%00%(upstream:track)%00%(upstream:remotename)%00%(upstream:remoteref) refs/heads/master refs/remotes/master [3ms]
2024-02-05 01:01:24.606 [info] > git config --get commit.template [12ms]
2024-02-05 01:01:24.615 [warning] ENOENT: no such file or directory, open '/home/bitnami/todo/.git/refs/remotes/origin/master'
2024-02-05 01:01:24.616 [info] > git rev-parse refs/remotes/origin/master [1ms]
2024-02-05 01:01:24.677 [info] > git status -z -uall [42ms]
2024-02-05 01:01:24.715 [info] > git merge-base refs/heads/master refs/remotes/origin/master [2ms]
2024-02-05 01:01:24.728 [info] > git rev-list --count --left-right refs/heads/master...refs/remotes/origin/master [2ms]
2024-02-05 01:01:53.471 [info] > git show --textconv :bitnami_application_password [23ms]
2024-02-05 01:01:53.479 [info] > git ls-files --stage -- /home/bitnami/bitnami_application_password [10ms]
2024-02-05 01:04:16.648 [info] > git check-ignore -v -z --stdin [2ms]
2024-02-05 01:05:04.654 [info] > git check-ignore -v -z --stdin [2ms]
2024-02-05 01:05:09.619 [info] > git check-ignore -v -z --stdin [17ms]
2024-02-05 01:05:13.459 [info] > git check-ignore -v -z --stdin [5ms]
2024-02-05 01:05:36.626 [info] > git show --textconv HEAD:bitnami_application_password [14ms]
2024-02-05 01:05:36.628 [info] > git ls-tree -l HEAD -- /home/bitnami/bitnami_application_password [2ms]
2024-02-05 01:05:39.153 [info] > git show --textconv :README.md [31ms]
2024-02-05 01:05:39.155 [info] > git ls-files --stage -- /home/bitnami/README.md [5ms]
2024-02-05 01:05:39.167 [info] > git cat-file -s 74009e1fbac97e0b22a55ae4e89f24d98732c091 [2ms]
2024-02-05 01:06:34.076 [info] > git config --get commit.template [18ms]
2024-02-05 01:06:34.079 [info] > git for-each-ref --format=%(refname)%00%(upstream:short)%00%(objectname)%00%(upstream:track)%00%(upstream:remotename)%00%(upstream:remoteref) refs/heads/master refs/remotes/master [5ms]
2024-02-05 01:06:34.092 [warning] ENOENT: no such file or directory, open '/home/bitnami/todo/.git/refs/remotes/origin/master'
2024-02-05 01:06:34.094 [info] > git rev-parse refs/remotes/origin/master [2ms]
2024-02-05 01:06:34.127 [info] > git status -z -uall [18ms]
