2024-02-05 23:04:16.547 [info] Starting TS Server
2024-02-05 23:04:16.547 [info] Using tsserver from: /home/bitnami/.vscode-server/bin/05047486b6df5eb8d44b2ecd70ea3bdf775fd937/extensions/node_modules/typescript/lib/tsserver.js
2024-02-05 23:04:16.547 [info] <syntax> Forking...
2024-02-05 23:04:16.548 [info] <syntax> Starting...
2024-02-05 23:04:16.548 [info] <semantic> Forking...
2024-02-05 23:04:16.549 [info] <semantic> Starting...
2024-02-05 23:38:03.881 [error] TSServer exited. Code: null. Signal: SIGKILL
2024-02-05 23:38:03.883 [info] Starting TS Server
2024-02-05 23:38:03.883 [info] Using tsserver from: /home/bitnami/.vscode-server/bin/05047486b6df5eb8d44b2ecd70ea3bdf775fd937/extensions/node_modules/typescript/lib/tsserver.js
2024-02-05 23:38:03.883 [info] <syntax> Forking...
2024-02-05 23:38:03.883 [info] <syntax> Starting...
2024-02-05 23:38:03.883 [info] <semantic> Forking...
2024-02-05 23:38:03.883 [info] <semantic> Starting...
2024-02-05 23:51:59.180 [error] TSServer exited. Code: null. Signal: SIGKILL
2024-02-05 23:51:59.180 [info] Starting TS Server
2024-02-05 23:51:59.180 [info] Using tsserver from: /home/bitnami/.vscode-server/bin/05047486b6df5eb8d44b2ecd70ea3bdf775fd937/extensions/node_modules/typescript/lib/tsserver.js
2024-02-05 23:51:59.180 [info] <syntax> Forking...
2024-02-05 23:51:59.180 [info] <syntax> Starting...
2024-02-05 23:51:59.180 [info] <semantic> Forking...
2024-02-05 23:51:59.180 [info] <semantic> Starting...
