2024-02-26 22:10:49.212 [info] Log level: Info
2024-02-26 22:10:49.212 [info] Validating found git in: "git"
2024-02-26 22:10:49.212 [info] Using git "2.30.2" from "git"
2024-02-26 22:10:49.213 [info] > git rev-parse --show-toplevel [52ms]
2024-02-26 22:10:49.213 [info] > git rev-parse --git-dir --git-common-dir [330ms]
2024-02-26 22:10:49.213 [info] Open repository: /home/bitnami
2024-02-26 22:10:49.432 [info] > git config --get commit.template [35ms]
2024-02-26 22:10:49.433 [info] > git rev-parse --show-toplevel [14ms]
2024-02-26 22:10:49.559 [info] > git for-each-ref --format=%(refname)%00%(upstream:short)%00%(objectname)%00%(upstream:track)%00%(upstream:remotename)%00%(upstream:remoteref) refs/heads/main refs/remotes/main [116ms]
2024-02-26 22:10:49.560 [info] > git rev-parse --show-toplevel [97ms]
2024-02-26 22:10:49.701 [info] > git rev-parse --show-toplevel [60ms]
2024-02-26 22:10:49.783 [info] > git rev-parse --show-toplevel [23ms]
2024-02-26 22:10:49.882 [info] > git rev-parse --show-toplevel [70ms]
2024-02-26 22:10:50.093 [info] > git rev-parse --show-toplevel [106ms]
2024-02-26 22:10:50.286 [info] > git rev-parse --show-toplevel [43ms]
2024-02-26 22:10:50.358 [info] > git rev-parse --show-toplevel [25ms]
2024-02-26 22:10:50.417 [info] > git check-ignore -v -z --stdin [391ms]
2024-02-26 22:10:50.433 [info] > git rev-parse --show-toplevel [20ms]
2024-02-26 22:10:50.487 [info] > git rev-parse --show-toplevel [11ms]
2024-02-26 22:10:50.522 [info] > git rev-parse --show-toplevel [8ms]
2024-02-26 22:10:50.566 [info] > git rev-parse --show-toplevel [8ms]
2024-02-26 22:10:50.593 [info] > git rev-parse --show-toplevel [13ms]
2024-02-26 22:10:50.643 [info] > git rev-parse --show-toplevel [14ms]
2024-02-26 22:10:50.697 [info] > git rev-parse --git-dir --git-common-dir [22ms]
2024-02-26 22:10:50.744 [info] Open repository: /home/bitnami/todo
2024-02-26 22:10:50.854 [info] > git rev-parse --show-toplevel [10ms]
2024-02-26 22:10:50.908 [info] > git config --get commit.template [108ms]
2024-02-26 22:10:50.957 [info] > git for-each-ref --format %(refname) %(objectname) %(*objectname) refs/tags [19ms]
2024-02-26 22:10:50.970 [info] > git ls-files --stage -- /home/bitnami/blogger/app_api/controllers/blogs.js [63ms]
2024-02-26 22:10:50.988 [info] > git show --textconv :blogger/app_api/controllers/blogs.js [106ms]
2024-02-26 22:10:50.991 [info] > git cat-file -s e69de29bb2d1d6434b8b29ae775ad8c2e48c5391 [4ms]
2024-02-26 22:10:51.029 [info] > git status -z -uall [60ms]
2024-02-26 22:10:51.097 [info] > git config --get commit.template [20ms]
2024-02-26 22:10:51.102 [info] > git for-each-ref --format %(refname) %(objectname) %(*objectname) refs/tags [6ms]
2024-02-26 22:10:51.297 [info] > git status -z -uall [183ms]
2024-02-26 22:10:51.623 [info] > git check-ignore -v -z --stdin [223ms]
2024-02-26 22:10:53.150 [info] > git status -z -uall [3452ms]
2024-02-26 22:10:53.209 [info] > git config --get commit.template [22ms]
2024-02-26 22:10:53.244 [info] > git for-each-ref --format=%(refname)%00%(upstream:short)%00%(objectname)%00%(upstream:track)%00%(upstream:remotename)%00%(upstream:remoteref) refs/heads/main refs/remotes/main [8ms]
2024-02-26 22:10:54.762 [info] > git status -z -uall [1497ms]
2024-02-26 22:10:56.182 [info] > git ls-files --stage -- /home/bitnami/blogger/app_api/controllers/blogs.js [25ms]
2024-02-26 22:10:56.194 [info] > git cat-file -s e69de29bb2d1d6434b8b29ae775ad8c2e48c5391 [4ms]
2024-02-26 22:10:56.233 [info] > git show --textconv :blogger/app_api/controllers/blogs.js [13ms]
2024-02-26 22:11:00.093 [info] > git ls-files --stage -- /home/bitnami/blogger/app_api/controllers/blogs.js [14ms]
2024-02-26 22:11:00.107 [info] > git cat-file -s 34e110969537cbc83964549d25747fecf041a15b [4ms]
2024-02-26 22:11:00.191 [info] > git show --textconv :blogger/app_api/controllers/blogs.js [35ms]
2024-02-26 22:11:02.215 [info] > git merge-base refs/heads/main refs/remotes/main/main [12ms]
2024-02-26 22:11:02.231 [info] > git rev-list --count --left-right refs/heads/main...refs/remotes/main/main [6ms]
2024-02-26 22:11:02.942 [info] > git check-ignore -v -z --stdin [18ms]
2024-02-26 22:11:52.991 [info] > git config --get commit.template [9ms]
2024-02-26 22:11:52.993 [info] > git for-each-ref --format=%(refname)%00%(upstream:short)%00%(objectname)%00%(upstream:track)%00%(upstream:remotename)%00%(upstream:remoteref) refs/heads/main refs/remotes/main [3ms]
2024-02-26 22:11:53.599 [info] > git status -z -uall [597ms]
