2024-02-19 03:27:22.677 [info] Log level: Info
2024-02-19 03:27:22.677 [info] Validating found git in: "git"
2024-02-19 03:27:22.677 [info] Using git "2.30.2" from "git"
2024-02-19 03:27:22.683 [info] > git rev-parse --show-toplevel [10ms]
2024-02-19 03:27:22.773 [info] > git rev-parse --git-dir --git-common-dir [7ms]
2024-02-19 03:27:22.799 [info] Open repository: /home/bitnami
2024-02-19 03:27:22.816 [info] > git config --get commit.template [7ms]
2024-02-19 03:27:22.826 [info] > git rev-parse --show-toplevel [12ms]
2024-02-19 03:27:22.838 [info] > git rev-parse --show-toplevel [4ms]
2024-02-19 03:27:22.849 [info] > git for-each-ref --format=%(refname)%00%(upstream:short)%00%(objectname)%00%(upstream:track)%00%(upstream:remotename)%00%(upstream:remoteref) refs/heads/main refs/remotes/main [24ms]
2024-02-19 03:27:22.862 [info] > git rev-parse --show-toplevel [13ms]
2024-02-19 03:27:22.870 [info] > git rev-parse --show-toplevel [3ms]
2024-02-19 03:27:22.879 [info] > git rev-parse --show-toplevel [3ms]
2024-02-19 03:27:22.936 [info] > git rev-parse --show-toplevel [9ms]
2024-02-19 03:27:23.078 [info] > git rev-parse --show-toplevel [10ms]
2024-02-19 03:27:23.105 [info] > git rev-parse --show-toplevel [6ms]
2024-02-19 03:27:23.114 [info] > git rev-parse --show-toplevel [3ms]
2024-02-19 03:27:23.121 [info] > git rev-parse --show-toplevel [2ms]
2024-02-19 03:27:23.127 [info] > git rev-parse --show-toplevel [1ms]
2024-02-19 03:27:23.135 [info] > git rev-parse --show-toplevel [1ms]
2024-02-19 03:27:23.150 [info] > git rev-parse --show-toplevel [1ms]
2024-02-19 03:27:23.176 [info] > git rev-parse --show-toplevel [21ms]
2024-02-19 03:27:23.208 [info] > git rev-parse --git-dir --git-common-dir [24ms]
2024-02-19 03:27:23.227 [info] Open repository: /home/bitnami/todo
2024-02-19 03:27:23.270 [info] > git config --get commit.template [20ms]
2024-02-19 03:27:23.291 [info] > git rev-parse --show-toplevel [23ms]
2024-02-19 03:27:23.348 [info] > git for-each-ref --format=%(refname)%00%(upstream:short)%00%(objectname)%00%(upstream:track)%00%(upstream:remotename)%00%(upstream:remoteref) refs/heads/master refs/remotes/master [59ms]
2024-02-19 03:27:23.355 [warning] ENOENT: no such file or directory, open '/home/bitnami/todo/.git/refs/remotes/origin/master'
2024-02-19 03:27:23.357 [info] > git rev-parse refs/remotes/origin/master [2ms]
2024-02-19 03:27:23.407 [info] > git status -z -uall [42ms]
2024-02-19 03:27:23.435 [info] > git ls-files --stage -- /home/bitnami/blogger/nohup.out [97ms]
2024-02-19 03:27:23.444 [info] > git config --get commit.template [9ms]
2024-02-19 03:27:23.445 [info] > git show --textconv :blogger/nohup.out [120ms]
2024-02-19 03:27:23.445 [info] > git cat-file -s 9852802ba94c3620570e6ce8296a5c8c437c30be [2ms]
2024-02-19 03:27:23.458 [info] > git for-each-ref --format=%(refname)%00%(upstream:short)%00%(objectname)%00%(upstream:track)%00%(upstream:remotename)%00%(upstream:remoteref) refs/heads/master refs/remotes/master [3ms]
2024-02-19 03:27:23.467 [warning] ENOENT: no such file or directory, open '/home/bitnami/todo/.git/refs/remotes/origin/master'
2024-02-19 03:27:23.475 [info] > git rev-parse refs/remotes/origin/master [8ms]
2024-02-19 03:27:23.483 [info] > git status -z -uall [3ms]
2024-02-19 03:27:23.933 [info] > git check-ignore -v -z --stdin [7ms]
2024-02-19 03:27:23.989 [info] > git check-ignore -v -z --stdin [81ms]
2024-02-19 03:27:25.538 [info] > git status -z -uall [2678ms]
2024-02-19 03:27:25.577 [info] > git config --get commit.template [9ms]
2024-02-19 03:27:25.581 [info] > git for-each-ref --format=%(refname)%00%(upstream:short)%00%(objectname)%00%(upstream:track)%00%(upstream:remotename)%00%(upstream:remoteref) refs/heads/main refs/remotes/main [6ms]
2024-02-19 03:27:25.968 [info] > git status -z -uall [379ms]
2024-02-19 03:27:28.682 [info] > git config --get commit.template [6ms]
2024-02-19 03:27:28.682 [info] > git for-each-ref --format=%(refname)%00%(upstream:short)%00%(objectname)%00%(upstream:track)%00%(upstream:remotename)%00%(upstream:remoteref) refs/heads/main refs/remotes/main [1ms]
2024-02-19 03:27:28.899 [info] > git status -z -uall [212ms]
2024-02-19 03:27:33.911 [info] > git config --get commit.template [1ms]
2024-02-19 03:27:33.917 [info] > git for-each-ref --format=%(refname)%00%(upstream:short)%00%(objectname)%00%(upstream:track)%00%(upstream:remotename)%00%(upstream:remoteref) refs/heads/main refs/remotes/main [2ms]
2024-02-19 03:27:34.138 [info] > git status -z -uall [214ms]
2024-02-19 03:27:39.156 [info] > git config --get commit.template [5ms]
2024-02-19 03:27:39.163 [info] > git for-each-ref --format=%(refname)%00%(upstream:short)%00%(objectname)%00%(upstream:track)%00%(upstream:remotename)%00%(upstream:remoteref) refs/heads/main refs/remotes/main [1ms]
2024-02-19 03:27:39.397 [info] > git status -z -uall [226ms]
2024-02-19 03:27:44.409 [info] > git config --get commit.template [1ms]
2024-02-19 03:27:44.415 [info] > git for-each-ref --format=%(refname)%00%(upstream:short)%00%(objectname)%00%(upstream:track)%00%(upstream:remotename)%00%(upstream:remoteref) refs/heads/main refs/remotes/main [2ms]
2024-02-19 03:27:44.635 [info] > git status -z -uall [215ms]
2024-02-19 03:27:49.653 [info] > git config --get commit.template [6ms]
2024-02-19 03:27:49.654 [info] > git for-each-ref --format=%(refname)%00%(upstream:short)%00%(objectname)%00%(upstream:track)%00%(upstream:remotename)%00%(upstream:remoteref) refs/heads/main refs/remotes/main [2ms]
2024-02-19 03:27:49.884 [info] > git status -z -uall [225ms]
2024-02-19 03:27:54.901 [info] > git config --get commit.template [6ms]
2024-02-19 03:27:54.902 [info] > git for-each-ref --format=%(refname)%00%(upstream:short)%00%(objectname)%00%(upstream:track)%00%(upstream:remotename)%00%(upstream:remoteref) refs/heads/main refs/remotes/main [3ms]
2024-02-19 03:27:55.114 [info] > git status -z -uall [206ms]
2024-02-19 03:28:00.154 [info] > git config --get commit.template [14ms]
2024-02-19 03:28:00.158 [info] > git for-each-ref --format=%(refname)%00%(upstream:short)%00%(objectname)%00%(upstream:track)%00%(upstream:remotename)%00%(upstream:remoteref) refs/heads/main refs/remotes/main [6ms]
2024-02-19 03:28:00.477 [info] > git status -z -uall [311ms]
2024-02-19 03:28:05.496 [info] > git config --get commit.template [6ms]
2024-02-19 03:28:05.498 [info] > git for-each-ref --format=%(refname)%00%(upstream:short)%00%(objectname)%00%(upstream:track)%00%(upstream:remotename)%00%(upstream:remoteref) refs/heads/main refs/remotes/main [3ms]
2024-02-19 03:28:05.721 [info] > git status -z -uall [217ms]
2024-02-19 03:28:10.761 [info] > git config --get commit.template [12ms]
2024-02-19 03:28:10.770 [info] > git for-each-ref --format=%(refname)%00%(upstream:short)%00%(objectname)%00%(upstream:track)%00%(upstream:remotename)%00%(upstream:remoteref) refs/heads/main refs/remotes/main [10ms]
2024-02-19 03:28:11.009 [info] > git status -z -uall [232ms]
2024-02-19 03:28:16.027 [info] > git config --get commit.template [5ms]
2024-02-19 03:28:16.027 [info] > git for-each-ref --format=%(refname)%00%(upstream:short)%00%(objectname)%00%(upstream:track)%00%(upstream:remotename)%00%(upstream:remoteref) refs/heads/main refs/remotes/main [1ms]
2024-02-19 03:28:16.240 [info] > git status -z -uall [208ms]
2024-02-19 03:28:21.255 [info] > git config --get commit.template [1ms]
2024-02-19 03:28:21.266 [info] > git for-each-ref --format=%(refname)%00%(upstream:short)%00%(objectname)%00%(upstream:track)%00%(upstream:remotename)%00%(upstream:remoteref) refs/heads/main refs/remotes/main [6ms]
2024-02-19 03:28:21.471 [info] > git status -z -uall [200ms]
2024-02-19 03:28:26.486 [info] > git config --get commit.template [2ms]
2024-02-19 03:28:26.493 [info] > git for-each-ref --format=%(refname)%00%(upstream:short)%00%(objectname)%00%(upstream:track)%00%(upstream:remotename)%00%(upstream:remoteref) refs/heads/main refs/remotes/main [2ms]
2024-02-19 03:28:26.707 [info] > git status -z -uall [207ms]
2024-02-19 03:28:31.725 [info] > git config --get commit.template [6ms]
2024-02-19 03:28:31.726 [info] > git for-each-ref --format=%(refname)%00%(upstream:short)%00%(objectname)%00%(upstream:track)%00%(upstream:remotename)%00%(upstream:remoteref) refs/heads/main refs/remotes/main [2ms]
2024-02-19 03:28:31.949 [info] > git status -z -uall [219ms]
2024-02-19 03:28:36.963 [info] > git config --get commit.template [1ms]
2024-02-19 03:28:36.970 [info] > git for-each-ref --format=%(refname)%00%(upstream:short)%00%(objectname)%00%(upstream:track)%00%(upstream:remotename)%00%(upstream:remoteref) refs/heads/main refs/remotes/main [3ms]
2024-02-19 03:28:37.192 [info] > git status -z -uall [217ms]
2024-02-19 03:28:39.955 [info] > git check-ignore -v -z --stdin [68ms]
2024-02-19 03:28:39.967 [info] > git ls-files --stage -- /home/bitnami/blogger/app_server/models/db.js [32ms]
2024-02-19 03:28:39.996 [info] > git show --textconv :blogger/app_server/models/db.js [68ms]
2024-02-19 03:28:40.032 [info] > git cat-file -s edeab3024a7d5da857961d5b5508c6a8d411e988 [52ms]
2024-02-19 03:28:40.181 [info] > git show --textconv :blogger/app_server/models/blogs.js [41ms]
2024-02-19 03:28:40.187 [info] > git ls-files --stage -- /home/bitnami/blogger/app_server/models/blogs.js [20ms]
2024-02-19 03:28:40.207 [info] > git cat-file -s e69de29bb2d1d6434b8b29ae775ad8c2e48c5391 [4ms]
2024-02-19 03:28:40.438 [info] > git check-ignore -v -z --stdin [16ms]
2024-02-19 03:28:40.963 [info] > git show --textconv :blogger/app_server/models/db.js [71ms]
2024-02-19 03:28:40.965 [info] > git ls-files --stage -- /home/bitnami/blogger/app_server/models/db.js [37ms]
2024-02-19 03:28:40.977 [info] > git cat-file -s edeab3024a7d5da857961d5b5508c6a8d411e988 [2ms]
2024-02-19 03:28:42.267 [info] > git config --get commit.template [44ms]
2024-02-19 03:28:42.280 [info] > git for-each-ref --format=%(refname)%00%(upstream:short)%00%(objectname)%00%(upstream:track)%00%(upstream:remotename)%00%(upstream:remoteref) refs/heads/main refs/remotes/main [14ms]
2024-02-19 03:28:44.718 [info] > git status -z -uall [2411ms]
2024-02-19 03:28:49.737 [info] > git config --get commit.template [7ms]
2024-02-19 03:28:49.743 [info] > git for-each-ref --format=%(refname)%00%(upstream:short)%00%(objectname)%00%(upstream:track)%00%(upstream:remotename)%00%(upstream:remoteref) refs/heads/main refs/remotes/main [7ms]
2024-02-19 03:28:50.449 [info] > git status -z -uall [696ms]
2024-02-19 03:28:55.470 [info] > git config --get commit.template [7ms]
2024-02-19 03:28:55.471 [info] > git for-each-ref --format=%(refname)%00%(upstream:short)%00%(objectname)%00%(upstream:track)%00%(upstream:remotename)%00%(upstream:remoteref) refs/heads/main refs/remotes/main [2ms]
2024-02-19 03:28:55.726 [info] > git status -z -uall [250ms]
2024-02-19 03:28:59.558 [info] > git ls-files --stage -- /home/bitnami/blogger/nohup.out [24ms]
2024-02-19 03:28:59.567 [info] > git show --textconv :blogger/nohup.out [40ms]
2024-02-19 03:28:59.568 [info] > git cat-file -s 9852802ba94c3620570e6ce8296a5c8c437c30be [4ms]
2024-02-19 03:29:00.745 [info] > git config --get commit.template [7ms]
2024-02-19 03:29:00.746 [info] > git for-each-ref --format=%(refname)%00%(upstream:short)%00%(objectname)%00%(upstream:track)%00%(upstream:remotename)%00%(upstream:remoteref) refs/heads/main refs/remotes/main [2ms]
2024-02-19 03:29:01.004 [info] > git status -z -uall [252ms]
2024-02-19 03:29:06.040 [info] > git config --get commit.template [20ms]
2024-02-19 03:29:06.041 [info] > git for-each-ref --format=%(refname)%00%(upstream:short)%00%(objectname)%00%(upstream:track)%00%(upstream:remotename)%00%(upstream:remoteref) refs/heads/main refs/remotes/main [2ms]
2024-02-19 03:29:06.273 [info] > git status -z -uall [225ms]
2024-02-19 03:29:11.291 [info] > git config --get commit.template [2ms]
2024-02-19 03:29:11.299 [info] > git for-each-ref --format=%(refname)%00%(upstream:short)%00%(objectname)%00%(upstream:track)%00%(upstream:remotename)%00%(upstream:remoteref) refs/heads/main refs/remotes/main [1ms]
2024-02-19 03:29:11.528 [info] > git status -z -uall [223ms]
2024-02-19 03:29:32.089 [info] > git config --get commit.template [6ms]
2024-02-19 03:29:32.090 [info] > git for-each-ref --format=%(refname)%00%(upstream:short)%00%(objectname)%00%(upstream:track)%00%(upstream:remotename)%00%(upstream:remoteref) refs/heads/main refs/remotes/main [2ms]
2024-02-19 03:29:32.324 [info] > git status -z -uall [226ms]
2024-02-19 03:29:37.336 [info] > git config --get commit.template [1ms]
2024-02-19 03:29:37.344 [info] > git for-each-ref --format=%(refname)%00%(upstream:short)%00%(objectname)%00%(upstream:track)%00%(upstream:remotename)%00%(upstream:remoteref) refs/heads/main refs/remotes/main [1ms]
2024-02-19 03:29:37.553 [info] > git status -z -uall [204ms]
2024-02-19 03:29:42.569 [info] > git config --get commit.template [1ms]
2024-02-19 03:29:42.576 [info] > git for-each-ref --format=%(refname)%00%(upstream:short)%00%(objectname)%00%(upstream:track)%00%(upstream:remotename)%00%(upstream:remoteref) refs/heads/main refs/remotes/main [1ms]
2024-02-19 03:29:42.788 [info] > git status -z -uall [207ms]
2024-02-19 03:29:47.808 [info] > git config --get commit.template [8ms]
2024-02-19 03:29:47.808 [info] > git for-each-ref --format=%(refname)%00%(upstream:short)%00%(objectname)%00%(upstream:track)%00%(upstream:remotename)%00%(upstream:remoteref) refs/heads/main refs/remotes/main [1ms]
2024-02-19 03:29:48.026 [info] > git status -z -uall [212ms]
2024-02-19 03:30:18.821 [info] > git config --get commit.template [6ms]
2024-02-19 03:30:18.822 [info] > git for-each-ref --format=%(refname)%00%(upstream:short)%00%(objectname)%00%(upstream:track)%00%(upstream:remotename)%00%(upstream:remoteref) refs/heads/main refs/remotes/main [2ms]
2024-02-19 03:30:19.034 [info] > git status -z -uall [206ms]
2024-02-19 03:30:24.046 [info] > git config --get commit.template [2ms]
2024-02-19 03:30:24.052 [info] > git for-each-ref --format=%(refname)%00%(upstream:short)%00%(objectname)%00%(upstream:track)%00%(upstream:remotename)%00%(upstream:remoteref) refs/heads/main refs/remotes/main [1ms]
2024-02-19 03:30:24.293 [info] > git status -z -uall [234ms]
2024-02-19 03:30:29.313 [info] > git config --get commit.template [7ms]
2024-02-19 03:30:29.314 [info] > git for-each-ref --format=%(refname)%00%(upstream:short)%00%(objectname)%00%(upstream:track)%00%(upstream:remotename)%00%(upstream:remoteref) refs/heads/main refs/remotes/main [2ms]
2024-02-19 03:30:29.568 [info] > git status -z -uall [248ms]
2024-02-19 03:30:34.580 [info] > git config --get commit.template [1ms]
2024-02-19 03:30:34.587 [info] > git for-each-ref --format=%(refname)%00%(upstream:short)%00%(objectname)%00%(upstream:track)%00%(upstream:remotename)%00%(upstream:remoteref) refs/heads/main refs/remotes/main [2ms]
2024-02-19 03:30:34.838 [info] > git status -z -uall [246ms]
2024-02-19 03:30:39.852 [info] > git config --get commit.template [2ms]
2024-02-19 03:30:39.859 [info] > git for-each-ref --format=%(refname)%00%(upstream:short)%00%(objectname)%00%(upstream:track)%00%(upstream:remotename)%00%(upstream:remoteref) refs/heads/main refs/remotes/main [1ms]
2024-02-19 03:30:40.113 [info] > git status -z -uall [249ms]
2024-02-19 03:35:06.431 [info] > git config --get commit.template [6ms]
2024-02-19 03:35:06.432 [info] > git for-each-ref --format=%(refname)%00%(upstream:short)%00%(objectname)%00%(upstream:track)%00%(upstream:remotename)%00%(upstream:remoteref) refs/heads/main refs/remotes/main [1ms]
2024-02-19 03:35:06.652 [info] > git status -z -uall [215ms]
2024-02-19 03:35:49.825 [info] > git config --get commit.template [3ms]
2024-02-19 03:35:49.833 [info] > git for-each-ref --format=%(refname)%00%(upstream:short)%00%(objectname)%00%(upstream:track)%00%(upstream:remotename)%00%(upstream:remoteref) refs/heads/main refs/remotes/main [2ms]
2024-02-19 03:35:50.075 [info] > git status -z -uall [235ms]
2024-02-19 03:35:50.203 [info] > git show --textconv :blogger/app_server/models/db.js [32ms]
2024-02-19 03:35:50.203 [info] > git ls-files --stage -- /home/bitnami/blogger/app_server/models/db.js [24ms]
2024-02-19 03:35:50.216 [info] > git cat-file -s edeab3024a7d5da857961d5b5508c6a8d411e988 [7ms]
2024-02-19 03:35:50.671 [info] > git check-ignore -v -z --stdin [12ms]
2024-02-19 03:35:53.019 [info] > git show --textconv :blogger/app_server/models/blogs.js [13ms]
2024-02-19 03:35:53.025 [info] > git ls-files --stage -- /home/bitnami/blogger/app_server/models/blogs.js [6ms]
2024-02-19 03:35:53.032 [info] > git cat-file -s e69de29bb2d1d6434b8b29ae775ad8c2e48c5391 [1ms]
2024-02-19 03:35:54.489 [info] > git show --textconv :blogger/app_server/models/db.js [12ms]
2024-02-19 03:35:54.498 [info] > git ls-files --stage -- /home/bitnami/blogger/app_server/models/db.js [13ms]
2024-02-19 03:35:54.505 [info] > git cat-file -s edeab3024a7d5da857961d5b5508c6a8d411e988 [2ms]
2024-02-19 03:35:55.099 [info] > git config --get commit.template [7ms]
2024-02-19 03:35:55.102 [info] > git for-each-ref --format=%(refname)%00%(upstream:short)%00%(objectname)%00%(upstream:track)%00%(upstream:remotename)%00%(upstream:remoteref) refs/heads/main refs/remotes/main [3ms]
2024-02-19 03:35:55.357 [info] > git status -z -uall [248ms]
2024-02-19 03:35:56.736 [info] > git show --textconv :blogger/app_server/models/blogs.js [14ms]
2024-02-19 03:35:56.744 [info] > git ls-files --stage -- /home/bitnami/blogger/app_server/models/blogs.js [10ms]
2024-02-19 03:35:56.751 [info] > git cat-file -s e69de29bb2d1d6434b8b29ae775ad8c2e48c5391 [2ms]
2024-02-19 03:36:00.378 [info] > git config --get commit.template [8ms]
2024-02-19 03:36:00.378 [info] > git for-each-ref --format=%(refname)%00%(upstream:short)%00%(objectname)%00%(upstream:track)%00%(upstream:remotename)%00%(upstream:remoteref) refs/heads/main refs/remotes/main [2ms]
2024-02-19 03:36:00.629 [info] > git status -z -uall [244ms]
2024-02-19 03:36:05.648 [info] > git config --get commit.template [6ms]
2024-02-19 03:36:05.648 [info] > git for-each-ref --format=%(refname)%00%(upstream:short)%00%(objectname)%00%(upstream:track)%00%(upstream:remotename)%00%(upstream:remoteref) refs/heads/main refs/remotes/main [1ms]
2024-02-19 03:36:05.882 [info] > git status -z -uall [225ms]
2024-02-19 03:36:10.902 [info] > git config --get commit.template [7ms]
2024-02-19 03:36:10.902 [info] > git for-each-ref --format=%(refname)%00%(upstream:short)%00%(objectname)%00%(upstream:track)%00%(upstream:remotename)%00%(upstream:remoteref) refs/heads/main refs/remotes/main [1ms]
2024-02-19 03:36:11.146 [info] > git status -z -uall [237ms]
2024-02-19 03:36:16.169 [info] > git config --get commit.template [7ms]
2024-02-19 03:36:16.170 [info] > git for-each-ref --format=%(refname)%00%(upstream:short)%00%(objectname)%00%(upstream:track)%00%(upstream:remotename)%00%(upstream:remoteref) refs/heads/main refs/remotes/main [1ms]
2024-02-19 03:36:16.423 [info] > git status -z -uall [243ms]
2024-02-19 03:36:21.443 [info] > git config --get commit.template [7ms]
2024-02-19 03:36:21.444 [info] > git for-each-ref --format=%(refname)%00%(upstream:short)%00%(objectname)%00%(upstream:track)%00%(upstream:remotename)%00%(upstream:remoteref) refs/heads/main refs/remotes/main [2ms]
2024-02-19 03:36:21.647 [info] > git status -z -uall [198ms]
2024-02-19 03:38:31.821 [info] > git config --get commit.template [8ms]
2024-02-19 03:38:31.821 [info] > git for-each-ref --format=%(refname)%00%(upstream:short)%00%(objectname)%00%(upstream:track)%00%(upstream:remotename)%00%(upstream:remoteref) refs/heads/main refs/remotes/main [2ms]
2024-02-19 03:38:32.076 [info] > git status -z -uall [248ms]
2024-02-19 03:38:47.794 [info] > git config --get commit.template [6ms]
2024-02-19 03:38:47.795 [info] > git for-each-ref --format=%(refname)%00%(upstream:short)%00%(objectname)%00%(upstream:track)%00%(upstream:remotename)%00%(upstream:remoteref) refs/heads/main refs/remotes/main [2ms]
2024-02-19 03:38:48.007 [info] > git status -z -uall [205ms]
2024-02-19 03:39:10.727 [info] > git config --get commit.template [8ms]
2024-02-19 03:39:10.727 [info] > git for-each-ref --format=%(refname)%00%(upstream:short)%00%(objectname)%00%(upstream:track)%00%(upstream:remotename)%00%(upstream:remoteref) refs/heads/main refs/remotes/main [1ms]
2024-02-19 03:39:10.965 [info] > git status -z -uall [229ms]
2024-02-19 03:39:15.982 [info] > git config --get commit.template [3ms]
2024-02-19 03:39:15.991 [info] > git for-each-ref --format=%(refname)%00%(upstream:short)%00%(objectname)%00%(upstream:track)%00%(upstream:remotename)%00%(upstream:remoteref) refs/heads/main refs/remotes/main [2ms]
2024-02-19 03:39:16.261 [info] > git status -z -uall [263ms]
2024-02-19 03:40:15.164 [info] > git config --get commit.template [7ms]
2024-02-19 03:40:15.165 [info] > git for-each-ref --format=%(refname)%00%(upstream:short)%00%(objectname)%00%(upstream:track)%00%(upstream:remotename)%00%(upstream:remoteref) refs/heads/main refs/remotes/main [2ms]
2024-02-19 03:40:15.421 [info] > git status -z -uall [251ms]
2024-02-19 03:41:09.121 [info] > git config --get commit.template [8ms]
2024-02-19 03:41:09.121 [info] > git for-each-ref --format=%(refname)%00%(upstream:short)%00%(objectname)%00%(upstream:track)%00%(upstream:remotename)%00%(upstream:remoteref) refs/heads/main refs/remotes/main [1ms]
2024-02-19 03:41:09.352 [info] > git status -z -uall [224ms]
2024-02-19 03:41:27.234 [info] > git config --get commit.template [2ms]
2024-02-19 03:41:27.243 [info] > git for-each-ref --format=%(refname)%00%(upstream:short)%00%(objectname)%00%(upstream:track)%00%(upstream:remotename)%00%(upstream:remoteref) refs/heads/main refs/remotes/main [2ms]
2024-02-19 03:41:27.460 [info] > git status -z -uall [211ms]
2024-02-19 03:41:27.513 [info] > git show --textconv :blogger/app_server/models/db.js [34ms]
2024-02-19 03:41:27.515 [info] > git ls-files --stage -- /home/bitnami/blogger/app_server/models/db.js [19ms]
2024-02-19 03:41:27.527 [info] > git cat-file -s edeab3024a7d5da857961d5b5508c6a8d411e988 [4ms]
2024-02-19 03:41:32.480 [info] > git config --get commit.template [7ms]
2024-02-19 03:41:32.480 [info] > git for-each-ref --format=%(refname)%00%(upstream:short)%00%(objectname)%00%(upstream:track)%00%(upstream:remotename)%00%(upstream:remoteref) refs/heads/main refs/remotes/main [1ms]
2024-02-19 03:41:32.723 [info] > git status -z -uall [237ms]
2024-02-19 03:41:37.745 [info] > git config --get commit.template [6ms]
2024-02-19 03:41:37.746 [info] > git for-each-ref --format=%(refname)%00%(upstream:short)%00%(objectname)%00%(upstream:track)%00%(upstream:remotename)%00%(upstream:remoteref) refs/heads/main refs/remotes/main [2ms]
2024-02-19 03:41:37.984 [info] > git status -z -uall [232ms]
2024-02-19 03:41:43.005 [info] > git for-each-ref --format=%(refname)%00%(upstream:short)%00%(objectname)%00%(upstream:track)%00%(upstream:remotename)%00%(upstream:remoteref) refs/heads/main refs/remotes/main [1ms]
2024-02-19 03:41:43.006 [info] > git config --get commit.template [10ms]
2024-02-19 03:41:43.256 [info] > git status -z -uall [245ms]
2024-02-19 03:41:48.281 [info] > git config --get commit.template [9ms]
2024-02-19 03:41:48.291 [info] > git for-each-ref --format=%(refname)%00%(upstream:short)%00%(objectname)%00%(upstream:track)%00%(upstream:remotename)%00%(upstream:remoteref) refs/heads/main refs/remotes/main [11ms]
2024-02-19 03:41:48.582 [info] > git status -z -uall [276ms]
2024-02-19 03:41:53.606 [info] > git config --get commit.template [10ms]
2024-02-19 03:41:53.607 [info] > git for-each-ref --format=%(refname)%00%(upstream:short)%00%(objectname)%00%(upstream:track)%00%(upstream:remotename)%00%(upstream:remoteref) refs/heads/main refs/remotes/main [2ms]
2024-02-19 03:41:53.840 [info] > git status -z -uall [226ms]
2024-02-19 03:41:54.576 [info] > git show --textconv :blogger/app_server/models/blogs.js [16ms]
2024-02-19 03:41:54.585 [info] > git ls-files --stage -- /home/bitnami/blogger/app_server/models/blogs.js [11ms]
2024-02-19 03:41:54.594 [info] > git cat-file -s e69de29bb2d1d6434b8b29ae775ad8c2e48c5391 [1ms]
2024-02-19 03:42:55.606 [info] > git config --get commit.template [6ms]
2024-02-19 03:42:55.606 [info] > git for-each-ref --format=%(refname)%00%(upstream:short)%00%(objectname)%00%(upstream:track)%00%(upstream:remotename)%00%(upstream:remoteref) refs/heads/main refs/remotes/main [1ms]
2024-02-19 03:42:55.813 [info] > git status -z -uall [200ms]
2024-02-19 03:43:00.847 [info] > git config --get commit.template [18ms]
2024-02-19 03:43:00.848 [info] > git for-each-ref --format=%(refname)%00%(upstream:short)%00%(objectname)%00%(upstream:track)%00%(upstream:remotename)%00%(upstream:remoteref) refs/heads/main refs/remotes/main [6ms]
2024-02-19 03:43:01.101 [info] > git status -z -uall [239ms]
2024-02-19 03:43:06.122 [info] > git config --get commit.template [7ms]
2024-02-19 03:43:06.122 [info] > git for-each-ref --format=%(refname)%00%(upstream:short)%00%(objectname)%00%(upstream:track)%00%(upstream:remotename)%00%(upstream:remoteref) refs/heads/main refs/remotes/main [1ms]
2024-02-19 03:43:06.337 [info] > git status -z -uall [209ms]
2024-02-19 03:43:11.388 [info] > git config --get commit.template [8ms]
2024-02-19 03:43:11.389 [info] > git for-each-ref --format=%(refname)%00%(upstream:short)%00%(objectname)%00%(upstream:track)%00%(upstream:remotename)%00%(upstream:remoteref) refs/heads/main refs/remotes/main [2ms]
2024-02-19 03:43:11.600 [info] > git status -z -uall [206ms]
2024-02-19 03:43:16.614 [info] > git config --get commit.template [1ms]
2024-02-19 03:43:16.621 [info] > git for-each-ref --format=%(refname)%00%(upstream:short)%00%(objectname)%00%(upstream:track)%00%(upstream:remotename)%00%(upstream:remoteref) refs/heads/main refs/remotes/main [2ms]
2024-02-19 03:43:16.833 [info] > git status -z -uall [207ms]
2024-02-19 03:43:21.853 [info] > git config --get commit.template [8ms]
2024-02-19 03:43:21.853 [info] > git for-each-ref --format=%(refname)%00%(upstream:short)%00%(objectname)%00%(upstream:track)%00%(upstream:remotename)%00%(upstream:remoteref) refs/heads/main refs/remotes/main [1ms]
2024-02-19 03:43:22.095 [info] > git status -z -uall [235ms]
2024-02-19 03:43:27.140 [info] > git config --get commit.template [21ms]
2024-02-19 03:43:27.145 [info] > git for-each-ref --format=%(refname)%00%(upstream:short)%00%(objectname)%00%(upstream:track)%00%(upstream:remotename)%00%(upstream:remoteref) refs/heads/main refs/remotes/main [7ms]
2024-02-19 03:43:27.412 [info] > git status -z -uall [259ms]
2024-02-19 03:43:32.434 [info] > git config --get commit.template [9ms]
2024-02-19 03:43:32.443 [info] > git for-each-ref --format=%(refname)%00%(upstream:short)%00%(objectname)%00%(upstream:track)%00%(upstream:remotename)%00%(upstream:remoteref) refs/heads/main refs/remotes/main [1ms]
2024-02-19 03:43:32.652 [info] > git status -z -uall [203ms]
2024-02-19 03:43:37.675 [info] > git config --get commit.template [7ms]
2024-02-19 03:43:37.676 [info] > git for-each-ref --format=%(refname)%00%(upstream:short)%00%(objectname)%00%(upstream:track)%00%(upstream:remotename)%00%(upstream:remoteref) refs/heads/main refs/remotes/main [2ms]
2024-02-19 03:43:37.900 [info] > git status -z -uall [219ms]
2024-02-19 03:43:42.923 [info] > git config --get commit.template [7ms]
2024-02-19 03:43:42.924 [info] > git for-each-ref --format=%(refname)%00%(upstream:short)%00%(objectname)%00%(upstream:track)%00%(upstream:remotename)%00%(upstream:remoteref) refs/heads/main refs/remotes/main [2ms]
2024-02-19 03:43:43.147 [info] > git status -z -uall [218ms]
2024-02-19 03:43:48.166 [info] > git config --get commit.template [7ms]
2024-02-19 03:43:48.167 [info] > git for-each-ref --format=%(refname)%00%(upstream:short)%00%(objectname)%00%(upstream:track)%00%(upstream:remotename)%00%(upstream:remoteref) refs/heads/main refs/remotes/main [2ms]
2024-02-19 03:43:48.384 [info] > git status -z -uall [210ms]
2024-02-19 03:43:53.404 [info] > git config --get commit.template [7ms]
2024-02-19 03:43:53.405 [info] > git for-each-ref --format=%(refname)%00%(upstream:short)%00%(objectname)%00%(upstream:track)%00%(upstream:remotename)%00%(upstream:remoteref) refs/heads/main refs/remotes/main [2ms]
2024-02-19 03:43:53.621 [info] > git status -z -uall [211ms]
2024-02-19 03:43:58.643 [info] > git config --get commit.template [9ms]
2024-02-19 03:43:58.644 [info] > git for-each-ref --format=%(refname)%00%(upstream:short)%00%(objectname)%00%(upstream:track)%00%(upstream:remotename)%00%(upstream:remoteref) refs/heads/main refs/remotes/main [2ms]
2024-02-19 03:43:58.859 [info] > git status -z -uall [210ms]
2024-02-19 03:44:05.773 [info] > git config --get commit.template [7ms]
2024-02-19 03:44:05.780 [info] > git for-each-ref --format=%(refname)%00%(upstream:short)%00%(objectname)%00%(upstream:track)%00%(upstream:remotename)%00%(upstream:remoteref) refs/heads/main refs/remotes/main [7ms]
2024-02-19 03:44:06.003 [info] > git status -z -uall [216ms]
2024-02-19 03:44:11.045 [info] > git config --get commit.template [22ms]
2024-02-19 03:44:11.046 [info] > git for-each-ref --format=%(refname)%00%(upstream:short)%00%(objectname)%00%(upstream:track)%00%(upstream:remotename)%00%(upstream:remoteref) refs/heads/main refs/remotes/main [3ms]
2024-02-19 03:44:11.455 [info] > git status -z -uall [399ms]
2024-02-19 03:44:16.468 [info] > git config --get commit.template [2ms]
2024-02-19 03:44:16.477 [info] > git for-each-ref --format=%(refname)%00%(upstream:short)%00%(objectname)%00%(upstream:track)%00%(upstream:remotename)%00%(upstream:remoteref) refs/heads/main refs/remotes/main [1ms]
2024-02-19 03:44:16.697 [info] > git status -z -uall [211ms]
2024-02-19 03:44:21.721 [info] > git config --get commit.template [11ms]
2024-02-19 03:44:21.722 [info] > git for-each-ref --format=%(refname)%00%(upstream:short)%00%(objectname)%00%(upstream:track)%00%(upstream:remotename)%00%(upstream:remoteref) refs/heads/main refs/remotes/main [2ms]
2024-02-19 03:44:22.002 [info] > git status -z -uall [265ms]
2024-02-19 03:44:27.019 [info] > git config --get commit.template [7ms]
2024-02-19 03:44:27.020 [info] > git for-each-ref --format=%(refname)%00%(upstream:short)%00%(objectname)%00%(upstream:track)%00%(upstream:remotename)%00%(upstream:remoteref) refs/heads/main refs/remotes/main [2ms]
2024-02-19 03:44:27.258 [info] > git status -z -uall [232ms]
2024-02-19 03:44:32.284 [info] > git config --get commit.template [10ms]
2024-02-19 03:44:32.285 [info] > git for-each-ref --format=%(refname)%00%(upstream:short)%00%(objectname)%00%(upstream:track)%00%(upstream:remotename)%00%(upstream:remoteref) refs/heads/main refs/remotes/main [2ms]
2024-02-19 03:44:32.496 [info] > git status -z -uall [204ms]
2024-02-19 03:44:37.520 [info] > git config --get commit.template [5ms]
2024-02-19 03:44:37.529 [info] > git for-each-ref --format=%(refname)%00%(upstream:short)%00%(objectname)%00%(upstream:track)%00%(upstream:remotename)%00%(upstream:remoteref) refs/heads/main refs/remotes/main [1ms]
2024-02-19 03:44:37.749 [info] > git status -z -uall [213ms]
2024-02-19 03:44:42.770 [info] > git config --get commit.template [10ms]
2024-02-19 03:44:42.771 [info] > git for-each-ref --format=%(refname)%00%(upstream:short)%00%(objectname)%00%(upstream:track)%00%(upstream:remotename)%00%(upstream:remoteref) refs/heads/main refs/remotes/main [2ms]
2024-02-19 03:44:43.025 [info] > git status -z -uall [242ms]
2024-02-19 03:44:48.048 [info] > git for-each-ref --format=%(refname)%00%(upstream:short)%00%(objectname)%00%(upstream:track)%00%(upstream:remotename)%00%(upstream:remoteref) refs/heads/main refs/remotes/main [2ms]
2024-02-19 03:44:48.048 [info] > git config --get commit.template [8ms]
2024-02-19 03:44:48.264 [info] > git status -z -uall [210ms]
2024-02-19 03:44:53.276 [info] > git config --get commit.template [0ms]
2024-02-19 03:44:53.283 [info] > git for-each-ref --format=%(refname)%00%(upstream:short)%00%(objectname)%00%(upstream:track)%00%(upstream:remotename)%00%(upstream:remoteref) refs/heads/main refs/remotes/main [2ms]
2024-02-19 03:44:53.534 [info] > git status -z -uall [245ms]
2024-02-19 03:44:58.556 [info] > git config --get commit.template [11ms]
2024-02-19 03:44:58.558 [info] > git for-each-ref --format=%(refname)%00%(upstream:short)%00%(objectname)%00%(upstream:track)%00%(upstream:remotename)%00%(upstream:remoteref) refs/heads/main refs/remotes/main [2ms]
2024-02-19 03:44:58.768 [info] > git status -z -uall [203ms]
2024-02-19 03:45:03.788 [info] > git config --get commit.template [6ms]
2024-02-19 03:45:03.789 [info] > git for-each-ref --format=%(refname)%00%(upstream:short)%00%(objectname)%00%(upstream:track)%00%(upstream:remotename)%00%(upstream:remoteref) refs/heads/main refs/remotes/main [3ms]
2024-02-19 03:45:04.024 [info] > git status -z -uall [226ms]
2024-02-19 03:45:09.038 [info] > git config --get commit.template [1ms]
2024-02-19 03:45:09.044 [info] > git for-each-ref --format=%(refname)%00%(upstream:short)%00%(objectname)%00%(upstream:track)%00%(upstream:remotename)%00%(upstream:remoteref) refs/heads/main refs/remotes/main [1ms]
2024-02-19 03:45:09.279 [info] > git status -z -uall [229ms]
2024-02-19 03:46:07.120 [info] > git config --get commit.template [3ms]
2024-02-19 03:46:07.127 [info] > git for-each-ref --format=%(refname)%00%(upstream:short)%00%(objectname)%00%(upstream:track)%00%(upstream:remotename)%00%(upstream:remoteref) refs/heads/main refs/remotes/main [2ms]
2024-02-19 03:46:07.349 [info] > git status -z -uall [213ms]
2024-02-19 03:46:12.366 [info] > git config --get commit.template [7ms]
2024-02-19 03:46:12.367 [info] > git for-each-ref --format=%(refname)%00%(upstream:short)%00%(objectname)%00%(upstream:track)%00%(upstream:remotename)%00%(upstream:remoteref) refs/heads/main refs/remotes/main [2ms]
2024-02-19 03:46:12.572 [info] > git status -z -uall [200ms]
2024-02-19 03:46:17.614 [info] > git config --get commit.template [2ms]
2024-02-19 03:46:17.657 [info] > git for-each-ref --format=%(refname)%00%(upstream:short)%00%(objectname)%00%(upstream:track)%00%(upstream:remotename)%00%(upstream:remoteref) refs/heads/main refs/remotes/main [17ms]
2024-02-19 03:46:18.127 [info] > git status -z -uall [459ms]
2024-02-19 03:46:23.149 [info] > git config --get commit.template [7ms]
2024-02-19 03:46:23.149 [info] > git for-each-ref --format=%(refname)%00%(upstream:short)%00%(objectname)%00%(upstream:track)%00%(upstream:remotename)%00%(upstream:remoteref) refs/heads/main refs/remotes/main [1ms]
2024-02-19 03:46:23.437 [info] > git status -z -uall [274ms]
2024-02-19 03:46:28.463 [info] > git config --get commit.template [8ms]
2024-02-19 03:46:28.463 [info] > git for-each-ref --format=%(refname)%00%(upstream:short)%00%(objectname)%00%(upstream:track)%00%(upstream:remotename)%00%(upstream:remoteref) refs/heads/main refs/remotes/main [1ms]
2024-02-19 03:46:28.692 [info] > git status -z -uall [222ms]
2024-02-19 03:46:33.713 [info] > git config --get commit.template [7ms]
2024-02-19 03:46:33.714 [info] > git for-each-ref --format=%(refname)%00%(upstream:short)%00%(objectname)%00%(upstream:track)%00%(upstream:remotename)%00%(upstream:remoteref) refs/heads/main refs/remotes/main [2ms]
2024-02-19 03:46:33.937 [info] > git status -z -uall [218ms]
2024-02-19 03:46:38.958 [info] > git config --get commit.template [8ms]
2024-02-19 03:46:38.959 [info] > git for-each-ref --format=%(refname)%00%(upstream:short)%00%(objectname)%00%(upstream:track)%00%(upstream:remotename)%00%(upstream:remoteref) refs/heads/main refs/remotes/main [2ms]
2024-02-19 03:46:39.175 [info] > git status -z -uall [210ms]
2024-02-19 03:46:44.193 [info] > git config --get commit.template [7ms]
2024-02-19 03:46:44.194 [info] > git for-each-ref --format=%(refname)%00%(upstream:short)%00%(objectname)%00%(upstream:track)%00%(upstream:remotename)%00%(upstream:remoteref) refs/heads/main refs/remotes/main [2ms]
2024-02-19 03:46:44.409 [info] > git status -z -uall [209ms]
2024-02-19 03:46:49.430 [info] > git config --get commit.template [6ms]
2024-02-19 03:46:49.430 [info] > git for-each-ref --format=%(refname)%00%(upstream:short)%00%(objectname)%00%(upstream:track)%00%(upstream:remotename)%00%(upstream:remoteref) refs/heads/main refs/remotes/main [1ms]
2024-02-19 03:46:49.662 [info] > git status -z -uall [225ms]
2024-02-19 03:46:54.693 [info] > git config --get commit.template [11ms]
2024-02-19 03:46:54.706 [info] > git for-each-ref --format=%(refname)%00%(upstream:short)%00%(objectname)%00%(upstream:track)%00%(upstream:remotename)%00%(upstream:remoteref) refs/heads/main refs/remotes/main [14ms]
2024-02-19 03:46:55.159 [info] > git status -z -uall [443ms]
2024-02-19 03:47:00.198 [info] > git config --get commit.template [5ms]
2024-02-19 03:47:00.207 [info] > git for-each-ref --format=%(refname)%00%(upstream:short)%00%(objectname)%00%(upstream:track)%00%(upstream:remotename)%00%(upstream:remoteref) refs/heads/main refs/remotes/main [2ms]
2024-02-19 03:47:00.568 [info] > git status -z -uall [353ms]
