2024-02-19 23:22:28.804 [info] Log level: Info
2024-02-19 23:22:28.804 [info] Validating found git in: "git"
2024-02-19 23:22:28.804 [info] Using git "2.30.2" from "git"
2024-02-19 23:22:28.804 [info] > git rev-parse --show-toplevel [70ms]
2024-02-19 23:22:29.015 [info] > git rev-parse --git-dir --git-common-dir [788ms]
2024-02-19 23:22:29.102 [info] Open repository: /home/bitnami
2024-02-19 23:22:29.200 [info] > git config --get commit.template [55ms]
2024-02-19 23:22:29.223 [info] > git rev-parse --show-toplevel [56ms]
2024-02-19 23:22:29.282 [info] > git for-each-ref --format=%(refname)%00%(upstream:short)%00%(objectname)%00%(upstream:track)%00%(upstream:remotename)%00%(upstream:remoteref) refs/heads/main refs/remotes/main [29ms]
2024-02-19 23:22:29.312 [info] > git rev-parse --show-toplevel [33ms]
2024-02-19 23:22:29.344 [info] > git rev-parse --show-toplevel [13ms]
2024-02-19 23:22:29.410 [info] > git rev-parse --show-toplevel [51ms]
2024-02-19 23:22:29.552 [info] > git rev-parse --show-toplevel [27ms]
2024-02-19 23:22:29.609 [info] > git rev-parse --show-toplevel [10ms]
2024-02-19 23:22:29.640 [info] > git rev-parse --show-toplevel [9ms]
2024-02-19 23:22:29.674 [info] > git rev-parse --show-toplevel [7ms]
2024-02-19 23:22:29.711 [info] > git rev-parse --show-toplevel [21ms]
2024-02-19 23:22:29.755 [info] > git rev-parse --show-toplevel [8ms]
2024-02-19 23:22:29.787 [info] > git rev-parse --show-toplevel [7ms]
2024-02-19 23:22:29.807 [info] > git check-ignore -v -z --stdin [97ms]
2024-02-19 23:22:29.825 [info] > git rev-parse --show-toplevel [18ms]
2024-02-19 23:22:29.858 [info] > git rev-parse --show-toplevel [6ms]
2024-02-19 23:22:29.884 [info] > git rev-parse --show-toplevel [7ms]
2024-02-19 23:22:29.915 [info] > git rev-parse --git-dir --git-common-dir [8ms]
2024-02-19 23:22:29.929 [info] Open repository: /home/bitnami/todo
2024-02-19 23:22:29.998 [info] > git config --get commit.template [30ms]
2024-02-19 23:22:30.036 [info] > git rev-parse --show-toplevel [42ms]
2024-02-19 23:22:30.102 [info] > git for-each-ref --format=%(refname)%00%(upstream:short)%00%(objectname)%00%(upstream:track)%00%(upstream:remotename)%00%(upstream:remoteref) refs/heads/master refs/remotes/master [67ms]
2024-02-19 23:22:30.129 [warning] ENOENT: no such file or directory, open '/home/bitnami/todo/.git/refs/remotes/origin/master'
2024-02-19 23:22:30.154 [info] > git rev-parse refs/remotes/origin/master [25ms]
2024-02-19 23:22:30.186 [info] > git show --textconv :blogger/app_server/controllers/blog.js [119ms]
2024-02-19 23:22:30.186 [info] > git ls-files --stage -- /home/bitnami/blogger/app_server/controllers/blog.js [90ms]
2024-02-19 23:22:30.209 [info] > git status -z -uall [25ms]
2024-02-19 23:22:30.312 [info] > git cat-file -s cdb7e5d4d3f4cf37d174effbc4bfee753624ada2 [109ms]
2024-02-19 23:22:30.372 [info] > git config --get commit.template [62ms]
2024-02-19 23:22:30.783 [info] > git for-each-ref --format=%(refname)%00%(upstream:short)%00%(objectname)%00%(upstream:track)%00%(upstream:remotename)%00%(upstream:remoteref) refs/heads/master refs/remotes/master [357ms]
2024-02-19 23:22:30.827 [warning] ENOENT: no such file or directory, open '/home/bitnami/todo/.git/refs/remotes/origin/master'
2024-02-19 23:22:30.918 [info] > git check-ignore -v -z --stdin [169ms]
2024-02-19 23:22:30.919 [info] > git check-ignore -v -z --stdin [140ms]
2024-02-19 23:22:30.920 [info] > git rev-parse refs/remotes/origin/master [93ms]
2024-02-19 23:22:30.987 [info] > git status -z -uall [52ms]
2024-02-19 23:22:31.495 [info] > git status -z -uall [2185ms]
2024-02-19 23:22:31.817 [info] > git config --get commit.template [174ms]
2024-02-19 23:22:31.837 [info] > git for-each-ref --format=%(refname)%00%(upstream:short)%00%(objectname)%00%(upstream:track)%00%(upstream:remotename)%00%(upstream:remoteref) refs/heads/main refs/remotes/main [12ms]
2024-02-19 23:22:32.557 [info] > git ls-files --stage -- /home/bitnami/blogger/app_server/models/db.js [66ms]
2024-02-19 23:22:32.569 [info] > git show --textconv :blogger/app_server/models/db.js [99ms]
2024-02-19 23:22:32.589 [info] > git cat-file -s edeab3024a7d5da857961d5b5508c6a8d411e988 [20ms]
2024-02-19 23:22:32.977 [info] > git check-ignore -v -z --stdin [47ms]
2024-02-19 23:22:33.880 [info] > git status -z -uall [2025ms]
2024-02-19 23:22:34.473 [info] > git ls-files --stage -- /home/bitnami/blogger/app.js [33ms]
2024-02-19 23:22:34.495 [info] > git cat-file -s 65e5dfca1d00a6dc2c942bbd25bb2b42feae94c7 [9ms]
2024-02-19 23:22:34.496 [info] > git show --textconv :blogger/app.js [82ms]
2024-02-19 23:22:34.643 [info] > git check-ignore -v -z --stdin [22ms]
2024-02-19 23:22:36.220 [info] > git show --textconv :blogger/app_server/models/blogs.js [50ms]
2024-02-19 23:22:36.259 [info] > git ls-files --stage -- /home/bitnami/blogger/app_server/models/blogs.js [60ms]
2024-02-19 23:22:36.310 [info] > git cat-file -s e69de29bb2d1d6434b8b29ae775ad8c2e48c5391 [13ms]
2024-02-19 23:23:06.617 [info] > git config --get commit.template [32ms]
2024-02-19 23:23:06.627 [info] > git for-each-ref --format=%(refname)%00%(upstream:short)%00%(objectname)%00%(upstream:track)%00%(upstream:remotename)%00%(upstream:remoteref) refs/heads/main refs/remotes/main [36ms]
2024-02-19 23:23:08.034 [info] > git status -z -uall [1400ms]
2024-02-19 23:23:13.079 [info] > git config --get commit.template [9ms]
2024-02-19 23:23:13.080 [info] > git for-each-ref --format=%(refname)%00%(upstream:short)%00%(objectname)%00%(upstream:track)%00%(upstream:remotename)%00%(upstream:remoteref) refs/heads/main refs/remotes/main [2ms]
2024-02-19 23:23:13.570 [info] > git status -z -uall [484ms]
2024-02-19 23:23:18.602 [info] > git config --get commit.template [13ms]
2024-02-19 23:23:18.602 [info] > git for-each-ref --format=%(refname)%00%(upstream:short)%00%(objectname)%00%(upstream:track)%00%(upstream:remotename)%00%(upstream:remoteref) refs/heads/main refs/remotes/main [2ms]
2024-02-19 23:23:18.824 [info] > git status -z -uall [215ms]
2024-02-19 23:23:23.853 [info] > git config --get commit.template [8ms]
2024-02-19 23:23:23.854 [info] > git for-each-ref --format=%(refname)%00%(upstream:short)%00%(objectname)%00%(upstream:track)%00%(upstream:remotename)%00%(upstream:remoteref) refs/heads/main refs/remotes/main [2ms]
2024-02-19 23:23:24.093 [info] > git status -z -uall [230ms]
2024-02-19 23:23:29.116 [info] > git config --get commit.template [8ms]
2024-02-19 23:23:29.117 [info] > git for-each-ref --format=%(refname)%00%(upstream:short)%00%(objectname)%00%(upstream:track)%00%(upstream:remotename)%00%(upstream:remoteref) refs/heads/main refs/remotes/main [2ms]
2024-02-19 23:23:29.419 [info] > git status -z -uall [296ms]
2024-02-19 23:23:34.511 [info] > git config --get commit.template [37ms]
2024-02-19 23:23:34.520 [info] > git for-each-ref --format=%(refname)%00%(upstream:short)%00%(objectname)%00%(upstream:track)%00%(upstream:remotename)%00%(upstream:remoteref) refs/heads/main refs/remotes/main [27ms]
2024-02-19 23:23:38.456 [info] > git status -z -uall [3912ms]
2024-02-19 23:23:43.514 [info] > git config --get commit.template [17ms]
2024-02-19 23:23:43.518 [info] > git for-each-ref --format=%(refname)%00%(upstream:short)%00%(objectname)%00%(upstream:track)%00%(upstream:remotename)%00%(upstream:remoteref) refs/heads/main refs/remotes/main [5ms]
2024-02-19 23:23:44.765 [info] > git status -z -uall [1241ms]
2024-02-19 23:23:49.819 [info] > git config --get commit.template [17ms]
2024-02-19 23:23:49.821 [info] > git for-each-ref --format=%(refname)%00%(upstream:short)%00%(objectname)%00%(upstream:track)%00%(upstream:remotename)%00%(upstream:remoteref) refs/heads/main refs/remotes/main [12ms]
2024-02-19 23:23:50.702 [info] > git status -z -uall [864ms]
2024-02-19 23:23:55.746 [info] > git config --get commit.template [9ms]
2024-02-19 23:23:55.748 [info] > git for-each-ref --format=%(refname)%00%(upstream:short)%00%(objectname)%00%(upstream:track)%00%(upstream:remotename)%00%(upstream:remoteref) refs/heads/main refs/remotes/main [4ms]
2024-02-19 23:23:56.058 [info] > git status -z -uall [298ms]
2024-02-19 23:24:05.588 [info] > git config --get commit.template [7ms]
2024-02-19 23:24:05.589 [info] > git for-each-ref --format=%(refname)%00%(upstream:short)%00%(objectname)%00%(upstream:track)%00%(upstream:remotename)%00%(upstream:remoteref) refs/heads/main refs/remotes/main [2ms]
2024-02-19 23:24:05.834 [info] > git status -z -uall [239ms]
2024-02-19 23:24:23.961 [info] > git config --get commit.template [9ms]
2024-02-19 23:24:23.962 [info] > git for-each-ref --format=%(refname)%00%(upstream:short)%00%(objectname)%00%(upstream:track)%00%(upstream:remotename)%00%(upstream:remoteref) refs/heads/main refs/remotes/main [3ms]
2024-02-19 23:24:24.179 [info] > git status -z -uall [205ms]
2024-02-19 23:25:22.030 [info] > git config --get commit.template [7ms]
2024-02-19 23:25:22.032 [info] > git for-each-ref --format=%(refname)%00%(upstream:short)%00%(objectname)%00%(upstream:track)%00%(upstream:remotename)%00%(upstream:remoteref) refs/heads/main refs/remotes/main [3ms]
2024-02-19 23:25:22.262 [info] > git status -z -uall [224ms]
2024-02-19 23:25:26.108 [info] > git ls-files --stage -- /home/bitnami/blogger/app_server/models/db.js [13ms]
2024-02-19 23:25:26.115 [info] > git show --textconv :blogger/app_server/models/db.js [28ms]
2024-02-19 23:25:26.117 [info] > git cat-file -s edeab3024a7d5da857961d5b5508c6a8d411e988 [3ms]
2024-02-19 23:25:27.291 [info] > git config --get commit.template [6ms]
2024-02-19 23:25:27.292 [info] > git for-each-ref --format=%(refname)%00%(upstream:short)%00%(objectname)%00%(upstream:track)%00%(upstream:remotename)%00%(upstream:remoteref) refs/heads/main refs/remotes/main [2ms]
2024-02-19 23:25:27.504 [info] > git status -z -uall [205ms]
2024-02-19 23:25:29.851 [info] > git show --textconv :blogger/app_server/controllers/blog.js [16ms]
2024-02-19 23:25:29.853 [info] > git ls-files --stage -- /home/bitnami/blogger/app_server/controllers/blog.js [10ms]
2024-02-19 23:25:29.861 [info] > git cat-file -s cdb7e5d4d3f4cf37d174effbc4bfee753624ada2 [2ms]
2024-02-19 23:25:32.528 [info] > git config --get commit.template [7ms]
2024-02-19 23:25:32.530 [info] > git for-each-ref --format=%(refname)%00%(upstream:short)%00%(objectname)%00%(upstream:track)%00%(upstream:remotename)%00%(upstream:remoteref) refs/heads/main refs/remotes/main [3ms]
2024-02-19 23:25:32.767 [info] > git status -z -uall [227ms]
2024-02-19 23:25:37.792 [info] > git config --get commit.template [8ms]
2024-02-19 23:25:37.793 [info] > git for-each-ref --format=%(refname)%00%(upstream:short)%00%(objectname)%00%(upstream:track)%00%(upstream:remotename)%00%(upstream:remoteref) refs/heads/main refs/remotes/main [2ms]
2024-02-19 23:25:38.022 [info] > git status -z -uall [223ms]
2024-02-19 23:25:43.064 [info] > git config --get commit.template [12ms]
2024-02-19 23:25:43.069 [info] > git for-each-ref --format=%(refname)%00%(upstream:short)%00%(objectname)%00%(upstream:track)%00%(upstream:remotename)%00%(upstream:remoteref) refs/heads/main refs/remotes/main [6ms]
2024-02-19 23:25:43.481 [info] > git status -z -uall [402ms]
2024-02-19 23:25:48.616 [info] > git config --get commit.template [10ms]
2024-02-19 23:25:48.624 [info] > git for-each-ref --format=%(refname)%00%(upstream:short)%00%(objectname)%00%(upstream:track)%00%(upstream:remotename)%00%(upstream:remoteref) refs/heads/main refs/remotes/main [10ms]
2024-02-19 23:25:48.968 [info] > git status -z -uall [332ms]
2024-02-19 23:25:54.015 [info] > git config --get commit.template [23ms]
2024-02-19 23:25:54.017 [info] > git for-each-ref --format=%(refname)%00%(upstream:short)%00%(objectname)%00%(upstream:track)%00%(upstream:remotename)%00%(upstream:remoteref) refs/heads/main refs/remotes/main [4ms]
2024-02-19 23:25:54.365 [info] > git status -z -uall [337ms]
2024-02-19 23:25:59.502 [info] > git config --get commit.template [80ms]
2024-02-19 23:25:59.527 [info] > git for-each-ref --format=%(refname)%00%(upstream:short)%00%(objectname)%00%(upstream:track)%00%(upstream:remotename)%00%(upstream:remoteref) refs/heads/main refs/remotes/main [96ms]
2024-02-19 23:26:04.614 [info] > git status -z -uall [5061ms]
2024-02-19 23:26:09.765 [info] > git config --get commit.template [34ms]
2024-02-19 23:26:09.779 [info] > git for-each-ref --format=%(refname)%00%(upstream:short)%00%(objectname)%00%(upstream:track)%00%(upstream:remotename)%00%(upstream:remoteref) refs/heads/main refs/remotes/main [30ms]
2024-02-19 23:26:10.847 [info] > git status -z -uall [1059ms]
2024-02-19 23:26:15.884 [info] > git config --get commit.template [14ms]
2024-02-19 23:26:15.889 [info] > git for-each-ref --format=%(refname)%00%(upstream:short)%00%(objectname)%00%(upstream:track)%00%(upstream:remotename)%00%(upstream:remoteref) refs/heads/main refs/remotes/main [6ms]
2024-02-19 23:26:16.110 [info] > git status -z -uall [208ms]
2024-02-19 23:26:21.132 [info] > git config --get commit.template [8ms]
2024-02-19 23:26:21.134 [info] > git for-each-ref --format=%(refname)%00%(upstream:short)%00%(objectname)%00%(upstream:track)%00%(upstream:remotename)%00%(upstream:remoteref) refs/heads/main refs/remotes/main [2ms]
2024-02-19 23:26:21.353 [info] > git status -z -uall [213ms]
2024-02-19 23:26:26.378 [info] > git config --get commit.template [7ms]
2024-02-19 23:26:26.379 [info] > git for-each-ref --format=%(refname)%00%(upstream:short)%00%(objectname)%00%(upstream:track)%00%(upstream:remotename)%00%(upstream:remoteref) refs/heads/main refs/remotes/main [2ms]
2024-02-19 23:26:26.593 [info] > git status -z -uall [209ms]
2024-02-19 23:26:31.706 [info] > git config --get commit.template [54ms]
2024-02-19 23:26:31.727 [info] > git for-each-ref --format=%(refname)%00%(upstream:short)%00%(objectname)%00%(upstream:track)%00%(upstream:remotename)%00%(upstream:remoteref) refs/heads/main refs/remotes/main [68ms]
2024-02-19 23:26:34.712 [info] > git status -z -uall [2977ms]
2024-02-19 23:26:39.801 [info] > git config --get commit.template [25ms]
2024-02-19 23:26:39.809 [info] > git for-each-ref --format=%(refname)%00%(upstream:short)%00%(objectname)%00%(upstream:track)%00%(upstream:remotename)%00%(upstream:remoteref) refs/heads/main refs/remotes/main [22ms]
2024-02-19 23:26:41.135 [info] > git status -z -uall [1312ms]
2024-02-19 23:26:46.164 [info] > git config --get commit.template [1ms]
2024-02-19 23:26:46.172 [info] > git for-each-ref --format=%(refname)%00%(upstream:short)%00%(objectname)%00%(upstream:track)%00%(upstream:remotename)%00%(upstream:remoteref) refs/heads/main refs/remotes/main [2ms]
2024-02-19 23:26:46.401 [info] > git status -z -uall [222ms]
2024-02-19 23:26:51.446 [info] > git config --get commit.template [24ms]
2024-02-19 23:26:51.455 [info] > git for-each-ref --format=%(refname)%00%(upstream:short)%00%(objectname)%00%(upstream:track)%00%(upstream:remotename)%00%(upstream:remoteref) refs/heads/main refs/remotes/main [27ms]
2024-02-19 23:26:52.383 [info] > git status -z -uall [922ms]
2024-02-19 23:26:57.415 [info] > git config --get commit.template [12ms]
2024-02-19 23:26:57.415 [info] > git for-each-ref --format=%(refname)%00%(upstream:short)%00%(objectname)%00%(upstream:track)%00%(upstream:remotename)%00%(upstream:remoteref) refs/heads/main refs/remotes/main [5ms]
2024-02-19 23:26:59.134 [info] > git status -z -uall [1710ms]
2024-02-19 23:27:05.464 [info] > git for-each-ref --format=%(refname)%00%(upstream:short)%00%(objectname)%00%(upstream:track)%00%(upstream:remotename)%00%(upstream:remoteref) refs/heads/main refs/remotes/main [2ms]
2024-02-19 23:27:05.465 [info] > git config --get commit.template [10ms]
2024-02-19 23:27:06.645 [info] > git status -z -uall [1173ms]
2024-02-19 23:27:11.679 [info] > git config --get commit.template [6ms]
2024-02-19 23:27:11.682 [info] > git for-each-ref --format=%(refname)%00%(upstream:short)%00%(objectname)%00%(upstream:track)%00%(upstream:remotename)%00%(upstream:remoteref) refs/heads/main refs/remotes/main [5ms]
2024-02-19 23:27:12.245 [info] > git status -z -uall [557ms]
2024-02-19 23:27:18.625 [info] > git config --get commit.template [10ms]
2024-02-19 23:27:18.628 [info] > git for-each-ref --format=%(refname)%00%(upstream:short)%00%(objectname)%00%(upstream:track)%00%(upstream:remotename)%00%(upstream:remoteref) refs/heads/main refs/remotes/main [5ms]
2024-02-19 23:27:19.166 [info] > git status -z -uall [524ms]
2024-02-19 23:27:24.450 [info] > git config --get commit.template [7ms]
2024-02-19 23:27:24.451 [info] > git for-each-ref --format=%(refname)%00%(upstream:short)%00%(objectname)%00%(upstream:track)%00%(upstream:remotename)%00%(upstream:remoteref) refs/heads/main refs/remotes/main [2ms]
2024-02-19 23:27:24.701 [info] > git status -z -uall [244ms]
2024-02-19 23:27:29.803 [info] > git config --get commit.template [47ms]
2024-02-19 23:27:29.803 [info] > git for-each-ref --format=%(refname)%00%(upstream:short)%00%(objectname)%00%(upstream:track)%00%(upstream:remotename)%00%(upstream:remoteref) refs/heads/main refs/remotes/main [2ms]
2024-02-19 23:27:30.190 [info] > git status -z -uall [348ms]
2024-02-19 23:27:35.219 [info] > git config --get commit.template [8ms]
2024-02-19 23:27:35.220 [info] > git for-each-ref --format=%(refname)%00%(upstream:short)%00%(objectname)%00%(upstream:track)%00%(upstream:remotename)%00%(upstream:remoteref) refs/heads/main refs/remotes/main [2ms]
2024-02-19 23:27:35.458 [info] > git status -z -uall [232ms]
2024-02-19 23:27:40.474 [info] > git config --get commit.template [2ms]
2024-02-19 23:27:40.490 [info] > git for-each-ref --format=%(refname)%00%(upstream:short)%00%(objectname)%00%(upstream:track)%00%(upstream:remotename)%00%(upstream:remoteref) refs/heads/main refs/remotes/main [8ms]
2024-02-19 23:27:40.818 [info] > git status -z -uall [317ms]
2024-02-19 23:28:25.957 [info] > git config --get commit.template [1141ms]
2024-02-19 23:28:26.076 [info] > git for-each-ref --format=%(refname)%00%(upstream:short)%00%(objectname)%00%(upstream:track)%00%(upstream:remotename)%00%(upstream:remoteref) refs/heads/main refs/remotes/main [26ms]
2024-02-19 23:28:30.296 [info] > git status -z -uall [4195ms]
2024-02-19 23:28:53.125 [info] > git config --get commit.template [24ms]
2024-02-19 23:28:53.138 [info] > git for-each-ref --format=%(refname)%00%(upstream:short)%00%(objectname)%00%(upstream:track)%00%(upstream:remotename)%00%(upstream:remoteref) refs/heads/main refs/remotes/main [28ms]
2024-02-19 23:28:56.199 [info] > git status -z -uall [3045ms]
2024-02-19 23:29:01.281 [info] > git config --get commit.template [36ms]
2024-02-19 23:29:01.305 [info] > git for-each-ref --format=%(refname)%00%(upstream:short)%00%(objectname)%00%(upstream:track)%00%(upstream:remotename)%00%(upstream:remoteref) refs/heads/main refs/remotes/main [11ms]
2024-02-19 23:29:05.404 [info] > git status -z -uall [4087ms]
2024-02-19 23:29:14.834 [info] > git config --get commit.template [10ms]
2024-02-19 23:29:14.839 [info] > git for-each-ref --format=%(refname)%00%(upstream:short)%00%(objectname)%00%(upstream:track)%00%(upstream:remotename)%00%(upstream:remoteref) refs/heads/main refs/remotes/main [7ms]
2024-02-19 23:29:15.324 [info] > git status -z -uall [477ms]
2024-02-19 23:29:20.354 [info] > git config --get commit.template [10ms]
2024-02-19 23:29:20.357 [info] > git for-each-ref --format=%(refname)%00%(upstream:short)%00%(objectname)%00%(upstream:track)%00%(upstream:remotename)%00%(upstream:remoteref) refs/heads/main refs/remotes/main [4ms]
2024-02-19 23:29:20.651 [info] > git status -z -uall [281ms]
2024-02-19 23:29:25.702 [info] > git config --get commit.template [25ms]
2024-02-19 23:29:25.715 [info] > git for-each-ref --format=%(refname)%00%(upstream:short)%00%(objectname)%00%(upstream:track)%00%(upstream:remotename)%00%(upstream:remoteref) refs/heads/main refs/remotes/main [30ms]
2024-02-19 23:29:27.080 [info] > git status -z -uall [1357ms]
2024-02-19 23:29:32.942 [info] > git config --get commit.template [8ms]
2024-02-19 23:29:32.944 [info] > git for-each-ref --format=%(refname)%00%(upstream:short)%00%(objectname)%00%(upstream:track)%00%(upstream:remotename)%00%(upstream:remoteref) refs/heads/main refs/remotes/main [3ms]
2024-02-19 23:29:33.211 [info] > git status -z -uall [257ms]
2024-02-19 23:29:38.348 [info] > git config --get commit.template [76ms]
2024-02-19 23:29:38.354 [info] > git for-each-ref --format=%(refname)%00%(upstream:short)%00%(objectname)%00%(upstream:track)%00%(upstream:remotename)%00%(upstream:remoteref) refs/heads/main refs/remotes/main [72ms]
2024-02-19 23:29:39.358 [info] > git status -z -uall [985ms]
2024-02-19 23:29:44.411 [info] > git config --get commit.template [16ms]
2024-02-19 23:29:44.415 [info] > git for-each-ref --format=%(refname)%00%(upstream:short)%00%(objectname)%00%(upstream:track)%00%(upstream:remotename)%00%(upstream:remoteref) refs/heads/main refs/remotes/main [5ms]
2024-02-19 23:29:44.722 [info] > git status -z -uall [291ms]
2024-02-19 23:29:50.840 [info] > git config --get commit.template [55ms]
2024-02-19 23:29:50.856 [info] > git for-each-ref --format=%(refname)%00%(upstream:short)%00%(objectname)%00%(upstream:track)%00%(upstream:remotename)%00%(upstream:remoteref) refs/heads/main refs/remotes/main [61ms]
2024-02-19 23:29:54.884 [info] > git status -z -uall [4016ms]
2024-02-19 23:30:00.155 [info] > git config --get commit.template [181ms]
2024-02-19 23:30:00.186 [info] > git for-each-ref --format=%(refname)%00%(upstream:short)%00%(objectname)%00%(upstream:track)%00%(upstream:remotename)%00%(upstream:remoteref) refs/heads/main refs/remotes/main [192ms]
2024-02-19 23:30:06.647 [info] > git status -z -uall [6440ms]
2024-02-19 23:30:11.805 [info] > git config --get commit.template [12ms]
2024-02-19 23:30:11.808 [info] > git for-each-ref --format=%(refname)%00%(upstream:short)%00%(objectname)%00%(upstream:track)%00%(upstream:remotename)%00%(upstream:remoteref) refs/heads/main refs/remotes/main [4ms]
2024-02-19 23:30:12.184 [info] > git status -z -uall [364ms]
2024-02-19 23:30:17.243 [info] > git config --get commit.template [21ms]
2024-02-19 23:30:17.244 [info] > git for-each-ref --format=%(refname)%00%(upstream:short)%00%(objectname)%00%(upstream:track)%00%(upstream:remotename)%00%(upstream:remoteref) refs/heads/main refs/remotes/main [11ms]
2024-02-19 23:30:17.570 [info] > git status -z -uall [315ms]
2024-02-19 23:30:23.229 [info] > git config --get commit.template [8ms]
2024-02-19 23:30:23.230 [info] > git for-each-ref --format=%(refname)%00%(upstream:short)%00%(objectname)%00%(upstream:track)%00%(upstream:remotename)%00%(upstream:remoteref) refs/heads/main refs/remotes/main [2ms]
2024-02-19 23:30:23.460 [info] > git status -z -uall [223ms]
2024-02-19 23:30:28.485 [info] > git config --get commit.template [8ms]
2024-02-19 23:30:28.485 [info] > git for-each-ref --format=%(refname)%00%(upstream:short)%00%(objectname)%00%(upstream:track)%00%(upstream:remotename)%00%(upstream:remoteref) refs/heads/main refs/remotes/main [1ms]
2024-02-19 23:30:28.685 [info] > git status -z -uall [193ms]
2024-02-19 23:30:33.709 [info] > git config --get commit.template [7ms]
2024-02-19 23:30:33.711 [info] > git for-each-ref --format=%(refname)%00%(upstream:short)%00%(objectname)%00%(upstream:track)%00%(upstream:remotename)%00%(upstream:remoteref) refs/heads/main refs/remotes/main [3ms]
2024-02-19 23:30:33.930 [info] > git status -z -uall [212ms]
2024-02-19 23:30:38.951 [info] > git config --get commit.template [2ms]
2024-02-19 23:30:38.959 [info] > git for-each-ref --format=%(refname)%00%(upstream:short)%00%(objectname)%00%(upstream:track)%00%(upstream:remotename)%00%(upstream:remoteref) refs/heads/main refs/remotes/main [1ms]
2024-02-19 23:30:39.262 [info] > git status -z -uall [292ms]
2024-02-19 23:30:51.520 [info] > git config --get commit.template [10ms]
2024-02-19 23:30:51.521 [info] > git for-each-ref --format=%(refname)%00%(upstream:short)%00%(objectname)%00%(upstream:track)%00%(upstream:remotename)%00%(upstream:remoteref) refs/heads/main refs/remotes/main [2ms]
2024-02-19 23:30:51.747 [info] > git status -z -uall [217ms]
2024-02-19 23:30:56.785 [info] > git config --get commit.template [13ms]
2024-02-19 23:30:56.785 [info] > git for-each-ref --format=%(refname)%00%(upstream:short)%00%(objectname)%00%(upstream:track)%00%(upstream:remotename)%00%(upstream:remoteref) refs/heads/main refs/remotes/main [1ms]
2024-02-19 23:30:57.141 [info] > git status -z -uall [342ms]
2024-02-19 23:31:02.191 [info] > git config --get commit.template [19ms]
2024-02-19 23:31:02.194 [info] > git for-each-ref --format=%(refname)%00%(upstream:short)%00%(objectname)%00%(upstream:track)%00%(upstream:remotename)%00%(upstream:remoteref) refs/heads/main refs/remotes/main [4ms]
2024-02-19 23:31:02.428 [info] > git status -z -uall [217ms]
2024-02-19 23:31:08.101 [info] > git config --get commit.template [9ms]
2024-02-19 23:31:08.101 [info] > git for-each-ref --format=%(refname)%00%(upstream:short)%00%(objectname)%00%(upstream:track)%00%(upstream:remotename)%00%(upstream:remoteref) refs/heads/main refs/remotes/main [1ms]
2024-02-19 23:31:08.321 [info] > git status -z -uall [211ms]
2024-02-19 23:31:13.628 [info] > git config --get commit.template [2ms]
2024-02-19 23:31:13.638 [info] > git for-each-ref --format=%(refname)%00%(upstream:short)%00%(objectname)%00%(upstream:track)%00%(upstream:remotename)%00%(upstream:remoteref) refs/heads/main refs/remotes/main [2ms]
2024-02-19 23:31:13.885 [info] > git status -z -uall [240ms]
2024-02-19 23:31:18.917 [info] > git config --get commit.template [12ms]
2024-02-19 23:31:18.921 [info] > git for-each-ref --format=%(refname)%00%(upstream:short)%00%(objectname)%00%(upstream:track)%00%(upstream:remotename)%00%(upstream:remoteref) refs/heads/main refs/remotes/main [5ms]
2024-02-19 23:31:19.232 [info] > git status -z -uall [300ms]
2024-02-19 23:31:26.323 [info] > git config --get commit.template [5ms]
2024-02-19 23:31:26.344 [info] > git for-each-ref --format=%(refname)%00%(upstream:short)%00%(objectname)%00%(upstream:track)%00%(upstream:remotename)%00%(upstream:remoteref) refs/heads/main refs/remotes/main [2ms]
2024-02-19 23:31:26.569 [info] > git status -z -uall [216ms]
2024-02-19 23:31:31.597 [info] > git config --get commit.template [9ms]
2024-02-19 23:31:31.599 [info] > git for-each-ref --format=%(refname)%00%(upstream:short)%00%(objectname)%00%(upstream:track)%00%(upstream:remotename)%00%(upstream:remoteref) refs/heads/main refs/remotes/main [3ms]
2024-02-19 23:31:31.847 [info] > git status -z -uall [238ms]
2024-02-19 23:31:36.885 [info] > git config --get commit.template [9ms]
2024-02-19 23:31:36.886 [info] > git for-each-ref --format=%(refname)%00%(upstream:short)%00%(objectname)%00%(upstream:track)%00%(upstream:remotename)%00%(upstream:remoteref) refs/heads/main refs/remotes/main [2ms]
2024-02-19 23:31:37.125 [info] > git status -z -uall [223ms]
2024-02-19 23:31:42.154 [info] > git config --get commit.template [9ms]
2024-02-19 23:31:42.155 [info] > git for-each-ref --format=%(refname)%00%(upstream:short)%00%(objectname)%00%(upstream:track)%00%(upstream:remotename)%00%(upstream:remoteref) refs/heads/main refs/remotes/main [2ms]
2024-02-19 23:31:42.481 [info] > git status -z -uall [317ms]
2024-02-19 23:31:47.528 [info] > git config --get commit.template [16ms]
2024-02-19 23:31:47.531 [info] > git for-each-ref --format=%(refname)%00%(upstream:short)%00%(objectname)%00%(upstream:track)%00%(upstream:remotename)%00%(upstream:remoteref) refs/heads/main refs/remotes/main [4ms]
2024-02-19 23:31:47.851 [info] > git status -z -uall [308ms]
2024-02-19 23:31:52.890 [info] > git config --get commit.template [14ms]
2024-02-19 23:31:52.894 [info] > git for-each-ref --format=%(refname)%00%(upstream:short)%00%(objectname)%00%(upstream:track)%00%(upstream:remotename)%00%(upstream:remoteref) refs/heads/main refs/remotes/main [5ms]
2024-02-19 23:31:53.232 [info] > git status -z -uall [325ms]
2024-02-19 23:31:58.373 [info] > git config --get commit.template [69ms]
2024-02-19 23:31:58.400 [info] > git for-each-ref --format=%(refname)%00%(upstream:short)%00%(objectname)%00%(upstream:track)%00%(upstream:remotename)%00%(upstream:remoteref) refs/heads/main refs/remotes/main [79ms]
2024-02-19 23:32:09.475 [info] > git status -z -uall [11058ms]
2024-02-19 23:32:14.600 [info] > git config --get commit.template [28ms]
2024-02-19 23:32:14.634 [info] > git for-each-ref --format=%(refname)%00%(upstream:short)%00%(objectname)%00%(upstream:track)%00%(upstream:remotename)%00%(upstream:remoteref) refs/heads/main refs/remotes/main [49ms]
2024-02-19 23:32:16.228 [info] > git status -z -uall [1580ms]
2024-02-19 23:32:21.259 [info] > git config --get commit.template [2ms]
2024-02-19 23:32:21.301 [info] > git for-each-ref --format=%(refname)%00%(upstream:short)%00%(objectname)%00%(upstream:track)%00%(upstream:remotename)%00%(upstream:remoteref) refs/heads/main refs/remotes/main [7ms]
2024-02-19 23:32:22.274 [info] > git status -z -uall [958ms]
2024-02-19 23:32:36.642 [info] > git config --get commit.template [23ms]
2024-02-19 23:32:36.655 [info] > git for-each-ref --format=%(refname)%00%(upstream:short)%00%(objectname)%00%(upstream:track)%00%(upstream:remotename)%00%(upstream:remoteref) refs/heads/main refs/remotes/main [15ms]
2024-02-19 23:32:40.615 [info] > git status -z -uall [3944ms]
2024-02-19 23:32:45.742 [info] > git config --get commit.template [16ms]
2024-02-19 23:32:45.750 [info] > git for-each-ref --format=%(refname)%00%(upstream:short)%00%(objectname)%00%(upstream:track)%00%(upstream:remotename)%00%(upstream:remoteref) refs/heads/main refs/remotes/main [16ms]
2024-02-19 23:32:46.509 [info] > git status -z -uall [739ms]
2024-02-19 23:32:51.544 [info] > git config --get commit.template [8ms]
2024-02-19 23:32:51.544 [info] > git for-each-ref --format=%(refname)%00%(upstream:short)%00%(objectname)%00%(upstream:track)%00%(upstream:remotename)%00%(upstream:remoteref) refs/heads/main refs/remotes/main [1ms]
2024-02-19 23:32:51.865 [info] > git status -z -uall [314ms]
2024-02-19 23:32:56.911 [info] > git config --get commit.template [18ms]
2024-02-19 23:32:56.914 [info] > git for-each-ref --format=%(refname)%00%(upstream:short)%00%(objectname)%00%(upstream:track)%00%(upstream:remotename)%00%(upstream:remoteref) refs/heads/main refs/remotes/main [4ms]
2024-02-19 23:32:57.233 [info] > git status -z -uall [306ms]
2024-02-19 23:33:02.284 [info] > git config --get commit.template [17ms]
2024-02-19 23:33:02.288 [info] > git for-each-ref --format=%(refname)%00%(upstream:short)%00%(objectname)%00%(upstream:track)%00%(upstream:remotename)%00%(upstream:remoteref) refs/heads/main refs/remotes/main [5ms]
2024-02-19 23:33:05.034 [info] > git status -z -uall [2727ms]
2024-02-19 23:33:10.215 [info] > git config --get commit.template [60ms]
2024-02-19 23:33:10.236 [info] > git for-each-ref --format=%(refname)%00%(upstream:short)%00%(objectname)%00%(upstream:track)%00%(upstream:remotename)%00%(upstream:remoteref) refs/heads/main refs/remotes/main [59ms]
2024-02-19 23:33:13.414 [info] > git status -z -uall [3166ms]
