2024-02-22 14:57:53.520 [info] Log level: Info
2024-02-22 14:57:53.520 [info] Validating found git in: "git"
2024-02-22 14:57:53.520 [info] Using git "2.30.2" from "git"
2024-02-22 14:57:53.520 [info] > git rev-parse --show-toplevel [74ms]
2024-02-22 14:57:53.523 [info] > git rev-parse --git-dir --git-common-dir [7ms]
2024-02-22 14:57:53.544 [info] Open repository: /home/bitnami
2024-02-22 14:57:53.565 [info] > git rev-parse --show-toplevel [7ms]
2024-02-22 14:57:53.566 [info] > git config --get commit.template [12ms]
2024-02-22 14:57:53.626 [info] > git for-each-ref --format=%(refname)%00%(upstream:short)%00%(objectname)%00%(upstream:track)%00%(upstream:remotename)%00%(upstream:remoteref) refs/heads/main refs/remotes/main [42ms]
2024-02-22 14:57:53.626 [info] > git rev-parse --show-toplevel [51ms]
2024-02-22 14:57:53.644 [info] > git rev-parse --show-toplevel [8ms]
2024-02-22 14:57:53.657 [info] > git rev-parse --show-toplevel [1ms]
2024-02-22 14:57:53.727 [info] > git rev-parse --show-toplevel [55ms]
2024-02-22 14:57:53.754 [info] > git rev-parse --show-toplevel [7ms]
2024-02-22 14:57:53.788 [info] > git rev-parse --show-toplevel [7ms]
2024-02-22 14:57:53.798 [info] > git rev-parse --show-toplevel [1ms]
2024-02-22 14:57:53.812 [info] > git rev-parse --show-toplevel [1ms]
2024-02-22 14:57:53.830 [info] > git rev-parse --show-toplevel [8ms]
2024-02-22 14:57:53.841 [info] > git rev-parse --show-toplevel [2ms]
2024-02-22 14:57:53.850 [info] > git rev-parse --show-toplevel [2ms]
2024-02-22 14:57:53.881 [info] > git rev-parse --show-toplevel [3ms]
2024-02-22 14:57:53.899 [info] > git rev-parse --show-toplevel [13ms]
2024-02-22 14:57:53.910 [info] > git rev-parse --git-dir --git-common-dir [4ms]
2024-02-22 14:57:53.918 [info] Open repository: /home/bitnami/todo
2024-02-22 14:57:53.937 [info] > git config --get commit.template [9ms]
2024-02-22 14:57:53.945 [info] > git rev-parse --show-toplevel [10ms]
2024-02-22 14:57:53.961 [info] > git for-each-ref --format=%(refname)%00%(upstream:short)%00%(objectname)%00%(upstream:track)%00%(upstream:remotename)%00%(upstream:remoteref) refs/heads/master refs/remotes/master [17ms]
2024-02-22 14:57:53.967 [warning] ENOENT: no such file or directory, open '/home/bitnami/todo/.git/refs/remotes/origin/master'
2024-02-22 14:57:53.970 [info] > git rev-parse refs/remotes/origin/master [3ms]
2024-02-22 14:57:53.978 [info] > git status -z -uall [335ms]
2024-02-22 14:57:53.978 [info] > git status -z -uall [3ms]
2024-02-22 14:57:54.048 [info] > git config --get commit.template [10ms]
2024-02-22 14:57:54.049 [info] > git config --get commit.template [1ms]
2024-02-22 14:57:54.058 [info] > git for-each-ref --format=%(refname)%00%(upstream:short)%00%(objectname)%00%(upstream:track)%00%(upstream:remotename)%00%(upstream:remoteref) refs/heads/main refs/remotes/main [6ms]
2024-02-22 14:57:54.059 [info] > git for-each-ref --format=%(refname)%00%(upstream:short)%00%(objectname)%00%(upstream:track)%00%(upstream:remotename)%00%(upstream:remoteref) refs/heads/master refs/remotes/master [2ms]
2024-02-22 14:57:54.063 [warning] ENOENT: no such file or directory, open '/home/bitnami/todo/.git/refs/remotes/origin/master'
2024-02-22 14:57:54.068 [info] > git rev-parse refs/remotes/origin/master [5ms]
2024-02-22 14:57:54.078 [info] > git status -z -uall [4ms]
2024-02-22 14:57:54.662 [info] > git status -z -uall [595ms]
2024-02-22 14:57:55.155 [info] > git check-ignore -v -z --stdin [3ms]
2024-02-22 14:57:55.163 [info] > git check-ignore -v -z --stdin [29ms]
2024-02-22 14:57:56.475 [info] > git show --textconv :blogger/app_server/views/addBlog.pug [12ms]
2024-02-22 14:57:56.481 [info] > git ls-files --stage -- /home/bitnami/blogger/app_server/views/addBlog.pug [9ms]
2024-02-22 14:57:56.490 [info] > git cat-file -s 7548405213a1be684725d66771fc51c3652d83fe [1ms]
2024-02-22 14:57:58.621 [info] > git config --get commit.template [7ms]
2024-02-22 14:57:58.621 [info] > git for-each-ref --format=%(refname)%00%(upstream:short)%00%(objectname)%00%(upstream:track)%00%(upstream:remotename)%00%(upstream:remoteref) refs/heads/main refs/remotes/main [2ms]
2024-02-22 14:57:58.816 [info] > git status -z -uall [187ms]
2024-02-22 14:58:03.877 [info] > git config --get commit.template [6ms]
2024-02-22 14:58:03.878 [info] > git for-each-ref --format=%(refname)%00%(upstream:short)%00%(objectname)%00%(upstream:track)%00%(upstream:remotename)%00%(upstream:remoteref) refs/heads/main refs/remotes/main [1ms]
2024-02-22 14:58:04.068 [info] > git status -z -uall [185ms]
