2024-02-12 22:51:20.610 [info] Log level: Info
2024-02-12 22:51:20.610 [info] Validating found git in: "git"
2024-02-12 22:51:20.610 [info] Using git "2.30.2" from "git"
2024-02-12 22:51:20.610 [info] > git rev-parse --show-toplevel [174ms]
2024-02-12 22:51:20.610 [info] > git rev-parse --git-dir --git-common-dir [319ms]
2024-02-12 22:51:20.611 [info] Open repository: /home/bitnami
2024-02-12 22:51:20.628 [info] > git rev-parse --show-toplevel [271ms]
2024-02-12 22:51:20.640 [info] > git config --get commit.template [310ms]
2024-02-12 22:51:20.785 [info] > git rev-parse --show-toplevel [46ms]
2024-02-12 22:51:20.857 [info] > git rev-parse --show-toplevel [22ms]
2024-02-12 22:51:20.865 [info] > git for-each-ref --format=%(refname)%00%(upstream:short)%00%(objectname)%00%(upstream:track)%00%(upstream:remotename)%00%(upstream:remoteref) refs/heads/main refs/remotes/main [95ms]
2024-02-12 22:51:21.080 [info] > git check-ignore -v -z --stdin [162ms]
2024-02-12 22:51:21.097 [info] > git rev-parse --show-toplevel [53ms]
2024-02-12 22:51:21.221 [info] > git rev-parse --show-toplevel [53ms]
2024-02-12 22:51:21.329 [info] > git rev-parse --show-toplevel [20ms]
2024-02-12 22:51:21.383 [info] > git rev-parse --show-toplevel [17ms]
2024-02-12 22:51:21.431 [info] > git rev-parse --show-toplevel [13ms]
2024-02-12 22:51:21.483 [info] > git rev-parse --show-toplevel [9ms]
2024-02-12 22:51:21.557 [info] > git rev-parse --show-toplevel [11ms]
2024-02-12 22:51:21.588 [info] > git rev-parse --show-toplevel [7ms]
2024-02-12 22:51:21.636 [info] > git rev-parse --show-toplevel [13ms]
2024-02-12 22:51:21.679 [info] > git rev-parse --show-toplevel [4ms]
2024-02-12 22:51:21.710 [info] > git rev-parse --show-toplevel [6ms]
2024-02-12 22:51:21.756 [info] > git rev-parse --show-toplevel [12ms]
2024-02-12 22:51:21.804 [info] > git rev-parse --git-dir --git-common-dir [1ms]
2024-02-12 22:51:21.816 [info] Open repository: /home/bitnami/todo
2024-02-12 22:51:21.888 [info] > git config --get commit.template [29ms]
2024-02-12 22:51:21.934 [info] > git rev-parse --show-toplevel [57ms]
2024-02-12 22:51:22.035 [info] > git for-each-ref --format=%(refname)%00%(upstream:short)%00%(objectname)%00%(upstream:track)%00%(upstream:remotename)%00%(upstream:remoteref) refs/heads/master refs/remotes/master [107ms]
2024-02-12 22:51:22.081 [warning] ENOENT: no such file or directory, open '/home/bitnami/todo/.git/refs/remotes/origin/master'
2024-02-12 22:51:22.087 [info] > git show --textconv :blogger/bin/www [95ms]
2024-02-12 22:51:22.087 [info] > git rev-parse refs/remotes/origin/master [6ms]
2024-02-12 22:51:22.112 [info] > git ls-files --stage -- /home/bitnami/blogger/bin/www [78ms]
2024-02-12 22:51:22.157 [info] > git status -z -uall [46ms]
2024-02-12 22:51:22.248 [info] > git cat-file -s 46644ba0551b427aa04d6191b2740167adf76b45 [93ms]
2024-02-12 22:51:22.279 [info] > git for-each-ref --format=%(refname)%00%(upstream:short)%00%(objectname)%00%(upstream:track)%00%(upstream:remotename)%00%(upstream:remoteref) refs/heads/master refs/remotes/master [5ms]
2024-02-12 22:51:22.280 [info] > git config --get commit.template [34ms]
2024-02-12 22:51:22.293 [warning] ENOENT: no such file or directory, open '/home/bitnami/todo/.git/refs/remotes/origin/master'
2024-02-12 22:51:22.302 [info] > git rev-parse refs/remotes/origin/master [9ms]
2024-02-12 22:51:22.314 [info] > git status -z -uall [3ms]
2024-02-12 22:51:22.577 [info] > git check-ignore -v -z --stdin [152ms]
2024-02-12 22:51:23.027 [info] > git status -z -uall [1952ms]
2024-02-12 22:51:25.854 [info] > git config --get commit.template [128ms]
2024-02-12 22:51:25.922 [info] > git for-each-ref --format=%(refname)%00%(upstream:short)%00%(objectname)%00%(upstream:track)%00%(upstream:remotename)%00%(upstream:remoteref) refs/heads/main refs/remotes/main [37ms]
2024-02-12 22:51:26.870 [info] > git status -z -uall [931ms]
