2024-02-26 22:25:19.836 [info] Log level: Info
2024-02-26 22:25:19.836 [info] Validating found git in: "git"
2024-02-26 22:25:19.836 [info] Using git "2.30.2" from "git"
2024-02-26 22:25:19.836 [info] > git rev-parse --show-toplevel [180ms]
2024-02-26 22:25:19.847 [info] > git rev-parse --git-dir --git-common-dir [12ms]
2024-02-26 22:25:19.869 [info] Open repository: /home/bitnami
2024-02-26 22:25:19.890 [info] > git config --get commit.template [8ms]
2024-02-26 22:25:19.901 [info] > git rev-parse --show-toplevel [15ms]
2024-02-26 22:25:19.911 [info] > git for-each-ref --format=%(refname)%00%(upstream:short)%00%(objectname)%00%(upstream:track)%00%(upstream:remotename)%00%(upstream:remoteref) refs/heads/main refs/remotes/main [12ms]
2024-02-26 22:25:19.924 [info] > git rev-parse --show-toplevel [14ms]
2024-02-26 22:25:19.955 [info] > git rev-parse --show-toplevel [7ms]
2024-02-26 22:25:20.059 [info] > git rev-parse --show-toplevel [5ms]
2024-02-26 22:25:20.092 [info] > git rev-parse --show-toplevel [2ms]
2024-02-26 22:25:20.124 [info] > git rev-parse --show-toplevel [8ms]
2024-02-26 22:25:20.153 [info] > git rev-parse --show-toplevel [14ms]
2024-02-26 22:25:20.178 [info] > git rev-parse --show-toplevel [6ms]
2024-02-26 22:25:20.206 [info] > git rev-parse --show-toplevel [10ms]
2024-02-26 22:25:20.251 [info] > git rev-parse --show-toplevel [22ms]
2024-02-26 22:25:20.333 [info] > git rev-parse --show-toplevel [44ms]
2024-02-26 22:25:20.361 [info] > git rev-parse --show-toplevel [3ms]
2024-02-26 22:25:20.387 [info] > git rev-parse --show-toplevel [11ms]
2024-02-26 22:25:20.410 [info] > git rev-parse --show-toplevel [10ms]
2024-02-26 22:25:20.441 [info] > git rev-parse --git-dir --git-common-dir [14ms]
2024-02-26 22:25:20.448 [info] Open repository: /home/bitnami/todo
2024-02-26 22:25:20.505 [info] > git status -z -uall [582ms]
2024-02-26 22:25:20.506 [info] > git config --get commit.template [18ms]
2024-02-26 22:25:20.552 [info] > git rev-parse --show-toplevel [49ms]
2024-02-26 22:25:20.715 [info] > git check-ignore -v -z --stdin [244ms]
2024-02-26 22:25:20.719 [info] > git show --textconv :blogger/app_server/views/addBlog.pug [137ms]
2024-02-26 22:25:20.721 [info] > git ls-files --stage -- /home/bitnami/blogger/app_server/views/addBlog.pug [110ms]
2024-02-26 22:25:20.730 [info] > git config --get commit.template [183ms]
2024-02-26 22:25:20.732 [info] > git for-each-ref --format %(refname) %(objectname) %(*objectname) refs/tags [22ms]
2024-02-26 22:25:20.757 [info] > git status -z -uall [16ms]
2024-02-26 22:25:20.757 [info] > git cat-file -s 1023e168e6aa1e86110c1e9935e15a7606f20e95 [30ms]
2024-02-26 22:25:21.040 [info] > git for-each-ref --format=%(refname)%00%(upstream:short)%00%(objectname)%00%(upstream:track)%00%(upstream:remotename)%00%(upstream:remoteref) refs/heads/main refs/remotes/main [284ms]
2024-02-26 22:25:21.150 [info] > git for-each-ref --format %(refname) %(objectname) %(*objectname) refs/tags [86ms]
2024-02-26 22:25:21.151 [info] > git config --get commit.template [114ms]
2024-02-26 22:25:21.299 [info] > git check-ignore -v -z --stdin [216ms]
2024-02-26 22:25:21.305 [info] > git status -z -uall [97ms]
2024-02-26 22:25:21.714 [info] > git status -z -uall [611ms]
2024-02-26 22:25:24.916 [info] > git ls-files --stage -- /home/bitnami/blogger/app_server/views/addBlog.pug [8ms]
2024-02-26 22:25:24.923 [info] > git cat-file -s 1023e168e6aa1e86110c1e9935e15a7606f20e95 [1ms]
2024-02-26 22:25:24.952 [info] > git show --textconv :blogger/app_server/views/addBlog.pug [8ms]
2024-02-26 22:25:30.041 [info] > git ls-files --stage -- /home/bitnami/blogger/app_server/views/addBlog.pug [11ms]
2024-02-26 22:25:30.048 [info] > git cat-file -s 1023e168e6aa1e86110c1e9935e15a7606f20e95 [1ms]
2024-02-26 22:25:30.082 [info] > git show --textconv :blogger/app_server/views/addBlog.pug [10ms]
2024-02-26 22:26:19.157 [info] > git check-ignore -v -z --stdin [9ms]
2024-02-26 22:26:20.085 [info] > git check-ignore -v -z --stdin [11ms]
2024-02-26 22:26:21.274 [info] > git show --textconv :blogger/app.js [130ms]
2024-02-26 22:26:21.275 [info] > git ls-files --stage -- /home/bitnami/blogger/app.js [90ms]
2024-02-26 22:26:21.310 [info] > git cat-file -s 1aca20c0dce9627247fe0d4d0e7522d23acbfccd [13ms]
2024-02-26 22:28:13.954 [info] > git ls-files --stage -- /home/bitnami/blogger/app_server/views/blogEdit.pug [91ms]
2024-02-26 22:28:13.967 [info] > git cat-file -s e69de29bb2d1d6434b8b29ae775ad8c2e48c5391 [3ms]
2024-02-26 22:28:13.968 [info] > git show --textconv :blogger/app_server/views/blogEdit.pug [115ms]
2024-02-26 22:28:15.997 [info] > git show --textconv :blogger/app.js [14ms]
2024-02-26 22:28:16.003 [info] > git ls-files --stage -- /home/bitnami/blogger/app.js [12ms]
2024-02-26 22:28:16.015 [info] > git cat-file -s 1aca20c0dce9627247fe0d4d0e7522d23acbfccd [3ms]
2024-02-26 22:28:17.594 [info] > git ls-files --stage -- /home/bitnami/blogger/app_server/views/blogList.pug [13ms]
2024-02-26 22:28:17.603 [info] > git show --textconv :blogger/app_server/views/blogList.pug [29ms]
2024-02-26 22:28:17.606 [info] > git cat-file -s 3ec8d4348c09a6c8a2dc83b756bcd84431476c6e [4ms]
2024-02-26 22:31:07.646 [info] > git config --get commit.template [16ms]
2024-02-26 22:31:07.650 [info] > git for-each-ref --format=%(refname)%00%(upstream:short)%00%(objectname)%00%(upstream:track)%00%(upstream:remotename)%00%(upstream:remoteref) refs/heads/main refs/remotes/main [6ms]
2024-02-26 22:31:09.690 [info] > git check-ignore -v -z --stdin [15ms]
2024-02-26 22:31:09.729 [info] > git status -z -uall [2070ms]
2024-02-26 22:31:11.317 [info] > git show --textconv :blogger/app_api/controllers/blogs.js [53ms]
2024-02-26 22:31:11.331 [info] > git ls-files --stage -- /home/bitnami/blogger/app_api/controllers/blogs.js [46ms]
2024-02-26 22:31:11.342 [info] > git cat-file -s 34e110969537cbc83964549d25747fecf041a15b [2ms]
2024-02-26 22:31:14.762 [info] > git config --get commit.template [7ms]
2024-02-26 22:31:14.762 [info] > git for-each-ref --format=%(refname)%00%(upstream:short)%00%(objectname)%00%(upstream:track)%00%(upstream:remotename)%00%(upstream:remoteref) refs/heads/main refs/remotes/main [2ms]
2024-02-26 22:31:14.950 [info] > git status -z -uall [181ms]
2024-02-26 22:31:19.214 [info] > git show --textconv :blogger/app_server/controllers/blog.js [21ms]
2024-02-26 22:31:19.216 [info] > git ls-files --stage -- /home/bitnami/blogger/app_server/controllers/blog.js [11ms]
2024-02-26 22:31:19.224 [info] > git cat-file -s e31a28965f1a48fbbe12ce6066389deb76af7aaa [2ms]
2024-02-26 22:31:19.969 [info] > git config --get commit.template [6ms]
2024-02-26 22:31:19.969 [info] > git for-each-ref --format=%(refname)%00%(upstream:short)%00%(objectname)%00%(upstream:track)%00%(upstream:remotename)%00%(upstream:remoteref) refs/heads/main refs/remotes/main [1ms]
2024-02-26 22:31:20.150 [info] > git status -z -uall [175ms]
2024-02-26 22:31:25.171 [info] > git config --get commit.template [7ms]
2024-02-26 22:31:25.172 [info] > git for-each-ref --format=%(refname)%00%(upstream:short)%00%(objectname)%00%(upstream:track)%00%(upstream:remotename)%00%(upstream:remoteref) refs/heads/main refs/remotes/main [2ms]
2024-02-26 22:31:25.336 [info] > git status -z -uall [157ms]
2024-02-26 22:31:30.352 [info] > git config --get commit.template [6ms]
2024-02-26 22:31:30.353 [info] > git for-each-ref --format=%(refname)%00%(upstream:short)%00%(objectname)%00%(upstream:track)%00%(upstream:remotename)%00%(upstream:remoteref) refs/heads/main refs/remotes/main [2ms]
2024-02-26 22:31:30.526 [info] > git status -z -uall [167ms]
2024-02-26 22:31:35.544 [info] > git config --get commit.template [6ms]
2024-02-26 22:31:35.544 [info] > git for-each-ref --format=%(refname)%00%(upstream:short)%00%(objectname)%00%(upstream:track)%00%(upstream:remotename)%00%(upstream:remoteref) refs/heads/main refs/remotes/main [1ms]
2024-02-26 22:31:35.723 [info] > git status -z -uall [171ms]
2024-02-26 22:31:40.750 [info] > git config --get commit.template [16ms]
2024-02-26 22:31:40.751 [info] > git for-each-ref --format=%(refname)%00%(upstream:short)%00%(objectname)%00%(upstream:track)%00%(upstream:remotename)%00%(upstream:remoteref) refs/heads/main refs/remotes/main [3ms]
2024-02-26 22:31:40.927 [info] > git status -z -uall [169ms]
2024-02-26 22:31:45.949 [info] > git config --get commit.template [8ms]
2024-02-26 22:31:45.951 [info] > git for-each-ref --format=%(refname)%00%(upstream:short)%00%(objectname)%00%(upstream:track)%00%(upstream:remotename)%00%(upstream:remoteref) refs/heads/main refs/remotes/main [1ms]
2024-02-26 22:31:46.124 [info] > git status -z -uall [166ms]
2024-02-26 22:31:51.142 [info] > git config --get commit.template [7ms]
2024-02-26 22:31:51.143 [info] > git for-each-ref --format=%(refname)%00%(upstream:short)%00%(objectname)%00%(upstream:track)%00%(upstream:remotename)%00%(upstream:remoteref) refs/heads/main refs/remotes/main [2ms]
2024-02-26 22:31:51.323 [info] > git status -z -uall [172ms]
2024-02-26 22:31:56.340 [info] > git config --get commit.template [7ms]
2024-02-26 22:31:56.342 [info] > git for-each-ref --format=%(refname)%00%(upstream:short)%00%(objectname)%00%(upstream:track)%00%(upstream:remotename)%00%(upstream:remoteref) refs/heads/main refs/remotes/main [3ms]
2024-02-26 22:31:56.532 [info] > git status -z -uall [184ms]
2024-02-26 22:32:01.559 [info] > git config --get commit.template [13ms]
2024-02-26 22:32:01.570 [info] > git for-each-ref --format=%(refname)%00%(upstream:short)%00%(objectname)%00%(upstream:track)%00%(upstream:remotename)%00%(upstream:remoteref) refs/heads/main refs/remotes/main [2ms]
2024-02-26 22:32:01.742 [info] > git status -z -uall [165ms]
2024-02-26 22:32:06.768 [info] > git for-each-ref --format=%(refname)%00%(upstream:short)%00%(objectname)%00%(upstream:track)%00%(upstream:remotename)%00%(upstream:remoteref) refs/heads/main refs/remotes/main [3ms]
2024-02-26 22:32:06.769 [info] > git config --get commit.template [15ms]
2024-02-26 22:32:06.952 [info] > git status -z -uall [178ms]
2024-02-26 22:32:11.966 [info] > git config --get commit.template [2ms]
2024-02-26 22:32:11.974 [info] > git for-each-ref --format=%(refname)%00%(upstream:short)%00%(objectname)%00%(upstream:track)%00%(upstream:remotename)%00%(upstream:remoteref) refs/heads/main refs/remotes/main [2ms]
2024-02-26 22:32:12.167 [info] > git status -z -uall [187ms]
2024-02-26 22:32:17.182 [info] > git config --get commit.template [2ms]
2024-02-26 22:32:17.190 [info] > git for-each-ref --format=%(refname)%00%(upstream:short)%00%(objectname)%00%(upstream:track)%00%(upstream:remotename)%00%(upstream:remoteref) refs/heads/main refs/remotes/main [1ms]
2024-02-26 22:32:17.445 [info] > git status -z -uall [248ms]
2024-02-26 22:32:22.474 [info] > git config --get commit.template [1ms]
2024-02-26 22:32:22.517 [info] > git for-each-ref --format=%(refname)%00%(upstream:short)%00%(objectname)%00%(upstream:track)%00%(upstream:remotename)%00%(upstream:remoteref) refs/heads/main refs/remotes/main [31ms]
2024-02-26 22:32:22.920 [info] > git status -z -uall [368ms]
2024-02-26 22:32:27.942 [info] > git config --get commit.template [11ms]
2024-02-26 22:32:27.943 [info] > git for-each-ref --format=%(refname)%00%(upstream:short)%00%(objectname)%00%(upstream:track)%00%(upstream:remotename)%00%(upstream:remoteref) refs/heads/main refs/remotes/main [3ms]
2024-02-26 22:32:28.129 [info] > git status -z -uall [180ms]
2024-02-26 22:32:33.171 [info] > git config --get commit.template [21ms]
2024-02-26 22:32:33.178 [info] > git for-each-ref --format=%(refname)%00%(upstream:short)%00%(objectname)%00%(upstream:track)%00%(upstream:remotename)%00%(upstream:remoteref) refs/heads/main refs/remotes/main [9ms]
2024-02-26 22:32:33.431 [info] > git status -z -uall [244ms]
2024-02-26 22:32:38.450 [info] > git config --get commit.template [7ms]
2024-02-26 22:32:38.451 [info] > git for-each-ref --format=%(refname)%00%(upstream:short)%00%(objectname)%00%(upstream:track)%00%(upstream:remotename)%00%(upstream:remoteref) refs/heads/main refs/remotes/main [2ms]
2024-02-26 22:32:38.659 [info] > git status -z -uall [202ms]
2024-02-26 22:32:43.732 [info] > git config --get commit.template [44ms]
2024-02-26 22:32:43.734 [info] > git for-each-ref --format=%(refname)%00%(upstream:short)%00%(objectname)%00%(upstream:track)%00%(upstream:remotename)%00%(upstream:remoteref) refs/heads/main refs/remotes/main [4ms]
2024-02-26 22:32:44.155 [info] > git status -z -uall [396ms]
2024-02-26 22:32:49.174 [info] > git config --get commit.template [8ms]
2024-02-26 22:32:49.175 [info] > git for-each-ref --format=%(refname)%00%(upstream:short)%00%(objectname)%00%(upstream:track)%00%(upstream:remotename)%00%(upstream:remoteref) refs/heads/main refs/remotes/main [2ms]
2024-02-26 22:32:49.417 [info] > git status -z -uall [236ms]
2024-02-26 22:32:54.439 [info] > git config --get commit.template [8ms]
2024-02-26 22:32:54.440 [info] > git for-each-ref --format=%(refname)%00%(upstream:short)%00%(objectname)%00%(upstream:track)%00%(upstream:remotename)%00%(upstream:remoteref) refs/heads/main refs/remotes/main [2ms]
2024-02-26 22:32:54.619 [info] > git status -z -uall [173ms]
2024-02-26 22:32:59.659 [info] > git config --get commit.template [13ms]
2024-02-26 22:32:59.662 [info] > git for-each-ref --format=%(refname)%00%(upstream:short)%00%(objectname)%00%(upstream:track)%00%(upstream:remotename)%00%(upstream:remoteref) refs/heads/main refs/remotes/main [4ms]
2024-02-26 22:32:59.887 [info] > git status -z -uall [214ms]
2024-02-26 22:33:04.904 [info] > git config --get commit.template [3ms]
2024-02-26 22:33:04.918 [info] > git for-each-ref --format=%(refname)%00%(upstream:short)%00%(objectname)%00%(upstream:track)%00%(upstream:remotename)%00%(upstream:remoteref) refs/heads/main refs/remotes/main [2ms]
2024-02-26 22:33:05.139 [info] > git status -z -uall [209ms]
2024-02-26 22:33:10.157 [info] > git config --get commit.template [7ms]
2024-02-26 22:33:10.158 [info] > git for-each-ref --format=%(refname)%00%(upstream:short)%00%(objectname)%00%(upstream:track)%00%(upstream:remotename)%00%(upstream:remoteref) refs/heads/main refs/remotes/main [2ms]
2024-02-26 22:33:10.383 [info] > git status -z -uall [214ms]
2024-02-26 22:33:15.413 [info] > git config --get commit.template [14ms]
2024-02-26 22:33:15.417 [info] > git for-each-ref --format=%(refname)%00%(upstream:short)%00%(objectname)%00%(upstream:track)%00%(upstream:remotename)%00%(upstream:remoteref) refs/heads/main refs/remotes/main [7ms]
2024-02-26 22:33:15.620 [info] > git status -z -uall [183ms]
2024-02-26 22:33:26.684 [info] > git config --get commit.template [6ms]
2024-02-26 22:33:26.685 [info] > git for-each-ref --format=%(refname)%00%(upstream:short)%00%(objectname)%00%(upstream:track)%00%(upstream:remotename)%00%(upstream:remoteref) refs/heads/main refs/remotes/main [1ms]
2024-02-26 22:33:26.890 [info] > git status -z -uall [198ms]
2024-02-26 22:33:37.962 [info] > git config --get commit.template [10ms]
2024-02-26 22:33:37.964 [info] > git for-each-ref --format=%(refname)%00%(upstream:short)%00%(objectname)%00%(upstream:track)%00%(upstream:remotename)%00%(upstream:remoteref) refs/heads/main refs/remotes/main [3ms]
2024-02-26 22:33:38.154 [info] > git status -z -uall [182ms]
2024-02-26 22:33:46.489 [info] > git config --get commit.template [7ms]
2024-02-26 22:33:46.490 [info] > git for-each-ref --format=%(refname)%00%(upstream:short)%00%(objectname)%00%(upstream:track)%00%(upstream:remotename)%00%(upstream:remoteref) refs/heads/main refs/remotes/main [2ms]
2024-02-26 22:33:46.698 [info] > git status -z -uall [201ms]
2024-02-26 22:33:51.724 [info] > git config --get commit.template [7ms]
2024-02-26 22:33:51.726 [info] > git for-each-ref --format=%(refname)%00%(upstream:short)%00%(objectname)%00%(upstream:track)%00%(upstream:remotename)%00%(upstream:remoteref) refs/heads/main refs/remotes/main [3ms]
2024-02-26 22:33:51.934 [info] > git status -z -uall [195ms]
2024-02-26 22:33:57.303 [info] > git config --get commit.template [12ms]
2024-02-26 22:33:57.304 [info] > git for-each-ref --format=%(refname)%00%(upstream:short)%00%(objectname)%00%(upstream:track)%00%(upstream:remotename)%00%(upstream:remoteref) refs/heads/main refs/remotes/main [3ms]
2024-02-26 22:33:57.482 [info] > git status -z -uall [167ms]
2024-02-26 22:34:03.512 [info] > git config --get commit.template [7ms]
2024-02-26 22:34:03.514 [info] > git for-each-ref --format=%(refname)%00%(upstream:short)%00%(objectname)%00%(upstream:track)%00%(upstream:remotename)%00%(upstream:remoteref) refs/heads/main refs/remotes/main [3ms]
2024-02-26 22:34:03.721 [info] > git status -z -uall [199ms]
2024-02-26 22:34:08.734 [info] > git config --get commit.template [2ms]
2024-02-26 22:34:08.743 [info] > git for-each-ref --format=%(refname)%00%(upstream:short)%00%(objectname)%00%(upstream:track)%00%(upstream:remotename)%00%(upstream:remoteref) refs/heads/main refs/remotes/main [2ms]
2024-02-26 22:34:08.918 [info] > git status -z -uall [169ms]
2024-02-26 22:34:13.936 [info] > git config --get commit.template [7ms]
2024-02-26 22:34:13.937 [info] > git for-each-ref --format=%(refname)%00%(upstream:short)%00%(objectname)%00%(upstream:track)%00%(upstream:remotename)%00%(upstream:remoteref) refs/heads/main refs/remotes/main [3ms]
2024-02-26 22:34:14.119 [info] > git status -z -uall [176ms]
2024-02-26 22:34:19.139 [info] > git config --get commit.template [9ms]
2024-02-26 22:34:19.140 [info] > git for-each-ref --format=%(refname)%00%(upstream:short)%00%(objectname)%00%(upstream:track)%00%(upstream:remotename)%00%(upstream:remoteref) refs/heads/main refs/remotes/main [1ms]
2024-02-26 22:34:19.328 [info] > git status -z -uall [183ms]
2024-02-26 22:34:20.105 [info] > git show --textconv :blogger/app_server/views/addBlog.pug [16ms]
2024-02-26 22:34:20.111 [info] > git ls-files --stage -- /home/bitnami/blogger/app_server/views/addBlog.pug [12ms]
2024-02-26 22:34:20.120 [info] > git cat-file -s 1023e168e6aa1e86110c1e9935e15a7606f20e95 [1ms]
2024-02-26 22:34:24.345 [info] > git config --get commit.template [7ms]
2024-02-26 22:34:24.346 [info] > git for-each-ref --format=%(refname)%00%(upstream:short)%00%(objectname)%00%(upstream:track)%00%(upstream:remotename)%00%(upstream:remoteref) refs/heads/main refs/remotes/main [2ms]
2024-02-26 22:34:24.515 [info] > git status -z -uall [163ms]
2024-02-26 22:34:25.230 [info] > git show --textconv :blogger/app_server/views/blogList.pug [13ms]
2024-02-26 22:34:25.236 [info] > git ls-files --stage -- /home/bitnami/blogger/app_server/views/blogList.pug [10ms]
2024-02-26 22:34:25.244 [info] > git cat-file -s 3ec8d4348c09a6c8a2dc83b756bcd84431476c6e [1ms]
2024-02-26 22:34:29.530 [info] > git config --get commit.template [1ms]
2024-02-26 22:34:29.538 [info] > git for-each-ref --format=%(refname)%00%(upstream:short)%00%(objectname)%00%(upstream:track)%00%(upstream:remotename)%00%(upstream:remoteref) refs/heads/main refs/remotes/main [2ms]
2024-02-26 22:34:29.745 [info] > git status -z -uall [200ms]
2024-02-26 22:34:34.762 [info] > git config --get commit.template [7ms]
2024-02-26 22:34:34.763 [info] > git for-each-ref --format=%(refname)%00%(upstream:short)%00%(objectname)%00%(upstream:track)%00%(upstream:remotename)%00%(upstream:remoteref) refs/heads/main refs/remotes/main [2ms]
2024-02-26 22:34:34.956 [info] > git status -z -uall [187ms]
2024-02-26 22:34:42.236 [info] > git config --get commit.template [7ms]
2024-02-26 22:34:42.237 [info] > git for-each-ref --format=%(refname)%00%(upstream:short)%00%(objectname)%00%(upstream:track)%00%(upstream:remotename)%00%(upstream:remoteref) refs/heads/main refs/remotes/main [3ms]
2024-02-26 22:34:42.425 [info] > git status -z -uall [181ms]
2024-02-26 22:34:47.452 [info] > git config --get commit.template [14ms]
2024-02-26 22:34:47.454 [info] > git for-each-ref --format=%(refname)%00%(upstream:short)%00%(objectname)%00%(upstream:track)%00%(upstream:remotename)%00%(upstream:remoteref) refs/heads/main refs/remotes/main [4ms]
2024-02-26 22:34:47.642 [info] > git status -z -uall [177ms]
2024-02-26 22:34:52.660 [info] > git config --get commit.template [3ms]
2024-02-26 22:34:52.670 [info] > git for-each-ref --format=%(refname)%00%(upstream:short)%00%(objectname)%00%(upstream:track)%00%(upstream:remotename)%00%(upstream:remoteref) refs/heads/main refs/remotes/main [2ms]
2024-02-26 22:34:52.873 [info] > git status -z -uall [193ms]
2024-02-26 22:34:57.891 [info] > git config --get commit.template [7ms]
2024-02-26 22:34:57.891 [info] > git for-each-ref --format=%(refname)%00%(upstream:short)%00%(objectname)%00%(upstream:track)%00%(upstream:remotename)%00%(upstream:remoteref) refs/heads/main refs/remotes/main [2ms]
2024-02-26 22:34:58.084 [info] > git status -z -uall [184ms]
2024-02-26 22:35:03.102 [info] > git config --get commit.template [4ms]
2024-02-26 22:35:03.115 [info] > git for-each-ref --format=%(refname)%00%(upstream:short)%00%(objectname)%00%(upstream:track)%00%(upstream:remotename)%00%(upstream:remoteref) refs/heads/main refs/remotes/main [3ms]
2024-02-26 22:35:03.297 [info] > git status -z -uall [167ms]
2024-02-26 22:35:11.577 [info] > git config --get commit.template [9ms]
2024-02-26 22:35:11.578 [info] > git for-each-ref --format=%(refname)%00%(upstream:short)%00%(objectname)%00%(upstream:track)%00%(upstream:remotename)%00%(upstream:remoteref) refs/heads/main refs/remotes/main [2ms]
2024-02-26 22:35:11.761 [info] > git status -z -uall [175ms]
2024-02-26 22:35:16.776 [info] > git config --get commit.template [7ms]
2024-02-26 22:35:16.777 [info] > git for-each-ref --format=%(refname)%00%(upstream:short)%00%(objectname)%00%(upstream:track)%00%(upstream:remotename)%00%(upstream:remoteref) refs/heads/main refs/remotes/main [2ms]
2024-02-26 22:35:16.963 [info] > git status -z -uall [177ms]
2024-02-26 22:35:33.077 [info] > git config --get commit.template [10ms]
2024-02-26 22:35:33.080 [info] > git for-each-ref --format=%(refname)%00%(upstream:short)%00%(objectname)%00%(upstream:track)%00%(upstream:remotename)%00%(upstream:remoteref) refs/heads/main refs/remotes/main [4ms]
2024-02-26 22:35:33.278 [info] > git status -z -uall [188ms]
2024-02-26 22:35:38.298 [info] > git config --get commit.template [7ms]
2024-02-26 22:35:38.299 [info] > git for-each-ref --format=%(refname)%00%(upstream:short)%00%(objectname)%00%(upstream:track)%00%(upstream:remotename)%00%(upstream:remoteref) refs/heads/main refs/remotes/main [3ms]
2024-02-26 22:35:38.482 [info] > git status -z -uall [174ms]
2024-02-26 22:35:43.498 [info] > git config --get commit.template [1ms]
2024-02-26 22:35:43.507 [info] > git for-each-ref --format=%(refname)%00%(upstream:short)%00%(objectname)%00%(upstream:track)%00%(upstream:remotename)%00%(upstream:remoteref) refs/heads/main refs/remotes/main [2ms]
2024-02-26 22:35:43.688 [info] > git status -z -uall [174ms]
2024-02-26 22:35:48.706 [info] > git config --get commit.template [6ms]
2024-02-26 22:35:48.708 [info] > git for-each-ref --format=%(refname)%00%(upstream:short)%00%(objectname)%00%(upstream:track)%00%(upstream:remotename)%00%(upstream:remoteref) refs/heads/main refs/remotes/main [2ms]
2024-02-26 22:35:48.885 [info] > git status -z -uall [170ms]
2024-02-26 22:35:53.901 [info] > git config --get commit.template [7ms]
2024-02-26 22:35:53.902 [info] > git for-each-ref --format=%(refname)%00%(upstream:short)%00%(objectname)%00%(upstream:track)%00%(upstream:remotename)%00%(upstream:remoteref) refs/heads/main refs/remotes/main [2ms]
2024-02-26 22:35:54.083 [info] > git status -z -uall [175ms]
2024-02-26 22:35:59.110 [info] > git config --get commit.template [13ms]
2024-02-26 22:35:59.112 [info] > git for-each-ref --format=%(refname)%00%(upstream:short)%00%(objectname)%00%(upstream:track)%00%(upstream:remotename)%00%(upstream:remoteref) refs/heads/main refs/remotes/main [3ms]
2024-02-26 22:35:59.291 [info] > git status -z -uall [170ms]
2024-02-26 22:36:04.314 [info] > git config --get commit.template [13ms]
2024-02-26 22:36:04.316 [info] > git for-each-ref --format=%(refname)%00%(upstream:short)%00%(objectname)%00%(upstream:track)%00%(upstream:remotename)%00%(upstream:remoteref) refs/heads/main refs/remotes/main [2ms]
2024-02-26 22:36:04.521 [info] > git status -z -uall [196ms]
2024-02-26 22:36:16.356 [info] > git config --get commit.template [7ms]
2024-02-26 22:36:16.357 [info] > git for-each-ref --format=%(refname)%00%(upstream:short)%00%(objectname)%00%(upstream:track)%00%(upstream:remotename)%00%(upstream:remoteref) refs/heads/main refs/remotes/main [2ms]
2024-02-26 22:36:16.554 [info] > git status -z -uall [189ms]
2024-02-26 22:36:19.103 [info] > git show --textconv :blogger/app_server/controllers/blog.js [8ms]
2024-02-26 22:36:19.111 [info] > git ls-files --stage -- /home/bitnami/blogger/app_server/controllers/blog.js [11ms]
2024-02-26 22:36:19.118 [info] > git cat-file -s e31a28965f1a48fbbe12ce6066389deb76af7aaa [2ms]
2024-02-26 22:36:21.575 [info] > git config --get commit.template [7ms]
2024-02-26 22:36:21.576 [info] > git for-each-ref --format=%(refname)%00%(upstream:short)%00%(objectname)%00%(upstream:track)%00%(upstream:remotename)%00%(upstream:remoteref) refs/heads/main refs/remotes/main [2ms]
2024-02-26 22:36:21.759 [info] > git status -z -uall [178ms]
2024-02-26 22:36:26.772 [info] > git config --get commit.template [2ms]
2024-02-26 22:36:26.781 [info] > git for-each-ref --format=%(refname)%00%(upstream:short)%00%(objectname)%00%(upstream:track)%00%(upstream:remotename)%00%(upstream:remoteref) refs/heads/main refs/remotes/main [1ms]
2024-02-26 22:36:26.957 [info] > git status -z -uall [170ms]
2024-02-26 22:37:08.657 [info] > git config --get commit.template [6ms]
2024-02-26 22:37:08.657 [info] > git for-each-ref --format=%(refname)%00%(upstream:short)%00%(objectname)%00%(upstream:track)%00%(upstream:remotename)%00%(upstream:remoteref) refs/heads/main refs/remotes/main [2ms]
2024-02-26 22:37:08.830 [info] > git status -z -uall [163ms]
2024-02-26 22:37:13.849 [info] > git config --get commit.template [7ms]
2024-02-26 22:37:13.850 [info] > git for-each-ref --format=%(refname)%00%(upstream:short)%00%(objectname)%00%(upstream:track)%00%(upstream:remotename)%00%(upstream:remoteref) refs/heads/main refs/remotes/main [3ms]
2024-02-26 22:37:14.052 [info] > git status -z -uall [196ms]
2024-02-26 22:37:19.073 [info] > git config --get commit.template [7ms]
2024-02-26 22:37:19.073 [info] > git for-each-ref --format=%(refname)%00%(upstream:short)%00%(objectname)%00%(upstream:track)%00%(upstream:remotename)%00%(upstream:remoteref) refs/heads/main refs/remotes/main [2ms]
2024-02-26 22:37:19.311 [info] > git status -z -uall [231ms]
2024-02-26 22:37:24.356 [info] > git config --get commit.template [29ms]
2024-02-26 22:37:24.358 [info] > git for-each-ref --format=%(refname)%00%(upstream:short)%00%(objectname)%00%(upstream:track)%00%(upstream:remotename)%00%(upstream:remoteref) refs/heads/main refs/remotes/main [6ms]
2024-02-26 22:37:24.670 [info] > git status -z -uall [285ms]
2024-02-26 22:37:30.035 [info] > git for-each-ref --format=%(refname)%00%(upstream:short)%00%(objectname)%00%(upstream:track)%00%(upstream:remotename)%00%(upstream:remoteref) refs/heads/main refs/remotes/main [15ms]
2024-02-26 22:37:30.036 [info] > git config --get commit.template [38ms]
2024-02-26 22:37:30.325 [info] > git status -z -uall [260ms]
2024-02-26 22:37:35.351 [info] > git config --get commit.template [13ms]
2024-02-26 22:37:35.375 [info] > git for-each-ref --format=%(refname)%00%(upstream:short)%00%(objectname)%00%(upstream:track)%00%(upstream:remotename)%00%(upstream:remoteref) refs/heads/main refs/remotes/main [25ms]
2024-02-26 22:37:35.733 [info] > git status -z -uall [345ms]
2024-02-26 22:37:41.200 [info] > git config --get commit.template [7ms]
2024-02-26 22:37:41.203 [info] > git for-each-ref --format=%(refname)%00%(upstream:short)%00%(objectname)%00%(upstream:track)%00%(upstream:remotename)%00%(upstream:remoteref) refs/heads/main refs/remotes/main [3ms]
2024-02-26 22:37:41.415 [info] > git status -z -uall [204ms]
2024-02-26 22:37:47.990 [info] > git config --get commit.template [9ms]
2024-02-26 22:37:47.994 [info] > git for-each-ref --format=%(refname)%00%(upstream:short)%00%(objectname)%00%(upstream:track)%00%(upstream:remotename)%00%(upstream:remoteref) refs/heads/main refs/remotes/main [5ms]
2024-02-26 22:37:48.199 [info] > git status -z -uall [195ms]
2024-02-26 22:37:53.219 [info] > git config --get commit.template [9ms]
2024-02-26 22:37:53.221 [info] > git for-each-ref --format=%(refname)%00%(upstream:short)%00%(objectname)%00%(upstream:track)%00%(upstream:remotename)%00%(upstream:remoteref) refs/heads/main refs/remotes/main [3ms]
2024-02-26 22:37:53.390 [info] > git status -z -uall [162ms]
2024-02-26 22:37:58.411 [info] > git config --get commit.template [8ms]
2024-02-26 22:37:58.412 [info] > git for-each-ref --format=%(refname)%00%(upstream:short)%00%(objectname)%00%(upstream:track)%00%(upstream:remotename)%00%(upstream:remoteref) refs/heads/main refs/remotes/main [2ms]
2024-02-26 22:37:58.616 [info] > git status -z -uall [195ms]
2024-02-26 22:38:03.636 [info] > git config --get commit.template [8ms]
2024-02-26 22:38:03.638 [info] > git for-each-ref --format=%(refname)%00%(upstream:short)%00%(objectname)%00%(upstream:track)%00%(upstream:remotename)%00%(upstream:remoteref) refs/heads/main refs/remotes/main [3ms]
2024-02-26 22:38:03.838 [info] > git status -z -uall [192ms]
2024-02-26 22:38:08.862 [info] > git for-each-ref --format=%(refname)%00%(upstream:short)%00%(objectname)%00%(upstream:track)%00%(upstream:remotename)%00%(upstream:remoteref) refs/heads/main refs/remotes/main [12ms]
2024-02-26 22:38:08.863 [info] > git config --get commit.template [3ms]
2024-02-26 22:38:09.056 [info] > git status -z -uall [180ms]
2024-02-26 22:38:14.076 [info] > git config --get commit.template [8ms]
2024-02-26 22:38:14.077 [info] > git for-each-ref --format=%(refname)%00%(upstream:short)%00%(objectname)%00%(upstream:track)%00%(upstream:remotename)%00%(upstream:remoteref) refs/heads/main refs/remotes/main [2ms]
2024-02-26 22:38:14.338 [info] > git status -z -uall [253ms]
2024-02-26 22:38:23.774 [info] > git config --get commit.template [2ms]
2024-02-26 22:38:23.782 [info] > git for-each-ref --format=%(refname)%00%(upstream:short)%00%(objectname)%00%(upstream:track)%00%(upstream:remotename)%00%(upstream:remoteref) refs/heads/main refs/remotes/main [2ms]
2024-02-26 22:38:24.007 [info] > git status -z -uall [217ms]
2024-02-26 22:38:36.361 [info] > git config --get commit.template [6ms]
2024-02-26 22:38:36.363 [info] > git for-each-ref --format=%(refname)%00%(upstream:short)%00%(objectname)%00%(upstream:track)%00%(upstream:remotename)%00%(upstream:remoteref) refs/heads/main refs/remotes/main [3ms]
2024-02-26 22:38:36.536 [info] > git status -z -uall [167ms]
2024-02-26 22:38:41.555 [info] > git config --get commit.template [7ms]
2024-02-26 22:38:41.556 [info] > git for-each-ref --format=%(refname)%00%(upstream:short)%00%(objectname)%00%(upstream:track)%00%(upstream:remotename)%00%(upstream:remoteref) refs/heads/main refs/remotes/main [1ms]
2024-02-26 22:38:41.734 [info] > git status -z -uall [173ms]
2024-02-26 22:39:12.383 [info] > git config --get commit.template [8ms]
2024-02-26 22:39:12.384 [info] > git for-each-ref --format=%(refname)%00%(upstream:short)%00%(objectname)%00%(upstream:track)%00%(upstream:remotename)%00%(upstream:remoteref) refs/heads/main refs/remotes/main [2ms]
2024-02-26 22:39:12.565 [info] > git status -z -uall [173ms]
2024-02-26 22:39:17.587 [info] > git config --get commit.template [9ms]
2024-02-26 22:39:17.589 [info] > git for-each-ref --format=%(refname)%00%(upstream:short)%00%(objectname)%00%(upstream:track)%00%(upstream:remotename)%00%(upstream:remoteref) refs/heads/main refs/remotes/main [3ms]
2024-02-26 22:39:17.815 [info] > git status -z -uall [219ms]
2024-02-26 22:39:34.250 [info] > git config --get commit.template [7ms]
2024-02-26 22:39:34.250 [info] > git for-each-ref --format=%(refname)%00%(upstream:short)%00%(objectname)%00%(upstream:track)%00%(upstream:remotename)%00%(upstream:remoteref) refs/heads/main refs/remotes/main [1ms]
2024-02-26 22:39:34.441 [info] > git status -z -uall [185ms]
2024-02-26 22:39:39.470 [info] > git config --get commit.template [1ms]
2024-02-26 22:39:39.486 [info] > git for-each-ref --format=%(refname)%00%(upstream:short)%00%(objectname)%00%(upstream:track)%00%(upstream:remotename)%00%(upstream:remoteref) refs/heads/main refs/remotes/main [5ms]
2024-02-26 22:39:39.725 [info] > git status -z -uall [230ms]
2024-02-26 22:39:44.743 [info] > git config --get commit.template [8ms]
2024-02-26 22:39:44.744 [info] > git for-each-ref --format=%(refname)%00%(upstream:short)%00%(objectname)%00%(upstream:track)%00%(upstream:remotename)%00%(upstream:remoteref) refs/heads/main refs/remotes/main [2ms]
2024-02-26 22:39:44.941 [info] > git status -z -uall [190ms]
2024-02-26 22:39:49.957 [info] > git config --get commit.template [2ms]
2024-02-26 22:39:49.965 [info] > git for-each-ref --format=%(refname)%00%(upstream:short)%00%(objectname)%00%(upstream:track)%00%(upstream:remotename)%00%(upstream:remoteref) refs/heads/main refs/remotes/main [2ms]
2024-02-26 22:39:50.146 [info] > git status -z -uall [175ms]
2024-02-26 22:39:55.199 [info] > git config --get commit.template [23ms]
2024-02-26 22:39:55.200 [info] > git for-each-ref --format=%(refname)%00%(upstream:short)%00%(objectname)%00%(upstream:track)%00%(upstream:remotename)%00%(upstream:remoteref) refs/heads/main refs/remotes/main [2ms]
2024-02-26 22:39:55.422 [info] > git status -z -uall [205ms]
2024-02-26 22:40:00.446 [info] > git config --get commit.template [10ms]
2024-02-26 22:40:00.448 [info] > git for-each-ref --format=%(refname)%00%(upstream:short)%00%(objectname)%00%(upstream:track)%00%(upstream:remotename)%00%(upstream:remoteref) refs/heads/main refs/remotes/main [5ms]
2024-02-26 22:40:00.651 [info] > git status -z -uall [195ms]
2024-02-26 22:40:05.674 [info] > git config --get commit.template [10ms]
2024-02-26 22:40:05.675 [info] > git for-each-ref --format=%(refname)%00%(upstream:short)%00%(objectname)%00%(upstream:track)%00%(upstream:remotename)%00%(upstream:remoteref) refs/heads/main refs/remotes/main [2ms]
2024-02-26 22:40:05.907 [info] > git status -z -uall [223ms]
2024-02-26 22:40:14.683 [info] > git config --get commit.template [7ms]
2024-02-26 22:40:14.684 [info] > git for-each-ref --format=%(refname)%00%(upstream:short)%00%(objectname)%00%(upstream:track)%00%(upstream:remotename)%00%(upstream:remoteref) refs/heads/main refs/remotes/main [2ms]
2024-02-26 22:40:14.863 [info] > git status -z -uall [173ms]
2024-02-26 22:40:35.340 [info] > git config --get commit.template [8ms]
2024-02-26 22:40:35.340 [info] > git for-each-ref --format=%(refname)%00%(upstream:short)%00%(objectname)%00%(upstream:track)%00%(upstream:remotename)%00%(upstream:remoteref) refs/heads/main refs/remotes/main [2ms]
2024-02-26 22:40:35.522 [info] > git status -z -uall [173ms]
2024-02-26 22:40:40.606 [info] > git config --get commit.template [29ms]
2024-02-26 22:40:40.607 [info] > git for-each-ref --format=%(refname)%00%(upstream:short)%00%(objectname)%00%(upstream:track)%00%(upstream:remotename)%00%(upstream:remoteref) refs/heads/main refs/remotes/main [2ms]
2024-02-26 22:40:40.846 [info] > git status -z -uall [206ms]
2024-02-26 22:40:45.866 [info] > git config --get commit.template [8ms]
2024-02-26 22:40:45.868 [info] > git for-each-ref --format=%(refname)%00%(upstream:short)%00%(objectname)%00%(upstream:track)%00%(upstream:remotename)%00%(upstream:remoteref) refs/heads/main refs/remotes/main [3ms]
2024-02-26 22:40:46.047 [info] > git status -z -uall [172ms]
2024-02-26 22:40:51.826 [info] > git config --get commit.template [7ms]
2024-02-26 22:40:51.827 [info] > git for-each-ref --format=%(refname)%00%(upstream:short)%00%(objectname)%00%(upstream:track)%00%(upstream:remotename)%00%(upstream:remoteref) refs/heads/main refs/remotes/main [2ms]
2024-02-26 22:40:52.006 [info] > git status -z -uall [168ms]
2024-02-26 22:42:02.165 [info] > git config --get commit.template [45ms]
2024-02-26 22:42:02.173 [info] > git for-each-ref --format=%(refname)%00%(upstream:short)%00%(objectname)%00%(upstream:track)%00%(upstream:remotename)%00%(upstream:remoteref) refs/heads/main refs/remotes/main [8ms]
2024-02-26 22:42:02.527 [info] > git status -z -uall [327ms]
2024-02-26 22:42:07.543 [info] > git config --get commit.template [2ms]
2024-02-26 22:42:07.552 [info] > git for-each-ref --format=%(refname)%00%(upstream:short)%00%(objectname)%00%(upstream:track)%00%(upstream:remotename)%00%(upstream:remoteref) refs/heads/main refs/remotes/main [2ms]
2024-02-26 22:42:07.774 [info] > git status -z -uall [215ms]
2024-02-26 22:42:12.795 [info] > git config --get commit.template [8ms]
2024-02-26 22:42:12.796 [info] > git for-each-ref --format=%(refname)%00%(upstream:short)%00%(objectname)%00%(upstream:track)%00%(upstream:remotename)%00%(upstream:remoteref) refs/heads/main refs/remotes/main [3ms]
2024-02-26 22:42:13.020 [info] > git status -z -uall [214ms]
2024-02-26 22:42:18.067 [info] > git config --get commit.template [19ms]
2024-02-26 22:42:18.072 [info] > git for-each-ref --format=%(refname)%00%(upstream:short)%00%(objectname)%00%(upstream:track)%00%(upstream:remotename)%00%(upstream:remoteref) refs/heads/main refs/remotes/main [7ms]
2024-02-26 22:42:18.309 [info] > git status -z -uall [221ms]
2024-02-26 22:42:23.334 [info] > git config --get commit.template [12ms]
2024-02-26 22:42:23.337 [info] > git for-each-ref --format=%(refname)%00%(upstream:short)%00%(objectname)%00%(upstream:track)%00%(upstream:remotename)%00%(upstream:remoteref) refs/heads/main refs/remotes/main [4ms]
2024-02-26 22:42:23.595 [info] > git status -z -uall [248ms]
2024-02-26 22:42:30.954 [info] > git config --get commit.template [7ms]
2024-02-26 22:42:30.955 [info] > git for-each-ref --format=%(refname)%00%(upstream:short)%00%(objectname)%00%(upstream:track)%00%(upstream:remotename)%00%(upstream:remoteref) refs/heads/main refs/remotes/main [2ms]
2024-02-26 22:42:31.150 [info] > git status -z -uall [187ms]
2024-02-26 22:42:48.765 [info] > git config --get commit.template [11ms]
2024-02-26 22:42:48.767 [info] > git for-each-ref --format=%(refname)%00%(upstream:short)%00%(objectname)%00%(upstream:track)%00%(upstream:remotename)%00%(upstream:remoteref) refs/heads/main refs/remotes/main [8ms]
2024-02-26 22:42:48.952 [info] > git status -z -uall [178ms]
