2024-02-27 02:45:57.238 [info] Log level: Info
2024-02-27 02:45:57.238 [info] Validating found git in: "git"
2024-02-27 02:45:57.238 [info] Using git "2.30.2" from "git"
2024-02-27 02:45:57.238 [info] > git rev-parse --show-toplevel [99ms]
2024-02-27 02:45:57.240 [info] > git rev-parse --git-dir --git-common-dir [154ms]
2024-02-27 02:45:57.298 [info] Open repository: /home/bitnami
2024-02-27 02:45:57.346 [info] > git config --get commit.template [12ms]
2024-02-27 02:45:57.357 [info] > git rev-parse --show-toplevel [14ms]
2024-02-27 02:45:57.386 [info] > git rev-parse --show-toplevel [19ms]
2024-02-27 02:45:57.555 [info] > git rev-parse --show-toplevel [159ms]
2024-02-27 02:45:57.556 [info] > git for-each-ref --format=%(refname)%00%(upstream:short)%00%(objectname)%00%(upstream:track)%00%(upstream:remotename)%00%(upstream:remoteref) refs/heads/main refs/remotes/main [200ms]
2024-02-27 02:45:57.625 [info] > git rev-parse --show-toplevel [43ms]
2024-02-27 02:45:57.658 [info] > git rev-parse --show-toplevel [8ms]
2024-02-27 02:45:58.122 [info] > git rev-parse --show-toplevel [440ms]
2024-02-27 02:45:58.191 [info] > git rev-parse --show-toplevel [24ms]
2024-02-27 02:45:58.284 [info] > git rev-parse --show-toplevel [52ms]
2024-02-27 02:45:58.338 [info] > git check-ignore -v -z --stdin [200ms]
2024-02-27 02:45:58.390 [info] > git rev-parse --show-toplevel [52ms]
2024-02-27 02:45:58.429 [info] > git rev-parse --show-toplevel [10ms]
2024-02-27 02:45:58.457 [info] > git rev-parse --show-toplevel [11ms]
2024-02-27 02:45:58.491 [info] > git rev-parse --show-toplevel [15ms]
2024-02-27 02:45:58.557 [info] > git rev-parse --show-toplevel [48ms]
2024-02-27 02:45:58.595 [info] > git rev-parse --show-toplevel [7ms]
2024-02-27 02:45:58.626 [info] > git rev-parse --git-dir --git-common-dir [8ms]
2024-02-27 02:45:58.645 [info] Open repository: /home/bitnami/todo
2024-02-27 02:45:58.725 [info] > git config --get commit.template [39ms]
2024-02-27 02:45:58.727 [info] > git rev-parse --show-toplevel [18ms]
2024-02-27 02:45:58.865 [info] > git ls-files --stage -- /home/bitnami/blogger/app_server/controllers/blog.js [63ms]
2024-02-27 02:45:58.908 [info] > git show --textconv :blogger/app_server/controllers/blog.js [128ms]
2024-02-27 02:45:58.909 [info] > git cat-file -s c56997a4d2452d8a81d1663fb825325c8728b164 [2ms]
2024-02-27 02:45:58.912 [info] > git for-each-ref --format %(refname) %(objectname) %(*objectname) refs/tags [81ms]
2024-02-27 02:45:58.999 [info] > git status -z -uall [41ms]
2024-02-27 02:45:59.067 [info] > git config --get commit.template [19ms]
2024-02-27 02:45:59.075 [info] > git for-each-ref --format %(refname) %(objectname) %(*objectname) refs/tags [9ms]
2024-02-27 02:45:59.128 [info] > git status -z -uall [18ms]
2024-02-27 02:45:59.493 [info] > git check-ignore -v -z --stdin [75ms]
2024-02-27 02:45:59.608 [info] > git check-ignore -v -z --stdin [210ms]
2024-02-27 02:45:59.895 [info] > git status -z -uall [2280ms]
2024-02-27 02:45:59.955 [info] > git config --get commit.template [19ms]
2024-02-27 02:45:59.978 [info] > git for-each-ref --format=%(refname)%00%(upstream:short)%00%(objectname)%00%(upstream:track)%00%(upstream:remotename)%00%(upstream:remoteref) refs/heads/main refs/remotes/main [25ms]
2024-02-27 02:46:00.678 [info] > git status -z -uall [568ms]
2024-02-27 02:46:11.367 [info] > git ls-files --stage -- /home/bitnami/blogger/app_server/controllers/blog.js [12ms]
2024-02-27 02:46:11.376 [info] > git cat-file -s c56997a4d2452d8a81d1663fb825325c8728b164 [3ms]
2024-02-27 02:46:11.416 [info] > git show --textconv :blogger/app_server/controllers/blog.js [12ms]
2024-02-27 02:46:13.854 [info] > git ls-files --stage -- /home/bitnami/blogger/app_server/controllers/blog.js [10ms]
2024-02-27 02:46:13.861 [info] > git cat-file -s b481f88c8cd50fb5292d9c77c9fc915cd2fcf3b2 [2ms]
2024-02-27 02:46:13.897 [info] > git show --textconv :blogger/app_server/controllers/blog.js [10ms]
2024-02-27 02:46:14.966 [info] > git check-ignore -v -z --stdin [18ms]
2024-02-27 02:46:14.971 [info] > git ls-files --stage -- /home/bitnami/blogger/app_server/controllers/blog.js [11ms]
2024-02-27 02:46:14.980 [info] > git cat-file -s b481f88c8cd50fb5292d9c77c9fc915cd2fcf3b2 [1ms]
2024-02-27 02:46:15.052 [info] > git show --textconv :blogger/app_server/controllers/blog.js [24ms]
2024-02-27 02:46:15.559 [info] > git config --get commit.template [16ms]
2024-02-27 02:46:15.561 [info] > git for-each-ref --format=%(refname)%00%(upstream:short)%00%(objectname)%00%(upstream:track)%00%(upstream:remotename)%00%(upstream:remoteref) refs/heads/main refs/remotes/main [2ms]
2024-02-27 02:46:15.830 [info] > git status -z -uall [253ms]
2024-02-27 02:46:20.867 [info] > git config --get commit.template [19ms]
2024-02-27 02:46:20.868 [info] > git for-each-ref --format=%(refname)%00%(upstream:short)%00%(objectname)%00%(upstream:track)%00%(upstream:remotename)%00%(upstream:remoteref) refs/heads/main refs/remotes/main [4ms]
2024-02-27 02:46:21.122 [info] > git status -z -uall [249ms]
2024-02-27 02:46:26.142 [info] > git config --get commit.template [6ms]
2024-02-27 02:46:26.142 [info] > git for-each-ref --format=%(refname)%00%(upstream:short)%00%(objectname)%00%(upstream:track)%00%(upstream:remotename)%00%(upstream:remoteref) refs/heads/main refs/remotes/main [1ms]
2024-02-27 02:46:26.345 [info] > git status -z -uall [197ms]
2024-02-27 02:46:31.367 [info] > git config --get commit.template [7ms]
2024-02-27 02:46:31.368 [info] > git for-each-ref --format=%(refname)%00%(upstream:short)%00%(objectname)%00%(upstream:track)%00%(upstream:remotename)%00%(upstream:remoteref) refs/heads/main refs/remotes/main [2ms]
2024-02-27 02:46:31.568 [info] > git status -z -uall [194ms]
2024-02-27 02:46:36.590 [info] > git config --get commit.template [3ms]
2024-02-27 02:46:36.601 [info] > git for-each-ref --format=%(refname)%00%(upstream:short)%00%(objectname)%00%(upstream:track)%00%(upstream:remotename)%00%(upstream:remoteref) refs/heads/main refs/remotes/main [5ms]
2024-02-27 02:46:36.887 [info] > git status -z -uall [278ms]
2024-02-27 02:46:40.137 [info] > git show --textconv :blogger/nohup.out [104ms]
2024-02-27 02:46:40.138 [info] > git ls-files --stage -- /home/bitnami/blogger/nohup.out [87ms]
2024-02-27 02:46:40.169 [info] > git cat-file -s ffc2b15738df311c195a0204b691d264b0b2972a [18ms]
2024-02-27 02:46:40.459 [info] > git check-ignore -v -z --stdin [3ms]
2024-02-27 02:46:40.462 [info] > git check-ignore -v -z --stdin [25ms]
2024-02-27 02:46:41.910 [info] > git config --get commit.template [7ms]
2024-02-27 02:46:41.910 [info] > git for-each-ref --format=%(refname)%00%(upstream:short)%00%(objectname)%00%(upstream:track)%00%(upstream:remotename)%00%(upstream:remoteref) refs/heads/main refs/remotes/main [3ms]
2024-02-27 02:46:42.103 [info] > git status -z -uall [186ms]
2024-02-27 02:46:47.126 [info] > git config --get commit.template [6ms]
2024-02-27 02:46:47.127 [info] > git for-each-ref --format=%(refname)%00%(upstream:short)%00%(objectname)%00%(upstream:track)%00%(upstream:remotename)%00%(upstream:remoteref) refs/heads/main refs/remotes/main [2ms]
2024-02-27 02:46:47.288 [info] > git status -z -uall [156ms]
2024-02-27 02:46:52.301 [info] > git config --get commit.template [1ms]
2024-02-27 02:46:52.315 [info] > git for-each-ref --format=%(refname)%00%(upstream:short)%00%(objectname)%00%(upstream:track)%00%(upstream:remotename)%00%(upstream:remoteref) refs/heads/main refs/remotes/main [0ms]
2024-02-27 02:46:52.491 [info] > git status -z -uall [171ms]
2024-02-27 02:46:57.536 [info] > git for-each-ref --format=%(refname)%00%(upstream:short)%00%(objectname)%00%(upstream:track)%00%(upstream:remotename)%00%(upstream:remoteref) refs/heads/main refs/remotes/main [1ms]
2024-02-27 02:46:57.537 [info] > git config --get commit.template [24ms]
2024-02-27 02:46:57.743 [info] > git status -z -uall [199ms]
2024-02-27 02:47:02.764 [info] > git config --get commit.template [7ms]
2024-02-27 02:47:02.765 [info] > git for-each-ref --format=%(refname)%00%(upstream:short)%00%(objectname)%00%(upstream:track)%00%(upstream:remotename)%00%(upstream:remoteref) refs/heads/main refs/remotes/main [2ms]
2024-02-27 02:47:02.936 [info] > git status -z -uall [165ms]
2024-02-27 02:47:07.955 [info] > git config --get commit.template [7ms]
2024-02-27 02:47:07.957 [info] > git for-each-ref --format=%(refname)%00%(upstream:short)%00%(objectname)%00%(upstream:track)%00%(upstream:remotename)%00%(upstream:remoteref) refs/heads/main refs/remotes/main [2ms]
2024-02-27 02:47:08.143 [info] > git status -z -uall [180ms]
2024-02-27 02:47:13.161 [info] > git config --get commit.template [6ms]
2024-02-27 02:47:13.162 [info] > git for-each-ref --format=%(refname)%00%(upstream:short)%00%(objectname)%00%(upstream:track)%00%(upstream:remotename)%00%(upstream:remoteref) refs/heads/main refs/remotes/main [1ms]
2024-02-27 02:47:13.393 [info] > git status -z -uall [226ms]
2024-02-27 02:47:18.411 [info] > git config --get commit.template [8ms]
2024-02-27 02:47:18.412 [info] > git for-each-ref --format=%(refname)%00%(upstream:short)%00%(objectname)%00%(upstream:track)%00%(upstream:remotename)%00%(upstream:remoteref) refs/heads/main refs/remotes/main [2ms]
2024-02-27 02:47:18.602 [info] > git status -z -uall [182ms]
2024-02-27 02:47:23.626 [info] > git config --get commit.template [8ms]
2024-02-27 02:47:23.627 [info] > git for-each-ref --format=%(refname)%00%(upstream:short)%00%(objectname)%00%(upstream:track)%00%(upstream:remotename)%00%(upstream:remoteref) refs/heads/main refs/remotes/main [2ms]
2024-02-27 02:47:23.827 [info] > git status -z -uall [194ms]
2024-02-27 02:47:28.846 [info] > git config --get commit.template [7ms]
2024-02-27 02:47:28.846 [info] > git for-each-ref --format=%(refname)%00%(upstream:short)%00%(objectname)%00%(upstream:track)%00%(upstream:remotename)%00%(upstream:remoteref) refs/heads/main refs/remotes/main [1ms]
2024-02-27 02:47:29.037 [info] > git status -z -uall [185ms]
2024-02-27 02:47:54.407 [info] > git config --get commit.template [8ms]
2024-02-27 02:47:54.408 [info] > git for-each-ref --format=%(refname)%00%(upstream:short)%00%(objectname)%00%(upstream:track)%00%(upstream:remotename)%00%(upstream:remoteref) refs/heads/main refs/remotes/main [2ms]
2024-02-27 02:47:54.740 [info] > git status -z -uall [325ms]
2024-02-27 02:47:54.787 [info] > git ls-files --stage -- /home/bitnami/blogger/app_server/routes/index.js [21ms]
2024-02-27 02:47:54.800 [info] > git cat-file -s 5df29bf3749e671c31066fea14d7ba58a0f80840 [4ms]
2024-02-27 02:47:54.807 [info] > git show --textconv :blogger/app_server/routes/index.js [50ms]
2024-02-27 02:47:59.757 [info] > git config --get commit.template [6ms]
2024-02-27 02:47:59.758 [info] > git for-each-ref --format=%(refname)%00%(upstream:short)%00%(objectname)%00%(upstream:track)%00%(upstream:remotename)%00%(upstream:remoteref) refs/heads/main refs/remotes/main [2ms]
2024-02-27 02:47:59.937 [info] > git status -z -uall [174ms]
2024-02-27 02:48:04.957 [info] > git config --get commit.template [7ms]
2024-02-27 02:48:04.958 [info] > git for-each-ref --format=%(refname)%00%(upstream:short)%00%(objectname)%00%(upstream:track)%00%(upstream:remotename)%00%(upstream:remoteref) refs/heads/main refs/remotes/main [2ms]
2024-02-27 02:48:05.162 [info] > git status -z -uall [197ms]
2024-02-27 02:48:09.030 [info] > git show --textconv :blogger/app_api/routes/index.js [34ms]
2024-02-27 02:48:09.031 [info] > git ls-files --stage -- /home/bitnami/blogger/app_api/routes/index.js [24ms]
2024-02-27 02:48:09.052 [info] > git cat-file -s 89754ead81ae29afa638ff1437de16db70c99af0 [5ms]
2024-02-27 02:48:10.182 [info] > git config --get commit.template [9ms]
2024-02-27 02:48:10.183 [info] > git for-each-ref --format=%(refname)%00%(upstream:short)%00%(objectname)%00%(upstream:track)%00%(upstream:remotename)%00%(upstream:remoteref) refs/heads/main refs/remotes/main [2ms]
2024-02-27 02:48:10.385 [info] > git status -z -uall [191ms]
2024-02-27 02:48:36.472 [info] > git config --get commit.template [7ms]
2024-02-27 02:48:36.472 [info] > git for-each-ref --format=%(refname)%00%(upstream:short)%00%(objectname)%00%(upstream:track)%00%(upstream:remotename)%00%(upstream:remoteref) refs/heads/main refs/remotes/main [1ms]
2024-02-27 02:48:36.694 [info] > git status -z -uall [213ms]
2024-02-27 02:48:41.719 [info] > git for-each-ref --format=%(refname)%00%(upstream:short)%00%(objectname)%00%(upstream:track)%00%(upstream:remotename)%00%(upstream:remoteref) refs/heads/main refs/remotes/main [3ms]
2024-02-27 02:48:41.719 [info] > git config --get commit.template [10ms]
2024-02-27 02:48:41.909 [info] > git status -z -uall [184ms]
2024-02-27 02:48:46.928 [info] > git config --get commit.template [7ms]
2024-02-27 02:48:46.929 [info] > git for-each-ref --format=%(refname)%00%(upstream:short)%00%(objectname)%00%(upstream:track)%00%(upstream:remotename)%00%(upstream:remoteref) refs/heads/main refs/remotes/main [2ms]
2024-02-27 02:48:47.115 [info] > git status -z -uall [180ms]
2024-02-27 02:48:52.134 [info] > git config --get commit.template [7ms]
2024-02-27 02:48:52.139 [info] > git for-each-ref --format=%(refname)%00%(upstream:short)%00%(objectname)%00%(upstream:track)%00%(upstream:remotename)%00%(upstream:remoteref) refs/heads/main refs/remotes/main [6ms]
2024-02-27 02:48:52.312 [info] > git status -z -uall [167ms]
2024-02-27 02:48:57.328 [info] > git config --get commit.template [6ms]
2024-02-27 02:48:57.329 [info] > git for-each-ref --format=%(refname)%00%(upstream:short)%00%(objectname)%00%(upstream:track)%00%(upstream:remotename)%00%(upstream:remoteref) refs/heads/main refs/remotes/main [2ms]
2024-02-27 02:48:57.506 [info] > git status -z -uall [172ms]
2024-02-27 02:49:02.518 [info] > git config --get commit.template [1ms]
2024-02-27 02:49:02.526 [info] > git for-each-ref --format=%(refname)%00%(upstream:short)%00%(objectname)%00%(upstream:track)%00%(upstream:remotename)%00%(upstream:remoteref) refs/heads/main refs/remotes/main [2ms]
2024-02-27 02:49:02.717 [info] > git status -z -uall [183ms]
2024-02-27 02:49:07.740 [info] > git config --get commit.template [7ms]
2024-02-27 02:49:07.741 [info] > git for-each-ref --format=%(refname)%00%(upstream:short)%00%(objectname)%00%(upstream:track)%00%(upstream:remotename)%00%(upstream:remoteref) refs/heads/main refs/remotes/main [2ms]
2024-02-27 02:49:07.939 [info] > git status -z -uall [190ms]
2024-02-27 02:49:11.487 [info] > git show --textconv :blogger/app_api/controllers/blogs.js [46ms]
2024-02-27 02:49:11.492 [info] > git ls-files --stage -- /home/bitnami/blogger/app_api/controllers/blogs.js [27ms]
2024-02-27 02:49:11.503 [info] > git cat-file -s 1cc0e8c97b56aab546cfcc2cf2649e7b4c7d3856 [3ms]
2024-02-27 02:49:12.950 [info] > git config --get commit.template [1ms]
2024-02-27 02:49:12.957 [info] > git for-each-ref --format=%(refname)%00%(upstream:short)%00%(objectname)%00%(upstream:track)%00%(upstream:remotename)%00%(upstream:remoteref) refs/heads/main refs/remotes/main [2ms]
2024-02-27 02:49:13.147 [info] > git status -z -uall [185ms]
2024-02-27 02:49:14.439 [info] > git show --textconv :blogger/app_server/routes/index.js [13ms]
2024-02-27 02:49:14.445 [info] > git ls-files --stage -- /home/bitnami/blogger/app_server/routes/index.js [11ms]
2024-02-27 02:49:14.452 [info] > git cat-file -s 5df29bf3749e671c31066fea14d7ba58a0f80840 [1ms]
2024-02-27 02:49:18.166 [info] > git config --get commit.template [7ms]
2024-02-27 02:49:18.167 [info] > git for-each-ref --format=%(refname)%00%(upstream:short)%00%(objectname)%00%(upstream:track)%00%(upstream:remotename)%00%(upstream:remoteref) refs/heads/main refs/remotes/main [2ms]
2024-02-27 02:49:18.341 [info] > git status -z -uall [169ms]
2024-02-27 02:49:19.126 [info] > git show --textconv :blogger/app_api/routes/index.js [14ms]
2024-02-27 02:49:19.133 [info] > git ls-files --stage -- /home/bitnami/blogger/app_api/routes/index.js [12ms]
2024-02-27 02:49:19.140 [info] > git cat-file -s 89754ead81ae29afa638ff1437de16db70c99af0 [1ms]
2024-02-27 02:49:23.356 [info] > git config --get commit.template [1ms]
2024-02-27 02:49:23.363 [info] > git for-each-ref --format=%(refname)%00%(upstream:short)%00%(objectname)%00%(upstream:track)%00%(upstream:remotename)%00%(upstream:remoteref) refs/heads/main refs/remotes/main [1ms]
2024-02-27 02:49:23.558 [info] > git status -z -uall [189ms]
2024-02-27 02:49:28.578 [info] > git config --get commit.template [5ms]
2024-02-27 02:49:28.610 [info] > git for-each-ref --format=%(refname)%00%(upstream:short)%00%(objectname)%00%(upstream:track)%00%(upstream:remotename)%00%(upstream:remoteref) refs/heads/main refs/remotes/main [10ms]
2024-02-27 02:49:28.869 [info] > git status -z -uall [248ms]
2024-02-27 02:49:33.889 [info] > git config --get commit.template [1ms]
2024-02-27 02:49:33.897 [info] > git for-each-ref --format=%(refname)%00%(upstream:short)%00%(objectname)%00%(upstream:track)%00%(upstream:remotename)%00%(upstream:remoteref) refs/heads/main refs/remotes/main [2ms]
2024-02-27 02:49:34.090 [info] > git status -z -uall [186ms]
2024-02-27 02:49:39.108 [info] > git config --get commit.template [8ms]
2024-02-27 02:49:39.109 [info] > git for-each-ref --format=%(refname)%00%(upstream:short)%00%(objectname)%00%(upstream:track)%00%(upstream:remotename)%00%(upstream:remoteref) refs/heads/main refs/remotes/main [2ms]
2024-02-27 02:49:39.282 [info] > git status -z -uall [167ms]
2024-02-27 02:49:44.297 [info] > git config --get commit.template [1ms]
2024-02-27 02:49:44.304 [info] > git for-each-ref --format=%(refname)%00%(upstream:short)%00%(objectname)%00%(upstream:track)%00%(upstream:remotename)%00%(upstream:remoteref) refs/heads/main refs/remotes/main [2ms]
2024-02-27 02:49:44.459 [info] > git status -z -uall [150ms]
2024-02-27 02:49:49.477 [info] > git config --get commit.template [7ms]
2024-02-27 02:49:49.478 [info] > git for-each-ref --format=%(refname)%00%(upstream:short)%00%(objectname)%00%(upstream:track)%00%(upstream:remotename)%00%(upstream:remoteref) refs/heads/main refs/remotes/main [1ms]
2024-02-27 02:49:49.684 [info] > git status -z -uall [201ms]
2024-02-27 02:49:54.704 [info] > git config --get commit.template [7ms]
2024-02-27 02:49:54.705 [info] > git for-each-ref --format=%(refname)%00%(upstream:short)%00%(objectname)%00%(upstream:track)%00%(upstream:remotename)%00%(upstream:remoteref) refs/heads/main refs/remotes/main [2ms]
2024-02-27 02:49:54.883 [info] > git status -z -uall [172ms]
2024-02-27 02:49:56.707 [info] > git show --textconv :blogger/nohup.out [20ms]
2024-02-27 02:49:56.713 [info] > git ls-files --stage -- /home/bitnami/blogger/nohup.out [16ms]
2024-02-27 02:49:56.756 [info] > git cat-file -s ffc2b15738df311c195a0204b691d264b0b2972a [32ms]
2024-02-27 02:49:59.905 [info] > git config --get commit.template [8ms]
2024-02-27 02:49:59.905 [info] > git for-each-ref --format=%(refname)%00%(upstream:short)%00%(objectname)%00%(upstream:track)%00%(upstream:remotename)%00%(upstream:remoteref) refs/heads/main refs/remotes/main [1ms]
2024-02-27 02:50:00.228 [info] > git status -z -uall [317ms]
2024-02-27 02:50:05.249 [info] > git config --get commit.template [8ms]
2024-02-27 02:50:05.250 [info] > git for-each-ref --format=%(refname)%00%(upstream:short)%00%(objectname)%00%(upstream:track)%00%(upstream:remotename)%00%(upstream:remoteref) refs/heads/main refs/remotes/main [2ms]
2024-02-27 02:50:05.429 [info] > git status -z -uall [173ms]
2024-02-27 02:50:07.959 [info] > git check-ignore -v -z --stdin [2ms]
2024-02-27 02:50:10.450 [info] > git config --get commit.template [8ms]
2024-02-27 02:50:10.450 [info] > git for-each-ref --format=%(refname)%00%(upstream:short)%00%(objectname)%00%(upstream:track)%00%(upstream:remotename)%00%(upstream:remoteref) refs/heads/main refs/remotes/main [2ms]
2024-02-27 02:50:10.642 [info] > git status -z -uall [184ms]
2024-02-27 02:50:11.325 [info] > git show --textconv :blogger/app_server/controllers/blog.js [14ms]
2024-02-27 02:50:11.330 [info] > git ls-files --stage -- /home/bitnami/blogger/app_server/controllers/blog.js [11ms]
2024-02-27 02:50:11.337 [info] > git cat-file -s b481f88c8cd50fb5292d9c77c9fc915cd2fcf3b2 [1ms]
2024-02-27 02:50:12.906 [info] > git ls-files --stage -- /home/bitnami/blogger/app_server/routes/index.js [14ms]
2024-02-27 02:50:12.919 [info] > git show --textconv :blogger/app_server/routes/index.js [37ms]
2024-02-27 02:50:12.924 [info] > git cat-file -s 5df29bf3749e671c31066fea14d7ba58a0f80840 [8ms]
2024-02-27 02:50:19.912 [info] > git config --get commit.template [7ms]
2024-02-27 02:50:19.914 [info] > git for-each-ref --format=%(refname)%00%(upstream:short)%00%(objectname)%00%(upstream:track)%00%(upstream:remotename)%00%(upstream:remoteref) refs/heads/main refs/remotes/main [3ms]
2024-02-27 02:50:20.140 [info] > git status -z -uall [218ms]
2024-02-27 02:50:20.311 [info] > git show --textconv :blogger/app_server/views/addBlog.pug [17ms]
2024-02-27 02:50:20.317 [info] > git ls-files --stage -- /home/bitnami/blogger/app_server/views/addBlog.pug [14ms]
2024-02-27 02:50:20.324 [info] > git cat-file -s 1f9d175dfb3cb5d1293754b86b9a4b13935bc015 [1ms]
2024-02-27 02:50:24.813 [info] > git show --textconv :blogger/app_server/views/blogEdit.pug [36ms]
2024-02-27 02:50:24.819 [info] > git ls-files --stage -- /home/bitnami/blogger/app_server/views/blogEdit.pug [13ms]
2024-02-27 02:50:24.832 [info] > git cat-file -s 1e9e37ce4fc6bdfae9d1fe427af261b62cde9295 [2ms]
2024-02-27 02:50:25.162 [info] > git config --get commit.template [11ms]
2024-02-27 02:50:25.178 [info] > git for-each-ref --format=%(refname)%00%(upstream:short)%00%(objectname)%00%(upstream:track)%00%(upstream:remotename)%00%(upstream:remoteref) refs/heads/main refs/remotes/main [6ms]
2024-02-27 02:50:25.359 [info] > git status -z -uall [168ms]
2024-02-27 02:50:26.878 [info] > git show --textconv :blogger/app_server/views/blogList.pug [25ms]
2024-02-27 02:50:26.884 [info] > git ls-files --stage -- /home/bitnami/blogger/app_server/views/blogList.pug [9ms]
2024-02-27 02:50:26.891 [info] > git cat-file -s 29029a63b336616694fbbceb43a26f916e3379c7 [1ms]
2024-02-27 02:50:27.442 [info] > git show --textconv :blogger/app_server/views/completedAdd.pug [14ms]
2024-02-27 02:50:27.447 [info] > git ls-files --stage -- /home/bitnami/blogger/app_server/views/completedAdd.pug [11ms]
2024-02-27 02:50:27.454 [info] > git cat-file -s f401e3ab3df8e930088dd75aafbb0a8665d19e2b [1ms]
2024-02-27 02:50:28.380 [info] > git show --textconv :blogger/app_server/views/blogList.pug [16ms]
2024-02-27 02:50:28.388 [info] > git ls-files --stage -- /home/bitnami/blogger/app_server/views/blogList.pug [13ms]
2024-02-27 02:50:28.396 [info] > git cat-file -s 29029a63b336616694fbbceb43a26f916e3379c7 [1ms]
2024-02-27 02:50:30.381 [info] > git config --get commit.template [10ms]
2024-02-27 02:50:30.382 [info] > git for-each-ref --format=%(refname)%00%(upstream:short)%00%(objectname)%00%(upstream:track)%00%(upstream:remotename)%00%(upstream:remoteref) refs/heads/main refs/remotes/main [2ms]
2024-02-27 02:50:30.567 [info] > git status -z -uall [178ms]
2024-02-27 02:50:54.784 [info] > git config --get commit.template [7ms]
2024-02-27 02:50:54.784 [info] > git for-each-ref --format=%(refname)%00%(upstream:short)%00%(objectname)%00%(upstream:track)%00%(upstream:remotename)%00%(upstream:remoteref) refs/heads/main refs/remotes/main [3ms]
2024-02-27 02:50:55.076 [info] > git status -z -uall [278ms]
2024-02-27 02:50:55.204 [info] > git show --textconv :blogger/app.js [33ms]
2024-02-27 02:50:55.213 [info] > git ls-files --stage -- /home/bitnami/blogger/app.js [26ms]
2024-02-27 02:50:55.226 [info] > git cat-file -s 1aca20c0dce9627247fe0d4d0e7522d23acbfccd [4ms]
2024-02-27 02:51:00.128 [info] > git config --get commit.template [23ms]
2024-02-27 02:51:00.131 [info] > git for-each-ref --format=%(refname)%00%(upstream:short)%00%(objectname)%00%(upstream:track)%00%(upstream:remotename)%00%(upstream:remoteref) refs/heads/main refs/remotes/main [4ms]
2024-02-27 02:51:00.416 [info] > git status -z -uall [276ms]
2024-02-27 02:51:05.438 [info] > git config --get commit.template [9ms]
2024-02-27 02:51:05.439 [info] > git for-each-ref --format=%(refname)%00%(upstream:short)%00%(objectname)%00%(upstream:track)%00%(upstream:remotename)%00%(upstream:remoteref) refs/heads/main refs/remotes/main [1ms]
2024-02-27 02:51:05.633 [info] > git status -z -uall [187ms]
2024-02-27 02:51:10.649 [info] > git config --get commit.template [6ms]
2024-02-27 02:51:10.650 [info] > git for-each-ref --format=%(refname)%00%(upstream:short)%00%(objectname)%00%(upstream:track)%00%(upstream:remotename)%00%(upstream:remoteref) refs/heads/main refs/remotes/main [1ms]
2024-02-27 02:51:10.840 [info] > git status -z -uall [185ms]
2024-02-27 02:51:15.858 [info] > git config --get commit.template [7ms]
2024-02-27 02:51:15.859 [info] > git for-each-ref --format=%(refname)%00%(upstream:short)%00%(objectname)%00%(upstream:track)%00%(upstream:remotename)%00%(upstream:remoteref) refs/heads/main refs/remotes/main [2ms]
2024-02-27 02:51:16.053 [info] > git status -z -uall [189ms]
2024-02-27 02:51:21.080 [info] > git config --get commit.template [10ms]
2024-02-27 02:51:21.083 [info] > git for-each-ref --format=%(refname)%00%(upstream:short)%00%(objectname)%00%(upstream:track)%00%(upstream:remotename)%00%(upstream:remoteref) refs/heads/main refs/remotes/main [4ms]
2024-02-27 02:51:21.358 [info] > git status -z -uall [265ms]
2024-02-27 02:51:26.375 [info] > git config --get commit.template [6ms]
2024-02-27 02:51:26.375 [info] > git for-each-ref --format=%(refname)%00%(upstream:short)%00%(objectname)%00%(upstream:track)%00%(upstream:remotename)%00%(upstream:remoteref) refs/heads/main refs/remotes/main [1ms]
2024-02-27 02:51:26.543 [info] > git status -z -uall [161ms]
2024-02-27 02:51:31.399 [info] > git show --textconv :blogger/nohup.out [27ms]
2024-02-27 02:51:31.409 [info] > git ls-files --stage -- /home/bitnami/blogger/nohup.out [24ms]
2024-02-27 02:51:31.423 [info] > git cat-file -s ffc2b15738df311c195a0204b691d264b0b2972a [5ms]
2024-02-27 02:51:31.556 [info] > git config --get commit.template [1ms]
2024-02-27 02:51:31.563 [info] > git for-each-ref --format=%(refname)%00%(upstream:short)%00%(objectname)%00%(upstream:track)%00%(upstream:remotename)%00%(upstream:remoteref) refs/heads/main refs/remotes/main [2ms]
2024-02-27 02:51:31.738 [info] > git status -z -uall [168ms]
2024-02-27 02:51:36.757 [info] > git config --get commit.template [7ms]
2024-02-27 02:51:36.758 [info] > git for-each-ref --format=%(refname)%00%(upstream:short)%00%(objectname)%00%(upstream:track)%00%(upstream:remotename)%00%(upstream:remoteref) refs/heads/main refs/remotes/main [2ms]
2024-02-27 02:51:36.948 [info] > git status -z -uall [180ms]
2024-02-27 02:51:41.970 [info] > git config --get commit.template [8ms]
2024-02-27 02:51:41.971 [info] > git for-each-ref --format=%(refname)%00%(upstream:short)%00%(objectname)%00%(upstream:track)%00%(upstream:remotename)%00%(upstream:remoteref) refs/heads/main refs/remotes/main [2ms]
2024-02-27 02:51:42.179 [info] > git status -z -uall [201ms]
2024-02-27 02:51:47.192 [info] > git config --get commit.template [0ms]
2024-02-27 02:51:47.199 [info] > git for-each-ref --format=%(refname)%00%(upstream:short)%00%(objectname)%00%(upstream:track)%00%(upstream:remotename)%00%(upstream:remoteref) refs/heads/main refs/remotes/main [1ms]
2024-02-27 02:51:47.405 [info] > git status -z -uall [198ms]
2024-02-27 02:51:52.425 [info] > git config --get commit.template [6ms]
2024-02-27 02:51:52.426 [info] > git for-each-ref --format=%(refname)%00%(upstream:short)%00%(objectname)%00%(upstream:track)%00%(upstream:remotename)%00%(upstream:remoteref) refs/heads/main refs/remotes/main [2ms]
2024-02-27 02:51:52.628 [info] > git status -z -uall [195ms]
2024-02-27 02:51:57.644 [info] > git config --get commit.template [6ms]
2024-02-27 02:51:57.645 [info] > git for-each-ref --format=%(refname)%00%(upstream:short)%00%(objectname)%00%(upstream:track)%00%(upstream:remotename)%00%(upstream:remoteref) refs/heads/main refs/remotes/main [2ms]
2024-02-27 02:51:57.812 [info] > git status -z -uall [160ms]
2024-02-27 02:52:02.841 [info] > git config --get commit.template [8ms]
2024-02-27 02:52:02.841 [info] > git for-each-ref --format=%(refname)%00%(upstream:short)%00%(objectname)%00%(upstream:track)%00%(upstream:remotename)%00%(upstream:remoteref) refs/heads/main refs/remotes/main [1ms]
2024-02-27 02:52:03.028 [info] > git status -z -uall [177ms]
2024-02-27 02:52:08.049 [info] > git config --get commit.template [6ms]
2024-02-27 02:52:08.049 [info] > git for-each-ref --format=%(refname)%00%(upstream:short)%00%(objectname)%00%(upstream:track)%00%(upstream:remotename)%00%(upstream:remoteref) refs/heads/main refs/remotes/main [1ms]
2024-02-27 02:52:08.245 [info] > git status -z -uall [191ms]
2024-02-27 02:52:13.269 [info] > git config --get commit.template [9ms]
2024-02-27 02:52:13.270 [info] > git for-each-ref --format=%(refname)%00%(upstream:short)%00%(objectname)%00%(upstream:track)%00%(upstream:remotename)%00%(upstream:remoteref) refs/heads/main refs/remotes/main [2ms]
2024-02-27 02:52:13.470 [info] > git status -z -uall [194ms]
2024-02-27 02:52:18.486 [info] > git config --get commit.template [6ms]
2024-02-27 02:52:18.487 [info] > git for-each-ref --format=%(refname)%00%(upstream:short)%00%(objectname)%00%(upstream:track)%00%(upstream:remotename)%00%(upstream:remoteref) refs/heads/main refs/remotes/main [2ms]
2024-02-27 02:52:18.669 [info] > git status -z -uall [176ms]
2024-02-27 02:52:23.688 [info] > git config --get commit.template [7ms]
2024-02-27 02:52:23.688 [info] > git for-each-ref --format=%(refname)%00%(upstream:short)%00%(objectname)%00%(upstream:track)%00%(upstream:remotename)%00%(upstream:remoteref) refs/heads/main refs/remotes/main [1ms]
2024-02-27 02:52:23.856 [info] > git status -z -uall [163ms]
2024-02-27 02:52:28.874 [info] > git config --get commit.template [6ms]
2024-02-27 02:52:28.875 [info] > git for-each-ref --format=%(refname)%00%(upstream:short)%00%(objectname)%00%(upstream:track)%00%(upstream:remotename)%00%(upstream:remoteref) refs/heads/main refs/remotes/main [3ms]
2024-02-27 02:52:29.063 [info] > git status -z -uall [183ms]
2024-02-27 02:54:39.434 [info] > git config --get commit.template [6ms]
2024-02-27 02:54:39.435 [info] > git for-each-ref --format=%(refname)%00%(upstream:short)%00%(objectname)%00%(upstream:track)%00%(upstream:remotename)%00%(upstream:remoteref) refs/heads/main refs/remotes/main [2ms]
2024-02-27 02:54:39.644 [info] > git status -z -uall [204ms]
2024-02-27 02:54:39.730 [info] > git show --textconv :blogger/app_api/controllers/blogs.js [12ms]
2024-02-27 02:54:39.737 [info] > git ls-files --stage -- /home/bitnami/blogger/app_api/controllers/blogs.js [10ms]
2024-02-27 02:54:39.773 [info] > git cat-file -s 1cc0e8c97b56aab546cfcc2cf2649e7b4c7d3856 [29ms]
2024-02-27 02:54:45.216 [info] > git config --get commit.template [9ms]
2024-02-27 02:54:45.218 [info] > git for-each-ref --format=%(refname)%00%(upstream:short)%00%(objectname)%00%(upstream:track)%00%(upstream:remotename)%00%(upstream:remoteref) refs/heads/main refs/remotes/main [2ms]
2024-02-27 02:54:45.424 [info] > git status -z -uall [200ms]
2024-02-27 02:54:50.441 [info] > git config --get commit.template [6ms]
2024-02-27 02:54:50.442 [info] > git for-each-ref --format=%(refname)%00%(upstream:short)%00%(objectname)%00%(upstream:track)%00%(upstream:remotename)%00%(upstream:remoteref) refs/heads/main refs/remotes/main [1ms]
2024-02-27 02:54:50.628 [info] > git status -z -uall [181ms]
2024-02-27 02:54:55.649 [info] > git config --get commit.template [7ms]
2024-02-27 02:54:55.650 [info] > git for-each-ref --format=%(refname)%00%(upstream:short)%00%(objectname)%00%(upstream:track)%00%(upstream:remotename)%00%(upstream:remoteref) refs/heads/main refs/remotes/main [1ms]
2024-02-27 02:54:55.840 [info] > git status -z -uall [182ms]
2024-02-27 02:55:00.858 [info] > git config --get commit.template [7ms]
2024-02-27 02:55:00.859 [info] > git for-each-ref --format=%(refname)%00%(upstream:short)%00%(objectname)%00%(upstream:track)%00%(upstream:remotename)%00%(upstream:remoteref) refs/heads/main refs/remotes/main [2ms]
2024-02-27 02:55:01.043 [info] > git status -z -uall [174ms]
2024-02-27 02:55:06.068 [info] > git config --get commit.template [8ms]
2024-02-27 02:55:06.068 [info] > git for-each-ref --format=%(refname)%00%(upstream:short)%00%(objectname)%00%(upstream:track)%00%(upstream:remotename)%00%(upstream:remoteref) refs/heads/main refs/remotes/main [1ms]
2024-02-27 02:55:06.265 [info] > git status -z -uall [191ms]
2024-02-27 02:55:11.283 [info] > git config --get commit.template [7ms]
2024-02-27 02:55:11.283 [info] > git for-each-ref --format=%(refname)%00%(upstream:short)%00%(objectname)%00%(upstream:track)%00%(upstream:remotename)%00%(upstream:remoteref) refs/heads/main refs/remotes/main [1ms]
2024-02-27 02:55:11.471 [info] > git status -z -uall [182ms]
2024-02-27 02:55:26.287 [info] > git config --get commit.template [10ms]
2024-02-27 02:55:26.289 [info] > git for-each-ref --format=%(refname)%00%(upstream:short)%00%(objectname)%00%(upstream:track)%00%(upstream:remotename)%00%(upstream:remoteref) refs/heads/main refs/remotes/main [3ms]
2024-02-27 02:55:26.499 [info] > git status -z -uall [202ms]
2024-02-27 02:55:31.519 [info] > git config --get commit.template [8ms]
2024-02-27 02:55:31.519 [info] > git for-each-ref --format=%(refname)%00%(upstream:short)%00%(objectname)%00%(upstream:track)%00%(upstream:remotename)%00%(upstream:remoteref) refs/heads/main refs/remotes/main [1ms]
2024-02-27 02:55:31.718 [info] > git status -z -uall [193ms]
2024-02-27 02:55:36.736 [info] > git config --get commit.template [7ms]
2024-02-27 02:55:36.740 [info] > git for-each-ref --format=%(refname)%00%(upstream:short)%00%(objectname)%00%(upstream:track)%00%(upstream:remotename)%00%(upstream:remoteref) refs/heads/main refs/remotes/main [5ms]
2024-02-27 02:55:36.933 [info] > git status -z -uall [185ms]
2024-02-27 02:55:41.953 [info] > git config --get commit.template [7ms]
2024-02-27 02:55:41.954 [info] > git for-each-ref --format=%(refname)%00%(upstream:short)%00%(objectname)%00%(upstream:track)%00%(upstream:remotename)%00%(upstream:remoteref) refs/heads/main refs/remotes/main [2ms]
2024-02-27 02:55:42.157 [info] > git status -z -uall [195ms]
2024-02-27 02:56:46.604 [info] > git config --get commit.template [6ms]
2024-02-27 02:56:46.605 [info] > git for-each-ref --format=%(refname)%00%(upstream:short)%00%(objectname)%00%(upstream:track)%00%(upstream:remotename)%00%(upstream:remoteref) refs/heads/main refs/remotes/main [2ms]
2024-02-27 02:56:46.788 [info] > git status -z -uall [178ms]
2024-02-27 02:56:51.801 [info] > git config --get commit.template [1ms]
2024-02-27 02:56:51.809 [info] > git for-each-ref --format=%(refname)%00%(upstream:short)%00%(objectname)%00%(upstream:track)%00%(upstream:remotename)%00%(upstream:remoteref) refs/heads/main refs/remotes/main [1ms]
2024-02-27 02:56:51.989 [info] > git status -z -uall [175ms]
2024-02-27 02:56:57.013 [info] > git config --get commit.template [9ms]
2024-02-27 02:56:57.013 [info] > git for-each-ref --format=%(refname)%00%(upstream:short)%00%(objectname)%00%(upstream:track)%00%(upstream:remotename)%00%(upstream:remoteref) refs/heads/main refs/remotes/main [2ms]
2024-02-27 02:56:57.196 [info] > git status -z -uall [177ms]
2024-02-27 02:57:02.224 [info] > git config --get commit.template [17ms]
2024-02-27 02:57:02.226 [info] > git for-each-ref --format=%(refname)%00%(upstream:short)%00%(objectname)%00%(upstream:track)%00%(upstream:remotename)%00%(upstream:remoteref) refs/heads/main refs/remotes/main [3ms]
2024-02-27 02:57:02.432 [info] > git status -z -uall [193ms]
2024-02-27 02:57:07.454 [info] > git config --get commit.template [7ms]
2024-02-27 02:57:07.454 [info] > git for-each-ref --format=%(refname)%00%(upstream:short)%00%(objectname)%00%(upstream:track)%00%(upstream:remotename)%00%(upstream:remoteref) refs/heads/main refs/remotes/main [1ms]
2024-02-27 02:57:07.620 [info] > git status -z -uall [161ms]
2024-02-27 02:57:12.637 [info] > git config --get commit.template [7ms]
2024-02-27 02:57:12.638 [info] > git for-each-ref --format=%(refname)%00%(upstream:short)%00%(objectname)%00%(upstream:track)%00%(upstream:remotename)%00%(upstream:remoteref) refs/heads/main refs/remotes/main [2ms]
2024-02-27 02:57:12.819 [info] > git status -z -uall [175ms]
2024-02-27 02:57:17.838 [info] > git config --get commit.template [7ms]
2024-02-27 02:57:17.839 [info] > git for-each-ref --format=%(refname)%00%(upstream:short)%00%(objectname)%00%(upstream:track)%00%(upstream:remotename)%00%(upstream:remoteref) refs/heads/main refs/remotes/main [2ms]
2024-02-27 02:57:18.021 [info] > git status -z -uall [176ms]
2024-02-27 02:57:42.753 [info] > git config --get commit.template [6ms]
2024-02-27 02:57:42.753 [info] > git for-each-ref --format=%(refname)%00%(upstream:short)%00%(objectname)%00%(upstream:track)%00%(upstream:remotename)%00%(upstream:remoteref) refs/heads/main refs/remotes/main [1ms]
2024-02-27 02:57:42.944 [info] > git status -z -uall [183ms]
2024-02-27 02:57:47.963 [info] > git config --get commit.template [9ms]
2024-02-27 02:57:47.965 [info] > git for-each-ref --format=%(refname)%00%(upstream:short)%00%(objectname)%00%(upstream:track)%00%(upstream:remotename)%00%(upstream:remoteref) refs/heads/main refs/remotes/main [2ms]
2024-02-27 02:57:48.150 [info] > git status -z -uall [178ms]
2024-02-27 02:57:53.165 [info] > git config --get commit.template [1ms]
2024-02-27 02:57:53.172 [info] > git for-each-ref --format=%(refname)%00%(upstream:short)%00%(objectname)%00%(upstream:track)%00%(upstream:remotename)%00%(upstream:remoteref) refs/heads/main refs/remotes/main [2ms]
2024-02-27 02:57:53.388 [info] > git status -z -uall [210ms]
2024-02-27 02:57:58.452 [info] > git config --get commit.template [26ms]
2024-02-27 02:57:58.461 [info] > git for-each-ref --format=%(refname)%00%(upstream:short)%00%(objectname)%00%(upstream:track)%00%(upstream:remotename)%00%(upstream:remoteref) refs/heads/main refs/remotes/main [10ms]
2024-02-27 02:57:58.921 [info] > git status -z -uall [442ms]
2024-02-27 02:58:03.936 [info] > git config --get commit.template [2ms]
2024-02-27 02:58:03.948 [info] > git for-each-ref --format=%(refname)%00%(upstream:short)%00%(objectname)%00%(upstream:track)%00%(upstream:remotename)%00%(upstream:remoteref) refs/heads/main refs/remotes/main [4ms]
2024-02-27 02:58:04.129 [info] > git status -z -uall [173ms]
2024-02-27 02:58:09.148 [info] > git config --get commit.template [6ms]
2024-02-27 02:58:09.148 [info] > git for-each-ref --format=%(refname)%00%(upstream:short)%00%(objectname)%00%(upstream:track)%00%(upstream:remotename)%00%(upstream:remoteref) refs/heads/main refs/remotes/main [2ms]
2024-02-27 02:58:09.396 [info] > git status -z -uall [242ms]
2024-02-27 02:58:14.421 [info] > git config --get commit.template [9ms]
2024-02-27 02:58:14.422 [info] > git for-each-ref --format=%(refname)%00%(upstream:short)%00%(objectname)%00%(upstream:track)%00%(upstream:remotename)%00%(upstream:remoteref) refs/heads/main refs/remotes/main [3ms]
2024-02-27 02:58:14.631 [info] > git status -z -uall [203ms]
2024-02-27 02:58:19.644 [info] > git config --get commit.template [1ms]
2024-02-27 02:58:19.654 [info] > git for-each-ref --format=%(refname)%00%(upstream:short)%00%(objectname)%00%(upstream:track)%00%(upstream:remotename)%00%(upstream:remoteref) refs/heads/main refs/remotes/main [1ms]
2024-02-27 02:58:19.841 [info] > git status -z -uall [181ms]
2024-02-27 02:58:24.857 [info] > git config --get commit.template [2ms]
2024-02-27 02:58:24.870 [info] > git for-each-ref --format=%(refname)%00%(upstream:short)%00%(objectname)%00%(upstream:track)%00%(upstream:remotename)%00%(upstream:remoteref) refs/heads/main refs/remotes/main [2ms]
2024-02-27 02:58:25.083 [info] > git status -z -uall [202ms]
2024-02-27 02:58:30.103 [info] > git config --get commit.template [7ms]
2024-02-27 02:58:30.103 [info] > git for-each-ref --format=%(refname)%00%(upstream:short)%00%(objectname)%00%(upstream:track)%00%(upstream:remotename)%00%(upstream:remoteref) refs/heads/main refs/remotes/main [1ms]
2024-02-27 02:58:30.288 [info] > git status -z -uall [179ms]
2024-02-27 02:58:35.306 [info] > git config --get commit.template [8ms]
2024-02-27 02:58:35.307 [info] > git for-each-ref --format=%(refname)%00%(upstream:short)%00%(objectname)%00%(upstream:track)%00%(upstream:remotename)%00%(upstream:remoteref) refs/heads/main refs/remotes/main [3ms]
2024-02-27 02:58:35.493 [info] > git status -z -uall [181ms]
2024-02-27 02:58:40.506 [info] > git config --get commit.template [2ms]
2024-02-27 02:58:40.514 [info] > git for-each-ref --format=%(refname)%00%(upstream:short)%00%(objectname)%00%(upstream:track)%00%(upstream:remotename)%00%(upstream:remoteref) refs/heads/main refs/remotes/main [1ms]
2024-02-27 02:58:40.702 [info] > git status -z -uall [181ms]
2024-02-27 02:58:45.719 [info] > git config --get commit.template [6ms]
2024-02-27 02:58:45.720 [info] > git for-each-ref --format=%(refname)%00%(upstream:short)%00%(objectname)%00%(upstream:track)%00%(upstream:remotename)%00%(upstream:remoteref) refs/heads/main refs/remotes/main [2ms]
2024-02-27 02:58:45.910 [info] > git status -z -uall [184ms]
2024-02-27 02:58:50.929 [info] > git config --get commit.template [8ms]
2024-02-27 02:58:50.930 [info] > git for-each-ref --format=%(refname)%00%(upstream:short)%00%(objectname)%00%(upstream:track)%00%(upstream:remotename)%00%(upstream:remoteref) refs/heads/main refs/remotes/main [3ms]
2024-02-27 02:58:51.137 [info] > git status -z -uall [201ms]
2024-02-27 02:58:56.157 [info] > git for-each-ref --format=%(refname)%00%(upstream:short)%00%(objectname)%00%(upstream:track)%00%(upstream:remotename)%00%(upstream:remoteref) refs/heads/main refs/remotes/main [3ms]
2024-02-27 02:58:56.157 [info] > git config --get commit.template [9ms]
2024-02-27 02:58:56.352 [info] > git status -z -uall [188ms]
2024-02-27 02:59:01.375 [info] > git config --get commit.template [11ms]
2024-02-27 02:59:01.382 [info] > git for-each-ref --format=%(refname)%00%(upstream:short)%00%(objectname)%00%(upstream:track)%00%(upstream:remotename)%00%(upstream:remoteref) refs/heads/main refs/remotes/main [7ms]
2024-02-27 02:59:01.579 [info] > git status -z -uall [185ms]
2024-02-27 02:59:06.602 [info] > git config --get commit.template [7ms]
2024-02-27 02:59:06.603 [info] > git for-each-ref --format=%(refname)%00%(upstream:short)%00%(objectname)%00%(upstream:track)%00%(upstream:remotename)%00%(upstream:remoteref) refs/heads/main refs/remotes/main [2ms]
2024-02-27 02:59:06.773 [info] > git status -z -uall [165ms]
2024-02-27 02:59:11.791 [info] > git config --get commit.template [7ms]
2024-02-27 02:59:11.792 [info] > git for-each-ref --format=%(refname)%00%(upstream:short)%00%(objectname)%00%(upstream:track)%00%(upstream:remotename)%00%(upstream:remoteref) refs/heads/main refs/remotes/main [2ms]
2024-02-27 02:59:11.968 [info] > git status -z -uall [171ms]
2024-02-27 02:59:16.980 [info] > git config --get commit.template [3ms]
2024-02-27 02:59:16.988 [info] > git for-each-ref --format=%(refname)%00%(upstream:short)%00%(objectname)%00%(upstream:track)%00%(upstream:remotename)%00%(upstream:remoteref) refs/heads/main refs/remotes/main [3ms]
2024-02-27 02:59:17.165 [info] > git status -z -uall [171ms]
2024-02-27 02:59:22.186 [info] > git config --get commit.template [9ms]
2024-02-27 02:59:22.187 [info] > git for-each-ref --format=%(refname)%00%(upstream:short)%00%(objectname)%00%(upstream:track)%00%(upstream:remotename)%00%(upstream:remoteref) refs/heads/main refs/remotes/main [1ms]
2024-02-27 02:59:22.364 [info] > git status -z -uall [171ms]
2024-02-27 02:59:27.383 [info] > git config --get commit.template [7ms]
2024-02-27 02:59:27.384 [info] > git for-each-ref --format=%(refname)%00%(upstream:short)%00%(objectname)%00%(upstream:track)%00%(upstream:remotename)%00%(upstream:remoteref) refs/heads/main refs/remotes/main [1ms]
2024-02-27 02:59:27.608 [info] > git status -z -uall [217ms]
2024-02-27 02:59:32.635 [info] > git config --get commit.template [9ms]
2024-02-27 02:59:32.635 [info] > git for-each-ref --format=%(refname)%00%(upstream:short)%00%(objectname)%00%(upstream:track)%00%(upstream:remotename)%00%(upstream:remoteref) refs/heads/main refs/remotes/main [1ms]
2024-02-27 02:59:32.825 [info] > git status -z -uall [182ms]
2024-02-27 02:59:37.863 [info] > git config --get commit.template [20ms]
2024-02-27 02:59:37.865 [info] > git for-each-ref --format=%(refname)%00%(upstream:short)%00%(objectname)%00%(upstream:track)%00%(upstream:remotename)%00%(upstream:remoteref) refs/heads/main refs/remotes/main [7ms]
2024-02-27 02:59:38.106 [info] > git status -z -uall [221ms]
2024-02-27 02:59:43.152 [info] > git config --get commit.template [13ms]
2024-02-27 02:59:43.153 [info] > git for-each-ref --format=%(refname)%00%(upstream:short)%00%(objectname)%00%(upstream:track)%00%(upstream:remotename)%00%(upstream:remoteref) refs/heads/main refs/remotes/main [2ms]
2024-02-27 02:59:43.385 [info] > git status -z -uall [221ms]
2024-02-27 02:59:48.417 [info] > git config --get commit.template [12ms]
2024-02-27 02:59:48.424 [info] > git for-each-ref --format=%(refname)%00%(upstream:short)%00%(objectname)%00%(upstream:track)%00%(upstream:remotename)%00%(upstream:remoteref) refs/heads/main refs/remotes/main [9ms]
2024-02-27 02:59:48.719 [info] > git status -z -uall [275ms]
2024-02-27 02:59:53.741 [info] > git config --get commit.template [7ms]
2024-02-27 02:59:53.742 [info] > git for-each-ref --format=%(refname)%00%(upstream:short)%00%(objectname)%00%(upstream:track)%00%(upstream:remotename)%00%(upstream:remoteref) refs/heads/main refs/remotes/main [1ms]
2024-02-27 02:59:54.013 [info] > git status -z -uall [264ms]
2024-02-27 02:59:59.033 [info] > git config --get commit.template [7ms]
2024-02-27 02:59:59.033 [info] > git for-each-ref --format=%(refname)%00%(upstream:short)%00%(objectname)%00%(upstream:track)%00%(upstream:remotename)%00%(upstream:remoteref) refs/heads/main refs/remotes/main [1ms]
2024-02-27 02:59:59.213 [info] > git status -z -uall [174ms]
2024-02-27 03:00:04.243 [info] > git config --get commit.template [16ms]
2024-02-27 03:00:04.244 [info] > git for-each-ref --format=%(refname)%00%(upstream:short)%00%(objectname)%00%(upstream:track)%00%(upstream:remotename)%00%(upstream:remoteref) refs/heads/main refs/remotes/main [4ms]
2024-02-27 03:00:04.536 [info] > git status -z -uall [275ms]
2024-02-27 03:00:09.554 [info] > git config --get commit.template [7ms]
2024-02-27 03:00:09.555 [info] > git for-each-ref --format=%(refname)%00%(upstream:short)%00%(objectname)%00%(upstream:track)%00%(upstream:remotename)%00%(upstream:remoteref) refs/heads/main refs/remotes/main [2ms]
2024-02-27 03:00:09.744 [info] > git status -z -uall [182ms]
2024-02-27 03:00:14.769 [info] > git config --get commit.template [12ms]
2024-02-27 03:00:14.776 [info] > git for-each-ref --format=%(refname)%00%(upstream:short)%00%(objectname)%00%(upstream:track)%00%(upstream:remotename)%00%(upstream:remoteref) refs/heads/main refs/remotes/main [8ms]
2024-02-27 03:00:14.984 [info] > git status -z -uall [197ms]
2024-02-27 03:00:23.811 [info] > git config --get commit.template [21ms]
2024-02-27 03:00:23.812 [info] > git for-each-ref --format=%(refname)%00%(upstream:short)%00%(objectname)%00%(upstream:track)%00%(upstream:remotename)%00%(upstream:remoteref) refs/heads/main refs/remotes/main [2ms]
2024-02-27 03:00:24.014 [info] > git status -z -uall [196ms]
2024-02-27 03:00:29.033 [info] > git config --get commit.template [9ms]
2024-02-27 03:00:29.034 [info] > git for-each-ref --format=%(refname)%00%(upstream:short)%00%(objectname)%00%(upstream:track)%00%(upstream:remotename)%00%(upstream:remoteref) refs/heads/main refs/remotes/main [2ms]
2024-02-27 03:00:29.232 [info] > git status -z -uall [192ms]
2024-02-27 03:00:34.255 [info] > git config --get commit.template [9ms]
2024-02-27 03:00:34.255 [info] > git for-each-ref --format=%(refname)%00%(upstream:short)%00%(objectname)%00%(upstream:track)%00%(upstream:remotename)%00%(upstream:remoteref) refs/heads/main refs/remotes/main [2ms]
2024-02-27 03:00:34.429 [info] > git status -z -uall [167ms]
2024-02-27 03:00:39.453 [info] > git config --get commit.template [8ms]
2024-02-27 03:00:39.454 [info] > git for-each-ref --format=%(refname)%00%(upstream:short)%00%(objectname)%00%(upstream:track)%00%(upstream:remotename)%00%(upstream:remoteref) refs/heads/main refs/remotes/main [2ms]
2024-02-27 03:00:39.644 [info] > git status -z -uall [184ms]
2024-02-27 03:00:44.665 [info] > git config --get commit.template [10ms]
2024-02-27 03:00:44.666 [info] > git for-each-ref --format=%(refname)%00%(upstream:short)%00%(objectname)%00%(upstream:track)%00%(upstream:remotename)%00%(upstream:remoteref) refs/heads/main refs/remotes/main [2ms]
2024-02-27 03:00:44.861 [info] > git status -z -uall [188ms]
2024-02-27 03:00:49.880 [info] > git config --get commit.template [7ms]
2024-02-27 03:00:49.881 [info] > git for-each-ref --format=%(refname)%00%(upstream:short)%00%(objectname)%00%(upstream:track)%00%(upstream:remotename)%00%(upstream:remoteref) refs/heads/main refs/remotes/main [2ms]
2024-02-27 03:00:50.099 [info] > git status -z -uall [211ms]
2024-02-27 03:00:55.141 [info] > git config --get commit.template [27ms]
2024-02-27 03:00:55.147 [info] > git for-each-ref --format=%(refname)%00%(upstream:short)%00%(objectname)%00%(upstream:track)%00%(upstream:remotename)%00%(upstream:remoteref) refs/heads/main refs/remotes/main [8ms]
2024-02-27 03:00:55.458 [info] > git status -z -uall [291ms]
2024-02-27 03:01:00.515 [info] > git config --get commit.template [23ms]
2024-02-27 03:01:00.520 [info] > git for-each-ref --format=%(refname)%00%(upstream:short)%00%(objectname)%00%(upstream:track)%00%(upstream:remotename)%00%(upstream:remoteref) refs/heads/main refs/remotes/main [8ms]
2024-02-27 03:01:00.807 [info] > git status -z -uall [259ms]
2024-02-27 03:01:05.827 [info] > git config --get commit.template [6ms]
2024-02-27 03:01:05.827 [info] > git for-each-ref --format=%(refname)%00%(upstream:short)%00%(objectname)%00%(upstream:track)%00%(upstream:remotename)%00%(upstream:remoteref) refs/heads/main refs/remotes/main [1ms]
2024-02-27 03:01:06.003 [info] > git status -z -uall [170ms]
