2024-02-27 04:31:57.663 [info] Log level: Info
2024-02-27 04:31:57.663 [info] Validating found git in: "git"
2024-02-27 04:31:57.663 [info] Using git "2.30.2" from "git"
2024-02-27 04:31:57.663 [info] > git rev-parse --show-toplevel [20ms]
2024-02-27 04:31:57.666 [info] > git rev-parse --git-dir --git-common-dir [3ms]
2024-02-27 04:31:57.682 [info] Open repository: /home/bitnami
2024-02-27 04:31:57.697 [info] > git config --get commit.template [7ms]
2024-02-27 04:31:57.699 [info] > git rev-parse --show-toplevel [3ms]
2024-02-27 04:31:57.713 [info] > git rev-parse --show-toplevel [2ms]
2024-02-27 04:31:57.722 [info] > git rev-parse --show-toplevel [2ms]
2024-02-27 04:31:57.731 [info] > git rev-parse --show-toplevel [3ms]
2024-02-27 04:31:57.742 [info] > git rev-parse --show-toplevel [4ms]
2024-02-27 04:31:57.749 [info] > git for-each-ref --format=%(refname)%00%(upstream:short)%00%(objectname)%00%(upstream:track)%00%(upstream:remotename)%00%(upstream:remoteref) refs/heads/main refs/remotes/main [45ms]
2024-02-27 04:31:57.760 [info] > git rev-parse --show-toplevel [12ms]
2024-02-27 04:31:57.770 [info] > git rev-parse --show-toplevel [2ms]
2024-02-27 04:31:58.054 [info] > git rev-parse --show-toplevel [249ms]
2024-02-27 04:31:58.117 [info] > git rev-parse --show-toplevel [16ms]
2024-02-27 04:31:58.142 [info] > git rev-parse --show-toplevel [8ms]
2024-02-27 04:31:58.164 [info] > git rev-parse --show-toplevel [4ms]
2024-02-27 04:31:58.183 [info] > git rev-parse --show-toplevel [4ms]
2024-02-27 04:31:58.198 [info] > git rev-parse --show-toplevel [3ms]
2024-02-27 04:31:58.216 [info] > git rev-parse --show-toplevel [9ms]
2024-02-27 04:31:58.241 [info] > git rev-parse --git-dir --git-common-dir [9ms]
2024-02-27 04:31:58.252 [info] Open repository: /home/bitnami/todo
2024-02-27 04:31:58.304 [info] > git config --get commit.template [24ms]
2024-02-27 04:31:58.315 [info] > git rev-parse --show-toplevel [13ms]
2024-02-27 04:31:58.370 [info] > git for-each-ref --format %(refname) %(objectname) %(*objectname) refs/tags [56ms]
2024-02-27 04:31:58.416 [info] > git show --textconv :blogger/app_server/views/blog/blog-add.pug [84ms]
2024-02-27 04:31:58.418 [info] > git ls-files --stage -- /home/bitnami/blogger/app_server/views/blog/blog-add.pug [66ms]
2024-02-27 04:31:58.437 [info] > git status -z -uall [36ms]
2024-02-27 04:31:58.508 [info] > git config --get commit.template [18ms]
2024-02-27 04:31:58.513 [info] > git for-each-ref --format %(refname) %(objectname) %(*objectname) refs/tags [7ms]
2024-02-27 04:31:58.544 [info] > git status -z -uall [6ms]
2024-02-27 04:31:58.560 [info] > git check-ignore -v -z --stdin [192ms]
2024-02-27 04:31:59.118 [info] > git check-ignore -v -z --stdin [191ms]
2024-02-27 04:31:59.691 [info] > git show --textconv :blogger/app_server/views/blog/blogList.pug [26ms]
2024-02-27 04:31:59.701 [info] > git ls-files --stage -- /home/bitnami/blogger/app_server/views/blog/blogList.pug [15ms]
2024-02-27 04:31:59.993 [info] > git status -z -uall [2234ms]
2024-02-27 04:32:00.061 [info] > git config --get commit.template [13ms]
2024-02-27 04:32:00.065 [info] > git for-each-ref --format=%(refname)%00%(upstream:short)%00%(objectname)%00%(upstream:track)%00%(upstream:remotename)%00%(upstream:remoteref) refs/heads/main refs/remotes/main [6ms]
2024-02-27 04:32:00.569 [info] > git status -z -uall [495ms]
2024-02-27 04:32:03.947 [info] > git config --get commit.template [12ms]
2024-02-27 04:32:03.947 [info] > git for-each-ref --format=%(refname)%00%(upstream:short)%00%(objectname)%00%(upstream:track)%00%(upstream:remotename)%00%(upstream:remoteref) refs/heads/main refs/remotes/main [1ms]
2024-02-27 04:32:04.180 [info] > git status -z -uall [227ms]
2024-02-27 04:32:04.820 [info] > git show --textconv :blogger/app_server/views/blog/blog-list.pug [13ms]
2024-02-27 04:32:04.826 [info] > git ls-files --stage -- /home/bitnami/blogger/app_server/views/blog/blog-list.pug [11ms]
2024-02-27 04:32:05.066 [info] > git check-ignore -v -z --stdin [10ms]
2024-02-27 04:32:05.611 [info] > git show --textconv :blogger/app_server/views/blog/deleteBlog.pug [12ms]
2024-02-27 04:32:05.617 [info] > git ls-files --stage -- /home/bitnami/blogger/app_server/views/blog/deleteBlog.pug [11ms]
2024-02-27 04:32:11.941 [info] > git config --get commit.template [10ms]
2024-02-27 04:32:11.941 [info] > git for-each-ref --format=%(refname)%00%(upstream:short)%00%(objectname)%00%(upstream:track)%00%(upstream:remotename)%00%(upstream:remoteref) refs/heads/main refs/remotes/main [3ms]
2024-02-27 04:32:12.139 [info] > git status -z -uall [190ms]
2024-02-27 04:32:12.531 [info] > git show --textconv :blogger/app_server/views/blog/blog-delete.pug [14ms]
2024-02-27 04:32:12.541 [info] > git ls-files --stage -- /home/bitnami/blogger/app_server/views/blog/blog-delete.pug [14ms]
2024-02-27 04:32:12.550 [info] > git check-ignore -v -z --stdin [10ms]
2024-02-27 04:32:26.580 [info] > git config --get commit.template [10ms]
2024-02-27 04:32:26.581 [info] > git for-each-ref --format=%(refname)%00%(upstream:short)%00%(objectname)%00%(upstream:track)%00%(upstream:remotename)%00%(upstream:remoteref) refs/heads/main refs/remotes/main [2ms]
2024-02-27 04:32:26.770 [info] > git status -z -uall [180ms]
2024-02-27 04:32:30.410 [info] > git show --textconv :blogger/app_server/views/blog/homePage.pug [12ms]
2024-02-27 04:32:30.417 [info] > git ls-files --stage -- /home/bitnami/blogger/app_server/views/blog/homePage.pug [11ms]
2024-02-27 04:32:31.792 [info] > git config --get commit.template [6ms]
2024-02-27 04:32:31.793 [info] > git for-each-ref --format=%(refname)%00%(upstream:short)%00%(objectname)%00%(upstream:track)%00%(upstream:remotename)%00%(upstream:remoteref) refs/heads/main refs/remotes/main [2ms]
2024-02-27 04:32:31.983 [info] > git status -z -uall [182ms]
2024-02-27 04:32:34.350 [info] > git show --textconv :blogger/app_server/views/homePage.pug [20ms]
2024-02-27 04:32:34.350 [info] > git ls-files --stage -- /home/bitnami/blogger/app_server/views/homePage.pug [13ms]
2024-02-27 04:32:34.358 [info] > git cat-file -s 2a95862f4c12c61a3709820ba94dfae609077f38 [2ms]
2024-02-27 04:32:34.580 [info] > git check-ignore -v -z --stdin [10ms]
2024-02-27 04:32:37.009 [info] > git config --get commit.template [11ms]
2024-02-27 04:32:37.010 [info] > git for-each-ref --format=%(refname)%00%(upstream:short)%00%(objectname)%00%(upstream:track)%00%(upstream:remotename)%00%(upstream:remoteref) refs/heads/main refs/remotes/main [2ms]
2024-02-27 04:32:37.216 [info] > git status -z -uall [198ms]
2024-02-27 04:32:37.647 [info] > git show --textconv :blogger/app_server/views/blog/blog-delete.pug [17ms]
2024-02-27 04:32:37.655 [info] > git ls-files --stage -- /home/bitnami/blogger/app_server/views/blog/blog-delete.pug [12ms]
2024-02-27 04:32:40.679 [info] > git show --textconv :blogger/app_server/views/partials/nav.pug [17ms]
2024-02-27 04:32:40.682 [info] > git ls-files --stage -- /home/bitnami/blogger/app_server/views/partials/nav.pug [11ms]
2024-02-27 04:32:40.690 [info] > git cat-file -s 53837d098bcb4b788748df939d7e897f03e85778 [2ms]
2024-02-27 04:32:42.245 [info] > git config --get commit.template [7ms]
2024-02-27 04:32:42.246 [info] > git for-each-ref --format=%(refname)%00%(upstream:short)%00%(objectname)%00%(upstream:track)%00%(upstream:remotename)%00%(upstream:remoteref) refs/heads/main refs/remotes/main [1ms]
2024-02-27 04:32:42.428 [info] > git status -z -uall [176ms]
2024-02-27 04:32:42.428 [info] > git merge-base refs/heads/main refs/remotes/main/main [2ms]
2024-02-27 04:32:42.460 [info] > git rev-list --count --left-right refs/heads/main...refs/remotes/main/main [16ms]
2024-02-27 04:32:43.193 [info] > git check-ignore -v -z --stdin [31ms]
2024-02-27 04:32:46.372 [info] > git add -A -- . [369ms]
2024-02-27 04:32:47.580 [info] > git show --textconv :.git/COMMIT_EDITMSG [16ms]
2024-02-27 04:32:47.587 [info] > git ls-files --stage -- /home/bitnami/.git/COMMIT_EDITMSG [12ms]
2024-02-27 04:32:47.890 [info] > git check-ignore -v -z --stdin [12ms]
2024-02-27 04:32:48.145 [info] > git ls-files --stage -- /home/bitnami/.git/COMMIT_EDITMSG [13ms]
2024-02-27 04:32:48.187 [info] > git show --textconv :.git/COMMIT_EDITMSG [10ms]
2024-02-27 04:32:50.868 [info] > git -c user.useConfigOnly=true commit --quiet [4488ms]
2024-02-27 04:32:50.885 [info] > git config --get commit.template [6ms]
2024-02-27 04:32:50.888 [info] > git for-each-ref --format=%(refname)%00%(upstream:short)%00%(objectname)%00%(upstream:track)%00%(upstream:remotename)%00%(upstream:remoteref) refs/heads/main refs/remotes/main [4ms]
2024-02-27 04:32:51.118 [info] > git show --textconv :blogger/app_server/views/partials/nav.pug [30ms]
2024-02-27 04:32:51.153 [info] > git ls-files --stage -- /home/bitnami/blogger/app_server/views/partials/nav.pug [41ms]
2024-02-27 04:32:51.163 [info] > git status -z -uall [268ms]
2024-02-27 04:32:51.191 [info] > git cat-file -s e7d87f89da0572232ca3e107a0532c24f9bf55f2 [29ms]
2024-02-27 04:32:51.193 [info] > git config --get commit.template [3ms]
2024-02-27 04:32:51.211 [info] > git for-each-ref --format=%(refname)%00%(upstream:short)%00%(objectname)%00%(upstream:track)%00%(upstream:remotename)%00%(upstream:remoteref) refs/heads/main refs/remotes/main [3ms]
2024-02-27 04:32:51.348 [info] > git merge-base refs/heads/main refs/remotes/main/main [6ms]
2024-02-27 04:32:51.387 [info] > git rev-list --count --left-right refs/heads/main...refs/remotes/main/main [5ms]
2024-02-27 04:32:51.511 [info] > git status -z -uall [290ms]
2024-02-27 04:32:52.024 [info] > git ls-files --stage -- /home/bitnami/blogger/app_server/views/partials/nav.pug [13ms]
2024-02-27 04:32:52.036 [info] > git cat-file -s e7d87f89da0572232ca3e107a0532c24f9bf55f2 [3ms]
2024-02-27 04:32:52.037 [info] > git check-ignore -v -z --stdin [16ms]
2024-02-27 04:32:52.074 [info] > git show --textconv :blogger/app_server/views/partials/nav.pug [11ms]
2024-02-27 04:32:52.420 [info] > git push main main:main [1238ms]
2024-02-27 04:32:52.420 [info] To https://github.com/kuhaku4/csci421-lab4.git
   a2216f95..5589a973  main -> main
2024-02-27 04:32:52.441 [info] > git config --get commit.template [12ms]
2024-02-27 04:32:52.442 [info] > git for-each-ref --format=%(refname)%00%(upstream:short)%00%(objectname)%00%(upstream:track)%00%(upstream:remotename)%00%(upstream:remoteref) refs/heads/main refs/remotes/main [2ms]
2024-02-27 04:32:52.634 [info] > git status -z -uall [185ms]
2024-02-27 04:32:52.716 [info] > git merge-base refs/heads/main refs/remotes/main/main [12ms]
2024-02-27 04:32:52.725 [info] > git rev-list --count --left-right refs/heads/main...refs/remotes/main/main [1ms]
2024-02-27 04:32:52.726 [info] > git config --get commit.template [10ms]
2024-02-27 04:32:52.734 [info] > git for-each-ref --format=%(refname)%00%(upstream:short)%00%(objectname)%00%(upstream:track)%00%(upstream:remotename)%00%(upstream:remoteref) refs/heads/main refs/remotes/main [2ms]
2024-02-27 04:32:52.934 [info] > git status -z -uall [192ms]
2024-02-27 04:32:53.397 [info] > git check-ignore -v -z --stdin [20ms]
2024-02-27 04:32:53.874 [info] > git ls-files --stage -- /home/bitnami/blogger/app_server/views/partials/nav.pug [16ms]
2024-02-27 04:32:53.882 [info] > git cat-file -s e7d87f89da0572232ca3e107a0532c24f9bf55f2 [2ms]
2024-02-27 04:32:53.920 [info] > git show --textconv :blogger/app_server/views/partials/nav.pug [10ms]
2024-02-27 04:32:54.590 [info] > git check-ignore -v -z --stdin [12ms]
2024-02-27 04:32:56.528 [info] > git config --get commit.template [8ms]
2024-02-27 04:32:56.529 [info] > git for-each-ref --format=%(refname)%00%(upstream:short)%00%(objectname)%00%(upstream:track)%00%(upstream:remotename)%00%(upstream:remoteref) refs/heads/main refs/remotes/main [2ms]
2024-02-27 04:32:56.733 [info] > git status -z -uall [197ms]
2024-02-27 04:33:11.943 [info] > git config --get commit.template [16ms]
2024-02-27 04:33:11.946 [info] > git for-each-ref --format=%(refname)%00%(upstream:short)%00%(objectname)%00%(upstream:track)%00%(upstream:remotename)%00%(upstream:remoteref) refs/heads/main refs/remotes/main [6ms]
2024-02-27 04:33:12.146 [info] > git status -z -uall [190ms]
2024-02-27 04:33:12.513 [info] > git show --textconv :blogger/app_server/views/blog/blog-add.pug [13ms]
2024-02-27 04:33:12.521 [info] > git ls-files --stage -- /home/bitnami/blogger/app_server/views/blog/blog-add.pug [12ms]
2024-02-27 04:33:12.529 [info] > git cat-file -s a17e0e44d36f5eb6f75db751f7a419be6af4d53a [1ms]
2024-02-27 04:33:17.165 [info] > git config --get commit.template [8ms]
2024-02-27 04:33:17.166 [info] > git for-each-ref --format=%(refname)%00%(upstream:short)%00%(objectname)%00%(upstream:track)%00%(upstream:remotename)%00%(upstream:remoteref) refs/heads/main refs/remotes/main [2ms]
2024-02-27 04:33:17.363 [info] > git status -z -uall [190ms]
2024-02-27 04:33:22.381 [info] > git config --get commit.template [8ms]
2024-02-27 04:33:22.382 [info] > git for-each-ref --format=%(refname)%00%(upstream:short)%00%(objectname)%00%(upstream:track)%00%(upstream:remotename)%00%(upstream:remoteref) refs/heads/main refs/remotes/main [4ms]
2024-02-27 04:33:22.593 [info] > git status -z -uall [205ms]
2024-02-27 04:33:27.609 [info] > git config --get commit.template [1ms]
2024-02-27 04:33:27.618 [info] > git for-each-ref --format=%(refname)%00%(upstream:short)%00%(objectname)%00%(upstream:track)%00%(upstream:remotename)%00%(upstream:remoteref) refs/heads/main refs/remotes/main [2ms]
2024-02-27 04:33:27.802 [info] > git status -z -uall [178ms]
2024-02-27 04:33:42.519 [info] > git config --get commit.template [7ms]
2024-02-27 04:33:42.521 [info] > git for-each-ref --format=%(refname)%00%(upstream:short)%00%(objectname)%00%(upstream:track)%00%(upstream:remotename)%00%(upstream:remoteref) refs/heads/main refs/remotes/main [2ms]
2024-02-27 04:33:42.719 [info] > git status -z -uall [192ms]
2024-02-27 04:34:38.953 [info] > git config --get commit.template [13ms]
2024-02-27 04:34:38.954 [info] > git for-each-ref --format=%(refname)%00%(upstream:short)%00%(objectname)%00%(upstream:track)%00%(upstream:remotename)%00%(upstream:remoteref) refs/heads/main refs/remotes/main [3ms]
2024-02-27 04:34:39.162 [info] > git status -z -uall [200ms]
2024-02-27 04:34:46.397 [info] > git config --get commit.template [12ms]
2024-02-27 04:34:46.398 [info] > git for-each-ref --format=%(refname)%00%(upstream:short)%00%(objectname)%00%(upstream:track)%00%(upstream:remotename)%00%(upstream:remoteref) refs/heads/main refs/remotes/main [1ms]
2024-02-27 04:34:46.587 [info] > git status -z -uall [183ms]
2024-02-27 04:34:51.604 [info] > git config --get commit.template [6ms]
2024-02-27 04:34:51.606 [info] > git for-each-ref --format=%(refname)%00%(upstream:short)%00%(objectname)%00%(upstream:track)%00%(upstream:remotename)%00%(upstream:remoteref) refs/heads/main refs/remotes/main [3ms]
2024-02-27 04:34:51.810 [info] > git status -z -uall [199ms]
2024-02-27 04:34:56.826 [info] > git config --get commit.template [7ms]
2024-02-27 04:34:56.827 [info] > git for-each-ref --format=%(refname)%00%(upstream:short)%00%(objectname)%00%(upstream:track)%00%(upstream:remotename)%00%(upstream:remoteref) refs/heads/main refs/remotes/main [2ms]
2024-02-27 04:34:57.034 [info] > git status -z -uall [200ms]
2024-02-27 04:35:02.047 [info] > git config --get commit.template [3ms]
2024-02-27 04:35:02.070 [info] > git for-each-ref --format=%(refname)%00%(upstream:short)%00%(objectname)%00%(upstream:track)%00%(upstream:remotename)%00%(upstream:remoteref) refs/heads/main refs/remotes/main [5ms]
2024-02-27 04:35:02.367 [info] > git status -z -uall [286ms]
2024-02-27 04:35:21.845 [info] > git config --get commit.template [7ms]
2024-02-27 04:35:21.847 [info] > git for-each-ref --format=%(refname)%00%(upstream:short)%00%(objectname)%00%(upstream:track)%00%(upstream:remotename)%00%(upstream:remoteref) refs/heads/main refs/remotes/main [4ms]
2024-02-27 04:35:22.049 [info] > git status -z -uall [194ms]
2024-02-27 04:36:09.550 [info] > git config --get commit.template [5ms]
2024-02-27 04:36:09.551 [info] > git for-each-ref --format=%(refname)%00%(upstream:short)%00%(objectname)%00%(upstream:track)%00%(upstream:remotename)%00%(upstream:remoteref) refs/heads/main refs/remotes/main [2ms]
2024-02-27 04:36:09.759 [info] > git status -z -uall [203ms]
2024-02-27 04:36:20.508 [info] > git config --get commit.template [5ms]
2024-02-27 04:36:20.509 [info] > git for-each-ref --format=%(refname)%00%(upstream:short)%00%(objectname)%00%(upstream:track)%00%(upstream:remotename)%00%(upstream:remoteref) refs/heads/main refs/remotes/main [2ms]
2024-02-27 04:36:20.733 [info] > git status -z -uall [218ms]
2024-02-27 04:36:25.748 [info] > git config --get commit.template [2ms]
2024-02-27 04:36:25.756 [info] > git for-each-ref --format=%(refname)%00%(upstream:short)%00%(objectname)%00%(upstream:track)%00%(upstream:remotename)%00%(upstream:remoteref) refs/heads/main refs/remotes/main [1ms]
2024-02-27 04:36:25.987 [info] > git status -z -uall [226ms]
2024-02-27 04:36:31.016 [info] > git config --get commit.template [10ms]
2024-02-27 04:36:31.017 [info] > git for-each-ref --format=%(refname)%00%(upstream:short)%00%(objectname)%00%(upstream:track)%00%(upstream:remotename)%00%(upstream:remoteref) refs/heads/main refs/remotes/main [2ms]
2024-02-27 04:36:31.222 [info] > git status -z -uall [197ms]
2024-02-27 04:36:36.238 [info] > git config --get commit.template [6ms]
2024-02-27 04:36:36.239 [info] > git for-each-ref --format=%(refname)%00%(upstream:short)%00%(objectname)%00%(upstream:track)%00%(upstream:remotename)%00%(upstream:remoteref) refs/heads/main refs/remotes/main [2ms]
2024-02-27 04:36:36.424 [info] > git status -z -uall [178ms]
2024-02-27 04:36:41.440 [info] > git config --get commit.template [7ms]
2024-02-27 04:36:41.441 [info] > git for-each-ref --format=%(refname)%00%(upstream:short)%00%(objectname)%00%(upstream:track)%00%(upstream:remotename)%00%(upstream:remoteref) refs/heads/main refs/remotes/main [2ms]
2024-02-27 04:36:41.653 [info] > git status -z -uall [197ms]
2024-02-27 04:37:09.298 [info] > git config --get commit.template [6ms]
2024-02-27 04:37:09.299 [info] > git for-each-ref --format=%(refname)%00%(upstream:short)%00%(objectname)%00%(upstream:track)%00%(upstream:remotename)%00%(upstream:remoteref) refs/heads/main refs/remotes/main [2ms]
2024-02-27 04:37:09.497 [info] > git status -z -uall [192ms]
2024-02-27 04:37:09.979 [info] > git show --textconv :blogger/app_server/views/blog/blog-edit.pug [15ms]
2024-02-27 04:37:09.986 [info] > git ls-files --stage -- /home/bitnami/blogger/app_server/views/blog/blog-edit.pug [13ms]
2024-02-27 04:37:09.997 [info] > git cat-file -s 792d27cff373c911f1be041bf6e0d547d84431d5 [4ms]
2024-02-27 04:37:12.263 [info] > git show --textconv :blogger/app_server/views/blog/blog-delete.pug [13ms]
2024-02-27 04:37:12.275 [info] > git ls-files --stage -- /home/bitnami/blogger/app_server/views/blog/blog-delete.pug [13ms]
2024-02-27 04:37:12.283 [info] > git cat-file -s 5fb444b2e82b974a56f5f810cd0532d9b35b53ab [2ms]
2024-02-27 04:37:14.166 [info] > git show --textconv :blogger/app_server/views/blog/blog-list.pug [13ms]
2024-02-27 04:37:14.174 [info] > git ls-files --stage -- /home/bitnami/blogger/app_server/views/blog/blog-list.pug [10ms]
2024-02-27 04:37:14.181 [info] > git cat-file -s d61d702113c8248db5a3d174993ebaa6b3d58dc6 [2ms]
2024-02-27 04:37:14.513 [info] > git config --get commit.template [5ms]
2024-02-27 04:37:14.514 [info] > git for-each-ref --format=%(refname)%00%(upstream:short)%00%(objectname)%00%(upstream:track)%00%(upstream:remotename)%00%(upstream:remoteref) refs/heads/main refs/remotes/main [1ms]
2024-02-27 04:37:14.722 [info] > git status -z -uall [204ms]
2024-02-27 04:37:19.743 [info] > git config --get commit.template [11ms]
2024-02-27 04:37:19.745 [info] > git for-each-ref --format=%(refname)%00%(upstream:short)%00%(objectname)%00%(upstream:track)%00%(upstream:remotename)%00%(upstream:remoteref) refs/heads/main refs/remotes/main [3ms]
2024-02-27 04:37:19.934 [info] > git status -z -uall [183ms]
2024-02-27 04:37:23.718 [info] > git show --textconv :blogger/app_server/views/partials/nav.pug [16ms]
2024-02-27 04:37:23.724 [info] > git ls-files --stage -- /home/bitnami/blogger/app_server/views/partials/nav.pug [12ms]
2024-02-27 04:37:23.731 [info] > git cat-file -s e7d87f89da0572232ca3e107a0532c24f9bf55f2 [1ms]
2024-02-27 04:37:24.949 [info] > git config --get commit.template [6ms]
2024-02-27 04:37:24.950 [info] > git for-each-ref --format=%(refname)%00%(upstream:short)%00%(objectname)%00%(upstream:track)%00%(upstream:remotename)%00%(upstream:remoteref) refs/heads/main refs/remotes/main [2ms]
2024-02-27 04:37:25.155 [info] > git status -z -uall [199ms]
2024-02-27 04:37:30.171 [info] > git config --get commit.template [6ms]
2024-02-27 04:37:30.172 [info] > git for-each-ref --format=%(refname)%00%(upstream:short)%00%(objectname)%00%(upstream:track)%00%(upstream:remotename)%00%(upstream:remoteref) refs/heads/main refs/remotes/main [2ms]
2024-02-27 04:37:30.372 [info] > git status -z -uall [194ms]
2024-02-27 04:37:44.817 [info] > git config --get commit.template [6ms]
2024-02-27 04:37:44.818 [info] > git for-each-ref --format=%(refname)%00%(upstream:short)%00%(objectname)%00%(upstream:track)%00%(upstream:remotename)%00%(upstream:remoteref) refs/heads/main refs/remotes/main [2ms]
2024-02-27 04:37:45.021 [info] > git status -z -uall [197ms]
2024-02-27 04:38:05.854 [info] > git config --get commit.template [6ms]
2024-02-27 04:38:05.855 [info] > git for-each-ref --format=%(refname)%00%(upstream:short)%00%(objectname)%00%(upstream:track)%00%(upstream:remotename)%00%(upstream:remoteref) refs/heads/main refs/remotes/main [2ms]
2024-02-27 04:38:06.069 [info] > git status -z -uall [207ms]
2024-02-27 04:38:24.299 [info] > git config --get commit.template [6ms]
2024-02-27 04:38:24.300 [info] > git for-each-ref --format=%(refname)%00%(upstream:short)%00%(objectname)%00%(upstream:track)%00%(upstream:remotename)%00%(upstream:remoteref) refs/heads/main refs/remotes/main [1ms]
2024-02-27 04:38:24.508 [info] > git status -z -uall [202ms]
2024-02-27 04:38:24.883 [info] > git show --textconv :blogger/app_server/views/partials/layout.pug [14ms]
2024-02-27 04:38:24.888 [info] > git ls-files --stage -- /home/bitnami/blogger/app_server/views/partials/layout.pug [12ms]
2024-02-27 04:38:24.895 [info] > git cat-file -s 9b761f41f7e990140f7a7e14ae201a0c0a7e97b1 [1ms]
2024-02-27 04:38:29.529 [info] > git config --get commit.template [7ms]
2024-02-27 04:38:29.530 [info] > git for-each-ref --format=%(refname)%00%(upstream:short)%00%(objectname)%00%(upstream:track)%00%(upstream:remotename)%00%(upstream:remoteref) refs/heads/main refs/remotes/main [2ms]
2024-02-27 04:38:29.722 [info] > git status -z -uall [186ms]
2024-02-27 04:38:34.093 [info] > git show --textconv :blogger/app_server/views/blog/blog-list.pug [22ms]
2024-02-27 04:38:34.093 [info] > git ls-files --stage -- /home/bitnami/blogger/app_server/views/blog/blog-list.pug [16ms]
2024-02-27 04:38:34.103 [info] > git cat-file -s d61d702113c8248db5a3d174993ebaa6b3d58dc6 [2ms]
2024-02-27 04:38:34.738 [info] > git config --get commit.template [7ms]
2024-02-27 04:38:34.739 [info] > git for-each-ref --format=%(refname)%00%(upstream:short)%00%(objectname)%00%(upstream:track)%00%(upstream:remotename)%00%(upstream:remoteref) refs/heads/main refs/remotes/main [2ms]
2024-02-27 04:38:34.930 [info] > git status -z -uall [185ms]
2024-02-27 04:38:39.947 [info] > git config --get commit.template [6ms]
2024-02-27 04:38:39.948 [info] > git for-each-ref --format=%(refname)%00%(upstream:short)%00%(objectname)%00%(upstream:track)%00%(upstream:remotename)%00%(upstream:remoteref) refs/heads/main refs/remotes/main [1ms]
2024-02-27 04:38:40.126 [info] > git status -z -uall [172ms]
2024-02-27 04:38:45.142 [info] > git config --get commit.template [1ms]
2024-02-27 04:38:45.152 [info] > git for-each-ref --format=%(refname)%00%(upstream:short)%00%(objectname)%00%(upstream:track)%00%(upstream:remotename)%00%(upstream:remoteref) refs/heads/main refs/remotes/main [2ms]
2024-02-27 04:38:45.357 [info] > git status -z -uall [198ms]
2024-02-27 04:39:10.286 [info] > git config --get commit.template [6ms]
2024-02-27 04:39:10.287 [info] > git for-each-ref --format=%(refname)%00%(upstream:short)%00%(objectname)%00%(upstream:track)%00%(upstream:remotename)%00%(upstream:remoteref) refs/heads/main refs/remotes/main [2ms]
2024-02-27 04:39:10.487 [info] > git status -z -uall [193ms]
2024-02-27 04:39:11.211 [info] > git show --textconv :blogger/app_server/controllers/blog.js [81ms]
2024-02-27 04:39:11.236 [info] > git ls-files --stage -- /home/bitnami/blogger/app_server/controllers/blog.js [74ms]
2024-02-27 04:39:11.289 [info] > git cat-file -s aa8f87e4771e0d66de8f41319192375d997880dd [23ms]
2024-02-27 04:39:15.581 [info] > git config --get commit.template [50ms]
2024-02-27 04:39:15.598 [info] > git for-each-ref --format=%(refname)%00%(upstream:short)%00%(objectname)%00%(upstream:track)%00%(upstream:remotename)%00%(upstream:remoteref) refs/heads/main refs/remotes/main [53ms]
2024-02-27 04:39:23.226 [info] > git status -z -uall [7616ms]
2024-02-27 04:39:38.913 [info] > git config --get commit.template [10ms]
2024-02-27 04:39:38.915 [info] > git for-each-ref --format=%(refname)%00%(upstream:short)%00%(objectname)%00%(upstream:track)%00%(upstream:remotename)%00%(upstream:remoteref) refs/heads/main refs/remotes/main [5ms]
2024-02-27 04:39:39.216 [info] > git ls-files --stage -- /home/bitnami/blogger/app_server/views/blog/blog-list.pug [30ms]
2024-02-27 04:39:39.228 [info] > git show --textconv :blogger/app_server/views/blog/blog-list.pug [58ms]
2024-02-27 04:39:39.231 [info] > git cat-file -s d61d702113c8248db5a3d174993ebaa6b3d58dc6 [5ms]
2024-02-27 04:39:39.857 [info] > git status -z -uall [931ms]
2024-02-27 04:39:55.415 [info] > git config --get commit.template [7ms]
2024-02-27 04:39:55.416 [info] > git for-each-ref --format=%(refname)%00%(upstream:short)%00%(objectname)%00%(upstream:track)%00%(upstream:remotename)%00%(upstream:remoteref) refs/heads/main refs/remotes/main [2ms]
2024-02-27 04:39:55.659 [info] > git status -z -uall [236ms]
2024-02-27 04:40:00.178 [info] > git show --textconv :blogger/app_server/views/blog/blog-error.pug [27ms]
2024-02-27 04:40:00.184 [info] > git ls-files --stage -- /home/bitnami/blogger/app_server/views/blog/blog-error.pug [12ms]
2024-02-27 04:40:00.345 [info] > git check-ignore -v -z --stdin [14ms]
2024-02-27 04:40:00.674 [info] > git config --get commit.template [4ms]
2024-02-27 04:40:00.682 [info] > git for-each-ref --format=%(refname)%00%(upstream:short)%00%(objectname)%00%(upstream:track)%00%(upstream:remotename)%00%(upstream:remoteref) refs/heads/main refs/remotes/main [1ms]
2024-02-27 04:40:00.877 [info] > git status -z -uall [189ms]
2024-02-27 04:40:06.571 [info] > git config --get commit.template [7ms]
2024-02-27 04:40:06.572 [info] > git for-each-ref --format=%(refname)%00%(upstream:short)%00%(objectname)%00%(upstream:track)%00%(upstream:remotename)%00%(upstream:remoteref) refs/heads/main refs/remotes/main [1ms]
2024-02-27 04:40:06.798 [info] > git status -z -uall [220ms]
2024-02-27 04:40:11.813 [info] > git config --get commit.template [1ms]
2024-02-27 04:40:11.821 [info] > git for-each-ref --format=%(refname)%00%(upstream:short)%00%(objectname)%00%(upstream:track)%00%(upstream:remotename)%00%(upstream:remoteref) refs/heads/main refs/remotes/main [2ms]
2024-02-27 04:40:12.036 [info] > git status -z -uall [207ms]
2024-02-27 04:40:13.289 [info] > git show --textconv :blogger/app_server/views/blog/blog-message.pug [16ms]
2024-02-27 04:40:13.299 [info] > git ls-files --stage -- /home/bitnami/blogger/app_server/views/blog/blog-message.pug [16ms]
2024-02-27 04:40:13.512 [info] > git check-ignore -v -z --stdin [10ms]
2024-02-27 04:40:17.253 [info] > git config --get commit.template [6ms]
2024-02-27 04:40:17.254 [info] > git for-each-ref --format=%(refname)%00%(upstream:short)%00%(objectname)%00%(upstream:track)%00%(upstream:remotename)%00%(upstream:remoteref) refs/heads/main refs/remotes/main [2ms]
2024-02-27 04:40:17.444 [info] > git status -z -uall [182ms]
2024-02-27 04:40:20.211 [info] > git show --textconv :blogger/app_server/views/blog/blog-list.pug [16ms]
2024-02-27 04:40:20.218 [info] > git ls-files --stage -- /home/bitnami/blogger/app_server/views/blog/blog-list.pug [11ms]
2024-02-27 04:40:20.226 [info] > git cat-file -s d61d702113c8248db5a3d174993ebaa6b3d58dc6 [1ms]
2024-02-27 04:40:27.418 [info] > git config --get commit.template [7ms]
2024-02-27 04:40:27.420 [info] > git for-each-ref --format=%(refname)%00%(upstream:short)%00%(objectname)%00%(upstream:track)%00%(upstream:remotename)%00%(upstream:remoteref) refs/heads/main refs/remotes/main [3ms]
2024-02-27 04:40:27.630 [info] > git status -z -uall [204ms]
2024-02-27 04:40:32.647 [info] > git config --get commit.template [6ms]
2024-02-27 04:40:32.647 [info] > git for-each-ref --format=%(refname)%00%(upstream:short)%00%(objectname)%00%(upstream:track)%00%(upstream:remotename)%00%(upstream:remoteref) refs/heads/main refs/remotes/main [1ms]
2024-02-27 04:40:32.879 [info] > git status -z -uall [225ms]
2024-02-27 04:40:37.901 [info] > git config --get commit.template [7ms]
2024-02-27 04:40:37.902 [info] > git for-each-ref --format=%(refname)%00%(upstream:short)%00%(objectname)%00%(upstream:track)%00%(upstream:remotename)%00%(upstream:remoteref) refs/heads/main refs/remotes/main [2ms]
2024-02-27 04:40:38.103 [info] > git status -z -uall [196ms]
2024-02-27 04:40:43.124 [info] > git config --get commit.template [7ms]
2024-02-27 04:40:43.125 [info] > git for-each-ref --format=%(refname)%00%(upstream:short)%00%(objectname)%00%(upstream:track)%00%(upstream:remotename)%00%(upstream:remoteref) refs/heads/main refs/remotes/main [3ms]
2024-02-27 04:40:43.326 [info] > git status -z -uall [186ms]
2024-02-27 04:40:48.344 [info] > git config --get commit.template [7ms]
2024-02-27 04:40:48.345 [info] > git for-each-ref --format=%(refname)%00%(upstream:short)%00%(objectname)%00%(upstream:track)%00%(upstream:remotename)%00%(upstream:remoteref) refs/heads/main refs/remotes/main [2ms]
2024-02-27 04:40:48.553 [info] > git status -z -uall [202ms]
2024-02-27 04:40:53.576 [info] > git config --get commit.template [6ms]
2024-02-27 04:40:53.577 [info] > git for-each-ref --format=%(refname)%00%(upstream:short)%00%(objectname)%00%(upstream:track)%00%(upstream:remotename)%00%(upstream:remoteref) refs/heads/main refs/remotes/main [2ms]
2024-02-27 04:40:53.764 [info] > git status -z -uall [179ms]
2024-02-27 04:41:00.922 [info] > git config --get commit.template [7ms]
2024-02-27 04:41:00.923 [info] > git for-each-ref --format=%(refname)%00%(upstream:short)%00%(objectname)%00%(upstream:track)%00%(upstream:remotename)%00%(upstream:remoteref) refs/heads/main refs/remotes/main [2ms]
2024-02-27 04:41:01.183 [info] > git status -z -uall [254ms]
2024-02-27 04:41:01.255 [info] > git show --textconv :blogger/app_server/views/blog/blog-message.pug [15ms]
2024-02-27 04:41:01.265 [info] > git ls-files --stage -- /home/bitnami/blogger/app_server/views/blog/blog-message.pug [11ms]
2024-02-27 04:41:02.361 [info] > git show --textconv :blogger/app_server/views/blog/blog-error.pug [11ms]
2024-02-27 04:41:02.375 [info] > git ls-files --stage -- /home/bitnami/blogger/app_server/views/blog/blog-error.pug [15ms]
2024-02-27 04:41:03.278 [info] > git show --textconv :blogger/app_server/views/blog/blog-list.pug [16ms]
2024-02-27 04:41:03.287 [info] > git ls-files --stage -- /home/bitnami/blogger/app_server/views/blog/blog-list.pug [16ms]
2024-02-27 04:41:03.295 [info] > git cat-file -s d61d702113c8248db5a3d174993ebaa6b3d58dc6 [2ms]
2024-02-27 04:41:05.092 [info] > git show --textconv :blogger/app_server/views/partials/nav.pug [15ms]
2024-02-27 04:41:05.101 [info] > git ls-files --stage -- /home/bitnami/blogger/app_server/views/partials/nav.pug [13ms]
2024-02-27 04:41:05.109 [info] > git cat-file -s e7d87f89da0572232ca3e107a0532c24f9bf55f2 [2ms]
2024-02-27 04:41:06.204 [info] > git config --get commit.template [10ms]
2024-02-27 04:41:06.207 [info] > git for-each-ref --format=%(refname)%00%(upstream:short)%00%(objectname)%00%(upstream:track)%00%(upstream:remotename)%00%(upstream:remoteref) refs/heads/main refs/remotes/main [9ms]
2024-02-27 04:41:06.432 [info] > git status -z -uall [206ms]
2024-02-27 04:41:25.939 [info] > git config --get commit.template [9ms]
2024-02-27 04:41:25.939 [info] > git for-each-ref --format=%(refname)%00%(upstream:short)%00%(objectname)%00%(upstream:track)%00%(upstream:remotename)%00%(upstream:remoteref) refs/heads/main refs/remotes/main [1ms]
2024-02-27 04:41:26.140 [info] > git status -z -uall [194ms]
2024-02-27 04:41:30.982 [info] > git show --textconv :blogger/app_api/models/blogs.js [34ms]
2024-02-27 04:41:30.990 [info] > git ls-files --stage -- /home/bitnami/blogger/app_api/models/blogs.js [26ms]
2024-02-27 04:41:31.001 [info] > git cat-file -s 06c1222a88bc3bc441d0f9fe54081a1a87876175 [2ms]
2024-02-27 04:41:31.162 [info] > git config --get commit.template [2ms]
2024-02-27 04:41:31.177 [info] > git for-each-ref --format=%(refname)%00%(upstream:short)%00%(objectname)%00%(upstream:track)%00%(upstream:remotename)%00%(upstream:remoteref) refs/heads/main refs/remotes/main [3ms]
2024-02-27 04:41:32.642 [info] > git check-ignore -v -z --stdin [88ms]
2024-02-27 04:41:32.654 [info] > git status -z -uall [1453ms]
2024-02-27 04:41:33.158 [info] > git ls-files --stage -- /home/bitnami/blogger/app_api/controllers/blogs.js [18ms]
2024-02-27 04:41:33.171 [info] > git show --textconv :blogger/app_api/controllers/blogs.js [40ms]
2024-02-27 04:41:33.174 [info] > git cat-file -s c77029e0e76b5dae968b3a1be1d10c009d86282f [5ms]
2024-02-27 04:41:37.742 [info] > git config --get commit.template [51ms]
2024-02-27 04:41:37.759 [info] > git for-each-ref --format=%(refname)%00%(upstream:short)%00%(objectname)%00%(upstream:track)%00%(upstream:remotename)%00%(upstream:remoteref) refs/heads/main refs/remotes/main [62ms]
2024-02-27 04:41:42.348 [info] > git ls-files --stage -- /home/bitnami/blogger/app_api/models/blogs.js [154ms]
2024-02-27 04:41:42.399 [info] > git show --textconv :blogger/app_api/models/blogs.js [221ms]
2024-02-27 04:41:42.414 [info] > git cat-file -s 06c1222a88bc3bc441d0f9fe54081a1a87876175 [15ms]
2024-02-27 04:41:43.466 [info] > git ls-files --stage -- /home/bitnami/blogger/app_api/routes/index.js [388ms]
2024-02-27 04:41:43.575 [info] > git show --textconv :blogger/app_api/routes/index.js [550ms]
2024-02-27 04:41:43.790 [info] > git cat-file -s 9574c794ed1998112d80bfba280a5ea47727946a [220ms]
