2024-02-27 04:20:56.127 [info] Log level: Info
2024-02-27 04:20:56.127 [info] Validating found git in: "git"
2024-02-27 04:20:56.127 [info] Using git "2.30.2" from "git"
2024-02-27 04:20:56.127 [info] > git rev-parse --show-toplevel [27ms]
2024-02-27 04:20:56.127 [info] > git rev-parse --git-dir --git-common-dir [21ms]
2024-02-27 04:20:56.127 [info] Open repository: /home/bitnami
2024-02-27 04:20:56.228 [info] > git rev-parse --show-toplevel [358ms]
2024-02-27 04:20:56.240 [info] > git config --get commit.template [377ms]
2024-02-27 04:20:56.297 [info] > git rev-parse --show-toplevel [41ms]
2024-02-27 04:20:56.331 [info] > git rev-parse --show-toplevel [21ms]
2024-02-27 04:20:56.331 [info] > git for-each-ref --format=%(refname)%00%(upstream:short)%00%(objectname)%00%(upstream:track)%00%(upstream:remotename)%00%(upstream:remoteref) refs/heads/main refs/remotes/main [62ms]
2024-02-27 04:20:56.463 [info] > git rev-parse --show-toplevel [99ms]
2024-02-27 04:20:56.517 [info] > git rev-parse --show-toplevel [17ms]
2024-02-27 04:20:56.644 [info] > git rev-parse --show-toplevel [15ms]
2024-02-27 04:20:56.770 [info] > git rev-parse --show-toplevel [20ms]
2024-02-27 04:20:56.839 [info] > git rev-parse --show-toplevel [12ms]
2024-02-27 04:20:56.905 [info] > git rev-parse --show-toplevel [1ms]
2024-02-27 04:20:56.946 [info] > git rev-parse --show-toplevel [8ms]
2024-02-27 04:20:56.994 [info] > git rev-parse --show-toplevel [19ms]
2024-02-27 04:20:57.014 [info] > git check-ignore -v -z --stdin [553ms]
2024-02-27 04:20:57.031 [info] > git rev-parse --show-toplevel [18ms]
2024-02-27 04:20:57.078 [info] > git rev-parse --show-toplevel [2ms]
2024-02-27 04:20:57.152 [info] > git rev-parse --show-toplevel [20ms]
2024-02-27 04:20:57.194 [info] > git rev-parse --git-dir --git-common-dir [8ms]
2024-02-27 04:20:57.223 [info] Open repository: /home/bitnami/todo
2024-02-27 04:20:57.279 [info] > git config --get commit.template [20ms]
2024-02-27 04:20:57.331 [info] > git rev-parse --show-toplevel [54ms]
2024-02-27 04:20:57.416 [info] > git for-each-ref --format %(refname) %(objectname) %(*objectname) refs/tags [103ms]
2024-02-27 04:20:57.484 [info] > git show --textconv :blogger/app_api/routes/index.js [103ms]
2024-02-27 04:20:57.513 [info] > git status -z -uall [54ms]
2024-02-27 04:20:57.565 [info] > git ls-files --stage -- /home/bitnami/blogger/app_api/routes/index.js [152ms]
2024-02-27 04:20:57.612 [info] > git config --get commit.template [48ms]
2024-02-27 04:20:57.618 [info] > git cat-file -s 5d160f8b30c1f7922fd913de65caf73b1100b83a [28ms]
2024-02-27 04:20:57.923 [info] > git for-each-ref --format %(refname) %(objectname) %(*objectname) refs/tags [274ms]
2024-02-27 04:20:58.115 [info] > git status -z -uall [129ms]
2024-02-27 04:20:58.223 [info] > git check-ignore -v -z --stdin [335ms]
2024-02-27 04:20:58.833 [info] > git status -z -uall [2411ms]
2024-02-27 04:20:58.929 [info] > git config --get commit.template [7ms]
2024-02-27 04:20:59.111 [info] > git for-each-ref --format=%(refname)%00%(upstream:short)%00%(objectname)%00%(upstream:track)%00%(upstream:remotename)%00%(upstream:remoteref) refs/heads/main refs/remotes/main [143ms]
2024-02-27 04:21:00.263 [info] > git status -z -uall [1130ms]
2024-02-27 04:21:07.944 [info] > git merge-base refs/heads/main refs/remotes/main/main [29ms]
2024-02-27 04:21:07.971 [info] > git rev-list --count --left-right refs/heads/main...refs/remotes/main/main [19ms]
2024-02-27 04:21:08.678 [info] > git check-ignore -v -z --stdin [42ms]
2024-02-27 04:21:12.296 [info] > git config --get commit.template [7ms]
2024-02-27 04:21:12.297 [info] > git for-each-ref --format=%(refname)%00%(upstream:short)%00%(objectname)%00%(upstream:track)%00%(upstream:remotename)%00%(upstream:remoteref) refs/heads/main refs/remotes/main [3ms]
2024-02-27 04:21:14.387 [info] > git status -z -uall [2083ms]
2024-02-27 04:21:16.379 [info] > git checkout -q -- /home/bitnami/.npm/_cacache/index-v5/05/f2/5efeceaf581d5b606bdafad32623ddd75352cb1942290a9cd93d48923be6 /home/bitnami/.npm/_cacache/index-v5/1c/51/5bbeece361c3126e054dd84d819fcc973f955f25dc50cc9042eb2ee93e6d /home/bitnami/.npm/_cacache/index-v5/39/67/d60137fffadcd5ff799a60729a7de6578efbd95c2436df45ed4421b6e16d /home/bitnami/.npm/_cacache/index-v5/3b/f4/752915f135ecef5a71d918a4c4eddae386618103ab4f247e11fa323ce06d /home/bitnami/.npm/_cacache/index-v5/40/e0/0d0a09cc7cfadd43301be3739e56fc4c07984e83bd576d9a0da84108b28f /home/bitnami/.npm/_cacache/index-v5/75/d4/7b595507282eaac8becd60f3b68f8709493c0e98366ad8c721621454f8fb /home/bitnami/.npm/_cacache/index-v5/b8/89/b22bbdaf31406d873be6021ff43d0de364f06fb3f06a544f6fbf6c63ae2d /home/bitnami/.npm/_cacache/index-v5/d7/45/e1ccaea11148973bfded4dbe1a6b58975978932e0ea608543a82861b1428 /home/bitnami/.npm/_cacache/index-v5/dc/f5/c0bfb27060f61ca8e70fcb2eb1561295e496fd711ffa5e01fdd576dfd55f /home/bitnami/.npm/_cacache/index-v5/e0/3b/55e56e6f53ffe7a3aa682cb279b0f1f907be037ece0730687bb49a730313 /home/bitnami/.npm/_cacache/index-v5/ef/7e/138d06536fa4ad47a86841653c3ff37ac8a889bfd425926c5c32d3489804 /home/bitnami/.npm/_cacache/index-v5/f2/d0/ed41a5bfc43f8091295f838927ed11dde93131e385e81d0e192518b417c0 /home/bitnami/.npm/_logs/2024-02-27T00_39_18_414Z-debug-0.log /home/bitnami/.npm/_logs/2024-02-27T03_28_22_879Z-debug-0.log /home/bitnami/.vscode-server/.cli.903b1e9d8990623e3d7da1df3d33db3e42d80eda.log /home/bitnami/.vscode-server/cli/servers/Stable-903b1e9d8990623e3d7da1df3d33db3e42d80eda/log.txt /home/bitnami/.vscode-server/cli/servers/Stable-903b1e9d8990623e3d7da1df3d33db3e42d80eda/pid.txt /home/bitnami/.vscode-server/data/User/History/-100c2936/entries.json /home/bitnami/.vscode-server/data/User/History/-c9d29bd/entries.json /home/bitnami/.vscode-server/data/User/History/331fe5e2/entries.json /home/bitnami/.vscode-server/data/User/History/70d0cf35/entries.json /home/bitnami/.vscode-server/data/User/History/7d1e507c/entries.json /home/bitnami/.vscode-server/data/User/workspaceStorage/d866cbe83da49e127745e557969ca682-1/vscode.lock /home/bitnami/.vscode-server/data/User/workspaceStorage/d866cbe83da49e127745e557969ca682/vscode.lock /home/bitnami/.vscode-server/data/logs/20240221T001026/exthost1/remoteexthost.log /home/bitnami/.vscode-server/data/logs/20240221T001026/exthost1/vscode.git/Git.log /home/bitnami/.vscode-server/data/logs/20240221T001026/exthost1/vscode.github/GitHub.log /home/bitnami/.vscode-server/data/logs/20240221T001026/exthost2/remoteexthost.log /home/bitnami/.vscode-server/data/logs/20240221T001026/exthost2/vscode.git/Git.log /home/bitnami/.vscode-server/data/logs/20240221T001026/exthost2/vscode.github/GitHub.log /home/bitnami/.vscode-server/data/logs/20240221T001026/network.log /home/bitnami/.vscode-server/data/logs/20240221T001026/ptyhost.log /home/bitnami/.vscode-server/data/logs/20240221T001026/remoteagent.log /home/bitnami/.vscode-server/data/logs/20240221T132635/exthost1/remoteexthost.log /home/bitnami/.vscode-server/data/logs/20240221T132635/exthost1/vscode.git/Git.log /home/bitnami/.vscode-server/data/logs/20240221T132635/exthost1/vscode.github/GitHub.log /home/bitnami/.vscode-server/data/logs/20240221T132635/network.log /home/bitnami/.vscode-server/data/logs/20240221T132635/ptyhost.log /home/bitnami/.vscode-server/data/logs/20240221T132635/remoteagent.log /home/bitnami/.vscode-server/data/logs/20240221T200048/exthost1/remoteexthost.log /home/bitnami/.vscode-server/data/logs/20240221T200048/exthost1/vscode.git/Git.log /home/bitnami/.vscode-server/data/logs/20240221T200048/exthost1/vscode.github/GitHub.log /home/bitnami/.vscode-server/data/logs/20240221T200048/exthost1/vscode.typescript-language-features/TypeScript.log /home/bitnami/.vscode-server/data/logs/20240221T200048/network.log /home/bitnami/.vscode-server/data/logs/20240221T200048/ptyhost.log /home/bitnami/.vscode-server/data/logs/20240221T200048/remoteagent.log /home/bitnami/.vscode-server/data/logs/20240227T032800/exthost2/vscode.git/Git.log /home/bitnami/.vscode-server/data/logs/20240227T032800/remoteagent.log /home/bitnami/blogger/app.js /home/bitnami/blogger/app_server/controllers/blog.js /home/bitnami/blogger/app_server/views/addBlog.pug /home/bitnami/blogger/app_server/views/blogEdit.pug /home/bitnami/blogger/node_modules/.package-lock.json /home/bitnami/blogger/package-lock.json /home/bitnami/blogger/package.json [209ms]
2024-02-27 04:21:16.410 [info] > git config --get commit.template [2ms]
2024-02-27 04:21:16.419 [info] > git for-each-ref --format=%(refname)%00%(upstream:short)%00%(objectname)%00%(upstream:track)%00%(upstream:remotename)%00%(upstream:remoteref) refs/heads/main refs/remotes/main [1ms]
2024-02-27 04:21:16.685 [info] > git status -z -uall [257ms]
2024-02-27 04:21:17.724 [info] > git ls-files --stage -- /home/bitnami/blogger/app_api/routes/index.js [13ms]
2024-02-27 04:21:17.752 [info] > git cat-file -s 5d160f8b30c1f7922fd913de65caf73b1100b83a [13ms]
2024-02-27 04:21:17.801 [info] > git show --textconv :blogger/app_api/routes/index.js [18ms]
2024-02-27 04:21:19.464 [info] > git config --get commit.template [2ms]
2024-02-27 04:21:19.473 [info] > git for-each-ref --format=%(refname)%00%(upstream:short)%00%(objectname)%00%(upstream:track)%00%(upstream:remotename)%00%(upstream:remoteref) refs/heads/main refs/remotes/main [2ms]
2024-02-27 04:21:19.739 [info] > git status -z -uall [259ms]
2024-02-27 04:21:22.384 [info] > git ls-files --stage -- /home/bitnami/blogger/app_api/routes/index.js [10ms]
2024-02-27 04:21:22.393 [info] > git cat-file -s 5d160f8b30c1f7922fd913de65caf73b1100b83a [2ms]
2024-02-27 04:21:22.468 [info] > git show --textconv :blogger/app_api/routes/index.js [9ms]
2024-02-27 04:21:23.608 [info] > git ls-files --stage -- /home/bitnami/blogger/app_api/routes/index.js [8ms]
2024-02-27 04:21:23.617 [info] > git cat-file -s 5d160f8b30c1f7922fd913de65caf73b1100b83a [2ms]
2024-02-27 04:21:23.659 [info] > git show --textconv :blogger/app_api/routes/index.js [8ms]
2024-02-27 04:21:24.790 [info] > git config --get commit.template [11ms]
2024-02-27 04:21:24.791 [info] > git for-each-ref --format=%(refname)%00%(upstream:short)%00%(objectname)%00%(upstream:track)%00%(upstream:remotename)%00%(upstream:remoteref) refs/heads/main refs/remotes/main [4ms]
2024-02-27 04:21:24.976 [info] > git status -z -uall [176ms]
2024-02-27 04:21:25.040 [info] > git merge-base refs/heads/main refs/remotes/main/main [4ms]
2024-02-27 04:21:25.050 [info] > git rev-list --count --left-right refs/heads/main...refs/remotes/main/main [3ms]
2024-02-27 04:21:25.830 [info] > git ls-files --stage -- /home/bitnami/blogger/app_api/routes/index.js [10ms]
2024-02-27 04:21:25.840 [info] > git cat-file -s 5d160f8b30c1f7922fd913de65caf73b1100b83a [2ms]
2024-02-27 04:21:25.883 [info] > git show --textconv :blogger/app_api/routes/index.js [11ms]
2024-02-27 04:21:30.034 [info] > git config --get commit.template [9ms]
2024-02-27 04:21:30.035 [info] > git for-each-ref --format=%(refname)%00%(upstream:short)%00%(objectname)%00%(upstream:track)%00%(upstream:remotename)%00%(upstream:remoteref) refs/heads/main refs/remotes/main [1ms]
2024-02-27 04:21:30.226 [info] > git status -z -uall [183ms]
2024-02-27 04:21:35.281 [info] > git config --get commit.template [12ms]
2024-02-27 04:21:35.288 [info] > git for-each-ref --format=%(refname)%00%(upstream:short)%00%(objectname)%00%(upstream:track)%00%(upstream:remotename)%00%(upstream:remoteref) refs/heads/main refs/remotes/main [9ms]
2024-02-27 04:21:35.587 [info] > git status -z -uall [289ms]
2024-02-27 04:21:38.646 [info] > git check-ignore -v -z --stdin [25ms]
2024-02-27 04:21:41.438 [info] > git config --get commit.template [2ms]
2024-02-27 04:21:41.455 [info] > git for-each-ref --format=%(refname)%00%(upstream:short)%00%(objectname)%00%(upstream:track)%00%(upstream:remotename)%00%(upstream:remoteref) refs/heads/main refs/remotes/main [3ms]
2024-02-27 04:21:41.689 [info] > git status -z -uall [219ms]
