2024-02-26 14:13:47.668 [info] Log level: Info
2024-02-26 14:13:47.668 [info] Validating found git in: "git"
2024-02-26 14:13:47.668 [info] Using git "2.30.2" from "git"
2024-02-26 14:13:47.668 [info] > git rev-parse --show-toplevel [109ms]
2024-02-26 14:13:47.668 [info] > git rev-parse --git-dir --git-common-dir [174ms]
2024-02-26 14:13:47.668 [info] Open repository: /home/bitnami
2024-02-26 14:13:47.683 [info] > git rev-parse --show-toplevel [190ms]
2024-02-26 14:13:47.684 [info] > git config --get commit.template [207ms]
2024-02-26 14:13:47.742 [info] > git rev-parse --show-toplevel [19ms]
2024-02-26 14:13:47.762 [info] > git rev-parse --show-toplevel [5ms]
2024-02-26 14:13:47.797 [info] > git for-each-ref --format=%(refname)%00%(upstream:short)%00%(objectname)%00%(upstream:track)%00%(upstream:remotename)%00%(upstream:remoteref) refs/heads/main refs/remotes/main [58ms]
2024-02-26 14:13:47.809 [info] > git rev-parse --show-toplevel [39ms]
2024-02-26 14:13:47.845 [info] > git rev-parse --show-toplevel [19ms]
2024-02-26 14:13:47.862 [info] > git rev-parse --show-toplevel [7ms]
2024-02-26 14:13:47.876 [info] > git rev-parse --show-toplevel [6ms]
2024-02-26 14:13:47.908 [info] > git rev-parse --show-toplevel [10ms]
2024-02-26 14:13:48.159 [info] > git rev-parse --show-toplevel [89ms]
2024-02-26 14:13:48.233 [info] > git rev-parse --show-toplevel [10ms]
2024-02-26 14:13:48.286 [info] > git check-ignore -v -z --stdin [195ms]
2024-02-26 14:13:48.313 [info] > git rev-parse --show-toplevel [26ms]
2024-02-26 14:13:48.360 [info] > git rev-parse --show-toplevel [5ms]
2024-02-26 14:13:48.378 [info] > git rev-parse --show-toplevel [2ms]
2024-02-26 14:13:48.452 [info] > git rev-parse --show-toplevel [17ms]
2024-02-26 14:13:48.548 [info] > git rev-parse --git-dir --git-common-dir [39ms]
2024-02-26 14:13:48.577 [info] Open repository: /home/bitnami/todo
2024-02-26 14:13:48.655 [info] > git config --get commit.template [27ms]
2024-02-26 14:13:48.707 [info] > git rev-parse --show-toplevel [75ms]
2024-02-26 14:13:48.794 [info] > git for-each-ref --format %(refname) %(objectname) %(*objectname) refs/tags [89ms]
2024-02-26 14:13:48.836 [info] > git show --textconv :blogger/app_server/routes/index.js [93ms]
2024-02-26 14:13:48.859 [info] > git ls-files --stage -- /home/bitnami/blogger/app_server/routes/index.js [67ms]
2024-02-26 14:13:48.894 [info] > git status -z -uall [59ms]
2024-02-26 14:13:48.970 [info] > git cat-file -s 086c49b9d20987b6d5ec569ab6673083ec9ffd0d [85ms]
2024-02-26 14:13:49.024 [info] > git config --get commit.template [54ms]
2024-02-26 14:13:49.026 [info] > git for-each-ref --format %(refname) %(objectname) %(*objectname) refs/tags [6ms]
2024-02-26 14:13:49.295 [info] > git status -z -uall [219ms]
2024-02-26 14:13:49.398 [info] > git check-ignore -v -z --stdin [121ms]
2024-02-26 14:13:49.518 [info] > git check-ignore -v -z --stdin [262ms]
2024-02-26 14:13:50.246 [info] > git status -z -uall [2439ms]
2024-02-26 14:13:50.311 [info] > git config --get commit.template [5ms]
2024-02-26 14:13:50.342 [info] > git for-each-ref --format=%(refname)%00%(upstream:short)%00%(objectname)%00%(upstream:track)%00%(upstream:remotename)%00%(upstream:remoteref) refs/heads/main refs/remotes/main [11ms]
2024-02-26 14:13:51.111 [info] > git status -z -uall [750ms]
2024-02-26 14:14:24.978 [info] > git config --get commit.template [27ms]
2024-02-26 14:14:24.993 [info] > git for-each-ref --format=%(refname)%00%(upstream:short)%00%(objectname)%00%(upstream:track)%00%(upstream:remotename)%00%(upstream:remoteref) refs/heads/main refs/remotes/main [37ms]
2024-02-26 14:14:26.081 [info] > git status -z -uall [1079ms]
