2024-02-19 02:30:51.496 [info] Log level: Info
2024-02-19 02:30:51.496 [info] Validating found git in: "git"
2024-02-19 02:30:51.496 [info] Using git "2.30.2" from "git"
2024-02-19 02:30:51.496 [info] > git rev-parse --show-toplevel [146ms]
2024-02-19 02:30:51.496 [info] > git rev-parse --git-dir --git-common-dir [608ms]
2024-02-19 02:30:51.496 [info] Open repository: /home/bitnami
2024-02-19 02:30:51.498 [info] > git rev-parse --show-toplevel [26ms]
2024-02-19 02:30:51.500 [info] > git config --get commit.template [92ms]
2024-02-19 02:30:51.570 [info] > git rev-parse --show-toplevel [31ms]
2024-02-19 02:30:51.602 [info] > git rev-parse --show-toplevel [4ms]
2024-02-19 02:30:51.607 [info] > git for-each-ref --format=%(refname)%00%(upstream:short)%00%(objectname)%00%(upstream:track)%00%(upstream:remotename)%00%(upstream:remoteref) refs/heads/main refs/remotes/main [40ms]
2024-02-19 02:30:51.653 [info] > git rev-parse --show-toplevel [26ms]
2024-02-19 02:30:51.727 [info] > git rev-parse --show-toplevel [55ms]
2024-02-19 02:30:51.836 [info] > git rev-parse --show-toplevel [44ms]
2024-02-19 02:30:51.979 [info] > git rev-parse --show-toplevel [12ms]
2024-02-19 02:30:52.048 [info] > git rev-parse --show-toplevel [41ms]
2024-02-19 02:30:52.087 [info] > git rev-parse --show-toplevel [28ms]
2024-02-19 02:30:52.124 [info] > git rev-parse --show-toplevel [11ms]
2024-02-19 02:30:52.144 [info] > git check-ignore -v -z --stdin [99ms]
2024-02-19 02:30:52.173 [info] > git rev-parse --show-toplevel [30ms]
2024-02-19 02:30:52.217 [info] > git rev-parse --show-toplevel [4ms]
2024-02-19 02:30:52.252 [info] > git rev-parse --show-toplevel [5ms]
2024-02-19 02:30:52.297 [info] > git rev-parse --show-toplevel [19ms]
2024-02-19 02:30:52.320 [info] > git rev-parse --git-dir --git-common-dir [3ms]
2024-02-19 02:30:52.327 [info] Open repository: /home/bitnami/todo
2024-02-19 02:30:52.384 [info] > git config --get commit.template [36ms]
2024-02-19 02:30:52.402 [info] > git rev-parse --show-toplevel [33ms]
2024-02-19 02:30:52.451 [info] > git show --textconv :blogger/app_server/models/db.js [31ms]
2024-02-19 02:30:52.452 [info] > git for-each-ref --format=%(refname)%00%(upstream:short)%00%(objectname)%00%(upstream:track)%00%(upstream:remotename)%00%(upstream:remoteref) refs/heads/master refs/remotes/master [51ms]
2024-02-19 02:30:52.484 [warning] ENOENT: no such file or directory, open '/home/bitnami/todo/.git/refs/remotes/origin/master'
2024-02-19 02:30:52.489 [info] > git ls-files --stage -- /home/bitnami/blogger/app_server/models/db.js [44ms]
2024-02-19 02:30:52.497 [info] > git rev-parse refs/remotes/origin/master [13ms]
2024-02-19 02:30:52.520 [info] > git status -z -uall [15ms]
2024-02-19 02:30:52.588 [info] > git config --get commit.template [16ms]
2024-02-19 02:30:52.590 [info] > git for-each-ref --format=%(refname)%00%(upstream:short)%00%(objectname)%00%(upstream:track)%00%(upstream:remotename)%00%(upstream:remoteref) refs/heads/master refs/remotes/master [4ms]
2024-02-19 02:30:52.609 [warning] ENOENT: no such file or directory, open '/home/bitnami/todo/.git/refs/remotes/origin/master'
2024-02-19 02:30:52.628 [info] > git rev-parse refs/remotes/origin/master [19ms]
2024-02-19 02:30:52.786 [info] > git status -z -uall [146ms]
2024-02-19 02:30:53.016 [info] > git check-ignore -v -z --stdin [120ms]
2024-02-19 02:30:53.030 [info] > git check-ignore -v -z --stdin [117ms]
2024-02-19 02:30:53.965 [info] > git status -z -uall [2315ms]
2024-02-19 02:30:54.048 [info] > git config --get commit.template [40ms]
2024-02-19 02:30:54.052 [info] > git for-each-ref --format=%(refname)%00%(upstream:short)%00%(objectname)%00%(upstream:track)%00%(upstream:remotename)%00%(upstream:remoteref) refs/heads/main refs/remotes/main [10ms]
2024-02-19 02:30:54.920 [info] > git status -z -uall [859ms]
2024-02-19 02:31:40.039 [info] > git ls-files --stage -- /home/bitnami/blogger/nohup.out [55ms]
2024-02-19 02:31:40.047 [info] > git show --textconv :blogger/nohup.out [74ms]
2024-02-19 02:31:40.049 [info] > git cat-file -s cc1b1bd9960e036ab0104e26a554cd616a48df2d [3ms]
2024-02-19 02:31:40.309 [info] > git check-ignore -v -z --stdin [11ms]
2024-02-19 02:32:15.660 [info] > git show --textconv :blogger/app_server/models/db.js [10ms]
2024-02-19 02:32:15.667 [info] > git ls-files --stage -- /home/bitnami/blogger/app_server/models/db.js [8ms]
2024-02-19 02:32:21.169 [info] > git show --textconv :blogger/nohup.out [12ms]
2024-02-19 02:32:21.175 [info] > git ls-files --stage -- /home/bitnami/blogger/nohup.out [12ms]
2024-02-19 02:32:21.182 [info] > git cat-file -s cc1b1bd9960e036ab0104e26a554cd616a48df2d [2ms]
2024-02-19 02:32:44.799 [info] > git show --textconv :blogger/app_server/models/db.js [8ms]
2024-02-19 02:32:44.804 [info] > git ls-files --stage -- /home/bitnami/blogger/app_server/models/db.js [6ms]
2024-02-19 02:33:05.515 [info] > git show --textconv :blogger/package.json [19ms]
2024-02-19 02:33:05.516 [info] > git ls-files --stage -- /home/bitnami/blogger/package.json [11ms]
2024-02-19 02:33:05.528 [info] > git cat-file -s 39e13d338ec0326246774d0a8fda0e0eac3f1c9b [5ms]
2024-02-19 02:33:12.513 [info] > git show --textconv :blogger/app_server/models/db.js [16ms]
2024-02-19 02:33:12.519 [info] > git ls-files --stage -- /home/bitnami/blogger/app_server/models/db.js [14ms]
2024-02-19 02:33:16.526 [info] > git show --textconv :blogger/package.json [10ms]
2024-02-19 02:33:16.532 [info] > git ls-files --stage -- /home/bitnami/blogger/package.json [7ms]
2024-02-19 02:33:16.540 [info] > git cat-file -s 39e13d338ec0326246774d0a8fda0e0eac3f1c9b [2ms]
2024-02-19 02:33:21.301 [info] > git show --textconv :blogger/package-lock.json [15ms]
2024-02-19 02:33:21.305 [info] > git ls-files --stage -- /home/bitnami/blogger/package-lock.json [9ms]
2024-02-19 02:33:21.313 [info] > git cat-file -s 8cb43d386a3e2acd282a11552874c5fe90b15d72 [2ms]
2024-02-19 02:33:45.876 [info] > git show --textconv :blogger/package.json [18ms]
2024-02-19 02:33:45.883 [info] > git ls-files --stage -- /home/bitnami/blogger/package.json [8ms]
2024-02-19 02:33:45.891 [info] > git cat-file -s 39e13d338ec0326246774d0a8fda0e0eac3f1c9b [1ms]
2024-02-19 02:33:47.593 [info] > git show --textconv :blogger/package-lock.json [17ms]
2024-02-19 02:33:47.597 [info] > git ls-files --stage -- /home/bitnami/blogger/package-lock.json [9ms]
2024-02-19 02:33:47.605 [info] > git cat-file -s 8cb43d386a3e2acd282a11552874c5fe90b15d72 [2ms]
2024-02-19 02:33:52.027 [info] > git show --textconv :blogger/package.json [12ms]
2024-02-19 02:33:52.032 [info] > git ls-files --stage -- /home/bitnami/blogger/package.json [8ms]
2024-02-19 02:33:52.040 [info] > git cat-file -s 39e13d338ec0326246774d0a8fda0e0eac3f1c9b [1ms]
2024-02-19 02:34:14.440 [info] > git show --textconv :blogger/app_server/models/db.js [13ms]
2024-02-19 02:34:14.450 [info] > git ls-files --stage -- /home/bitnami/blogger/app_server/models/db.js [11ms]
2024-02-19 02:34:25.030 [info] > git show --textconv :blogger/app.js [54ms]
2024-02-19 02:34:25.041 [info] > git ls-files --stage -- /home/bitnami/blogger/app.js [52ms]
2024-02-19 02:34:25.073 [info] > git cat-file -s 80a18f966634f43780156aacff2ab1681a24346c [16ms]
2024-02-19 02:35:43.595 [info] > git config --get commit.template [12ms]
2024-02-19 02:35:43.600 [info] > git for-each-ref --format=%(refname)%00%(upstream:short)%00%(objectname)%00%(upstream:track)%00%(upstream:remotename)%00%(upstream:remoteref) refs/heads/main refs/remotes/main [7ms]
2024-02-19 02:35:45.040 [info] > git status -z -uall [1431ms]
2024-02-19 02:35:50.074 [info] > git config --get commit.template [10ms]
2024-02-19 02:35:50.074 [info] > git for-each-ref --format=%(refname)%00%(upstream:short)%00%(objectname)%00%(upstream:track)%00%(upstream:remotename)%00%(upstream:remoteref) refs/heads/main refs/remotes/main [2ms]
2024-02-19 02:35:50.221 [info] > git status -z -uall [138ms]
2024-02-19 02:36:00.981 [info] > git config --get commit.template [2ms]
2024-02-19 02:36:00.989 [info] > git for-each-ref --format=%(refname)%00%(upstream:short)%00%(objectname)%00%(upstream:track)%00%(upstream:remotename)%00%(upstream:remoteref) refs/heads/main refs/remotes/main [1ms]
2024-02-19 02:36:01.130 [info] > git status -z -uall [135ms]
2024-02-19 02:36:01.218 [info] > git show --textconv :blogger/app_server/models/db.js [13ms]
2024-02-19 02:36:01.223 [info] > git ls-files --stage -- /home/bitnami/blogger/app_server/models/db.js [7ms]
2024-02-19 02:36:06.152 [info] > git config --get commit.template [6ms]
2024-02-19 02:36:06.152 [info] > git for-each-ref --format=%(refname)%00%(upstream:short)%00%(objectname)%00%(upstream:track)%00%(upstream:remotename)%00%(upstream:remoteref) refs/heads/main refs/remotes/main [1ms]
2024-02-19 02:36:06.531 [info] > git status -z -uall [372ms]
2024-02-19 02:36:11.547 [info] > git config --get commit.template [1ms]
2024-02-19 02:36:11.554 [info] > git for-each-ref --format=%(refname)%00%(upstream:short)%00%(objectname)%00%(upstream:track)%00%(upstream:remotename)%00%(upstream:remoteref) refs/heads/main refs/remotes/main [1ms]
2024-02-19 02:36:11.705 [info] > git status -z -uall [137ms]
2024-02-19 02:36:16.728 [info] > git config --get commit.template [9ms]
2024-02-19 02:36:16.729 [info] > git for-each-ref --format=%(refname)%00%(upstream:short)%00%(objectname)%00%(upstream:track)%00%(upstream:remotename)%00%(upstream:remoteref) refs/heads/main refs/remotes/main [2ms]
2024-02-19 02:36:16.881 [info] > git status -z -uall [145ms]
2024-02-19 02:36:21.894 [info] > git config --get commit.template [1ms]
2024-02-19 02:36:21.901 [info] > git for-each-ref --format=%(refname)%00%(upstream:short)%00%(objectname)%00%(upstream:track)%00%(upstream:remotename)%00%(upstream:remoteref) refs/heads/main refs/remotes/main [1ms]
2024-02-19 02:36:22.039 [info] > git status -z -uall [131ms]
2024-02-19 02:36:27.061 [info] > git config --get commit.template [7ms]
2024-02-19 02:36:27.061 [info] > git for-each-ref --format=%(refname)%00%(upstream:short)%00%(objectname)%00%(upstream:track)%00%(upstream:remotename)%00%(upstream:remoteref) refs/heads/main refs/remotes/main [1ms]
2024-02-19 02:36:27.204 [info] > git status -z -uall [134ms]
2024-02-19 02:36:30.094 [info] > git show --textconv :blogger/nohup.out [15ms]
2024-02-19 02:36:30.096 [info] > git ls-files --stage -- /home/bitnami/blogger/nohup.out [9ms]
2024-02-19 02:36:30.104 [info] > git cat-file -s cc1b1bd9960e036ab0104e26a554cd616a48df2d [1ms]
2024-02-19 02:36:32.226 [info] > git config --get commit.template [8ms]
2024-02-19 02:36:32.226 [info] > git for-each-ref --format=%(refname)%00%(upstream:short)%00%(objectname)%00%(upstream:track)%00%(upstream:remotename)%00%(upstream:remoteref) refs/heads/main refs/remotes/main [1ms]
2024-02-19 02:36:32.372 [info] > git status -z -uall [135ms]
2024-02-19 02:36:37.395 [info] > git config --get commit.template [7ms]
2024-02-19 02:36:37.396 [info] > git for-each-ref --format=%(refname)%00%(upstream:short)%00%(objectname)%00%(upstream:track)%00%(upstream:remotename)%00%(upstream:remoteref) refs/heads/main refs/remotes/main [2ms]
2024-02-19 02:36:37.544 [info] > git status -z -uall [141ms]
2024-02-19 02:36:42.569 [info] > git config --get commit.template [9ms]
2024-02-19 02:36:42.570 [info] > git for-each-ref --format=%(refname)%00%(upstream:short)%00%(objectname)%00%(upstream:track)%00%(upstream:remotename)%00%(upstream:remoteref) refs/heads/main refs/remotes/main [2ms]
2024-02-19 02:36:42.721 [info] > git status -z -uall [143ms]
2024-02-19 02:36:42.762 [info] > git show --textconv :blogger/app_server/models/db.js [11ms]
2024-02-19 02:36:42.769 [info] > git ls-files --stage -- /home/bitnami/blogger/app_server/models/db.js [8ms]
2024-02-19 02:36:47.676 [info] > git show --textconv :blogger/package.json [13ms]
2024-02-19 02:36:47.682 [info] > git ls-files --stage -- /home/bitnami/blogger/package.json [8ms]
2024-02-19 02:36:47.692 [info] > git cat-file -s 39e13d338ec0326246774d0a8fda0e0eac3f1c9b [1ms]
2024-02-19 02:36:47.747 [info] > git config --get commit.template [10ms]
2024-02-19 02:36:47.748 [info] > git for-each-ref --format=%(refname)%00%(upstream:short)%00%(objectname)%00%(upstream:track)%00%(upstream:remotename)%00%(upstream:remoteref) refs/heads/main refs/remotes/main [2ms]
2024-02-19 02:36:47.910 [info] > git status -z -uall [155ms]
2024-02-19 02:36:47.999 [info] > git check-ignore -v -z --stdin [15ms]
2024-02-19 02:36:52.941 [info] > git config --get commit.template [11ms]
2024-02-19 02:36:52.942 [info] > git for-each-ref --format=%(refname)%00%(upstream:short)%00%(objectname)%00%(upstream:track)%00%(upstream:remotename)%00%(upstream:remoteref) refs/heads/main refs/remotes/main [2ms]
2024-02-19 02:36:53.129 [info] > git status -z -uall [178ms]
2024-02-19 02:36:57.852 [info] > git show --textconv :blogger/app.js [10ms]
2024-02-19 02:36:57.860 [info] > git ls-files --stage -- /home/bitnami/blogger/app.js [8ms]
2024-02-19 02:36:57.877 [info] > git cat-file -s 80a18f966634f43780156aacff2ab1681a24346c [6ms]
2024-02-19 02:36:58.150 [info] > git config --get commit.template [7ms]
2024-02-19 02:36:58.151 [info] > git for-each-ref --format=%(refname)%00%(upstream:short)%00%(objectname)%00%(upstream:track)%00%(upstream:remotename)%00%(upstream:remoteref) refs/heads/main refs/remotes/main [2ms]
2024-02-19 02:36:58.291 [info] > git status -z -uall [133ms]
2024-02-19 02:37:03.314 [info] > git config --get commit.template [8ms]
2024-02-19 02:37:03.315 [info] > git for-each-ref --format=%(refname)%00%(upstream:short)%00%(objectname)%00%(upstream:track)%00%(upstream:remotename)%00%(upstream:remoteref) refs/heads/main refs/remotes/main [1ms]
2024-02-19 02:37:03.453 [info] > git status -z -uall [131ms]
2024-02-19 02:37:08.468 [info] > git config --get commit.template [2ms]
2024-02-19 02:37:08.476 [info] > git for-each-ref --format=%(refname)%00%(upstream:short)%00%(objectname)%00%(upstream:track)%00%(upstream:remotename)%00%(upstream:remoteref) refs/heads/main refs/remotes/main [2ms]
2024-02-19 02:37:08.629 [info] > git status -z -uall [145ms]
2024-02-19 02:37:13.663 [info] > git config --get commit.template [8ms]
2024-02-19 02:37:13.664 [info] > git for-each-ref --format=%(refname)%00%(upstream:short)%00%(objectname)%00%(upstream:track)%00%(upstream:remotename)%00%(upstream:remoteref) refs/heads/main refs/remotes/main [3ms]
2024-02-19 02:37:13.790 [info] > git status -z -uall [120ms]
2024-02-19 02:37:17.393 [info] > git show --textconv :blogger/nohup.out [13ms]
2024-02-19 02:37:17.402 [info] > git ls-files --stage -- /home/bitnami/blogger/nohup.out [13ms]
2024-02-19 02:37:17.417 [info] > git cat-file -s cc1b1bd9960e036ab0104e26a554cd616a48df2d [2ms]
2024-02-19 02:37:18.807 [info] > git config --get commit.template [3ms]
2024-02-19 02:37:18.816 [info] > git for-each-ref --format=%(refname)%00%(upstream:short)%00%(objectname)%00%(upstream:track)%00%(upstream:remotename)%00%(upstream:remoteref) refs/heads/main refs/remotes/main [2ms]
2024-02-19 02:37:18.954 [info] > git status -z -uall [130ms]
2024-02-19 02:37:23.989 [info] > git config --get commit.template [8ms]
2024-02-19 02:37:23.989 [info] > git for-each-ref --format=%(refname)%00%(upstream:short)%00%(objectname)%00%(upstream:track)%00%(upstream:remotename)%00%(upstream:remoteref) refs/heads/main refs/remotes/main [1ms]
2024-02-19 02:37:24.136 [info] > git status -z -uall [139ms]
2024-02-19 02:37:29.158 [info] > git config --get commit.template [7ms]
2024-02-19 02:37:29.159 [info] > git for-each-ref --format=%(refname)%00%(upstream:short)%00%(objectname)%00%(upstream:track)%00%(upstream:remotename)%00%(upstream:remoteref) refs/heads/main refs/remotes/main [2ms]
2024-02-19 02:37:29.303 [info] > git status -z -uall [137ms]
2024-02-19 02:37:34.328 [info] > git config --get commit.template [10ms]
2024-02-19 02:37:34.331 [info] > git for-each-ref --format=%(refname)%00%(upstream:short)%00%(objectname)%00%(upstream:track)%00%(upstream:remotename)%00%(upstream:remoteref) refs/heads/main refs/remotes/main [4ms]
2024-02-19 02:37:34.469 [info] > git status -z -uall [129ms]
2024-02-19 02:37:39.496 [info] > git config --get commit.template [11ms]
2024-02-19 02:37:39.496 [info] > git for-each-ref --format=%(refname)%00%(upstream:short)%00%(objectname)%00%(upstream:track)%00%(upstream:remotename)%00%(upstream:remoteref) refs/heads/main refs/remotes/main [1ms]
2024-02-19 02:37:39.639 [info] > git status -z -uall [137ms]
2024-02-19 02:37:44.665 [info] > git config --get commit.template [14ms]
2024-02-19 02:37:44.666 [info] > git for-each-ref --format=%(refname)%00%(upstream:short)%00%(objectname)%00%(upstream:track)%00%(upstream:remotename)%00%(upstream:remoteref) refs/heads/main refs/remotes/main [2ms]
2024-02-19 02:37:44.829 [info] > git status -z -uall [155ms]
2024-02-19 02:37:48.419 [info] > git show --textconv :blogger/app_server/models/db.js [10ms]
2024-02-19 02:37:48.424 [info] > git ls-files --stage -- /home/bitnami/blogger/app_server/models/db.js [6ms]
2024-02-19 02:37:49.852 [info] > git config --get commit.template [7ms]
2024-02-19 02:37:49.853 [info] > git for-each-ref --format=%(refname)%00%(upstream:short)%00%(objectname)%00%(upstream:track)%00%(upstream:remotename)%00%(upstream:remoteref) refs/heads/main refs/remotes/main [2ms]
2024-02-19 02:37:49.998 [info] > git status -z -uall [138ms]
2024-02-19 02:37:50.489 [info] > git show --textconv :blogger/app.js [11ms]
2024-02-19 02:37:50.495 [info] > git ls-files --stage -- /home/bitnami/blogger/app.js [7ms]
2024-02-19 02:37:50.503 [info] > git cat-file -s 80a18f966634f43780156aacff2ab1681a24346c [1ms]
2024-02-19 02:37:55.023 [info] > git config --get commit.template [9ms]
2024-02-19 02:37:55.024 [info] > git for-each-ref --format=%(refname)%00%(upstream:short)%00%(objectname)%00%(upstream:track)%00%(upstream:remotename)%00%(upstream:remoteref) refs/heads/main refs/remotes/main [3ms]
2024-02-19 02:37:55.175 [info] > git status -z -uall [143ms]
2024-02-19 02:38:00.190 [info] > git config --get commit.template [1ms]
2024-02-19 02:38:00.199 [info] > git for-each-ref --format=%(refname)%00%(upstream:short)%00%(objectname)%00%(upstream:track)%00%(upstream:remotename)%00%(upstream:remoteref) refs/heads/main refs/remotes/main [2ms]
2024-02-19 02:38:00.339 [info] > git status -z -uall [133ms]
2024-02-19 02:38:05.353 [info] > git config --get commit.template [1ms]
2024-02-19 02:38:05.366 [info] > git for-each-ref --format=%(refname)%00%(upstream:short)%00%(objectname)%00%(upstream:track)%00%(upstream:remotename)%00%(upstream:remoteref) refs/heads/main refs/remotes/main [2ms]
2024-02-19 02:38:05.502 [info] > git status -z -uall [128ms]
2024-02-19 02:38:08.418 [info] > git show --textconv :blogger/nohup.out [9ms]
2024-02-19 02:38:08.424 [info] > git ls-files --stage -- /home/bitnami/blogger/nohup.out [7ms]
2024-02-19 02:38:08.434 [info] > git cat-file -s cc1b1bd9960e036ab0104e26a554cd616a48df2d [1ms]
2024-02-19 02:38:10.523 [info] > git config --get commit.template [7ms]
2024-02-19 02:38:10.523 [info] > git for-each-ref --format=%(refname)%00%(upstream:short)%00%(objectname)%00%(upstream:track)%00%(upstream:remotename)%00%(upstream:remoteref) refs/heads/main refs/remotes/main [1ms]
2024-02-19 02:38:10.661 [info] > git status -z -uall [131ms]
2024-02-19 02:38:15.682 [info] > git config --get commit.template [8ms]
2024-02-19 02:38:15.683 [info] > git for-each-ref --format=%(refname)%00%(upstream:short)%00%(objectname)%00%(upstream:track)%00%(upstream:remotename)%00%(upstream:remoteref) refs/heads/main refs/remotes/main [2ms]
2024-02-19 02:38:15.845 [info] > git status -z -uall [156ms]
2024-02-19 02:38:20.862 [info] > git config --get commit.template [2ms]
2024-02-19 02:38:20.870 [info] > git for-each-ref --format=%(refname)%00%(upstream:short)%00%(objectname)%00%(upstream:track)%00%(upstream:remotename)%00%(upstream:remoteref) refs/heads/main refs/remotes/main [1ms]
2024-02-19 02:38:21.014 [info] > git status -z -uall [136ms]
2024-02-19 02:38:26.034 [info] > git config --get commit.template [8ms]
2024-02-19 02:38:26.035 [info] > git for-each-ref --format=%(refname)%00%(upstream:short)%00%(objectname)%00%(upstream:track)%00%(upstream:remotename)%00%(upstream:remoteref) refs/heads/main refs/remotes/main [2ms]
2024-02-19 02:38:26.165 [info] > git status -z -uall [124ms]
2024-02-19 02:38:31.179 [info] > git config --get commit.template [1ms]
2024-02-19 02:38:31.188 [info] > git for-each-ref --format=%(refname)%00%(upstream:short)%00%(objectname)%00%(upstream:track)%00%(upstream:remotename)%00%(upstream:remoteref) refs/heads/main refs/remotes/main [2ms]
2024-02-19 02:38:31.331 [info] > git status -z -uall [135ms]
2024-02-19 02:38:33.738 [info] > git show --textconv :blogger/app_server/models/db.js [15ms]
2024-02-19 02:38:33.744 [info] > git ls-files --stage -- /home/bitnami/blogger/app_server/models/db.js [8ms]
2024-02-19 02:38:36.344 [info] > git config --get commit.template [2ms]
2024-02-19 02:38:36.351 [info] > git for-each-ref --format=%(refname)%00%(upstream:short)%00%(objectname)%00%(upstream:track)%00%(upstream:remotename)%00%(upstream:remoteref) refs/heads/main refs/remotes/main [2ms]
2024-02-19 02:38:36.490 [info] > git status -z -uall [133ms]
2024-02-19 02:38:38.994 [info] > git show --textconv :blogger/app.js [16ms]
2024-02-19 02:38:39.002 [info] > git ls-files --stage -- /home/bitnami/blogger/app.js [9ms]
2024-02-19 02:38:39.011 [info] > git cat-file -s 80a18f966634f43780156aacff2ab1681a24346c [2ms]
2024-02-19 02:38:41.511 [info] > git config --get commit.template [7ms]
2024-02-19 02:38:41.512 [info] > git for-each-ref --format=%(refname)%00%(upstream:short)%00%(objectname)%00%(upstream:track)%00%(upstream:remotename)%00%(upstream:remoteref) refs/heads/main refs/remotes/main [1ms]
2024-02-19 02:38:41.643 [info] > git status -z -uall [125ms]
2024-02-19 02:38:47.700 [info] > git config --get commit.template [8ms]
2024-02-19 02:38:47.700 [info] > git for-each-ref --format=%(refname)%00%(upstream:short)%00%(objectname)%00%(upstream:track)%00%(upstream:remotename)%00%(upstream:remoteref) refs/heads/main refs/remotes/main [1ms]
2024-02-19 02:38:47.862 [info] > git status -z -uall [154ms]
2024-02-19 02:38:52.891 [info] > git config --get commit.template [15ms]
2024-02-19 02:38:52.892 [info] > git for-each-ref --format=%(refname)%00%(upstream:short)%00%(objectname)%00%(upstream:track)%00%(upstream:remotename)%00%(upstream:remoteref) refs/heads/main refs/remotes/main [5ms]
2024-02-19 02:38:53.039 [info] > git status -z -uall [135ms]
2024-02-19 02:38:56.330 [info] > git show --textconv :blogger/nohup.out [12ms]
2024-02-19 02:38:56.338 [info] > git ls-files --stage -- /home/bitnami/blogger/nohup.out [10ms]
2024-02-19 02:38:56.347 [info] > git cat-file -s cc1b1bd9960e036ab0104e26a554cd616a48df2d [2ms]
2024-02-19 02:38:58.059 [info] > git config --get commit.template [9ms]
2024-02-19 02:38:58.062 [info] > git for-each-ref --format=%(refname)%00%(upstream:short)%00%(objectname)%00%(upstream:track)%00%(upstream:remotename)%00%(upstream:remoteref) refs/heads/main refs/remotes/main [4ms]
2024-02-19 02:38:58.206 [info] > git status -z -uall [134ms]
2024-02-19 02:39:03.237 [info] > git config --get commit.template [14ms]
2024-02-19 02:39:03.239 [info] > git for-each-ref --format=%(refname)%00%(upstream:short)%00%(objectname)%00%(upstream:track)%00%(upstream:remotename)%00%(upstream:remoteref) refs/heads/main refs/remotes/main [2ms]
2024-02-19 02:39:03.387 [info] > git status -z -uall [141ms]
2024-02-19 02:39:08.410 [info] > git config --get commit.template [8ms]
2024-02-19 02:39:08.412 [info] > git for-each-ref --format=%(refname)%00%(upstream:short)%00%(objectname)%00%(upstream:track)%00%(upstream:remotename)%00%(upstream:remoteref) refs/heads/main refs/remotes/main [3ms]
2024-02-19 02:39:08.558 [info] > git status -z -uall [139ms]
2024-02-19 02:39:12.183 [info] > git show --textconv :blogger/app_server/models/db.js [11ms]
2024-02-19 02:39:12.188 [info] > git ls-files --stage -- /home/bitnami/blogger/app_server/models/db.js [6ms]
2024-02-19 02:39:13.580 [info] > git config --get commit.template [7ms]
2024-02-19 02:39:13.581 [info] > git for-each-ref --format=%(refname)%00%(upstream:short)%00%(objectname)%00%(upstream:track)%00%(upstream:remotename)%00%(upstream:remoteref) refs/heads/main refs/remotes/main [2ms]
2024-02-19 02:39:13.729 [info] > git status -z -uall [139ms]
2024-02-19 02:39:19.903 [info] > git config --get commit.template [2ms]
2024-02-19 02:39:19.913 [info] > git for-each-ref --format=%(refname)%00%(upstream:short)%00%(objectname)%00%(upstream:track)%00%(upstream:remotename)%00%(upstream:remoteref) refs/heads/main refs/remotes/main [1ms]
2024-02-19 02:39:20.089 [info] > git status -z -uall [167ms]
2024-02-19 02:39:20.089 [info] > git show --textconv :blogger/nohup.out [11ms]
2024-02-19 02:39:20.098 [info] > git ls-files --stage -- /home/bitnami/blogger/nohup.out [11ms]
2024-02-19 02:39:20.108 [info] > git cat-file -s cc1b1bd9960e036ab0104e26a554cd616a48df2d [3ms]
2024-02-19 02:39:22.075 [info] > git ls-files --stage -- /home/bitnami/blogger/node_modules/mongoose/lib/connection.js [66ms]
2024-02-19 02:39:22.094 [info] > git show --textconv :blogger/node_modules/mongoose/lib/connection.js [102ms]
2024-02-19 02:39:22.111 [info] > git cat-file -s 1eae83a037cb402de03b3cb70f8c01e713386df7 [19ms]
2024-02-19 02:39:22.114 [info] > git check-ignore -v -z --stdin [40ms]
2024-02-19 02:39:25.116 [info] > git config --get commit.template [13ms]
2024-02-19 02:39:25.126 [info] > git for-each-ref --format=%(refname)%00%(upstream:short)%00%(objectname)%00%(upstream:track)%00%(upstream:remotename)%00%(upstream:remoteref) refs/heads/main refs/remotes/main [2ms]
2024-02-19 02:39:25.274 [info] > git status -z -uall [141ms]
2024-02-19 02:39:25.481 [info] > git show --textconv :blogger/nohup.out [36ms]
2024-02-19 02:39:25.493 [info] > git ls-files --stage -- /home/bitnami/blogger/nohup.out [15ms]
2024-02-19 02:39:25.506 [info] > git cat-file -s cc1b1bd9960e036ab0104e26a554cd616a48df2d [4ms]
2024-02-19 02:39:30.292 [info] > git config --get commit.template [7ms]
2024-02-19 02:39:30.293 [info] > git for-each-ref --format=%(refname)%00%(upstream:short)%00%(objectname)%00%(upstream:track)%00%(upstream:remotename)%00%(upstream:remoteref) refs/heads/main refs/remotes/main [2ms]
2024-02-19 02:39:30.435 [info] > git status -z -uall [135ms]
2024-02-19 02:39:35.456 [info] > git config --get commit.template [8ms]
2024-02-19 02:39:35.457 [info] > git for-each-ref --format=%(refname)%00%(upstream:short)%00%(objectname)%00%(upstream:track)%00%(upstream:remotename)%00%(upstream:remoteref) refs/heads/main refs/remotes/main [2ms]
2024-02-19 02:39:35.595 [info] > git status -z -uall [130ms]
2024-02-19 02:39:40.624 [info] > git config --get commit.template [11ms]
2024-02-19 02:39:40.625 [info] > git for-each-ref --format=%(refname)%00%(upstream:short)%00%(objectname)%00%(upstream:track)%00%(upstream:remotename)%00%(upstream:remoteref) refs/heads/main refs/remotes/main [2ms]
2024-02-19 02:39:40.781 [info] > git status -z -uall [146ms]
2024-02-19 02:39:45.801 [info] > git config --get commit.template [7ms]
2024-02-19 02:39:45.802 [info] > git for-each-ref --format=%(refname)%00%(upstream:short)%00%(objectname)%00%(upstream:track)%00%(upstream:remotename)%00%(upstream:remoteref) refs/heads/main refs/remotes/main [2ms]
2024-02-19 02:39:45.939 [info] > git status -z -uall [131ms]
2024-02-19 02:39:50.966 [info] > git config --get commit.template [1ms]
2024-02-19 02:39:50.978 [info] > git for-each-ref --format=%(refname)%00%(upstream:short)%00%(objectname)%00%(upstream:track)%00%(upstream:remotename)%00%(upstream:remoteref) refs/heads/main refs/remotes/main [1ms]
2024-02-19 02:39:51.123 [info] > git status -z -uall [138ms]
2024-02-19 02:40:51.610 [info] > git config --get commit.template [9ms]
2024-02-19 02:40:51.611 [info] > git for-each-ref --format=%(refname)%00%(upstream:short)%00%(objectname)%00%(upstream:track)%00%(upstream:remotename)%00%(upstream:remoteref) refs/heads/main refs/remotes/main [2ms]
2024-02-19 02:40:51.750 [info] > git status -z -uall [132ms]
2024-02-19 02:40:51.899 [info] > git show --textconv :blogger/app_server/models/db.js [40ms]
2024-02-19 02:40:51.900 [info] > git ls-files --stage -- /home/bitnami/blogger/app_server/models/db.js [32ms]
2024-02-19 02:40:56.764 [info] > git config --get commit.template [1ms]
2024-02-19 02:40:56.772 [info] > git for-each-ref --format=%(refname)%00%(upstream:short)%00%(objectname)%00%(upstream:track)%00%(upstream:remotename)%00%(upstream:remoteref) refs/heads/main refs/remotes/main [2ms]
2024-02-19 02:40:56.921 [info] > git status -z -uall [143ms]
2024-02-19 02:41:01.953 [info] > git config --get commit.template [10ms]
2024-02-19 02:41:01.989 [info] > git for-each-ref --format=%(refname)%00%(upstream:short)%00%(objectname)%00%(upstream:track)%00%(upstream:remotename)%00%(upstream:remoteref) refs/heads/main refs/remotes/main [5ms]
2024-02-19 02:41:02.172 [info] > git status -z -uall [160ms]
2024-02-19 02:41:07.196 [info] > git config --get commit.template [7ms]
2024-02-19 02:41:07.196 [info] > git for-each-ref --format=%(refname)%00%(upstream:short)%00%(objectname)%00%(upstream:track)%00%(upstream:remotename)%00%(upstream:remoteref) refs/heads/main refs/remotes/main [2ms]
2024-02-19 02:41:07.354 [info] > git status -z -uall [151ms]
2024-02-19 02:41:12.374 [info] > git config --get commit.template [1ms]
2024-02-19 02:41:12.386 [info] > git for-each-ref --format=%(refname)%00%(upstream:short)%00%(objectname)%00%(upstream:track)%00%(upstream:remotename)%00%(upstream:remoteref) refs/heads/main refs/remotes/main [1ms]
2024-02-19 02:41:12.538 [info] > git status -z -uall [143ms]
2024-02-19 02:41:17.560 [info] > git config --get commit.template [8ms]
2024-02-19 02:41:17.561 [info] > git for-each-ref --format=%(refname)%00%(upstream:short)%00%(objectname)%00%(upstream:track)%00%(upstream:remotename)%00%(upstream:remoteref) refs/heads/main refs/remotes/main [2ms]
2024-02-19 02:41:17.705 [info] > git status -z -uall [136ms]
2024-02-19 02:41:22.722 [info] > git config --get commit.template [2ms]
2024-02-19 02:41:22.730 [info] > git for-each-ref --format=%(refname)%00%(upstream:short)%00%(objectname)%00%(upstream:track)%00%(upstream:remotename)%00%(upstream:remoteref) refs/heads/main refs/remotes/main [1ms]
2024-02-19 02:41:22.874 [info] > git status -z -uall [137ms]
2024-02-19 02:41:27.910 [info] > git config --get commit.template [17ms]
2024-02-19 02:41:27.913 [info] > git for-each-ref --format=%(refname)%00%(upstream:short)%00%(objectname)%00%(upstream:track)%00%(upstream:remotename)%00%(upstream:remoteref) refs/heads/main refs/remotes/main [3ms]
2024-02-19 02:41:28.088 [info] > git status -z -uall [164ms]
2024-02-19 02:41:33.110 [info] > git config --get commit.template [10ms]
2024-02-19 02:41:33.113 [info] > git for-each-ref --format=%(refname)%00%(upstream:short)%00%(objectname)%00%(upstream:track)%00%(upstream:remotename)%00%(upstream:remoteref) refs/heads/main refs/remotes/main [4ms]
2024-02-19 02:41:33.261 [info] > git status -z -uall [138ms]
2024-02-19 02:41:38.295 [info] > git config --get commit.template [15ms]
2024-02-19 02:41:38.298 [info] > git for-each-ref --format=%(refname)%00%(upstream:short)%00%(objectname)%00%(upstream:track)%00%(upstream:remotename)%00%(upstream:remoteref) refs/heads/main refs/remotes/main [5ms]
2024-02-19 02:41:38.467 [info] > git status -z -uall [141ms]
2024-02-19 02:41:39.545 [info] > git show --textconv :blogger/nohup.out [12ms]
2024-02-19 02:41:39.554 [info] > git ls-files --stage -- /home/bitnami/blogger/nohup.out [11ms]
2024-02-19 02:41:39.567 [info] > git cat-file -s cc1b1bd9960e036ab0104e26a554cd616a48df2d [1ms]
2024-02-19 02:41:43.487 [info] > git config --get commit.template [8ms]
2024-02-19 02:41:43.488 [info] > git for-each-ref --format=%(refname)%00%(upstream:short)%00%(objectname)%00%(upstream:track)%00%(upstream:remotename)%00%(upstream:remoteref) refs/heads/main refs/remotes/main [2ms]
2024-02-19 02:41:43.627 [info] > git status -z -uall [133ms]
2024-02-19 02:42:46.154 [info] > git config --get commit.template [10ms]
2024-02-19 02:42:46.155 [info] > git for-each-ref --format=%(refname)%00%(upstream:short)%00%(objectname)%00%(upstream:track)%00%(upstream:remotename)%00%(upstream:remoteref) refs/heads/main refs/remotes/main [2ms]
2024-02-19 02:42:46.318 [info] > git status -z -uall [155ms]
2024-02-19 02:42:51.340 [info] > git config --get commit.template [10ms]
2024-02-19 02:42:51.341 [info] > git for-each-ref --format=%(refname)%00%(upstream:short)%00%(objectname)%00%(upstream:track)%00%(upstream:remotename)%00%(upstream:remoteref) refs/heads/main refs/remotes/main [2ms]
2024-02-19 02:42:51.511 [info] > git status -z -uall [162ms]
2024-02-19 02:42:56.534 [info] > git config --get commit.template [9ms]
2024-02-19 02:42:56.535 [info] > git for-each-ref --format=%(refname)%00%(upstream:short)%00%(objectname)%00%(upstream:track)%00%(upstream:remotename)%00%(upstream:remoteref) refs/heads/main refs/remotes/main [2ms]
2024-02-19 02:42:56.717 [info] > git status -z -uall [174ms]
2024-02-19 02:43:01.759 [info] > git config --get commit.template [13ms]
2024-02-19 02:43:01.763 [info] > git for-each-ref --format=%(refname)%00%(upstream:short)%00%(objectname)%00%(upstream:track)%00%(upstream:remotename)%00%(upstream:remoteref) refs/heads/main refs/remotes/main [6ms]
2024-02-19 02:43:02.018 [info] > git status -z -uall [244ms]
2024-02-19 02:43:07.070 [info] > git config --get commit.template [7ms]
2024-02-19 02:43:07.070 [info] > git for-each-ref --format=%(refname)%00%(upstream:short)%00%(objectname)%00%(upstream:track)%00%(upstream:remotename)%00%(upstream:remoteref) refs/heads/main refs/remotes/main [1ms]
2024-02-19 02:43:07.225 [info] > git status -z -uall [148ms]
2024-02-19 02:43:12.255 [info] > git config --get commit.template [1ms]
2024-02-19 02:43:12.271 [info] > git for-each-ref --format=%(refname)%00%(upstream:short)%00%(objectname)%00%(upstream:track)%00%(upstream:remotename)%00%(upstream:remoteref) refs/heads/main refs/remotes/main [3ms]
2024-02-19 02:43:12.430 [info] > git status -z -uall [149ms]
2024-02-19 02:43:17.908 [info] > git config --get commit.template [2ms]
2024-02-19 02:43:17.916 [info] > git for-each-ref --format=%(refname)%00%(upstream:short)%00%(objectname)%00%(upstream:track)%00%(upstream:remotename)%00%(upstream:remoteref) refs/heads/main refs/remotes/main [1ms]
2024-02-19 02:43:18.064 [info] > git status -z -uall [141ms]
2024-02-19 02:43:23.101 [info] > git config --get commit.template [8ms]
2024-02-19 02:43:23.102 [info] > git for-each-ref --format=%(refname)%00%(upstream:short)%00%(objectname)%00%(upstream:track)%00%(upstream:remotename)%00%(upstream:remoteref) refs/heads/main refs/remotes/main [2ms]
2024-02-19 02:43:23.236 [info] > git status -z -uall [127ms]
2024-02-19 02:43:35.586 [info] > git config --get commit.template [16ms]
2024-02-19 02:43:35.587 [info] > git for-each-ref --format=%(refname)%00%(upstream:short)%00%(objectname)%00%(upstream:track)%00%(upstream:remotename)%00%(upstream:remoteref) refs/heads/main refs/remotes/main [2ms]
2024-02-19 02:43:35.749 [info] > git status -z -uall [154ms]
2024-02-19 02:43:40.790 [info] > git config --get commit.template [9ms]
2024-02-19 02:43:40.791 [info] > git for-each-ref --format=%(refname)%00%(upstream:short)%00%(objectname)%00%(upstream:track)%00%(upstream:remotename)%00%(upstream:remoteref) refs/heads/main refs/remotes/main [2ms]
2024-02-19 02:43:40.949 [info] > git status -z -uall [151ms]
2024-02-19 02:43:45.989 [info] > git config --get commit.template [8ms]
2024-02-19 02:43:45.989 [info] > git for-each-ref --format=%(refname)%00%(upstream:short)%00%(objectname)%00%(upstream:track)%00%(upstream:remotename)%00%(upstream:remoteref) refs/heads/main refs/remotes/main [1ms]
2024-02-19 02:43:46.118 [info] > git status -z -uall [122ms]
2024-02-19 02:43:51.155 [info] > git config --get commit.template [2ms]
2024-02-19 02:43:51.173 [info] > git for-each-ref --format=%(refname)%00%(upstream:short)%00%(objectname)%00%(upstream:track)%00%(upstream:remotename)%00%(upstream:remoteref) refs/heads/main refs/remotes/main [1ms]
2024-02-19 02:43:51.351 [info] > git status -z -uall [168ms]
2024-02-19 02:43:55.875 [info] > git show --textconv :blogger/app_server/models/db.js [17ms]
2024-02-19 02:43:55.882 [info] > git ls-files --stage -- /home/bitnami/blogger/app_server/models/db.js [7ms]
2024-02-19 02:43:56.388 [info] > git config --get commit.template [8ms]
2024-02-19 02:43:56.388 [info] > git for-each-ref --format=%(refname)%00%(upstream:short)%00%(objectname)%00%(upstream:track)%00%(upstream:remotename)%00%(upstream:remoteref) refs/heads/main refs/remotes/main [2ms]
2024-02-19 02:43:56.537 [info] > git status -z -uall [140ms]
2024-02-19 02:44:01.593 [info] > git config --get commit.template [19ms]
2024-02-19 02:44:01.593 [info] > git for-each-ref --format=%(refname)%00%(upstream:short)%00%(objectname)%00%(upstream:track)%00%(upstream:remotename)%00%(upstream:remoteref) refs/heads/main refs/remotes/main [2ms]
2024-02-19 02:44:01.841 [info] > git status -z -uall [238ms]
2024-02-19 02:44:06.922 [info] > git config --get commit.template [11ms]
2024-02-19 02:44:06.923 [info] > git for-each-ref --format=%(refname)%00%(upstream:short)%00%(objectname)%00%(upstream:track)%00%(upstream:remotename)%00%(upstream:remoteref) refs/heads/main refs/remotes/main [2ms]
2024-02-19 02:44:07.072 [info] > git status -z -uall [135ms]
2024-02-19 02:44:12.105 [info] > git config --get commit.template [1ms]
2024-02-19 02:44:12.114 [info] > git for-each-ref --format=%(refname)%00%(upstream:short)%00%(objectname)%00%(upstream:track)%00%(upstream:remotename)%00%(upstream:remoteref) refs/heads/main refs/remotes/main [3ms]
2024-02-19 02:44:12.301 [info] > git status -z -uall [179ms]
2024-02-19 02:44:17.332 [info] > git config --get commit.template [8ms]
2024-02-19 02:44:17.333 [info] > git for-each-ref --format=%(refname)%00%(upstream:short)%00%(objectname)%00%(upstream:track)%00%(upstream:remotename)%00%(upstream:remoteref) refs/heads/main refs/remotes/main [2ms]
2024-02-19 02:44:17.492 [info] > git status -z -uall [152ms]
2024-02-19 02:44:22.521 [info] > git config --get commit.template [1ms]
2024-02-19 02:44:22.533 [info] > git for-each-ref --format=%(refname)%00%(upstream:short)%00%(objectname)%00%(upstream:track)%00%(upstream:remotename)%00%(upstream:remoteref) refs/heads/main refs/remotes/main [2ms]
2024-02-19 02:44:22.682 [info] > git status -z -uall [140ms]
2024-02-19 02:44:27.722 [info] > git config --get commit.template [9ms]
2024-02-19 02:44:27.723 [info] > git for-each-ref --format=%(refname)%00%(upstream:short)%00%(objectname)%00%(upstream:track)%00%(upstream:remotename)%00%(upstream:remoteref) refs/heads/main refs/remotes/main [2ms]
2024-02-19 02:44:27.907 [info] > git status -z -uall [175ms]
2024-02-19 02:44:32.940 [info] > git config --get commit.template [8ms]
2024-02-19 02:44:32.941 [info] > git for-each-ref --format=%(refname)%00%(upstream:short)%00%(objectname)%00%(upstream:track)%00%(upstream:remotename)%00%(upstream:remoteref) refs/heads/main refs/remotes/main [2ms]
2024-02-19 02:44:33.102 [info] > git status -z -uall [152ms]
2024-02-19 02:44:38.136 [info] > git config --get commit.template [9ms]
2024-02-19 02:44:38.138 [info] > git for-each-ref --format=%(refname)%00%(upstream:short)%00%(objectname)%00%(upstream:track)%00%(upstream:remotename)%00%(upstream:remoteref) refs/heads/main refs/remotes/main [3ms]
2024-02-19 02:44:38.333 [info] > git status -z -uall [188ms]
2024-02-19 02:44:54.028 [info] > git config --get commit.template [7ms]
2024-02-19 02:44:54.029 [info] > git for-each-ref --format=%(refname)%00%(upstream:short)%00%(objectname)%00%(upstream:track)%00%(upstream:remotename)%00%(upstream:remoteref) refs/heads/main refs/remotes/main [1ms]
2024-02-19 02:44:54.181 [info] > git status -z -uall [145ms]
2024-02-19 02:44:59.229 [info] > git config --get commit.template [12ms]
2024-02-19 02:44:59.229 [info] > git for-each-ref --format=%(refname)%00%(upstream:short)%00%(objectname)%00%(upstream:track)%00%(upstream:remotename)%00%(upstream:remoteref) refs/heads/main refs/remotes/main [4ms]
2024-02-19 02:44:59.484 [info] > git status -z -uall [247ms]
2024-02-19 02:45:04.525 [info] > git config --get commit.template [11ms]
2024-02-19 02:45:04.527 [info] > git for-each-ref --format=%(refname)%00%(upstream:short)%00%(objectname)%00%(upstream:track)%00%(upstream:remotename)%00%(upstream:remoteref) refs/heads/main refs/remotes/main [2ms]
2024-02-19 02:45:04.670 [info] > git status -z -uall [134ms]
2024-02-19 02:45:09.712 [info] > git config --get commit.template [8ms]
2024-02-19 02:45:09.713 [info] > git for-each-ref --format=%(refname)%00%(upstream:short)%00%(objectname)%00%(upstream:track)%00%(upstream:remotename)%00%(upstream:remoteref) refs/heads/main refs/remotes/main [2ms]
2024-02-19 02:45:09.845 [info] > git status -z -uall [125ms]
2024-02-19 02:45:14.878 [info] > git config --get commit.template [9ms]
2024-02-19 02:45:14.879 [info] > git for-each-ref --format=%(refname)%00%(upstream:short)%00%(objectname)%00%(upstream:track)%00%(upstream:remotename)%00%(upstream:remoteref) refs/heads/main refs/remotes/main [2ms]
2024-02-19 02:45:15.041 [info] > git status -z -uall [151ms]
2024-02-19 02:45:20.073 [info] > git config --get commit.template [8ms]
2024-02-19 02:45:20.074 [info] > git for-each-ref --format=%(refname)%00%(upstream:short)%00%(objectname)%00%(upstream:track)%00%(upstream:remotename)%00%(upstream:remoteref) refs/heads/main refs/remotes/main [2ms]
2024-02-19 02:45:20.230 [info] > git status -z -uall [149ms]
2024-02-19 02:45:25.282 [info] > git config --get commit.template [15ms]
2024-02-19 02:45:25.285 [info] > git for-each-ref --format=%(refname)%00%(upstream:short)%00%(objectname)%00%(upstream:track)%00%(upstream:remotename)%00%(upstream:remoteref) refs/heads/main refs/remotes/main [4ms]
2024-02-19 02:45:25.515 [info] > git status -z -uall [219ms]
2024-02-19 02:45:32.156 [info] > git config --get commit.template [8ms]
2024-02-19 02:45:32.157 [info] > git for-each-ref --format=%(refname)%00%(upstream:short)%00%(objectname)%00%(upstream:track)%00%(upstream:remotename)%00%(upstream:remoteref) refs/heads/main refs/remotes/main [2ms]
2024-02-19 02:45:32.301 [info] > git status -z -uall [137ms]
2024-02-19 02:45:37.340 [info] > git config --get commit.template [1ms]
2024-02-19 02:45:37.348 [info] > git for-each-ref --format=%(refname)%00%(upstream:short)%00%(objectname)%00%(upstream:track)%00%(upstream:remotename)%00%(upstream:remoteref) refs/heads/main refs/remotes/main [2ms]
2024-02-19 02:45:37.484 [info] > git status -z -uall [130ms]
2024-02-19 02:45:42.527 [info] > git config --get commit.template [9ms]
2024-02-19 02:45:42.527 [info] > git for-each-ref --format=%(refname)%00%(upstream:short)%00%(objectname)%00%(upstream:track)%00%(upstream:remotename)%00%(upstream:remoteref) refs/heads/main refs/remotes/main [1ms]
2024-02-19 02:45:42.686 [info] > git status -z -uall [152ms]
2024-02-19 02:45:47.731 [info] > git config --get commit.template [11ms]
2024-02-19 02:45:47.731 [info] > git for-each-ref --format=%(refname)%00%(upstream:short)%00%(objectname)%00%(upstream:track)%00%(upstream:remotename)%00%(upstream:remoteref) refs/heads/main refs/remotes/main [1ms]
2024-02-19 02:45:47.884 [info] > git status -z -uall [145ms]
2024-02-19 02:45:57.727 [info] > git show --textconv :blogger/nohup.out [19ms]
2024-02-19 02:45:57.728 [info] > git ls-files --stage -- /home/bitnami/blogger/nohup.out [10ms]
2024-02-19 02:45:57.739 [info] > git cat-file -s cc1b1bd9960e036ab0104e26a554cd616a48df2d [3ms]
2024-02-19 02:46:00.304 [info] > git config --get commit.template [9ms]
2024-02-19 02:46:00.305 [info] > git for-each-ref --format=%(refname)%00%(upstream:short)%00%(objectname)%00%(upstream:track)%00%(upstream:remotename)%00%(upstream:remoteref) refs/heads/main refs/remotes/main [2ms]
2024-02-19 02:46:00.482 [info] > git status -z -uall [166ms]
2024-02-19 02:46:05.535 [info] > git config --get commit.template [2ms]
2024-02-19 02:46:05.543 [info] > git for-each-ref --format=%(refname)%00%(upstream:short)%00%(objectname)%00%(upstream:track)%00%(upstream:remotename)%00%(upstream:remoteref) refs/heads/main refs/remotes/main [1ms]
2024-02-19 02:46:05.701 [info] > git status -z -uall [150ms]
2024-02-19 02:46:10.755 [info] > git config --get commit.template [9ms]
2024-02-19 02:46:10.756 [info] > git for-each-ref --format=%(refname)%00%(upstream:short)%00%(objectname)%00%(upstream:track)%00%(upstream:remotename)%00%(upstream:remoteref) refs/heads/main refs/remotes/main [2ms]
2024-02-19 02:46:10.909 [info] > git status -z -uall [145ms]
2024-02-19 02:46:15.959 [info] > git config --get commit.template [8ms]
2024-02-19 02:46:15.960 [info] > git for-each-ref --format=%(refname)%00%(upstream:short)%00%(objectname)%00%(upstream:track)%00%(upstream:remotename)%00%(upstream:remoteref) refs/heads/main refs/remotes/main [1ms]
2024-02-19 02:46:16.107 [info] > git status -z -uall [140ms]
2024-02-19 02:46:27.945 [info] > git config --get commit.template [2ms]
2024-02-19 02:46:27.959 [info] > git for-each-ref --format=%(refname)%00%(upstream:short)%00%(objectname)%00%(upstream:track)%00%(upstream:remotename)%00%(upstream:remoteref) refs/heads/main refs/remotes/main [2ms]
2024-02-19 02:46:28.118 [info] > git status -z -uall [151ms]
2024-02-19 02:46:28.185 [info] > git show --textconv :blogger/app_server/models/db.js [18ms]
2024-02-19 02:46:28.192 [info] > git ls-files --stage -- /home/bitnami/blogger/app_server/models/db.js [11ms]
2024-02-19 02:46:33.175 [info] > git config --get commit.template [8ms]
2024-02-19 02:46:33.177 [info] > git for-each-ref --format=%(refname)%00%(upstream:short)%00%(objectname)%00%(upstream:track)%00%(upstream:remotename)%00%(upstream:remoteref) refs/heads/main refs/remotes/main [4ms]
2024-02-19 02:46:33.340 [info] > git status -z -uall [154ms]
2024-02-19 02:46:38.386 [info] > git config --get commit.template [8ms]
2024-02-19 02:46:38.386 [info] > git for-each-ref --format=%(refname)%00%(upstream:short)%00%(objectname)%00%(upstream:track)%00%(upstream:remotename)%00%(upstream:remoteref) refs/heads/main refs/remotes/main [2ms]
2024-02-19 02:46:38.550 [info] > git status -z -uall [156ms]
2024-02-19 02:46:48.309 [info] > git config --get commit.template [9ms]
2024-02-19 02:46:48.311 [info] > git for-each-ref --format=%(refname)%00%(upstream:short)%00%(objectname)%00%(upstream:track)%00%(upstream:remotename)%00%(upstream:remoteref) refs/heads/main refs/remotes/main [3ms]
2024-02-19 02:46:48.494 [info] > git status -z -uall [175ms]
2024-02-19 02:46:52.579 [info] > git show --textconv :blogger/app_server/models/blogs.js [14ms]
2024-02-19 02:46:52.582 [info] > git ls-files --stage -- /home/bitnami/blogger/app_server/models/blogs.js [7ms]
2024-02-19 02:46:53.545 [info] > git config --get commit.template [3ms]
2024-02-19 02:46:53.554 [info] > git for-each-ref --format=%(refname)%00%(upstream:short)%00%(objectname)%00%(upstream:track)%00%(upstream:remotename)%00%(upstream:remoteref) refs/heads/main refs/remotes/main [1ms]
2024-02-19 02:46:53.713 [info] > git status -z -uall [153ms]
2024-02-19 02:46:55.848 [info] > git show --textconv :blogger/app_server/models/db.js [13ms]
2024-02-19 02:46:55.854 [info] > git ls-files --stage -- /home/bitnami/blogger/app_server/models/db.js [8ms]
2024-02-19 02:46:56.987 [info] > git show --textconv :blogger/app_server/models/blogs.js [11ms]
2024-02-19 02:46:56.993 [info] > git ls-files --stage -- /home/bitnami/blogger/app_server/models/blogs.js [7ms]
2024-02-19 02:46:58.384 [info] > git show --textconv :blogger/app_server/models/db.js [12ms]
2024-02-19 02:46:58.389 [info] > git ls-files --stage -- /home/bitnami/blogger/app_server/models/db.js [7ms]
2024-02-19 02:47:00.343 [info] > git config --get commit.template [1ms]
2024-02-19 02:47:00.353 [info] > git for-each-ref --format=%(refname)%00%(upstream:short)%00%(objectname)%00%(upstream:track)%00%(upstream:remotename)%00%(upstream:remoteref) refs/heads/main refs/remotes/main [2ms]
2024-02-19 02:47:00.504 [info] > git status -z -uall [143ms]
2024-02-19 02:47:05.548 [info] > git config --get commit.template [9ms]
2024-02-19 02:47:05.548 [info] > git for-each-ref --format=%(refname)%00%(upstream:short)%00%(objectname)%00%(upstream:track)%00%(upstream:remotename)%00%(upstream:remoteref) refs/heads/main refs/remotes/main [1ms]
2024-02-19 02:47:05.713 [info] > git status -z -uall [157ms]
2024-02-19 02:47:10.770 [info] > git config --get commit.template [10ms]
2024-02-19 02:47:10.771 [info] > git for-each-ref --format=%(refname)%00%(upstream:short)%00%(objectname)%00%(upstream:track)%00%(upstream:remotename)%00%(upstream:remoteref) refs/heads/main refs/remotes/main [2ms]
2024-02-19 02:47:10.929 [info] > git status -z -uall [150ms]
2024-02-19 02:47:15.979 [info] > git config --get commit.template [9ms]
2024-02-19 02:47:15.980 [info] > git for-each-ref --format=%(refname)%00%(upstream:short)%00%(objectname)%00%(upstream:track)%00%(upstream:remotename)%00%(upstream:remoteref) refs/heads/main refs/remotes/main [1ms]
2024-02-19 02:47:16.156 [info] > git status -z -uall [166ms]
2024-02-19 02:47:21.234 [info] > git config --get commit.template [16ms]
2024-02-19 02:47:21.236 [info] > git for-each-ref --format=%(refname)%00%(upstream:short)%00%(objectname)%00%(upstream:track)%00%(upstream:remotename)%00%(upstream:remoteref) refs/heads/main refs/remotes/main [7ms]
2024-02-19 02:47:21.409 [info] > git status -z -uall [155ms]
2024-02-19 02:47:26.460 [info] > git config --get commit.template [8ms]
2024-02-19 02:47:26.460 [info] > git for-each-ref --format=%(refname)%00%(upstream:short)%00%(objectname)%00%(upstream:track)%00%(upstream:remotename)%00%(upstream:remoteref) refs/heads/main refs/remotes/main [1ms]
2024-02-19 02:47:26.622 [info] > git status -z -uall [152ms]
2024-02-19 02:47:28.794 [info] > git show --textconv :blogger/app.js [16ms]
2024-02-19 02:47:28.805 [info] > git ls-files --stage -- /home/bitnami/blogger/app.js [14ms]
2024-02-19 02:47:28.817 [info] > git cat-file -s 80a18f966634f43780156aacff2ab1681a24346c [2ms]
2024-02-19 02:47:31.680 [info] > git config --get commit.template [19ms]
2024-02-19 02:47:31.680 [info] > git for-each-ref --format=%(refname)%00%(upstream:short)%00%(objectname)%00%(upstream:track)%00%(upstream:remotename)%00%(upstream:remoteref) refs/heads/main refs/remotes/main [1ms]
2024-02-19 02:47:31.852 [info] > git status -z -uall [162ms]
2024-02-19 02:47:36.909 [info] > git config --get commit.template [15ms]
2024-02-19 02:47:36.909 [info] > git for-each-ref --format=%(refname)%00%(upstream:short)%00%(objectname)%00%(upstream:track)%00%(upstream:remotename)%00%(upstream:remoteref) refs/heads/main refs/remotes/main [2ms]
2024-02-19 02:47:37.072 [info] > git status -z -uall [155ms]
2024-02-19 02:47:51.114 [info] > git config --get commit.template [2ms]
2024-02-19 02:47:51.126 [info] > git for-each-ref --format=%(refname)%00%(upstream:short)%00%(objectname)%00%(upstream:track)%00%(upstream:remotename)%00%(upstream:remoteref) refs/heads/main refs/remotes/main [3ms]
2024-02-19 02:47:51.375 [info] > git show --textconv :blogger/app_server/models/db.js [38ms]
2024-02-19 02:47:51.401 [info] > git ls-files --stage -- /home/bitnami/blogger/app_server/models/db.js [30ms]
2024-02-19 02:47:51.451 [info] > git status -z -uall [317ms]
2024-02-19 02:48:05.422 [info] > git config --get commit.template [12ms]
2024-02-19 02:48:05.422 [info] > git for-each-ref --format=%(refname)%00%(upstream:short)%00%(objectname)%00%(upstream:track)%00%(upstream:remotename)%00%(upstream:remoteref) refs/heads/main refs/remotes/main [2ms]
2024-02-19 02:48:05.573 [info] > git status -z -uall [140ms]
2024-02-19 02:48:08.399 [info] > git show --textconv :blogger/app_server/models/blogs.js [45ms]
2024-02-19 02:48:08.420 [info] > git ls-files --stage -- /home/bitnami/blogger/app_server/models/blogs.js [43ms]
2024-02-19 02:48:10.626 [info] > git config --get commit.template [8ms]
2024-02-19 02:48:10.627 [info] > git for-each-ref --format=%(refname)%00%(upstream:short)%00%(objectname)%00%(upstream:track)%00%(upstream:remotename)%00%(upstream:remoteref) refs/heads/main refs/remotes/main [2ms]
2024-02-19 02:48:10.776 [info] > git status -z -uall [142ms]
2024-02-19 02:48:15.830 [info] > git config --get commit.template [14ms]
2024-02-19 02:48:15.833 [info] > git for-each-ref --format=%(refname)%00%(upstream:short)%00%(objectname)%00%(upstream:track)%00%(upstream:remotename)%00%(upstream:remoteref) refs/heads/main refs/remotes/main [3ms]
2024-02-19 02:48:16.005 [info] > git status -z -uall [153ms]
2024-02-19 02:48:17.922 [info] > git show --textconv :blogger/package.json [13ms]
2024-02-19 02:48:17.928 [info] > git ls-files --stage -- /home/bitnami/blogger/package.json [8ms]
2024-02-19 02:48:17.939 [info] > git cat-file -s 39e13d338ec0326246774d0a8fda0e0eac3f1c9b [2ms]
2024-02-19 02:48:21.054 [info] > git config --get commit.template [8ms]
2024-02-19 02:48:21.055 [info] > git for-each-ref --format=%(refname)%00%(upstream:short)%00%(objectname)%00%(upstream:track)%00%(upstream:remotename)%00%(upstream:remoteref) refs/heads/main refs/remotes/main [2ms]
2024-02-19 02:48:21.199 [info] > git status -z -uall [136ms]
2024-02-19 02:48:23.555 [info] > git show --textconv :blogger/app_server/models/blogs.js [11ms]
2024-02-19 02:48:23.561 [info] > git ls-files --stage -- /home/bitnami/blogger/app_server/models/blogs.js [6ms]
2024-02-19 02:48:23.810 [info] > git check-ignore -v -z --stdin [6ms]
2024-02-19 02:48:24.571 [info] > git show --textconv :blogger/nohup.out [14ms]
2024-02-19 02:48:24.577 [info] > git ls-files --stage -- /home/bitnami/blogger/nohup.out [7ms]
2024-02-19 02:48:24.588 [info] > git cat-file -s cc1b1bd9960e036ab0104e26a554cd616a48df2d [2ms]
2024-02-19 02:48:26.242 [info] > git config --get commit.template [9ms]
2024-02-19 02:48:26.243 [info] > git for-each-ref --format=%(refname)%00%(upstream:short)%00%(objectname)%00%(upstream:track)%00%(upstream:remotename)%00%(upstream:remoteref) refs/heads/main refs/remotes/main [2ms]
2024-02-19 02:48:26.398 [info] > git status -z -uall [147ms]
2024-02-19 02:49:32.565 [info] > git config --get commit.template [7ms]
2024-02-19 02:49:32.566 [info] > git for-each-ref --format=%(refname)%00%(upstream:short)%00%(objectname)%00%(upstream:track)%00%(upstream:remotename)%00%(upstream:remoteref) refs/heads/main refs/remotes/main [2ms]
2024-02-19 02:49:32.706 [info] > git status -z -uall [134ms]
2024-02-19 02:49:37.761 [info] > git config --get commit.template [9ms]
2024-02-19 02:49:37.762 [info] > git for-each-ref --format=%(refname)%00%(upstream:short)%00%(objectname)%00%(upstream:track)%00%(upstream:remotename)%00%(upstream:remoteref) refs/heads/main refs/remotes/main [2ms]
2024-02-19 02:49:37.925 [info] > git status -z -uall [154ms]
2024-02-19 02:49:42.963 [info] > git config --get commit.template [1ms]
2024-02-19 02:49:42.972 [info] > git for-each-ref --format=%(refname)%00%(upstream:short)%00%(objectname)%00%(upstream:track)%00%(upstream:remotename)%00%(upstream:remoteref) refs/heads/main refs/remotes/main [1ms]
2024-02-19 02:49:43.145 [info] > git status -z -uall [165ms]
2024-02-19 02:49:48.223 [info] > git config --get commit.template [31ms]
2024-02-19 02:49:48.226 [info] > git for-each-ref --format=%(refname)%00%(upstream:short)%00%(objectname)%00%(upstream:track)%00%(upstream:remotename)%00%(upstream:remoteref) refs/heads/main refs/remotes/main [4ms]
2024-02-19 02:49:48.380 [info] > git status -z -uall [145ms]
2024-02-19 02:49:53.448 [info] > git config --get commit.template [26ms]
2024-02-19 02:49:53.450 [info] > git for-each-ref --format=%(refname)%00%(upstream:short)%00%(objectname)%00%(upstream:track)%00%(upstream:remotename)%00%(upstream:remoteref) refs/heads/main refs/remotes/main [4ms]
2024-02-19 02:49:53.653 [info] > git status -z -uall [176ms]
2024-02-19 02:49:58.696 [info] > git config --get commit.template [2ms]
2024-02-19 02:49:58.705 [info] > git for-each-ref --format=%(refname)%00%(upstream:short)%00%(objectname)%00%(upstream:track)%00%(upstream:remotename)%00%(upstream:remoteref) refs/heads/main refs/remotes/main [2ms]
2024-02-19 02:49:58.862 [info] > git status -z -uall [149ms]
2024-02-19 02:50:04.797 [info] > git config --get commit.template [8ms]
2024-02-19 02:50:04.799 [info] > git for-each-ref --format=%(refname)%00%(upstream:short)%00%(objectname)%00%(upstream:track)%00%(upstream:remotename)%00%(upstream:remoteref) refs/heads/main refs/remotes/main [3ms]
2024-02-19 02:50:04.957 [info] > git status -z -uall [150ms]
2024-02-19 02:50:10.016 [info] > git config --get commit.template [16ms]
2024-02-19 02:50:10.018 [info] > git for-each-ref --format=%(refname)%00%(upstream:short)%00%(objectname)%00%(upstream:track)%00%(upstream:remotename)%00%(upstream:remoteref) refs/heads/main refs/remotes/main [4ms]
2024-02-19 02:50:10.187 [info] > git status -z -uall [155ms]
2024-02-19 02:50:15.234 [info] > git config --get commit.template [1ms]
2024-02-19 02:50:15.243 [info] > git for-each-ref --format=%(refname)%00%(upstream:short)%00%(objectname)%00%(upstream:track)%00%(upstream:remotename)%00%(upstream:remoteref) refs/heads/main refs/remotes/main [2ms]
2024-02-19 02:50:15.402 [info] > git status -z -uall [152ms]
2024-02-19 02:50:20.448 [info] > git config --get commit.template [6ms]
2024-02-19 02:50:20.464 [info] > git for-each-ref --format=%(refname)%00%(upstream:short)%00%(objectname)%00%(upstream:track)%00%(upstream:remotename)%00%(upstream:remoteref) refs/heads/main refs/remotes/main [2ms]
2024-02-19 02:50:20.656 [info] > git status -z -uall [183ms]
2024-02-19 02:50:25.712 [info] > git config --get commit.template [10ms]
2024-02-19 02:50:25.712 [info] > git for-each-ref --format=%(refname)%00%(upstream:short)%00%(objectname)%00%(upstream:track)%00%(upstream:remotename)%00%(upstream:remoteref) refs/heads/main refs/remotes/main [2ms]
2024-02-19 02:50:25.880 [info] > git status -z -uall [158ms]
2024-02-19 02:50:30.926 [info] > git config --get commit.template [8ms]
2024-02-19 02:50:30.927 [info] > git for-each-ref --format=%(refname)%00%(upstream:short)%00%(objectname)%00%(upstream:track)%00%(upstream:remotename)%00%(upstream:remoteref) refs/heads/main refs/remotes/main [2ms]
2024-02-19 02:50:31.086 [info] > git status -z -uall [150ms]
2024-02-19 02:50:36.138 [info] > git config --get commit.template [1ms]
2024-02-19 02:50:36.146 [info] > git for-each-ref --format=%(refname)%00%(upstream:short)%00%(objectname)%00%(upstream:track)%00%(upstream:remotename)%00%(upstream:remoteref) refs/heads/main refs/remotes/main [1ms]
2024-02-19 02:50:36.311 [info] > git status -z -uall [157ms]
2024-02-19 02:50:43.999 [info] > git config --get commit.template [8ms]
2024-02-19 02:50:44.000 [info] > git for-each-ref --format=%(refname)%00%(upstream:short)%00%(objectname)%00%(upstream:track)%00%(upstream:remotename)%00%(upstream:remoteref) refs/heads/main refs/remotes/main [2ms]
2024-02-19 02:50:44.186 [info] > git status -z -uall [173ms]
2024-02-19 02:50:44.222 [info] > git show --textconv :blogger/app_server/models/blogs.js [68ms]
2024-02-19 02:50:44.223 [info] > git ls-files --stage -- /home/bitnami/blogger/app_server/models/blogs.js [45ms]
2024-02-19 02:50:45.318 [info] > git show --textconv :blogger/app_server/models/db.js [11ms]
2024-02-19 02:50:45.323 [info] > git ls-files --stage -- /home/bitnami/blogger/app_server/models/db.js [6ms]
2024-02-19 02:50:49.241 [info] > git config --get commit.template [9ms]
2024-02-19 02:50:49.242 [info] > git for-each-ref --format=%(refname)%00%(upstream:short)%00%(objectname)%00%(upstream:track)%00%(upstream:remotename)%00%(upstream:remoteref) refs/heads/main refs/remotes/main [2ms]
2024-02-19 02:50:49.390 [info] > git status -z -uall [140ms]
2024-02-19 02:50:54.437 [info] > git config --get commit.template [10ms]
2024-02-19 02:50:54.438 [info] > git for-each-ref --format=%(refname)%00%(upstream:short)%00%(objectname)%00%(upstream:track)%00%(upstream:remotename)%00%(upstream:remoteref) refs/heads/main refs/remotes/main [2ms]
2024-02-19 02:50:54.634 [info] > git status -z -uall [188ms]
2024-02-19 02:50:59.683 [info] > git config --get commit.template [10ms]
2024-02-19 02:50:59.684 [info] > git for-each-ref --format=%(refname)%00%(upstream:short)%00%(objectname)%00%(upstream:track)%00%(upstream:remotename)%00%(upstream:remoteref) refs/heads/main refs/remotes/main [2ms]
2024-02-19 02:50:59.836 [info] > git status -z -uall [143ms]
2024-02-19 02:51:05.391 [info] > git config --get commit.template [10ms]
2024-02-19 02:51:05.392 [info] > git for-each-ref --format=%(refname)%00%(upstream:short)%00%(objectname)%00%(upstream:track)%00%(upstream:remotename)%00%(upstream:remoteref) refs/heads/main refs/remotes/main [2ms]
2024-02-19 02:51:05.557 [info] > git status -z -uall [155ms]
2024-02-19 02:51:10.608 [info] > git config --get commit.template [9ms]
2024-02-19 02:51:10.609 [info] > git for-each-ref --format=%(refname)%00%(upstream:short)%00%(objectname)%00%(upstream:track)%00%(upstream:remotename)%00%(upstream:remoteref) refs/heads/main refs/remotes/main [2ms]
2024-02-19 02:51:10.773 [info] > git status -z -uall [156ms]
2024-02-19 02:51:43.537 [info] > git config --get commit.template [8ms]
2024-02-19 02:51:43.537 [info] > git for-each-ref --format=%(refname)%00%(upstream:short)%00%(objectname)%00%(upstream:track)%00%(upstream:remotename)%00%(upstream:remoteref) refs/heads/main refs/remotes/main [1ms]
2024-02-19 02:51:43.698 [info] > git status -z -uall [154ms]
2024-02-19 02:52:01.197 [info] > git config --get commit.template [9ms]
2024-02-19 02:52:01.198 [info] > git for-each-ref --format=%(refname)%00%(upstream:short)%00%(objectname)%00%(upstream:track)%00%(upstream:remotename)%00%(upstream:remoteref) refs/heads/main refs/remotes/main [2ms]
2024-02-19 02:52:01.386 [info] > git status -z -uall [178ms]
2024-02-19 02:52:20.725 [info] > git config --get commit.template [15ms]
2024-02-19 02:52:20.726 [info] > git for-each-ref --format=%(refname)%00%(upstream:short)%00%(objectname)%00%(upstream:track)%00%(upstream:remotename)%00%(upstream:remoteref) refs/heads/main refs/remotes/main [3ms]
2024-02-19 02:52:20.876 [info] > git status -z -uall [139ms]
2024-02-19 02:52:25.929 [info] > git config --get commit.template [10ms]
2024-02-19 02:52:25.930 [info] > git for-each-ref --format=%(refname)%00%(upstream:short)%00%(objectname)%00%(upstream:track)%00%(upstream:remotename)%00%(upstream:remoteref) refs/heads/main refs/remotes/main [2ms]
2024-02-19 02:52:26.102 [info] > git status -z -uall [163ms]
2024-02-19 02:52:31.148 [info] > git config --get commit.template [8ms]
2024-02-19 02:52:31.149 [info] > git for-each-ref --format=%(refname)%00%(upstream:short)%00%(objectname)%00%(upstream:track)%00%(upstream:remotename)%00%(upstream:remoteref) refs/heads/main refs/remotes/main [2ms]
2024-02-19 02:52:31.317 [info] > git status -z -uall [162ms]
2024-02-19 02:52:36.373 [info] > git config --get commit.template [14ms]
2024-02-19 02:52:36.374 [info] > git for-each-ref --format=%(refname)%00%(upstream:short)%00%(objectname)%00%(upstream:track)%00%(upstream:remotename)%00%(upstream:remoteref) refs/heads/main refs/remotes/main [2ms]
2024-02-19 02:52:36.537 [info] > git status -z -uall [144ms]
2024-02-19 02:52:37.221 [info] > git show --textconv :blogger/app.js [11ms]
2024-02-19 02:52:37.229 [info] > git ls-files --stage -- /home/bitnami/blogger/app.js [9ms]
2024-02-19 02:52:37.240 [info] > git cat-file -s 80a18f966634f43780156aacff2ab1681a24346c [1ms]
2024-02-19 02:52:41.581 [info] > git config --get commit.template [7ms]
2024-02-19 02:52:41.582 [info] > git for-each-ref --format=%(refname)%00%(upstream:short)%00%(objectname)%00%(upstream:track)%00%(upstream:remotename)%00%(upstream:remoteref) refs/heads/main refs/remotes/main [2ms]
2024-02-19 02:52:41.726 [info] > git status -z -uall [136ms]
2024-02-19 02:52:46.762 [info] > git config --get commit.template [1ms]
2024-02-19 02:52:46.774 [info] > git for-each-ref --format=%(refname)%00%(upstream:short)%00%(objectname)%00%(upstream:track)%00%(upstream:remotename)%00%(upstream:remoteref) refs/heads/main refs/remotes/main [4ms]
2024-02-19 02:52:46.934 [info] > git status -z -uall [153ms]
2024-02-19 02:53:12.555 [info] > git config --get commit.template [9ms]
2024-02-19 02:53:12.593 [info] > git for-each-ref --format=%(refname)%00%(upstream:short)%00%(objectname)%00%(upstream:track)%00%(upstream:remotename)%00%(upstream:remoteref) refs/heads/main refs/remotes/main [2ms]
2024-02-19 02:53:12.830 [info] > git status -z -uall [228ms]
2024-02-19 02:53:12.928 [info] > git ls-files --stage -- /home/bitnami/blogger/package-lock.json [11ms]
2024-02-19 02:53:13.130 [info] > git show --textconv :blogger/package-lock.json [223ms]
2024-02-19 02:53:13.133 [info] > git cat-file -s 8cb43d386a3e2acd282a11552874c5fe90b15d72 [191ms]
2024-02-19 02:53:16.084 [info] > git show --textconv :blogger/package.json [32ms]
2024-02-19 02:53:16.106 [info] > git ls-files --stage -- /home/bitnami/blogger/package.json [26ms]
2024-02-19 02:53:16.120 [info] > git cat-file -s 39e13d338ec0326246774d0a8fda0e0eac3f1c9b [2ms]
2024-02-19 02:53:17.882 [info] > git config --get commit.template [9ms]
2024-02-19 02:53:17.882 [info] > git for-each-ref --format=%(refname)%00%(upstream:short)%00%(objectname)%00%(upstream:track)%00%(upstream:remotename)%00%(upstream:remoteref) refs/heads/main refs/remotes/main [2ms]
2024-02-19 02:53:18.045 [info] > git status -z -uall [155ms]
2024-02-19 02:53:36.856 [info] > git for-each-ref --format=%(refname)%00%(upstream:short)%00%(objectname)%00%(upstream:track)%00%(upstream:remotename)%00%(upstream:remoteref) refs/heads/main refs/remotes/main [6ms]
2024-02-19 02:53:36.856 [info] > git config --get commit.template [18ms]
2024-02-19 02:53:37.016 [info] > git status -z -uall [150ms]
2024-02-19 02:53:37.379 [info] > git show --textconv :blogger/app.js [21ms]
2024-02-19 02:53:37.407 [info] > git ls-files --stage -- /home/bitnami/blogger/app.js [37ms]
2024-02-19 02:53:37.435 [info] > git cat-file -s 80a18f966634f43780156aacff2ab1681a24346c [17ms]
2024-02-19 02:53:37.936 [info] > git show --textconv :blogger/app_server/models/db.js [12ms]
2024-02-19 02:53:37.942 [info] > git ls-files --stage -- /home/bitnami/blogger/app_server/models/db.js [8ms]
2024-02-19 02:53:42.071 [info] > git config --get commit.template [1ms]
2024-02-19 02:53:42.081 [info] > git for-each-ref --format=%(refname)%00%(upstream:short)%00%(objectname)%00%(upstream:track)%00%(upstream:remotename)%00%(upstream:remoteref) refs/heads/main refs/remotes/main [2ms]
2024-02-19 02:53:42.256 [info] > git status -z -uall [157ms]
2024-02-19 02:53:50.809 [info] > git config --get commit.template [8ms]
2024-02-19 02:53:50.810 [info] > git for-each-ref --format=%(refname)%00%(upstream:short)%00%(objectname)%00%(upstream:track)%00%(upstream:remotename)%00%(upstream:remoteref) refs/heads/main refs/remotes/main [2ms]
2024-02-19 02:53:50.962 [info] > git status -z -uall [145ms]
2024-02-19 02:53:56.029 [info] > git config --get commit.template [12ms]
2024-02-19 02:53:56.030 [info] > git for-each-ref --format=%(refname)%00%(upstream:short)%00%(objectname)%00%(upstream:track)%00%(upstream:remotename)%00%(upstream:remoteref) refs/heads/main refs/remotes/main [2ms]
2024-02-19 02:53:56.197 [info] > git status -z -uall [151ms]
2024-02-19 02:54:01.246 [info] > git config --get commit.template [13ms]
2024-02-19 02:54:01.250 [info] > git for-each-ref --format=%(refname)%00%(upstream:short)%00%(objectname)%00%(upstream:track)%00%(upstream:remotename)%00%(upstream:remoteref) refs/heads/main refs/remotes/main [5ms]
2024-02-19 02:54:01.501 [info] > git status -z -uall [241ms]
2024-02-19 02:54:06.590 [info] > git config --get commit.template [1ms]
2024-02-19 02:54:06.600 [info] > git for-each-ref --format=%(refname)%00%(upstream:short)%00%(objectname)%00%(upstream:track)%00%(upstream:remotename)%00%(upstream:remoteref) refs/heads/main refs/remotes/main [2ms]
2024-02-19 02:54:06.761 [info] > git status -z -uall [145ms]
2024-02-19 02:54:11.813 [info] > git config --get commit.template [15ms]
2024-02-19 02:54:11.816 [info] > git for-each-ref --format=%(refname)%00%(upstream:short)%00%(objectname)%00%(upstream:track)%00%(upstream:remotename)%00%(upstream:remoteref) refs/heads/main refs/remotes/main [4ms]
2024-02-19 02:54:11.975 [info] > git status -z -uall [150ms]
2024-02-19 02:54:16.009 [info] > git show --textconv :blogger/nohup.out [16ms]
2024-02-19 02:54:16.018 [info] > git ls-files --stage -- /home/bitnami/blogger/nohup.out [12ms]
2024-02-19 02:54:16.032 [info] > git cat-file -s cc1b1bd9960e036ab0104e26a554cd616a48df2d [2ms]
2024-02-19 02:54:17.019 [info] > git config --get commit.template [10ms]
2024-02-19 02:54:17.020 [info] > git for-each-ref --format=%(refname)%00%(upstream:short)%00%(objectname)%00%(upstream:track)%00%(upstream:remotename)%00%(upstream:remoteref) refs/heads/main refs/remotes/main [2ms]
2024-02-19 02:54:17.173 [info] > git status -z -uall [144ms]
2024-02-19 02:54:22.209 [info] > git config --get commit.template [1ms]
2024-02-19 02:54:22.218 [info] > git for-each-ref --format=%(refname)%00%(upstream:short)%00%(objectname)%00%(upstream:track)%00%(upstream:remotename)%00%(upstream:remoteref) refs/heads/main refs/remotes/main [1ms]
2024-02-19 02:54:22.376 [info] > git status -z -uall [150ms]
2024-02-19 02:54:49.612 [info] > git config --get commit.template [8ms]
2024-02-19 02:54:49.612 [info] > git for-each-ref --format=%(refname)%00%(upstream:short)%00%(objectname)%00%(upstream:track)%00%(upstream:remotename)%00%(upstream:remoteref) refs/heads/main refs/remotes/main [2ms]
2024-02-19 02:54:49.765 [info] > git status -z -uall [145ms]
2024-02-19 02:55:39.225 [info] > git config --get commit.template [8ms]
2024-02-19 02:55:39.225 [info] > git for-each-ref --format=%(refname)%00%(upstream:short)%00%(objectname)%00%(upstream:track)%00%(upstream:remotename)%00%(upstream:remoteref) refs/heads/main refs/remotes/main [1ms]
2024-02-19 02:55:39.380 [info] > git status -z -uall [148ms]
2024-02-19 02:55:44.443 [info] > git config --get commit.template [8ms]
2024-02-19 02:55:44.444 [info] > git for-each-ref --format=%(refname)%00%(upstream:short)%00%(objectname)%00%(upstream:track)%00%(upstream:remotename)%00%(upstream:remoteref) refs/heads/main refs/remotes/main [3ms]
2024-02-19 02:55:44.637 [info] > git status -z -uall [186ms]
2024-02-19 02:55:49.694 [info] > git config --get commit.template [19ms]
2024-02-19 02:55:49.699 [info] > git for-each-ref --format=%(refname)%00%(upstream:short)%00%(objectname)%00%(upstream:track)%00%(upstream:remotename)%00%(upstream:remoteref) refs/heads/main refs/remotes/main [6ms]
2024-02-19 02:55:49.917 [info] > git status -z -uall [197ms]
2024-02-19 02:55:54.974 [info] > git config --get commit.template [9ms]
2024-02-19 02:55:54.976 [info] > git for-each-ref --format=%(refname)%00%(upstream:short)%00%(objectname)%00%(upstream:track)%00%(upstream:remotename)%00%(upstream:remoteref) refs/heads/main refs/remotes/main [3ms]
2024-02-19 02:55:55.141 [info] > git status -z -uall [154ms]
2024-02-19 02:56:00.190 [info] > git config --get commit.template [11ms]
2024-02-19 02:56:00.190 [info] > git for-each-ref --format=%(refname)%00%(upstream:short)%00%(objectname)%00%(upstream:track)%00%(upstream:remotename)%00%(upstream:remoteref) refs/heads/main refs/remotes/main [1ms]
2024-02-19 02:56:00.379 [info] > git status -z -uall [169ms]
2024-02-19 02:56:05.429 [info] > git config --get commit.template [10ms]
2024-02-19 02:56:05.430 [info] > git for-each-ref --format=%(refname)%00%(upstream:short)%00%(objectname)%00%(upstream:track)%00%(upstream:remotename)%00%(upstream:remoteref) refs/heads/main refs/remotes/main [2ms]
2024-02-19 02:56:05.590 [info] > git status -z -uall [151ms]
2024-02-19 02:57:00.140 [info] > git config --get commit.template [17ms]
2024-02-19 02:57:00.141 [info] > git for-each-ref --format=%(refname)%00%(upstream:short)%00%(objectname)%00%(upstream:track)%00%(upstream:remotename)%00%(upstream:remoteref) refs/heads/main refs/remotes/main [4ms]
2024-02-19 02:57:00.346 [info] > git status -z -uall [189ms]
2024-02-19 02:57:05.400 [info] > git config --get commit.template [9ms]
2024-02-19 02:57:05.400 [info] > git for-each-ref --format=%(refname)%00%(upstream:short)%00%(objectname)%00%(upstream:track)%00%(upstream:remotename)%00%(upstream:remoteref) refs/heads/main refs/remotes/main [1ms]
2024-02-19 02:57:05.547 [info] > git status -z -uall [139ms]
2024-02-19 02:57:10.604 [info] > git for-each-ref --format=%(refname)%00%(upstream:short)%00%(objectname)%00%(upstream:track)%00%(upstream:remotename)%00%(upstream:remoteref) refs/heads/main refs/remotes/main [7ms]
2024-02-19 02:57:10.605 [info] > git config --get commit.template [17ms]
2024-02-19 02:57:10.855 [info] > git status -z -uall [239ms]
2024-02-19 02:57:15.902 [info] > git config --get commit.template [8ms]
2024-02-19 02:57:15.902 [info] > git for-each-ref --format=%(refname)%00%(upstream:short)%00%(objectname)%00%(upstream:track)%00%(upstream:remotename)%00%(upstream:remoteref) refs/heads/main refs/remotes/main [1ms]
2024-02-19 02:57:16.067 [info] > git status -z -uall [158ms]
2024-02-19 02:57:21.141 [info] > git config --get commit.template [8ms]
2024-02-19 02:57:21.141 [info] > git for-each-ref --format=%(refname)%00%(upstream:short)%00%(objectname)%00%(upstream:track)%00%(upstream:remotename)%00%(upstream:remoteref) refs/heads/main refs/remotes/main [1ms]
2024-02-19 02:57:21.312 [info] > git status -z -uall [163ms]
2024-02-19 02:57:59.052 [info] > git config --get commit.template [31ms]
2024-02-19 02:57:59.063 [info] > git for-each-ref --format=%(refname)%00%(upstream:short)%00%(objectname)%00%(upstream:track)%00%(upstream:remotename)%00%(upstream:remoteref) refs/heads/main refs/remotes/main [30ms]
2024-02-19 02:58:02.772 [info] > git status -z -uall [3698ms] (cancelled)
2024-02-19 02:58:02.779 [info] > git check-ignore -v -z --stdin [9ms]
2024-02-19 02:58:15.948 [info] > git merge-base refs/heads/master refs/remotes/origin/master [58ms]
2024-02-19 02:58:15.973 [info] > git merge-base refs/heads/main refs/remotes/origin/main [96ms]
2024-02-19 02:58:16.020 [info] > git rev-list --count --left-right refs/heads/main...refs/remotes/origin/main [29ms]
2024-02-19 02:58:16.024 [info] > git rev-list --count --left-right refs/heads/master...refs/remotes/origin/master [52ms]
2024-02-19 02:58:17.431 [info] > git check-ignore -v -z --stdin [3ms]
2024-02-19 02:58:17.441 [info] > git check-ignore -v -z --stdin [26ms]
2024-02-19 02:58:39.046 [info] > git add -A -- . [15692ms]
2024-02-19 02:58:41.117 [info] > git show --textconv :.git/COMMIT_EDITMSG [16ms]
2024-02-19 02:58:41.124 [info] > git ls-files --stage -- /home/bitnami/.git/COMMIT_EDITMSG [12ms]
2024-02-19 02:58:41.434 [info] > git check-ignore -v -z --stdin [12ms]
2024-02-19 02:58:41.465 [info] > git ls-files --stage -- /home/bitnami/.git/COMMIT_EDITMSG [10ms]
2024-02-19 02:58:41.542 [info] > git show --textconv :.git/COMMIT_EDITMSG [9ms]
2024-02-19 02:58:49.382 [info] > git -c user.useConfigOnly=true commit --quiet [10324ms]
2024-02-19 02:58:49.411 [info] > git config --get commit.template [15ms]
2024-02-19 02:58:49.417 [info] > git for-each-ref --format=%(refname)%00%(upstream:short)%00%(objectname)%00%(upstream:track)%00%(upstream:remotename)%00%(upstream:remoteref) refs/heads/main refs/remotes/main [9ms]
2024-02-19 02:58:49.428 [warning] ENOENT: no such file or directory, open '/home/bitnami/.git/refs/remotes/origin/main'
2024-02-19 02:58:49.430 [info] > git rev-parse refs/remotes/origin/main [2ms]
2024-02-19 02:58:49.747 [info] > git status -z -uall [306ms]
2024-02-19 02:58:49.747 [info] > git show --textconv :blogger/nohup.out [148ms]
2024-02-19 02:58:49.824 [info] > git ls-files --stage -- /home/bitnami/blogger/nohup.out [206ms]
2024-02-19 02:58:49.842 [info] > git cat-file -s 9852802ba94c3620570e6ce8296a5c8c437c30be [9ms]
2024-02-19 02:58:49.994 [info] > git merge-base refs/heads/main refs/remotes/origin/main [10ms]
2024-02-19 02:58:50.056 [info] > git rev-list --count --left-right refs/heads/main...refs/remotes/origin/main [39ms]
2024-02-19 02:58:50.763 [info] > git check-ignore -v -z --stdin [14ms]
2024-02-19 02:58:50.767 [info] > git check-ignore -v -z --stdin [28ms]
2024-02-19 02:58:50.777 [info] > git ls-files --stage -- /home/bitnami/blogger/nohup.out [14ms]
2024-02-19 02:58:50.786 [info] > git cat-file -s 9852802ba94c3620570e6ce8296a5c8c437c30be [1ms]
2024-02-19 02:58:50.853 [info] > git show --textconv :blogger/nohup.out [16ms]
2024-02-19 02:59:01.675 [info] > git push origin main:main [11852ms]
2024-02-19 02:59:01.676 [info] To https://github.com/kuhaku4/csci421-lab3.git
   b65e84e..465d6db  main -> main
2024-02-19 02:59:01.717 [info] > git config --get commit.template [20ms]
2024-02-19 02:59:01.725 [info] > git for-each-ref --format=%(refname)%00%(upstream:short)%00%(objectname)%00%(upstream:track)%00%(upstream:remotename)%00%(upstream:remoteref) refs/heads/main refs/remotes/main [16ms]
2024-02-19 02:59:02.139 [info] > git status -z -uall [402ms]
2024-02-19 02:59:02.238 [info] > git merge-base refs/heads/main refs/remotes/origin/main [5ms]
2024-02-19 02:59:02.322 [info] > git rev-list --count --left-right refs/heads/main...refs/remotes/origin/main [65ms]
2024-02-19 02:59:02.346 [info] > git config --get commit.template [13ms]
2024-02-19 02:59:02.349 [info] > git for-each-ref --format=%(refname)%00%(upstream:short)%00%(objectname)%00%(upstream:track)%00%(upstream:remotename)%00%(upstream:remoteref) refs/heads/main refs/remotes/main [3ms]
2024-02-19 02:59:02.650 [info] > git status -z -uall [286ms]
2024-02-19 02:59:02.919 [info] > git check-ignore -v -z --stdin [18ms]
2024-02-19 02:59:09.577 [info] > git config --get commit.template [9ms]
2024-02-19 02:59:09.579 [info] > git for-each-ref --format=%(refname)%00%(upstream:short)%00%(objectname)%00%(upstream:track)%00%(upstream:remotename)%00%(upstream:remoteref) refs/heads/main refs/remotes/main [3ms]
2024-02-19 02:59:09.671 [info] > git ls-files --stage -- /home/bitnami/blogger/nohup.out [67ms]
2024-02-19 02:59:09.684 [info] > git cat-file -s 9852802ba94c3620570e6ce8296a5c8c437c30be [2ms]
2024-02-19 02:59:09.789 [info] > git show --textconv :blogger/nohup.out [23ms]
2024-02-19 02:59:09.818 [info] > git status -z -uall [231ms]
2024-02-19 02:59:22.031 [info] > git config --get commit.template [12ms]
2024-02-19 02:59:22.034 [info] > git for-each-ref --format=%(refname)%00%(upstream:short)%00%(objectname)%00%(upstream:track)%00%(upstream:remotename)%00%(upstream:remoteref) refs/heads/main refs/remotes/main [3ms]
2024-02-19 02:59:22.256 [info] > git status -z -uall [211ms]
2024-02-19 02:59:27.291 [info] > git config --get commit.template [15ms]
2024-02-19 02:59:27.292 [info] > git for-each-ref --format=%(refname)%00%(upstream:short)%00%(objectname)%00%(upstream:track)%00%(upstream:remotename)%00%(upstream:remoteref) refs/heads/main refs/remotes/main [2ms]
2024-02-19 02:59:27.502 [info] > git status -z -uall [203ms]
2024-02-19 02:59:32.531 [info] > git config --get commit.template [18ms]
2024-02-19 02:59:32.534 [info] > git for-each-ref --format=%(refname)%00%(upstream:short)%00%(objectname)%00%(upstream:track)%00%(upstream:remotename)%00%(upstream:remoteref) refs/heads/main refs/remotes/main [6ms]
2024-02-19 02:59:32.778 [info] > git status -z -uall [231ms]
2024-02-19 03:00:43.677 [info] > git config --get commit.template [10ms]
2024-02-19 03:00:43.678 [info] > git for-each-ref --format=%(refname)%00%(upstream:short)%00%(objectname)%00%(upstream:track)%00%(upstream:remotename)%00%(upstream:remoteref) refs/heads/main refs/remotes/main [2ms]
2024-02-19 03:00:43.910 [info] > git status -z -uall [222ms]
2024-02-19 03:00:48.933 [info] > git config --get commit.template [11ms]
2024-02-19 03:00:48.935 [info] > git for-each-ref --format=%(refname)%00%(upstream:short)%00%(objectname)%00%(upstream:track)%00%(upstream:remotename)%00%(upstream:remoteref) refs/heads/main refs/remotes/main [2ms]
2024-02-19 03:00:49.173 [info] > git status -z -uall [228ms]
2024-02-19 03:00:54.191 [info] > git config --get commit.template [7ms]
2024-02-19 03:00:54.206 [info] > git for-each-ref --format=%(refname)%00%(upstream:short)%00%(objectname)%00%(upstream:track)%00%(upstream:remotename)%00%(upstream:remoteref) refs/heads/main refs/remotes/main [2ms]
2024-02-19 03:00:54.413 [info] > git status -z -uall [200ms]
2024-02-19 03:00:59.455 [info] > git config --get commit.template [16ms]
2024-02-19 03:00:59.456 [info] > git for-each-ref --format=%(refname)%00%(upstream:short)%00%(objectname)%00%(upstream:track)%00%(upstream:remotename)%00%(upstream:remoteref) refs/heads/main refs/remotes/main [2ms]
2024-02-19 03:00:59.689 [info] > git status -z -uall [225ms]
2024-02-19 03:01:04.720 [info] > git config --get commit.template [14ms]
2024-02-19 03:01:04.724 [info] > git for-each-ref --format=%(refname)%00%(upstream:short)%00%(objectname)%00%(upstream:track)%00%(upstream:remotename)%00%(upstream:remoteref) refs/heads/main refs/remotes/main [5ms]
2024-02-19 03:01:05.030 [info] > git status -z -uall [292ms]
2024-02-19 03:01:10.060 [info] > git config --get commit.template [14ms]
2024-02-19 03:01:10.065 [info] > git for-each-ref --format=%(refname)%00%(upstream:short)%00%(objectname)%00%(upstream:track)%00%(upstream:remotename)%00%(upstream:remoteref) refs/heads/main refs/remotes/main [6ms]
2024-02-19 03:01:10.398 [info] > git status -z -uall [316ms]
2024-02-19 03:01:15.428 [info] > git config --get commit.template [19ms]
2024-02-19 03:01:15.432 [info] > git for-each-ref --format=%(refname)%00%(upstream:short)%00%(objectname)%00%(upstream:track)%00%(upstream:remotename)%00%(upstream:remoteref) refs/heads/main refs/remotes/main [4ms]
2024-02-19 03:01:15.690 [info] > git status -z -uall [250ms]
2024-02-19 03:01:20.379 [info] > git show --textconv :blogger/package-lock.json [23ms]
2024-02-19 03:01:20.383 [info] > git ls-files --stage -- /home/bitnami/blogger/package-lock.json [14ms]
2024-02-19 03:01:20.394 [info] > git cat-file -s 575962b36497ffed4bff3c383e42787f08030e66 [1ms]
2024-02-19 03:01:21.400 [info] > git show --textconv :blogger/package.json [22ms]
2024-02-19 03:01:21.401 [info] > git config --get commit.template [33ms]
2024-02-19 03:01:21.432 [info] > git ls-files --stage -- /home/bitnami/blogger/package.json [43ms]
2024-02-19 03:01:21.442 [info] > git for-each-ref --format=%(refname)%00%(upstream:short)%00%(objectname)%00%(upstream:track)%00%(upstream:remotename)%00%(upstream:remoteref) refs/heads/main refs/remotes/main [17ms]
2024-02-19 03:01:21.443 [info] > git cat-file -s 9df5f67e7ccb1886e1b7be4fe6d4075ed9cf552c [2ms]
2024-02-19 03:01:21.774 [info] > git status -z -uall [320ms]
2024-02-19 03:01:27.671 [info] > git config --get commit.template [15ms]
2024-02-19 03:01:27.671 [info] > git for-each-ref --format=%(refname)%00%(upstream:short)%00%(objectname)%00%(upstream:track)%00%(upstream:remotename)%00%(upstream:remoteref) refs/heads/main refs/remotes/main [2ms]
2024-02-19 03:01:27.926 [info] > git status -z -uall [241ms]
2024-02-19 03:01:33.838 [info] > git config --get commit.template [10ms]
2024-02-19 03:01:33.839 [info] > git for-each-ref --format=%(refname)%00%(upstream:short)%00%(objectname)%00%(upstream:track)%00%(upstream:remotename)%00%(upstream:remoteref) refs/heads/main refs/remotes/main [3ms]
2024-02-19 03:01:34.130 [info] > git status -z -uall [281ms]
2024-02-19 03:01:37.930 [info] > git check-ignore -v -z --stdin [17ms]
2024-02-19 03:01:38.585 [info] > git check-ignore -v -z --stdin [16ms]
2024-02-19 03:01:40.009 [info] > git config --get commit.template [16ms]
2024-02-19 03:01:40.010 [info] > git for-each-ref --format=%(refname)%00%(upstream:short)%00%(objectname)%00%(upstream:track)%00%(upstream:remotename)%00%(upstream:remoteref) refs/heads/main refs/remotes/main [2ms]
2024-02-19 03:01:40.135 [info] > git check-ignore -v -z --stdin [22ms]
2024-02-19 03:01:40.341 [info] > git status -z -uall [316ms]
2024-02-19 03:01:43.061 [info] > git check-ignore -v -z --stdin [31ms]
2024-02-19 03:01:43.915 [info] > git check-ignore -v -z --stdin [12ms]
