2024-02-18 15:41:22.999 [info] Log level: Info
2024-02-18 15:41:22.999 [info] Validating found git in: "git"
2024-02-18 15:41:22.999 [info] Using git "2.30.2" from "git"
2024-02-18 15:41:22.999 [info] > git rev-parse --show-toplevel [148ms]
2024-02-18 15:41:22.999 [info] > git rev-parse --git-dir --git-common-dir [431ms]
2024-02-18 15:41:22.999 [info] Open repository: /home/bitnami
2024-02-18 15:41:23.132 [info] > git config --get commit.template [82ms]
2024-02-18 15:41:23.139 [info] > git rev-parse --show-toplevel [58ms]
2024-02-18 15:41:23.219 [info] > git for-each-ref --format=%(refname)%00%(upstream:short)%00%(objectname)%00%(upstream:track)%00%(upstream:remotename)%00%(upstream:remoteref) refs/heads/main refs/remotes/main [39ms]
2024-02-18 15:41:23.220 [info] > git rev-parse --show-toplevel [3ms]
2024-02-18 15:41:23.288 [info] > git rev-parse --show-toplevel [39ms]
2024-02-18 15:41:23.315 [info] > git rev-parse --show-toplevel [1ms]
2024-02-18 15:41:23.398 [info] > git rev-parse --show-toplevel [34ms]
2024-02-18 15:41:23.466 [info] > git rev-parse --show-toplevel [8ms]
2024-02-18 15:41:23.517 [info] > git rev-parse --show-toplevel [7ms]
2024-02-18 15:41:23.590 [info] > git rev-parse --show-toplevel [21ms]
2024-02-18 15:41:23.648 [info] > git rev-parse --show-toplevel [27ms]
2024-02-18 15:41:23.718 [info] > git rev-parse --show-toplevel [30ms]
2024-02-18 15:41:23.783 [info] > git check-ignore -v -z --stdin [137ms]
2024-02-18 15:41:23.815 [info] > git rev-parse --show-toplevel [67ms]
2024-02-18 15:41:23.870 [info] > git rev-parse --show-toplevel [6ms]
2024-02-18 15:41:23.969 [info] > git rev-parse --show-toplevel [26ms]
2024-02-18 15:41:24.021 [info] > git rev-parse --show-toplevel [19ms]
2024-02-18 15:41:24.079 [info] > git rev-parse --git-dir --git-common-dir [9ms]
2024-02-18 15:41:24.084 [info] Open repository: /home/bitnami/todo
2024-02-18 15:41:24.140 [info] > git config --get commit.template [19ms]
2024-02-18 15:41:24.196 [info] > git rev-parse --show-toplevel [62ms]
2024-02-18 15:41:24.304 [info] > git for-each-ref --format=%(refname)%00%(upstream:short)%00%(objectname)%00%(upstream:track)%00%(upstream:remotename)%00%(upstream:remoteref) refs/heads/master refs/remotes/master [115ms]
2024-02-18 15:41:24.320 [warning] ENOENT: no such file or directory, open '/home/bitnami/todo/.git/refs/remotes/origin/master'
2024-02-18 15:41:24.336 [info] > git show --textconv :blogger/app.js [91ms]
2024-02-18 15:41:24.339 [info] > git rev-parse refs/remotes/origin/master [19ms]
2024-02-18 15:41:24.354 [info] > git ls-files --stage -- /home/bitnami/blogger/app.js [52ms]
2024-02-18 15:41:24.377 [info] > git status -z -uall [24ms]
2024-02-18 15:41:24.447 [info] > git cat-file -s 1211cd1ff018da2ca3b8217886c287ad4e1bb71f [71ms]
2024-02-18 15:41:24.692 [info] > git config --get commit.template [245ms]
2024-02-18 15:41:24.775 [info] > git for-each-ref --format=%(refname)%00%(upstream:short)%00%(objectname)%00%(upstream:track)%00%(upstream:remotename)%00%(upstream:remoteref) refs/heads/master refs/remotes/master [284ms]
2024-02-18 15:41:24.812 [warning] ENOENT: no such file or directory, open '/home/bitnami/todo/.git/refs/remotes/origin/master'
2024-02-18 15:41:24.816 [info] > git status -z -uall [1529ms]
2024-02-18 15:41:24.816 [info] > git check-ignore -v -z --stdin [107ms]
2024-02-18 15:41:24.822 [info] > git check-ignore -v -z --stdin [76ms]
2024-02-18 15:41:24.937 [info] > git rev-parse refs/remotes/origin/master [125ms]
2024-02-18 15:41:26.036 [info] > git status -z -uall [1079ms]
2024-02-18 15:41:26.106 [info] > git config --get commit.template [87ms]
2024-02-18 15:41:26.122 [info] > git for-each-ref --format=%(refname)%00%(upstream:short)%00%(objectname)%00%(upstream:track)%00%(upstream:remotename)%00%(upstream:remoteref) refs/heads/main refs/remotes/main [4ms]
2024-02-18 15:41:26.525 [info] > git status -z -uall [390ms]
2024-02-18 15:41:28.450 [info] > git config --get commit.template [18ms]
2024-02-18 15:41:28.452 [info] > git for-each-ref --format=%(refname)%00%(upstream:short)%00%(objectname)%00%(upstream:track)%00%(upstream:remotename)%00%(upstream:remoteref) refs/heads/main refs/remotes/main [7ms]
2024-02-18 15:41:28.706 [info] > git status -z -uall [245ms]
2024-02-18 15:41:34.426 [info] > git check-ignore -v -z --stdin [96ms]
2024-02-18 15:41:36.430 [info] > git config --get commit.template [7ms]
2024-02-18 15:41:36.430 [info] > git for-each-ref --format=%(refname)%00%(upstream:short)%00%(objectname)%00%(upstream:track)%00%(upstream:remotename)%00%(upstream:remoteref) refs/heads/main refs/remotes/main [2ms]
2024-02-18 15:41:36.606 [info] > git status -z -uall [169ms]
2024-02-18 15:41:37.109 [info] > git check-ignore -v -z --stdin [7ms]
2024-02-18 15:41:38.331 [info] > git check-ignore -v -z --stdin [8ms]
2024-02-18 15:43:33.223 [info] > git config --get commit.template [2ms]
2024-02-18 15:43:33.231 [info] > git for-each-ref --format=%(refname)%00%(upstream:short)%00%(objectname)%00%(upstream:track)%00%(upstream:remotename)%00%(upstream:remoteref) refs/heads/main refs/remotes/main [2ms]
2024-02-18 15:43:33.372 [info] > git status -z -uall [134ms]
2024-02-18 15:43:38.426 [info] > git config --get commit.template [1ms]
2024-02-18 15:43:38.434 [info] > git for-each-ref --format=%(refname)%00%(upstream:short)%00%(objectname)%00%(upstream:track)%00%(upstream:remotename)%00%(upstream:remoteref) refs/heads/main refs/remotes/main [1ms]
2024-02-18 15:43:38.580 [info] > git status -z -uall [141ms]
2024-02-18 15:43:42.348 [info] > git check-ignore -v -z --stdin [12ms]
2024-02-18 15:43:43.635 [info] > git config --get commit.template [20ms]
2024-02-18 15:43:43.636 [info] > git for-each-ref --format=%(refname)%00%(upstream:short)%00%(objectname)%00%(upstream:track)%00%(upstream:remotename)%00%(upstream:remoteref) refs/heads/main refs/remotes/main [3ms]
2024-02-18 15:43:43.789 [info] > git status -z -uall [144ms]
2024-02-18 15:43:48.839 [info] > git config --get commit.template [12ms]
2024-02-18 15:43:48.839 [info] > git for-each-ref --format=%(refname)%00%(upstream:short)%00%(objectname)%00%(upstream:track)%00%(upstream:remotename)%00%(upstream:remoteref) refs/heads/main refs/remotes/main [3ms]
2024-02-18 15:43:48.982 [info] > git status -z -uall [136ms]
2024-02-18 15:43:54.031 [info] > git config --get commit.template [8ms]
2024-02-18 15:43:54.033 [info] > git for-each-ref --format=%(refname)%00%(upstream:short)%00%(objectname)%00%(upstream:track)%00%(upstream:remotename)%00%(upstream:remoteref) refs/heads/main refs/remotes/main [3ms]
2024-02-18 15:43:54.180 [info] > git status -z -uall [140ms]
2024-02-18 15:44:02.553 [info] > git config --get commit.template [16ms]
2024-02-18 15:44:02.554 [info] > git for-each-ref --format=%(refname)%00%(upstream:short)%00%(objectname)%00%(upstream:track)%00%(upstream:remotename)%00%(upstream:remoteref) refs/heads/main refs/remotes/main [1ms]
2024-02-18 15:44:02.702 [info] > git status -z -uall [131ms]
2024-02-18 15:44:07.745 [info] > git config --get commit.template [3ms]
2024-02-18 15:44:07.755 [info] > git for-each-ref --format=%(refname)%00%(upstream:short)%00%(objectname)%00%(upstream:track)%00%(upstream:remotename)%00%(upstream:remoteref) refs/heads/main refs/remotes/main [2ms]
2024-02-18 15:44:07.918 [info] > git status -z -uall [153ms]
2024-02-18 15:44:12.950 [info] > git config --get commit.template [2ms]
2024-02-18 15:44:12.958 [info] > git for-each-ref --format=%(refname)%00%(upstream:short)%00%(objectname)%00%(upstream:track)%00%(upstream:remotename)%00%(upstream:remoteref) refs/heads/main refs/remotes/main [1ms]
2024-02-18 15:44:13.105 [info] > git status -z -uall [141ms]
2024-02-18 15:44:18.150 [info] > git config --get commit.template [10ms]
2024-02-18 15:44:18.151 [info] > git for-each-ref --format=%(refname)%00%(upstream:short)%00%(objectname)%00%(upstream:track)%00%(upstream:remotename)%00%(upstream:remoteref) refs/heads/main refs/remotes/main [2ms]
2024-02-18 15:44:18.284 [info] > git status -z -uall [126ms]
2024-02-18 15:44:24.633 [info] > git config --get commit.template [1ms]
2024-02-18 15:44:24.640 [info] > git for-each-ref --format=%(refname)%00%(upstream:short)%00%(objectname)%00%(upstream:track)%00%(upstream:remotename)%00%(upstream:remoteref) refs/heads/main refs/remotes/main [1ms]
2024-02-18 15:44:24.780 [info] > git status -z -uall [134ms]
2024-02-18 15:44:29.827 [info] > git config --get commit.template [8ms]
2024-02-18 15:44:29.828 [info] > git for-each-ref --format=%(refname)%00%(upstream:short)%00%(objectname)%00%(upstream:track)%00%(upstream:remotename)%00%(upstream:remoteref) refs/heads/main refs/remotes/main [2ms]
2024-02-18 15:44:29.958 [info] > git status -z -uall [124ms]
2024-02-18 15:44:35.010 [info] > git config --get commit.template [18ms]
2024-02-18 15:44:35.010 [info] > git for-each-ref --format=%(refname)%00%(upstream:short)%00%(objectname)%00%(upstream:track)%00%(upstream:remotename)%00%(upstream:remoteref) refs/heads/main refs/remotes/main [2ms]
2024-02-18 15:44:35.174 [info] > git status -z -uall [156ms]
2024-02-18 15:44:40.221 [info] > git config --get commit.template [9ms]
2024-02-18 15:44:40.221 [info] > git for-each-ref --format=%(refname)%00%(upstream:short)%00%(objectname)%00%(upstream:track)%00%(upstream:remotename)%00%(upstream:remoteref) refs/heads/main refs/remotes/main [2ms]
2024-02-18 15:44:40.359 [info] > git status -z -uall [132ms]
2024-02-18 15:44:45.394 [info] > git config --get commit.template [1ms]
2024-02-18 15:44:45.402 [info] > git for-each-ref --format=%(refname)%00%(upstream:short)%00%(objectname)%00%(upstream:track)%00%(upstream:remotename)%00%(upstream:remoteref) refs/heads/main refs/remotes/main [2ms]
2024-02-18 15:44:45.558 [info] > git status -z -uall [148ms]
2024-02-18 15:44:50.593 [info] > git config --get commit.template [2ms]
2024-02-18 15:44:50.603 [info] > git for-each-ref --format=%(refname)%00%(upstream:short)%00%(objectname)%00%(upstream:track)%00%(upstream:remotename)%00%(upstream:remoteref) refs/heads/main refs/remotes/main [1ms]
2024-02-18 15:44:50.736 [info] > git status -z -uall [125ms]
2024-02-18 15:44:54.840 [info] > git check-ignore -v -z --stdin [6ms]
2024-02-18 15:44:55.785 [info] > git config --get commit.template [13ms]
2024-02-18 15:44:55.786 [info] > git for-each-ref --format=%(refname)%00%(upstream:short)%00%(objectname)%00%(upstream:track)%00%(upstream:remotename)%00%(upstream:remoteref) refs/heads/main refs/remotes/main [5ms]
2024-02-18 15:44:55.915 [info] > git status -z -uall [123ms]
2024-02-18 15:45:00.955 [info] > git config --get commit.template [2ms]
2024-02-18 15:45:00.967 [info] > git for-each-ref --format=%(refname)%00%(upstream:short)%00%(objectname)%00%(upstream:track)%00%(upstream:remotename)%00%(upstream:remoteref) refs/heads/main refs/remotes/main [2ms]
2024-02-18 15:45:01.169 [info] > git status -z -uall [193ms]
2024-02-18 15:45:06.260 [info] > git config --get commit.template [8ms]
2024-02-18 15:45:06.261 [info] > git for-each-ref --format=%(refname)%00%(upstream:short)%00%(objectname)%00%(upstream:track)%00%(upstream:remotename)%00%(upstream:remoteref) refs/heads/main refs/remotes/main [1ms]
2024-02-18 15:45:06.409 [info] > git status -z -uall [142ms]
2024-02-18 15:45:09.544 [info] > git check-ignore -v -z --stdin [11ms]
2024-02-18 15:45:11.481 [info] > git config --get commit.template [1ms]
2024-02-18 15:45:11.490 [info] > git for-each-ref --format=%(refname)%00%(upstream:short)%00%(objectname)%00%(upstream:track)%00%(upstream:remotename)%00%(upstream:remoteref) refs/heads/main refs/remotes/main [2ms]
2024-02-18 15:45:11.627 [info] > git status -z -uall [126ms]
2024-02-18 15:45:16.671 [info] > git config --get commit.template [9ms]
2024-02-18 15:45:16.671 [info] > git for-each-ref --format=%(refname)%00%(upstream:short)%00%(objectname)%00%(upstream:track)%00%(upstream:remotename)%00%(upstream:remoteref) refs/heads/main refs/remotes/main [1ms]
2024-02-18 15:45:16.813 [info] > git status -z -uall [134ms]
2024-02-18 15:45:23.126 [info] > git config --get commit.template [7ms]
2024-02-18 15:45:23.127 [info] > git for-each-ref --format=%(refname)%00%(upstream:short)%00%(objectname)%00%(upstream:track)%00%(upstream:remotename)%00%(upstream:remoteref) refs/heads/main refs/remotes/main [2ms]
2024-02-18 15:45:23.254 [info] > git status -z -uall [120ms]
2024-02-18 15:45:29.002 [info] > git config --get commit.template [11ms]
2024-02-18 15:45:29.003 [info] > git for-each-ref --format=%(refname)%00%(upstream:short)%00%(objectname)%00%(upstream:track)%00%(upstream:remotename)%00%(upstream:remoteref) refs/heads/main refs/remotes/main [2ms]
2024-02-18 15:45:29.149 [info] > git status -z -uall [138ms]
2024-02-18 15:45:33.127 [info] > git check-ignore -v -z --stdin [7ms]
2024-02-18 15:45:34.561 [info] > git config --get commit.template [8ms]
2024-02-18 15:45:34.562 [info] > git for-each-ref --format=%(refname)%00%(upstream:short)%00%(objectname)%00%(upstream:track)%00%(upstream:remotename)%00%(upstream:remoteref) refs/heads/main refs/remotes/main [2ms]
2024-02-18 15:45:34.700 [info] > git status -z -uall [130ms]
2024-02-18 15:45:35.472 [info] > git check-ignore -v -z --stdin [10ms]
2024-02-18 15:45:39.744 [info] > git config --get commit.template [4ms]
2024-02-18 15:45:39.755 [info] > git for-each-ref --format=%(refname)%00%(upstream:short)%00%(objectname)%00%(upstream:track)%00%(upstream:remotename)%00%(upstream:remoteref) refs/heads/main refs/remotes/main [3ms]
2024-02-18 15:45:39.906 [info] > git status -z -uall [143ms]
2024-02-18 15:45:44.952 [info] > git config --get commit.template [7ms]
2024-02-18 15:45:44.953 [info] > git for-each-ref --format=%(refname)%00%(upstream:short)%00%(objectname)%00%(upstream:track)%00%(upstream:remotename)%00%(upstream:remoteref) refs/heads/main refs/remotes/main [1ms]
2024-02-18 15:45:45.137 [info] > git status -z -uall [175ms]
2024-02-18 15:45:57.488 [info] > git config --get commit.template [9ms]
2024-02-18 15:45:57.489 [info] > git for-each-ref --format=%(refname)%00%(upstream:short)%00%(objectname)%00%(upstream:track)%00%(upstream:remotename)%00%(upstream:remoteref) refs/heads/main refs/remotes/main [2ms]
2024-02-18 15:45:57.623 [info] > git status -z -uall [126ms]
2024-02-18 15:46:02.668 [info] > git config --get commit.template [8ms]
2024-02-18 15:46:02.669 [info] > git for-each-ref --format=%(refname)%00%(upstream:short)%00%(objectname)%00%(upstream:track)%00%(upstream:remotename)%00%(upstream:remoteref) refs/heads/main refs/remotes/main [1ms]
2024-02-18 15:46:02.806 [info] > git status -z -uall [131ms]
2024-02-18 15:46:07.839 [info] > git config --get commit.template [2ms]
2024-02-18 15:46:07.847 [info] > git for-each-ref --format=%(refname)%00%(upstream:short)%00%(objectname)%00%(upstream:track)%00%(upstream:remotename)%00%(upstream:remoteref) refs/heads/main refs/remotes/main [1ms]
2024-02-18 15:46:07.987 [info] > git status -z -uall [133ms]
2024-02-18 15:46:13.027 [info] > git config --get commit.template [9ms]
2024-02-18 15:46:13.028 [info] > git for-each-ref --format=%(refname)%00%(upstream:short)%00%(objectname)%00%(upstream:track)%00%(upstream:remotename)%00%(upstream:remoteref) refs/heads/main refs/remotes/main [2ms]
2024-02-18 15:46:13.167 [info] > git status -z -uall [132ms]
2024-02-18 15:46:19.819 [info] > git config --get commit.template [9ms]
2024-02-18 15:46:19.820 [info] > git for-each-ref --format=%(refname)%00%(upstream:short)%00%(objectname)%00%(upstream:track)%00%(upstream:remotename)%00%(upstream:remoteref) refs/heads/main refs/remotes/main [2ms]
2024-02-18 15:46:19.978 [info] > git status -z -uall [151ms]
2024-02-18 15:46:23.495 [info] > git show --textconv :blogger/app_server/routes/index.js [11ms]
2024-02-18 15:46:23.500 [info] > git ls-files --stage -- /home/bitnami/blogger/app_server/routes/index.js [7ms]
2024-02-18 15:46:25.037 [info] > git config --get commit.template [17ms]
2024-02-18 15:46:25.039 [info] > git for-each-ref --format=%(refname)%00%(upstream:short)%00%(objectname)%00%(upstream:track)%00%(upstream:remotename)%00%(upstream:remoteref) refs/heads/main refs/remotes/main [3ms]
2024-02-18 15:46:25.163 [info] > git status -z -uall [111ms]
2024-02-18 15:46:30.209 [info] > git config --get commit.template [9ms]
2024-02-18 15:46:30.210 [info] > git for-each-ref --format=%(refname)%00%(upstream:short)%00%(objectname)%00%(upstream:track)%00%(upstream:remotename)%00%(upstream:remoteref) refs/heads/main refs/remotes/main [2ms]
2024-02-18 15:46:30.357 [info] > git status -z -uall [139ms]
2024-02-18 15:46:31.697 [info] > git check-ignore -v -z --stdin [7ms]
2024-02-18 15:46:35.395 [info] > git config --get commit.template [7ms]
2024-02-18 15:46:35.395 [info] > git for-each-ref --format=%(refname)%00%(upstream:short)%00%(objectname)%00%(upstream:track)%00%(upstream:remotename)%00%(upstream:remoteref) refs/heads/main refs/remotes/main [1ms]
2024-02-18 15:46:35.523 [info] > git status -z -uall [120ms]
2024-02-18 15:46:40.563 [info] > git config --get commit.template [8ms]
2024-02-18 15:46:40.563 [info] > git for-each-ref --format=%(refname)%00%(upstream:short)%00%(objectname)%00%(upstream:track)%00%(upstream:remotename)%00%(upstream:remoteref) refs/heads/main refs/remotes/main [1ms]
2024-02-18 15:46:40.662 [info] > git show --textconv :blogger/app_server/views/addBlog.pug [19ms]
2024-02-18 15:46:40.674 [info] > git ls-files --stage -- /home/bitnami/blogger/app_server/views/addBlog.pug [12ms]
2024-02-18 15:46:40.716 [info] > git status -z -uall [146ms]
2024-02-18 15:46:45.677 [info] > git show --textconv :blogger/app_server/views/blogList.pug [10ms]
2024-02-18 15:46:45.682 [info] > git ls-files --stage -- /home/bitnami/blogger/app_server/views/blogList.pug [6ms]
2024-02-18 15:46:45.766 [info] > git config --get commit.template [9ms]
2024-02-18 15:46:45.767 [info] > git for-each-ref --format=%(refname)%00%(upstream:short)%00%(objectname)%00%(upstream:track)%00%(upstream:remotename)%00%(upstream:remoteref) refs/heads/main refs/remotes/main [2ms]
2024-02-18 15:46:45.902 [info] > git status -z -uall [128ms]
2024-02-18 15:46:46.413 [info] > git show --textconv :blogger/app_server/views/error.pug [8ms]
2024-02-18 15:46:46.418 [info] > git ls-files --stage -- /home/bitnami/blogger/app_server/views/error.pug [5ms]
2024-02-18 15:46:47.129 [info] > git show --textconv :blogger/app_server/views/homePage.pug [12ms]
2024-02-18 15:46:47.134 [info] > git ls-files --stage -- /home/bitnami/blogger/app_server/views/homePage.pug [6ms]
2024-02-18 15:46:47.810 [info] > git show --textconv :blogger/app_server/views/layout.pug [17ms]
2024-02-18 15:46:47.815 [info] > git ls-files --stage -- /home/bitnami/blogger/app_server/views/layout.pug [5ms]
2024-02-18 15:46:48.626 [info] > git show --textconv :blogger/app_server/views/homePage.pug [11ms]
2024-02-18 15:46:48.631 [info] > git ls-files --stage -- /home/bitnami/blogger/app_server/views/homePage.pug [6ms]
2024-02-18 15:46:50.941 [info] > git config --get commit.template [8ms]
2024-02-18 15:46:50.941 [info] > git for-each-ref --format=%(refname)%00%(upstream:short)%00%(objectname)%00%(upstream:track)%00%(upstream:remotename)%00%(upstream:remoteref) refs/heads/main refs/remotes/main [1ms]
2024-02-18 15:46:51.063 [info] > git status -z -uall [115ms]
2024-02-18 15:46:53.175 [info] > git show --textconv :blogger/app.js [10ms]
2024-02-18 15:46:53.181 [info] > git ls-files --stage -- /home/bitnami/blogger/app.js [7ms]
2024-02-18 15:46:53.190 [info] > git cat-file -s 1211cd1ff018da2ca3b8217886c287ad4e1bb71f [1ms]
2024-02-18 15:46:56.094 [info] > git config --get commit.template [1ms]
2024-02-18 15:46:56.107 [info] > git for-each-ref --format=%(refname)%00%(upstream:short)%00%(objectname)%00%(upstream:track)%00%(upstream:remotename)%00%(upstream:remoteref) refs/heads/main refs/remotes/main [3ms]
2024-02-18 15:46:56.245 [info] > git status -z -uall [131ms]
2024-02-18 15:47:01.287 [info] > git config --get commit.template [2ms]
2024-02-18 15:47:01.298 [info] > git for-each-ref --format=%(refname)%00%(upstream:short)%00%(objectname)%00%(upstream:track)%00%(upstream:remotename)%00%(upstream:remoteref) refs/heads/main refs/remotes/main [1ms]
2024-02-18 15:47:01.458 [info] > git status -z -uall [149ms]
2024-02-18 15:47:06.505 [info] > git config --get commit.template [9ms]
2024-02-18 15:47:06.505 [info] > git for-each-ref --format=%(refname)%00%(upstream:short)%00%(objectname)%00%(upstream:track)%00%(upstream:remotename)%00%(upstream:remoteref) refs/heads/main refs/remotes/main [1ms]
2024-02-18 15:47:06.638 [info] > git status -z -uall [127ms]
2024-02-18 15:47:11.670 [info] > git config --get commit.template [1ms]
2024-02-18 15:47:11.679 [info] > git for-each-ref --format=%(refname)%00%(upstream:short)%00%(objectname)%00%(upstream:track)%00%(upstream:remotename)%00%(upstream:remoteref) refs/heads/main refs/remotes/main [3ms]
2024-02-18 15:47:11.809 [info] > git status -z -uall [123ms]
2024-02-18 15:47:16.852 [info] > git config --get commit.template [8ms]
2024-02-18 15:47:16.853 [info] > git for-each-ref --format=%(refname)%00%(upstream:short)%00%(objectname)%00%(upstream:track)%00%(upstream:remotename)%00%(upstream:remoteref) refs/heads/main refs/remotes/main [1ms]
2024-02-18 15:47:16.983 [info] > git status -z -uall [123ms]
2024-02-18 15:47:22.046 [info] > git config --get commit.template [12ms]
2024-02-18 15:47:22.047 [info] > git for-each-ref --format=%(refname)%00%(upstream:short)%00%(objectname)%00%(upstream:track)%00%(upstream:remotename)%00%(upstream:remoteref) refs/heads/main refs/remotes/main [2ms]
2024-02-18 15:47:22.195 [info] > git status -z -uall [140ms]
2024-02-18 15:47:29.672 [info] > git config --get commit.template [8ms]
2024-02-18 15:47:29.672 [info] > git for-each-ref --format=%(refname)%00%(upstream:short)%00%(objectname)%00%(upstream:track)%00%(upstream:remotename)%00%(upstream:remoteref) refs/heads/main refs/remotes/main [1ms]
2024-02-18 15:47:29.814 [info] > git status -z -uall [134ms]
2024-02-18 15:48:35.386 [info] > git config --get commit.template [8ms]
2024-02-18 15:48:35.386 [info] > git for-each-ref --format=%(refname)%00%(upstream:short)%00%(objectname)%00%(upstream:track)%00%(upstream:remotename)%00%(upstream:remoteref) refs/heads/main refs/remotes/main [2ms]
2024-02-18 15:48:35.533 [info] > git status -z -uall [140ms]
2024-02-18 15:48:40.591 [info] > git config --get commit.template [7ms]
2024-02-18 15:48:40.592 [info] > git for-each-ref --format=%(refname)%00%(upstream:short)%00%(objectname)%00%(upstream:track)%00%(upstream:remotename)%00%(upstream:remoteref) refs/heads/main refs/remotes/main [1ms]
2024-02-18 15:48:40.731 [info] > git status -z -uall [133ms]
2024-02-18 15:48:44.767 [info] > git check-ignore -v -z --stdin [7ms]
2024-02-18 15:48:45.765 [info] > git config --get commit.template [1ms]
2024-02-18 15:48:45.774 [info] > git for-each-ref --format=%(refname)%00%(upstream:short)%00%(objectname)%00%(upstream:track)%00%(upstream:remotename)%00%(upstream:remoteref) refs/heads/main refs/remotes/main [1ms]
2024-02-18 15:48:45.920 [info] > git status -z -uall [139ms]
2024-02-18 15:48:46.488 [info] > git show --textconv :blogger/views/homePage.pug [14ms]
2024-02-18 15:48:46.492 [info] > git ls-files --stage -- /home/bitnami/blogger/views/homePage.pug [9ms]
2024-02-18 15:48:46.500 [info] > git cat-file -s 2a95862f4c12c61a3709820ba94dfae609077f38 [2ms]
2024-02-18 15:48:46.891 [info] > git check-ignore -v -z --stdin [12ms]
2024-02-18 15:48:50.268 [info] > git check-ignore -v -z --stdin [1ms]
2024-02-18 15:48:50.271 [info] > git check-ignore -v -z --stdin [13ms]
2024-02-18 15:48:50.965 [info] > git config --get commit.template [1ms]
2024-02-18 15:48:50.976 [info] > git for-each-ref --format=%(refname)%00%(upstream:short)%00%(objectname)%00%(upstream:track)%00%(upstream:remotename)%00%(upstream:remoteref) refs/heads/main refs/remotes/main [4ms]
2024-02-18 15:48:51.109 [info] > git status -z -uall [125ms]
2024-02-18 15:48:56.149 [info] > git config --get commit.template [8ms]
2024-02-18 15:48:56.149 [info] > git for-each-ref --format=%(refname)%00%(upstream:short)%00%(objectname)%00%(upstream:track)%00%(upstream:remotename)%00%(upstream:remoteref) refs/heads/main refs/remotes/main [2ms]
2024-02-18 15:48:56.297 [info] > git status -z -uall [141ms]
2024-02-18 15:49:01.368 [info] > git config --get commit.template [30ms]
2024-02-18 15:49:01.369 [info] > git for-each-ref --format=%(refname)%00%(upstream:short)%00%(objectname)%00%(upstream:track)%00%(upstream:remotename)%00%(upstream:remoteref) refs/heads/main refs/remotes/main [4ms]
2024-02-18 15:49:01.572 [info] > git status -z -uall [185ms]
2024-02-18 15:49:04.339 [info] > git show --textconv :blogger/app_server/views/homePage.pug [12ms]
2024-02-18 15:49:04.344 [info] > git ls-files --stage -- /home/bitnami/blogger/app_server/views/homePage.pug [6ms]
2024-02-18 15:49:06.626 [info] > git config --get commit.template [8ms]
2024-02-18 15:49:06.627 [info] > git for-each-ref --format=%(refname)%00%(upstream:short)%00%(objectname)%00%(upstream:track)%00%(upstream:remotename)%00%(upstream:remoteref) refs/heads/main refs/remotes/main [2ms]
2024-02-18 15:49:06.770 [info] > git status -z -uall [135ms]
2024-02-18 15:49:11.813 [info] > git config --get commit.template [11ms]
2024-02-18 15:49:11.813 [info] > git for-each-ref --format=%(refname)%00%(upstream:short)%00%(objectname)%00%(upstream:track)%00%(upstream:remotename)%00%(upstream:remoteref) refs/heads/main refs/remotes/main [1ms]
2024-02-18 15:49:11.977 [info] > git status -z -uall [155ms]
2024-02-18 15:49:18.174 [info] > git config --get commit.template [8ms]
2024-02-18 15:49:18.174 [info] > git for-each-ref --format=%(refname)%00%(upstream:short)%00%(objectname)%00%(upstream:track)%00%(upstream:remotename)%00%(upstream:remoteref) refs/heads/main refs/remotes/main [1ms]
2024-02-18 15:49:18.311 [info] > git status -z -uall [130ms]
2024-02-18 15:49:23.354 [info] > git config --get commit.template [1ms]
2024-02-18 15:49:23.363 [info] > git for-each-ref --format=%(refname)%00%(upstream:short)%00%(objectname)%00%(upstream:track)%00%(upstream:remotename)%00%(upstream:remoteref) refs/heads/main refs/remotes/main [2ms]
2024-02-18 15:49:23.506 [info] > git status -z -uall [133ms]
2024-02-18 15:49:28.556 [info] > git config --get commit.template [10ms]
2024-02-18 15:49:28.557 [info] > git for-each-ref --format=%(refname)%00%(upstream:short)%00%(objectname)%00%(upstream:track)%00%(upstream:remotename)%00%(upstream:remoteref) refs/heads/main refs/remotes/main [2ms]
2024-02-18 15:49:28.699 [info] > git status -z -uall [135ms]
2024-02-18 15:49:33.739 [info] > git config --get commit.template [7ms]
2024-02-18 15:49:33.740 [info] > git for-each-ref --format=%(refname)%00%(upstream:short)%00%(objectname)%00%(upstream:track)%00%(upstream:remotename)%00%(upstream:remoteref) refs/heads/main refs/remotes/main [2ms]
2024-02-18 15:49:33.881 [info] > git status -z -uall [135ms]
2024-02-18 15:49:38.924 [info] > git config --get commit.template [10ms]
2024-02-18 15:49:38.925 [info] > git for-each-ref --format=%(refname)%00%(upstream:short)%00%(objectname)%00%(upstream:track)%00%(upstream:remotename)%00%(upstream:remoteref) refs/heads/main refs/remotes/main [2ms]
2024-02-18 15:49:39.061 [info] > git status -z -uall [128ms]
2024-02-18 15:49:44.105 [info] > git config --get commit.template [13ms]
2024-02-18 15:49:44.106 [info] > git for-each-ref --format=%(refname)%00%(upstream:short)%00%(objectname)%00%(upstream:track)%00%(upstream:remotename)%00%(upstream:remoteref) refs/heads/main refs/remotes/main [2ms]
2024-02-18 15:49:44.244 [info] > git status -z -uall [132ms]
2024-02-18 15:49:49.285 [info] > git config --get commit.template [7ms]
2024-02-18 15:49:49.289 [info] > git for-each-ref --format=%(refname)%00%(upstream:short)%00%(objectname)%00%(upstream:track)%00%(upstream:remotename)%00%(upstream:remoteref) refs/heads/main refs/remotes/main [5ms]
2024-02-18 15:49:49.441 [info] > git status -z -uall [144ms]
2024-02-18 15:49:54.486 [info] > git config --get commit.template [8ms]
2024-02-18 15:49:54.487 [info] > git for-each-ref --format=%(refname)%00%(upstream:short)%00%(objectname)%00%(upstream:track)%00%(upstream:remotename)%00%(upstream:remoteref) refs/heads/main refs/remotes/main [2ms]
2024-02-18 15:49:54.638 [info] > git status -z -uall [142ms]
2024-02-18 15:49:59.683 [info] > git config --get commit.template [10ms]
2024-02-18 15:49:59.684 [info] > git for-each-ref --format=%(refname)%00%(upstream:short)%00%(objectname)%00%(upstream:track)%00%(upstream:remotename)%00%(upstream:remoteref) refs/heads/main refs/remotes/main [2ms]
2024-02-18 15:49:59.823 [info] > git status -z -uall [131ms]
2024-02-18 15:50:04.869 [info] > git config --get commit.template [11ms]
2024-02-18 15:50:04.869 [info] > git for-each-ref --format=%(refname)%00%(upstream:short)%00%(objectname)%00%(upstream:track)%00%(upstream:remotename)%00%(upstream:remoteref) refs/heads/main refs/remotes/main [2ms]
2024-02-18 15:50:05.002 [info] > git status -z -uall [125ms]
2024-02-18 15:50:10.034 [info] > git config --get commit.template [1ms]
2024-02-18 15:50:10.042 [info] > git for-each-ref --format=%(refname)%00%(upstream:short)%00%(objectname)%00%(upstream:track)%00%(upstream:remotename)%00%(upstream:remoteref) refs/heads/main refs/remotes/main [1ms]
2024-02-18 15:50:10.200 [info] > git status -z -uall [150ms]
2024-02-18 15:50:11.021 [info] > git check-ignore -v -z --stdin [8ms]
2024-02-18 15:50:11.672 [info] > git check-ignore -v -z --stdin [10ms]
2024-02-18 15:50:12.446 [info] > git check-ignore -v -z --stdin [7ms]
2024-02-18 15:50:15.258 [info] > git config --get commit.template [10ms]
2024-02-18 15:50:15.259 [info] > git for-each-ref --format=%(refname)%00%(upstream:short)%00%(objectname)%00%(upstream:track)%00%(upstream:remotename)%00%(upstream:remoteref) refs/heads/main refs/remotes/main [2ms]
2024-02-18 15:50:15.390 [info] > git status -z -uall [122ms]
2024-02-18 15:50:16.373 [info] > git ls-files --stage -- /home/bitnami/blogger/node_modules/express/lib/application.js [8ms]
2024-02-18 15:50:16.392 [info] > git show --textconv :blogger/node_modules/express/lib/application.js [38ms]
2024-02-18 15:50:16.395 [info] > git cat-file -s ebb30b51b3d6e84d33288251d11ab92d8462c181 [5ms]
2024-02-18 15:50:20.431 [info] > git config --get commit.template [9ms]
2024-02-18 15:50:20.433 [info] > git for-each-ref --format=%(refname)%00%(upstream:short)%00%(objectname)%00%(upstream:track)%00%(upstream:remotename)%00%(upstream:remoteref) refs/heads/main refs/remotes/main [3ms]
2024-02-18 15:50:20.621 [info] > git status -z -uall [179ms]
2024-02-18 15:50:25.672 [info] > git config --get commit.template [10ms]
2024-02-18 15:50:25.673 [info] > git for-each-ref --format=%(refname)%00%(upstream:short)%00%(objectname)%00%(upstream:track)%00%(upstream:remotename)%00%(upstream:remoteref) refs/heads/main refs/remotes/main [1ms]
2024-02-18 15:50:25.810 [info] > git status -z -uall [129ms]
2024-02-18 15:50:30.876 [info] > git config --get commit.template [18ms]
2024-02-18 15:50:30.879 [info] > git for-each-ref --format=%(refname)%00%(upstream:short)%00%(objectname)%00%(upstream:track)%00%(upstream:remotename)%00%(upstream:remoteref) refs/heads/main refs/remotes/main [4ms]
2024-02-18 15:50:31.072 [info] > git status -z -uall [180ms]
2024-02-18 15:50:36.115 [info] > git config --get commit.template [8ms]
2024-02-18 15:50:36.115 [info] > git for-each-ref --format=%(refname)%00%(upstream:short)%00%(objectname)%00%(upstream:track)%00%(upstream:remotename)%00%(upstream:remoteref) refs/heads/main refs/remotes/main [2ms]
2024-02-18 15:50:36.260 [info] > git status -z -uall [138ms]
2024-02-18 15:50:41.308 [info] > git config --get commit.template [10ms]
2024-02-18 15:50:41.309 [info] > git for-each-ref --format=%(refname)%00%(upstream:short)%00%(objectname)%00%(upstream:track)%00%(upstream:remotename)%00%(upstream:remoteref) refs/heads/main refs/remotes/main [2ms]
2024-02-18 15:50:41.622 [info] > git status -z -uall [305ms]
2024-02-18 15:50:46.666 [info] > git config --get commit.template [10ms]
2024-02-18 15:50:46.667 [info] > git for-each-ref --format=%(refname)%00%(upstream:short)%00%(objectname)%00%(upstream:track)%00%(upstream:remotename)%00%(upstream:remoteref) refs/heads/main refs/remotes/main [2ms]
2024-02-18 15:50:46.808 [info] > git status -z -uall [132ms]
2024-02-18 15:50:51.853 [info] > git config --get commit.template [9ms]
2024-02-18 15:50:51.853 [info] > git for-each-ref --format=%(refname)%00%(upstream:short)%00%(objectname)%00%(upstream:track)%00%(upstream:remotename)%00%(upstream:remoteref) refs/heads/main refs/remotes/main [2ms]
2024-02-18 15:50:51.997 [info] > git status -z -uall [135ms]
2024-02-18 15:50:57.301 [info] > git config --get commit.template [3ms]
2024-02-18 15:50:57.312 [info] > git for-each-ref --format=%(refname)%00%(upstream:short)%00%(objectname)%00%(upstream:track)%00%(upstream:remotename)%00%(upstream:remoteref) refs/heads/main refs/remotes/main [1ms]
2024-02-18 15:50:57.456 [info] > git status -z -uall [134ms]
2024-02-18 15:51:02.504 [info] > git config --get commit.template [10ms]
2024-02-18 15:51:02.505 [info] > git for-each-ref --format=%(refname)%00%(upstream:short)%00%(objectname)%00%(upstream:track)%00%(upstream:remotename)%00%(upstream:remoteref) refs/heads/main refs/remotes/main [3ms]
2024-02-18 15:51:02.653 [info] > git status -z -uall [140ms]
2024-02-18 15:51:07.701 [info] > git config --get commit.template [12ms]
2024-02-18 15:51:07.702 [info] > git for-each-ref --format=%(refname)%00%(upstream:short)%00%(objectname)%00%(upstream:track)%00%(upstream:remotename)%00%(upstream:remoteref) refs/heads/main refs/remotes/main [2ms]
2024-02-18 15:51:07.848 [info] > git status -z -uall [137ms]
2024-02-18 15:51:12.893 [info] > git config --get commit.template [8ms]
2024-02-18 15:51:12.893 [info] > git for-each-ref --format=%(refname)%00%(upstream:short)%00%(objectname)%00%(upstream:track)%00%(upstream:remotename)%00%(upstream:remoteref) refs/heads/main refs/remotes/main [1ms]
2024-02-18 15:51:13.064 [info] > git status -z -uall [150ms]
2024-02-18 15:51:18.108 [info] > git config --get commit.template [9ms]
2024-02-18 15:51:18.108 [info] > git for-each-ref --format=%(refname)%00%(upstream:short)%00%(objectname)%00%(upstream:track)%00%(upstream:remotename)%00%(upstream:remoteref) refs/heads/main refs/remotes/main [1ms]
2024-02-18 15:51:18.246 [info] > git status -z -uall [131ms]
2024-02-18 15:51:23.291 [info] > git config --get commit.template [8ms]
2024-02-18 15:51:23.292 [info] > git for-each-ref --format=%(refname)%00%(upstream:short)%00%(objectname)%00%(upstream:track)%00%(upstream:remotename)%00%(upstream:remoteref) refs/heads/main refs/remotes/main [2ms]
2024-02-18 15:51:23.423 [info] > git status -z -uall [123ms]
2024-02-18 15:51:28.468 [info] > git config --get commit.template [9ms]
2024-02-18 15:51:28.469 [info] > git for-each-ref --format=%(refname)%00%(upstream:short)%00%(objectname)%00%(upstream:track)%00%(upstream:remotename)%00%(upstream:remoteref) refs/heads/main refs/remotes/main [2ms]
2024-02-18 15:51:28.632 [info] > git status -z -uall [157ms]
2024-02-18 15:51:33.679 [info] > git config --get commit.template [9ms]
2024-02-18 15:51:33.680 [info] > git for-each-ref --format=%(refname)%00%(upstream:short)%00%(objectname)%00%(upstream:track)%00%(upstream:remotename)%00%(upstream:remoteref) refs/heads/main refs/remotes/main [2ms]
2024-02-18 15:51:33.827 [info] > git status -z -uall [140ms]
2024-02-18 15:51:38.872 [info] > git config --get commit.template [10ms]
2024-02-18 15:51:38.873 [info] > git for-each-ref --format=%(refname)%00%(upstream:short)%00%(objectname)%00%(upstream:track)%00%(upstream:remotename)%00%(upstream:remoteref) refs/heads/main refs/remotes/main [2ms]
2024-02-18 15:51:39.003 [info] > git status -z -uall [121ms]
2024-02-18 15:51:44.061 [info] > git config --get commit.template [13ms]
2024-02-18 15:51:44.062 [info] > git for-each-ref --format=%(refname)%00%(upstream:short)%00%(objectname)%00%(upstream:track)%00%(upstream:remotename)%00%(upstream:remoteref) refs/heads/main refs/remotes/main [2ms]
2024-02-18 15:51:44.201 [info] > git status -z -uall [130ms]
2024-02-18 15:51:49.244 [info] > git config --get commit.template [8ms]
2024-02-18 15:51:49.245 [info] > git for-each-ref --format=%(refname)%00%(upstream:short)%00%(objectname)%00%(upstream:track)%00%(upstream:remotename)%00%(upstream:remoteref) refs/heads/main refs/remotes/main [2ms]
2024-02-18 15:51:49.389 [info] > git status -z -uall [135ms]
2024-02-18 15:51:54.431 [info] > git config --get commit.template [10ms]
2024-02-18 15:51:54.431 [info] > git for-each-ref --format=%(refname)%00%(upstream:short)%00%(objectname)%00%(upstream:track)%00%(upstream:remotename)%00%(upstream:remoteref) refs/heads/main refs/remotes/main [1ms]
2024-02-18 15:51:54.566 [info] > git status -z -uall [127ms]
2024-02-18 15:51:59.622 [info] > git config --get commit.template [11ms]
2024-02-18 15:51:59.623 [info] > git for-each-ref --format=%(refname)%00%(upstream:short)%00%(objectname)%00%(upstream:track)%00%(upstream:remotename)%00%(upstream:remoteref) refs/heads/main refs/remotes/main [2ms]
2024-02-18 15:51:59.768 [info] > git status -z -uall [136ms]
2024-02-18 15:52:04.811 [info] > git config --get commit.template [9ms]
2024-02-18 15:52:04.811 [info] > git for-each-ref --format=%(refname)%00%(upstream:short)%00%(objectname)%00%(upstream:track)%00%(upstream:remotename)%00%(upstream:remoteref) refs/heads/main refs/remotes/main [1ms]
2024-02-18 15:52:04.949 [info] > git status -z -uall [127ms]
2024-02-18 15:52:10.011 [info] > git config --get commit.template [25ms]
2024-02-18 15:52:10.012 [info] > git for-each-ref --format=%(refname)%00%(upstream:short)%00%(objectname)%00%(upstream:track)%00%(upstream:remotename)%00%(upstream:remoteref) refs/heads/main refs/remotes/main [5ms]
2024-02-18 15:52:10.162 [info] > git status -z -uall [139ms]
2024-02-18 15:52:15.215 [info] > git config --get commit.template [10ms]
2024-02-18 15:52:15.217 [info] > git for-each-ref --format=%(refname)%00%(upstream:short)%00%(objectname)%00%(upstream:track)%00%(upstream:remotename)%00%(upstream:remoteref) refs/heads/main refs/remotes/main [3ms]
2024-02-18 15:52:15.374 [info] > git status -z -uall [148ms]
2024-02-18 15:52:20.418 [info] > git config --get commit.template [8ms]
2024-02-18 15:52:20.419 [info] > git for-each-ref --format=%(refname)%00%(upstream:short)%00%(objectname)%00%(upstream:track)%00%(upstream:remotename)%00%(upstream:remoteref) refs/heads/main refs/remotes/main [2ms]
2024-02-18 15:52:20.563 [info] > git status -z -uall [137ms]
2024-02-18 15:52:25.609 [info] > git config --get commit.template [9ms]
2024-02-18 15:52:25.610 [info] > git for-each-ref --format=%(refname)%00%(upstream:short)%00%(objectname)%00%(upstream:track)%00%(upstream:remotename)%00%(upstream:remoteref) refs/heads/main refs/remotes/main [2ms]
2024-02-18 15:52:25.745 [info] > git status -z -uall [125ms]
2024-02-18 15:52:30.788 [info] > git config --get commit.template [2ms]
2024-02-18 15:52:30.812 [info] > git for-each-ref --format=%(refname)%00%(upstream:short)%00%(objectname)%00%(upstream:track)%00%(upstream:remotename)%00%(upstream:remoteref) refs/heads/main refs/remotes/main [1ms]
2024-02-18 15:52:30.982 [info] > git status -z -uall [157ms]
2024-02-18 15:52:33.319 [info] > git show --textconv :blogger/app.js [29ms]
2024-02-18 15:52:33.322 [info] > git ls-files --stage -- /home/bitnami/blogger/app.js [9ms]
2024-02-18 15:52:33.353 [info] > git cat-file -s 1211cd1ff018da2ca3b8217886c287ad4e1bb71f [10ms]
2024-02-18 15:52:36.026 [info] > git config --get commit.template [10ms]
2024-02-18 15:52:36.027 [info] > git for-each-ref --format=%(refname)%00%(upstream:short)%00%(objectname)%00%(upstream:track)%00%(upstream:remotename)%00%(upstream:remoteref) refs/heads/main refs/remotes/main [2ms]
2024-02-18 15:52:36.171 [info] > git status -z -uall [135ms]
2024-02-18 15:52:41.213 [info] > git config --get commit.template [9ms]
2024-02-18 15:52:41.214 [info] > git for-each-ref --format=%(refname)%00%(upstream:short)%00%(objectname)%00%(upstream:track)%00%(upstream:remotename)%00%(upstream:remoteref) refs/heads/main refs/remotes/main [2ms]
2024-02-18 15:52:41.361 [info] > git status -z -uall [139ms]
2024-02-18 15:52:46.495 [info] > git config --get commit.template [13ms]
2024-02-18 15:52:46.496 [info] > git for-each-ref --format=%(refname)%00%(upstream:short)%00%(objectname)%00%(upstream:track)%00%(upstream:remotename)%00%(upstream:remoteref) refs/heads/main refs/remotes/main [2ms]
2024-02-18 15:52:46.628 [info] > git status -z -uall [123ms]
2024-02-18 15:55:30.117 [info] > git config --get commit.template [9ms]
2024-02-18 15:55:30.117 [info] > git for-each-ref --format=%(refname)%00%(upstream:short)%00%(objectname)%00%(upstream:track)%00%(upstream:remotename)%00%(upstream:remoteref) refs/heads/main refs/remotes/main [2ms]
2024-02-18 15:55:30.253 [info] > git status -z -uall [128ms]
2024-02-18 15:55:35.327 [info] > git config --get commit.template [9ms]
2024-02-18 15:55:35.328 [info] > git for-each-ref --format=%(refname)%00%(upstream:short)%00%(objectname)%00%(upstream:track)%00%(upstream:remotename)%00%(upstream:remoteref) refs/heads/main refs/remotes/main [2ms]
2024-02-18 15:55:35.461 [info] > git status -z -uall [125ms]
2024-02-18 15:55:40.533 [info] > git config --get commit.template [2ms]
2024-02-18 15:55:40.553 [info] > git for-each-ref --format=%(refname)%00%(upstream:short)%00%(objectname)%00%(upstream:track)%00%(upstream:remotename)%00%(upstream:remoteref) refs/heads/main refs/remotes/main [2ms]
2024-02-18 15:55:40.934 [info] > git status -z -uall [349ms]
2024-02-18 15:55:47.427 [info] > git config --get commit.template [9ms]
2024-02-18 15:55:47.427 [info] > git for-each-ref --format=%(refname)%00%(upstream:short)%00%(objectname)%00%(upstream:track)%00%(upstream:remotename)%00%(upstream:remoteref) refs/heads/main refs/remotes/main [1ms]
2024-02-18 15:55:47.557 [info] > git status -z -uall [122ms]
2024-02-18 15:57:12.755 [info] > git config --get commit.template [1ms]
2024-02-18 15:57:12.765 [info] > git for-each-ref --format=%(refname)%00%(upstream:short)%00%(objectname)%00%(upstream:track)%00%(upstream:remotename)%00%(upstream:remoteref) refs/heads/main refs/remotes/main [1ms]
2024-02-18 15:57:12.910 [info] > git status -z -uall [137ms]
2024-02-18 15:57:17.971 [info] > git config --get commit.template [10ms]
2024-02-18 15:57:17.972 [info] > git for-each-ref --format=%(refname)%00%(upstream:short)%00%(objectname)%00%(upstream:track)%00%(upstream:remotename)%00%(upstream:remoteref) refs/heads/main refs/remotes/main [3ms]
2024-02-18 15:57:18.108 [info] > git status -z -uall [128ms]
2024-02-18 15:57:36.493 [info] > git config --get commit.template [9ms]
2024-02-18 15:57:36.493 [info] > git for-each-ref --format=%(refname)%00%(upstream:short)%00%(objectname)%00%(upstream:track)%00%(upstream:remotename)%00%(upstream:remoteref) refs/heads/main refs/remotes/main [2ms]
2024-02-18 15:57:36.637 [info] > git status -z -uall [132ms]
2024-02-18 15:57:41.695 [info] > git config --get commit.template [14ms]
2024-02-18 15:57:41.698 [info] > git for-each-ref --format=%(refname)%00%(upstream:short)%00%(objectname)%00%(upstream:track)%00%(upstream:remotename)%00%(upstream:remoteref) refs/heads/main refs/remotes/main [4ms]
2024-02-18 15:57:41.899 [info] > git status -z -uall [191ms]
2024-02-18 15:57:46.946 [info] > git config --get commit.template [2ms]
2024-02-18 15:57:46.966 [info] > git for-each-ref --format=%(refname)%00%(upstream:short)%00%(objectname)%00%(upstream:track)%00%(upstream:remotename)%00%(upstream:remoteref) refs/heads/main refs/remotes/main [3ms]
2024-02-18 15:57:47.086 [info] > git status -z -uall [111ms]
2024-02-18 15:57:52.145 [info] > git config --get commit.template [8ms]
2024-02-18 15:57:52.146 [info] > git for-each-ref --format=%(refname)%00%(upstream:short)%00%(objectname)%00%(upstream:track)%00%(upstream:remotename)%00%(upstream:remoteref) refs/heads/main refs/remotes/main [2ms]
2024-02-18 15:57:52.288 [info] > git status -z -uall [136ms]
2024-02-18 15:57:57.342 [info] > git config --get commit.template [9ms]
2024-02-18 15:57:57.344 [info] > git for-each-ref --format=%(refname)%00%(upstream:short)%00%(objectname)%00%(upstream:track)%00%(upstream:remotename)%00%(upstream:remoteref) refs/heads/main refs/remotes/main [3ms]
2024-02-18 15:57:57.476 [info] > git status -z -uall [125ms]
2024-02-18 15:58:02.515 [info] > git config --get commit.template [2ms]
2024-02-18 15:58:02.527 [info] > git for-each-ref --format=%(refname)%00%(upstream:short)%00%(objectname)%00%(upstream:track)%00%(upstream:remotename)%00%(upstream:remoteref) refs/heads/main refs/remotes/main [1ms]
2024-02-18 15:58:02.680 [info] > git status -z -uall [142ms]
2024-02-18 15:58:07.725 [info] > git config --get commit.template [10ms]
2024-02-18 15:58:07.726 [info] > git for-each-ref --format=%(refname)%00%(upstream:short)%00%(objectname)%00%(upstream:track)%00%(upstream:remotename)%00%(upstream:remoteref) refs/heads/main refs/remotes/main [1ms]
2024-02-18 15:58:07.856 [info] > git status -z -uall [119ms]
2024-02-18 15:58:12.919 [info] > git config --get commit.template [4ms]
2024-02-18 15:58:12.930 [info] > git for-each-ref --format=%(refname)%00%(upstream:short)%00%(objectname)%00%(upstream:track)%00%(upstream:remotename)%00%(upstream:remoteref) refs/heads/main refs/remotes/main [2ms]
2024-02-18 15:58:13.067 [info] > git status -z -uall [128ms]
2024-02-18 15:58:18.112 [info] > git config --get commit.template [9ms]
2024-02-18 15:58:18.113 [info] > git for-each-ref --format=%(refname)%00%(upstream:short)%00%(objectname)%00%(upstream:track)%00%(upstream:remotename)%00%(upstream:remoteref) refs/heads/main refs/remotes/main [2ms]
2024-02-18 15:58:18.253 [info] > git status -z -uall [124ms]
2024-02-18 15:58:25.308 [info] > git config --get commit.template [13ms]
2024-02-18 15:58:25.310 [info] > git for-each-ref --format=%(refname)%00%(upstream:short)%00%(objectname)%00%(upstream:track)%00%(upstream:remotename)%00%(upstream:remoteref) refs/heads/main refs/remotes/main [3ms]
2024-02-18 15:58:25.445 [info] > git status -z -uall [129ms]
2024-02-18 15:58:30.489 [info] > git config --get commit.template [10ms]
2024-02-18 15:58:30.490 [info] > git for-each-ref --format=%(refname)%00%(upstream:short)%00%(objectname)%00%(upstream:track)%00%(upstream:remotename)%00%(upstream:remoteref) refs/heads/main refs/remotes/main [2ms]
2024-02-18 15:58:30.652 [info] > git status -z -uall [153ms]
2024-02-18 15:58:35.699 [info] > git config --get commit.template [11ms]
2024-02-18 15:58:35.700 [info] > git for-each-ref --format=%(refname)%00%(upstream:short)%00%(objectname)%00%(upstream:track)%00%(upstream:remotename)%00%(upstream:remoteref) refs/heads/main refs/remotes/main [1ms]
2024-02-18 15:58:35.851 [info] > git status -z -uall [144ms]
2024-02-18 15:58:40.902 [info] > git config --get commit.template [9ms]
2024-02-18 15:58:40.903 [info] > git for-each-ref --format=%(refname)%00%(upstream:short)%00%(objectname)%00%(upstream:track)%00%(upstream:remotename)%00%(upstream:remoteref) refs/heads/main refs/remotes/main [2ms]
2024-02-18 15:58:41.053 [info] > git status -z -uall [140ms]
2024-02-18 15:58:46.095 [info] > git config --get commit.template [1ms]
2024-02-18 15:58:46.106 [info] > git for-each-ref --format=%(refname)%00%(upstream:short)%00%(objectname)%00%(upstream:track)%00%(upstream:remotename)%00%(upstream:remoteref) refs/heads/main refs/remotes/main [2ms]
2024-02-18 15:58:46.256 [info] > git status -z -uall [141ms]
2024-02-18 15:58:51.309 [info] > git config --get commit.template [18ms]
2024-02-18 15:58:51.310 [info] > git for-each-ref --format=%(refname)%00%(upstream:short)%00%(objectname)%00%(upstream:track)%00%(upstream:remotename)%00%(upstream:remoteref) refs/heads/main refs/remotes/main [3ms]
2024-02-18 15:58:51.454 [info] > git status -z -uall [136ms]
2024-02-18 15:58:56.496 [info] > git config --get commit.template [9ms]
2024-02-18 15:58:56.496 [info] > git for-each-ref --format=%(refname)%00%(upstream:short)%00%(objectname)%00%(upstream:track)%00%(upstream:remotename)%00%(upstream:remoteref) refs/heads/main refs/remotes/main [1ms]
2024-02-18 15:58:56.641 [info] > git status -z -uall [137ms]
2024-02-18 15:59:01.676 [info] > git config --get commit.template [1ms]
2024-02-18 15:59:01.686 [info] > git for-each-ref --format=%(refname)%00%(upstream:short)%00%(objectname)%00%(upstream:track)%00%(upstream:remotename)%00%(upstream:remoteref) refs/heads/main refs/remotes/main [1ms]
2024-02-18 15:59:01.903 [info] > git status -z -uall [207ms]
2024-02-18 15:59:07.318 [info] > git config --get commit.template [11ms]
2024-02-18 15:59:07.319 [info] > git for-each-ref --format=%(refname)%00%(upstream:short)%00%(objectname)%00%(upstream:track)%00%(upstream:remotename)%00%(upstream:remoteref) refs/heads/main refs/remotes/main [2ms]
2024-02-18 15:59:07.465 [info] > git status -z -uall [137ms]
2024-02-18 15:59:12.520 [info] > git config --get commit.template [9ms]
2024-02-18 15:59:12.521 [info] > git for-each-ref --format=%(refname)%00%(upstream:short)%00%(objectname)%00%(upstream:track)%00%(upstream:remotename)%00%(upstream:remoteref) refs/heads/main refs/remotes/main [2ms]
2024-02-18 15:59:12.673 [info] > git status -z -uall [145ms]
2024-02-18 15:59:17.813 [info] > git config --get commit.template [9ms]
2024-02-18 15:59:17.814 [info] > git for-each-ref --format=%(refname)%00%(upstream:short)%00%(objectname)%00%(upstream:track)%00%(upstream:remotename)%00%(upstream:remoteref) refs/heads/main refs/remotes/main [1ms]
2024-02-18 15:59:17.942 [info] > git status -z -uall [120ms]
2024-02-18 15:59:22.985 [info] > git config --get commit.template [10ms]
2024-02-18 15:59:22.987 [info] > git for-each-ref --format=%(refname)%00%(upstream:short)%00%(objectname)%00%(upstream:track)%00%(upstream:remotename)%00%(upstream:remoteref) refs/heads/main refs/remotes/main [3ms]
2024-02-18 15:59:23.130 [info] > git status -z -uall [123ms]
2024-02-18 15:59:28.165 [info] > git config --get commit.template [1ms]
2024-02-18 15:59:28.174 [info] > git for-each-ref --format=%(refname)%00%(upstream:short)%00%(objectname)%00%(upstream:track)%00%(upstream:remotename)%00%(upstream:remoteref) refs/heads/main refs/remotes/main [1ms]
2024-02-18 15:59:28.306 [info] > git status -z -uall [124ms]
2024-02-18 15:59:33.342 [info] > git config --get commit.template [1ms]
2024-02-18 15:59:33.351 [info] > git for-each-ref --format=%(refname)%00%(upstream:short)%00%(objectname)%00%(upstream:track)%00%(upstream:remotename)%00%(upstream:remoteref) refs/heads/main refs/remotes/main [1ms]
2024-02-18 15:59:33.489 [info] > git status -z -uall [131ms]
2024-02-18 15:59:38.538 [info] > git config --get commit.template [3ms]
2024-02-18 15:59:38.551 [info] > git for-each-ref --format=%(refname)%00%(upstream:short)%00%(objectname)%00%(upstream:track)%00%(upstream:remotename)%00%(upstream:remoteref) refs/heads/main refs/remotes/main [3ms]
2024-02-18 15:59:38.687 [info] > git status -z -uall [127ms]
2024-02-18 15:59:43.731 [info] > git config --get commit.template [10ms]
2024-02-18 15:59:43.733 [info] > git for-each-ref --format=%(refname)%00%(upstream:short)%00%(objectname)%00%(upstream:track)%00%(upstream:remotename)%00%(upstream:remoteref) refs/heads/main refs/remotes/main [2ms]
2024-02-18 15:59:43.870 [info] > git status -z -uall [125ms]
2024-02-18 15:59:48.925 [info] > git config --get commit.template [16ms]
2024-02-18 15:59:48.925 [info] > git for-each-ref --format=%(refname)%00%(upstream:short)%00%(objectname)%00%(upstream:track)%00%(upstream:remotename)%00%(upstream:remoteref) refs/heads/main refs/remotes/main [1ms]
2024-02-18 15:59:49.093 [info] > git status -z -uall [159ms]
2024-02-18 15:59:54.690 [info] > git config --get commit.template [10ms]
2024-02-18 15:59:54.690 [info] > git for-each-ref --format=%(refname)%00%(upstream:short)%00%(objectname)%00%(upstream:track)%00%(upstream:remotename)%00%(upstream:remoteref) refs/heads/main refs/remotes/main [2ms]
2024-02-18 15:59:54.848 [info] > git status -z -uall [147ms]
2024-02-18 15:59:59.900 [info] > git config --get commit.template [13ms]
2024-02-18 15:59:59.901 [info] > git for-each-ref --format=%(refname)%00%(upstream:short)%00%(objectname)%00%(upstream:track)%00%(upstream:remotename)%00%(upstream:remoteref) refs/heads/main refs/remotes/main [2ms]
2024-02-18 16:00:00.217 [info] > git status -z -uall [306ms]
2024-02-18 16:00:33.286 [info] > git config --get commit.template [3ms]
2024-02-18 16:00:33.316 [info] > git for-each-ref --format=%(refname)%00%(upstream:short)%00%(objectname)%00%(upstream:track)%00%(upstream:remotename)%00%(upstream:remoteref) refs/heads/main refs/remotes/main [7ms]
2024-02-18 16:00:33.489 [info] > git status -z -uall [153ms]
2024-02-18 16:00:38.559 [info] > git config --get commit.template [2ms]
2024-02-18 16:00:38.569 [info] > git for-each-ref --format=%(refname)%00%(upstream:short)%00%(objectname)%00%(upstream:track)%00%(upstream:remotename)%00%(upstream:remoteref) refs/heads/main refs/remotes/main [2ms]
2024-02-18 16:00:38.723 [info] > git status -z -uall [142ms]
2024-02-18 16:00:39.943 [info] > git check-ignore -v -z --stdin [7ms]
2024-02-18 16:00:40.777 [info] > git merge-base refs/heads/main refs/remotes/origin/main [10ms]
2024-02-18 16:00:40.786 [info] > git merge-base refs/heads/master refs/remotes/origin/master [9ms]
2024-02-18 16:00:40.795 [info] > git rev-list --count --left-right refs/heads/master...refs/remotes/origin/master [1ms]
2024-02-18 16:00:40.797 [info] > git rev-list --count --left-right refs/heads/main...refs/remotes/origin/main [12ms]
2024-02-18 16:00:41.546 [info] > git check-ignore -v -z --stdin [21ms]
2024-02-18 16:00:44.704 [info] > git config --get commit.template [26ms]
2024-02-18 16:00:44.752 [info] > git for-each-ref --format=%(refname)%00%(upstream:short)%00%(objectname)%00%(upstream:track)%00%(upstream:remotename)%00%(upstream:remoteref) refs/heads/main refs/remotes/main [4ms]
2024-02-18 16:00:44.938 [info] > git status -z -uall [173ms]
