2024-02-11 23:18:26.090 [info] Log level: Info
2024-02-11 23:18:26.090 [info] Validating found git in: "git"
2024-02-11 23:18:26.090 [info] Using git "2.30.2" from "git"
2024-02-11 23:18:26.090 [info] > git rev-parse --show-toplevel [9ms]
2024-02-11 23:18:26.090 [info] > git rev-parse --git-dir --git-common-dir [11ms]
2024-02-11 23:18:26.090 [info] Open repository: /home/bitnami
2024-02-11 23:18:26.090 [info] > git config --get commit.template [12ms]
2024-02-11 23:18:26.103 [info] > git rev-parse --show-toplevel [24ms]
2024-02-11 23:18:26.148 [info] > git rev-parse --show-toplevel [38ms]
2024-02-11 23:18:26.148 [info] > git for-each-ref --format=%(refname)%00%(upstream:short)%00%(objectname)%00%(upstream:track)%00%(upstream:remotename)%00%(upstream:remoteref) refs/heads/main refs/remotes/main [48ms]
2024-02-11 23:18:26.159 [info] > git rev-parse --show-toplevel [1ms]
2024-02-11 23:18:26.175 [info] > git rev-parse --show-toplevel [8ms]
2024-02-11 23:18:26.189 [info] > git rev-parse --show-toplevel [7ms]
2024-02-11 23:18:26.196 [info] > git rev-parse --show-toplevel [1ms]
2024-02-11 23:18:26.204 [info] > git rev-parse --show-toplevel [2ms]
2024-02-11 23:18:26.240 [info] > git rev-parse --show-toplevel [18ms]
2024-02-11 23:18:26.291 [info] > git rev-parse --show-toplevel [18ms]
2024-02-11 23:18:26.324 [info] > git rev-parse --show-toplevel [2ms]
2024-02-11 23:18:26.343 [info] > git rev-parse --show-toplevel [4ms]
2024-02-11 23:18:26.359 [info] > git rev-parse --show-toplevel [2ms]
2024-02-11 23:18:26.372 [info] > git rev-parse --show-toplevel [5ms]
2024-02-11 23:18:26.381 [info] > git rev-parse --git-dir --git-common-dir [3ms]
2024-02-11 23:18:26.388 [info] Open repository: /home/bitnami/todo
2024-02-11 23:18:26.420 [info] > git config --get commit.template [19ms]
2024-02-11 23:18:26.420 [info] > git rev-parse --show-toplevel [2ms]
2024-02-11 23:18:26.494 [info] > git for-each-ref --format=%(refname)%00%(upstream:short)%00%(objectname)%00%(upstream:track)%00%(upstream:remotename)%00%(upstream:remoteref) refs/heads/master refs/remotes/master [16ms]
2024-02-11 23:18:26.515 [warning] ENOENT: no such file or directory, open '/home/bitnami/todo/.git/refs/remotes/origin/master'
2024-02-11 23:18:26.526 [info] > git rev-parse refs/remotes/origin/master [12ms]
2024-02-11 23:18:26.550 [info] > git status -z -uall [16ms]
2024-02-11 23:18:26.585 [info] > git config --get commit.template [16ms]
2024-02-11 23:18:26.589 [info] > git for-each-ref --format=%(refname)%00%(upstream:short)%00%(objectname)%00%(upstream:track)%00%(upstream:remotename)%00%(upstream:remoteref) refs/heads/master refs/remotes/master [5ms]
2024-02-11 23:18:26.594 [warning] ENOENT: no such file or directory, open '/home/bitnami/todo/.git/refs/remotes/origin/master'
2024-02-11 23:18:26.598 [info] > git rev-parse refs/remotes/origin/master [3ms]
2024-02-11 23:18:26.607 [info] > git status -z -uall [4ms]
2024-02-11 23:18:27.043 [info] > git check-ignore -v -z --stdin [9ms]
2024-02-11 23:18:27.050 [info] > git check-ignore -v -z --stdin [41ms]
2024-02-11 23:18:27.443 [info] > git status -z -uall [1269ms]
2024-02-11 23:18:28.140 [info] > git config --get commit.template [10ms]
2024-02-11 23:18:28.180 [info] > git for-each-ref --format=%(refname)%00%(upstream:short)%00%(objectname)%00%(upstream:track)%00%(upstream:remotename)%00%(upstream:remoteref) refs/heads/main refs/remotes/main [32ms]
2024-02-11 23:18:28.328 [info] > git status -z -uall [140ms]
2024-02-11 23:18:34.920 [info] > git config --get commit.template [7ms]
2024-02-11 23:18:34.920 [info] > git for-each-ref --format=%(refname)%00%(upstream:short)%00%(objectname)%00%(upstream:track)%00%(upstream:remotename)%00%(upstream:remoteref) refs/heads/main refs/remotes/main [1ms]
2024-02-11 23:18:35.068 [info] > git status -z -uall [140ms]
2024-02-11 23:18:35.548 [info] > git check-ignore -v -z --stdin [9ms]
2024-02-11 23:18:37.620 [info] > git check-ignore -v -z --stdin [8ms]
2024-02-11 23:18:39.188 [info] > git check-ignore -v -z --stdin [22ms]
2024-02-11 23:18:40.115 [info] > git config --get commit.template [2ms]
2024-02-11 23:18:40.124 [info] > git for-each-ref --format=%(refname)%00%(upstream:short)%00%(objectname)%00%(upstream:track)%00%(upstream:remotename)%00%(upstream:remoteref) refs/heads/main refs/remotes/main [2ms]
2024-02-11 23:18:40.236 [info] > git status -z -uall [106ms]
2024-02-11 23:18:42.387 [info] > git ls-files --stage -- /home/bitnami/blogger/app.js [31ms]
2024-02-11 23:18:42.408 [info] > git show --textconv :blogger/app.js [76ms]
2024-02-11 23:18:42.421 [info] > git cat-file -s c7a42c8179ac125c75e19f49b94c6d0b712f454b [19ms]
2024-02-11 23:18:45.306 [info] > git config --get commit.template [13ms]
2024-02-11 23:18:45.310 [info] > git for-each-ref --format=%(refname)%00%(upstream:short)%00%(objectname)%00%(upstream:track)%00%(upstream:remotename)%00%(upstream:remoteref) refs/heads/main refs/remotes/main [7ms]
2024-02-11 23:18:45.695 [info] > git status -z -uall [364ms]
2024-02-11 23:18:50.805 [info] > git config --get commit.template [21ms]
2024-02-11 23:18:50.811 [info] > git for-each-ref --format=%(refname)%00%(upstream:short)%00%(objectname)%00%(upstream:track)%00%(upstream:remotename)%00%(upstream:remoteref) refs/heads/main refs/remotes/main [21ms]
2024-02-11 23:18:51.199 [info] > git status -z -uall [382ms]
2024-02-11 23:18:56.321 [info] > git config --get commit.template [2ms]
2024-02-11 23:18:56.330 [info] > git for-each-ref --format=%(refname)%00%(upstream:short)%00%(objectname)%00%(upstream:track)%00%(upstream:remotename)%00%(upstream:remoteref) refs/heads/main refs/remotes/main [1ms]
2024-02-11 23:18:56.444 [info] > git status -z -uall [107ms]
2024-02-11 23:19:01.290 [info] > git check-ignore -v -z --stdin [6ms]
2024-02-11 23:19:01.498 [info] > git config --get commit.template [5ms]
2024-02-11 23:19:01.508 [info] > git for-each-ref --format=%(refname)%00%(upstream:short)%00%(objectname)%00%(upstream:track)%00%(upstream:remotename)%00%(upstream:remoteref) refs/heads/main refs/remotes/main [2ms]
2024-02-11 23:19:01.644 [info] > git status -z -uall [129ms]
2024-02-11 23:19:03.171 [info] > git check-ignore -v -z --stdin [9ms]
2024-02-11 23:19:05.271 [info] > git check-ignore -v -z --stdin [6ms]
2024-02-11 23:19:05.808 [info] > git show --textconv :blogger/routes/index.js [12ms]
2024-02-11 23:19:05.811 [info] > git ls-files --stage -- /home/bitnami/blogger/routes/index.js [6ms]
2024-02-11 23:19:05.819 [info] > git cat-file -s 9638de429b2d0c4c144f084a02758224bec1f28f [1ms]
2024-02-11 23:19:06.722 [info] > git config --get commit.template [8ms]
2024-02-11 23:19:06.722 [info] > git for-each-ref --format=%(refname)%00%(upstream:short)%00%(objectname)%00%(upstream:track)%00%(upstream:remotename)%00%(upstream:remoteref) refs/heads/main refs/remotes/main [2ms]
2024-02-11 23:19:06.852 [info] > git status -z -uall [120ms]
2024-02-11 23:19:08.761 [info] > git show --textconv :blogger/app.js [11ms]
2024-02-11 23:19:08.792 [info] > git ls-files --stage -- /home/bitnami/blogger/app.js [31ms]
2024-02-11 23:19:08.828 [info] > git cat-file -s c7a42c8179ac125c75e19f49b94c6d0b712f454b [5ms]
2024-02-11 23:19:11.908 [info] > git config --get commit.template [8ms]
2024-02-11 23:19:11.908 [info] > git for-each-ref --format=%(refname)%00%(upstream:short)%00%(objectname)%00%(upstream:track)%00%(upstream:remotename)%00%(upstream:remoteref) refs/heads/main refs/remotes/main [2ms]
2024-02-11 23:19:12.013 [info] > git status -z -uall [98ms]
2024-02-11 23:19:17.081 [info] > git config --get commit.template [19ms]
2024-02-11 23:19:17.081 [info] > git for-each-ref --format=%(refname)%00%(upstream:short)%00%(objectname)%00%(upstream:track)%00%(upstream:remotename)%00%(upstream:remoteref) refs/heads/main refs/remotes/main [6ms]
2024-02-11 23:19:17.200 [info] > git status -z -uall [111ms]
2024-02-11 23:19:22.249 [info] > git config --get commit.template [9ms]
2024-02-11 23:19:22.250 [info] > git for-each-ref --format=%(refname)%00%(upstream:short)%00%(objectname)%00%(upstream:track)%00%(upstream:remotename)%00%(upstream:remoteref) refs/heads/main refs/remotes/main [2ms]
2024-02-11 23:19:22.360 [info] > git status -z -uall [103ms]
2024-02-11 23:19:27.410 [info] > git config --get commit.template [8ms]
2024-02-11 23:19:27.410 [info] > git for-each-ref --format=%(refname)%00%(upstream:short)%00%(objectname)%00%(upstream:track)%00%(upstream:remotename)%00%(upstream:remoteref) refs/heads/main refs/remotes/main [1ms]
2024-02-11 23:19:27.519 [info] > git status -z -uall [102ms]
2024-02-11 23:19:32.569 [info] > git config --get commit.template [2ms]
2024-02-11 23:19:32.578 [info] > git for-each-ref --format=%(refname)%00%(upstream:short)%00%(objectname)%00%(upstream:track)%00%(upstream:remotename)%00%(upstream:remoteref) refs/heads/main refs/remotes/main [1ms]
2024-02-11 23:19:32.699 [info] > git status -z -uall [111ms]
2024-02-11 23:19:37.776 [info] > git config --get commit.template [13ms]
2024-02-11 23:19:37.777 [info] > git for-each-ref --format=%(refname)%00%(upstream:short)%00%(objectname)%00%(upstream:track)%00%(upstream:remotename)%00%(upstream:remoteref) refs/heads/main refs/remotes/main [2ms]
2024-02-11 23:19:37.885 [info] > git status -z -uall [100ms]
2024-02-11 23:19:40.423 [info] > git check-ignore -v -z --stdin [8ms]
2024-02-11 23:19:41.260 [info] > git check-ignore -v -z --stdin [10ms]
2024-02-11 23:19:42.937 [info] > git config --get commit.template [7ms]
2024-02-11 23:19:42.937 [info] > git for-each-ref --format=%(refname)%00%(upstream:short)%00%(objectname)%00%(upstream:track)%00%(upstream:remotename)%00%(upstream:remoteref) refs/heads/main refs/remotes/main [2ms]
2024-02-11 23:19:43.048 [info] > git status -z -uall [104ms]
2024-02-11 23:19:46.133 [info] > git show --textconv :app.js [10ms]
2024-02-11 23:19:46.138 [info] > git ls-files --stage -- /home/bitnami/app.js [7ms]
2024-02-11 23:19:46.149 [info] > git cat-file -s 662bcc927286516b7bbcf9c9009630b78b533ca7 [3ms]
2024-02-11 23:19:48.118 [info] > git config --get commit.template [11ms]
2024-02-11 23:19:48.118 [info] > git for-each-ref --format=%(refname)%00%(upstream:short)%00%(objectname)%00%(upstream:track)%00%(upstream:remotename)%00%(upstream:remoteref) refs/heads/main refs/remotes/main [2ms]
2024-02-11 23:19:48.236 [info] > git status -z -uall [110ms]
2024-02-11 23:19:53.284 [info] > git config --get commit.template [8ms]
2024-02-11 23:19:53.284 [info] > git for-each-ref --format=%(refname)%00%(upstream:short)%00%(objectname)%00%(upstream:track)%00%(upstream:remotename)%00%(upstream:remoteref) refs/heads/main refs/remotes/main [2ms]
2024-02-11 23:19:53.403 [info] > git status -z -uall [113ms]
2024-02-11 23:19:57.469 [info] > git check-ignore -v -z --stdin [15ms]
2024-02-11 23:19:58.452 [info] > git config --get commit.template [9ms]
2024-02-11 23:19:58.461 [info] > git for-each-ref --format=%(refname)%00%(upstream:short)%00%(objectname)%00%(upstream:track)%00%(upstream:remotename)%00%(upstream:remoteref) refs/heads/main refs/remotes/main [10ms]
2024-02-11 23:19:58.472 [info] > git check-ignore -v -z --stdin [12ms]
2024-02-11 23:19:58.604 [info] > git status -z -uall [133ms]
2024-02-11 23:19:59.967 [info] > git show --textconv :myapp/bin/www [32ms]
2024-02-11 23:19:59.982 [info] > git ls-files --stage -- /home/bitnami/myapp/bin/www [22ms]
2024-02-11 23:20:00.019 [info] > git cat-file -s 87ffb43190aaa535f8124f4f7cd57afa7514fdc4 [28ms]
2024-02-11 23:20:03.654 [info] > git config --get commit.template [8ms]
2024-02-11 23:20:03.654 [info] > git for-each-ref --format=%(refname)%00%(upstream:short)%00%(objectname)%00%(upstream:track)%00%(upstream:remotename)%00%(upstream:remoteref) refs/heads/main refs/remotes/main [2ms]
2024-02-11 23:20:03.774 [info] > git status -z -uall [113ms]
2024-02-11 23:20:05.405 [info] > git check-ignore -v -z --stdin [5ms]
2024-02-11 23:20:05.729 [info] > git show --textconv :bin/www [11ms]
2024-02-11 23:20:05.734 [info] > git ls-files --stage -- /home/bitnami/bin/www [5ms]
2024-02-11 23:20:05.742 [info] > git cat-file -s 05bd4f7f9eff71786c934b6dc8c9d87951bc0bc2 [1ms]
2024-02-11 23:20:08.825 [info] > git config --get commit.template [7ms]
2024-02-11 23:20:08.825 [info] > git for-each-ref --format=%(refname)%00%(upstream:short)%00%(objectname)%00%(upstream:track)%00%(upstream:remotename)%00%(upstream:remoteref) refs/heads/main refs/remotes/main [1ms]
2024-02-11 23:20:08.933 [info] > git status -z -uall [101ms]
2024-02-11 23:20:10.430 [info] > git check-ignore -v -z --stdin [7ms]
2024-02-11 23:20:11.095 [info] > git show --textconv :blogger/bin/www [10ms]
2024-02-11 23:20:11.100 [info] > git ls-files --stage -- /home/bitnami/blogger/bin/www [6ms]
2024-02-11 23:20:11.108 [info] > git cat-file -s 46644ba0551b427aa04d6191b2740167adf76b45 [1ms]
2024-02-11 23:20:13.972 [info] > git config --get commit.template [2ms]
2024-02-11 23:20:13.980 [info] > git for-each-ref --format=%(refname)%00%(upstream:short)%00%(objectname)%00%(upstream:track)%00%(upstream:remotename)%00%(upstream:remoteref) refs/heads/main refs/remotes/main [2ms]
2024-02-11 23:20:14.112 [info] > git status -z -uall [126ms]
2024-02-11 23:20:19.165 [info] > git config --get commit.template [12ms]
2024-02-11 23:20:19.166 [info] > git for-each-ref --format=%(refname)%00%(upstream:short)%00%(objectname)%00%(upstream:track)%00%(upstream:remotename)%00%(upstream:remoteref) refs/heads/main refs/remotes/main [2ms]
2024-02-11 23:20:19.277 [info] > git status -z -uall [105ms]
2024-02-11 23:20:24.325 [info] > git config --get commit.template [10ms]
2024-02-11 23:20:24.326 [info] > git for-each-ref --format=%(refname)%00%(upstream:short)%00%(objectname)%00%(upstream:track)%00%(upstream:remotename)%00%(upstream:remoteref) refs/heads/main refs/remotes/main [3ms]
2024-02-11 23:20:24.445 [info] > git status -z -uall [111ms]
2024-02-11 23:20:29.491 [info] > git config --get commit.template [7ms]
2024-02-11 23:20:29.491 [info] > git for-each-ref --format=%(refname)%00%(upstream:short)%00%(objectname)%00%(upstream:track)%00%(upstream:remotename)%00%(upstream:remoteref) refs/heads/main refs/remotes/main [2ms]
2024-02-11 23:20:29.609 [info] > git status -z -uall [111ms]
2024-02-11 23:20:34.663 [info] > git config --get commit.template [7ms]
2024-02-11 23:20:34.663 [info] > git for-each-ref --format=%(refname)%00%(upstream:short)%00%(objectname)%00%(upstream:track)%00%(upstream:remotename)%00%(upstream:remoteref) refs/heads/main refs/remotes/main [1ms]
2024-02-11 23:20:34.765 [info] > git status -z -uall [96ms]
2024-02-11 23:20:39.806 [info] > git config --get commit.template [1ms]
2024-02-11 23:20:39.814 [info] > git for-each-ref --format=%(refname)%00%(upstream:short)%00%(objectname)%00%(upstream:track)%00%(upstream:remotename)%00%(upstream:remoteref) refs/heads/main refs/remotes/main [2ms]
2024-02-11 23:20:39.938 [info] > git status -z -uall [116ms]
2024-02-11 23:20:52.028 [info] > git config --get commit.template [7ms]
2024-02-11 23:20:52.028 [info] > git for-each-ref --format=%(refname)%00%(upstream:short)%00%(objectname)%00%(upstream:track)%00%(upstream:remotename)%00%(upstream:remoteref) refs/heads/main refs/remotes/main [1ms]
2024-02-11 23:20:52.151 [info] > git status -z -uall [114ms]
2024-02-11 23:20:57.237 [info] > git config --get commit.template [9ms]
2024-02-11 23:20:57.237 [info] > git for-each-ref --format=%(refname)%00%(upstream:short)%00%(objectname)%00%(upstream:track)%00%(upstream:remotename)%00%(upstream:remoteref) refs/heads/main refs/remotes/main [2ms]
2024-02-11 23:20:57.368 [info] > git status -z -uall [122ms]
2024-02-11 23:21:02.422 [info] > git config --get commit.template [14ms]
2024-02-11 23:21:02.423 [info] > git for-each-ref --format=%(refname)%00%(upstream:short)%00%(objectname)%00%(upstream:track)%00%(upstream:remotename)%00%(upstream:remoteref) refs/heads/main refs/remotes/main [2ms]
2024-02-11 23:21:02.565 [info] > git status -z -uall [135ms]
2024-02-11 23:21:07.609 [info] > git config --get commit.template [8ms]
2024-02-11 23:21:07.609 [info] > git for-each-ref --format=%(refname)%00%(upstream:short)%00%(objectname)%00%(upstream:track)%00%(upstream:remotename)%00%(upstream:remoteref) refs/heads/main refs/remotes/main [2ms]
2024-02-11 23:21:07.719 [info] > git status -z -uall [103ms]
2024-02-11 23:21:47.461 [info] > git config --get commit.template [9ms]
2024-02-11 23:21:47.461 [info] > git for-each-ref --format=%(refname)%00%(upstream:short)%00%(objectname)%00%(upstream:track)%00%(upstream:remotename)%00%(upstream:remoteref) refs/heads/main refs/remotes/main [2ms]
2024-02-11 23:21:47.582 [info] > git status -z -uall [115ms]
2024-02-11 23:21:52.643 [info] > git config --get commit.template [8ms]
2024-02-11 23:21:52.643 [info] > git for-each-ref --format=%(refname)%00%(upstream:short)%00%(objectname)%00%(upstream:track)%00%(upstream:remotename)%00%(upstream:remoteref) refs/heads/main refs/remotes/main [2ms]
2024-02-11 23:21:52.756 [info] > git status -z -uall [106ms]
2024-02-11 23:21:57.836 [info] > git config --get commit.template [11ms]
2024-02-11 23:21:57.836 [info] > git for-each-ref --format=%(refname)%00%(upstream:short)%00%(objectname)%00%(upstream:track)%00%(upstream:remotename)%00%(upstream:remoteref) refs/heads/main refs/remotes/main [2ms]
2024-02-11 23:21:57.965 [info] > git status -z -uall [118ms]
2024-02-11 23:22:00.714 [info] > git show --textconv :blogger/routes/index.js [13ms]
2024-02-11 23:22:00.718 [info] > git ls-files --stage -- /home/bitnami/blogger/routes/index.js [8ms]
2024-02-11 23:22:00.726 [info] > git cat-file -s 9638de429b2d0c4c144f084a02758224bec1f28f [2ms]
2024-02-11 23:22:03.011 [info] > git config --get commit.template [0ms]
2024-02-11 23:22:03.028 [info] > git for-each-ref --format=%(refname)%00%(upstream:short)%00%(objectname)%00%(upstream:track)%00%(upstream:remotename)%00%(upstream:remoteref) refs/heads/main refs/remotes/main [5ms]
2024-02-11 23:22:03.157 [info] > git status -z -uall [122ms]
2024-02-11 23:22:08.212 [info] > git config --get commit.template [8ms]
2024-02-11 23:22:08.213 [info] > git for-each-ref --format=%(refname)%00%(upstream:short)%00%(objectname)%00%(upstream:track)%00%(upstream:remotename)%00%(upstream:remoteref) refs/heads/main refs/remotes/main [2ms]
2024-02-11 23:22:08.343 [info] > git status -z -uall [124ms]
2024-02-11 23:22:13.385 [info] > git config --get commit.template [1ms]
2024-02-11 23:22:13.397 [info] > git for-each-ref --format=%(refname)%00%(upstream:short)%00%(objectname)%00%(upstream:track)%00%(upstream:remotename)%00%(upstream:remoteref) refs/heads/main refs/remotes/main [1ms]
2024-02-11 23:22:13.507 [info] > git status -z -uall [102ms]
2024-02-11 23:22:18.566 [info] > git config --get commit.template [8ms]
2024-02-11 23:22:18.566 [info] > git for-each-ref --format=%(refname)%00%(upstream:short)%00%(objectname)%00%(upstream:track)%00%(upstream:remotename)%00%(upstream:remoteref) refs/heads/main refs/remotes/main [2ms]
2024-02-11 23:22:18.690 [info] > git status -z -uall [117ms]
2024-02-11 23:22:43.402 [info] > git config --get commit.template [7ms]
2024-02-11 23:22:43.403 [info] > git for-each-ref --format=%(refname)%00%(upstream:short)%00%(objectname)%00%(upstream:track)%00%(upstream:remotename)%00%(upstream:remoteref) refs/heads/main refs/remotes/main [2ms]
2024-02-11 23:22:43.517 [info] > git status -z -uall [109ms]
2024-02-11 23:23:19.442 [info] > git config --get commit.template [9ms]
2024-02-11 23:23:19.443 [info] > git for-each-ref --format=%(refname)%00%(upstream:short)%00%(objectname)%00%(upstream:track)%00%(upstream:remotename)%00%(upstream:remoteref) refs/heads/main refs/remotes/main [1ms]
2024-02-11 23:23:19.566 [info] > git status -z -uall [117ms]
2024-02-11 23:23:24.494 [info] > git show --textconv :blogger/controllers/header.js [11ms]
2024-02-11 23:23:24.499 [info] > git ls-files --stage -- /home/bitnami/blogger/controllers/header.js [5ms]
2024-02-11 23:23:24.633 [info] > git config --get commit.template [14ms]
2024-02-11 23:23:24.634 [info] > git for-each-ref --format=%(refname)%00%(upstream:short)%00%(objectname)%00%(upstream:track)%00%(upstream:remotename)%00%(upstream:remoteref) refs/heads/main refs/remotes/main [2ms]
2024-02-11 23:23:24.701 [info] > git check-ignore -v -z --stdin [8ms]
2024-02-11 23:23:24.749 [info] > git status -z -uall [107ms]
2024-02-11 23:23:37.860 [info] > git config --get commit.template [1ms]
2024-02-11 23:23:37.868 [info] > git for-each-ref --format=%(refname)%00%(upstream:short)%00%(objectname)%00%(upstream:track)%00%(upstream:remotename)%00%(upstream:remoteref) refs/heads/main refs/remotes/main [2ms]
2024-02-11 23:23:37.979 [info] > git status -z -uall [102ms]
2024-02-11 23:23:43.040 [info] > git config --get commit.template [8ms]
2024-02-11 23:23:43.045 [info] > git for-each-ref --format=%(refname)%00%(upstream:short)%00%(objectname)%00%(upstream:track)%00%(upstream:remotename)%00%(upstream:remoteref) refs/heads/main refs/remotes/main [7ms]
2024-02-11 23:23:43.166 [info] > git status -z -uall [110ms]
2024-02-11 23:23:48.235 [info] > git config --get commit.template [11ms]
2024-02-11 23:23:48.241 [info] > git for-each-ref --format=%(refname)%00%(upstream:short)%00%(objectname)%00%(upstream:track)%00%(upstream:remotename)%00%(upstream:remoteref) refs/heads/main refs/remotes/main [7ms]
2024-02-11 23:23:48.415 [info] > git status -z -uall [160ms]
2024-02-11 23:23:53.496 [info] > git config --get commit.template [8ms]
2024-02-11 23:23:53.496 [info] > git for-each-ref --format=%(refname)%00%(upstream:short)%00%(objectname)%00%(upstream:track)%00%(upstream:remotename)%00%(upstream:remoteref) refs/heads/main refs/remotes/main [2ms]
2024-02-11 23:23:53.635 [info] > git status -z -uall [119ms]
2024-02-11 23:23:58.689 [info] > git config --get commit.template [12ms]
2024-02-11 23:23:58.691 [info] > git for-each-ref --format=%(refname)%00%(upstream:short)%00%(objectname)%00%(upstream:track)%00%(upstream:remotename)%00%(upstream:remoteref) refs/heads/main refs/remotes/main [3ms]
2024-02-11 23:23:58.819 [info] > git status -z -uall [119ms]
2024-02-11 23:24:03.866 [info] > git config --get commit.template [10ms]
2024-02-11 23:24:03.866 [info] > git for-each-ref --format=%(refname)%00%(upstream:short)%00%(objectname)%00%(upstream:track)%00%(upstream:remotename)%00%(upstream:remoteref) refs/heads/main refs/remotes/main [1ms]
2024-02-11 23:24:03.993 [info] > git status -z -uall [120ms]
2024-02-11 23:24:09.039 [info] > git config --get commit.template [10ms]
2024-02-11 23:24:09.040 [info] > git for-each-ref --format=%(refname)%00%(upstream:short)%00%(objectname)%00%(upstream:track)%00%(upstream:remotename)%00%(upstream:remoteref) refs/heads/main refs/remotes/main [2ms]
2024-02-11 23:24:09.151 [info] > git status -z -uall [102ms]
2024-02-11 23:24:16.322 [info] > git config --get commit.template [9ms]
2024-02-11 23:24:16.323 [info] > git for-each-ref --format=%(refname)%00%(upstream:short)%00%(objectname)%00%(upstream:track)%00%(upstream:remotename)%00%(upstream:remoteref) refs/heads/main refs/remotes/main [2ms]
2024-02-11 23:24:16.582 [info] > git status -z -uall [252ms]
2024-02-11 23:24:21.645 [info] > git config --get commit.template [4ms]
2024-02-11 23:24:21.659 [info] > git for-each-ref --format=%(refname)%00%(upstream:short)%00%(objectname)%00%(upstream:track)%00%(upstream:remotename)%00%(upstream:remoteref) refs/heads/main refs/remotes/main [1ms]
2024-02-11 23:24:21.962 [info] > git status -z -uall [297ms]
2024-02-11 23:24:27.592 [info] > git config --get commit.template [17ms]
2024-02-11 23:24:27.592 [info] > git for-each-ref --format=%(refname)%00%(upstream:short)%00%(objectname)%00%(upstream:track)%00%(upstream:remotename)%00%(upstream:remoteref) refs/heads/main refs/remotes/main [2ms]
2024-02-11 23:24:27.755 [info] > git status -z -uall [145ms]
2024-02-11 23:24:32.806 [info] > git config --get commit.template [8ms]
2024-02-11 23:24:32.806 [info] > git for-each-ref --format=%(refname)%00%(upstream:short)%00%(objectname)%00%(upstream:track)%00%(upstream:remotename)%00%(upstream:remoteref) refs/heads/main refs/remotes/main [2ms]
2024-02-11 23:24:32.957 [info] > git status -z -uall [144ms]
2024-02-11 23:24:38.049 [info] > git config --get commit.template [9ms]
2024-02-11 23:24:38.050 [info] > git for-each-ref --format=%(refname)%00%(upstream:short)%00%(objectname)%00%(upstream:track)%00%(upstream:remotename)%00%(upstream:remoteref) refs/heads/main refs/remotes/main [2ms]
2024-02-11 23:24:38.162 [info] > git status -z -uall [105ms]
2024-02-11 23:24:43.214 [info] > git config --get commit.template [9ms]
2024-02-11 23:24:43.216 [info] > git for-each-ref --format=%(refname)%00%(upstream:short)%00%(objectname)%00%(upstream:track)%00%(upstream:remotename)%00%(upstream:remoteref) refs/heads/main refs/remotes/main [3ms]
2024-02-11 23:24:43.333 [info] > git status -z -uall [107ms]
2024-02-11 23:24:59.801 [info] > git config --get commit.template [8ms]
2024-02-11 23:24:59.801 [info] > git for-each-ref --format=%(refname)%00%(upstream:short)%00%(objectname)%00%(upstream:track)%00%(upstream:remotename)%00%(upstream:remoteref) refs/heads/main refs/remotes/main [2ms]
2024-02-11 23:24:59.943 [info] > git status -z -uall [134ms]
2024-02-11 23:25:00.417 [info] > git show --textconv :blogger/controllers/blog.js [10ms]
2024-02-11 23:25:00.422 [info] > git ls-files --stage -- /home/bitnami/blogger/controllers/blog.js [6ms]
2024-02-11 23:25:00.431 [info] > git cat-file -s cdb7e5d4d3f4cf37d174effbc4bfee753624ada2 [2ms]
2024-02-11 23:25:04.991 [info] > git config --get commit.template [1ms]
2024-02-11 23:25:04.999 [info] > git for-each-ref --format=%(refname)%00%(upstream:short)%00%(objectname)%00%(upstream:track)%00%(upstream:remotename)%00%(upstream:remoteref) refs/heads/main refs/remotes/main [1ms]
2024-02-11 23:25:05.104 [info] > git status -z -uall [95ms]
2024-02-11 23:25:05.970 [info] > git show --textconv :blogger/controllers/homepage.js [12ms]
2024-02-11 23:25:05.974 [info] > git ls-files --stage -- /home/bitnami/blogger/controllers/homepage.js [5ms]
2024-02-11 23:25:05.982 [info] > git cat-file -s 7b6d82b9036f99dd46dc7d57883c2a8eff8bbb79 [1ms]
2024-02-11 23:25:12.691 [info] > git config --get commit.template [13ms]
2024-02-11 23:25:12.692 [info] > git for-each-ref --format=%(refname)%00%(upstream:short)%00%(objectname)%00%(upstream:track)%00%(upstream:remotename)%00%(upstream:remoteref) refs/heads/main refs/remotes/main [7ms]
2024-02-11 23:25:12.804 [info] > git status -z -uall [104ms]
2024-02-11 23:25:17.858 [info] > git config --get commit.template [9ms]
2024-02-11 23:25:17.858 [info] > git for-each-ref --format=%(refname)%00%(upstream:short)%00%(objectname)%00%(upstream:track)%00%(upstream:remotename)%00%(upstream:remoteref) refs/heads/main refs/remotes/main [2ms]
2024-02-11 23:25:17.977 [info] > git status -z -uall [111ms]
2024-02-11 23:25:23.041 [info] > git config --get commit.template [10ms]
2024-02-11 23:25:23.041 [info] > git for-each-ref --format=%(refname)%00%(upstream:short)%00%(objectname)%00%(upstream:track)%00%(upstream:remotename)%00%(upstream:remoteref) refs/heads/main refs/remotes/main [1ms]
2024-02-11 23:25:23.171 [info] > git status -z -uall [115ms]
2024-02-11 23:25:28.239 [info] > git config --get commit.template [21ms]
2024-02-11 23:25:28.243 [info] > git for-each-ref --format=%(refname)%00%(upstream:short)%00%(objectname)%00%(upstream:track)%00%(upstream:remotename)%00%(upstream:remoteref) refs/heads/main refs/remotes/main [5ms]
2024-02-11 23:25:28.374 [info] > git status -z -uall [109ms]
2024-02-11 23:25:33.421 [info] > git config --get commit.template [8ms]
2024-02-11 23:25:33.422 [info] > git for-each-ref --format=%(refname)%00%(upstream:short)%00%(objectname)%00%(upstream:track)%00%(upstream:remotename)%00%(upstream:remoteref) refs/heads/main refs/remotes/main [2ms]
2024-02-11 23:25:33.534 [info] > git status -z -uall [105ms]
2024-02-11 23:25:38.578 [info] > git config --get commit.template [8ms]
2024-02-11 23:25:38.578 [info] > git for-each-ref --format=%(refname)%00%(upstream:short)%00%(objectname)%00%(upstream:track)%00%(upstream:remotename)%00%(upstream:remoteref) refs/heads/main refs/remotes/main [2ms]
2024-02-11 23:25:38.725 [info] > git status -z -uall [141ms]
2024-02-11 23:25:43.774 [info] > git config --get commit.template [10ms]
2024-02-11 23:25:43.775 [info] > git for-each-ref --format=%(refname)%00%(upstream:short)%00%(objectname)%00%(upstream:track)%00%(upstream:remotename)%00%(upstream:remoteref) refs/heads/main refs/remotes/main [2ms]
2024-02-11 23:25:43.927 [info] > git status -z -uall [144ms]
2024-02-11 23:25:48.968 [info] > git config --get commit.template [1ms]
2024-02-11 23:25:48.976 [info] > git for-each-ref --format=%(refname)%00%(upstream:short)%00%(objectname)%00%(upstream:track)%00%(upstream:remotename)%00%(upstream:remoteref) refs/heads/main refs/remotes/main [1ms]
2024-02-11 23:25:49.081 [info] > git status -z -uall [99ms]
2024-02-11 23:26:26.137 [info] > git config --get commit.template [7ms]
2024-02-11 23:26:26.137 [info] > git for-each-ref --format=%(refname)%00%(upstream:short)%00%(objectname)%00%(upstream:track)%00%(upstream:remotename)%00%(upstream:remoteref) refs/heads/main refs/remotes/main [2ms]
2024-02-11 23:26:26.252 [info] > git status -z -uall [108ms]
2024-02-11 23:46:07.709 [info] > git config --get commit.template [38ms]
2024-02-11 23:46:07.723 [info] > git for-each-ref --format=%(refname)%00%(upstream:short)%00%(objectname)%00%(upstream:track)%00%(upstream:remotename)%00%(upstream:remoteref) refs/heads/main refs/remotes/main [20ms]
2024-02-11 23:46:07.834 [info] > git ls-files --stage -- /home/bitnami/blogger/routes/index.js [10ms]
2024-02-11 23:46:07.843 [info] > git show --textconv :blogger/routes/index.js [29ms]
2024-02-11 23:46:07.849 [info] > git cat-file -s 9638de429b2d0c4c144f084a02758224bec1f28f [6ms]
2024-02-11 23:46:07.912 [info] > git status -z -uall [156ms]
2024-02-11 23:46:12.989 [info] > git config --get commit.template [9ms]
2024-02-11 23:46:12.990 [info] > git for-each-ref --format=%(refname)%00%(upstream:short)%00%(objectname)%00%(upstream:track)%00%(upstream:remotename)%00%(upstream:remoteref) refs/heads/main refs/remotes/main [2ms]
2024-02-11 23:46:13.106 [info] > git status -z -uall [109ms]
2024-02-11 23:46:18.159 [info] > git config --get commit.template [8ms]
2024-02-11 23:46:18.161 [info] > git for-each-ref --format=%(refname)%00%(upstream:short)%00%(objectname)%00%(upstream:track)%00%(upstream:remotename)%00%(upstream:remoteref) refs/heads/main refs/remotes/main [3ms]
2024-02-11 23:46:18.275 [info] > git status -z -uall [105ms]
2024-02-11 23:46:23.325 [info] > git config --get commit.template [10ms]
2024-02-11 23:46:23.325 [info] > git for-each-ref --format=%(refname)%00%(upstream:short)%00%(objectname)%00%(upstream:track)%00%(upstream:remotename)%00%(upstream:remoteref) refs/heads/main refs/remotes/main [2ms]
2024-02-11 23:46:23.446 [info] > git status -z -uall [113ms]
2024-02-11 23:46:28.496 [info] > git config --get commit.template [9ms]
2024-02-11 23:46:28.497 [info] > git for-each-ref --format=%(refname)%00%(upstream:short)%00%(objectname)%00%(upstream:track)%00%(upstream:remotename)%00%(upstream:remoteref) refs/heads/main refs/remotes/main [2ms]
2024-02-11 23:46:28.620 [info] > git status -z -uall [115ms]
2024-02-11 23:46:33.678 [info] > git config --get commit.template [9ms]
2024-02-11 23:46:33.678 [info] > git for-each-ref --format=%(refname)%00%(upstream:short)%00%(objectname)%00%(upstream:track)%00%(upstream:remotename)%00%(upstream:remoteref) refs/heads/main refs/remotes/main [1ms]
2024-02-11 23:46:33.789 [info] > git status -z -uall [104ms]
2024-02-11 23:46:38.854 [info] > git config --get commit.template [18ms]
2024-02-11 23:46:38.856 [info] > git for-each-ref --format=%(refname)%00%(upstream:short)%00%(objectname)%00%(upstream:track)%00%(upstream:remotename)%00%(upstream:remoteref) refs/heads/main refs/remotes/main [13ms]
2024-02-11 23:46:39.012 [info] > git status -z -uall [150ms]
2024-02-11 23:46:44.106 [info] > git config --get commit.template [9ms]
2024-02-11 23:46:44.107 [info] > git for-each-ref --format=%(refname)%00%(upstream:short)%00%(objectname)%00%(upstream:track)%00%(upstream:remotename)%00%(upstream:remoteref) refs/heads/main refs/remotes/main [2ms]
2024-02-11 23:46:44.222 [info] > git status -z -uall [108ms]
2024-02-11 23:46:49.266 [info] > git config --get commit.template [2ms]
2024-02-11 23:46:49.276 [info] > git for-each-ref --format=%(refname)%00%(upstream:short)%00%(objectname)%00%(upstream:track)%00%(upstream:remotename)%00%(upstream:remoteref) refs/heads/main refs/remotes/main [2ms]
2024-02-11 23:46:49.389 [info] > git status -z -uall [106ms]
2024-02-11 23:46:54.434 [info] > git config --get commit.template [1ms]
2024-02-11 23:46:54.443 [info] > git for-each-ref --format=%(refname)%00%(upstream:short)%00%(objectname)%00%(upstream:track)%00%(upstream:remotename)%00%(upstream:remoteref) refs/heads/main refs/remotes/main [1ms]
2024-02-11 23:46:54.558 [info] > git status -z -uall [108ms]
2024-02-11 23:46:59.605 [info] > git config --get commit.template [8ms]
2024-02-11 23:46:59.606 [info] > git for-each-ref --format=%(refname)%00%(upstream:short)%00%(objectname)%00%(upstream:track)%00%(upstream:remotename)%00%(upstream:remoteref) refs/heads/main refs/remotes/main [3ms]
2024-02-11 23:46:59.772 [info] > git status -z -uall [155ms]
2024-02-11 23:59:30.862 [info] > git config --get commit.template [59ms]
2024-02-11 23:59:30.869 [info] > git for-each-ref --format=%(refname)%00%(upstream:short)%00%(objectname)%00%(upstream:track)%00%(upstream:remotename)%00%(upstream:remoteref) refs/heads/main refs/remotes/main [30ms]
2024-02-11 23:59:33.078 [info] > git status -z -uall [2160ms]
