2024-02-21 00:10:33.219 [info] Log level: Info
2024-02-21 00:10:33.219 [info] Validating found git in: "git"
2024-02-21 00:10:33.219 [info] Using git "2.30.2" from "git"
2024-02-21 00:10:33.219 [info] > git rev-parse --show-toplevel [5ms]
2024-02-21 00:10:33.219 [info] > git rev-parse --git-dir --git-common-dir [54ms]
2024-02-21 00:10:33.219 [info] Open repository: /home/bitnami
2024-02-21 00:10:33.222 [info] > git config --get commit.template [26ms]
2024-02-21 00:10:33.240 [info] > git rev-parse --show-toplevel [22ms]
2024-02-21 00:10:33.260 [info] > git for-each-ref --format=%(refname)%00%(upstream:short)%00%(objectname)%00%(upstream:track)%00%(upstream:remotename)%00%(upstream:remoteref) refs/heads/main refs/remotes/main [22ms]
2024-02-21 00:10:33.262 [info] > git rev-parse --show-toplevel [3ms]
2024-02-21 00:10:33.412 [info] > git rev-parse --show-toplevel [129ms]
2024-02-21 00:10:33.569 [info] > git rev-parse --show-toplevel [111ms]
2024-02-21 00:10:33.610 [info] > git rev-parse --show-toplevel [7ms]
2024-02-21 00:10:33.631 [info] > git rev-parse --show-toplevel [4ms]
2024-02-21 00:10:33.649 [info] > git rev-parse --show-toplevel [2ms]
2024-02-21 00:10:33.682 [info] > git rev-parse --show-toplevel [6ms]
2024-02-21 00:10:33.702 [info] > git rev-parse --show-toplevel [9ms]
2024-02-21 00:10:33.720 [info] > git rev-parse --show-toplevel [5ms]
2024-02-21 00:10:33.744 [info] > git rev-parse --show-toplevel [9ms]
2024-02-21 00:10:33.752 [info] > git rev-parse --show-toplevel [2ms]
2024-02-21 00:10:33.761 [info] > git rev-parse --show-toplevel [2ms]
2024-02-21 00:10:33.768 [info] > git rev-parse --show-toplevel [2ms]
2024-02-21 00:10:33.776 [info] > git rev-parse --git-dir --git-common-dir [2ms]
2024-02-21 00:10:33.781 [info] Open repository: /home/bitnami/todo
2024-02-21 00:10:33.812 [info] > git config --get commit.template [22ms]
2024-02-21 00:10:33.833 [info] > git rev-parse --show-toplevel [24ms]
2024-02-21 00:10:33.872 [info] > git for-each-ref --format=%(refname)%00%(upstream:short)%00%(objectname)%00%(upstream:track)%00%(upstream:remotename)%00%(upstream:remoteref) refs/heads/master refs/remotes/master [48ms]
2024-02-21 00:10:33.891 [warning] ENOENT: no such file or directory, open '/home/bitnami/todo/.git/refs/remotes/origin/master'
2024-02-21 00:10:33.909 [info] > git rev-parse refs/remotes/origin/master [19ms]
2024-02-21 00:10:33.923 [info] > git ls-files --stage -- /home/bitnami/blogger/nohup.out [52ms]
2024-02-21 00:10:33.949 [info] > git show --textconv :blogger/nohup.out [96ms]
2024-02-21 00:10:33.949 [info] > git status -z -uall [28ms]
2024-02-21 00:10:34.023 [info] > git status -z -uall [588ms]
2024-02-21 00:10:34.045 [info] > git cat-file -s d4c643faa84897845b7ed192c751663f03b4b1d2 [97ms]
2024-02-21 00:10:34.064 [info] > git config --get commit.template [42ms]
2024-02-21 00:10:34.087 [info] > git config --get commit.template [23ms]
2024-02-21 00:10:34.111 [info] > git for-each-ref --format=%(refname)%00%(upstream:short)%00%(objectname)%00%(upstream:track)%00%(upstream:remotename)%00%(upstream:remoteref) refs/heads/master refs/remotes/master [26ms]
2024-02-21 00:10:34.125 [warning] ENOENT: no such file or directory, open '/home/bitnami/todo/.git/refs/remotes/origin/master'
2024-02-21 00:10:34.231 [info] > git rev-parse refs/remotes/origin/master [105ms]
2024-02-21 00:10:34.241 [info] > git for-each-ref --format=%(refname)%00%(upstream:short)%00%(objectname)%00%(upstream:track)%00%(upstream:remotename)%00%(upstream:remoteref) refs/heads/main refs/remotes/main [133ms]
2024-02-21 00:10:34.733 [info] > git status -z -uall [492ms]
2024-02-21 00:10:34.733 [info] > git check-ignore -v -z --stdin [122ms]
2024-02-21 00:10:34.752 [info] > git check-ignore -v -z --stdin [124ms]
2024-02-21 00:10:35.283 [info] > git status -z -uall [494ms]
2024-02-21 00:10:36.587 [info] > git check-ignore -v -z --stdin [15ms]
2024-02-21 00:10:37.917 [info] > git check-ignore -v -z --stdin [21ms]
2024-02-21 00:10:40.944 [info] > git config --get commit.template [5ms]
2024-02-21 00:10:40.951 [info] > git for-each-ref --format=%(refname)%00%(upstream:short)%00%(objectname)%00%(upstream:track)%00%(upstream:remotename)%00%(upstream:remoteref) refs/heads/main refs/remotes/main [2ms]
2024-02-21 00:10:41.116 [info] > git status -z -uall [159ms]
2024-02-21 00:10:46.133 [info] > git config --get commit.template [1ms]
2024-02-21 00:10:46.139 [info] > git for-each-ref --format=%(refname)%00%(upstream:short)%00%(objectname)%00%(upstream:track)%00%(upstream:remotename)%00%(upstream:remoteref) refs/heads/main refs/remotes/main [1ms]
2024-02-21 00:10:46.322 [info] > git status -z -uall [177ms]
2024-02-21 00:10:51.351 [info] > git for-each-ref --format=%(refname)%00%(upstream:short)%00%(objectname)%00%(upstream:track)%00%(upstream:remotename)%00%(upstream:remoteref) refs/heads/main refs/remotes/main [3ms]
2024-02-21 00:10:51.351 [info] > git config --get commit.template [10ms]
2024-02-21 00:10:51.512 [info] > git status -z -uall [153ms]
