2024-02-06 01:08:47.503 [info] Extension host with pid 6372 started
2024-02-06 01:08:47.543 [info] Lock '/home/bitnami/.vscode-server/data/User/workspaceStorage/c21f082734a9b7139263b551584b646b/vscode.lock': Lock acquired.
2024-02-06 01:08:47.838 [info] ExtensionService#_doActivateExtension vscode.emmet, startup: false, activationEvent: 'onLanguage'
2024-02-06 01:08:48.026 [info] ExtensionService#_doActivateExtension vscode.git-base, startup: true, activationEvent: '*', root cause: vscode.git
2024-02-06 01:08:48.035 [info] ExtensionService#_doActivateExtension vscode.npm, startup: true, activationEvent: 'workspaceContains:package.json'
2024-02-06 01:08:48.223 [info] ExtensionService#_doActivateExtension vscode.git, startup: true, activationEvent: '*'
2024-02-06 01:08:48.223 [info] ExtensionService#_doActivateExtension vscode.github, startup: true, activationEvent: '*'
2024-02-06 01:08:48.761 [info] Eager extensions activated
2024-02-06 01:08:48.762 [info] ExtensionService#_doActivateExtension vscode.debug-auto-launch, startup: false, activationEvent: 'onStartupFinished'
2024-02-06 01:08:48.764 [info] ExtensionService#_doActivateExtension vscode.merge-conflict, startup: false, activationEvent: 'onStartupFinished'
2024-02-06 01:08:51.779 [info] Extension host terminating: received terminate message from renderer
2024-02-06 01:08:51.780 [info] Lock '/home/bitnami/.vscode-server/data/User/workspaceStorage/c21f082734a9b7139263b551584b646b/vscode.lock': Marking the lockfile as scheduled to be released in 6000 ms.
2024-02-06 01:08:51.811 [error] Canceled: Canceled
	at new f (/home/bitnami/.vscode-server/bin/05047486b6df5eb8d44b2ecd70ea3bdf775fd937/out/vs/workbench/api/node/extensionHostProcess.js:140:45069)
	at d.U (/home/bitnami/.vscode-server/bin/05047486b6df5eb8d44b2ecd70ea3bdf775fd937/out/vs/workbench/api/node/extensionHostProcess.js:147:5557)
	at T.<computed>.O.charCodeAt.T.<computed> (/home/bitnami/.vscode-server/bin/05047486b6df5eb8d44b2ecd70ea3bdf775fd937/out/vs/workbench/api/node/extensionHostProcess.js:147:3008)
	at s.g (/home/bitnami/.vscode-server/bin/05047486b6df5eb8d44b2ecd70ea3bdf775fd937/out/vs/workbench/api/node/extensionHostProcess.js:150:174704)
	at s.executeCommand (/home/bitnami/.vscode-server/bin/05047486b6df5eb8d44b2ecd70ea3bdf775fd937/out/vs/workbench/api/node/extensionHostProcess.js:150:174142)
	at m.registerCommand.description (/home/bitnami/.vscode-server/bin/05047486b6df5eb8d44b2ecd70ea3bdf775fd937/out/vs/workbench/api/node/extensionHostProcess.js:150:173466)
	at s.h (/home/bitnami/.vscode-server/bin/05047486b6df5eb8d44b2ecd70ea3bdf775fd937/out/vs/workbench/api/node/extensionHostProcess.js:150:175243)
	at s.g (/home/bitnami/.vscode-server/bin/05047486b6df5eb8d44b2ecd70ea3bdf775fd937/out/vs/workbench/api/node/extensionHostProcess.js:150:174235)
	at s.executeCommand (/home/bitnami/.vscode-server/bin/05047486b6df5eb8d44b2ecd70ea3bdf775fd937/out/vs/workbench/api/node/extensionHostProcess.js:150:174142)
	at Object.executeCommand (/home/bitnami/.vscode-server/bin/05047486b6df5eb8d44b2ecd70ea3bdf775fd937/out/vs/workbench/api/node/extensionHostProcess.js:160:21634)
	at g.I [as value] (/home/bitnami/.vscode-server/bin/05047486b6df5eb8d44b2ecd70ea3bdf775fd937/extensions/git/dist/main.js:2:927298)
	at r.y (/home/bitnami/.vscode-server/bin/05047486b6df5eb8d44b2ecd70ea3bdf775fd937/out/vs/workbench/api/node/extensionHostProcess.js:80:1902)
	at r.z (/home/bitnami/.vscode-server/bin/05047486b6df5eb8d44b2ecd70ea3bdf775fd937/out/vs/workbench/api/node/extensionHostProcess.js:80:1972)
	at r.fire (/home/bitnami/.vscode-server/bin/05047486b6df5eb8d44b2ecd70ea3bdf775fd937/out/vs/workbench/api/node/extensionHostProcess.js:80:2188)
	at Object.m [as dispose] (/home/bitnami/.vscode-server/bin/05047486b6df5eb8d44b2ecd70ea3bdf775fd937/extensions/git/dist/main.js:2:943089)
	at /home/bitnami/.vscode-server/bin/05047486b6df5eb8d44b2ecd70ea3bdf775fd937/extensions/git/dist/main.js:2:947930
	at Array.forEach (<anonymous>)
	at p.dispose (/home/bitnami/.vscode-server/bin/05047486b6df5eb8d44b2ecd70ea3bdf775fd937/extensions/git/dist/main.js:2:947916)
	at c.<anonymous> (/home/bitnami/.vscode-server/bin/05047486b6df5eb8d44b2ecd70ea3bdf775fd937/out/vs/workbench/api/node/extensionHostProcess.js:148:3650)
	at c.dispose (/home/bitnami/.vscode-server/bin/05047486b6df5eb8d44b2ecd70ea3bdf775fd937/out/vs/workbench/api/node/extensionHostProcess.js:148:3747)
	at c.<anonymous> (/home/bitnami/.vscode-server/bin/05047486b6df5eb8d44b2ecd70ea3bdf775fd937/extensions/git/dist/main.js:2:929310)
	at c.dispose (/home/bitnami/.vscode-server/bin/05047486b6df5eb8d44b2ecd70ea3bdf775fd937/out/vs/workbench/api/node/extensionHostProcess.js:148:3747)
	at o (/home/bitnami/.vscode-server/bin/05047486b6df5eb8d44b2ecd70ea3bdf775fd937/out/vs/workbench/api/node/extensionHostProcess.js:30:754)
	at g.cb (/home/bitnami/.vscode-server/bin/05047486b6df5eb8d44b2ecd70ea3bdf775fd937/out/vs/workbench/api/node/extensionHostProcess.js:156:9874)
	at /home/bitnami/.vscode-server/bin/05047486b6df5eb8d44b2ecd70ea3bdf775fd937/out/vs/workbench/api/node/extensionHostProcess.js:156:7808
	at Array.map (<anonymous>)
	at g.Y (/home/bitnami/.vscode-server/bin/05047486b6df5eb8d44b2ecd70ea3bdf775fd937/out/vs/workbench/api/node/extensionHostProcess.js:156:7795)
	at g.terminate (/home/bitnami/.vscode-server/bin/05047486b6df5eb8d44b2ecd70ea3bdf775fd937/out/vs/workbench/api/node/extensionHostProcess.js:156:8068)
	at o.terminate (/home/bitnami/.vscode-server/bin/05047486b6df5eb8d44b2ecd70ea3bdf775fd937/out/vs/workbench/api/node/extensionHostProcess.js:160:1513)
	at t (/home/bitnami/.vscode-server/bin/05047486b6df5eb8d44b2ecd70ea3bdf775fd937/out/vs/workbench/api/node/extensionHostProcess.js:173:9950)
	at g.value (/home/bitnami/.vscode-server/bin/05047486b6df5eb8d44b2ecd70ea3bdf775fd937/out/vs/workbench/api/node/extensionHostProcess.js:173:7997)
	at r.y (/home/bitnami/.vscode-server/bin/05047486b6df5eb8d44b2ecd70ea3bdf775fd937/out/vs/workbench/api/node/extensionHostProcess.js:80:1902)
	at r.fire (/home/bitnami/.vscode-server/bin/05047486b6df5eb8d44b2ecd70ea3bdf775fd937/out/vs/workbench/api/node/extensionHostProcess.js:80:2119)
	at n.fire (/home/bitnami/.vscode-server/bin/05047486b6df5eb8d44b2ecd70ea3bdf775fd937/out/vs/workbench/api/node/extensionHostProcess.js:105:14073)
	at s.z (/home/bitnami/.vscode-server/bin/05047486b6df5eb8d44b2ecd70ea3bdf775fd937/out/vs/workbench/api/node/extensionHostProcess.js:105:17138)
	at g.value (/home/bitnami/.vscode-server/bin/05047486b6df5eb8d44b2ecd70ea3bdf775fd937/out/vs/workbench/api/node/extensionHostProcess.js:105:15590)
	at r.y (/home/bitnami/.vscode-server/bin/05047486b6df5eb8d44b2ecd70ea3bdf775fd937/out/vs/workbench/api/node/extensionHostProcess.js:80:1902)
	at r.fire (/home/bitnami/.vscode-server/bin/05047486b6df5eb8d44b2ecd70ea3bdf775fd937/out/vs/workbench/api/node/extensionHostProcess.js:80:2119)
	at g.acceptChunk (/home/bitnami/.vscode-server/bin/05047486b6df5eb8d44b2ecd70ea3bdf775fd937/out/vs/workbench/api/node/extensionHostProcess.js:105:11847)
	at g.value (/home/bitnami/.vscode-server/bin/05047486b6df5eb8d44b2ecd70ea3bdf775fd937/out/vs/workbench/api/node/extensionHostProcess.js:105:11134)
	at r.y (/home/bitnami/.vscode-server/bin/05047486b6df5eb8d44b2ecd70ea3bdf775fd937/out/vs/workbench/api/node/extensionHostProcess.js:80:1902)
	at r.fire (/home/bitnami/.vscode-server/bin/05047486b6df5eb8d44b2ecd70ea3bdf775fd937/out/vs/workbench/api/node/extensionHostProcess.js:80:2119)
	at r.z (/home/bitnami/.vscode-server/bin/05047486b6df5eb8d44b2ecd70ea3bdf775fd937/out/vs/workbench/api/node/extensionHostProcess.js:170:19748) setContext undefined
2024-02-06 01:08:51.812 [error] Canceled: Canceled
	at new f (/home/bitnami/.vscode-server/bin/05047486b6df5eb8d44b2ecd70ea3bdf775fd937/out/vs/workbench/api/node/extensionHostProcess.js:140:45069)
	at d.U (/home/bitnami/.vscode-server/bin/05047486b6df5eb8d44b2ecd70ea3bdf775fd937/out/vs/workbench/api/node/extensionHostProcess.js:147:5557)
	at T.<computed>.O.charCodeAt.T.<computed> (/home/bitnami/.vscode-server/bin/05047486b6df5eb8d44b2ecd70ea3bdf775fd937/out/vs/workbench/api/node/extensionHostProcess.js:147:3008)
	at s.g (/home/bitnami/.vscode-server/bin/05047486b6df5eb8d44b2ecd70ea3bdf775fd937/out/vs/workbench/api/node/extensionHostProcess.js:150:174704)
	at s.executeCommand (/home/bitnami/.vscode-server/bin/05047486b6df5eb8d44b2ecd70ea3bdf775fd937/out/vs/workbench/api/node/extensionHostProcess.js:150:174142)
	at m.registerCommand.description (/home/bitnami/.vscode-server/bin/05047486b6df5eb8d44b2ecd70ea3bdf775fd937/out/vs/workbench/api/node/extensionHostProcess.js:150:173466)
	at s.h (/home/bitnami/.vscode-server/bin/05047486b6df5eb8d44b2ecd70ea3bdf775fd937/out/vs/workbench/api/node/extensionHostProcess.js:150:175243)
	at s.g (/home/bitnami/.vscode-server/bin/05047486b6df5eb8d44b2ecd70ea3bdf775fd937/out/vs/workbench/api/node/extensionHostProcess.js:150:174235)
	at s.executeCommand (/home/bitnami/.vscode-server/bin/05047486b6df5eb8d44b2ecd70ea3bdf775fd937/out/vs/workbench/api/node/extensionHostProcess.js:150:174142)
	at Object.executeCommand (/home/bitnami/.vscode-server/bin/05047486b6df5eb8d44b2ecd70ea3bdf775fd937/out/vs/workbench/api/node/extensionHostProcess.js:160:21634)
	at g.I [as value] (/home/bitnami/.vscode-server/bin/05047486b6df5eb8d44b2ecd70ea3bdf775fd937/extensions/git/dist/main.js:2:927298)
	at r.y (/home/bitnami/.vscode-server/bin/05047486b6df5eb8d44b2ecd70ea3bdf775fd937/out/vs/workbench/api/node/extensionHostProcess.js:80:1902)
	at r.z (/home/bitnami/.vscode-server/bin/05047486b6df5eb8d44b2ecd70ea3bdf775fd937/out/vs/workbench/api/node/extensionHostProcess.js:80:1972)
	at r.fire (/home/bitnami/.vscode-server/bin/05047486b6df5eb8d44b2ecd70ea3bdf775fd937/out/vs/workbench/api/node/extensionHostProcess.js:80:2188)
	at Object.m [as dispose] (/home/bitnami/.vscode-server/bin/05047486b6df5eb8d44b2ecd70ea3bdf775fd937/extensions/git/dist/main.js:2:943089)
	at /home/bitnami/.vscode-server/bin/05047486b6df5eb8d44b2ecd70ea3bdf775fd937/extensions/git/dist/main.js:2:947930
	at Array.forEach (<anonymous>)
	at p.dispose (/home/bitnami/.vscode-server/bin/05047486b6df5eb8d44b2ecd70ea3bdf775fd937/extensions/git/dist/main.js:2:947916)
	at c.<anonymous> (/home/bitnami/.vscode-server/bin/05047486b6df5eb8d44b2ecd70ea3bdf775fd937/out/vs/workbench/api/node/extensionHostProcess.js:148:3650)
	at c.dispose (/home/bitnami/.vscode-server/bin/05047486b6df5eb8d44b2ecd70ea3bdf775fd937/out/vs/workbench/api/node/extensionHostProcess.js:148:3747)
	at c.<anonymous> (/home/bitnami/.vscode-server/bin/05047486b6df5eb8d44b2ecd70ea3bdf775fd937/extensions/git/dist/main.js:2:929310)
	at c.dispose (/home/bitnami/.vscode-server/bin/05047486b6df5eb8d44b2ecd70ea3bdf775fd937/out/vs/workbench/api/node/extensionHostProcess.js:148:3747)
	at o (/home/bitnami/.vscode-server/bin/05047486b6df5eb8d44b2ecd70ea3bdf775fd937/out/vs/workbench/api/node/extensionHostProcess.js:30:754)
	at g.cb (/home/bitnami/.vscode-server/bin/05047486b6df5eb8d44b2ecd70ea3bdf775fd937/out/vs/workbench/api/node/extensionHostProcess.js:156:9874)
	at /home/bitnami/.vscode-server/bin/05047486b6df5eb8d44b2ecd70ea3bdf775fd937/out/vs/workbench/api/node/extensionHostProcess.js:156:7808
	at Array.map (<anonymous>)
	at g.Y (/home/bitnami/.vscode-server/bin/05047486b6df5eb8d44b2ecd70ea3bdf775fd937/out/vs/workbench/api/node/extensionHostProcess.js:156:7795)
	at g.terminate (/home/bitnami/.vscode-server/bin/05047486b6df5eb8d44b2ecd70ea3bdf775fd937/out/vs/workbench/api/node/extensionHostProcess.js:156:8068)
	at o.terminate (/home/bitnami/.vscode-server/bin/05047486b6df5eb8d44b2ecd70ea3bdf775fd937/out/vs/workbench/api/node/extensionHostProcess.js:160:1513)
	at t (/home/bitnami/.vscode-server/bin/05047486b6df5eb8d44b2ecd70ea3bdf775fd937/out/vs/workbench/api/node/extensionHostProcess.js:173:9950)
	at g.value (/home/bitnami/.vscode-server/bin/05047486b6df5eb8d44b2ecd70ea3bdf775fd937/out/vs/workbench/api/node/extensionHostProcess.js:173:7997)
	at r.y (/home/bitnami/.vscode-server/bin/05047486b6df5eb8d44b2ecd70ea3bdf775fd937/out/vs/workbench/api/node/extensionHostProcess.js:80:1902)
	at r.fire (/home/bitnami/.vscode-server/bin/05047486b6df5eb8d44b2ecd70ea3bdf775fd937/out/vs/workbench/api/node/extensionHostProcess.js:80:2119)
	at n.fire (/home/bitnami/.vscode-server/bin/05047486b6df5eb8d44b2ecd70ea3bdf775fd937/out/vs/workbench/api/node/extensionHostProcess.js:105:14073)
	at s.z (/home/bitnami/.vscode-server/bin/05047486b6df5eb8d44b2ecd70ea3bdf775fd937/out/vs/workbench/api/node/extensionHostProcess.js:105:17138)
	at g.value (/home/bitnami/.vscode-server/bin/05047486b6df5eb8d44b2ecd70ea3bdf775fd937/out/vs/workbench/api/node/extensionHostProcess.js:105:15590)
	at r.y (/home/bitnami/.vscode-server/bin/05047486b6df5eb8d44b2ecd70ea3bdf775fd937/out/vs/workbench/api/node/extensionHostProcess.js:80:1902)
	at r.fire (/home/bitnami/.vscode-server/bin/05047486b6df5eb8d44b2ecd70ea3bdf775fd937/out/vs/workbench/api/node/extensionHostProcess.js:80:2119)
	at g.acceptChunk (/home/bitnami/.vscode-server/bin/05047486b6df5eb8d44b2ecd70ea3bdf775fd937/out/vs/workbench/api/node/extensionHostProcess.js:105:11847)
	at g.value (/home/bitnami/.vscode-server/bin/05047486b6df5eb8d44b2ecd70ea3bdf775fd937/out/vs/workbench/api/node/extensionHostProcess.js:105:11134)
	at r.y (/home/bitnami/.vscode-server/bin/05047486b6df5eb8d44b2ecd70ea3bdf775fd937/out/vs/workbench/api/node/extensionHostProcess.js:80:1902)
	at r.fire (/home/bitnami/.vscode-server/bin/05047486b6df5eb8d44b2ecd70ea3bdf775fd937/out/vs/workbench/api/node/extensionHostProcess.js:80:2119)
	at r.z (/home/bitnami/.vscode-server/bin/05047486b6df5eb8d44b2ecd70ea3bdf775fd937/out/vs/workbench/api/node/extensionHostProcess.js:170:19748) setContext undefined
2024-02-06 01:08:51.813 [error] Canceled: Canceled
	at new f (/home/bitnami/.vscode-server/bin/05047486b6df5eb8d44b2ecd70ea3bdf775fd937/out/vs/workbench/api/node/extensionHostProcess.js:140:45069)
	at d.U (/home/bitnami/.vscode-server/bin/05047486b6df5eb8d44b2ecd70ea3bdf775fd937/out/vs/workbench/api/node/extensionHostProcess.js:147:5557)
	at T.<computed>.O.charCodeAt.T.<computed> (/home/bitnami/.vscode-server/bin/05047486b6df5eb8d44b2ecd70ea3bdf775fd937/out/vs/workbench/api/node/extensionHostProcess.js:147:3008)
	at s.g (/home/bitnami/.vscode-server/bin/05047486b6df5eb8d44b2ecd70ea3bdf775fd937/out/vs/workbench/api/node/extensionHostProcess.js:150:174704)
	at s.executeCommand (/home/bitnami/.vscode-server/bin/05047486b6df5eb8d44b2ecd70ea3bdf775fd937/out/vs/workbench/api/node/extensionHostProcess.js:150:174142)
	at m.registerCommand.description (/home/bitnami/.vscode-server/bin/05047486b6df5eb8d44b2ecd70ea3bdf775fd937/out/vs/workbench/api/node/extensionHostProcess.js:150:173466)
	at s.h (/home/bitnami/.vscode-server/bin/05047486b6df5eb8d44b2ecd70ea3bdf775fd937/out/vs/workbench/api/node/extensionHostProcess.js:150:175243)
	at s.g (/home/bitnami/.vscode-server/bin/05047486b6df5eb8d44b2ecd70ea3bdf775fd937/out/vs/workbench/api/node/extensionHostProcess.js:150:174235)
	at s.executeCommand (/home/bitnami/.vscode-server/bin/05047486b6df5eb8d44b2ecd70ea3bdf775fd937/out/vs/workbench/api/node/extensionHostProcess.js:150:174142)
	at Object.executeCommand (/home/bitnami/.vscode-server/bin/05047486b6df5eb8d44b2ecd70ea3bdf775fd937/out/vs/workbench/api/node/extensionHostProcess.js:160:21634)
	at set b [as b] (/home/bitnami/.vscode-server/bin/05047486b6df5eb8d44b2ecd70ea3bdf775fd937/extensions/github/dist/extension.js:2:322364)
	at /home/bitnami/.vscode-server/bin/05047486b6df5eb8d44b2ecd70ea3bdf775fd937/extensions/github/dist/extension.js:2:323005
	at g.value (/home/bitnami/.vscode-server/bin/05047486b6df5eb8d44b2ecd70ea3bdf775fd937/extensions/git/dist/main.js:2:1018251)
	at r.y (/home/bitnami/.vscode-server/bin/05047486b6df5eb8d44b2ecd70ea3bdf775fd937/out/vs/workbench/api/node/extensionHostProcess.js:80:1902)
	at r.z (/home/bitnami/.vscode-server/bin/05047486b6df5eb8d44b2ecd70ea3bdf775fd937/out/vs/workbench/api/node/extensionHostProcess.js:80:1972)
	at r.fire (/home/bitnami/.vscode-server/bin/05047486b6df5eb8d44b2ecd70ea3bdf775fd937/out/vs/workbench/api/node/extensionHostProcess.js:80:2188)
	at Object.m [as dispose] (/home/bitnami/.vscode-server/bin/05047486b6df5eb8d44b2ecd70ea3bdf775fd937/extensions/git/dist/main.js:2:943089)
	at /home/bitnami/.vscode-server/bin/05047486b6df5eb8d44b2ecd70ea3bdf775fd937/extensions/git/dist/main.js:2:947930
	at Array.forEach (<anonymous>)
	at p.dispose (/home/bitnami/.vscode-server/bin/05047486b6df5eb8d44b2ecd70ea3bdf775fd937/extensions/git/dist/main.js:2:947916)
	at c.<anonymous> (/home/bitnami/.vscode-server/bin/05047486b6df5eb8d44b2ecd70ea3bdf775fd937/out/vs/workbench/api/node/extensionHostProcess.js:148:3650)
	at c.dispose (/home/bitnami/.vscode-server/bin/05047486b6df5eb8d44b2ecd70ea3bdf775fd937/out/vs/workbench/api/node/extensionHostProcess.js:148:3747)
	at c.<anonymous> (/home/bitnami/.vscode-server/bin/05047486b6df5eb8d44b2ecd70ea3bdf775fd937/extensions/git/dist/main.js:2:929310)
	at c.dispose (/home/bitnami/.vscode-server/bin/05047486b6df5eb8d44b2ecd70ea3bdf775fd937/out/vs/workbench/api/node/extensionHostProcess.js:148:3747)
	at o (/home/bitnami/.vscode-server/bin/05047486b6df5eb8d44b2ecd70ea3bdf775fd937/out/vs/workbench/api/node/extensionHostProcess.js:30:754)
	at g.cb (/home/bitnami/.vscode-server/bin/05047486b6df5eb8d44b2ecd70ea3bdf775fd937/out/vs/workbench/api/node/extensionHostProcess.js:156:9874)
	at /home/bitnami/.vscode-server/bin/05047486b6df5eb8d44b2ecd70ea3bdf775fd937/out/vs/workbench/api/node/extensionHostProcess.js:156:7808
	at Array.map (<anonymous>)
	at g.Y (/home/bitnami/.vscode-server/bin/05047486b6df5eb8d44b2ecd70ea3bdf775fd937/out/vs/workbench/api/node/extensionHostProcess.js:156:7795)
	at g.terminate (/home/bitnami/.vscode-server/bin/05047486b6df5eb8d44b2ecd70ea3bdf775fd937/out/vs/workbench/api/node/extensionHostProcess.js:156:8068)
	at o.terminate (/home/bitnami/.vscode-server/bin/05047486b6df5eb8d44b2ecd70ea3bdf775fd937/out/vs/workbench/api/node/extensionHostProcess.js:160:1513)
	at t (/home/bitnami/.vscode-server/bin/05047486b6df5eb8d44b2ecd70ea3bdf775fd937/out/vs/workbench/api/node/extensionHostProcess.js:173:9950)
	at g.value (/home/bitnami/.vscode-server/bin/05047486b6df5eb8d44b2ecd70ea3bdf775fd937/out/vs/workbench/api/node/extensionHostProcess.js:173:7997)
	at r.y (/home/bitnami/.vscode-server/bin/05047486b6df5eb8d44b2ecd70ea3bdf775fd937/out/vs/workbench/api/node/extensionHostProcess.js:80:1902)
	at r.fire (/home/bitnami/.vscode-server/bin/05047486b6df5eb8d44b2ecd70ea3bdf775fd937/out/vs/workbench/api/node/extensionHostProcess.js:80:2119)
	at n.fire (/home/bitnami/.vscode-server/bin/05047486b6df5eb8d44b2ecd70ea3bdf775fd937/out/vs/workbench/api/node/extensionHostProcess.js:105:14073)
	at s.z (/home/bitnami/.vscode-server/bin/05047486b6df5eb8d44b2ecd70ea3bdf775fd937/out/vs/workbench/api/node/extensionHostProcess.js:105:17138)
	at g.value (/home/bitnami/.vscode-server/bin/05047486b6df5eb8d44b2ecd70ea3bdf775fd937/out/vs/workbench/api/node/extensionHostProcess.js:105:15590)
	at r.y (/home/bitnami/.vscode-server/bin/05047486b6df5eb8d44b2ecd70ea3bdf775fd937/out/vs/workbench/api/node/extensionHostProcess.js:80:1902)
	at r.fire (/home/bitnami/.vscode-server/bin/05047486b6df5eb8d44b2ecd70ea3bdf775fd937/out/vs/workbench/api/node/extensionHostProcess.js:80:2119)
	at g.acceptChunk (/home/bitnami/.vscode-server/bin/05047486b6df5eb8d44b2ecd70ea3bdf775fd937/out/vs/workbench/api/node/extensionHostProcess.js:105:11847)
	at g.value (/home/bitnami/.vscode-server/bin/05047486b6df5eb8d44b2ecd70ea3bdf775fd937/out/vs/workbench/api/node/extensionHostProcess.js:105:11134)
	at r.y (/home/bitnami/.vscode-server/bin/05047486b6df5eb8d44b2ecd70ea3bdf775fd937/out/vs/workbench/api/node/extensionHostProcess.js:80:1902)
	at r.fire (/home/bitnami/.vscode-server/bin/05047486b6df5eb8d44b2ecd70ea3bdf775fd937/out/vs/workbench/api/node/extensionHostProcess.js:80:2119)
	at r.z (/home/bitnami/.vscode-server/bin/05047486b6df5eb8d44b2ecd70ea3bdf775fd937/out/vs/workbench/api/node/extensionHostProcess.js:170:19748) setContext undefined
2024-02-06 01:08:51.850 [info] Extension host with pid 6372 exiting with code 0
