2024-02-26 01:24:56.941 [info] Extension host with pid 74645 started
2024-02-26 01:24:56.941 [error] Error: EEXIST: file already exists, open '/home/bitnami/.vscode-server/data/User/workspaceStorage/d866cbe83da49e127745e557969ca682/vscode.lock'
2024-02-26 01:24:56.948 [info] Lock '/home/bitnami/.vscode-server/data/User/workspaceStorage/d866cbe83da49e127745e557969ca682/vscode.lock': Could not acquire lock, checking if the file is stale.
2024-02-26 01:24:56.978 [info] Lock '/home/bitnami/.vscode-server/data/User/workspaceStorage/d866cbe83da49e127745e557969ca682/vscode.lock': The lock does not look stale, elapsed: 693 ms, giving up.
2024-02-26 01:24:56.985 [info] Lock '/home/bitnami/.vscode-server/data/User/workspaceStorage/d866cbe83da49e127745e557969ca682-1/vscode.lock': Lock acquired.
2024-02-26 01:24:57.061 [info] ExtensionService#_doActivateExtension vscode.emmet, startup: false, activationEvent: 'onLanguage'
2024-02-26 01:24:57.248 [info] ExtensionService#_doActivateExtension vscode.git-base, startup: true, activationEvent: '*', root cause: vscode.git
2024-02-26 01:24:57.255 [info] ExtensionService#_doActivateExtension vscode.npm, startup: true, activationEvent: 'workspaceContains:package.json'
2024-02-26 01:24:57.463 [info] ExtensionService#_doActivateExtension vscode.git, startup: true, activationEvent: '*'
2024-02-26 01:24:57.463 [info] ExtensionService#_doActivateExtension vscode.github, startup: true, activationEvent: '*'
2024-02-26 01:24:58.232 [info] Eager extensions activated
2024-02-26 01:24:58.233 [info] ExtensionService#_doActivateExtension vscode.debug-auto-launch, startup: false, activationEvent: 'onStartupFinished'
2024-02-26 01:24:58.233 [info] ExtensionService#_doActivateExtension vscode.merge-conflict, startup: false, activationEvent: 'onStartupFinished'
2024-02-26 01:24:59.123 [error] Error: Git error
	at ChildProcess.<anonymous> (/home/bitnami/.vscode-server/cli/servers/Stable-903b1e9d8990623e3d7da1df3d33db3e42d80eda/server/extensions/git/dist/main.js:2:993939)
	at ChildProcess.emit (node:events:526:35)
	at ChildProcess._handle.onexit (node:internal/child_process:291:12)
2024-02-26 01:24:59.124 [error] Error: Git error
	at ChildProcess.<anonymous> (/home/bitnami/.vscode-server/cli/servers/Stable-903b1e9d8990623e3d7da1df3d33db3e42d80eda/server/extensions/git/dist/main.js:2:993939)
	at ChildProcess.emit (node:events:526:35)
	at ChildProcess._handle.onexit (node:internal/child_process:291:12)
2024-02-26 01:24:59.124 [error] Error: Git error
	at ChildProcess.<anonymous> (/home/bitnami/.vscode-server/cli/servers/Stable-903b1e9d8990623e3d7da1df3d33db3e42d80eda/server/extensions/git/dist/main.js:2:993939)
	at ChildProcess.emit (node:events:526:35)
	at ChildProcess._handle.onexit (node:internal/child_process:291:12)
2024-02-26 01:24:59.124 [error] Error: Git error
	at ChildProcess.<anonymous> (/home/bitnami/.vscode-server/cli/servers/Stable-903b1e9d8990623e3d7da1df3d33db3e42d80eda/server/extensions/git/dist/main.js:2:993939)
	at ChildProcess.emit (node:events:526:35)
	at ChildProcess._handle.onexit (node:internal/child_process:291:12)
2024-02-26 01:24:59.125 [error] Error: Git error
	at ChildProcess.<anonymous> (/home/bitnami/.vscode-server/cli/servers/Stable-903b1e9d8990623e3d7da1df3d33db3e42d80eda/server/extensions/git/dist/main.js:2:993939)
	at ChildProcess.emit (node:events:526:35)
	at ChildProcess._handle.onexit (node:internal/child_process:291:12)
2024-02-26 01:24:59.125 [error] Error: Git error
	at ChildProcess.<anonymous> (/home/bitnami/.vscode-server/cli/servers/Stable-903b1e9d8990623e3d7da1df3d33db3e42d80eda/server/extensions/git/dist/main.js:2:993939)
	at ChildProcess.emit (node:events:526:35)
	at ChildProcess._handle.onexit (node:internal/child_process:291:12)
2024-02-26 01:24:59.125 [error] Error: Git error
	at ChildProcess.<anonymous> (/home/bitnami/.vscode-server/cli/servers/Stable-903b1e9d8990623e3d7da1df3d33db3e42d80eda/server/extensions/git/dist/main.js:2:993939)
	at ChildProcess.emit (node:events:526:35)
	at ChildProcess._handle.onexit (node:internal/child_process:291:12)
2024-02-26 01:24:59.125 [error] Error: Git error
	at ChildProcess.<anonymous> (/home/bitnami/.vscode-server/cli/servers/Stable-903b1e9d8990623e3d7da1df3d33db3e42d80eda/server/extensions/git/dist/main.js:2:993939)
	at ChildProcess.emit (node:events:526:35)
	at ChildProcess._handle.onexit (node:internal/child_process:291:12)
2024-02-26 01:24:59.126 [error] Error: Git error
	at ChildProcess.<anonymous> (/home/bitnami/.vscode-server/cli/servers/Stable-903b1e9d8990623e3d7da1df3d33db3e42d80eda/server/extensions/git/dist/main.js:2:993939)
	at ChildProcess.emit (node:events:526:35)
	at ChildProcess._handle.onexit (node:internal/child_process:291:12)
2024-02-26 01:24:59.126 [error] Error: Git error
	at ChildProcess.<anonymous> (/home/bitnami/.vscode-server/cli/servers/Stable-903b1e9d8990623e3d7da1df3d33db3e42d80eda/server/extensions/git/dist/main.js:2:993939)
	at ChildProcess.emit (node:events:526:35)
	at ChildProcess._handle.onexit (node:internal/child_process:291:12)
2024-02-26 01:24:59.126 [error] Error: Git error
	at ChildProcess.<anonymous> (/home/bitnami/.vscode-server/cli/servers/Stable-903b1e9d8990623e3d7da1df3d33db3e42d80eda/server/extensions/git/dist/main.js:2:993939)
	at ChildProcess.emit (node:events:526:35)
	at ChildProcess._handle.onexit (node:internal/child_process:291:12)
2024-02-26 01:24:59.127 [error] Error: Git error
	at ChildProcess.<anonymous> (/home/bitnami/.vscode-server/cli/servers/Stable-903b1e9d8990623e3d7da1df3d33db3e42d80eda/server/extensions/git/dist/main.js:2:993939)
	at ChildProcess.emit (node:events:526:35)
	at ChildProcess._handle.onexit (node:internal/child_process:291:12)
2024-02-26 01:24:59.127 [error] Error: Git error
	at ChildProcess.<anonymous> (/home/bitnami/.vscode-server/cli/servers/Stable-903b1e9d8990623e3d7da1df3d33db3e42d80eda/server/extensions/git/dist/main.js:2:993939)
	at ChildProcess.emit (node:events:526:35)
	at ChildProcess._handle.onexit (node:internal/child_process:291:12)
2024-02-26 01:24:59.127 [error] Error: Git error
	at ChildProcess.<anonymous> (/home/bitnami/.vscode-server/cli/servers/Stable-903b1e9d8990623e3d7da1df3d33db3e42d80eda/server/extensions/git/dist/main.js:2:993939)
	at ChildProcess.emit (node:events:526:35)
	at ChildProcess._handle.onexit (node:internal/child_process:291:12)
2024-02-26 01:24:59.127 [error] Error: Git error
	at ChildProcess.<anonymous> (/home/bitnami/.vscode-server/cli/servers/Stable-903b1e9d8990623e3d7da1df3d33db3e42d80eda/server/extensions/git/dist/main.js:2:993939)
	at ChildProcess.emit (node:events:526:35)
	at ChildProcess._handle.onexit (node:internal/child_process:291:12)
2024-02-26 01:24:59.128 [error] Error: Git error
	at ChildProcess.<anonymous> (/home/bitnami/.vscode-server/cli/servers/Stable-903b1e9d8990623e3d7da1df3d33db3e42d80eda/server/extensions/git/dist/main.js:2:993939)
	at ChildProcess.emit (node:events:526:35)
	at ChildProcess._handle.onexit (node:internal/child_process:291:12)
2024-02-26 01:24:59.128 [error] Error: Git error
	at ChildProcess.<anonymous> (/home/bitnami/.vscode-server/cli/servers/Stable-903b1e9d8990623e3d7da1df3d33db3e42d80eda/server/extensions/git/dist/main.js:2:993939)
	at ChildProcess.emit (node:events:526:35)
	at ChildProcess._handle.onexit (node:internal/child_process:291:12)
2024-02-26 01:24:59.129 [error] Error: Git error
	at ChildProcess.<anonymous> (/home/bitnami/.vscode-server/cli/servers/Stable-903b1e9d8990623e3d7da1df3d33db3e42d80eda/server/extensions/git/dist/main.js:2:993939)
	at ChildProcess.emit (node:events:526:35)
	at ChildProcess._handle.onexit (node:internal/child_process:291:12)
2024-02-26 01:24:59.129 [error] Error: Git error
	at ChildProcess.<anonymous> (/home/bitnami/.vscode-server/cli/servers/Stable-903b1e9d8990623e3d7da1df3d33db3e42d80eda/server/extensions/git/dist/main.js:2:993939)
	at ChildProcess.emit (node:events:526:35)
	at ChildProcess._handle.onexit (node:internal/child_process:291:12)
2024-02-26 01:24:59.129 [error] Error: Git error
	at ChildProcess.<anonymous> (/home/bitnami/.vscode-server/cli/servers/Stable-903b1e9d8990623e3d7da1df3d33db3e42d80eda/server/extensions/git/dist/main.js:2:993939)
	at ChildProcess.emit (node:events:526:35)
	at ChildProcess._handle.onexit (node:internal/child_process:291:12)
2024-02-26 01:24:59.130 [error] Error: Git error
	at ChildProcess.<anonymous> (/home/bitnami/.vscode-server/cli/servers/Stable-903b1e9d8990623e3d7da1df3d33db3e42d80eda/server/extensions/git/dist/main.js:2:993939)
	at ChildProcess.emit (node:events:526:35)
	at ChildProcess._handle.onexit (node:internal/child_process:291:12)
2024-02-26 01:24:59.130 [error] Error: Git error
	at ChildProcess.<anonymous> (/home/bitnami/.vscode-server/cli/servers/Stable-903b1e9d8990623e3d7da1df3d33db3e42d80eda/server/extensions/git/dist/main.js:2:993939)
	at ChildProcess.emit (node:events:526:35)
	at ChildProcess._handle.onexit (node:internal/child_process:291:12)
2024-02-26 01:24:59.131 [error] Error: Git error
	at ChildProcess.<anonymous> (/home/bitnami/.vscode-server/cli/servers/Stable-903b1e9d8990623e3d7da1df3d33db3e42d80eda/server/extensions/git/dist/main.js:2:993939)
	at ChildProcess.emit (node:events:526:35)
	at ChildProcess._handle.onexit (node:internal/child_process:291:12)
2024-02-26 01:24:59.131 [error] Error: Git error
	at ChildProcess.<anonymous> (/home/bitnami/.vscode-server/cli/servers/Stable-903b1e9d8990623e3d7da1df3d33db3e42d80eda/server/extensions/git/dist/main.js:2:993939)
	at ChildProcess.emit (node:events:526:35)
	at ChildProcess._handle.onexit (node:internal/child_process:291:12)
2024-02-26 01:24:59.131 [error] Error: Git error
	at ChildProcess.<anonymous> (/home/bitnami/.vscode-server/cli/servers/Stable-903b1e9d8990623e3d7da1df3d33db3e42d80eda/server/extensions/git/dist/main.js:2:993939)
	at ChildProcess.emit (node:events:526:35)
	at ChildProcess._handle.onexit (node:internal/child_process:291:12)
2024-02-26 01:24:59.131 [error] Error: Git error
	at ChildProcess.<anonymous> (/home/bitnami/.vscode-server/cli/servers/Stable-903b1e9d8990623e3d7da1df3d33db3e42d80eda/server/extensions/git/dist/main.js:2:993939)
	at ChildProcess.emit (node:events:526:35)
	at ChildProcess._handle.onexit (node:internal/child_process:291:12)
2024-02-26 01:24:59.132 [error] Error: Git error
	at ChildProcess.<anonymous> (/home/bitnami/.vscode-server/cli/servers/Stable-903b1e9d8990623e3d7da1df3d33db3e42d80eda/server/extensions/git/dist/main.js:2:993939)
	at ChildProcess.emit (node:events:526:35)
	at ChildProcess._handle.onexit (node:internal/child_process:291:12)
2024-02-26 01:24:59.132 [error] Error: Git error
	at ChildProcess.<anonymous> (/home/bitnami/.vscode-server/cli/servers/Stable-903b1e9d8990623e3d7da1df3d33db3e42d80eda/server/extensions/git/dist/main.js:2:993939)
	at ChildProcess.emit (node:events:526:35)
	at ChildProcess._handle.onexit (node:internal/child_process:291:12)
2024-02-26 01:24:59.132 [error] Error: Git error
	at ChildProcess.<anonymous> (/home/bitnami/.vscode-server/cli/servers/Stable-903b1e9d8990623e3d7da1df3d33db3e42d80eda/server/extensions/git/dist/main.js:2:993939)
	at ChildProcess.emit (node:events:526:35)
	at ChildProcess._handle.onexit (node:internal/child_process:291:12)
2024-02-26 01:24:59.132 [error] Error: Git error
	at ChildProcess.<anonymous> (/home/bitnami/.vscode-server/cli/servers/Stable-903b1e9d8990623e3d7da1df3d33db3e42d80eda/server/extensions/git/dist/main.js:2:993939)
	at ChildProcess.emit (node:events:526:35)
	at ChildProcess._handle.onexit (node:internal/child_process:291:12)
2024-02-26 01:24:59.132 [error] Error: Git error
	at ChildProcess.<anonymous> (/home/bitnami/.vscode-server/cli/servers/Stable-903b1e9d8990623e3d7da1df3d33db3e42d80eda/server/extensions/git/dist/main.js:2:993939)
	at ChildProcess.emit (node:events:526:35)
	at ChildProcess._handle.onexit (node:internal/child_process:291:12)
2024-02-26 01:24:59.133 [error] Error: Git error
	at ChildProcess.<anonymous> (/home/bitnami/.vscode-server/cli/servers/Stable-903b1e9d8990623e3d7da1df3d33db3e42d80eda/server/extensions/git/dist/main.js:2:993939)
	at ChildProcess.emit (node:events:526:35)
	at ChildProcess._handle.onexit (node:internal/child_process:291:12)
2024-02-26 01:24:59.133 [error] Error: Git error
	at ChildProcess.<anonymous> (/home/bitnami/.vscode-server/cli/servers/Stable-903b1e9d8990623e3d7da1df3d33db3e42d80eda/server/extensions/git/dist/main.js:2:993939)
	at ChildProcess.emit (node:events:526:35)
	at ChildProcess._handle.onexit (node:internal/child_process:291:12)
2024-02-26 01:24:59.133 [error] Error: Git error
	at ChildProcess.<anonymous> (/home/bitnami/.vscode-server/cli/servers/Stable-903b1e9d8990623e3d7da1df3d33db3e42d80eda/server/extensions/git/dist/main.js:2:993939)
	at ChildProcess.emit (node:events:526:35)
	at ChildProcess._handle.onexit (node:internal/child_process:291:12)
2024-02-26 01:24:59.133 [error] Error: Git error
	at ChildProcess.<anonymous> (/home/bitnami/.vscode-server/cli/servers/Stable-903b1e9d8990623e3d7da1df3d33db3e42d80eda/server/extensions/git/dist/main.js:2:993939)
	at ChildProcess.emit (node:events:526:35)
	at ChildProcess._handle.onexit (node:internal/child_process:291:12)
2024-02-26 01:24:59.133 [error] Error: Git error
	at ChildProcess.<anonymous> (/home/bitnami/.vscode-server/cli/servers/Stable-903b1e9d8990623e3d7da1df3d33db3e42d80eda/server/extensions/git/dist/main.js:2:993939)
	at ChildProcess.emit (node:events:526:35)
	at ChildProcess._handle.onexit (node:internal/child_process:291:12)
2024-02-26 01:24:59.133 [error] Error: Git error
	at ChildProcess.<anonymous> (/home/bitnami/.vscode-server/cli/servers/Stable-903b1e9d8990623e3d7da1df3d33db3e42d80eda/server/extensions/git/dist/main.js:2:993939)
	at ChildProcess.emit (node:events:526:35)
	at ChildProcess._handle.onexit (node:internal/child_process:291:12)
2024-02-26 01:24:59.133 [error] Error: Git error
	at ChildProcess.<anonymous> (/home/bitnami/.vscode-server/cli/servers/Stable-903b1e9d8990623e3d7da1df3d33db3e42d80eda/server/extensions/git/dist/main.js:2:993939)
	at ChildProcess.emit (node:events:526:35)
	at ChildProcess._handle.onexit (node:internal/child_process:291:12)
2024-02-26 01:24:59.133 [error] Error: Git error
	at ChildProcess.<anonymous> (/home/bitnami/.vscode-server/cli/servers/Stable-903b1e9d8990623e3d7da1df3d33db3e42d80eda/server/extensions/git/dist/main.js:2:993939)
	at ChildProcess.emit (node:events:526:35)
	at ChildProcess._handle.onexit (node:internal/child_process:291:12)
2024-02-26 01:24:59.133 [error] Error: Git error
	at ChildProcess.<anonymous> (/home/bitnami/.vscode-server/cli/servers/Stable-903b1e9d8990623e3d7da1df3d33db3e42d80eda/server/extensions/git/dist/main.js:2:993939)
	at ChildProcess.emit (node:events:526:35)
	at ChildProcess._handle.onexit (node:internal/child_process:291:12)
2024-02-26 01:24:59.133 [error] Error: Git error
	at ChildProcess.<anonymous> (/home/bitnami/.vscode-server/cli/servers/Stable-903b1e9d8990623e3d7da1df3d33db3e42d80eda/server/extensions/git/dist/main.js:2:993939)
	at ChildProcess.emit (node:events:526:35)
	at ChildProcess._handle.onexit (node:internal/child_process:291:12)
2024-02-26 01:24:59.133 [error] Error: Git error
	at ChildProcess.<anonymous> (/home/bitnami/.vscode-server/cli/servers/Stable-903b1e9d8990623e3d7da1df3d33db3e42d80eda/server/extensions/git/dist/main.js:2:993939)
	at ChildProcess.emit (node:events:526:35)
	at ChildProcess._handle.onexit (node:internal/child_process:291:12)
2024-02-26 01:24:59.133 [error] Error: Git error
	at ChildProcess.<anonymous> (/home/bitnami/.vscode-server/cli/servers/Stable-903b1e9d8990623e3d7da1df3d33db3e42d80eda/server/extensions/git/dist/main.js:2:993939)
	at ChildProcess.emit (node:events:526:35)
	at ChildProcess._handle.onexit (node:internal/child_process:291:12)
2024-02-26 01:24:59.133 [error] Error: Git error
	at ChildProcess.<anonymous> (/home/bitnami/.vscode-server/cli/servers/Stable-903b1e9d8990623e3d7da1df3d33db3e42d80eda/server/extensions/git/dist/main.js:2:993939)
	at ChildProcess.emit (node:events:526:35)
	at ChildProcess._handle.onexit (node:internal/child_process:291:12)
2024-02-26 01:24:59.133 [error] Error: Git error
	at ChildProcess.<anonymous> (/home/bitnami/.vscode-server/cli/servers/Stable-903b1e9d8990623e3d7da1df3d33db3e42d80eda/server/extensions/git/dist/main.js:2:993939)
	at ChildProcess.emit (node:events:526:35)
	at ChildProcess._handle.onexit (node:internal/child_process:291:12)
2024-02-26 01:24:59.133 [error] Error: Git error
	at ChildProcess.<anonymous> (/home/bitnami/.vscode-server/cli/servers/Stable-903b1e9d8990623e3d7da1df3d33db3e42d80eda/server/extensions/git/dist/main.js:2:993939)
	at ChildProcess.emit (node:events:526:35)
	at ChildProcess._handle.onexit (node:internal/child_process:291:12)
2024-02-26 01:24:59.133 [error] Error: Git error
	at ChildProcess.<anonymous> (/home/bitnami/.vscode-server/cli/servers/Stable-903b1e9d8990623e3d7da1df3d33db3e42d80eda/server/extensions/git/dist/main.js:2:993939)
	at ChildProcess.emit (node:events:526:35)
	at ChildProcess._handle.onexit (node:internal/child_process:291:12)
2024-02-26 01:24:59.133 [error] Error: Git error
	at ChildProcess.<anonymous> (/home/bitnami/.vscode-server/cli/servers/Stable-903b1e9d8990623e3d7da1df3d33db3e42d80eda/server/extensions/git/dist/main.js:2:993939)
	at ChildProcess.emit (node:events:526:35)
	at ChildProcess._handle.onexit (node:internal/child_process:291:12)
2024-02-26 01:24:59.133 [error] Error: Git error
	at ChildProcess.<anonymous> (/home/bitnami/.vscode-server/cli/servers/Stable-903b1e9d8990623e3d7da1df3d33db3e42d80eda/server/extensions/git/dist/main.js:2:993939)
	at ChildProcess.emit (node:events:526:35)
	at ChildProcess._handle.onexit (node:internal/child_process:291:12)
2024-02-26 01:24:59.133 [error] Error: Git error
	at ChildProcess.<anonymous> (/home/bitnami/.vscode-server/cli/servers/Stable-903b1e9d8990623e3d7da1df3d33db3e42d80eda/server/extensions/git/dist/main.js:2:993939)
	at ChildProcess.emit (node:events:526:35)
	at ChildProcess._handle.onexit (node:internal/child_process:291:12)
2024-02-26 01:24:59.364 [info] ExtensionService#_doActivateExtension vscode.tunnel-forwarding, startup: false, activationEvent: 'onTunnel'
2024-02-26 01:24:59.592 [warning] [Decorations] CAPPING events from decorations provider vscode.git 1360
2024-02-26 01:25:00.432 [error] Error: Git error
	at ChildProcess.<anonymous> (/home/bitnami/.vscode-server/cli/servers/Stable-903b1e9d8990623e3d7da1df3d33db3e42d80eda/server/extensions/git/dist/main.js:2:993939)
	at ChildProcess.emit (node:events:526:35)
	at ChildProcess._handle.onexit (node:internal/child_process:291:12)
2024-02-26 01:25:00.435 [error] Error: Git error
	at ChildProcess.<anonymous> (/home/bitnami/.vscode-server/cli/servers/Stable-903b1e9d8990623e3d7da1df3d33db3e42d80eda/server/extensions/git/dist/main.js:2:993939)
	at ChildProcess.emit (node:events:526:35)
	at ChildProcess._handle.onexit (node:internal/child_process:291:12)
2024-02-26 01:25:00.441 [error] Error: Git error
	at ChildProcess.<anonymous> (/home/bitnami/.vscode-server/cli/servers/Stable-903b1e9d8990623e3d7da1df3d33db3e42d80eda/server/extensions/git/dist/main.js:2:993939)
	at ChildProcess.emit (node:events:526:35)
	at ChildProcess._handle.onexit (node:internal/child_process:291:12)
2024-02-26 01:25:00.441 [error] Error: Git error
	at ChildProcess.<anonymous> (/home/bitnami/.vscode-server/cli/servers/Stable-903b1e9d8990623e3d7da1df3d33db3e42d80eda/server/extensions/git/dist/main.js:2:993939)
	at ChildProcess.emit (node:events:526:35)
	at ChildProcess._handle.onexit (node:internal/child_process:291:12)
2024-02-26 01:25:00.444 [error] Error: Git error
	at ChildProcess.<anonymous> (/home/bitnami/.vscode-server/cli/servers/Stable-903b1e9d8990623e3d7da1df3d33db3e42d80eda/server/extensions/git/dist/main.js:2:993939)
	at ChildProcess.emit (node:events:526:35)
	at ChildProcess._handle.onexit (node:internal/child_process:291:12)
2024-02-26 01:25:00.445 [error] Error: Git error
	at ChildProcess.<anonymous> (/home/bitnami/.vscode-server/cli/servers/Stable-903b1e9d8990623e3d7da1df3d33db3e42d80eda/server/extensions/git/dist/main.js:2:993939)
	at ChildProcess.emit (node:events:526:35)
	at ChildProcess._handle.onexit (node:internal/child_process:291:12)
2024-02-26 01:25:00.446 [error] Error: Git error
	at ChildProcess.<anonymous> (/home/bitnami/.vscode-server/cli/servers/Stable-903b1e9d8990623e3d7da1df3d33db3e42d80eda/server/extensions/git/dist/main.js:2:993939)
	at ChildProcess.emit (node:events:526:35)
	at ChildProcess._handle.onexit (node:internal/child_process:291:12)
2024-02-26 01:25:00.448 [error] Error: Git error
	at ChildProcess.<anonymous> (/home/bitnami/.vscode-server/cli/servers/Stable-903b1e9d8990623e3d7da1df3d33db3e42d80eda/server/extensions/git/dist/main.js:2:993939)
	at ChildProcess.emit (node:events:526:35)
	at ChildProcess._handle.onexit (node:internal/child_process:291:12)
2024-02-26 01:25:00.451 [error] Error: Git error
	at ChildProcess.<anonymous> (/home/bitnami/.vscode-server/cli/servers/Stable-903b1e9d8990623e3d7da1df3d33db3e42d80eda/server/extensions/git/dist/main.js:2:993939)
	at ChildProcess.emit (node:events:526:35)
	at ChildProcess._handle.onexit (node:internal/child_process:291:12)
2024-02-26 01:25:00.452 [error] Error: Git error
	at ChildProcess.<anonymous> (/home/bitnami/.vscode-server/cli/servers/Stable-903b1e9d8990623e3d7da1df3d33db3e42d80eda/server/extensions/git/dist/main.js:2:993939)
	at ChildProcess.emit (node:events:526:35)
	at ChildProcess._handle.onexit (node:internal/child_process:291:12)
2024-02-26 01:25:00.459 [error] Error: Git error
	at ChildProcess.<anonymous> (/home/bitnami/.vscode-server/cli/servers/Stable-903b1e9d8990623e3d7da1df3d33db3e42d80eda/server/extensions/git/dist/main.js:2:993939)
	at ChildProcess.emit (node:events:526:35)
	at ChildProcess._handle.onexit (node:internal/child_process:291:12)
2024-02-26 01:25:00.460 [error] Error: Git error
	at ChildProcess.<anonymous> (/home/bitnami/.vscode-server/cli/servers/Stable-903b1e9d8990623e3d7da1df3d33db3e42d80eda/server/extensions/git/dist/main.js:2:993939)
	at ChildProcess.emit (node:events:526:35)
	at ChildProcess._handle.onexit (node:internal/child_process:291:12)
2024-02-26 01:25:00.461 [error] Error: Git error
	at ChildProcess.<anonymous> (/home/bitnami/.vscode-server/cli/servers/Stable-903b1e9d8990623e3d7da1df3d33db3e42d80eda/server/extensions/git/dist/main.js:2:993939)
	at ChildProcess.emit (node:events:526:35)
	at ChildProcess._handle.onexit (node:internal/child_process:291:12)
2024-02-26 01:25:00.461 [error] Error: Git error
	at ChildProcess.<anonymous> (/home/bitnami/.vscode-server/cli/servers/Stable-903b1e9d8990623e3d7da1df3d33db3e42d80eda/server/extensions/git/dist/main.js:2:993939)
	at ChildProcess.emit (node:events:526:35)
	at ChildProcess._handle.onexit (node:internal/child_process:291:12)
2024-02-26 01:25:00.462 [error] Error: Git error
	at ChildProcess.<anonymous> (/home/bitnami/.vscode-server/cli/servers/Stable-903b1e9d8990623e3d7da1df3d33db3e42d80eda/server/extensions/git/dist/main.js:2:993939)
	at ChildProcess.emit (node:events:526:35)
	at ChildProcess._handle.onexit (node:internal/child_process:291:12)
2024-02-26 01:25:00.462 [error] Error: Git error
	at ChildProcess.<anonymous> (/home/bitnami/.vscode-server/cli/servers/Stable-903b1e9d8990623e3d7da1df3d33db3e42d80eda/server/extensions/git/dist/main.js:2:993939)
	at ChildProcess.emit (node:events:526:35)
	at ChildProcess._handle.onexit (node:internal/child_process:291:12)
2024-02-26 01:25:00.463 [error] Error: Git error
	at ChildProcess.<anonymous> (/home/bitnami/.vscode-server/cli/servers/Stable-903b1e9d8990623e3d7da1df3d33db3e42d80eda/server/extensions/git/dist/main.js:2:993939)
	at ChildProcess.emit (node:events:526:35)
	at ChildProcess._handle.onexit (node:internal/child_process:291:12)
2024-02-26 01:25:00.463 [error] Error: Git error
	at ChildProcess.<anonymous> (/home/bitnami/.vscode-server/cli/servers/Stable-903b1e9d8990623e3d7da1df3d33db3e42d80eda/server/extensions/git/dist/main.js:2:993939)
	at ChildProcess.emit (node:events:526:35)
	at ChildProcess._handle.onexit (node:internal/child_process:291:12)
2024-02-26 01:25:00.473 [error] Error: Git error
	at ChildProcess.<anonymous> (/home/bitnami/.vscode-server/cli/servers/Stable-903b1e9d8990623e3d7da1df3d33db3e42d80eda/server/extensions/git/dist/main.js:2:993939)
	at ChildProcess.emit (node:events:526:35)
	at ChildProcess._handle.onexit (node:internal/child_process:291:12)
2024-02-26 01:25:00.473 [error] Error: Git error
	at ChildProcess.<anonymous> (/home/bitnami/.vscode-server/cli/servers/Stable-903b1e9d8990623e3d7da1df3d33db3e42d80eda/server/extensions/git/dist/main.js:2:993939)
	at ChildProcess.emit (node:events:526:35)
	at ChildProcess._handle.onexit (node:internal/child_process:291:12)
2024-02-26 01:25:00.474 [error] Error: Git error
	at ChildProcess.<anonymous> (/home/bitnami/.vscode-server/cli/servers/Stable-903b1e9d8990623e3d7da1df3d33db3e42d80eda/server/extensions/git/dist/main.js:2:993939)
	at ChildProcess.emit (node:events:526:35)
	at ChildProcess._handle.onexit (node:internal/child_process:291:12)
2024-02-26 01:25:00.475 [error] Error: Git error
	at ChildProcess.<anonymous> (/home/bitnami/.vscode-server/cli/servers/Stable-903b1e9d8990623e3d7da1df3d33db3e42d80eda/server/extensions/git/dist/main.js:2:993939)
	at ChildProcess.emit (node:events:526:35)
	at ChildProcess._handle.onexit (node:internal/child_process:291:12)
2024-02-26 01:25:00.475 [error] Error: Git error
	at ChildProcess.<anonymous> (/home/bitnami/.vscode-server/cli/servers/Stable-903b1e9d8990623e3d7da1df3d33db3e42d80eda/server/extensions/git/dist/main.js:2:993939)
	at ChildProcess.emit (node:events:526:35)
	at ChildProcess._handle.onexit (node:internal/child_process:291:12)
2024-02-26 01:25:00.476 [error] Error: Git error
	at ChildProcess.<anonymous> (/home/bitnami/.vscode-server/cli/servers/Stable-903b1e9d8990623e3d7da1df3d33db3e42d80eda/server/extensions/git/dist/main.js:2:993939)
	at ChildProcess.emit (node:events:526:35)
	at ChildProcess._handle.onexit (node:internal/child_process:291:12)
2024-02-26 01:25:00.476 [error] Error: Git error
	at ChildProcess.<anonymous> (/home/bitnami/.vscode-server/cli/servers/Stable-903b1e9d8990623e3d7da1df3d33db3e42d80eda/server/extensions/git/dist/main.js:2:993939)
	at ChildProcess.emit (node:events:526:35)
	at ChildProcess._handle.onexit (node:internal/child_process:291:12)
2024-02-26 01:25:00.993 [warning] [Decorations] CAPPING events from decorations provider vscode.git 1360
2024-02-26 01:25:02.018 [error] Error: read ECONNRESET
	at TLSWrap.onStreamRead (node:internal/stream_base_commons:217:20)
2024-02-26 01:25:32.300 [info] ExtensionService#_doActivateExtension vscode.typescript-language-features, startup: false, activationEvent: 'onLanguage:javascript'
2024-02-26 01:29:20.866 [warning] [Decorations] CAPPING events from decorations provider vscode.git 1361
2024-02-26 01:43:16.670 [info] Extension host terminating: renderer disconnected for too long (2)
2024-02-26 01:43:16.693 [info] Lock '/home/bitnami/.vscode-server/data/User/workspaceStorage/d866cbe83da49e127745e557969ca682-1/vscode.lock': Marking the lockfile as scheduled to be released in 6000 ms.
2024-02-26 01:43:17.124 [error] Canceled: Canceled
	at new f (/home/bitnami/.vscode-server/cli/servers/Stable-903b1e9d8990623e3d7da1df3d33db3e42d80eda/server/out/vs/workbench/api/node/extensionHostProcess.js:140:45069)
	at d.U (/home/bitnami/.vscode-server/cli/servers/Stable-903b1e9d8990623e3d7da1df3d33db3e42d80eda/server/out/vs/workbench/api/node/extensionHostProcess.js:147:5557)
	at T.<computed>.O.charCodeAt.T.<computed> (/home/bitnami/.vscode-server/cli/servers/Stable-903b1e9d8990623e3d7da1df3d33db3e42d80eda/server/out/vs/workbench/api/node/extensionHostProcess.js:147:3008)
	at s.g (/home/bitnami/.vscode-server/cli/servers/Stable-903b1e9d8990623e3d7da1df3d33db3e42d80eda/server/out/vs/workbench/api/node/extensionHostProcess.js:150:174704)
	at s.executeCommand (/home/bitnami/.vscode-server/cli/servers/Stable-903b1e9d8990623e3d7da1df3d33db3e42d80eda/server/out/vs/workbench/api/node/extensionHostProcess.js:150:174142)
	at m.registerCommand.description (/home/bitnami/.vscode-server/cli/servers/Stable-903b1e9d8990623e3d7da1df3d33db3e42d80eda/server/out/vs/workbench/api/node/extensionHostProcess.js:150:173466)
	at s.h (/home/bitnami/.vscode-server/cli/servers/Stable-903b1e9d8990623e3d7da1df3d33db3e42d80eda/server/out/vs/workbench/api/node/extensionHostProcess.js:150:175243)
	at s.g (/home/bitnami/.vscode-server/cli/servers/Stable-903b1e9d8990623e3d7da1df3d33db3e42d80eda/server/out/vs/workbench/api/node/extensionHostProcess.js:150:174235)
	at s.executeCommand (/home/bitnami/.vscode-server/cli/servers/Stable-903b1e9d8990623e3d7da1df3d33db3e42d80eda/server/out/vs/workbench/api/node/extensionHostProcess.js:150:174142)
	at Object.executeCommand (/home/bitnami/.vscode-server/cli/servers/Stable-903b1e9d8990623e3d7da1df3d33db3e42d80eda/server/out/vs/workbench/api/node/extensionHostProcess.js:160:21634)
	at g.I [as value] (/home/bitnami/.vscode-server/cli/servers/Stable-903b1e9d8990623e3d7da1df3d33db3e42d80eda/server/extensions/git/dist/main.js:2:927298)
	at r.y (/home/bitnami/.vscode-server/cli/servers/Stable-903b1e9d8990623e3d7da1df3d33db3e42d80eda/server/out/vs/workbench/api/node/extensionHostProcess.js:80:1902)
	at r.z (/home/bitnami/.vscode-server/cli/servers/Stable-903b1e9d8990623e3d7da1df3d33db3e42d80eda/server/out/vs/workbench/api/node/extensionHostProcess.js:80:1972)
	at r.fire (/home/bitnami/.vscode-server/cli/servers/Stable-903b1e9d8990623e3d7da1df3d33db3e42d80eda/server/out/vs/workbench/api/node/extensionHostProcess.js:80:2188)
	at Object.m [as dispose] (/home/bitnami/.vscode-server/cli/servers/Stable-903b1e9d8990623e3d7da1df3d33db3e42d80eda/server/extensions/git/dist/main.js:2:943089)
	at /home/bitnami/.vscode-server/cli/servers/Stable-903b1e9d8990623e3d7da1df3d33db3e42d80eda/server/extensions/git/dist/main.js:2:947930
	at Array.forEach (<anonymous>)
	at p.dispose (/home/bitnami/.vscode-server/cli/servers/Stable-903b1e9d8990623e3d7da1df3d33db3e42d80eda/server/extensions/git/dist/main.js:2:947916)
	at c.<anonymous> (/home/bitnami/.vscode-server/cli/servers/Stable-903b1e9d8990623e3d7da1df3d33db3e42d80eda/server/out/vs/workbench/api/node/extensionHostProcess.js:148:3650)
	at c.dispose (/home/bitnami/.vscode-server/cli/servers/Stable-903b1e9d8990623e3d7da1df3d33db3e42d80eda/server/out/vs/workbench/api/node/extensionHostProcess.js:148:3747)
	at c.<anonymous> (/home/bitnami/.vscode-server/cli/servers/Stable-903b1e9d8990623e3d7da1df3d33db3e42d80eda/server/extensions/git/dist/main.js:2:929310)
	at c.dispose (/home/bitnami/.vscode-server/cli/servers/Stable-903b1e9d8990623e3d7da1df3d33db3e42d80eda/server/out/vs/workbench/api/node/extensionHostProcess.js:148:3747)
	at o (/home/bitnami/.vscode-server/cli/servers/Stable-903b1e9d8990623e3d7da1df3d33db3e42d80eda/server/out/vs/workbench/api/node/extensionHostProcess.js:30:754)
	at g.cb (/home/bitnami/.vscode-server/cli/servers/Stable-903b1e9d8990623e3d7da1df3d33db3e42d80eda/server/out/vs/workbench/api/node/extensionHostProcess.js:156:9874)
	at /home/bitnami/.vscode-server/cli/servers/Stable-903b1e9d8990623e3d7da1df3d33db3e42d80eda/server/out/vs/workbench/api/node/extensionHostProcess.js:156:7808
	at Array.map (<anonymous>)
	at g.Y (/home/bitnami/.vscode-server/cli/servers/Stable-903b1e9d8990623e3d7da1df3d33db3e42d80eda/server/out/vs/workbench/api/node/extensionHostProcess.js:156:7795)
	at g.terminate (/home/bitnami/.vscode-server/cli/servers/Stable-903b1e9d8990623e3d7da1df3d33db3e42d80eda/server/out/vs/workbench/api/node/extensionHostProcess.js:156:8068)
	at o.terminate (/home/bitnami/.vscode-server/cli/servers/Stable-903b1e9d8990623e3d7da1df3d33db3e42d80eda/server/out/vs/workbench/api/node/extensionHostProcess.js:160:1513)
	at t (/home/bitnami/.vscode-server/cli/servers/Stable-903b1e9d8990623e3d7da1df3d33db3e42d80eda/server/out/vs/workbench/api/node/extensionHostProcess.js:173:9950)
	at M.a (/home/bitnami/.vscode-server/cli/servers/Stable-903b1e9d8990623e3d7da1df3d33db3e42d80eda/server/out/vs/workbench/api/node/extensionHostProcess.js:173:6743)
	at M.h (/home/bitnami/.vscode-server/cli/servers/Stable-903b1e9d8990623e3d7da1df3d33db3e42d80eda/server/out/vs/workbench/api/node/extensionHostProcess.js:97:20387)
	at listOnTimeout (node:internal/timers:569:17)
	at process.processTimers (node:internal/timers:512:7) setContext undefined
2024-02-26 01:43:17.126 [error] Canceled: Canceled
	at new f (/home/bitnami/.vscode-server/cli/servers/Stable-903b1e9d8990623e3d7da1df3d33db3e42d80eda/server/out/vs/workbench/api/node/extensionHostProcess.js:140:45069)
	at d.U (/home/bitnami/.vscode-server/cli/servers/Stable-903b1e9d8990623e3d7da1df3d33db3e42d80eda/server/out/vs/workbench/api/node/extensionHostProcess.js:147:5557)
	at T.<computed>.O.charCodeAt.T.<computed> (/home/bitnami/.vscode-server/cli/servers/Stable-903b1e9d8990623e3d7da1df3d33db3e42d80eda/server/out/vs/workbench/api/node/extensionHostProcess.js:147:3008)
	at s.g (/home/bitnami/.vscode-server/cli/servers/Stable-903b1e9d8990623e3d7da1df3d33db3e42d80eda/server/out/vs/workbench/api/node/extensionHostProcess.js:150:174704)
	at s.executeCommand (/home/bitnami/.vscode-server/cli/servers/Stable-903b1e9d8990623e3d7da1df3d33db3e42d80eda/server/out/vs/workbench/api/node/extensionHostProcess.js:150:174142)
	at m.registerCommand.description (/home/bitnami/.vscode-server/cli/servers/Stable-903b1e9d8990623e3d7da1df3d33db3e42d80eda/server/out/vs/workbench/api/node/extensionHostProcess.js:150:173466)
	at s.h (/home/bitnami/.vscode-server/cli/servers/Stable-903b1e9d8990623e3d7da1df3d33db3e42d80eda/server/out/vs/workbench/api/node/extensionHostProcess.js:150:175243)
	at s.g (/home/bitnami/.vscode-server/cli/servers/Stable-903b1e9d8990623e3d7da1df3d33db3e42d80eda/server/out/vs/workbench/api/node/extensionHostProcess.js:150:174235)
	at s.executeCommand (/home/bitnami/.vscode-server/cli/servers/Stable-903b1e9d8990623e3d7da1df3d33db3e42d80eda/server/out/vs/workbench/api/node/extensionHostProcess.js:150:174142)
	at Object.executeCommand (/home/bitnami/.vscode-server/cli/servers/Stable-903b1e9d8990623e3d7da1df3d33db3e42d80eda/server/out/vs/workbench/api/node/extensionHostProcess.js:160:21634)
	at set b [as b] (/home/bitnami/.vscode-server/cli/servers/Stable-903b1e9d8990623e3d7da1df3d33db3e42d80eda/server/extensions/github/dist/extension.js:2:322364)
	at /home/bitnami/.vscode-server/cli/servers/Stable-903b1e9d8990623e3d7da1df3d33db3e42d80eda/server/extensions/github/dist/extension.js:2:323005
	at g.value (/home/bitnami/.vscode-server/cli/servers/Stable-903b1e9d8990623e3d7da1df3d33db3e42d80eda/server/extensions/git/dist/main.js:2:1018251)
	at r.y (/home/bitnami/.vscode-server/cli/servers/Stable-903b1e9d8990623e3d7da1df3d33db3e42d80eda/server/out/vs/workbench/api/node/extensionHostProcess.js:80:1902)
	at r.z (/home/bitnami/.vscode-server/cli/servers/Stable-903b1e9d8990623e3d7da1df3d33db3e42d80eda/server/out/vs/workbench/api/node/extensionHostProcess.js:80:1972)
	at r.fire (/home/bitnami/.vscode-server/cli/servers/Stable-903b1e9d8990623e3d7da1df3d33db3e42d80eda/server/out/vs/workbench/api/node/extensionHostProcess.js:80:2188)
	at Object.m [as dispose] (/home/bitnami/.vscode-server/cli/servers/Stable-903b1e9d8990623e3d7da1df3d33db3e42d80eda/server/extensions/git/dist/main.js:2:943089)
	at /home/bitnami/.vscode-server/cli/servers/Stable-903b1e9d8990623e3d7da1df3d33db3e42d80eda/server/extensions/git/dist/main.js:2:947930
	at Array.forEach (<anonymous>)
	at p.dispose (/home/bitnami/.vscode-server/cli/servers/Stable-903b1e9d8990623e3d7da1df3d33db3e42d80eda/server/extensions/git/dist/main.js:2:947916)
	at c.<anonymous> (/home/bitnami/.vscode-server/cli/servers/Stable-903b1e9d8990623e3d7da1df3d33db3e42d80eda/server/out/vs/workbench/api/node/extensionHostProcess.js:148:3650)
	at c.dispose (/home/bitnami/.vscode-server/cli/servers/Stable-903b1e9d8990623e3d7da1df3d33db3e42d80eda/server/out/vs/workbench/api/node/extensionHostProcess.js:148:3747)
	at c.<anonymous> (/home/bitnami/.vscode-server/cli/servers/Stable-903b1e9d8990623e3d7da1df3d33db3e42d80eda/server/extensions/git/dist/main.js:2:929310)
	at c.dispose (/home/bitnami/.vscode-server/cli/servers/Stable-903b1e9d8990623e3d7da1df3d33db3e42d80eda/server/out/vs/workbench/api/node/extensionHostProcess.js:148:3747)
	at o (/home/bitnami/.vscode-server/cli/servers/Stable-903b1e9d8990623e3d7da1df3d33db3e42d80eda/server/out/vs/workbench/api/node/extensionHostProcess.js:30:754)
	at g.cb (/home/bitnami/.vscode-server/cli/servers/Stable-903b1e9d8990623e3d7da1df3d33db3e42d80eda/server/out/vs/workbench/api/node/extensionHostProcess.js:156:9874)
	at /home/bitnami/.vscode-server/cli/servers/Stable-903b1e9d8990623e3d7da1df3d33db3e42d80eda/server/out/vs/workbench/api/node/extensionHostProcess.js:156:7808
	at Array.map (<anonymous>)
	at g.Y (/home/bitnami/.vscode-server/cli/servers/Stable-903b1e9d8990623e3d7da1df3d33db3e42d80eda/server/out/vs/workbench/api/node/extensionHostProcess.js:156:7795)
	at g.terminate (/home/bitnami/.vscode-server/cli/servers/Stable-903b1e9d8990623e3d7da1df3d33db3e42d80eda/server/out/vs/workbench/api/node/extensionHostProcess.js:156:8068)
	at o.terminate (/home/bitnami/.vscode-server/cli/servers/Stable-903b1e9d8990623e3d7da1df3d33db3e42d80eda/server/out/vs/workbench/api/node/extensionHostProcess.js:160:1513)
	at t (/home/bitnami/.vscode-server/cli/servers/Stable-903b1e9d8990623e3d7da1df3d33db3e42d80eda/server/out/vs/workbench/api/node/extensionHostProcess.js:173:9950)
	at M.a (/home/bitnami/.vscode-server/cli/servers/Stable-903b1e9d8990623e3d7da1df3d33db3e42d80eda/server/out/vs/workbench/api/node/extensionHostProcess.js:173:6743)
	at M.h (/home/bitnami/.vscode-server/cli/servers/Stable-903b1e9d8990623e3d7da1df3d33db3e42d80eda/server/out/vs/workbench/api/node/extensionHostProcess.js:97:20387)
	at listOnTimeout (node:internal/timers:569:17)
	at process.processTimers (node:internal/timers:512:7) setContext undefined
2024-02-26 01:43:17.126 [error] Canceled: Canceled
	at new f (/home/bitnami/.vscode-server/cli/servers/Stable-903b1e9d8990623e3d7da1df3d33db3e42d80eda/server/out/vs/workbench/api/node/extensionHostProcess.js:140:45069)
	at d.U (/home/bitnami/.vscode-server/cli/servers/Stable-903b1e9d8990623e3d7da1df3d33db3e42d80eda/server/out/vs/workbench/api/node/extensionHostProcess.js:147:5557)
	at T.<computed>.O.charCodeAt.T.<computed> (/home/bitnami/.vscode-server/cli/servers/Stable-903b1e9d8990623e3d7da1df3d33db3e42d80eda/server/out/vs/workbench/api/node/extensionHostProcess.js:147:3008)
	at s.g (/home/bitnami/.vscode-server/cli/servers/Stable-903b1e9d8990623e3d7da1df3d33db3e42d80eda/server/out/vs/workbench/api/node/extensionHostProcess.js:150:174704)
	at s.executeCommand (/home/bitnami/.vscode-server/cli/servers/Stable-903b1e9d8990623e3d7da1df3d33db3e42d80eda/server/out/vs/workbench/api/node/extensionHostProcess.js:150:174142)
	at m.registerCommand.description (/home/bitnami/.vscode-server/cli/servers/Stable-903b1e9d8990623e3d7da1df3d33db3e42d80eda/server/out/vs/workbench/api/node/extensionHostProcess.js:150:173466)
	at s.h (/home/bitnami/.vscode-server/cli/servers/Stable-903b1e9d8990623e3d7da1df3d33db3e42d80eda/server/out/vs/workbench/api/node/extensionHostProcess.js:150:175243)
	at s.g (/home/bitnami/.vscode-server/cli/servers/Stable-903b1e9d8990623e3d7da1df3d33db3e42d80eda/server/out/vs/workbench/api/node/extensionHostProcess.js:150:174235)
	at s.executeCommand (/home/bitnami/.vscode-server/cli/servers/Stable-903b1e9d8990623e3d7da1df3d33db3e42d80eda/server/out/vs/workbench/api/node/extensionHostProcess.js:150:174142)
	at Object.executeCommand (/home/bitnami/.vscode-server/cli/servers/Stable-903b1e9d8990623e3d7da1df3d33db3e42d80eda/server/out/vs/workbench/api/node/extensionHostProcess.js:160:21634)
	at g.I [as value] (/home/bitnami/.vscode-server/cli/servers/Stable-903b1e9d8990623e3d7da1df3d33db3e42d80eda/server/extensions/git/dist/main.js:2:927298)
	at r.y (/home/bitnami/.vscode-server/cli/servers/Stable-903b1e9d8990623e3d7da1df3d33db3e42d80eda/server/out/vs/workbench/api/node/extensionHostProcess.js:80:1902)
	at r.z (/home/bitnami/.vscode-server/cli/servers/Stable-903b1e9d8990623e3d7da1df3d33db3e42d80eda/server/out/vs/workbench/api/node/extensionHostProcess.js:80:1972)
	at r.fire (/home/bitnami/.vscode-server/cli/servers/Stable-903b1e9d8990623e3d7da1df3d33db3e42d80eda/server/out/vs/workbench/api/node/extensionHostProcess.js:80:2188)
	at Object.m [as dispose] (/home/bitnami/.vscode-server/cli/servers/Stable-903b1e9d8990623e3d7da1df3d33db3e42d80eda/server/extensions/git/dist/main.js:2:943089)
	at /home/bitnami/.vscode-server/cli/servers/Stable-903b1e9d8990623e3d7da1df3d33db3e42d80eda/server/extensions/git/dist/main.js:2:947930
	at Array.forEach (<anonymous>)
	at p.dispose (/home/bitnami/.vscode-server/cli/servers/Stable-903b1e9d8990623e3d7da1df3d33db3e42d80eda/server/extensions/git/dist/main.js:2:947916)
	at c.<anonymous> (/home/bitnami/.vscode-server/cli/servers/Stable-903b1e9d8990623e3d7da1df3d33db3e42d80eda/server/out/vs/workbench/api/node/extensionHostProcess.js:148:3650)
	at c.dispose (/home/bitnami/.vscode-server/cli/servers/Stable-903b1e9d8990623e3d7da1df3d33db3e42d80eda/server/out/vs/workbench/api/node/extensionHostProcess.js:148:3747)
	at c.<anonymous> (/home/bitnami/.vscode-server/cli/servers/Stable-903b1e9d8990623e3d7da1df3d33db3e42d80eda/server/extensions/git/dist/main.js:2:929310)
	at c.dispose (/home/bitnami/.vscode-server/cli/servers/Stable-903b1e9d8990623e3d7da1df3d33db3e42d80eda/server/out/vs/workbench/api/node/extensionHostProcess.js:148:3747)
	at o (/home/bitnami/.vscode-server/cli/servers/Stable-903b1e9d8990623e3d7da1df3d33db3e42d80eda/server/out/vs/workbench/api/node/extensionHostProcess.js:30:754)
	at g.cb (/home/bitnami/.vscode-server/cli/servers/Stable-903b1e9d8990623e3d7da1df3d33db3e42d80eda/server/out/vs/workbench/api/node/extensionHostProcess.js:156:9874)
	at /home/bitnami/.vscode-server/cli/servers/Stable-903b1e9d8990623e3d7da1df3d33db3e42d80eda/server/out/vs/workbench/api/node/extensionHostProcess.js:156:7808
	at Array.map (<anonymous>)
	at g.Y (/home/bitnami/.vscode-server/cli/servers/Stable-903b1e9d8990623e3d7da1df3d33db3e42d80eda/server/out/vs/workbench/api/node/extensionHostProcess.js:156:7795)
	at g.terminate (/home/bitnami/.vscode-server/cli/servers/Stable-903b1e9d8990623e3d7da1df3d33db3e42d80eda/server/out/vs/workbench/api/node/extensionHostProcess.js:156:8068)
	at o.terminate (/home/bitnami/.vscode-server/cli/servers/Stable-903b1e9d8990623e3d7da1df3d33db3e42d80eda/server/out/vs/workbench/api/node/extensionHostProcess.js:160:1513)
	at t (/home/bitnami/.vscode-server/cli/servers/Stable-903b1e9d8990623e3d7da1df3d33db3e42d80eda/server/out/vs/workbench/api/node/extensionHostProcess.js:173:9950)
	at M.a (/home/bitnami/.vscode-server/cli/servers/Stable-903b1e9d8990623e3d7da1df3d33db3e42d80eda/server/out/vs/workbench/api/node/extensionHostProcess.js:173:6743)
	at M.h (/home/bitnami/.vscode-server/cli/servers/Stable-903b1e9d8990623e3d7da1df3d33db3e42d80eda/server/out/vs/workbench/api/node/extensionHostProcess.js:97:20387)
	at listOnTimeout (node:internal/timers:569:17)
	at process.processTimers (node:internal/timers:512:7) setContext undefined
2024-02-26 01:43:17.127 [error] Canceled: Canceled
	at new f (/home/bitnami/.vscode-server/cli/servers/Stable-903b1e9d8990623e3d7da1df3d33db3e42d80eda/server/out/vs/workbench/api/node/extensionHostProcess.js:140:45069)
	at d.U (/home/bitnami/.vscode-server/cli/servers/Stable-903b1e9d8990623e3d7da1df3d33db3e42d80eda/server/out/vs/workbench/api/node/extensionHostProcess.js:147:5557)
	at T.<computed>.O.charCodeAt.T.<computed> (/home/bitnami/.vscode-server/cli/servers/Stable-903b1e9d8990623e3d7da1df3d33db3e42d80eda/server/out/vs/workbench/api/node/extensionHostProcess.js:147:3008)
	at s.g (/home/bitnami/.vscode-server/cli/servers/Stable-903b1e9d8990623e3d7da1df3d33db3e42d80eda/server/out/vs/workbench/api/node/extensionHostProcess.js:150:174704)
	at s.executeCommand (/home/bitnami/.vscode-server/cli/servers/Stable-903b1e9d8990623e3d7da1df3d33db3e42d80eda/server/out/vs/workbench/api/node/extensionHostProcess.js:150:174142)
	at m.registerCommand.description (/home/bitnami/.vscode-server/cli/servers/Stable-903b1e9d8990623e3d7da1df3d33db3e42d80eda/server/out/vs/workbench/api/node/extensionHostProcess.js:150:173466)
	at s.h (/home/bitnami/.vscode-server/cli/servers/Stable-903b1e9d8990623e3d7da1df3d33db3e42d80eda/server/out/vs/workbench/api/node/extensionHostProcess.js:150:175243)
	at s.g (/home/bitnami/.vscode-server/cli/servers/Stable-903b1e9d8990623e3d7da1df3d33db3e42d80eda/server/out/vs/workbench/api/node/extensionHostProcess.js:150:174235)
	at s.executeCommand (/home/bitnami/.vscode-server/cli/servers/Stable-903b1e9d8990623e3d7da1df3d33db3e42d80eda/server/out/vs/workbench/api/node/extensionHostProcess.js:150:174142)
	at Object.executeCommand (/home/bitnami/.vscode-server/cli/servers/Stable-903b1e9d8990623e3d7da1df3d33db3e42d80eda/server/out/vs/workbench/api/node/extensionHostProcess.js:160:21634)
	at set b [as b] (/home/bitnami/.vscode-server/cli/servers/Stable-903b1e9d8990623e3d7da1df3d33db3e42d80eda/server/extensions/github/dist/extension.js:2:322364)
	at /home/bitnami/.vscode-server/cli/servers/Stable-903b1e9d8990623e3d7da1df3d33db3e42d80eda/server/extensions/github/dist/extension.js:2:323005
	at g.value (/home/bitnami/.vscode-server/cli/servers/Stable-903b1e9d8990623e3d7da1df3d33db3e42d80eda/server/extensions/git/dist/main.js:2:1018251)
	at r.y (/home/bitnami/.vscode-server/cli/servers/Stable-903b1e9d8990623e3d7da1df3d33db3e42d80eda/server/out/vs/workbench/api/node/extensionHostProcess.js:80:1902)
	at r.z (/home/bitnami/.vscode-server/cli/servers/Stable-903b1e9d8990623e3d7da1df3d33db3e42d80eda/server/out/vs/workbench/api/node/extensionHostProcess.js:80:1972)
	at r.fire (/home/bitnami/.vscode-server/cli/servers/Stable-903b1e9d8990623e3d7da1df3d33db3e42d80eda/server/out/vs/workbench/api/node/extensionHostProcess.js:80:2188)
	at Object.m [as dispose] (/home/bitnami/.vscode-server/cli/servers/Stable-903b1e9d8990623e3d7da1df3d33db3e42d80eda/server/extensions/git/dist/main.js:2:943089)
	at /home/bitnami/.vscode-server/cli/servers/Stable-903b1e9d8990623e3d7da1df3d33db3e42d80eda/server/extensions/git/dist/main.js:2:947930
	at Array.forEach (<anonymous>)
	at p.dispose (/home/bitnami/.vscode-server/cli/servers/Stable-903b1e9d8990623e3d7da1df3d33db3e42d80eda/server/extensions/git/dist/main.js:2:947916)
	at c.<anonymous> (/home/bitnami/.vscode-server/cli/servers/Stable-903b1e9d8990623e3d7da1df3d33db3e42d80eda/server/out/vs/workbench/api/node/extensionHostProcess.js:148:3650)
	at c.dispose (/home/bitnami/.vscode-server/cli/servers/Stable-903b1e9d8990623e3d7da1df3d33db3e42d80eda/server/out/vs/workbench/api/node/extensionHostProcess.js:148:3747)
	at c.<anonymous> (/home/bitnami/.vscode-server/cli/servers/Stable-903b1e9d8990623e3d7da1df3d33db3e42d80eda/server/extensions/git/dist/main.js:2:929310)
	at c.dispose (/home/bitnami/.vscode-server/cli/servers/Stable-903b1e9d8990623e3d7da1df3d33db3e42d80eda/server/out/vs/workbench/api/node/extensionHostProcess.js:148:3747)
	at o (/home/bitnami/.vscode-server/cli/servers/Stable-903b1e9d8990623e3d7da1df3d33db3e42d80eda/server/out/vs/workbench/api/node/extensionHostProcess.js:30:754)
	at g.cb (/home/bitnami/.vscode-server/cli/servers/Stable-903b1e9d8990623e3d7da1df3d33db3e42d80eda/server/out/vs/workbench/api/node/extensionHostProcess.js:156:9874)
	at /home/bitnami/.vscode-server/cli/servers/Stable-903b1e9d8990623e3d7da1df3d33db3e42d80eda/server/out/vs/workbench/api/node/extensionHostProcess.js:156:7808
	at Array.map (<anonymous>)
	at g.Y (/home/bitnami/.vscode-server/cli/servers/Stable-903b1e9d8990623e3d7da1df3d33db3e42d80eda/server/out/vs/workbench/api/node/extensionHostProcess.js:156:7795)
	at g.terminate (/home/bitnami/.vscode-server/cli/servers/Stable-903b1e9d8990623e3d7da1df3d33db3e42d80eda/server/out/vs/workbench/api/node/extensionHostProcess.js:156:8068)
	at o.terminate (/home/bitnami/.vscode-server/cli/servers/Stable-903b1e9d8990623e3d7da1df3d33db3e42d80eda/server/out/vs/workbench/api/node/extensionHostProcess.js:160:1513)
	at t (/home/bitnami/.vscode-server/cli/servers/Stable-903b1e9d8990623e3d7da1df3d33db3e42d80eda/server/out/vs/workbench/api/node/extensionHostProcess.js:173:9950)
	at M.a (/home/bitnami/.vscode-server/cli/servers/Stable-903b1e9d8990623e3d7da1df3d33db3e42d80eda/server/out/vs/workbench/api/node/extensionHostProcess.js:173:6743)
	at M.h (/home/bitnami/.vscode-server/cli/servers/Stable-903b1e9d8990623e3d7da1df3d33db3e42d80eda/server/out/vs/workbench/api/node/extensionHostProcess.js:97:20387)
	at listOnTimeout (node:internal/timers:569:17)
	at process.processTimers (node:internal/timers:512:7) setContext undefined
2024-02-26 01:43:17.274 [info] Extension host with pid 74645 exiting with code 0
