2024-02-26 23:41:57.839 [info] Log level: Info
2024-02-26 23:41:57.839 [info] Validating found git in: "git"
2024-02-26 23:41:57.839 [info] Using git "2.30.2" from "git"
2024-02-26 23:41:57.839 [info] > git rev-parse --show-toplevel [371ms]
2024-02-26 23:41:57.839 [info] > git rev-parse --git-dir --git-common-dir [66ms]
2024-02-26 23:41:57.839 [info] Open repository: /home/bitnami
2024-02-26 23:41:58.149 [info] > git rev-parse --show-toplevel [39ms]
2024-02-26 23:41:58.153 [info] > git config --get commit.template [64ms]
2024-02-26 23:41:58.438 [info] > git rev-parse --show-toplevel [219ms]
2024-02-26 23:41:58.510 [info] > git rev-parse --show-toplevel [6ms]
2024-02-26 23:41:58.545 [info] > git for-each-ref --format=%(refname)%00%(upstream:short)%00%(objectname)%00%(upstream:track)%00%(upstream:remotename)%00%(upstream:remoteref) refs/heads/main refs/remotes/main [117ms]
2024-02-26 23:41:58.578 [info] > git rev-parse --show-toplevel [34ms]
2024-02-26 23:41:58.620 [info] > git rev-parse --show-toplevel [14ms]
2024-02-26 23:41:58.742 [info] > git rev-parse --show-toplevel [65ms]
2024-02-26 23:41:58.886 [info] > git rev-parse --show-toplevel [53ms]
2024-02-26 23:41:58.957 [info] > git rev-parse --show-toplevel [8ms]
2024-02-26 23:41:58.988 [info] > git rev-parse --show-toplevel [15ms]
2024-02-26 23:41:59.030 [info] > git check-ignore -v -z --stdin [319ms]
2024-02-26 23:41:59.034 [info] > git rev-parse --show-toplevel [12ms]
2024-02-26 23:41:59.055 [info] > git rev-parse --show-toplevel [5ms]
2024-02-26 23:41:59.081 [info] > git rev-parse --show-toplevel [4ms]
2024-02-26 23:41:59.104 [info] > git rev-parse --show-toplevel [8ms]
2024-02-26 23:41:59.154 [info] > git rev-parse --show-toplevel [13ms]
2024-02-26 23:41:59.168 [info] > git rev-parse --git-dir --git-common-dir [3ms]
2024-02-26 23:41:59.175 [info] Open repository: /home/bitnami/todo
2024-02-26 23:41:59.215 [info] > git config --get commit.template [24ms]
2024-02-26 23:41:59.216 [info] > git rev-parse --show-toplevel [25ms]
2024-02-26 23:41:59.311 [info] > git ls-files --stage -- /home/bitnami/blogger/app_server/views/addBlog.pug [36ms]
2024-02-26 23:41:59.325 [info] > git for-each-ref --format %(refname) %(objectname) %(*objectname) refs/tags [16ms]
2024-02-26 23:41:59.343 [info] > git show --textconv :blogger/app_server/views/addBlog.pug [96ms]
2024-02-26 23:41:59.344 [info] > git cat-file -s 36cd640aad9fd0eb01ed68d94874d9f5b5c7c847 [21ms]
2024-02-26 23:41:59.410 [info] > git status -z -uall [68ms]
2024-02-26 23:41:59.432 [info] > git config --get commit.template [2ms]
2024-02-26 23:41:59.444 [info] > git for-each-ref --format %(refname) %(objectname) %(*objectname) refs/tags [2ms]
2024-02-26 23:41:59.457 [info] > git status -z -uall [2ms]
2024-02-26 23:41:59.922 [info] > git check-ignore -v -z --stdin [158ms]
2024-02-26 23:42:02.821 [info] > git status -z -uall [4244ms]
2024-02-26 23:42:02.919 [info] > git config --get commit.template [47ms]
2024-02-26 23:42:03.048 [info] > git for-each-ref --format=%(refname)%00%(upstream:short)%00%(objectname)%00%(upstream:track)%00%(upstream:remotename)%00%(upstream:remoteref) refs/heads/main refs/remotes/main [133ms]
2024-02-26 23:42:06.273 [info] > git status -z -uall [3207ms]
2024-02-26 23:45:09.656 [info] > git config --get commit.template [9ms]
2024-02-26 23:45:09.677 [info] > git for-each-ref --format=%(refname)%00%(upstream:short)%00%(objectname)%00%(upstream:track)%00%(upstream:remotename)%00%(upstream:remoteref) refs/heads/main refs/remotes/main [23ms]
2024-02-26 23:45:11.065 [info] > git status -z -uall [1378ms]
2024-02-26 23:45:48.094 [info] > git config --get commit.template [8ms]
2024-02-26 23:45:48.095 [info] > git for-each-ref --format=%(refname)%00%(upstream:short)%00%(objectname)%00%(upstream:track)%00%(upstream:remotename)%00%(upstream:remoteref) refs/heads/main refs/remotes/main [3ms]
2024-02-26 23:45:48.367 [info] > git status -z -uall [266ms]
2024-02-26 23:45:50.459 [info] > git merge-base refs/heads/main refs/remotes/main/main [5ms]
2024-02-26 23:45:50.478 [info] > git rev-list --count --left-right refs/heads/main...refs/remotes/main/main [12ms]
2024-02-26 23:45:51.208 [info] > git check-ignore -v -z --stdin [27ms]
2024-02-26 23:45:54.547 [info] > git add -A -- . [584ms]
2024-02-26 23:45:55.720 [info] > git show --textconv :.git/COMMIT_EDITMSG [24ms]
2024-02-26 23:45:55.721 [info] > git ls-files --stage -- /home/bitnami/.git/COMMIT_EDITMSG [17ms]
2024-02-26 23:45:56.040 [info] > git check-ignore -v -z --stdin [19ms]
2024-02-26 23:45:56.156 [info] > git ls-files --stage -- /home/bitnami/.git/COMMIT_EDITMSG [9ms]
2024-02-26 23:45:56.187 [info] > git show --textconv :.git/COMMIT_EDITMSG [8ms]
2024-02-26 23:46:01.551 [info] > git -c user.useConfigOnly=true commit --quiet [6996ms]
2024-02-26 23:46:01.598 [info] > git config --get commit.template [7ms]
2024-02-26 23:46:01.615 [info] > git for-each-ref --format=%(refname)%00%(upstream:short)%00%(objectname)%00%(upstream:track)%00%(upstream:remotename)%00%(upstream:remoteref) refs/heads/main refs/remotes/main [7ms]
2024-02-26 23:46:01.741 [info] > git show --textconv :blogger/app_server/views/addBlog.pug [38ms]
2024-02-26 23:46:01.755 [info] > git ls-files --stage -- /home/bitnami/blogger/app_server/views/addBlog.pug [24ms]
2024-02-26 23:46:01.769 [info] > git cat-file -s ba1dce57908103c03ca07f3457d62089536553fe [4ms]
2024-02-26 23:46:01.897 [info] > git status -z -uall [274ms]
2024-02-26 23:46:02.050 [info] > git config --get commit.template [73ms]
2024-02-26 23:46:02.052 [info] > git merge-base refs/heads/main refs/remotes/main/main [8ms]
2024-02-26 23:46:02.062 [info] > git for-each-ref --format=%(refname)%00%(upstream:short)%00%(objectname)%00%(upstream:track)%00%(upstream:remotename)%00%(upstream:remoteref) refs/heads/main refs/remotes/main [27ms]
2024-02-26 23:46:02.074 [info] > git rev-list --count --left-right refs/heads/main...refs/remotes/main/main [13ms]
2024-02-26 23:46:02.345 [info] > git status -z -uall [272ms]
2024-02-26 23:46:02.704 [info] > git check-ignore -v -z --stdin [9ms]
2024-02-26 23:46:02.774 [info] > git ls-files --stage -- /home/bitnami/blogger/app_server/views/addBlog.pug [24ms]
2024-02-26 23:46:02.788 [info] > git cat-file -s ba1dce57908103c03ca07f3457d62089536553fe [3ms]
2024-02-26 23:46:02.824 [info] > git show --textconv :blogger/app_server/views/addBlog.pug [13ms]
2024-02-26 23:46:03.364 [info] > git push main main:main [1411ms]
2024-02-26 23:46:03.364 [info] To https://github.com/kuhaku4/csci421-lab4.git
   c5ee8ad1..383cf88c  main -> main
2024-02-26 23:46:03.378 [info] > git config --get commit.template [6ms]
2024-02-26 23:46:03.379 [info] > git for-each-ref --format=%(refname)%00%(upstream:short)%00%(objectname)%00%(upstream:track)%00%(upstream:remotename)%00%(upstream:remoteref) refs/heads/main refs/remotes/main [1ms]
2024-02-26 23:46:03.560 [info] > git status -z -uall [175ms]
2024-02-26 23:46:03.627 [info] > git merge-base refs/heads/main refs/remotes/main/main [11ms]
2024-02-26 23:46:03.638 [info] > git config --get commit.template [11ms]
2024-02-26 23:46:03.638 [info] > git rev-list --count --left-right refs/heads/main...refs/remotes/main/main [3ms]
2024-02-26 23:46:03.646 [info] > git for-each-ref --format=%(refname)%00%(upstream:short)%00%(objectname)%00%(upstream:track)%00%(upstream:remotename)%00%(upstream:remoteref) refs/heads/main refs/remotes/main [1ms]
2024-02-26 23:46:03.821 [info] > git status -z -uall [168ms]
2024-02-26 23:46:04.700 [info] > git ls-files --stage -- /home/bitnami/blogger/app_server/views/addBlog.pug [9ms]
2024-02-26 23:46:04.708 [info] > git cat-file -s ba1dce57908103c03ca07f3457d62089536553fe [2ms]
2024-02-26 23:46:04.740 [info] > git show --textconv :blogger/app_server/views/addBlog.pug [9ms]
2024-02-26 23:46:56.028 [info] > git config --get commit.template [8ms]
2024-02-26 23:46:56.030 [info] > git for-each-ref --format=%(refname)%00%(upstream:short)%00%(objectname)%00%(upstream:track)%00%(upstream:remotename)%00%(upstream:remoteref) refs/heads/main refs/remotes/main [2ms]
2024-02-26 23:46:56.205 [info] > git check-ignore -v -z --stdin [18ms]
2024-02-26 23:46:56.212 [info] > git status -z -uall [176ms]
2024-02-26 23:46:58.151 [info] > git show --textconv :blogger/app_server/controllers/blog.js [20ms]
2024-02-26 23:46:58.156 [info] > git ls-files --stage -- /home/bitnami/blogger/app_server/controllers/blog.js [16ms]
2024-02-26 23:46:58.168 [info] > git cat-file -s 27e5cd0a58ad4a3a19e4259346d1a8eba20f824e [3ms]
2024-02-26 23:47:01.232 [info] > git config --get commit.template [5ms]
2024-02-26 23:47:01.250 [info] > git for-each-ref --format=%(refname)%00%(upstream:short)%00%(objectname)%00%(upstream:track)%00%(upstream:remotename)%00%(upstream:remoteref) refs/heads/main refs/remotes/main [5ms]
2024-02-26 23:47:01.480 [info] > git status -z -uall [216ms]
2024-02-26 23:47:03.373 [info] > git show --textconv :blogger/app_server/controllers/homepage.js [14ms]
2024-02-26 23:47:03.378 [info] > git ls-files --stage -- /home/bitnami/blogger/app_server/controllers/homepage.js [11ms]
2024-02-26 23:47:03.388 [info] > git cat-file -s 7b6d82b9036f99dd46dc7d57883c2a8eff8bbb79 [4ms]
2024-02-26 23:47:05.040 [info] > git show --textconv :blogger/app_server/controllers/blog.js [33ms]
2024-02-26 23:47:05.045 [info] > git ls-files --stage -- /home/bitnami/blogger/app_server/controllers/blog.js [14ms]
2024-02-26 23:47:05.052 [info] > git cat-file -s 27e5cd0a58ad4a3a19e4259346d1a8eba20f824e [1ms]
2024-02-26 23:47:06.500 [info] > git config --get commit.template [8ms]
2024-02-26 23:47:06.501 [info] > git for-each-ref --format=%(refname)%00%(upstream:short)%00%(objectname)%00%(upstream:track)%00%(upstream:remotename)%00%(upstream:remoteref) refs/heads/main refs/remotes/main [2ms]
2024-02-26 23:47:06.697 [info] > git status -z -uall [189ms]
2024-02-26 23:47:09.766 [info] > git show --textconv :blogger/app_server/routes/index.js [14ms]
2024-02-26 23:47:09.773 [info] > git ls-files --stage -- /home/bitnami/blogger/app_server/routes/index.js [10ms]
2024-02-26 23:47:09.782 [info] > git cat-file -s 086c49b9d20987b6d5ec569ab6673083ec9ffd0d [1ms]
2024-02-26 23:47:11.720 [info] > git config --get commit.template [9ms]
2024-02-26 23:47:11.721 [info] > git for-each-ref --format=%(refname)%00%(upstream:short)%00%(objectname)%00%(upstream:track)%00%(upstream:remotename)%00%(upstream:remoteref) refs/heads/main refs/remotes/main [2ms]
2024-02-26 23:47:11.907 [info] > git status -z -uall [179ms]
2024-02-26 23:47:15.417 [info] > git show --textconv :blogger/app_server/views/addBlog.pug [15ms]
2024-02-26 23:47:15.429 [info] > git ls-files --stage -- /home/bitnami/blogger/app_server/views/addBlog.pug [13ms]
2024-02-26 23:47:15.439 [info] > git cat-file -s ba1dce57908103c03ca07f3457d62089536553fe [3ms]
2024-02-26 23:47:16.925 [info] > git config --get commit.template [6ms]
2024-02-26 23:47:16.925 [info] > git for-each-ref --format=%(refname)%00%(upstream:short)%00%(objectname)%00%(upstream:track)%00%(upstream:remotename)%00%(upstream:remoteref) refs/heads/main refs/remotes/main [1ms]
2024-02-26 23:47:17.103 [info] > git status -z -uall [172ms]
2024-02-26 23:47:17.475 [info] > git check-ignore -v -z --stdin [13ms]
2024-02-26 23:47:21.254 [info] > git add -A -- . [250ms]
2024-02-26 23:47:21.890 [info] > git show --textconv :.git/COMMIT_EDITMSG [13ms]
2024-02-26 23:47:21.897 [info] > git ls-files --stage -- /home/bitnami/.git/COMMIT_EDITMSG [10ms]
2024-02-26 23:47:22.846 [info] > git ls-files --stage -- /home/bitnami/.git/COMMIT_EDITMSG [7ms]
2024-02-26 23:47:22.879 [info] > git show --textconv :.git/COMMIT_EDITMSG [11ms]
2024-02-26 23:47:26.310 [info] > git -c user.useConfigOnly=true commit --quiet [5048ms]
2024-02-26 23:47:26.327 [info] > git config --get commit.template [7ms]
2024-02-26 23:47:26.328 [info] > git for-each-ref --format=%(refname)%00%(upstream:short)%00%(objectname)%00%(upstream:track)%00%(upstream:remotename)%00%(upstream:remoteref) refs/heads/main refs/remotes/main [2ms]
2024-02-26 23:47:26.505 [info] > git status -z -uall [170ms]
2024-02-26 23:47:26.588 [info] > git show --textconv :blogger/app_server/views/addBlog.pug [52ms]
2024-02-26 23:47:26.594 [info] > git ls-files --stage -- /home/bitnami/blogger/app_server/views/addBlog.pug [34ms]
2024-02-26 23:47:26.606 [info] > git config --get commit.template [34ms]
2024-02-26 23:47:26.623 [info] > git merge-base refs/heads/main refs/remotes/main/main [36ms]
2024-02-26 23:47:26.643 [info] > git for-each-ref --format=%(refname)%00%(upstream:short)%00%(objectname)%00%(upstream:track)%00%(upstream:remotename)%00%(upstream:remoteref) refs/heads/main refs/remotes/main [26ms]
2024-02-26 23:47:26.644 [info] > git cat-file -s 1f9d175dfb3cb5d1293754b86b9a4b13935bc015 [39ms]
2024-02-26 23:47:26.661 [info] > git rev-list --count --left-right refs/heads/main...refs/remotes/main/main [18ms]
2024-02-26 23:47:26.880 [info] > git status -z -uall [221ms]
2024-02-26 23:47:27.326 [info] > git check-ignore -v -z --stdin [11ms]
2024-02-26 23:47:27.405 [info] > git push main main:main [879ms]
2024-02-26 23:47:27.405 [info] To https://github.com/kuhaku4/csci421-lab4.git
   383cf88c..6722d736  main -> main
2024-02-26 23:47:27.420 [info] > git config --get commit.template [7ms]
2024-02-26 23:47:27.421 [info] > git for-each-ref --format=%(refname)%00%(upstream:short)%00%(objectname)%00%(upstream:track)%00%(upstream:remotename)%00%(upstream:remoteref) refs/heads/main refs/remotes/main [2ms]
2024-02-26 23:47:27.531 [info] > git ls-files --stage -- /home/bitnami/blogger/app_server/views/addBlog.pug [17ms]
2024-02-26 23:47:27.545 [info] > git cat-file -s 1f9d175dfb3cb5d1293754b86b9a4b13935bc015 [4ms]
2024-02-26 23:47:27.631 [info] > git show --textconv :blogger/app_server/views/addBlog.pug [22ms]
2024-02-26 23:47:27.635 [info] > git status -z -uall [208ms]
2024-02-26 23:47:27.682 [info] > git merge-base refs/heads/main refs/remotes/main/main [11ms]
2024-02-26 23:47:27.697 [info] > git config --get commit.template [16ms]
2024-02-26 23:47:27.703 [info] > git rev-list --count --left-right refs/heads/main...refs/remotes/main/main [8ms]
2024-02-26 23:47:27.726 [info] > git for-each-ref --format=%(refname)%00%(upstream:short)%00%(objectname)%00%(upstream:track)%00%(upstream:remotename)%00%(upstream:remoteref) refs/heads/main refs/remotes/main [6ms]
2024-02-26 23:47:27.910 [info] > git status -z -uall [174ms]
2024-02-26 23:47:28.727 [info] > git ls-files --stage -- /home/bitnami/blogger/app_server/views/addBlog.pug [8ms]
2024-02-26 23:47:28.736 [info] > git cat-file -s 1f9d175dfb3cb5d1293754b86b9a4b13935bc015 [1ms]
2024-02-26 23:47:28.766 [info] > git show --textconv :blogger/app_server/views/addBlog.pug [10ms]
2024-02-26 23:47:30.389 [info] > git show --textconv :blogger/app_api/controllers/blogs.js [77ms]
2024-02-26 23:47:30.415 [info] > git ls-files --stage -- /home/bitnami/blogger/app_api/controllers/blogs.js [87ms]
2024-02-26 23:47:30.434 [info] > git cat-file -s cb48da7dd6af23cc3ba39d368be6715196a2991c [2ms]
2024-02-26 23:47:31.897 [info] > git config --get commit.template [2ms]
2024-02-26 23:47:31.908 [info] > git for-each-ref --format=%(refname)%00%(upstream:short)%00%(objectname)%00%(upstream:track)%00%(upstream:remotename)%00%(upstream:remoteref) refs/heads/main refs/remotes/main [5ms]
2024-02-26 23:47:32.098 [info] > git status -z -uall [182ms]
2024-02-26 23:47:37.118 [info] > git config --get commit.template [9ms]
2024-02-26 23:47:37.119 [info] > git for-each-ref --format=%(refname)%00%(upstream:short)%00%(objectname)%00%(upstream:track)%00%(upstream:remotename)%00%(upstream:remoteref) refs/heads/main refs/remotes/main [2ms]
2024-02-26 23:47:37.313 [info] > git status -z -uall [182ms]
