2024-02-19 04:55:03.908 [info] Log level: Info
2024-02-19 04:55:03.908 [info] Validating found git in: "git"
2024-02-19 04:55:03.908 [info] Using git "2.30.2" from "git"
2024-02-19 04:55:03.908 [info] > git rev-parse --show-toplevel [100ms]
2024-02-19 04:55:03.934 [info] > git rev-parse --git-dir --git-common-dir [38ms]
2024-02-19 04:55:03.952 [info] Open repository: /home/bitnami
2024-02-19 04:55:03.971 [info] > git config --get commit.template [8ms]
2024-02-19 04:55:03.983 [info] > git rev-parse --show-toplevel [13ms]
2024-02-19 04:55:03.995 [info] > git rev-parse --show-toplevel [2ms]
2024-02-19 04:55:04.005 [info] > git rev-parse --show-toplevel [2ms]
2024-02-19 04:55:04.032 [info] > git rev-parse --show-toplevel [21ms]
2024-02-19 04:55:04.042 [info] > git for-each-ref --format=%(refname)%00%(upstream:short)%00%(objectname)%00%(upstream:track)%00%(upstream:remotename)%00%(upstream:remoteref) refs/heads/main refs/remotes/main [61ms]
2024-02-19 04:55:04.132 [info] > git rev-parse --show-toplevel [35ms]
2024-02-19 04:55:04.153 [info] > git rev-parse --show-toplevel [12ms]
2024-02-19 04:55:04.162 [info] > git rev-parse --show-toplevel [2ms]
2024-02-19 04:55:04.172 [info] > git rev-parse --show-toplevel [2ms]
2024-02-19 04:55:04.190 [info] > git rev-parse --show-toplevel [6ms]
2024-02-19 04:55:04.216 [info] > git rev-parse --show-toplevel [4ms]
2024-02-19 04:55:04.238 [info] > git rev-parse --show-toplevel [4ms]
2024-02-19 04:55:04.283 [info] > git rev-parse --show-toplevel [8ms]
2024-02-19 04:55:04.306 [info] > git rev-parse --show-toplevel [5ms]
2024-02-19 04:55:04.336 [info] > git rev-parse --show-toplevel [13ms]
2024-02-19 04:55:04.365 [info] > git rev-parse --git-dir --git-common-dir [3ms]
2024-02-19 04:55:04.387 [info] Open repository: /home/bitnami/todo
2024-02-19 04:55:04.463 [info] > git config --get commit.template [42ms]
2024-02-19 04:55:04.467 [info] > git rev-parse --show-toplevel [17ms]
2024-02-19 04:55:04.507 [info] > git for-each-ref --format=%(refname)%00%(upstream:short)%00%(objectname)%00%(upstream:track)%00%(upstream:remotename)%00%(upstream:remoteref) refs/heads/master refs/remotes/master [18ms]
2024-02-19 04:55:04.526 [warning] ENOENT: no such file or directory, open '/home/bitnami/todo/.git/refs/remotes/origin/master'
2024-02-19 04:55:04.573 [info] > git rev-parse refs/remotes/origin/master [48ms]
2024-02-19 04:55:04.605 [info] > git show --textconv :blogger/nohup.out [57ms]
2024-02-19 04:55:04.613 [info] > git ls-files --stage -- /home/bitnami/blogger/nohup.out [42ms]
2024-02-19 04:55:04.647 [info] > git status -z -uall [45ms]
2024-02-19 04:55:04.689 [info] > git cat-file -s 9852802ba94c3620570e6ce8296a5c8c437c30be [43ms]
2024-02-19 04:55:04.709 [info] > git config --get commit.template [20ms]
2024-02-19 04:55:04.709 [info] > git for-each-ref --format=%(refname)%00%(upstream:short)%00%(objectname)%00%(upstream:track)%00%(upstream:remotename)%00%(upstream:remoteref) refs/heads/master refs/remotes/master [2ms]
2024-02-19 04:55:04.734 [warning] ENOENT: no such file or directory, open '/home/bitnami/todo/.git/refs/remotes/origin/master'
2024-02-19 04:55:04.741 [info] > git rev-parse refs/remotes/origin/master [8ms]
2024-02-19 04:55:04.793 [info] > git status -z -uall [12ms]
2024-02-19 04:55:05.269 [info] > git check-ignore -v -z --stdin [99ms]
2024-02-19 04:55:05.301 [info] > git check-ignore -v -z --stdin [110ms]
2024-02-19 04:55:06.697 [info] > git status -z -uall [2545ms]
2024-02-19 04:55:06.730 [info] > git config --get commit.template [7ms]
2024-02-19 04:55:06.731 [info] > git for-each-ref --format=%(refname)%00%(upstream:short)%00%(objectname)%00%(upstream:track)%00%(upstream:remotename)%00%(upstream:remoteref) refs/heads/main refs/remotes/main [2ms]
2024-02-19 04:55:07.078 [info] > git status -z -uall [340ms]
