2024-02-11 23:18:24.973 [info] Extension host with pid 1444 started
2024-02-11 23:18:24.973 [error] Error: EEXIST: file already exists, open '/home/bitnami/.vscode-server/data/User/workspaceStorage/d866cbe83da49e127745e557969ca682/vscode.lock'
2024-02-11 23:18:24.983 [info] Lock '/home/bitnami/.vscode-server/data/User/workspaceStorage/d866cbe83da49e127745e557969ca682/vscode.lock': Could not acquire lock, checking if the file is stale.
2024-02-11 23:18:25.006 [info] Lock '/home/bitnami/.vscode-server/data/User/workspaceStorage/d866cbe83da49e127745e557969ca682/vscode.lock': The pid 1610 appears to be gone.
2024-02-11 23:18:25.006 [info] Lock '/home/bitnami/.vscode-server/data/User/workspaceStorage/d866cbe83da49e127745e557969ca682/vscode.lock': Deleting a stale lock.
2024-02-11 23:18:25.016 [info] Lock '/home/bitnami/.vscode-server/data/User/workspaceStorage/d866cbe83da49e127745e557969ca682/vscode.lock': Lock acquired.
2024-02-11 23:18:25.048 [info] ExtensionService#_doActivateExtension vscode.emmet, startup: false, activationEvent: 'onLanguage'
2024-02-11 23:18:25.194 [info] ExtensionService#_doActivateExtension vscode.git-base, startup: true, activationEvent: '*', root cause: vscode.git
2024-02-11 23:18:25.203 [info] ExtensionService#_doActivateExtension vscode.npm, startup: true, activationEvent: 'workspaceContains:package.json'
2024-02-11 23:18:25.384 [info] ExtensionService#_doActivateExtension vscode.git, startup: true, activationEvent: '*'
2024-02-11 23:18:25.384 [info] ExtensionService#_doActivateExtension vscode.github, startup: true, activationEvent: '*'
2024-02-11 23:18:25.871 [info] Eager extensions activated
2024-02-11 23:18:25.871 [info] ExtensionService#_doActivateExtension vscode.debug-auto-launch, startup: false, activationEvent: 'onStartupFinished'
2024-02-11 23:18:25.872 [info] ExtensionService#_doActivateExtension vscode.merge-conflict, startup: false, activationEvent: 'onStartupFinished'
2024-02-11 23:18:27.604 [warning] [Decorations] CAPPING events from decorations provider vscode.git 1787
2024-02-11 23:18:28.370 [warning] [Decorations] CAPPING events from decorations provider vscode.git 1807
2024-02-11 23:18:35.098 [warning] [Decorations] CAPPING events from decorations provider vscode.git 1823
2024-02-11 23:18:40.266 [warning] [Decorations] CAPPING events from decorations provider vscode.git 1823
2024-02-11 23:18:41.830 [info] ExtensionService#_doActivateExtension vscode.typescript-language-features, startup: false, activationEvent: 'onLanguage:javascript'
2024-02-11 23:18:45.749 [warning] [Decorations] CAPPING events from decorations provider vscode.git 1824
2024-02-11 23:18:51.226 [warning] [Decorations] CAPPING events from decorations provider vscode.git 1825
2024-02-11 23:18:56.477 [warning] [Decorations] CAPPING events from decorations provider vscode.git 1824
2024-02-11 23:19:01.700 [warning] [Decorations] CAPPING events from decorations provider vscode.git 1824
2024-02-11 23:19:06.876 [warning] [Decorations] CAPPING events from decorations provider vscode.git 1824
2024-02-11 23:19:12.039 [warning] [Decorations] CAPPING events from decorations provider vscode.git 1824
2024-02-11 23:19:17.226 [warning] [Decorations] CAPPING events from decorations provider vscode.git 1824
2024-02-11 23:19:22.390 [warning] [Decorations] CAPPING events from decorations provider vscode.git 1824
2024-02-11 23:19:27.548 [warning] [Decorations] CAPPING events from decorations provider vscode.git 1824
2024-02-11 23:19:32.746 [warning] [Decorations] CAPPING events from decorations provider vscode.git 1824
2024-02-11 23:19:37.912 [warning] [Decorations] CAPPING events from decorations provider vscode.git 1824
2024-02-11 23:19:43.079 [warning] [Decorations] CAPPING events from decorations provider vscode.git 1824
2024-02-11 23:19:48.259 [warning] [Decorations] CAPPING events from decorations provider vscode.git 1824
2024-02-11 23:19:53.428 [warning] [Decorations] CAPPING events from decorations provider vscode.git 1824
2024-02-11 23:19:58.631 [warning] [Decorations] CAPPING events from decorations provider vscode.git 1824
2024-02-11 23:20:03.802 [warning] [Decorations] CAPPING events from decorations provider vscode.git 1824
2024-02-11 23:20:08.956 [warning] [Decorations] CAPPING events from decorations provider vscode.git 1824
2024-02-11 23:20:14.140 [warning] [Decorations] CAPPING events from decorations provider vscode.git 1824
2024-02-11 23:20:19.299 [warning] [Decorations] CAPPING events from decorations provider vscode.git 1824
2024-02-11 23:20:24.470 [warning] [Decorations] CAPPING events from decorations provider vscode.git 1824
2024-02-11 23:20:29.641 [warning] [Decorations] CAPPING events from decorations provider vscode.git 1824
2024-02-11 23:20:34.788 [warning] [Decorations] CAPPING events from decorations provider vscode.git 1824
2024-02-11 23:20:39.964 [warning] [Decorations] CAPPING events from decorations provider vscode.git 1824
2024-02-11 23:20:52.209 [warning] [Decorations] CAPPING events from decorations provider vscode.git 1824
2024-02-11 23:20:57.395 [warning] [Decorations] CAPPING events from decorations provider vscode.git 1824
2024-02-11 23:21:02.588 [warning] [Decorations] CAPPING events from decorations provider vscode.git 1824
2024-02-11 23:21:07.753 [warning] [Decorations] CAPPING events from decorations provider vscode.git 1824
2024-02-11 23:21:47.618 [warning] [Decorations] CAPPING events from decorations provider vscode.git 1824
2024-02-11 23:21:52.794 [warning] [Decorations] CAPPING events from decorations provider vscode.git 1823
2024-02-11 23:21:57.990 [warning] [Decorations] CAPPING events from decorations provider vscode.git 1823
2024-02-11 23:22:03.187 [warning] [Decorations] CAPPING events from decorations provider vscode.git 1823
2024-02-11 23:22:08.369 [warning] [Decorations] CAPPING events from decorations provider vscode.git 1825
2024-02-11 23:22:13.537 [warning] [Decorations] CAPPING events from decorations provider vscode.git 1824
2024-02-11 23:22:18.718 [warning] [Decorations] CAPPING events from decorations provider vscode.git 1824
2024-02-11 23:22:22.648 [info] ExtensionService#_doActivateExtension vscode.debug-server-ready, startup: false, activationEvent: 'onDebugResolve'
2024-02-11 23:22:43.548 [warning] [Decorations] CAPPING events from decorations provider vscode.git 1824
2024-02-11 23:23:19.604 [warning] [Decorations] CAPPING events from decorations provider vscode.git 1824
2024-02-11 23:23:24.780 [warning] [Decorations] CAPPING events from decorations provider vscode.git 1825
2024-02-11 23:23:38.014 [warning] [Decorations] CAPPING events from decorations provider vscode.git 1825
2024-02-11 23:23:43.206 [warning] [Decorations] CAPPING events from decorations provider vscode.git 1825
2024-02-11 23:23:48.467 [warning] [Decorations] CAPPING events from decorations provider vscode.git 1825
2024-02-11 23:23:53.660 [warning] [Decorations] CAPPING events from decorations provider vscode.git 1871
2024-02-11 23:23:58.842 [warning] [Decorations] CAPPING events from decorations provider vscode.git 1870
2024-02-11 23:24:04.017 [warning] [Decorations] CAPPING events from decorations provider vscode.git 1870
2024-02-11 23:24:09.174 [warning] [Decorations] CAPPING events from decorations provider vscode.git 1870
2024-02-11 23:24:16.622 [warning] [Decorations] CAPPING events from decorations provider vscode.git 1870
2024-02-11 23:24:21.990 [warning] [Decorations] CAPPING events from decorations provider vscode.git 1870
2024-02-11 23:24:27.782 [warning] [Decorations] CAPPING events from decorations provider vscode.git 1870
2024-02-11 23:24:33.017 [warning] [Decorations] CAPPING events from decorations provider vscode.git 1870
2024-02-11 23:24:38.190 [warning] [Decorations] CAPPING events from decorations provider vscode.git 1870
2024-02-11 23:24:43.363 [warning] [Decorations] CAPPING events from decorations provider vscode.git 1870
2024-02-11 23:24:59.976 [warning] [Decorations] CAPPING events from decorations provider vscode.git 1872
2024-02-11 23:25:05.133 [warning] [Decorations] CAPPING events from decorations provider vscode.git 1872
2024-02-11 23:25:12.834 [warning] [Decorations] CAPPING events from decorations provider vscode.git 1875
2024-02-11 23:25:18.016 [warning] [Decorations] CAPPING events from decorations provider vscode.git 1876
2024-02-11 23:25:23.197 [warning] [Decorations] CAPPING events from decorations provider vscode.git 1875
2024-02-11 23:25:28.398 [warning] [Decorations] CAPPING events from decorations provider vscode.git 1875
2024-02-11 23:25:33.557 [warning] [Decorations] CAPPING events from decorations provider vscode.git 1875
2024-02-11 23:25:38.751 [warning] [Decorations] CAPPING events from decorations provider vscode.git 1875
2024-02-11 23:25:43.955 [warning] [Decorations] CAPPING events from decorations provider vscode.git 1875
2024-02-11 23:25:49.108 [warning] [Decorations] CAPPING events from decorations provider vscode.git 1875
2024-02-11 23:26:26.292 [warning] [Decorations] CAPPING events from decorations provider vscode.git 1875
2024-02-11 23:46:07.965 [warning] [Decorations] CAPPING events from decorations provider vscode.git 1876
2024-02-11 23:46:13.134 [warning] [Decorations] CAPPING events from decorations provider vscode.git 1876
2024-02-11 23:46:18.300 [warning] [Decorations] CAPPING events from decorations provider vscode.git 1876
2024-02-11 23:46:23.473 [warning] [Decorations] CAPPING events from decorations provider vscode.git 1876
2024-02-11 23:46:28.647 [warning] [Decorations] CAPPING events from decorations provider vscode.git 1876
2024-02-11 23:46:33.817 [warning] [Decorations] CAPPING events from decorations provider vscode.git 1876
2024-02-11 23:46:39.065 [warning] [Decorations] CAPPING events from decorations provider vscode.git 1876
2024-02-11 23:46:44.251 [warning] [Decorations] CAPPING events from decorations provider vscode.git 1876
2024-02-11 23:46:49.418 [warning] [Decorations] CAPPING events from decorations provider vscode.git 1876
2024-02-11 23:46:54.583 [warning] [Decorations] CAPPING events from decorations provider vscode.git 1876
2024-02-11 23:46:59.795 [warning] [Decorations] CAPPING events from decorations provider vscode.git 1876
2024-02-11 23:59:33.221 [warning] [Decorations] CAPPING events from decorations provider vscode.git 1876
2024-02-12 00:11:10.138 [info] Extension host terminating: renderer disconnected for too long (2)
2024-02-12 00:11:10.244 [info] Lock '/home/bitnami/.vscode-server/data/User/workspaceStorage/d866cbe83da49e127745e557969ca682/vscode.lock': Marking the lockfile as scheduled to be released in 6000 ms.
2024-02-12 00:11:11.726 [error] Canceled: Canceled
	at Object.D [as $6] (/home/bitnami/.vscode-server/bin/31c37ee8f63491495ac49e43b8544550fbae4533/out/vs/workbench/api/node/extensionHostProcess.js:10:1032)
	at /home/bitnami/.vscode-server/bin/31c37ee8f63491495ac49e43b8544550fbae4533/out/vs/workbench/api/node/extensionHostProcess.js:147:2350
	at Array.forEach (<anonymous>)
	at d.dispose (/home/bitnami/.vscode-server/bin/31c37ee8f63491495ac49e43b8544550fbae4533/out/vs/workbench/api/node/extensionHostProcess.js:147:2288)
	at g.terminate (/home/bitnami/.vscode-server/bin/31c37ee8f63491495ac49e43b8544550fbae4533/out/vs/workbench/api/node/extensionHostProcess.js:156:8044)
	at o.terminate (/home/bitnami/.vscode-server/bin/31c37ee8f63491495ac49e43b8544550fbae4533/out/vs/workbench/api/node/extensionHostProcess.js:160:1513)
	at t (/home/bitnami/.vscode-server/bin/31c37ee8f63491495ac49e43b8544550fbae4533/out/vs/workbench/api/node/extensionHostProcess.js:173:9950)
	at M.a (/home/bitnami/.vscode-server/bin/31c37ee8f63491495ac49e43b8544550fbae4533/out/vs/workbench/api/node/extensionHostProcess.js:173:6743)
	at M.h (/home/bitnami/.vscode-server/bin/31c37ee8f63491495ac49e43b8544550fbae4533/out/vs/workbench/api/node/extensionHostProcess.js:97:20387)
	at listOnTimeout (node:internal/timers:569:17)
	at process.processTimers (node:internal/timers:512:7) setContext undefined
2024-02-12 00:11:11.728 [error] Canceled: Canceled
	at Object.D [as $6] (/home/bitnami/.vscode-server/bin/31c37ee8f63491495ac49e43b8544550fbae4533/out/vs/workbench/api/node/extensionHostProcess.js:10:1032)
	at /home/bitnami/.vscode-server/bin/31c37ee8f63491495ac49e43b8544550fbae4533/out/vs/workbench/api/node/extensionHostProcess.js:147:2350
	at Array.forEach (<anonymous>)
	at d.dispose (/home/bitnami/.vscode-server/bin/31c37ee8f63491495ac49e43b8544550fbae4533/out/vs/workbench/api/node/extensionHostProcess.js:147:2288)
	at g.terminate (/home/bitnami/.vscode-server/bin/31c37ee8f63491495ac49e43b8544550fbae4533/out/vs/workbench/api/node/extensionHostProcess.js:156:8044)
	at o.terminate (/home/bitnami/.vscode-server/bin/31c37ee8f63491495ac49e43b8544550fbae4533/out/vs/workbench/api/node/extensionHostProcess.js:160:1513)
	at t (/home/bitnami/.vscode-server/bin/31c37ee8f63491495ac49e43b8544550fbae4533/out/vs/workbench/api/node/extensionHostProcess.js:173:9950)
	at M.a (/home/bitnami/.vscode-server/bin/31c37ee8f63491495ac49e43b8544550fbae4533/out/vs/workbench/api/node/extensionHostProcess.js:173:6743)
	at M.h (/home/bitnami/.vscode-server/bin/31c37ee8f63491495ac49e43b8544550fbae4533/out/vs/workbench/api/node/extensionHostProcess.js:97:20387)
	at listOnTimeout (node:internal/timers:569:17)
	at process.processTimers (node:internal/timers:512:7) setContext undefined
2024-02-12 00:11:11.728 [error] Canceled: Canceled
	at Object.D [as $6] (/home/bitnami/.vscode-server/bin/31c37ee8f63491495ac49e43b8544550fbae4533/out/vs/workbench/api/node/extensionHostProcess.js:10:1032)
	at /home/bitnami/.vscode-server/bin/31c37ee8f63491495ac49e43b8544550fbae4533/out/vs/workbench/api/node/extensionHostProcess.js:147:2350
	at Array.forEach (<anonymous>)
	at d.dispose (/home/bitnami/.vscode-server/bin/31c37ee8f63491495ac49e43b8544550fbae4533/out/vs/workbench/api/node/extensionHostProcess.js:147:2288)
	at g.terminate (/home/bitnami/.vscode-server/bin/31c37ee8f63491495ac49e43b8544550fbae4533/out/vs/workbench/api/node/extensionHostProcess.js:156:8044)
	at o.terminate (/home/bitnami/.vscode-server/bin/31c37ee8f63491495ac49e43b8544550fbae4533/out/vs/workbench/api/node/extensionHostProcess.js:160:1513)
	at t (/home/bitnami/.vscode-server/bin/31c37ee8f63491495ac49e43b8544550fbae4533/out/vs/workbench/api/node/extensionHostProcess.js:173:9950)
	at M.a (/home/bitnami/.vscode-server/bin/31c37ee8f63491495ac49e43b8544550fbae4533/out/vs/workbench/api/node/extensionHostProcess.js:173:6743)
	at M.h (/home/bitnami/.vscode-server/bin/31c37ee8f63491495ac49e43b8544550fbae4533/out/vs/workbench/api/node/extensionHostProcess.js:97:20387)
	at listOnTimeout (node:internal/timers:569:17)
	at process.processTimers (node:internal/timers:512:7) setContext undefined
2024-02-12 00:11:11.728 [error] Canceled: Canceled
	at Object.D [as $6] (/home/bitnami/.vscode-server/bin/31c37ee8f63491495ac49e43b8544550fbae4533/out/vs/workbench/api/node/extensionHostProcess.js:10:1032)
	at /home/bitnami/.vscode-server/bin/31c37ee8f63491495ac49e43b8544550fbae4533/out/vs/workbench/api/node/extensionHostProcess.js:147:2350
	at Array.forEach (<anonymous>)
	at d.dispose (/home/bitnami/.vscode-server/bin/31c37ee8f63491495ac49e43b8544550fbae4533/out/vs/workbench/api/node/extensionHostProcess.js:147:2288)
	at g.terminate (/home/bitnami/.vscode-server/bin/31c37ee8f63491495ac49e43b8544550fbae4533/out/vs/workbench/api/node/extensionHostProcess.js:156:8044)
	at o.terminate (/home/bitnami/.vscode-server/bin/31c37ee8f63491495ac49e43b8544550fbae4533/out/vs/workbench/api/node/extensionHostProcess.js:160:1513)
	at t (/home/bitnami/.vscode-server/bin/31c37ee8f63491495ac49e43b8544550fbae4533/out/vs/workbench/api/node/extensionHostProcess.js:173:9950)
	at M.a (/home/bitnami/.vscode-server/bin/31c37ee8f63491495ac49e43b8544550fbae4533/out/vs/workbench/api/node/extensionHostProcess.js:173:6743)
	at M.h (/home/bitnami/.vscode-server/bin/31c37ee8f63491495ac49e43b8544550fbae4533/out/vs/workbench/api/node/extensionHostProcess.js:97:20387)
	at listOnTimeout (node:internal/timers:569:17)
	at process.processTimers (node:internal/timers:512:7) setContext undefined
2024-02-12 00:11:11.728 [error] Canceled: Canceled
	at Object.D [as $6] (/home/bitnami/.vscode-server/bin/31c37ee8f63491495ac49e43b8544550fbae4533/out/vs/workbench/api/node/extensionHostProcess.js:10:1032)
	at /home/bitnami/.vscode-server/bin/31c37ee8f63491495ac49e43b8544550fbae4533/out/vs/workbench/api/node/extensionHostProcess.js:147:2350
	at Array.forEach (<anonymous>)
	at d.dispose (/home/bitnami/.vscode-server/bin/31c37ee8f63491495ac49e43b8544550fbae4533/out/vs/workbench/api/node/extensionHostProcess.js:147:2288)
	at g.terminate (/home/bitnami/.vscode-server/bin/31c37ee8f63491495ac49e43b8544550fbae4533/out/vs/workbench/api/node/extensionHostProcess.js:156:8044)
	at o.terminate (/home/bitnami/.vscode-server/bin/31c37ee8f63491495ac49e43b8544550fbae4533/out/vs/workbench/api/node/extensionHostProcess.js:160:1513)
	at t (/home/bitnami/.vscode-server/bin/31c37ee8f63491495ac49e43b8544550fbae4533/out/vs/workbench/api/node/extensionHostProcess.js:173:9950)
	at M.a (/home/bitnami/.vscode-server/bin/31c37ee8f63491495ac49e43b8544550fbae4533/out/vs/workbench/api/node/extensionHostProcess.js:173:6743)
	at M.h (/home/bitnami/.vscode-server/bin/31c37ee8f63491495ac49e43b8544550fbae4533/out/vs/workbench/api/node/extensionHostProcess.js:97:20387)
	at listOnTimeout (node:internal/timers:569:17)
	at process.processTimers (node:internal/timers:512:7) setContext undefined
2024-02-12 00:11:11.729 [error] Canceled: Canceled
	at Object.D [as $6] (/home/bitnami/.vscode-server/bin/31c37ee8f63491495ac49e43b8544550fbae4533/out/vs/workbench/api/node/extensionHostProcess.js:10:1032)
	at /home/bitnami/.vscode-server/bin/31c37ee8f63491495ac49e43b8544550fbae4533/out/vs/workbench/api/node/extensionHostProcess.js:147:2350
	at Array.forEach (<anonymous>)
	at d.dispose (/home/bitnami/.vscode-server/bin/31c37ee8f63491495ac49e43b8544550fbae4533/out/vs/workbench/api/node/extensionHostProcess.js:147:2288)
	at g.terminate (/home/bitnami/.vscode-server/bin/31c37ee8f63491495ac49e43b8544550fbae4533/out/vs/workbench/api/node/extensionHostProcess.js:156:8044)
	at o.terminate (/home/bitnami/.vscode-server/bin/31c37ee8f63491495ac49e43b8544550fbae4533/out/vs/workbench/api/node/extensionHostProcess.js:160:1513)
	at t (/home/bitnami/.vscode-server/bin/31c37ee8f63491495ac49e43b8544550fbae4533/out/vs/workbench/api/node/extensionHostProcess.js:173:9950)
	at M.a (/home/bitnami/.vscode-server/bin/31c37ee8f63491495ac49e43b8544550fbae4533/out/vs/workbench/api/node/extensionHostProcess.js:173:6743)
	at M.h (/home/bitnami/.vscode-server/bin/31c37ee8f63491495ac49e43b8544550fbae4533/out/vs/workbench/api/node/extensionHostProcess.js:97:20387)
	at listOnTimeout (node:internal/timers:569:17)
	at process.processTimers (node:internal/timers:512:7) setContext undefined
2024-02-12 00:11:11.729 [error] Canceled: Canceled
	at Object.D [as $6] (/home/bitnami/.vscode-server/bin/31c37ee8f63491495ac49e43b8544550fbae4533/out/vs/workbench/api/node/extensionHostProcess.js:10:1032)
	at /home/bitnami/.vscode-server/bin/31c37ee8f63491495ac49e43b8544550fbae4533/out/vs/workbench/api/node/extensionHostProcess.js:147:2350
	at Array.forEach (<anonymous>)
	at d.dispose (/home/bitnami/.vscode-server/bin/31c37ee8f63491495ac49e43b8544550fbae4533/out/vs/workbench/api/node/extensionHostProcess.js:147:2288)
	at g.terminate (/home/bitnami/.vscode-server/bin/31c37ee8f63491495ac49e43b8544550fbae4533/out/vs/workbench/api/node/extensionHostProcess.js:156:8044)
	at o.terminate (/home/bitnami/.vscode-server/bin/31c37ee8f63491495ac49e43b8544550fbae4533/out/vs/workbench/api/node/extensionHostProcess.js:160:1513)
	at t (/home/bitnami/.vscode-server/bin/31c37ee8f63491495ac49e43b8544550fbae4533/out/vs/workbench/api/node/extensionHostProcess.js:173:9950)
	at M.a (/home/bitnami/.vscode-server/bin/31c37ee8f63491495ac49e43b8544550fbae4533/out/vs/workbench/api/node/extensionHostProcess.js:173:6743)
	at M.h (/home/bitnami/.vscode-server/bin/31c37ee8f63491495ac49e43b8544550fbae4533/out/vs/workbench/api/node/extensionHostProcess.js:97:20387)
	at listOnTimeout (node:internal/timers:569:17)
	at process.processTimers (node:internal/timers:512:7) setContext undefined
2024-02-12 00:11:11.729 [error] Canceled: Canceled
	at Object.D [as $6] (/home/bitnami/.vscode-server/bin/31c37ee8f63491495ac49e43b8544550fbae4533/out/vs/workbench/api/node/extensionHostProcess.js:10:1032)
	at /home/bitnami/.vscode-server/bin/31c37ee8f63491495ac49e43b8544550fbae4533/out/vs/workbench/api/node/extensionHostProcess.js:147:2350
	at Array.forEach (<anonymous>)
	at d.dispose (/home/bitnami/.vscode-server/bin/31c37ee8f63491495ac49e43b8544550fbae4533/out/vs/workbench/api/node/extensionHostProcess.js:147:2288)
	at g.terminate (/home/bitnami/.vscode-server/bin/31c37ee8f63491495ac49e43b8544550fbae4533/out/vs/workbench/api/node/extensionHostProcess.js:156:8044)
	at o.terminate (/home/bitnami/.vscode-server/bin/31c37ee8f63491495ac49e43b8544550fbae4533/out/vs/workbench/api/node/extensionHostProcess.js:160:1513)
	at t (/home/bitnami/.vscode-server/bin/31c37ee8f63491495ac49e43b8544550fbae4533/out/vs/workbench/api/node/extensionHostProcess.js:173:9950)
	at M.a (/home/bitnami/.vscode-server/bin/31c37ee8f63491495ac49e43b8544550fbae4533/out/vs/workbench/api/node/extensionHostProcess.js:173:6743)
	at M.h (/home/bitnami/.vscode-server/bin/31c37ee8f63491495ac49e43b8544550fbae4533/out/vs/workbench/api/node/extensionHostProcess.js:97:20387)
	at listOnTimeout (node:internal/timers:569:17)
	at process.processTimers (node:internal/timers:512:7) setContext undefined
2024-02-12 00:11:11.729 [error] Canceled: Canceled
	at Object.D [as $6] (/home/bitnami/.vscode-server/bin/31c37ee8f63491495ac49e43b8544550fbae4533/out/vs/workbench/api/node/extensionHostProcess.js:10:1032)
	at /home/bitnami/.vscode-server/bin/31c37ee8f63491495ac49e43b8544550fbae4533/out/vs/workbench/api/node/extensionHostProcess.js:147:2350
	at Array.forEach (<anonymous>)
	at d.dispose (/home/bitnami/.vscode-server/bin/31c37ee8f63491495ac49e43b8544550fbae4533/out/vs/workbench/api/node/extensionHostProcess.js:147:2288)
	at g.terminate (/home/bitnami/.vscode-server/bin/31c37ee8f63491495ac49e43b8544550fbae4533/out/vs/workbench/api/node/extensionHostProcess.js:156:8044)
	at o.terminate (/home/bitnami/.vscode-server/bin/31c37ee8f63491495ac49e43b8544550fbae4533/out/vs/workbench/api/node/extensionHostProcess.js:160:1513)
	at t (/home/bitnami/.vscode-server/bin/31c37ee8f63491495ac49e43b8544550fbae4533/out/vs/workbench/api/node/extensionHostProcess.js:173:9950)
	at M.a (/home/bitnami/.vscode-server/bin/31c37ee8f63491495ac49e43b8544550fbae4533/out/vs/workbench/api/node/extensionHostProcess.js:173:6743)
	at M.h (/home/bitnami/.vscode-server/bin/31c37ee8f63491495ac49e43b8544550fbae4533/out/vs/workbench/api/node/extensionHostProcess.js:97:20387)
	at listOnTimeout (node:internal/timers:569:17)
	at process.processTimers (node:internal/timers:512:7) setContext undefined
2024-02-12 00:11:11.729 [error] Canceled: Canceled
	at Object.D [as $6] (/home/bitnami/.vscode-server/bin/31c37ee8f63491495ac49e43b8544550fbae4533/out/vs/workbench/api/node/extensionHostProcess.js:10:1032)
	at /home/bitnami/.vscode-server/bin/31c37ee8f63491495ac49e43b8544550fbae4533/out/vs/workbench/api/node/extensionHostProcess.js:147:2350
	at Array.forEach (<anonymous>)
	at d.dispose (/home/bitnami/.vscode-server/bin/31c37ee8f63491495ac49e43b8544550fbae4533/out/vs/workbench/api/node/extensionHostProcess.js:147:2288)
	at g.terminate (/home/bitnami/.vscode-server/bin/31c37ee8f63491495ac49e43b8544550fbae4533/out/vs/workbench/api/node/extensionHostProcess.js:156:8044)
	at o.terminate (/home/bitnami/.vscode-server/bin/31c37ee8f63491495ac49e43b8544550fbae4533/out/vs/workbench/api/node/extensionHostProcess.js:160:1513)
	at t (/home/bitnami/.vscode-server/bin/31c37ee8f63491495ac49e43b8544550fbae4533/out/vs/workbench/api/node/extensionHostProcess.js:173:9950)
	at M.a (/home/bitnami/.vscode-server/bin/31c37ee8f63491495ac49e43b8544550fbae4533/out/vs/workbench/api/node/extensionHostProcess.js:173:6743)
	at M.h (/home/bitnami/.vscode-server/bin/31c37ee8f63491495ac49e43b8544550fbae4533/out/vs/workbench/api/node/extensionHostProcess.js:97:20387)
	at listOnTimeout (node:internal/timers:569:17)
	at process.processTimers (node:internal/timers:512:7) setContext undefined
2024-02-12 00:11:11.729 [error] Canceled: Canceled
	at Object.D [as $6] (/home/bitnami/.vscode-server/bin/31c37ee8f63491495ac49e43b8544550fbae4533/out/vs/workbench/api/node/extensionHostProcess.js:10:1032)
	at /home/bitnami/.vscode-server/bin/31c37ee8f63491495ac49e43b8544550fbae4533/out/vs/workbench/api/node/extensionHostProcess.js:147:2350
	at Array.forEach (<anonymous>)
	at d.dispose (/home/bitnami/.vscode-server/bin/31c37ee8f63491495ac49e43b8544550fbae4533/out/vs/workbench/api/node/extensionHostProcess.js:147:2288)
	at g.terminate (/home/bitnami/.vscode-server/bin/31c37ee8f63491495ac49e43b8544550fbae4533/out/vs/workbench/api/node/extensionHostProcess.js:156:8044)
	at o.terminate (/home/bitnami/.vscode-server/bin/31c37ee8f63491495ac49e43b8544550fbae4533/out/vs/workbench/api/node/extensionHostProcess.js:160:1513)
	at t (/home/bitnami/.vscode-server/bin/31c37ee8f63491495ac49e43b8544550fbae4533/out/vs/workbench/api/node/extensionHostProcess.js:173:9950)
	at M.a (/home/bitnami/.vscode-server/bin/31c37ee8f63491495ac49e43b8544550fbae4533/out/vs/workbench/api/node/extensionHostProcess.js:173:6743)
	at M.h (/home/bitnami/.vscode-server/bin/31c37ee8f63491495ac49e43b8544550fbae4533/out/vs/workbench/api/node/extensionHostProcess.js:97:20387)
	at listOnTimeout (node:internal/timers:569:17)
	at process.processTimers (node:internal/timers:512:7) setContext undefined
2024-02-12 00:11:11.729 [error] Canceled: Canceled
	at Object.D [as $6] (/home/bitnami/.vscode-server/bin/31c37ee8f63491495ac49e43b8544550fbae4533/out/vs/workbench/api/node/extensionHostProcess.js:10:1032)
	at /home/bitnami/.vscode-server/bin/31c37ee8f63491495ac49e43b8544550fbae4533/out/vs/workbench/api/node/extensionHostProcess.js:147:2350
	at Array.forEach (<anonymous>)
	at d.dispose (/home/bitnami/.vscode-server/bin/31c37ee8f63491495ac49e43b8544550fbae4533/out/vs/workbench/api/node/extensionHostProcess.js:147:2288)
	at g.terminate (/home/bitnami/.vscode-server/bin/31c37ee8f63491495ac49e43b8544550fbae4533/out/vs/workbench/api/node/extensionHostProcess.js:156:8044)
	at o.terminate (/home/bitnami/.vscode-server/bin/31c37ee8f63491495ac49e43b8544550fbae4533/out/vs/workbench/api/node/extensionHostProcess.js:160:1513)
	at t (/home/bitnami/.vscode-server/bin/31c37ee8f63491495ac49e43b8544550fbae4533/out/vs/workbench/api/node/extensionHostProcess.js:173:9950)
	at M.a (/home/bitnami/.vscode-server/bin/31c37ee8f63491495ac49e43b8544550fbae4533/out/vs/workbench/api/node/extensionHostProcess.js:173:6743)
	at M.h (/home/bitnami/.vscode-server/bin/31c37ee8f63491495ac49e43b8544550fbae4533/out/vs/workbench/api/node/extensionHostProcess.js:97:20387)
	at listOnTimeout (node:internal/timers:569:17)
	at process.processTimers (node:internal/timers:512:7) setContext undefined
2024-02-12 00:11:11.729 [error] Canceled: Canceled
	at Object.D [as $6] (/home/bitnami/.vscode-server/bin/31c37ee8f63491495ac49e43b8544550fbae4533/out/vs/workbench/api/node/extensionHostProcess.js:10:1032)
	at /home/bitnami/.vscode-server/bin/31c37ee8f63491495ac49e43b8544550fbae4533/out/vs/workbench/api/node/extensionHostProcess.js:147:2350
	at Array.forEach (<anonymous>)
	at d.dispose (/home/bitnami/.vscode-server/bin/31c37ee8f63491495ac49e43b8544550fbae4533/out/vs/workbench/api/node/extensionHostProcess.js:147:2288)
	at g.terminate (/home/bitnami/.vscode-server/bin/31c37ee8f63491495ac49e43b8544550fbae4533/out/vs/workbench/api/node/extensionHostProcess.js:156:8044)
	at o.terminate (/home/bitnami/.vscode-server/bin/31c37ee8f63491495ac49e43b8544550fbae4533/out/vs/workbench/api/node/extensionHostProcess.js:160:1513)
	at t (/home/bitnami/.vscode-server/bin/31c37ee8f63491495ac49e43b8544550fbae4533/out/vs/workbench/api/node/extensionHostProcess.js:173:9950)
	at M.a (/home/bitnami/.vscode-server/bin/31c37ee8f63491495ac49e43b8544550fbae4533/out/vs/workbench/api/node/extensionHostProcess.js:173:6743)
	at M.h (/home/bitnami/.vscode-server/bin/31c37ee8f63491495ac49e43b8544550fbae4533/out/vs/workbench/api/node/extensionHostProcess.js:97:20387)
	at listOnTimeout (node:internal/timers:569:17)
	at process.processTimers (node:internal/timers:512:7) setContext undefined
2024-02-12 00:11:11.730 [error] Canceled: Canceled
	at Object.D [as $6] (/home/bitnami/.vscode-server/bin/31c37ee8f63491495ac49e43b8544550fbae4533/out/vs/workbench/api/node/extensionHostProcess.js:10:1032)
	at /home/bitnami/.vscode-server/bin/31c37ee8f63491495ac49e43b8544550fbae4533/out/vs/workbench/api/node/extensionHostProcess.js:147:2350
	at Array.forEach (<anonymous>)
	at d.dispose (/home/bitnami/.vscode-server/bin/31c37ee8f63491495ac49e43b8544550fbae4533/out/vs/workbench/api/node/extensionHostProcess.js:147:2288)
	at g.terminate (/home/bitnami/.vscode-server/bin/31c37ee8f63491495ac49e43b8544550fbae4533/out/vs/workbench/api/node/extensionHostProcess.js:156:8044)
	at o.terminate (/home/bitnami/.vscode-server/bin/31c37ee8f63491495ac49e43b8544550fbae4533/out/vs/workbench/api/node/extensionHostProcess.js:160:1513)
	at t (/home/bitnami/.vscode-server/bin/31c37ee8f63491495ac49e43b8544550fbae4533/out/vs/workbench/api/node/extensionHostProcess.js:173:9950)
	at M.a (/home/bitnami/.vscode-server/bin/31c37ee8f63491495ac49e43b8544550fbae4533/out/vs/workbench/api/node/extensionHostProcess.js:173:6743)
	at M.h (/home/bitnami/.vscode-server/bin/31c37ee8f63491495ac49e43b8544550fbae4533/out/vs/workbench/api/node/extensionHostProcess.js:97:20387)
	at listOnTimeout (node:internal/timers:569:17)
	at process.processTimers (node:internal/timers:512:7) setContext undefined
2024-02-12 00:11:11.730 [error] Canceled: Canceled
	at Object.D [as $6] (/home/bitnami/.vscode-server/bin/31c37ee8f63491495ac49e43b8544550fbae4533/out/vs/workbench/api/node/extensionHostProcess.js:10:1032)
	at /home/bitnami/.vscode-server/bin/31c37ee8f63491495ac49e43b8544550fbae4533/out/vs/workbench/api/node/extensionHostProcess.js:147:2350
	at Array.forEach (<anonymous>)
	at d.dispose (/home/bitnami/.vscode-server/bin/31c37ee8f63491495ac49e43b8544550fbae4533/out/vs/workbench/api/node/extensionHostProcess.js:147:2288)
	at g.terminate (/home/bitnami/.vscode-server/bin/31c37ee8f63491495ac49e43b8544550fbae4533/out/vs/workbench/api/node/extensionHostProcess.js:156:8044)
	at o.terminate (/home/bitnami/.vscode-server/bin/31c37ee8f63491495ac49e43b8544550fbae4533/out/vs/workbench/api/node/extensionHostProcess.js:160:1513)
	at t (/home/bitnami/.vscode-server/bin/31c37ee8f63491495ac49e43b8544550fbae4533/out/vs/workbench/api/node/extensionHostProcess.js:173:9950)
	at M.a (/home/bitnami/.vscode-server/bin/31c37ee8f63491495ac49e43b8544550fbae4533/out/vs/workbench/api/node/extensionHostProcess.js:173:6743)
	at M.h (/home/bitnami/.vscode-server/bin/31c37ee8f63491495ac49e43b8544550fbae4533/out/vs/workbench/api/node/extensionHostProcess.js:97:20387)
	at listOnTimeout (node:internal/timers:569:17)
	at process.processTimers (node:internal/timers:512:7) setContext undefined
2024-02-12 00:11:11.730 [error] Canceled: Canceled
	at Object.D [as $6] (/home/bitnami/.vscode-server/bin/31c37ee8f63491495ac49e43b8544550fbae4533/out/vs/workbench/api/node/extensionHostProcess.js:10:1032)
	at /home/bitnami/.vscode-server/bin/31c37ee8f63491495ac49e43b8544550fbae4533/out/vs/workbench/api/node/extensionHostProcess.js:147:2350
	at Array.forEach (<anonymous>)
	at d.dispose (/home/bitnami/.vscode-server/bin/31c37ee8f63491495ac49e43b8544550fbae4533/out/vs/workbench/api/node/extensionHostProcess.js:147:2288)
	at g.terminate (/home/bitnami/.vscode-server/bin/31c37ee8f63491495ac49e43b8544550fbae4533/out/vs/workbench/api/node/extensionHostProcess.js:156:8044)
	at o.terminate (/home/bitnami/.vscode-server/bin/31c37ee8f63491495ac49e43b8544550fbae4533/out/vs/workbench/api/node/extensionHostProcess.js:160:1513)
	at t (/home/bitnami/.vscode-server/bin/31c37ee8f63491495ac49e43b8544550fbae4533/out/vs/workbench/api/node/extensionHostProcess.js:173:9950)
	at M.a (/home/bitnami/.vscode-server/bin/31c37ee8f63491495ac49e43b8544550fbae4533/out/vs/workbench/api/node/extensionHostProcess.js:173:6743)
	at M.h (/home/bitnami/.vscode-server/bin/31c37ee8f63491495ac49e43b8544550fbae4533/out/vs/workbench/api/node/extensionHostProcess.js:97:20387)
	at listOnTimeout (node:internal/timers:569:17)
	at process.processTimers (node:internal/timers:512:7) setContext undefined
2024-02-12 00:11:11.730 [error] Canceled: Canceled
	at Object.D [as $6] (/home/bitnami/.vscode-server/bin/31c37ee8f63491495ac49e43b8544550fbae4533/out/vs/workbench/api/node/extensionHostProcess.js:10:1032)
	at /home/bitnami/.vscode-server/bin/31c37ee8f63491495ac49e43b8544550fbae4533/out/vs/workbench/api/node/extensionHostProcess.js:147:2350
	at Array.forEach (<anonymous>)
	at d.dispose (/home/bitnami/.vscode-server/bin/31c37ee8f63491495ac49e43b8544550fbae4533/out/vs/workbench/api/node/extensionHostProcess.js:147:2288)
	at g.terminate (/home/bitnami/.vscode-server/bin/31c37ee8f63491495ac49e43b8544550fbae4533/out/vs/workbench/api/node/extensionHostProcess.js:156:8044)
	at o.terminate (/home/bitnami/.vscode-server/bin/31c37ee8f63491495ac49e43b8544550fbae4533/out/vs/workbench/api/node/extensionHostProcess.js:160:1513)
	at t (/home/bitnami/.vscode-server/bin/31c37ee8f63491495ac49e43b8544550fbae4533/out/vs/workbench/api/node/extensionHostProcess.js:173:9950)
	at M.a (/home/bitnami/.vscode-server/bin/31c37ee8f63491495ac49e43b8544550fbae4533/out/vs/workbench/api/node/extensionHostProcess.js:173:6743)
	at M.h (/home/bitnami/.vscode-server/bin/31c37ee8f63491495ac49e43b8544550fbae4533/out/vs/workbench/api/node/extensionHostProcess.js:97:20387)
	at listOnTimeout (node:internal/timers:569:17)
	at process.processTimers (node:internal/timers:512:7) setContext undefined
2024-02-12 00:11:11.751 [error] Canceled: Canceled
	at new f (/home/bitnami/.vscode-server/bin/31c37ee8f63491495ac49e43b8544550fbae4533/out/vs/workbench/api/node/extensionHostProcess.js:140:45069)
	at d.U (/home/bitnami/.vscode-server/bin/31c37ee8f63491495ac49e43b8544550fbae4533/out/vs/workbench/api/node/extensionHostProcess.js:147:5557)
	at T.<computed>.O.charCodeAt.T.<computed> (/home/bitnami/.vscode-server/bin/31c37ee8f63491495ac49e43b8544550fbae4533/out/vs/workbench/api/node/extensionHostProcess.js:147:3008)
	at s.g (/home/bitnami/.vscode-server/bin/31c37ee8f63491495ac49e43b8544550fbae4533/out/vs/workbench/api/node/extensionHostProcess.js:150:174704)
	at s.executeCommand (/home/bitnami/.vscode-server/bin/31c37ee8f63491495ac49e43b8544550fbae4533/out/vs/workbench/api/node/extensionHostProcess.js:150:174142)
	at m.registerCommand.description (/home/bitnami/.vscode-server/bin/31c37ee8f63491495ac49e43b8544550fbae4533/out/vs/workbench/api/node/extensionHostProcess.js:150:173466)
	at s.h (/home/bitnami/.vscode-server/bin/31c37ee8f63491495ac49e43b8544550fbae4533/out/vs/workbench/api/node/extensionHostProcess.js:150:175243)
	at s.g (/home/bitnami/.vscode-server/bin/31c37ee8f63491495ac49e43b8544550fbae4533/out/vs/workbench/api/node/extensionHostProcess.js:150:174235)
	at s.executeCommand (/home/bitnami/.vscode-server/bin/31c37ee8f63491495ac49e43b8544550fbae4533/out/vs/workbench/api/node/extensionHostProcess.js:150:174142)
	at Object.executeCommand (/home/bitnami/.vscode-server/bin/31c37ee8f63491495ac49e43b8544550fbae4533/out/vs/workbench/api/node/extensionHostProcess.js:160:21634)
	at g.I [as value] (/home/bitnami/.vscode-server/bin/31c37ee8f63491495ac49e43b8544550fbae4533/extensions/git/dist/main.js:2:927298)
	at r.y (/home/bitnami/.vscode-server/bin/31c37ee8f63491495ac49e43b8544550fbae4533/out/vs/workbench/api/node/extensionHostProcess.js:80:1902)
	at r.z (/home/bitnami/.vscode-server/bin/31c37ee8f63491495ac49e43b8544550fbae4533/out/vs/workbench/api/node/extensionHostProcess.js:80:1972)
	at r.fire (/home/bitnami/.vscode-server/bin/31c37ee8f63491495ac49e43b8544550fbae4533/out/vs/workbench/api/node/extensionHostProcess.js:80:2188)
	at Object.m [as dispose] (/home/bitnami/.vscode-server/bin/31c37ee8f63491495ac49e43b8544550fbae4533/extensions/git/dist/main.js:2:943089)
	at /home/bitnami/.vscode-server/bin/31c37ee8f63491495ac49e43b8544550fbae4533/extensions/git/dist/main.js:2:947930
	at Array.forEach (<anonymous>)
	at p.dispose (/home/bitnami/.vscode-server/bin/31c37ee8f63491495ac49e43b8544550fbae4533/extensions/git/dist/main.js:2:947916)
	at c.<anonymous> (/home/bitnami/.vscode-server/bin/31c37ee8f63491495ac49e43b8544550fbae4533/out/vs/workbench/api/node/extensionHostProcess.js:148:3650)
	at c.dispose (/home/bitnami/.vscode-server/bin/31c37ee8f63491495ac49e43b8544550fbae4533/out/vs/workbench/api/node/extensionHostProcess.js:148:3747)
	at c.<anonymous> (/home/bitnami/.vscode-server/bin/31c37ee8f63491495ac49e43b8544550fbae4533/extensions/git/dist/main.js:2:929310)
	at c.dispose (/home/bitnami/.vscode-server/bin/31c37ee8f63491495ac49e43b8544550fbae4533/out/vs/workbench/api/node/extensionHostProcess.js:148:3747)
	at o (/home/bitnami/.vscode-server/bin/31c37ee8f63491495ac49e43b8544550fbae4533/out/vs/workbench/api/node/extensionHostProcess.js:30:754)
	at g.cb (/home/bitnami/.vscode-server/bin/31c37ee8f63491495ac49e43b8544550fbae4533/out/vs/workbench/api/node/extensionHostProcess.js:156:9874)
	at /home/bitnami/.vscode-server/bin/31c37ee8f63491495ac49e43b8544550fbae4533/out/vs/workbench/api/node/extensionHostProcess.js:156:7808
	at Array.map (<anonymous>)
	at g.Y (/home/bitnami/.vscode-server/bin/31c37ee8f63491495ac49e43b8544550fbae4533/out/vs/workbench/api/node/extensionHostProcess.js:156:7795)
	at g.terminate (/home/bitnami/.vscode-server/bin/31c37ee8f63491495ac49e43b8544550fbae4533/out/vs/workbench/api/node/extensionHostProcess.js:156:8068)
	at o.terminate (/home/bitnami/.vscode-server/bin/31c37ee8f63491495ac49e43b8544550fbae4533/out/vs/workbench/api/node/extensionHostProcess.js:160:1513)
	at t (/home/bitnami/.vscode-server/bin/31c37ee8f63491495ac49e43b8544550fbae4533/out/vs/workbench/api/node/extensionHostProcess.js:173:9950)
	at M.a (/home/bitnami/.vscode-server/bin/31c37ee8f63491495ac49e43b8544550fbae4533/out/vs/workbench/api/node/extensionHostProcess.js:173:6743)
	at M.h (/home/bitnami/.vscode-server/bin/31c37ee8f63491495ac49e43b8544550fbae4533/out/vs/workbench/api/node/extensionHostProcess.js:97:20387)
	at listOnTimeout (node:internal/timers:569:17)
	at process.processTimers (node:internal/timers:512:7) setContext undefined
2024-02-12 00:11:11.759 [error] Canceled: Canceled
	at new f (/home/bitnami/.vscode-server/bin/31c37ee8f63491495ac49e43b8544550fbae4533/out/vs/workbench/api/node/extensionHostProcess.js:140:45069)
	at d.U (/home/bitnami/.vscode-server/bin/31c37ee8f63491495ac49e43b8544550fbae4533/out/vs/workbench/api/node/extensionHostProcess.js:147:5557)
	at T.<computed>.O.charCodeAt.T.<computed> (/home/bitnami/.vscode-server/bin/31c37ee8f63491495ac49e43b8544550fbae4533/out/vs/workbench/api/node/extensionHostProcess.js:147:3008)
	at s.g (/home/bitnami/.vscode-server/bin/31c37ee8f63491495ac49e43b8544550fbae4533/out/vs/workbench/api/node/extensionHostProcess.js:150:174704)
	at s.executeCommand (/home/bitnami/.vscode-server/bin/31c37ee8f63491495ac49e43b8544550fbae4533/out/vs/workbench/api/node/extensionHostProcess.js:150:174142)
	at m.registerCommand.description (/home/bitnami/.vscode-server/bin/31c37ee8f63491495ac49e43b8544550fbae4533/out/vs/workbench/api/node/extensionHostProcess.js:150:173466)
	at s.h (/home/bitnami/.vscode-server/bin/31c37ee8f63491495ac49e43b8544550fbae4533/out/vs/workbench/api/node/extensionHostProcess.js:150:175243)
	at s.g (/home/bitnami/.vscode-server/bin/31c37ee8f63491495ac49e43b8544550fbae4533/out/vs/workbench/api/node/extensionHostProcess.js:150:174235)
	at s.executeCommand (/home/bitnami/.vscode-server/bin/31c37ee8f63491495ac49e43b8544550fbae4533/out/vs/workbench/api/node/extensionHostProcess.js:150:174142)
	at Object.executeCommand (/home/bitnami/.vscode-server/bin/31c37ee8f63491495ac49e43b8544550fbae4533/out/vs/workbench/api/node/extensionHostProcess.js:160:21634)
	at g.I [as value] (/home/bitnami/.vscode-server/bin/31c37ee8f63491495ac49e43b8544550fbae4533/extensions/git/dist/main.js:2:927298)
	at r.y (/home/bitnami/.vscode-server/bin/31c37ee8f63491495ac49e43b8544550fbae4533/out/vs/workbench/api/node/extensionHostProcess.js:80:1902)
	at r.z (/home/bitnami/.vscode-server/bin/31c37ee8f63491495ac49e43b8544550fbae4533/out/vs/workbench/api/node/extensionHostProcess.js:80:1972)
	at r.fire (/home/bitnami/.vscode-server/bin/31c37ee8f63491495ac49e43b8544550fbae4533/out/vs/workbench/api/node/extensionHostProcess.js:80:2188)
	at Object.m [as dispose] (/home/bitnami/.vscode-server/bin/31c37ee8f63491495ac49e43b8544550fbae4533/extensions/git/dist/main.js:2:943089)
	at /home/bitnami/.vscode-server/bin/31c37ee8f63491495ac49e43b8544550fbae4533/extensions/git/dist/main.js:2:947930
	at Array.forEach (<anonymous>)
	at p.dispose (/home/bitnami/.vscode-server/bin/31c37ee8f63491495ac49e43b8544550fbae4533/extensions/git/dist/main.js:2:947916)
	at c.<anonymous> (/home/bitnami/.vscode-server/bin/31c37ee8f63491495ac49e43b8544550fbae4533/out/vs/workbench/api/node/extensionHostProcess.js:148:3650)
	at c.dispose (/home/bitnami/.vscode-server/bin/31c37ee8f63491495ac49e43b8544550fbae4533/out/vs/workbench/api/node/extensionHostProcess.js:148:3747)
	at c.<anonymous> (/home/bitnami/.vscode-server/bin/31c37ee8f63491495ac49e43b8544550fbae4533/extensions/git/dist/main.js:2:929310)
	at c.dispose (/home/bitnami/.vscode-server/bin/31c37ee8f63491495ac49e43b8544550fbae4533/out/vs/workbench/api/node/extensionHostProcess.js:148:3747)
	at o (/home/bitnami/.vscode-server/bin/31c37ee8f63491495ac49e43b8544550fbae4533/out/vs/workbench/api/node/extensionHostProcess.js:30:754)
	at g.cb (/home/bitnami/.vscode-server/bin/31c37ee8f63491495ac49e43b8544550fbae4533/out/vs/workbench/api/node/extensionHostProcess.js:156:9874)
	at /home/bitnami/.vscode-server/bin/31c37ee8f63491495ac49e43b8544550fbae4533/out/vs/workbench/api/node/extensionHostProcess.js:156:7808
	at Array.map (<anonymous>)
	at g.Y (/home/bitnami/.vscode-server/bin/31c37ee8f63491495ac49e43b8544550fbae4533/out/vs/workbench/api/node/extensionHostProcess.js:156:7795)
	at g.terminate (/home/bitnami/.vscode-server/bin/31c37ee8f63491495ac49e43b8544550fbae4533/out/vs/workbench/api/node/extensionHostProcess.js:156:8068)
	at o.terminate (/home/bitnami/.vscode-server/bin/31c37ee8f63491495ac49e43b8544550fbae4533/out/vs/workbench/api/node/extensionHostProcess.js:160:1513)
	at t (/home/bitnami/.vscode-server/bin/31c37ee8f63491495ac49e43b8544550fbae4533/out/vs/workbench/api/node/extensionHostProcess.js:173:9950)
	at M.a (/home/bitnami/.vscode-server/bin/31c37ee8f63491495ac49e43b8544550fbae4533/out/vs/workbench/api/node/extensionHostProcess.js:173:6743)
	at M.h (/home/bitnami/.vscode-server/bin/31c37ee8f63491495ac49e43b8544550fbae4533/out/vs/workbench/api/node/extensionHostProcess.js:97:20387)
	at listOnTimeout (node:internal/timers:569:17)
	at process.processTimers (node:internal/timers:512:7) setContext undefined
2024-02-12 00:11:11.763 [error] Canceled: Canceled
	at new f (/home/bitnami/.vscode-server/bin/31c37ee8f63491495ac49e43b8544550fbae4533/out/vs/workbench/api/node/extensionHostProcess.js:140:45069)
	at d.U (/home/bitnami/.vscode-server/bin/31c37ee8f63491495ac49e43b8544550fbae4533/out/vs/workbench/api/node/extensionHostProcess.js:147:5557)
	at T.<computed>.O.charCodeAt.T.<computed> (/home/bitnami/.vscode-server/bin/31c37ee8f63491495ac49e43b8544550fbae4533/out/vs/workbench/api/node/extensionHostProcess.js:147:3008)
	at s.g (/home/bitnami/.vscode-server/bin/31c37ee8f63491495ac49e43b8544550fbae4533/out/vs/workbench/api/node/extensionHostProcess.js:150:174704)
	at s.executeCommand (/home/bitnami/.vscode-server/bin/31c37ee8f63491495ac49e43b8544550fbae4533/out/vs/workbench/api/node/extensionHostProcess.js:150:174142)
	at m.registerCommand.description (/home/bitnami/.vscode-server/bin/31c37ee8f63491495ac49e43b8544550fbae4533/out/vs/workbench/api/node/extensionHostProcess.js:150:173466)
	at s.h (/home/bitnami/.vscode-server/bin/31c37ee8f63491495ac49e43b8544550fbae4533/out/vs/workbench/api/node/extensionHostProcess.js:150:175243)
	at s.g (/home/bitnami/.vscode-server/bin/31c37ee8f63491495ac49e43b8544550fbae4533/out/vs/workbench/api/node/extensionHostProcess.js:150:174235)
	at s.executeCommand (/home/bitnami/.vscode-server/bin/31c37ee8f63491495ac49e43b8544550fbae4533/out/vs/workbench/api/node/extensionHostProcess.js:150:174142)
	at Object.executeCommand (/home/bitnami/.vscode-server/bin/31c37ee8f63491495ac49e43b8544550fbae4533/out/vs/workbench/api/node/extensionHostProcess.js:160:21634)
	at set b [as b] (/home/bitnami/.vscode-server/bin/31c37ee8f63491495ac49e43b8544550fbae4533/extensions/github/dist/extension.js:2:322364)
	at /home/bitnami/.vscode-server/bin/31c37ee8f63491495ac49e43b8544550fbae4533/extensions/github/dist/extension.js:2:323005
	at g.value (/home/bitnami/.vscode-server/bin/31c37ee8f63491495ac49e43b8544550fbae4533/extensions/git/dist/main.js:2:1018251)
	at r.y (/home/bitnami/.vscode-server/bin/31c37ee8f63491495ac49e43b8544550fbae4533/out/vs/workbench/api/node/extensionHostProcess.js:80:1902)
	at r.z (/home/bitnami/.vscode-server/bin/31c37ee8f63491495ac49e43b8544550fbae4533/out/vs/workbench/api/node/extensionHostProcess.js:80:1972)
	at r.fire (/home/bitnami/.vscode-server/bin/31c37ee8f63491495ac49e43b8544550fbae4533/out/vs/workbench/api/node/extensionHostProcess.js:80:2188)
	at Object.m [as dispose] (/home/bitnami/.vscode-server/bin/31c37ee8f63491495ac49e43b8544550fbae4533/extensions/git/dist/main.js:2:943089)
	at /home/bitnami/.vscode-server/bin/31c37ee8f63491495ac49e43b8544550fbae4533/extensions/git/dist/main.js:2:947930
	at Array.forEach (<anonymous>)
	at p.dispose (/home/bitnami/.vscode-server/bin/31c37ee8f63491495ac49e43b8544550fbae4533/extensions/git/dist/main.js:2:947916)
	at c.<anonymous> (/home/bitnami/.vscode-server/bin/31c37ee8f63491495ac49e43b8544550fbae4533/out/vs/workbench/api/node/extensionHostProcess.js:148:3650)
	at c.dispose (/home/bitnami/.vscode-server/bin/31c37ee8f63491495ac49e43b8544550fbae4533/out/vs/workbench/api/node/extensionHostProcess.js:148:3747)
	at c.<anonymous> (/home/bitnami/.vscode-server/bin/31c37ee8f63491495ac49e43b8544550fbae4533/extensions/git/dist/main.js:2:929310)
	at c.dispose (/home/bitnami/.vscode-server/bin/31c37ee8f63491495ac49e43b8544550fbae4533/out/vs/workbench/api/node/extensionHostProcess.js:148:3747)
	at o (/home/bitnami/.vscode-server/bin/31c37ee8f63491495ac49e43b8544550fbae4533/out/vs/workbench/api/node/extensionHostProcess.js:30:754)
	at g.cb (/home/bitnami/.vscode-server/bin/31c37ee8f63491495ac49e43b8544550fbae4533/out/vs/workbench/api/node/extensionHostProcess.js:156:9874)
	at /home/bitnami/.vscode-server/bin/31c37ee8f63491495ac49e43b8544550fbae4533/out/vs/workbench/api/node/extensionHostProcess.js:156:7808
	at Array.map (<anonymous>)
	at g.Y (/home/bitnami/.vscode-server/bin/31c37ee8f63491495ac49e43b8544550fbae4533/out/vs/workbench/api/node/extensionHostProcess.js:156:7795)
	at g.terminate (/home/bitnami/.vscode-server/bin/31c37ee8f63491495ac49e43b8544550fbae4533/out/vs/workbench/api/node/extensionHostProcess.js:156:8068)
	at o.terminate (/home/bitnami/.vscode-server/bin/31c37ee8f63491495ac49e43b8544550fbae4533/out/vs/workbench/api/node/extensionHostProcess.js:160:1513)
	at t (/home/bitnami/.vscode-server/bin/31c37ee8f63491495ac49e43b8544550fbae4533/out/vs/workbench/api/node/extensionHostProcess.js:173:9950)
	at M.a (/home/bitnami/.vscode-server/bin/31c37ee8f63491495ac49e43b8544550fbae4533/out/vs/workbench/api/node/extensionHostProcess.js:173:6743)
	at M.h (/home/bitnami/.vscode-server/bin/31c37ee8f63491495ac49e43b8544550fbae4533/out/vs/workbench/api/node/extensionHostProcess.js:97:20387)
	at listOnTimeout (node:internal/timers:569:17)
	at process.processTimers (node:internal/timers:512:7) setContext undefined
2024-02-12 00:11:11.768 [info] Extension host with pid 1444 exiting with code 0
