2024-01-25 00:33:52.873 [info] Log level: Info
2024-01-25 00:33:52.873 [info] Validating found git in: "git"
2024-01-25 00:33:52.873 [info] Using git "2.30.2" from "git"
2024-01-25 00:33:52.873 [info] > git rev-parse --show-toplevel [5ms]
2024-01-25 00:33:52.873 [info] fatal: not a git repository (or any of the parent directories): .git
2024-01-25 00:33:52.873 [info] > git rev-parse --show-toplevel [2ms]
2024-01-25 00:33:52.873 [info] fatal: not a git repository (or any of the parent directories): .git
2024-01-25 00:33:52.874 [info] > git rev-parse --show-toplevel [1ms]
2024-01-25 00:33:52.874 [info] fatal: not a git repository (or any of the parent directories): .git
2024-01-25 00:33:52.879 [info] > git rev-parse --show-toplevel [1ms]
2024-01-25 00:33:52.879 [info] fatal: not a git repository (or any of the parent directories): .git
2024-01-25 00:33:52.885 [info] > git rev-parse --show-toplevel [1ms]
2024-01-25 00:33:52.885 [info] fatal: not a git repository (or any of the parent directories): .git
2024-01-25 00:33:52.892 [info] > git rev-parse --show-toplevel [2ms]
2024-01-25 00:33:52.899 [info] > git rev-parse --git-dir --git-common-dir [1ms]
2024-01-25 00:33:52.913 [info] Open repository: /home/bitnami/todo
2024-01-25 00:33:52.935 [info] > git config --get commit.template [12ms]
2024-01-25 00:33:52.945 [info] > git for-each-ref --format=%(refname)%00%(upstream:short)%00%(objectname)%00%(upstream:track)%00%(upstream:remotename)%00%(upstream:remoteref) refs/heads/master refs/remotes/master [12ms]
2024-01-25 00:33:52.952 [warning] ENOENT: no such file or directory, open '/home/bitnami/todo/.git/refs/remotes/origin/master'
2024-01-25 00:33:52.953 [info] > git rev-parse refs/remotes/origin/master [2ms]
2024-01-25 00:33:53.007 [info] > git status -z -uall [49ms]
2024-01-25 00:33:53.041 [info] > git config --get commit.template [16ms]
2024-01-25 00:33:53.080 [info] > git for-each-ref --format=%(refname)%00%(upstream:short)%00%(objectname)%00%(upstream:track)%00%(upstream:remotename)%00%(upstream:remoteref) refs/heads/master refs/remotes/master [12ms]
2024-01-25 00:33:53.100 [warning] ENOENT: no such file or directory, open '/home/bitnami/todo/.git/refs/remotes/origin/master'
2024-01-25 00:33:53.106 [info] > git rev-parse refs/remotes/origin/master [5ms]
2024-01-25 00:33:53.141 [info] > git status -z -uall [26ms]
2024-01-25 00:33:53.482 [info] > git check-ignore -v -z --stdin [25ms]
