2024-02-11 22:23:45.680 [info] Log level: Info
2024-02-11 22:23:45.680 [info] Validating found git in: "git"
2024-02-11 22:23:45.681 [info] Using git "2.30.2" from "git"
2024-02-11 22:23:45.681 [info] > git rev-parse --show-toplevel [33ms]
2024-02-11 22:23:45.681 [info] > git rev-parse --git-dir --git-common-dir [398ms]
2024-02-11 22:23:45.681 [info] Open repository: /home/bitnami
2024-02-11 22:23:45.681 [info] > git config --get commit.template [34ms]
2024-02-11 22:23:45.718 [info] > git rev-parse --show-toplevel [47ms]
2024-02-11 22:23:45.750 [info] > git for-each-ref --format=%(refname)%00%(upstream:short)%00%(objectname)%00%(upstream:track)%00%(upstream:remotename)%00%(upstream:remoteref) refs/heads/main refs/remotes/main [40ms]
2024-02-11 22:23:45.769 [info] > git rev-parse --show-toplevel [23ms]
2024-02-11 22:23:45.843 [info] > git rev-parse --show-toplevel [41ms]
2024-02-11 22:23:46.170 [info] > git rev-parse --show-toplevel [284ms]
2024-02-11 22:23:46.248 [info] > git rev-parse --show-toplevel [18ms]
2024-02-11 22:23:46.286 [info] > git rev-parse --show-toplevel [2ms]
2024-02-11 22:23:46.359 [info] > git rev-parse --show-toplevel [17ms]
2024-02-11 22:23:46.400 [info] > git rev-parse --show-toplevel [17ms]
2024-02-11 22:23:46.476 [info] > git rev-parse --show-toplevel [19ms]
2024-02-11 22:23:46.522 [info] > git rev-parse --show-toplevel [17ms]
2024-02-11 22:23:46.549 [info] > git rev-parse --show-toplevel [8ms]
2024-02-11 22:23:46.573 [info] > git rev-parse --show-toplevel [10ms]
2024-02-11 22:23:46.600 [info] > git rev-parse --show-toplevel [5ms]
2024-02-11 22:23:46.636 [info] > git rev-parse --show-toplevel [16ms]
2024-02-11 22:23:46.679 [info] > git rev-parse --git-dir --git-common-dir [23ms]
2024-02-11 22:23:46.685 [info] Open repository: /home/bitnami/todo
2024-02-11 22:23:46.800 [info] > git rev-parse --show-toplevel [65ms]
2024-02-11 22:23:46.888 [info] > git config --get commit.template [164ms]
2024-02-11 22:23:46.923 [info] > git show --textconv :blogger/controllers/header.js [66ms]
2024-02-11 22:23:46.953 [info] > git check-ignore -v -z --stdin [156ms]
2024-02-11 22:23:46.985 [info] > git for-each-ref --format=%(refname)%00%(upstream:short)%00%(objectname)%00%(upstream:track)%00%(upstream:remotename)%00%(upstream:remoteref) refs/heads/master refs/remotes/master [53ms]
2024-02-11 22:23:46.986 [info] > git ls-files --stage -- /home/bitnami/blogger/controllers/header.js [99ms]
2024-02-11 22:23:47.017 [warning] ENOENT: no such file or directory, open '/home/bitnami/todo/.git/refs/remotes/origin/master'
2024-02-11 22:23:47.029 [info] > git status -z -uall [1198ms]
2024-02-11 22:23:48.252 [info] > git rev-parse refs/remotes/origin/master [1234ms]
2024-02-11 22:23:48.310 [info] > git status -z -uall [19ms]
2024-02-11 22:23:48.325 [info] > git config --get commit.template [78ms]
2024-02-11 22:23:48.374 [info] > git check-ignore -v -z --stdin [67ms]
2024-02-11 22:23:48.378 [info] > git config --get commit.template [37ms]
2024-02-11 22:23:48.401 [info] > git for-each-ref --format=%(refname)%00%(upstream:short)%00%(objectname)%00%(upstream:track)%00%(upstream:remotename)%00%(upstream:remoteref) refs/heads/main refs/remotes/main [31ms]
2024-02-11 22:23:48.423 [info] > git for-each-ref --format=%(refname)%00%(upstream:short)%00%(objectname)%00%(upstream:track)%00%(upstream:remotename)%00%(upstream:remoteref) refs/heads/master refs/remotes/master [32ms]
2024-02-11 22:23:48.445 [warning] ENOENT: no such file or directory, open '/home/bitnami/todo/.git/refs/remotes/origin/master'
2024-02-11 22:23:48.464 [info] > git rev-parse refs/remotes/origin/master [19ms]
2024-02-11 22:23:48.537 [info] > git status -z -uall [39ms]
2024-02-11 22:23:48.879 [info] > git status -z -uall [458ms]
2024-02-11 22:23:56.698 [info] > git config --get commit.template [9ms]
2024-02-11 22:23:56.700 [info] > git for-each-ref --format=%(refname)%00%(upstream:short)%00%(objectname)%00%(upstream:track)%00%(upstream:remotename)%00%(upstream:remoteref) refs/heads/main refs/remotes/main [2ms]
2024-02-11 22:23:56.983 [info] > git status -z -uall [275ms]
2024-02-11 22:24:02.038 [info] > git config --get commit.template [9ms]
2024-02-11 22:24:02.038 [info] > git for-each-ref --format=%(refname)%00%(upstream:short)%00%(objectname)%00%(upstream:track)%00%(upstream:remotename)%00%(upstream:remoteref) refs/heads/main refs/remotes/main [2ms]
2024-02-11 22:24:02.242 [info] > git status -z -uall [195ms]
2024-02-11 22:25:10.699 [info] > git config --get commit.template [9ms]
2024-02-11 22:25:10.699 [info] > git for-each-ref --format=%(refname)%00%(upstream:short)%00%(objectname)%00%(upstream:track)%00%(upstream:remotename)%00%(upstream:remoteref) refs/heads/main refs/remotes/main [4ms]
2024-02-11 22:25:10.810 [info] > git status -z -uall [104ms]
2024-02-11 22:25:16.781 [info] > git config --get commit.template [9ms]
2024-02-11 22:25:16.781 [info] > git for-each-ref --format=%(refname)%00%(upstream:short)%00%(objectname)%00%(upstream:track)%00%(upstream:remotename)%00%(upstream:remoteref) refs/heads/main refs/remotes/main [4ms]
2024-02-11 22:25:16.896 [info] > git status -z -uall [107ms]
2024-02-11 22:25:21.963 [info] > git config --get commit.template [8ms]
2024-02-11 22:25:21.964 [info] > git for-each-ref --format=%(refname)%00%(upstream:short)%00%(objectname)%00%(upstream:track)%00%(upstream:remotename)%00%(upstream:remoteref) refs/heads/main refs/remotes/main [3ms]
2024-02-11 22:25:22.084 [info] > git status -z -uall [114ms]
2024-02-11 22:25:27.123 [info] > git config --get commit.template [1ms]
2024-02-11 22:25:27.130 [info] > git for-each-ref --format=%(refname)%00%(upstream:short)%00%(objectname)%00%(upstream:track)%00%(upstream:remotename)%00%(upstream:remoteref) refs/heads/main refs/remotes/main [2ms]
2024-02-11 22:25:27.261 [info] > git status -z -uall [125ms]
2024-02-11 22:25:33.864 [info] > git config --get commit.template [5ms]
2024-02-11 22:25:33.877 [info] > git for-each-ref --format=%(refname)%00%(upstream:short)%00%(objectname)%00%(upstream:track)%00%(upstream:remotename)%00%(upstream:remoteref) refs/heads/main refs/remotes/main [1ms]
2024-02-11 22:25:33.992 [info] > git status -z -uall [108ms]
2024-02-11 22:25:39.050 [info] > git config --get commit.template [7ms]
2024-02-11 22:25:39.050 [info] > git for-each-ref --format=%(refname)%00%(upstream:short)%00%(objectname)%00%(upstream:track)%00%(upstream:remotename)%00%(upstream:remoteref) refs/heads/main refs/remotes/main [2ms]
2024-02-11 22:25:39.182 [info] > git status -z -uall [124ms]
2024-02-11 22:25:44.224 [info] > git config --get commit.template [2ms]
2024-02-11 22:25:44.231 [info] > git for-each-ref --format=%(refname)%00%(upstream:short)%00%(objectname)%00%(upstream:track)%00%(upstream:remotename)%00%(upstream:remoteref) refs/heads/main refs/remotes/main [1ms]
2024-02-11 22:25:44.404 [info] > git status -z -uall [167ms]
2024-02-11 22:25:49.458 [info] > git config --get commit.template [8ms]
2024-02-11 22:25:49.459 [info] > git for-each-ref --format=%(refname)%00%(upstream:short)%00%(objectname)%00%(upstream:track)%00%(upstream:remotename)%00%(upstream:remoteref) refs/heads/main refs/remotes/main [2ms]
2024-02-11 22:25:49.572 [info] > git status -z -uall [107ms]
2024-02-11 22:26:00.100 [info] > git config --get commit.template [11ms]
2024-02-11 22:26:00.100 [info] > git for-each-ref --format=%(refname)%00%(upstream:short)%00%(objectname)%00%(upstream:track)%00%(upstream:remotename)%00%(upstream:remoteref) refs/heads/main refs/remotes/main [3ms]
2024-02-11 22:26:00.238 [info] > git status -z -uall [128ms]
2024-02-11 22:26:02.934 [info] > git check-ignore -v -z --stdin [15ms]
2024-02-11 22:26:05.319 [info] > git config --get commit.template [8ms]
2024-02-11 22:26:05.320 [info] > git for-each-ref --format=%(refname)%00%(upstream:short)%00%(objectname)%00%(upstream:track)%00%(upstream:remotename)%00%(upstream:remoteref) refs/heads/main refs/remotes/main [2ms]
2024-02-11 22:26:05.431 [info] > git status -z -uall [106ms]
2024-02-11 22:26:06.357 [info] > git check-ignore -v -z --stdin [7ms]
2024-02-11 22:26:10.481 [info] > git config --get commit.template [8ms]
2024-02-11 22:26:10.482 [info] > git for-each-ref --format=%(refname)%00%(upstream:short)%00%(objectname)%00%(upstream:track)%00%(upstream:remotename)%00%(upstream:remoteref) refs/heads/main refs/remotes/main [2ms]
2024-02-11 22:26:10.596 [info] > git status -z -uall [108ms]
2024-02-11 22:26:15.650 [info] > git config --get commit.template [6ms]
2024-02-11 22:26:15.650 [info] > git for-each-ref --format=%(refname)%00%(upstream:short)%00%(objectname)%00%(upstream:track)%00%(upstream:remotename)%00%(upstream:remoteref) refs/heads/main refs/remotes/main [1ms]
2024-02-11 22:26:15.752 [info] > git status -z -uall [96ms]
2024-02-11 22:26:35.684 [info] > git config --get commit.template [7ms]
2024-02-11 22:26:35.685 [info] > git for-each-ref --format=%(refname)%00%(upstream:short)%00%(objectname)%00%(upstream:track)%00%(upstream:remotename)%00%(upstream:remoteref) refs/heads/main refs/remotes/main [2ms]
2024-02-11 22:26:35.797 [info] > git status -z -uall [107ms]
2024-02-11 22:26:45.631 [info] > git config --get commit.template [9ms]
2024-02-11 22:26:45.631 [info] > git for-each-ref --format=%(refname)%00%(upstream:short)%00%(objectname)%00%(upstream:track)%00%(upstream:remotename)%00%(upstream:remoteref) refs/heads/main refs/remotes/main [1ms]
2024-02-11 22:26:45.754 [info] > git status -z -uall [116ms]
2024-02-11 22:26:50.805 [info] > git config --get commit.template [7ms]
2024-02-11 22:26:50.805 [info] > git for-each-ref --format=%(refname)%00%(upstream:short)%00%(objectname)%00%(upstream:track)%00%(upstream:remotename)%00%(upstream:remoteref) refs/heads/main refs/remotes/main [1ms]
2024-02-11 22:26:50.935 [info] > git status -z -uall [125ms]
2024-02-11 22:26:55.981 [info] > git config --get commit.template [9ms]
2024-02-11 22:26:55.981 [info] > git for-each-ref --format=%(refname)%00%(upstream:short)%00%(objectname)%00%(upstream:track)%00%(upstream:remotename)%00%(upstream:remoteref) refs/heads/main refs/remotes/main [1ms]
2024-02-11 22:26:56.111 [info] > git status -z -uall [124ms]
2024-02-11 22:27:01.180 [info] > git config --get commit.template [7ms]
2024-02-11 22:27:01.194 [info] > git for-each-ref --format=%(refname)%00%(upstream:short)%00%(objectname)%00%(upstream:track)%00%(upstream:remotename)%00%(upstream:remoteref) refs/heads/main refs/remotes/main [5ms]
2024-02-11 22:27:01.326 [info] > git status -z -uall [115ms]
2024-02-11 22:27:06.380 [info] > git config --get commit.template [17ms]
2024-02-11 22:27:06.382 [info] > git for-each-ref --format=%(refname)%00%(upstream:short)%00%(objectname)%00%(upstream:track)%00%(upstream:remotename)%00%(upstream:remoteref) refs/heads/main refs/remotes/main [10ms]
2024-02-11 22:27:06.510 [info] > git status -z -uall [110ms]
2024-02-11 22:27:11.557 [info] > git config --get commit.template [8ms]
2024-02-11 22:27:11.558 [info] > git for-each-ref --format=%(refname)%00%(upstream:short)%00%(objectname)%00%(upstream:track)%00%(upstream:remotename)%00%(upstream:remoteref) refs/heads/main refs/remotes/main [2ms]
2024-02-11 22:27:11.663 [info] > git status -z -uall [99ms]
2024-02-11 22:27:18.990 [info] > git config --get commit.template [11ms]
2024-02-11 22:27:18.990 [info] > git for-each-ref --format=%(refname)%00%(upstream:short)%00%(objectname)%00%(upstream:track)%00%(upstream:remotename)%00%(upstream:remoteref) refs/heads/main refs/remotes/main [1ms]
2024-02-11 22:27:19.104 [info] > git status -z -uall [106ms]
2024-02-11 22:27:24.156 [info] > git config --get commit.template [7ms]
2024-02-11 22:27:24.157 [info] > git for-each-ref --format=%(refname)%00%(upstream:short)%00%(objectname)%00%(upstream:track)%00%(upstream:remotename)%00%(upstream:remoteref) refs/heads/main refs/remotes/main [2ms]
2024-02-11 22:27:24.273 [info] > git status -z -uall [110ms]
2024-02-11 22:27:29.323 [info] > git config --get commit.template [9ms]
2024-02-11 22:27:29.326 [info] > git for-each-ref --format=%(refname)%00%(upstream:short)%00%(objectname)%00%(upstream:track)%00%(upstream:remotename)%00%(upstream:remoteref) refs/heads/main refs/remotes/main [4ms]
2024-02-11 22:27:29.435 [info] > git status -z -uall [100ms]
2024-02-11 22:27:35.209 [info] > git config --get commit.template [7ms]
2024-02-11 22:27:35.210 [info] > git for-each-ref --format=%(refname)%00%(upstream:short)%00%(objectname)%00%(upstream:track)%00%(upstream:remotename)%00%(upstream:remoteref) refs/heads/main refs/remotes/main [2ms]
2024-02-11 22:27:35.343 [info] > git status -z -uall [126ms]
2024-02-11 22:27:40.385 [info] > git config --get commit.template [1ms]
2024-02-11 22:27:40.394 [info] > git for-each-ref --format=%(refname)%00%(upstream:short)%00%(objectname)%00%(upstream:track)%00%(upstream:remotename)%00%(upstream:remoteref) refs/heads/main refs/remotes/main [1ms]
2024-02-11 22:27:40.503 [info] > git status -z -uall [101ms]
2024-02-11 22:27:47.497 [info] > git config --get commit.template [7ms]
2024-02-11 22:27:47.497 [info] > git for-each-ref --format=%(refname)%00%(upstream:short)%00%(objectname)%00%(upstream:track)%00%(upstream:remotename)%00%(upstream:remoteref) refs/heads/main refs/remotes/main [2ms]
2024-02-11 22:27:47.621 [info] > git status -z -uall [118ms]
2024-02-11 22:28:09.358 [info] > git config --get commit.template [2ms]
2024-02-11 22:28:09.365 [info] > git for-each-ref --format=%(refname)%00%(upstream:short)%00%(objectname)%00%(upstream:track)%00%(upstream:remotename)%00%(upstream:remoteref) refs/heads/main refs/remotes/main [1ms]
2024-02-11 22:28:09.472 [info] > git status -z -uall [102ms]
2024-02-11 22:28:36.441 [info] > git config --get commit.template [1ms]
2024-02-11 22:28:36.447 [info] > git for-each-ref --format=%(refname)%00%(upstream:short)%00%(objectname)%00%(upstream:track)%00%(upstream:remotename)%00%(upstream:remoteref) refs/heads/main refs/remotes/main [1ms]
2024-02-11 22:28:36.557 [info] > git status -z -uall [104ms]
2024-02-11 22:28:47.142 [info] > git config --get commit.template [7ms]
2024-02-11 22:28:47.142 [info] > git for-each-ref --format=%(refname)%00%(upstream:short)%00%(objectname)%00%(upstream:track)%00%(upstream:remotename)%00%(upstream:remoteref) refs/heads/main refs/remotes/main [1ms]
2024-02-11 22:28:47.256 [info] > git status -z -uall [106ms]
2024-02-11 22:28:52.319 [info] > git config --get commit.template [7ms]
2024-02-11 22:28:52.319 [info] > git for-each-ref --format=%(refname)%00%(upstream:short)%00%(objectname)%00%(upstream:track)%00%(upstream:remotename)%00%(upstream:remoteref) refs/heads/main refs/remotes/main [2ms]
2024-02-11 22:28:52.424 [info] > git status -z -uall [99ms]
2024-02-11 22:28:57.471 [info] > git config --get commit.template [2ms]
2024-02-11 22:28:57.479 [info] > git for-each-ref --format=%(refname)%00%(upstream:short)%00%(objectname)%00%(upstream:track)%00%(upstream:remotename)%00%(upstream:remoteref) refs/heads/main refs/remotes/main [2ms]
2024-02-11 22:28:57.602 [info] > git status -z -uall [115ms]
2024-02-11 22:29:43.550 [info] > git config --get commit.template [7ms]
2024-02-11 22:29:43.550 [info] > git for-each-ref --format=%(refname)%00%(upstream:short)%00%(objectname)%00%(upstream:track)%00%(upstream:remotename)%00%(upstream:remoteref) refs/heads/main refs/remotes/main [1ms]
2024-02-11 22:29:43.664 [info] > git status -z -uall [108ms]
2024-02-11 22:29:48.722 [info] > git config --get commit.template [7ms]
2024-02-11 22:29:48.722 [info] > git for-each-ref --format=%(refname)%00%(upstream:short)%00%(objectname)%00%(upstream:track)%00%(upstream:remotename)%00%(upstream:remoteref) refs/heads/main refs/remotes/main [2ms]
2024-02-11 22:29:48.821 [info] > git status -z -uall [93ms]
2024-02-11 22:29:53.866 [info] > git config --get commit.template [7ms]
2024-02-11 22:29:53.866 [info] > git for-each-ref --format=%(refname)%00%(upstream:short)%00%(objectname)%00%(upstream:track)%00%(upstream:remotename)%00%(upstream:remoteref) refs/heads/main refs/remotes/main [2ms]
2024-02-11 22:29:53.986 [info] > git status -z -uall [110ms]
