2024-02-27 04:20:51.897 [info] Extension host with pid 1565 started
2024-02-27 04:20:51.897 [error] Error: EEXIST: file already exists, open '/home/bitnami/.vscode-server/data/User/workspaceStorage/d866cbe83da49e127745e557969ca682/vscode.lock'
2024-02-27 04:20:51.915 [info] Lock '/home/bitnami/.vscode-server/data/User/workspaceStorage/d866cbe83da49e127745e557969ca682/vscode.lock': Could not acquire lock, checking if the file is stale.
2024-02-27 04:20:51.961 [info] Lock '/home/bitnami/.vscode-server/data/User/workspaceStorage/d866cbe83da49e127745e557969ca682/vscode.lock': The lock does not look stale, elapsed: 797 ms, giving up.
2024-02-27 04:20:51.962 [error] Error: EEXIST: file already exists, open '/home/bitnami/.vscode-server/data/User/workspaceStorage/d866cbe83da49e127745e557969ca682-1/vscode.lock'
2024-02-27 04:20:51.963 [info] Lock '/home/bitnami/.vscode-server/data/User/workspaceStorage/d866cbe83da49e127745e557969ca682-1/vscode.lock': Could not acquire lock, checking if the file is stale.
2024-02-27 04:20:51.964 [info] Lock '/home/bitnami/.vscode-server/data/User/workspaceStorage/d866cbe83da49e127745e557969ca682-1/vscode.lock': The pid 7844 appears to be gone.
2024-02-27 04:20:51.968 [info] Lock '/home/bitnami/.vscode-server/data/User/workspaceStorage/d866cbe83da49e127745e557969ca682-1/vscode.lock': Deleting a stale lock.
2024-02-27 04:20:51.980 [info] Lock '/home/bitnami/.vscode-server/data/User/workspaceStorage/d866cbe83da49e127745e557969ca682-1/vscode.lock': Lock acquired.
2024-02-27 04:20:52.560 [info] ExtensionService#_doActivateExtension vscode.emmet, startup: false, activationEvent: 'onLanguage'
2024-02-27 04:20:52.561 [info] ExtensionService#_doActivateExtension vscode.typescript-language-features, startup: false, activationEvent: 'onLanguage:javascript'
2024-02-27 04:20:53.323 [info] ExtensionService#_doActivateExtension vscode.git-base, startup: true, activationEvent: '*', root cause: vscode.git
2024-02-27 04:20:53.360 [info] ExtensionService#_doActivateExtension vscode.tunnel-forwarding, startup: false, activationEvent: 'onTunnel'
2024-02-27 04:20:53.376 [info] ExtensionService#_doActivateExtension vscode.npm, startup: true, activationEvent: 'workspaceContains:package.json'
2024-02-27 04:20:54.129 [info] ExtensionService#_doActivateExtension vscode.git, startup: true, activationEvent: '*'
2024-02-27 04:20:54.135 [info] ExtensionService#_doActivateExtension vscode.github, startup: true, activationEvent: '*'
2024-02-27 04:20:55.568 [info] Eager extensions activated
2024-02-27 04:20:55.569 [info] ExtensionService#_doActivateExtension vscode.debug-auto-launch, startup: false, activationEvent: 'onStartupFinished'
2024-02-27 04:20:55.588 [info] ExtensionService#_doActivateExtension vscode.merge-conflict, startup: false, activationEvent: 'onStartupFinished'
2024-02-27 04:21:14.443 [warning] [Decorations] CAPPING events from decorations provider vscode.git 2182
2024-02-27 04:21:16.712 [warning] [Decorations] CAPPING events from decorations provider vscode.git 2181
2024-02-27 04:21:17.181 [info] Lock '/home/bitnami/.vscode-server/data/User/workspaceStorage/d866cbe83da49e127745e557969ca682-1/vscode.lock': The lock was lost unexpectedly.
2024-02-27 04:21:19.763 [warning] [Decorations] CAPPING events from decorations provider vscode.git 2102
2024-02-27 04:21:25.002 [warning] [Decorations] CAPPING events from decorations provider vscode.git 2102
2024-02-27 04:21:30.248 [warning] [Decorations] CAPPING events from decorations provider vscode.git 2102
2024-02-27 04:21:35.605 [warning] [Decorations] CAPPING events from decorations provider vscode.git 2107
2024-02-27 04:21:41.783 [warning] [Decorations] CAPPING events from decorations provider vscode.git 2106
