2024-02-11 21:07:02.153 [info] Log level: Info
2024-02-11 21:07:02.153 [info] Validating found git in: "git"
2024-02-11 21:07:02.153 [info] Using git "2.30.2" from "git"
2024-02-11 21:07:02.153 [info] > git rev-parse --show-toplevel [4ms]
2024-02-11 21:07:02.153 [info] > git rev-parse --git-dir --git-common-dir [4ms]
2024-02-11 21:07:02.153 [info] Open repository: /home/bitnami
2024-02-11 21:07:02.153 [info] > git config --get commit.template [17ms]
2024-02-11 21:07:02.162 [info] > git rev-parse --show-toplevel [43ms]
2024-02-11 21:07:02.194 [info] > git rev-parse --show-toplevel [23ms]
2024-02-11 21:07:02.195 [info] > git for-each-ref --format=%(refname)%00%(upstream:short)%00%(objectname)%00%(upstream:track)%00%(upstream:remotename)%00%(upstream:remoteref) refs/heads/main refs/remotes/main [44ms]
2024-02-11 21:07:02.248 [info] > git rev-parse --show-toplevel [13ms]
2024-02-11 21:07:02.264 [info] > git rev-parse --show-toplevel [9ms]
2024-02-11 21:07:02.445 [info] > git rev-parse --show-toplevel [139ms]
2024-02-11 21:07:02.465 [info] > git rev-parse --show-toplevel [7ms]
2024-02-11 21:07:02.496 [info] > git rev-parse --show-toplevel [10ms]
2024-02-11 21:07:02.531 [info] > git rev-parse --show-toplevel [8ms]
2024-02-11 21:07:02.572 [info] > git rev-parse --show-toplevel [6ms]
2024-02-11 21:07:02.609 [info] > git rev-parse --show-toplevel [4ms]
2024-02-11 21:07:02.637 [info] > git rev-parse --show-toplevel [12ms]
2024-02-11 21:07:02.657 [info] > git rev-parse --show-toplevel [5ms]
2024-02-11 21:07:02.688 [info] > git rev-parse --show-toplevel [17ms]
2024-02-11 21:07:02.715 [info] > git rev-parse --show-toplevel [8ms]
2024-02-11 21:07:02.737 [info] > git rev-parse --git-dir --git-common-dir [5ms]
2024-02-11 21:07:02.749 [info] Open repository: /home/bitnami/todo
2024-02-11 21:07:02.809 [info] > git config --get commit.template [34ms]
2024-02-11 21:07:02.825 [info] > git rev-parse --show-toplevel [18ms]
2024-02-11 21:07:02.890 [info] > git show --textconv :blogger/views/blogList.pug [39ms]
2024-02-11 21:07:02.892 [info] > git for-each-ref --format=%(refname)%00%(upstream:short)%00%(objectname)%00%(upstream:track)%00%(upstream:remotename)%00%(upstream:remoteref) refs/heads/master refs/remotes/master [68ms]
2024-02-11 21:07:02.909 [warning] ENOENT: no such file or directory, open '/home/bitnami/todo/.git/refs/remotes/origin/master'
2024-02-11 21:07:02.910 [info] > git ls-files --stage -- /home/bitnami/blogger/views/blogList.pug [22ms]
2024-02-11 21:07:02.944 [info] > git rev-parse refs/remotes/origin/master [35ms]
2024-02-11 21:07:02.982 [info] > git status -z -uall [19ms]
2024-02-11 21:07:02.982 [info] > git cat-file -s 1cac489f482f0bbec49f0e85e70bdce916037c12 [40ms]
2024-02-11 21:07:03.011 [info] > git check-ignore -v -z --stdin [37ms]
2024-02-11 21:07:03.023 [info] > git config --get commit.template [13ms]
2024-02-11 21:07:03.027 [info] > git for-each-ref --format=%(refname)%00%(upstream:short)%00%(objectname)%00%(upstream:track)%00%(upstream:remotename)%00%(upstream:remoteref) refs/heads/master refs/remotes/master [6ms]
2024-02-11 21:07:03.033 [warning] ENOENT: no such file or directory, open '/home/bitnami/todo/.git/refs/remotes/origin/master'
2024-02-11 21:07:03.035 [info] > git rev-parse refs/remotes/origin/master [2ms]
2024-02-11 21:07:03.047 [info] > git status -z -uall [5ms]
2024-02-11 21:07:03.354 [info] > git status -z -uall [1108ms]
2024-02-11 21:07:03.940 [info] > git config --get commit.template [503ms]
2024-02-11 21:07:03.976 [info] > git for-each-ref --format=%(refname)%00%(upstream:short)%00%(objectname)%00%(upstream:track)%00%(upstream:remotename)%00%(upstream:remoteref) refs/heads/main refs/remotes/main [63ms]
2024-02-11 21:07:04.002 [info] > git check-ignore -v -z --stdin [42ms]
2024-02-11 21:07:04.195 [info] > git status -z -uall [195ms]
2024-02-11 21:13:01.127 [info] > git config --get commit.template [2ms]
2024-02-11 21:13:01.135 [info] > git for-each-ref --format=%(refname)%00%(upstream:short)%00%(objectname)%00%(upstream:track)%00%(upstream:remotename)%00%(upstream:remoteref) refs/heads/main refs/remotes/main [2ms]
2024-02-11 21:13:01.254 [info] > git status -z -uall [109ms]
2024-02-11 21:13:06.196 [info] > git check-ignore -v -z --stdin [1ms]
2024-02-11 21:13:06.197 [info] > git check-ignore -v -z --stdin [8ms]
2024-02-11 21:13:06.339 [info] > git config --get commit.template [8ms]
2024-02-11 21:13:06.339 [info] > git for-each-ref --format=%(refname)%00%(upstream:short)%00%(objectname)%00%(upstream:track)%00%(upstream:remotename)%00%(upstream:remoteref) refs/heads/main refs/remotes/main [2ms]
2024-02-11 21:13:06.450 [info] > git status -z -uall [105ms]
2024-02-11 21:13:07.344 [info] > git check-ignore -v -z --stdin [5ms]
2024-02-11 21:13:10.806 [info] > git check-ignore -v -z --stdin [9ms]
2024-02-11 21:13:11.506 [info] > git config --get commit.template [10ms]
2024-02-11 21:13:11.507 [info] > git for-each-ref --format=%(refname)%00%(upstream:short)%00%(objectname)%00%(upstream:track)%00%(upstream:remotename)%00%(upstream:remoteref) refs/heads/main refs/remotes/main [3ms]
2024-02-11 21:13:11.630 [info] > git status -z -uall [115ms]
2024-02-11 21:13:12.206 [info] > git check-ignore -v -z --stdin [7ms]
2024-02-11 21:13:16.686 [info] > git config --get commit.template [8ms]
2024-02-11 21:13:16.687 [info] > git for-each-ref --format=%(refname)%00%(upstream:short)%00%(objectname)%00%(upstream:track)%00%(upstream:remotename)%00%(upstream:remoteref) refs/heads/main refs/remotes/main [2ms]
2024-02-11 21:13:16.799 [info] > git status -z -uall [106ms]
2024-02-11 21:56:21.169 [info] > git config --get commit.template [7ms]
2024-02-11 21:56:21.170 [info] > git for-each-ref --format=%(refname)%00%(upstream:short)%00%(objectname)%00%(upstream:track)%00%(upstream:remotename)%00%(upstream:remoteref) refs/heads/main refs/remotes/main [2ms]
2024-02-11 21:56:21.278 [info] > git status -z -uall [100ms]
2024-02-11 21:56:26.327 [info] > git config --get commit.template [8ms]
2024-02-11 21:56:26.328 [info] > git for-each-ref --format=%(refname)%00%(upstream:short)%00%(objectname)%00%(upstream:track)%00%(upstream:remotename)%00%(upstream:remoteref) refs/heads/main refs/remotes/main [2ms]
2024-02-11 21:56:26.434 [info] > git status -z -uall [100ms]
2024-02-11 21:56:31.478 [info] > git config --get commit.template [8ms]
2024-02-11 21:56:31.478 [info] > git for-each-ref --format=%(refname)%00%(upstream:short)%00%(objectname)%00%(upstream:track)%00%(upstream:remotename)%00%(upstream:remoteref) refs/heads/main refs/remotes/main [2ms]
2024-02-11 21:56:31.589 [info] > git status -z -uall [101ms]
2024-02-11 21:56:35.052 [info] > git for-each-ref --sort -committerdate --format %(refname) %(objectname) %(*objectname) [1ms]
2024-02-11 21:56:36.632 [info] > git config --get commit.template [7ms]
2024-02-11 21:56:36.633 [info] > git for-each-ref --format=%(refname)%00%(upstream:short)%00%(objectname)%00%(upstream:track)%00%(upstream:remotename)%00%(upstream:remoteref) refs/heads/main refs/remotes/main [2ms]
2024-02-11 21:56:36.737 [info] > git status -z -uall [97ms]
2024-02-11 21:56:41.776 [info] > git config --get commit.template [11ms]
2024-02-11 21:56:41.778 [info] > git for-each-ref --format=%(refname)%00%(upstream:short)%00%(objectname)%00%(upstream:track)%00%(upstream:remotename)%00%(upstream:remoteref) refs/heads/main refs/remotes/main [3ms]
2024-02-11 21:56:41.890 [info] > git status -z -uall [101ms]
2024-02-11 21:56:46.930 [info] > git config --get commit.template [8ms]
2024-02-11 21:56:46.931 [info] > git for-each-ref --format=%(refname)%00%(upstream:short)%00%(objectname)%00%(upstream:track)%00%(upstream:remotename)%00%(upstream:remoteref) refs/heads/main refs/remotes/main [1ms]
2024-02-11 21:56:47.048 [info] > git status -z -uall [111ms]
2024-02-11 21:56:52.086 [info] > git config --get commit.template [7ms]
2024-02-11 21:56:52.087 [info] > git for-each-ref --format=%(refname)%00%(upstream:short)%00%(objectname)%00%(upstream:track)%00%(upstream:remotename)%00%(upstream:remoteref) refs/heads/main refs/remotes/main [2ms]
2024-02-11 21:56:52.201 [info] > git status -z -uall [108ms]
2024-02-11 21:56:57.244 [info] > git config --get commit.template [9ms]
2024-02-11 21:56:57.244 [info] > git for-each-ref --format=%(refname)%00%(upstream:short)%00%(objectname)%00%(upstream:track)%00%(upstream:remotename)%00%(upstream:remoteref) refs/heads/main refs/remotes/main [1ms]
2024-02-11 21:56:57.356 [info] > git status -z -uall [106ms]
2024-02-11 21:57:01.463 [info] > git check-ignore -v -z --stdin [9ms]
2024-02-11 21:57:02.402 [info] > git config --get commit.template [8ms]
2024-02-11 21:57:02.402 [info] > git for-each-ref --format=%(refname)%00%(upstream:short)%00%(objectname)%00%(upstream:track)%00%(upstream:remotename)%00%(upstream:remoteref) refs/heads/main refs/remotes/main [1ms]
2024-02-11 21:57:02.506 [info] > git status -z -uall [96ms]
2024-02-11 21:57:02.574 [info] > git check-ignore -v -z --stdin [21ms]
2024-02-11 21:57:04.922 [info] > git check-ignore -v -z --stdin [5ms]
2024-02-11 21:57:06.974 [info] > git show --textconv :blogger/controllers/blog.js [77ms]
2024-02-11 21:57:07.003 [info] > git ls-files --stage -- /home/bitnami/blogger/controllers/blog.js [54ms]
2024-02-11 21:57:07.028 [info] > git cat-file -s cdb7e5d4d3f4cf37d174effbc4bfee753624ada2 [8ms]
2024-02-11 21:57:07.581 [info] > git config --get commit.template [30ms]
2024-02-11 21:57:07.594 [info] > git for-each-ref --format=%(refname)%00%(upstream:short)%00%(objectname)%00%(upstream:track)%00%(upstream:remotename)%00%(upstream:remoteref) refs/heads/main refs/remotes/main [14ms]
2024-02-11 21:57:08.104 [info] > git status -z -uall [489ms]
2024-02-11 21:57:13.315 [info] > git config --get commit.template [27ms]
2024-02-11 21:57:13.324 [info] > git for-each-ref --format=%(refname)%00%(upstream:short)%00%(objectname)%00%(upstream:track)%00%(upstream:remotename)%00%(upstream:remoteref) refs/heads/main refs/remotes/main [22ms]
2024-02-11 21:57:14.816 [info] > git status -z -uall [1481ms]
2024-02-11 21:57:18.108 [info] > git ls-files --stage -- /home/bitnami/blogger/routes/index.js [8ms]
2024-02-11 21:57:18.117 [info] > git show --textconv :blogger/routes/index.js [25ms]
2024-02-11 21:57:18.118 [info] > git cat-file -s 9638de429b2d0c4c144f084a02758224bec1f28f [2ms]
2024-02-11 21:57:19.858 [info] > git config --get commit.template [6ms]
2024-02-11 21:57:19.858 [info] > git for-each-ref --format=%(refname)%00%(upstream:short)%00%(objectname)%00%(upstream:track)%00%(upstream:remotename)%00%(upstream:remoteref) refs/heads/main refs/remotes/main [2ms]
2024-02-11 21:57:19.975 [info] > git status -z -uall [112ms]
2024-02-11 21:57:35.333 [info] > git config --get commit.template [7ms]
2024-02-11 21:57:35.334 [info] > git for-each-ref --format=%(refname)%00%(upstream:short)%00%(objectname)%00%(upstream:track)%00%(upstream:remotename)%00%(upstream:remoteref) refs/heads/main refs/remotes/main [2ms]
2024-02-11 21:57:35.447 [info] > git status -z -uall [106ms]
2024-02-11 21:57:40.516 [info] > git config --get commit.template [25ms]
2024-02-11 21:57:40.517 [info] > git for-each-ref --format=%(refname)%00%(upstream:short)%00%(objectname)%00%(upstream:track)%00%(upstream:remotename)%00%(upstream:remoteref) refs/heads/main refs/remotes/main [2ms]
2024-02-11 21:57:40.637 [info] > git status -z -uall [102ms]
2024-02-11 21:57:48.721 [info] > git config --get commit.template [7ms]
2024-02-11 21:57:48.721 [info] > git for-each-ref --format=%(refname)%00%(upstream:short)%00%(objectname)%00%(upstream:track)%00%(upstream:remotename)%00%(upstream:remoteref) refs/heads/main refs/remotes/main [1ms]
2024-02-11 21:57:48.831 [info] > git status -z -uall [103ms]
2024-02-11 21:57:53.879 [info] > git config --get commit.template [7ms]
2024-02-11 21:57:53.879 [info] > git for-each-ref --format=%(refname)%00%(upstream:short)%00%(objectname)%00%(upstream:track)%00%(upstream:remotename)%00%(upstream:remoteref) refs/heads/main refs/remotes/main [1ms]
2024-02-11 21:57:54.008 [info] > git status -z -uall [117ms]
2024-02-11 21:57:59.052 [info] > git config --get commit.template [9ms]
2024-02-11 21:57:59.053 [info] > git for-each-ref --format=%(refname)%00%(upstream:short)%00%(objectname)%00%(upstream:track)%00%(upstream:remotename)%00%(upstream:remoteref) refs/heads/main refs/remotes/main [2ms]
2024-02-11 21:57:59.157 [info] > git status -z -uall [97ms]
2024-02-11 21:58:04.197 [info] > git config --get commit.template [8ms]
2024-02-11 21:58:04.198 [info] > git for-each-ref --format=%(refname)%00%(upstream:short)%00%(objectname)%00%(upstream:track)%00%(upstream:remotename)%00%(upstream:remoteref) refs/heads/main refs/remotes/main [2ms]
2024-02-11 21:58:04.310 [info] > git status -z -uall [105ms]
2024-02-11 21:58:12.794 [info] > git config --get commit.template [7ms]
2024-02-11 21:58:12.794 [info] > git for-each-ref --format=%(refname)%00%(upstream:short)%00%(objectname)%00%(upstream:track)%00%(upstream:remotename)%00%(upstream:remoteref) refs/heads/main refs/remotes/main [1ms]
2024-02-11 21:58:12.894 [info] > git status -z -uall [95ms]
2024-02-11 21:58:17.969 [info] > git config --get commit.template [10ms]
2024-02-11 21:58:17.970 [info] > git for-each-ref --format=%(refname)%00%(upstream:short)%00%(objectname)%00%(upstream:track)%00%(upstream:remotename)%00%(upstream:remoteref) refs/heads/main refs/remotes/main [2ms]
2024-02-11 21:58:18.077 [info] > git status -z -uall [101ms]
2024-02-11 21:58:24.522 [info] > git config --get commit.template [8ms]
2024-02-11 21:58:24.523 [info] > git for-each-ref --format=%(refname)%00%(upstream:short)%00%(objectname)%00%(upstream:track)%00%(upstream:remotename)%00%(upstream:remoteref) refs/heads/main refs/remotes/main [2ms]
2024-02-11 21:58:24.643 [info] > git status -z -uall [112ms]
2024-02-11 21:58:29.701 [info] > git config --get commit.template [8ms]
2024-02-11 21:58:29.701 [info] > git for-each-ref --format=%(refname)%00%(upstream:short)%00%(objectname)%00%(upstream:track)%00%(upstream:remotename)%00%(upstream:remoteref) refs/heads/main refs/remotes/main [1ms]
2024-02-11 21:58:29.805 [info] > git status -z -uall [98ms]
2024-02-11 21:58:34.850 [info] > git config --get commit.template [8ms]
2024-02-11 21:58:34.850 [info] > git for-each-ref --format=%(refname)%00%(upstream:short)%00%(objectname)%00%(upstream:track)%00%(upstream:remotename)%00%(upstream:remoteref) refs/heads/main refs/remotes/main [1ms]
2024-02-11 21:58:34.954 [info] > git status -z -uall [97ms]
2024-02-11 21:58:40.022 [info] > git config --get commit.template [12ms]
2024-02-11 21:58:40.023 [info] > git for-each-ref --format=%(refname)%00%(upstream:short)%00%(objectname)%00%(upstream:track)%00%(upstream:remotename)%00%(upstream:remoteref) refs/heads/main refs/remotes/main [1ms]
2024-02-11 21:58:40.138 [info] > git status -z -uall [107ms]
2024-02-11 21:58:45.187 [info] > git config --get commit.template [12ms]
2024-02-11 21:58:45.188 [info] > git for-each-ref --format=%(refname)%00%(upstream:short)%00%(objectname)%00%(upstream:track)%00%(upstream:remotename)%00%(upstream:remoteref) refs/heads/main refs/remotes/main [2ms]
2024-02-11 21:58:45.306 [info] > git status -z -uall [106ms]
2024-02-11 21:59:19.490 [info] > git config --get commit.template [20ms]
2024-02-11 21:59:19.493 [info] > git for-each-ref --format=%(refname)%00%(upstream:short)%00%(objectname)%00%(upstream:track)%00%(upstream:remotename)%00%(upstream:remoteref) refs/heads/main refs/remotes/main [3ms]
2024-02-11 21:59:19.643 [info] > git status -z -uall [135ms]
2024-02-11 21:59:24.705 [info] > git config --get commit.template [11ms]
2024-02-11 21:59:24.706 [info] > git for-each-ref --format=%(refname)%00%(upstream:short)%00%(objectname)%00%(upstream:track)%00%(upstream:remotename)%00%(upstream:remoteref) refs/heads/main refs/remotes/main [2ms]
2024-02-11 21:59:24.820 [info] > git status -z -uall [108ms]
2024-02-11 21:59:29.874 [info] > git config --get commit.template [7ms]
2024-02-11 21:59:29.875 [info] > git for-each-ref --format=%(refname)%00%(upstream:short)%00%(objectname)%00%(upstream:track)%00%(upstream:remotename)%00%(upstream:remoteref) refs/heads/main refs/remotes/main [2ms]
2024-02-11 21:59:29.986 [info] > git status -z -uall [105ms]
2024-02-11 21:59:35.039 [info] > git config --get commit.template [8ms]
2024-02-11 21:59:35.039 [info] > git for-each-ref --format=%(refname)%00%(upstream:short)%00%(objectname)%00%(upstream:track)%00%(upstream:remotename)%00%(upstream:remoteref) refs/heads/main refs/remotes/main [1ms]
2024-02-11 21:59:35.152 [info] > git status -z -uall [107ms]
2024-02-11 21:59:40.208 [info] > git config --get commit.template [8ms]
2024-02-11 21:59:40.209 [info] > git for-each-ref --format=%(refname)%00%(upstream:short)%00%(objectname)%00%(upstream:track)%00%(upstream:remotename)%00%(upstream:remoteref) refs/heads/main refs/remotes/main [2ms]
2024-02-11 21:59:40.317 [info] > git status -z -uall [102ms]
2024-02-11 21:59:45.366 [info] > git config --get commit.template [8ms]
2024-02-11 21:59:45.367 [info] > git for-each-ref --format=%(refname)%00%(upstream:short)%00%(objectname)%00%(upstream:track)%00%(upstream:remotename)%00%(upstream:remoteref) refs/heads/main refs/remotes/main [1ms]
2024-02-11 21:59:45.468 [info] > git status -z -uall [94ms]
2024-02-11 21:59:50.520 [info] > git for-each-ref --format=%(refname)%00%(upstream:short)%00%(objectname)%00%(upstream:track)%00%(upstream:remotename)%00%(upstream:remoteref) refs/heads/main refs/remotes/main [1ms]
2024-02-11 21:59:50.520 [info] > git config --get commit.template [12ms]
2024-02-11 21:59:50.625 [info] > git status -z -uall [97ms]
2024-02-11 22:00:13.926 [info] > git config --get commit.template [7ms]
2024-02-11 22:00:13.928 [info] > git for-each-ref --format=%(refname)%00%(upstream:short)%00%(objectname)%00%(upstream:track)%00%(upstream:remotename)%00%(upstream:remoteref) refs/heads/main refs/remotes/main [1ms]
2024-02-11 22:00:14.043 [info] > git status -z -uall [107ms]
2024-02-11 22:01:49.930 [info] > git config --get commit.template [2ms]
2024-02-11 22:01:49.938 [info] > git for-each-ref --format=%(refname)%00%(upstream:short)%00%(objectname)%00%(upstream:track)%00%(upstream:remotename)%00%(upstream:remoteref) refs/heads/main refs/remotes/main [2ms]
2024-02-11 22:01:50.066 [info] > git status -z -uall [115ms]
2024-02-11 22:01:55.118 [info] > git config --get commit.template [2ms]
2024-02-11 22:01:55.129 [info] > git for-each-ref --format=%(refname)%00%(upstream:short)%00%(objectname)%00%(upstream:track)%00%(upstream:remotename)%00%(upstream:remoteref) refs/heads/main refs/remotes/main [5ms]
2024-02-11 22:01:55.250 [info] > git status -z -uall [113ms]
2024-02-11 22:01:55.796 [info] > git show --textconv :blogger/routes/index.html [9ms]
2024-02-11 22:01:55.802 [info] > git ls-files --stage -- /home/bitnami/blogger/routes/index.html [8ms]
2024-02-11 22:01:55.845 [info] > git check-ignore -v -z --stdin [5ms]
2024-02-11 22:02:00.316 [info] > git config --get commit.template [11ms]
2024-02-11 22:02:00.318 [info] > git for-each-ref --format=%(refname)%00%(upstream:short)%00%(objectname)%00%(upstream:track)%00%(upstream:remotename)%00%(upstream:remoteref) refs/heads/main refs/remotes/main [6ms]
2024-02-11 22:02:00.477 [info] > git status -z -uall [149ms]
2024-02-11 22:02:07.116 [info] > git config --get commit.template [9ms]
2024-02-11 22:02:07.116 [info] > git for-each-ref --format=%(refname)%00%(upstream:short)%00%(objectname)%00%(upstream:track)%00%(upstream:remotename)%00%(upstream:remoteref) refs/heads/main refs/remotes/main [2ms]
2024-02-11 22:02:07.229 [info] > git status -z -uall [107ms]
2024-02-11 22:02:13.042 [info] > git config --get commit.template [7ms]
2024-02-11 22:02:13.043 [info] > git for-each-ref --format=%(refname)%00%(upstream:short)%00%(objectname)%00%(upstream:track)%00%(upstream:remotename)%00%(upstream:remoteref) refs/heads/main refs/remotes/main [2ms]
2024-02-11 22:02:13.153 [info] > git status -z -uall [103ms]
2024-02-11 22:02:13.564 [info] > git show --textconv :blogger/routes/index.js [8ms]
2024-02-11 22:02:13.568 [info] > git ls-files --stage -- /home/bitnami/blogger/routes/index.js [5ms]
2024-02-11 22:02:13.575 [info] > git cat-file -s 9638de429b2d0c4c144f084a02758224bec1f28f [1ms]
2024-02-11 22:03:09.447 [info] > git config --get commit.template [8ms]
2024-02-11 22:03:09.447 [info] > git for-each-ref --format=%(refname)%00%(upstream:short)%00%(objectname)%00%(upstream:track)%00%(upstream:remotename)%00%(upstream:remoteref) refs/heads/main refs/remotes/main [3ms]
2024-02-11 22:03:09.557 [info] > git status -z -uall [104ms]
2024-02-11 22:03:09.558 [info] > git merge-base refs/heads/main refs/remotes/origin/main [14ms]
2024-02-11 22:03:09.568 [info] > git merge-base refs/heads/master refs/remotes/origin/master [13ms]
2024-02-11 22:03:09.614 [info] > git rev-list --count --left-right refs/heads/master...refs/remotes/origin/master [40ms]
2024-02-11 22:03:09.615 [info] > git rev-list --count --left-right refs/heads/main...refs/remotes/origin/main [48ms]
2024-02-11 22:03:10.432 [info] > git check-ignore -v -z --stdin [12ms]
2024-02-11 22:03:12.317 [info] > git check-ignore -v -z --stdin [2ms]
2024-02-11 22:03:14.631 [info] > git config --get commit.template [11ms]
2024-02-11 22:03:14.631 [info] > git for-each-ref --format=%(refname)%00%(upstream:short)%00%(objectname)%00%(upstream:track)%00%(upstream:remotename)%00%(upstream:remoteref) refs/heads/main refs/remotes/main [4ms]
2024-02-11 22:03:14.765 [info] > git status -z -uall [128ms]
2024-02-11 22:03:19.058 [info] > git check-ignore -v -z --stdin [21ms]
2024-02-11 22:03:19.815 [info] > git config --get commit.template [8ms]
2024-02-11 22:03:19.816 [info] > git for-each-ref --format=%(refname)%00%(upstream:short)%00%(objectname)%00%(upstream:track)%00%(upstream:remotename)%00%(upstream:remoteref) refs/heads/main refs/remotes/main [2ms]
2024-02-11 22:03:19.934 [info] > git status -z -uall [112ms]
2024-02-11 22:03:25.004 [info] > git config --get commit.template [20ms]
2024-02-11 22:03:25.005 [info] > git for-each-ref --format=%(refname)%00%(upstream:short)%00%(objectname)%00%(upstream:track)%00%(upstream:remotename)%00%(upstream:remoteref) refs/heads/main refs/remotes/main [6ms]
2024-02-11 22:03:25.132 [info] > git status -z -uall [107ms]
2024-02-11 22:03:30.180 [info] > git config --get commit.template [8ms]
2024-02-11 22:03:30.181 [info] > git for-each-ref --format=%(refname)%00%(upstream:short)%00%(objectname)%00%(upstream:track)%00%(upstream:remotename)%00%(upstream:remoteref) refs/heads/main refs/remotes/main [2ms]
2024-02-11 22:03:30.308 [info] > git status -z -uall [122ms]
2024-02-11 22:04:43.815 [info] > git config --get commit.template [2ms]
2024-02-11 22:04:43.822 [info] > git for-each-ref --format=%(refname)%00%(upstream:short)%00%(objectname)%00%(upstream:track)%00%(upstream:remotename)%00%(upstream:remoteref) refs/heads/main refs/remotes/main [2ms]
2024-02-11 22:04:43.949 [info] > git status -z -uall [120ms]
2024-02-11 22:06:29.694 [info] > git config --get commit.template [1ms]
2024-02-11 22:06:29.701 [info] > git for-each-ref --format=%(refname)%00%(upstream:short)%00%(objectname)%00%(upstream:track)%00%(upstream:remotename)%00%(upstream:remoteref) refs/heads/main refs/remotes/main [2ms]
2024-02-11 22:06:29.822 [info] > git status -z -uall [115ms]
2024-02-11 22:06:34.890 [info] > git config --get commit.template [12ms]
2024-02-11 22:06:34.891 [info] > git for-each-ref --format=%(refname)%00%(upstream:short)%00%(objectname)%00%(upstream:track)%00%(upstream:remotename)%00%(upstream:remoteref) refs/heads/main refs/remotes/main [4ms]
2024-02-11 22:06:35.004 [info] > git status -z -uall [104ms]
2024-02-11 22:07:05.005 [info] > git config --get commit.template [10ms]
2024-02-11 22:07:05.005 [info] > git for-each-ref --format=%(refname)%00%(upstream:short)%00%(objectname)%00%(upstream:track)%00%(upstream:remotename)%00%(upstream:remoteref) refs/heads/main refs/remotes/main [1ms]
2024-02-11 22:07:05.131 [info] > git status -z -uall [118ms]
2024-02-11 22:07:10.195 [info] > git config --get commit.template [10ms]
2024-02-11 22:07:10.196 [info] > git for-each-ref --format=%(refname)%00%(upstream:short)%00%(objectname)%00%(upstream:track)%00%(upstream:remotename)%00%(upstream:remoteref) refs/heads/main refs/remotes/main [2ms]
2024-02-11 22:07:10.305 [info] > git status -z -uall [102ms]
2024-02-11 22:07:11.571 [info] > git check-ignore -v -z --stdin [7ms]
2024-02-11 22:07:12.188 [info] > git check-ignore -v -z --stdin [8ms]
2024-02-11 22:07:15.353 [info] > git config --get commit.template [9ms]
2024-02-11 22:07:15.353 [info] > git for-each-ref --format=%(refname)%00%(upstream:short)%00%(objectname)%00%(upstream:track)%00%(upstream:remotename)%00%(upstream:remoteref) refs/heads/main refs/remotes/main [2ms]
2024-02-11 22:07:15.468 [info] > git status -z -uall [106ms]
2024-02-11 22:07:20.514 [info] > git config --get commit.template [7ms]
2024-02-11 22:07:20.514 [info] > git for-each-ref --format=%(refname)%00%(upstream:short)%00%(objectname)%00%(upstream:track)%00%(upstream:remotename)%00%(upstream:remoteref) refs/heads/main refs/remotes/main [2ms]
2024-02-11 22:07:20.621 [info] > git status -z -uall [101ms]
2024-02-11 22:07:25.668 [info] > git config --get commit.template [9ms]
2024-02-11 22:07:25.669 [info] > git for-each-ref --format=%(refname)%00%(upstream:short)%00%(objectname)%00%(upstream:track)%00%(upstream:remotename)%00%(upstream:remoteref) refs/heads/main refs/remotes/main [2ms]
2024-02-11 22:07:25.781 [info] > git status -z -uall [106ms]
2024-02-11 22:07:28.560 [info] > git show --textconv :blogger/controllers/blog.js [12ms]
2024-02-11 22:07:28.564 [info] > git ls-files --stage -- /home/bitnami/blogger/controllers/blog.js [5ms]
2024-02-11 22:07:28.573 [info] > git cat-file -s cdb7e5d4d3f4cf37d174effbc4bfee753624ada2 [1ms]
2024-02-11 22:07:30.831 [info] > git config --get commit.template [8ms]
2024-02-11 22:07:30.832 [info] > git for-each-ref --format=%(refname)%00%(upstream:short)%00%(objectname)%00%(upstream:track)%00%(upstream:remotename)%00%(upstream:remoteref) refs/heads/main refs/remotes/main [2ms]
2024-02-11 22:07:30.937 [info] > git status -z -uall [99ms]
2024-02-11 22:08:10.724 [info] > git config --get commit.template [8ms]
2024-02-11 22:08:10.725 [info] > git for-each-ref --format=%(refname)%00%(upstream:short)%00%(objectname)%00%(upstream:track)%00%(upstream:remotename)%00%(upstream:remoteref) refs/heads/main refs/remotes/main [1ms]
2024-02-11 22:08:10.856 [info] > git status -z -uall [124ms]
2024-02-11 22:08:15.913 [info] > git config --get commit.template [8ms]
2024-02-11 22:08:15.914 [info] > git for-each-ref --format=%(refname)%00%(upstream:short)%00%(objectname)%00%(upstream:track)%00%(upstream:remotename)%00%(upstream:remoteref) refs/heads/main refs/remotes/main [2ms]
2024-02-11 22:08:16.034 [info] > git status -z -uall [110ms]
2024-02-11 22:08:21.079 [info] > git config --get commit.template [8ms]
2024-02-11 22:08:21.080 [info] > git for-each-ref --format=%(refname)%00%(upstream:short)%00%(objectname)%00%(upstream:track)%00%(upstream:remotename)%00%(upstream:remoteref) refs/heads/main refs/remotes/main [2ms]
2024-02-11 22:08:21.190 [info] > git status -z -uall [103ms]
2024-02-11 22:08:25.597 [info] > git show --textconv :blogger/controllers/header.js [14ms]
2024-02-11 22:08:25.601 [info] > git ls-files --stage -- /home/bitnami/blogger/controllers/header.js [5ms]
2024-02-11 22:08:25.815 [info] > git check-ignore -v -z --stdin [6ms]
2024-02-11 22:08:26.255 [info] > git config --get commit.template [18ms]
2024-02-11 22:08:26.256 [info] > git for-each-ref --format=%(refname)%00%(upstream:short)%00%(objectname)%00%(upstream:track)%00%(upstream:remotename)%00%(upstream:remoteref) refs/heads/main refs/remotes/main [8ms]
2024-02-11 22:08:26.366 [info] > git status -z -uall [100ms]
2024-02-11 22:08:31.411 [info] > git config --get commit.template [8ms]
2024-02-11 22:08:31.412 [info] > git for-each-ref --format=%(refname)%00%(upstream:short)%00%(objectname)%00%(upstream:track)%00%(upstream:remotename)%00%(upstream:remoteref) refs/heads/main refs/remotes/main [2ms]
2024-02-11 22:08:31.537 [info] > git status -z -uall [119ms]
2024-02-11 22:08:36.588 [info] > git config --get commit.template [9ms]
2024-02-11 22:08:36.588 [info] > git for-each-ref --format=%(refname)%00%(upstream:short)%00%(objectname)%00%(upstream:track)%00%(upstream:remotename)%00%(upstream:remoteref) refs/heads/main refs/remotes/main [3ms]
2024-02-11 22:08:36.708 [info] > git status -z -uall [108ms]
2024-02-11 22:08:41.764 [info] > git config --get commit.template [9ms]
2024-02-11 22:08:41.764 [info] > git for-each-ref --format=%(refname)%00%(upstream:short)%00%(objectname)%00%(upstream:track)%00%(upstream:remotename)%00%(upstream:remoteref) refs/heads/main refs/remotes/main [2ms]
2024-02-11 22:08:41.875 [info] > git status -z -uall [102ms]
2024-02-11 22:08:46.931 [info] > git config --get commit.template [9ms]
2024-02-11 22:08:46.932 [info] > git for-each-ref --format=%(refname)%00%(upstream:short)%00%(objectname)%00%(upstream:track)%00%(upstream:remotename)%00%(upstream:remoteref) refs/heads/main refs/remotes/main [2ms]
2024-02-11 22:08:47.040 [info] > git status -z -uall [102ms]
2024-02-11 22:08:52.090 [info] > git config --get commit.template [10ms]
2024-02-11 22:08:52.092 [info] > git for-each-ref --format=%(refname)%00%(upstream:short)%00%(objectname)%00%(upstream:track)%00%(upstream:remotename)%00%(upstream:remoteref) refs/heads/main refs/remotes/main [3ms]
2024-02-11 22:08:52.217 [info] > git status -z -uall [117ms]
2024-02-11 22:08:57.269 [info] > git config --get commit.template [10ms]
2024-02-11 22:08:57.270 [info] > git for-each-ref --format=%(refname)%00%(upstream:short)%00%(objectname)%00%(upstream:track)%00%(upstream:remotename)%00%(upstream:remoteref) refs/heads/main refs/remotes/main [3ms]
2024-02-11 22:08:57.387 [info] > git status -z -uall [109ms]
2024-02-11 22:09:02.436 [info] > git config --get commit.template [8ms]
2024-02-11 22:09:02.437 [info] > git for-each-ref --format=%(refname)%00%(upstream:short)%00%(objectname)%00%(upstream:track)%00%(upstream:remotename)%00%(upstream:remoteref) refs/heads/main refs/remotes/main [2ms]
2024-02-11 22:09:02.566 [info] > git status -z -uall [120ms]
2024-02-11 22:09:07.610 [info] > git config --get commit.template [1ms]
2024-02-11 22:09:07.619 [info] > git for-each-ref --format=%(refname)%00%(upstream:short)%00%(objectname)%00%(upstream:track)%00%(upstream:remotename)%00%(upstream:remoteref) refs/heads/main refs/remotes/main [2ms]
2024-02-11 22:09:07.733 [info] > git status -z -uall [107ms]
2024-02-11 22:09:13.661 [info] > git config --get commit.template [9ms]
2024-02-11 22:09:13.662 [info] > git for-each-ref --format=%(refname)%00%(upstream:short)%00%(objectname)%00%(upstream:track)%00%(upstream:remotename)%00%(upstream:remoteref) refs/heads/main refs/remotes/main [3ms]
2024-02-11 22:09:13.775 [info] > git status -z -uall [104ms]
2024-02-11 22:09:18.823 [info] > git config --get commit.template [8ms]
2024-02-11 22:09:18.823 [info] > git for-each-ref --format=%(refname)%00%(upstream:short)%00%(objectname)%00%(upstream:track)%00%(upstream:remotename)%00%(upstream:remoteref) refs/heads/main refs/remotes/main [2ms]
2024-02-11 22:09:18.929 [info] > git status -z -uall [99ms]
2024-02-11 22:09:23.993 [info] > git config --get commit.template [8ms]
2024-02-11 22:09:23.993 [info] > git for-each-ref --format=%(refname)%00%(upstream:short)%00%(objectname)%00%(upstream:track)%00%(upstream:remotename)%00%(upstream:remoteref) refs/heads/main refs/remotes/main [1ms]
2024-02-11 22:09:24.109 [info] > git status -z -uall [104ms]
2024-02-11 22:09:29.154 [info] > git config --get commit.template [8ms]
2024-02-11 22:09:29.158 [info] > git for-each-ref --format=%(refname)%00%(upstream:short)%00%(objectname)%00%(upstream:track)%00%(upstream:remotename)%00%(upstream:remoteref) refs/heads/main refs/remotes/main [5ms]
2024-02-11 22:09:29.294 [info] > git status -z -uall [114ms]
2024-02-11 22:09:36.566 [info] > git config --get commit.template [7ms]
2024-02-11 22:09:36.566 [info] > git for-each-ref --format=%(refname)%00%(upstream:short)%00%(objectname)%00%(upstream:track)%00%(upstream:remotename)%00%(upstream:remoteref) refs/heads/main refs/remotes/main [1ms]
2024-02-11 22:09:36.673 [info] > git status -z -uall [100ms]
2024-02-11 22:09:41.779 [info] > git config --get commit.template [16ms]
2024-02-11 22:09:41.780 [info] > git for-each-ref --format=%(refname)%00%(upstream:short)%00%(objectname)%00%(upstream:track)%00%(upstream:remotename)%00%(upstream:remoteref) refs/heads/main refs/remotes/main [2ms]
2024-02-11 22:09:42.781 [info] > git status -z -uall [985ms]
2024-02-11 22:09:47.982 [info] > git config --get commit.template [58ms]
2024-02-11 22:09:47.993 [info] > git for-each-ref --format=%(refname)%00%(upstream:short)%00%(objectname)%00%(upstream:track)%00%(upstream:remotename)%00%(upstream:remoteref) refs/heads/main refs/remotes/main [51ms]
2024-02-11 22:09:48.969 [info] > git status -z -uall [946ms]
2024-02-11 22:09:54.271 [info] > git config --get commit.template [49ms]
2024-02-11 22:09:54.283 [info] > git for-each-ref --format=%(refname)%00%(upstream:short)%00%(objectname)%00%(upstream:track)%00%(upstream:remotename)%00%(upstream:remoteref) refs/heads/main refs/remotes/main [31ms]
2024-02-11 22:09:55.486 [info] > git status -z -uall [1170ms]
2024-02-11 22:10:00.902 [info] > git config --get commit.template [34ms]
2024-02-11 22:10:00.920 [info] > git for-each-ref --format=%(refname)%00%(upstream:short)%00%(objectname)%00%(upstream:track)%00%(upstream:remotename)%00%(upstream:remoteref) refs/heads/main refs/remotes/main [20ms]
2024-02-11 22:10:02.229 [info] > git status -z -uall [1285ms]
2024-02-11 22:10:17.597 [info] > git config --get commit.template [38ms]
2024-02-11 22:10:17.611 [info] > git for-each-ref --format=%(refname)%00%(upstream:short)%00%(objectname)%00%(upstream:track)%00%(upstream:remotename)%00%(upstream:remoteref) refs/heads/main refs/remotes/main [17ms]
2024-02-11 22:10:20.143 [info] > git status -z -uall [2515ms]
2024-02-11 22:10:25.360 [info] > git config --get commit.template [40ms]
2024-02-11 22:10:25.365 [info] > git for-each-ref --format=%(refname)%00%(upstream:short)%00%(objectname)%00%(upstream:track)%00%(upstream:remotename)%00%(upstream:remoteref) refs/heads/main refs/remotes/main [29ms]
2024-02-11 22:10:26.816 [info] > git status -z -uall [1415ms]
2024-02-11 22:10:32.090 [info] > git config --get commit.template [49ms]
2024-02-11 22:10:32.103 [info] > git for-each-ref --format=%(refname)%00%(upstream:short)%00%(objectname)%00%(upstream:track)%00%(upstream:remotename)%00%(upstream:remoteref) refs/heads/main refs/remotes/main [48ms]
2024-02-11 22:10:36.484 [info] > git status -z -uall [4369ms]
2024-02-11 22:10:41.726 [info] > git config --get commit.template [73ms]
2024-02-11 22:10:41.744 [info] > git for-each-ref --format=%(refname)%00%(upstream:short)%00%(objectname)%00%(upstream:track)%00%(upstream:remotename)%00%(upstream:remoteref) refs/heads/main refs/remotes/main [25ms]
2024-02-11 22:10:42.898 [info] > git status -z -uall [1103ms]
2024-02-11 22:10:48.082 [info] > git config --get commit.template [24ms]
2024-02-11 22:10:48.100 [info] > git for-each-ref --format=%(refname)%00%(upstream:short)%00%(objectname)%00%(upstream:track)%00%(upstream:remotename)%00%(upstream:remoteref) refs/heads/main refs/remotes/main [25ms]
2024-02-11 22:10:50.689 [info] > git status -z -uall [2545ms]
2024-02-11 22:10:55.938 [info] > git config --get commit.template [43ms]
2024-02-11 22:10:55.949 [info] > git for-each-ref --format=%(refname)%00%(upstream:short)%00%(objectname)%00%(upstream:track)%00%(upstream:remotename)%00%(upstream:remoteref) refs/heads/main refs/remotes/main [30ms]
2024-02-11 22:10:59.707 [info] > git status -z -uall [3661ms]
2024-02-11 22:11:04.904 [info] > git config --get commit.template [39ms]
2024-02-11 22:11:04.918 [info] > git for-each-ref --format=%(refname)%00%(upstream:short)%00%(objectname)%00%(upstream:track)%00%(upstream:remotename)%00%(upstream:remoteref) refs/heads/main refs/remotes/main [19ms]
2024-02-11 22:11:08.477 [info] > git status -z -uall [3512ms]
2024-02-11 22:11:13.716 [info] > git config --get commit.template [51ms]
2024-02-11 22:11:13.730 [info] > git for-each-ref --format=%(refname)%00%(upstream:short)%00%(objectname)%00%(upstream:track)%00%(upstream:remotename)%00%(upstream:remoteref) refs/heads/main refs/remotes/main [28ms]
2024-02-11 22:11:15.073 [info] > git status -z -uall [1305ms]
2024-02-11 22:11:20.223 [info] > git config --get commit.template [36ms]
2024-02-11 22:11:20.224 [info] > git for-each-ref --format=%(refname)%00%(upstream:short)%00%(objectname)%00%(upstream:track)%00%(upstream:remotename)%00%(upstream:remoteref) refs/heads/main refs/remotes/main [3ms]
2024-02-11 22:11:20.672 [info] > git status -z -uall [412ms]
2024-02-11 22:11:27.525 [info] > git config --get commit.template [31ms]
2024-02-11 22:11:27.534 [info] > git for-each-ref --format=%(refname)%00%(upstream:short)%00%(objectname)%00%(upstream:track)%00%(upstream:remotename)%00%(upstream:remoteref) refs/heads/main refs/remotes/main [10ms]
2024-02-11 22:11:27.838 [info] > git status -z -uall [282ms]
2024-02-11 22:11:32.965 [info] > git config --get commit.template [28ms]
2024-02-11 22:11:32.966 [info] > git for-each-ref --format=%(refname)%00%(upstream:short)%00%(objectname)%00%(upstream:track)%00%(upstream:remotename)%00%(upstream:remoteref) refs/heads/main refs/remotes/main [2ms]
2024-02-11 22:11:33.276 [info] > git status -z -uall [273ms]
2024-02-11 22:11:38.422 [info] > git config --get commit.template [25ms]
2024-02-11 22:11:38.427 [info] > git for-each-ref --format=%(refname)%00%(upstream:short)%00%(objectname)%00%(upstream:track)%00%(upstream:remotename)%00%(upstream:remoteref) refs/heads/main refs/remotes/main [7ms]
2024-02-11 22:11:38.786 [info] > git status -z -uall [340ms]
2024-02-11 22:11:43.923 [info] > git config --get commit.template [41ms]
2024-02-11 22:11:43.949 [info] > git for-each-ref --format=%(refname)%00%(upstream:short)%00%(objectname)%00%(upstream:track)%00%(upstream:remotename)%00%(upstream:remoteref) refs/heads/main refs/remotes/main [27ms]
2024-02-11 22:11:44.254 [info] > git status -z -uall [292ms]
