2024-02-27 04:49:12.160 [info] Log level: Info
2024-02-27 04:49:12.160 [info] Validating found git in: "git"
2024-02-27 04:49:12.160 [info] Using git "2.30.2" from "git"
2024-02-27 04:49:12.160 [info] > git rev-parse --show-toplevel [23ms]
2024-02-27 04:49:12.160 [info] > git rev-parse --git-dir --git-common-dir [310ms]
2024-02-27 04:49:12.160 [info] Open repository: /home/bitnami
2024-02-27 04:49:12.467 [info] > git rev-parse --show-toplevel [253ms]
2024-02-27 04:49:12.475 [info] > git config --get commit.template [290ms]
2024-02-27 04:49:12.901 [info] > git rev-parse --show-toplevel [98ms]
2024-02-27 04:49:12.957 [info] > git for-each-ref --format=%(refname)%00%(upstream:short)%00%(objectname)%00%(upstream:track)%00%(upstream:remotename)%00%(upstream:remoteref) refs/heads/main refs/remotes/main [74ms]
2024-02-27 04:49:13.008 [info] > git rev-parse --show-toplevel [61ms]
2024-02-27 04:49:13.069 [info] > git rev-parse --show-toplevel [19ms]
2024-02-27 04:49:13.199 [info] > git rev-parse --show-toplevel [58ms]
2024-02-27 04:49:13.267 [info] > git rev-parse --show-toplevel [13ms]
2024-02-27 04:49:13.310 [info] > git rev-parse --show-toplevel [10ms]
2024-02-27 04:49:13.373 [info] > git check-ignore -v -z --stdin [516ms]
2024-02-27 04:49:13.383 [info] > git rev-parse --show-toplevel [40ms]
2024-02-27 04:49:13.433 [info] > git rev-parse --show-toplevel [8ms]
2024-02-27 04:49:13.467 [info] > git rev-parse --show-toplevel [10ms]
2024-02-27 04:49:13.513 [info] > git rev-parse --show-toplevel [4ms]
2024-02-27 04:49:13.550 [info] > git rev-parse --show-toplevel [6ms]
2024-02-27 04:49:13.608 [info] > git rev-parse --show-toplevel [29ms]
2024-02-27 04:49:13.633 [info] > git rev-parse --show-toplevel [7ms]
2024-02-27 04:49:13.668 [info] > git rev-parse --git-dir --git-common-dir [10ms]
2024-02-27 04:49:13.682 [info] Open repository: /home/bitnami/todo
2024-02-27 04:49:13.736 [info] > git config --get commit.template [13ms]
2024-02-27 04:49:13.768 [info] > git rev-parse --show-toplevel [38ms]
2024-02-27 04:49:13.816 [info] > git for-each-ref --format %(refname) %(objectname) %(*objectname) refs/tags [50ms]
2024-02-27 04:49:13.840 [info] > git show --textconv :blogger/app_api/routes/index.js [55ms]
2024-02-27 04:49:13.857 [info] > git ls-files --stage -- /home/bitnami/blogger/app_api/routes/index.js [60ms]
2024-02-27 04:49:13.877 [info] > git cat-file -s 9574c794ed1998112d80bfba280a5ea47727946a [6ms]
2024-02-27 04:49:14.364 [info] > git check-ignore -v -z --stdin [47ms]
2024-02-27 04:49:14.856 [info] > git status -z -uall [1021ms]
2024-02-27 04:49:14.895 [info] > git for-each-ref --format %(refname) %(objectname) %(*objectname) refs/tags [1ms]
2024-02-27 04:49:14.896 [info] > git config --get commit.template [12ms]
2024-02-27 04:49:14.905 [info] > git status -z -uall [3ms]
2024-02-27 04:50:11.915 [info] > git status -z -uall [58909ms]
2024-02-27 04:50:11.982 [info] > git config --get commit.template [38ms]
2024-02-27 04:50:12.093 [info] > git for-each-ref --format=%(refname)%00%(upstream:short)%00%(objectname)%00%(upstream:track)%00%(upstream:remotename)%00%(upstream:remoteref) refs/heads/main refs/remotes/main [144ms]
2024-02-27 04:50:17.360 [info] > git check-ignore -v -z --stdin [374ms]
2024-02-27 04:50:17.473 [info] > git status -z -uall [5373ms]
2024-02-27 04:50:18.068 [info] > git check-ignore -v -z --stdin [17ms]
2024-02-27 04:50:20.974 [info] > git config --get commit.template [7ms]
2024-02-27 04:50:20.975 [info] > git for-each-ref --format=%(refname)%00%(upstream:short)%00%(objectname)%00%(upstream:track)%00%(upstream:remotename)%00%(upstream:remoteref) refs/heads/main refs/remotes/main [3ms]
2024-02-27 04:50:21.175 [info] > git status -z -uall [193ms]
2024-02-27 04:50:21.576 [info] > git check-ignore -v -z --stdin [12ms]
2024-02-27 04:50:26.194 [info] > git config --get commit.template [5ms]
2024-02-27 04:50:26.196 [info] > git for-each-ref --format=%(refname)%00%(upstream:short)%00%(objectname)%00%(upstream:track)%00%(upstream:remotename)%00%(upstream:remoteref) refs/heads/main refs/remotes/main [2ms]
2024-02-27 04:50:26.374 [info] > git status -z -uall [173ms]
2024-02-27 04:50:31.401 [info] > git config --get commit.template [8ms]
2024-02-27 04:50:31.402 [info] > git for-each-ref --format=%(refname)%00%(upstream:short)%00%(objectname)%00%(upstream:track)%00%(upstream:remotename)%00%(upstream:remoteref) refs/heads/main refs/remotes/main [2ms]
2024-02-27 04:50:31.612 [info] > git status -z -uall [203ms]
2024-02-27 04:50:36.648 [info] > git config --get commit.template [9ms]
2024-02-27 04:50:36.649 [info] > git for-each-ref --format=%(refname)%00%(upstream:short)%00%(objectname)%00%(upstream:track)%00%(upstream:remotename)%00%(upstream:remoteref) refs/heads/main refs/remotes/main [2ms]
2024-02-27 04:50:36.855 [info] > git status -z -uall [200ms]
2024-02-27 04:50:41.877 [info] > git config --get commit.template [8ms]
2024-02-27 04:50:41.878 [info] > git for-each-ref --format=%(refname)%00%(upstream:short)%00%(objectname)%00%(upstream:track)%00%(upstream:remotename)%00%(upstream:remoteref) refs/heads/main refs/remotes/main [3ms]
2024-02-27 04:50:42.084 [info] > git status -z -uall [199ms]
2024-02-27 04:50:45.233 [info] > git show --textconv :blogger/app_api/models/blogs.js [40ms]
2024-02-27 04:50:45.258 [info] > git ls-files --stage -- /home/bitnami/blogger/app_api/models/blogs.js [40ms]
2024-02-27 04:50:45.273 [info] > git cat-file -s 06c1222a88bc3bc441d0f9fe54081a1a87876175 [2ms]
2024-02-27 04:50:47.109 [info] > git config --get commit.template [9ms]
2024-02-27 04:50:47.111 [info] > git for-each-ref --format=%(refname)%00%(upstream:short)%00%(objectname)%00%(upstream:track)%00%(upstream:remotename)%00%(upstream:remoteref) refs/heads/main refs/remotes/main [3ms]
2024-02-27 04:50:47.531 [info] > git status -z -uall [404ms]
2024-02-27 04:50:47.841 [info] > git ls-files --stage -- /home/bitnami/blogger/app_api/models/db.js [34ms]
2024-02-27 04:50:47.859 [info] > git show --textconv :blogger/app_api/models/db.js [67ms]
2024-02-27 04:50:47.862 [info] > git cat-file -s 16427094e552b26b0ab3e123148a1748718c2bf5 [4ms]
2024-02-27 04:50:52.560 [info] > git config --get commit.template [8ms]
2024-02-27 04:50:52.562 [info] > git for-each-ref --format=%(refname)%00%(upstream:short)%00%(objectname)%00%(upstream:track)%00%(upstream:remotename)%00%(upstream:remoteref) refs/heads/main refs/remotes/main [3ms]
2024-02-27 04:50:52.765 [info] > git status -z -uall [197ms]
2024-02-27 04:50:57.780 [info] > git config --get commit.template [2ms]
2024-02-27 04:50:57.787 [info] > git for-each-ref --format=%(refname)%00%(upstream:short)%00%(objectname)%00%(upstream:track)%00%(upstream:remotename)%00%(upstream:remoteref) refs/heads/main refs/remotes/main [2ms]
2024-02-27 04:50:57.976 [info] > git status -z -uall [182ms]
2024-02-27 04:51:03.015 [info] > git config --get commit.template [19ms]
2024-02-27 04:51:03.019 [info] > git for-each-ref --format=%(refname)%00%(upstream:short)%00%(objectname)%00%(upstream:track)%00%(upstream:remotename)%00%(upstream:remoteref) refs/heads/main refs/remotes/main [4ms]
2024-02-27 04:51:03.241 [info] > git status -z -uall [213ms]
2024-02-27 04:51:08.279 [info] > git config --get commit.template [19ms]
2024-02-27 04:51:08.280 [info] > git for-each-ref --format=%(refname)%00%(upstream:short)%00%(objectname)%00%(upstream:track)%00%(upstream:remotename)%00%(upstream:remoteref) refs/heads/main refs/remotes/main [3ms]
2024-02-27 04:51:08.478 [info] > git status -z -uall [190ms]
2024-02-27 04:51:13.508 [info] > git for-each-ref --format=%(refname)%00%(upstream:short)%00%(objectname)%00%(upstream:track)%00%(upstream:remotename)%00%(upstream:remoteref) refs/heads/main refs/remotes/main [2ms]
2024-02-27 04:51:13.521 [info] > git config --get commit.template [22ms]
2024-02-27 04:51:13.864 [info] > git status -z -uall [325ms]
2024-02-27 04:51:18.882 [info] > git config --get commit.template [1ms]
2024-02-27 04:51:18.889 [info] > git for-each-ref --format=%(refname)%00%(upstream:short)%00%(objectname)%00%(upstream:track)%00%(upstream:remotename)%00%(upstream:remoteref) refs/heads/main refs/remotes/main [1ms]
2024-02-27 04:51:19.091 [info] > git status -z -uall [197ms]
2024-02-27 04:51:26.314 [info] > git config --get commit.template [8ms]
2024-02-27 04:51:26.315 [info] > git for-each-ref --format=%(refname)%00%(upstream:short)%00%(objectname)%00%(upstream:track)%00%(upstream:remotename)%00%(upstream:remoteref) refs/heads/main refs/remotes/main [2ms]
2024-02-27 04:51:26.506 [info] > git status -z -uall [185ms]
2024-02-27 04:51:50.129 [info] > git config --get commit.template [8ms]
2024-02-27 04:51:50.129 [info] > git for-each-ref --format=%(refname)%00%(upstream:short)%00%(objectname)%00%(upstream:track)%00%(upstream:remotename)%00%(upstream:remoteref) refs/heads/main refs/remotes/main [2ms]
2024-02-27 04:51:50.331 [info] > git status -z -uall [194ms]
2024-02-27 04:51:55.358 [info] > git config --get commit.template [9ms]
2024-02-27 04:51:55.360 [info] > git for-each-ref --format=%(refname)%00%(upstream:short)%00%(objectname)%00%(upstream:track)%00%(upstream:remotename)%00%(upstream:remoteref) refs/heads/main refs/remotes/main [2ms]
2024-02-27 04:51:55.573 [info] > git status -z -uall [207ms]
2024-02-27 04:51:59.678 [info] > git check-ignore -v -z --stdin [3ms]
2024-02-27 04:51:59.695 [info] > git check-ignore -v -z --stdin [29ms]
2024-02-27 04:52:00.593 [info] > git config --get commit.template [2ms]
2024-02-27 04:52:00.601 [info] > git for-each-ref --format=%(refname)%00%(upstream:short)%00%(objectname)%00%(upstream:track)%00%(upstream:remotename)%00%(upstream:remoteref) refs/heads/main refs/remotes/main [2ms]
2024-02-27 04:52:00.805 [info] > git status -z -uall [195ms]
2024-02-27 04:52:05.825 [info] > git config --get commit.template [7ms]
2024-02-27 04:52:05.825 [info] > git for-each-ref --format=%(refname)%00%(upstream:short)%00%(objectname)%00%(upstream:track)%00%(upstream:remotename)%00%(upstream:remoteref) refs/heads/main refs/remotes/main [1ms]
2024-02-27 04:52:06.014 [info] > git status -z -uall [182ms]
2024-02-27 04:52:11.074 [info] > git config --get commit.template [32ms]
2024-02-27 04:52:11.086 [info] > git for-each-ref --format=%(refname)%00%(upstream:short)%00%(objectname)%00%(upstream:track)%00%(upstream:remotename)%00%(upstream:remoteref) refs/heads/main refs/remotes/main [36ms]
2024-02-27 04:52:12.330 [info] > git status -z -uall [1237ms]
2024-02-27 04:52:17.350 [info] > git config --get commit.template [7ms]
2024-02-27 04:52:17.351 [info] > git for-each-ref --format=%(refname)%00%(upstream:short)%00%(objectname)%00%(upstream:track)%00%(upstream:remotename)%00%(upstream:remoteref) refs/heads/main refs/remotes/main [2ms]
2024-02-27 04:52:17.588 [info] > git status -z -uall [232ms]
2024-02-27 04:52:22.605 [info] > git config --get commit.template [1ms]
2024-02-27 04:52:22.614 [info] > git for-each-ref --format=%(refname)%00%(upstream:short)%00%(objectname)%00%(upstream:track)%00%(upstream:remotename)%00%(upstream:remoteref) refs/heads/main refs/remotes/main [1ms]
2024-02-27 04:52:22.810 [info] > git status -z -uall [191ms]
2024-02-27 04:52:27.847 [info] > git config --get commit.template [16ms]
2024-02-27 04:52:27.853 [info] > git for-each-ref --format=%(refname)%00%(upstream:short)%00%(objectname)%00%(upstream:track)%00%(upstream:remotename)%00%(upstream:remoteref) refs/heads/main refs/remotes/main [16ms]
2024-02-27 04:52:28.171 [info] > git status -z -uall [304ms]
2024-02-27 04:52:33.191 [info] > git config --get commit.template [6ms]
2024-02-27 04:52:33.192 [info] > git for-each-ref --format=%(refname)%00%(upstream:short)%00%(objectname)%00%(upstream:track)%00%(upstream:remotename)%00%(upstream:remoteref) refs/heads/main refs/remotes/main [2ms]
2024-02-27 04:52:33.403 [info] > git status -z -uall [204ms]
2024-02-27 04:52:38.422 [info] > git config --get commit.template [7ms]
2024-02-27 04:52:38.425 [info] > git for-each-ref --format=%(refname)%00%(upstream:short)%00%(objectname)%00%(upstream:track)%00%(upstream:remotename)%00%(upstream:remoteref) refs/heads/main refs/remotes/main [4ms]
2024-02-27 04:52:38.611 [info] > git status -z -uall [179ms]
2024-02-27 04:52:42.416 [info] > git ls-files --stage -- /home/bitnami/blogger/nohup.out [14ms]
2024-02-27 04:52:42.429 [info] > git cat-file -s af5fca159738daf66a010d62b386d1b7b16e473e [5ms]
2024-02-27 04:52:42.435 [info] > git show --textconv :blogger/nohup.out [44ms]
2024-02-27 04:52:43.648 [info] > git config --get commit.template [16ms]
2024-02-27 04:52:43.649 [info] > git for-each-ref --format=%(refname)%00%(upstream:short)%00%(objectname)%00%(upstream:track)%00%(upstream:remotename)%00%(upstream:remoteref) refs/heads/main refs/remotes/main [1ms]
2024-02-27 04:52:43.838 [info] > git status -z -uall [184ms]
2024-02-27 04:52:48.857 [info] > git config --get commit.template [8ms]
2024-02-27 04:52:48.862 [info] > git for-each-ref --format=%(refname)%00%(upstream:short)%00%(objectname)%00%(upstream:track)%00%(upstream:remotename)%00%(upstream:remoteref) refs/heads/main refs/remotes/main [6ms]
2024-02-27 04:52:49.098 [info] > git status -z -uall [230ms]
2024-02-27 04:53:05.268 [info] > git config --get commit.template [7ms]
2024-02-27 04:53:05.269 [info] > git for-each-ref --format=%(refname)%00%(upstream:short)%00%(objectname)%00%(upstream:track)%00%(upstream:remotename)%00%(upstream:remoteref) refs/heads/main refs/remotes/main [2ms]
2024-02-27 04:53:05.460 [info] > git status -z -uall [184ms]
2024-02-27 04:53:05.853 [info] > git show --textconv :blogger/app_server/views/blog/blog-add.pug [14ms]
2024-02-27 04:53:05.858 [info] > git ls-files --stage -- /home/bitnami/blogger/app_server/views/blog/blog-add.pug [12ms]
2024-02-27 04:53:05.866 [info] > git cat-file -s a17e0e44d36f5eb6f75db751f7a419be6af4d53a [2ms]
2024-02-27 04:53:07.661 [info] > git merge-base refs/heads/main refs/remotes/main/main [2ms]
2024-02-27 04:53:07.677 [info] > git rev-list --count --left-right refs/heads/main...refs/remotes/main/main [9ms]
2024-02-27 04:53:08.427 [info] > git check-ignore -v -z --stdin [26ms]
2024-02-27 04:53:10.483 [info] > git config --get commit.template [6ms]
2024-02-27 04:53:10.483 [info] > git for-each-ref --format=%(refname)%00%(upstream:short)%00%(objectname)%00%(upstream:track)%00%(upstream:remotename)%00%(upstream:remoteref) refs/heads/main refs/remotes/main [1ms]
2024-02-27 04:53:10.694 [info] > git status -z -uall [205ms]
2024-02-27 04:53:14.672 [info] > git add -A -- . [316ms]
2024-02-27 04:53:15.832 [info] > git show --textconv :.git/COMMIT_EDITMSG [16ms]
2024-02-27 04:53:15.842 [info] > git ls-files --stage -- /home/bitnami/.git/COMMIT_EDITMSG [13ms]
2024-02-27 04:53:16.128 [info] > git check-ignore -v -z --stdin [11ms]
2024-02-27 04:53:16.393 [info] > git ls-files --stage -- /home/bitnami/.git/COMMIT_EDITMSG [9ms]
2024-02-27 04:53:16.465 [info] > git show --textconv :.git/COMMIT_EDITMSG [18ms]
2024-02-27 04:53:22.061 [info] > git -c user.useConfigOnly=true commit --quiet [7382ms]
2024-02-27 04:53:22.078 [info] > git config --get commit.template [9ms]
2024-02-27 04:53:22.079 [info] > git for-each-ref --format=%(refname)%00%(upstream:short)%00%(objectname)%00%(upstream:track)%00%(upstream:remotename)%00%(upstream:remoteref) refs/heads/main refs/remotes/main [2ms]
2024-02-27 04:53:22.284 [info] > git show --textconv :blogger/app_server/views/blog/blog-add.pug [32ms]
2024-02-27 04:53:22.289 [info] > git ls-files --stage -- /home/bitnami/blogger/app_server/views/blog/blog-add.pug [22ms]
2024-02-27 04:53:22.300 [info] > git status -z -uall [215ms]
2024-02-27 04:53:22.300 [info] > git cat-file -s 77fb70b04206dd36f8de40637b4c74d44476c3ef [3ms]
2024-02-27 04:53:22.333 [info] > git config --get commit.template [2ms]
2024-02-27 04:53:22.341 [info] > git for-each-ref --format=%(refname)%00%(upstream:short)%00%(objectname)%00%(upstream:track)%00%(upstream:remotename)%00%(upstream:remoteref) refs/heads/main refs/remotes/main [2ms]
2024-02-27 04:53:22.424 [info] > git merge-base refs/heads/main refs/remotes/main/main [33ms]
2024-02-27 04:53:22.440 [info] > git rev-list --count --left-right refs/heads/main...refs/remotes/main/main [4ms]
2024-02-27 04:53:22.576 [info] > git status -z -uall [227ms]
2024-02-27 04:53:23.226 [info] > git check-ignore -v -z --stdin [12ms]
2024-02-27 04:53:23.378 [info] > git ls-files --stage -- /home/bitnami/blogger/app_server/views/blog/blog-add.pug [9ms]
2024-02-27 04:53:23.387 [info] > git cat-file -s 77fb70b04206dd36f8de40637b4c74d44476c3ef [2ms]
2024-02-27 04:53:23.442 [info] > git show --textconv :blogger/app_server/views/blog/blog-add.pug [9ms]
2024-02-27 04:53:23.491 [info] > git push main main:main [1169ms]
2024-02-27 04:53:23.491 [info] To https://github.com/kuhaku4/csci421-lab4.git
   5589a973..37d24f62  main -> main
2024-02-27 04:53:23.505 [info] > git config --get commit.template [7ms]
2024-02-27 04:53:23.506 [info] > git for-each-ref --format=%(refname)%00%(upstream:short)%00%(objectname)%00%(upstream:track)%00%(upstream:remotename)%00%(upstream:remoteref) refs/heads/main refs/remotes/main [2ms]
2024-02-27 04:53:23.694 [info] > git status -z -uall [181ms]
2024-02-27 04:53:23.783 [info] > git merge-base refs/heads/main refs/remotes/main/main [14ms]
2024-02-27 04:53:23.795 [info] > git config --get commit.template [13ms]
2024-02-27 04:53:23.807 [info] > git rev-list --count --left-right refs/heads/main...refs/remotes/main/main [12ms]
2024-02-27 04:53:23.808 [info] > git for-each-ref --format=%(refname)%00%(upstream:short)%00%(objectname)%00%(upstream:track)%00%(upstream:remotename)%00%(upstream:remoteref) refs/heads/main refs/remotes/main [3ms]
2024-02-27 04:53:23.990 [info] > git status -z -uall [175ms]
2024-02-27 04:53:24.842 [info] > git ls-files --stage -- /home/bitnami/blogger/app_server/views/blog/blog-add.pug [21ms]
2024-02-27 04:53:24.850 [info] > git cat-file -s 77fb70b04206dd36f8de40637b4c74d44476c3ef [2ms]
2024-02-27 04:53:24.894 [info] > git show --textconv :blogger/app_server/views/blog/blog-add.pug [13ms]
2024-02-27 04:53:27.594 [info] > git config --get commit.template [7ms]
2024-02-27 04:53:27.596 [info] > git for-each-ref --format=%(refname)%00%(upstream:short)%00%(objectname)%00%(upstream:track)%00%(upstream:remotename)%00%(upstream:remoteref) refs/heads/main refs/remotes/main [3ms]
2024-02-27 04:53:27.812 [info] > git status -z -uall [210ms]
2024-02-27 04:53:32.833 [info] > git config --get commit.template [8ms]
2024-02-27 04:53:32.834 [info] > git for-each-ref --format=%(refname)%00%(upstream:short)%00%(objectname)%00%(upstream:track)%00%(upstream:remotename)%00%(upstream:remoteref) refs/heads/main refs/remotes/main [2ms]
2024-02-27 04:53:33.020 [info] > git status -z -uall [180ms]
2024-02-27 04:53:38.037 [info] > git config --get commit.template [7ms]
2024-02-27 04:53:38.038 [info] > git for-each-ref --format=%(refname)%00%(upstream:short)%00%(objectname)%00%(upstream:track)%00%(upstream:remotename)%00%(upstream:remoteref) refs/heads/main refs/remotes/main [2ms]
2024-02-27 04:53:38.247 [info] > git status -z -uall [203ms]
2024-02-27 04:53:43.262 [info] > git config --get commit.template [6ms]
2024-02-27 04:53:43.263 [info] > git for-each-ref --format=%(refname)%00%(upstream:short)%00%(objectname)%00%(upstream:track)%00%(upstream:remotename)%00%(upstream:remoteref) refs/heads/main refs/remotes/main [1ms]
2024-02-27 04:53:43.455 [info] > git status -z -uall [187ms]
2024-02-27 04:53:46.310 [info] > git show --textconv :blogger/app_server/views/blog/blog-list.pug [13ms]
2024-02-27 04:53:46.318 [info] > git ls-files --stage -- /home/bitnami/blogger/app_server/views/blog/blog-list.pug [11ms]
2024-02-27 04:53:46.327 [info] > git cat-file -s c8b2509bb06245e863fb52d0c1b8b78fd68c6fa0 [1ms]
2024-02-27 04:53:48.475 [info] > git config --get commit.template [11ms]
2024-02-27 04:53:48.478 [info] > git for-each-ref --format=%(refname)%00%(upstream:short)%00%(objectname)%00%(upstream:track)%00%(upstream:remotename)%00%(upstream:remoteref) refs/heads/main refs/remotes/main [7ms]
2024-02-27 04:53:48.687 [info] > git status -z -uall [202ms]
2024-02-27 04:53:53.698 [info] > git config --get commit.template [2ms]
2024-02-27 04:53:53.705 [info] > git for-each-ref --format=%(refname)%00%(upstream:short)%00%(objectname)%00%(upstream:track)%00%(upstream:remotename)%00%(upstream:remoteref) refs/heads/main refs/remotes/main [2ms]
2024-02-27 04:53:53.901 [info] > git status -z -uall [191ms]
2024-02-27 04:53:58.920 [info] > git config --get commit.template [2ms]
2024-02-27 04:53:58.927 [info] > git for-each-ref --format=%(refname)%00%(upstream:short)%00%(objectname)%00%(upstream:track)%00%(upstream:remotename)%00%(upstream:remoteref) refs/heads/main refs/remotes/main [1ms]
2024-02-27 04:53:59.125 [info] > git status -z -uall [192ms]
2024-02-27 04:55:18.925 [info] > git config --get commit.template [7ms]
2024-02-27 04:55:18.926 [info] > git for-each-ref --format=%(refname)%00%(upstream:short)%00%(objectname)%00%(upstream:track)%00%(upstream:remotename)%00%(upstream:remoteref) refs/heads/main refs/remotes/main [2ms]
2024-02-27 04:55:19.132 [info] > git status -z -uall [200ms]
2024-02-27 04:55:24.150 [info] > git config --get commit.template [7ms]
2024-02-27 04:55:24.151 [info] > git for-each-ref --format=%(refname)%00%(upstream:short)%00%(objectname)%00%(upstream:track)%00%(upstream:remotename)%00%(upstream:remoteref) refs/heads/main refs/remotes/main [2ms]
2024-02-27 04:55:24.347 [info] > git status -z -uall [189ms]
2024-02-27 04:55:44.193 [info] > git config --get commit.template [7ms]
2024-02-27 04:55:44.194 [info] > git for-each-ref --format=%(refname)%00%(upstream:short)%00%(objectname)%00%(upstream:track)%00%(upstream:remotename)%00%(upstream:remoteref) refs/heads/main refs/remotes/main [2ms]
2024-02-27 04:55:44.424 [info] > git status -z -uall [224ms]
2024-02-27 04:55:44.548 [info] > git show --textconv :blogger/app_server/routes/index.js [30ms]
2024-02-27 04:55:44.562 [info] > git ls-files --stage -- /home/bitnami/blogger/app_server/routes/index.js [32ms]
2024-02-27 04:55:44.571 [info] > git cat-file -s 9b6b39a4ef4c5ca08bae3dc506661ac5858ccfb6 [2ms]
2024-02-27 04:55:49.448 [info] > git config --get commit.template [10ms]
2024-02-27 04:55:49.449 [info] > git for-each-ref --format=%(refname)%00%(upstream:short)%00%(objectname)%00%(upstream:track)%00%(upstream:remotename)%00%(upstream:remoteref) refs/heads/main refs/remotes/main [3ms]
2024-02-27 04:55:49.602 [info] > git show --textconv :blogger/app_server/controllers/blog.js [26ms]
2024-02-27 04:55:49.636 [info] > git ls-files --stage -- /home/bitnami/blogger/app_server/controllers/blog.js [36ms]
2024-02-27 04:55:49.656 [info] > git cat-file -s aa8f87e4771e0d66de8f41319192375d997880dd [11ms]
2024-02-27 04:55:49.815 [info] > git status -z -uall [340ms]
2024-02-27 04:55:54.832 [info] > git config --get commit.template [7ms]
2024-02-27 04:55:54.832 [info] > git for-each-ref --format=%(refname)%00%(upstream:short)%00%(objectname)%00%(upstream:track)%00%(upstream:remotename)%00%(upstream:remoteref) refs/heads/main refs/remotes/main [2ms]
2024-02-27 04:55:55.035 [info] > git status -z -uall [195ms]
2024-02-27 04:56:00.051 [info] > git config --get commit.template [1ms]
2024-02-27 04:56:00.059 [info] > git for-each-ref --format=%(refname)%00%(upstream:short)%00%(objectname)%00%(upstream:track)%00%(upstream:remotename)%00%(upstream:remoteref) refs/heads/main refs/remotes/main [2ms]
2024-02-27 04:56:00.250 [info] > git status -z -uall [184ms]
2024-02-27 04:56:05.270 [info] > git config --get commit.template [9ms]
2024-02-27 04:56:05.270 [info] > git for-each-ref --format=%(refname)%00%(upstream:short)%00%(objectname)%00%(upstream:track)%00%(upstream:remotename)%00%(upstream:remoteref) refs/heads/main refs/remotes/main [2ms]
2024-02-27 04:56:05.460 [info] > git status -z -uall [179ms]
2024-02-27 04:56:19.657 [info] > git config --get commit.template [7ms]
2024-02-27 04:56:19.658 [info] > git for-each-ref --format=%(refname)%00%(upstream:short)%00%(objectname)%00%(upstream:track)%00%(upstream:remotename)%00%(upstream:remoteref) refs/heads/main refs/remotes/main [2ms]
2024-02-27 04:56:19.871 [info] > git status -z -uall [205ms]
2024-02-27 04:56:20.368 [info] > git show --textconv :blogger/app_api/controllers/blogs.js [16ms]
2024-02-27 04:56:20.374 [info] > git ls-files --stage -- /home/bitnami/blogger/app_api/controllers/blogs.js [13ms]
2024-02-27 04:56:20.381 [info] > git cat-file -s c77029e0e76b5dae968b3a1be1d10c009d86282f [1ms]
2024-02-27 04:56:24.888 [info] > git config --get commit.template [6ms]
2024-02-27 04:56:24.890 [info] > git for-each-ref --format=%(refname)%00%(upstream:short)%00%(objectname)%00%(upstream:track)%00%(upstream:remotename)%00%(upstream:remoteref) refs/heads/main refs/remotes/main [2ms]
2024-02-27 04:56:25.069 [info] > git status -z -uall [172ms]
2024-02-27 04:56:25.962 [info] > git show --textconv :blogger/app_api/models/blogs.js [42ms]
2024-02-27 04:56:25.969 [info] > git ls-files --stage -- /home/bitnami/blogger/app_api/models/blogs.js [22ms]
2024-02-27 04:56:25.996 [info] > git cat-file -s 06c1222a88bc3bc441d0f9fe54081a1a87876175 [10ms]
2024-02-27 04:56:27.325 [info] > git show --textconv :blogger/app_api/models/db.js [33ms]
2024-02-27 04:56:27.334 [info] > git ls-files --stage -- /home/bitnami/blogger/app_api/models/db.js [27ms]
2024-02-27 04:56:27.347 [info] > git cat-file -s 16427094e552b26b0ab3e123148a1748718c2bf5 [4ms]
2024-02-27 04:56:30.103 [info] > git config --get commit.template [14ms]
2024-02-27 04:56:30.104 [info] > git for-each-ref --format=%(refname)%00%(upstream:short)%00%(objectname)%00%(upstream:track)%00%(upstream:remotename)%00%(upstream:remoteref) refs/heads/main refs/remotes/main [2ms]
2024-02-27 04:56:30.311 [info] > git status -z -uall [199ms]
2024-02-27 04:56:31.589 [info] > git show --textconv :blogger/app_api/routes/index.js [25ms]
2024-02-27 04:56:31.591 [info] > git ls-files --stage -- /home/bitnami/blogger/app_api/routes/index.js [17ms]
2024-02-27 04:56:31.600 [info] > git cat-file -s d38aa23aa380945d76ddcc3a88892023b272674c [2ms]
2024-02-27 04:56:34.334 [info] > git show --textconv :blogger/app_server/controllers/blog.js [13ms]
2024-02-27 04:56:34.343 [info] > git ls-files --stage -- /home/bitnami/blogger/app_server/controllers/blog.js [14ms]
2024-02-27 04:56:34.351 [info] > git cat-file -s aa8f87e4771e0d66de8f41319192375d997880dd [2ms]
2024-02-27 04:56:35.328 [info] > git config --get commit.template [7ms]
2024-02-27 04:56:35.328 [info] > git for-each-ref --format=%(refname)%00%(upstream:short)%00%(objectname)%00%(upstream:track)%00%(upstream:remotename)%00%(upstream:remoteref) refs/heads/main refs/remotes/main [2ms]
2024-02-27 04:56:35.519 [info] > git status -z -uall [184ms]
2024-02-27 04:57:28.938 [info] > git config --get commit.template [9ms]
2024-02-27 04:57:28.939 [info] > git for-each-ref --format=%(refname)%00%(upstream:short)%00%(objectname)%00%(upstream:track)%00%(upstream:remotename)%00%(upstream:remoteref) refs/heads/main refs/remotes/main [1ms]
2024-02-27 04:57:29.135 [info] > git status -z -uall [190ms]
2024-02-27 04:57:29.232 [info] > git show --textconv :blogger/app_server/views/blog/blog-add.pug [17ms]
2024-02-27 04:57:29.237 [info] > git ls-files --stage -- /home/bitnami/blogger/app_server/views/blog/blog-add.pug [13ms]
2024-02-27 04:57:29.246 [info] > git cat-file -s 77fb70b04206dd36f8de40637b4c74d44476c3ef [3ms]
2024-02-27 04:57:34.151 [info] > git config --get commit.template [6ms]
2024-02-27 04:57:34.152 [info] > git for-each-ref --format=%(refname)%00%(upstream:short)%00%(objectname)%00%(upstream:track)%00%(upstream:remotename)%00%(upstream:remoteref) refs/heads/main refs/remotes/main [1ms]
2024-02-27 04:57:34.335 [info] > git status -z -uall [178ms]
2024-02-27 04:57:39.346 [info] > git config --get commit.template [1ms]
2024-02-27 04:57:39.354 [info] > git for-each-ref --format=%(refname)%00%(upstream:short)%00%(objectname)%00%(upstream:track)%00%(upstream:remotename)%00%(upstream:remoteref) refs/heads/main refs/remotes/main [3ms]
2024-02-27 04:57:39.542 [info] > git status -z -uall [183ms]
2024-02-27 04:59:08.147 [info] > git config --get commit.template [6ms]
2024-02-27 04:59:08.148 [info] > git for-each-ref --format=%(refname)%00%(upstream:short)%00%(objectname)%00%(upstream:track)%00%(upstream:remotename)%00%(upstream:remoteref) refs/heads/main refs/remotes/main [2ms]
2024-02-27 04:59:08.342 [info] > git status -z -uall [189ms]
2024-02-27 04:59:08.501 [info] > git show --textconv :blogger/app_api/models/db.js [41ms]
2024-02-27 04:59:08.507 [info] > git ls-files --stage -- /home/bitnami/blogger/app_api/models/db.js [20ms]
2024-02-27 04:59:08.516 [info] > git cat-file -s 16427094e552b26b0ab3e123148a1748718c2bf5 [2ms]
2024-02-27 04:59:11.588 [info] > git show --textconv :blogger/app_api/models/blogs.js [17ms]
2024-02-27 04:59:11.601 [info] > git ls-files --stage -- /home/bitnami/blogger/app_api/models/blogs.js [13ms]
2024-02-27 04:59:11.609 [info] > git cat-file -s 06c1222a88bc3bc441d0f9fe54081a1a87876175 [2ms]
2024-02-27 04:59:13.108 [info] > git show --textconv :blogger/app_api/controllers/blogs.js [32ms]
2024-02-27 04:59:13.122 [info] > git ls-files --stage -- /home/bitnami/blogger/app_api/controllers/blogs.js [31ms]
2024-02-27 04:59:13.133 [info] > git cat-file -s c77029e0e76b5dae968b3a1be1d10c009d86282f [3ms]
2024-02-27 04:59:13.379 [info] > git config --get commit.template [23ms]
2024-02-27 04:59:13.383 [info] > git for-each-ref --format=%(refname)%00%(upstream:short)%00%(objectname)%00%(upstream:track)%00%(upstream:remotename)%00%(upstream:remoteref) refs/heads/main refs/remotes/main [6ms]
2024-02-27 04:59:13.664 [info] > git status -z -uall [272ms]
2024-02-27 04:59:18.685 [info] > git config --get commit.template [3ms]
2024-02-27 04:59:18.693 [info] > git for-each-ref --format=%(refname)%00%(upstream:short)%00%(objectname)%00%(upstream:track)%00%(upstream:remotename)%00%(upstream:remoteref) refs/heads/main refs/remotes/main [2ms]
2024-02-27 04:59:18.896 [info] > git status -z -uall [197ms]
2024-02-27 04:59:19.553 [info] > git show --textconv :blogger/app_api/routes/index.js [12ms]
2024-02-27 04:59:19.559 [info] > git ls-files --stage -- /home/bitnami/blogger/app_api/routes/index.js [9ms]
2024-02-27 04:59:19.569 [info] > git cat-file -s d38aa23aa380945d76ddcc3a88892023b272674c [2ms]
2024-02-27 04:59:22.970 [info] > git show --textconv :blogger/app_server/controllers/blog.js [30ms]
2024-02-27 04:59:22.980 [info] > git ls-files --stage -- /home/bitnami/blogger/app_server/controllers/blog.js [23ms]
2024-02-27 04:59:22.987 [info] > git cat-file -s aa8f87e4771e0d66de8f41319192375d997880dd [1ms]
2024-02-27 04:59:23.915 [info] > git config --get commit.template [3ms]
2024-02-27 04:59:23.932 [info] > git for-each-ref --format=%(refname)%00%(upstream:short)%00%(objectname)%00%(upstream:track)%00%(upstream:remotename)%00%(upstream:remoteref) refs/heads/main refs/remotes/main [3ms]
2024-02-27 04:59:24.160 [info] > git status -z -uall [222ms]
2024-02-27 04:59:29.171 [info] > git config --get commit.template [2ms]
2024-02-27 04:59:29.179 [info] > git for-each-ref --format=%(refname)%00%(upstream:short)%00%(objectname)%00%(upstream:track)%00%(upstream:remotename)%00%(upstream:remoteref) refs/heads/main refs/remotes/main [1ms]
2024-02-27 04:59:29.400 [info] > git status -z -uall [216ms]
2024-02-27 04:59:30.172 [info] > git show --textconv :blogger/app_server/controllers/homepage.js [50ms]
2024-02-27 04:59:30.198 [info] > git ls-files --stage -- /home/bitnami/blogger/app_server/controllers/homepage.js [44ms]
2024-02-27 04:59:30.224 [info] > git cat-file -s 7b6d82b9036f99dd46dc7d57883c2a8eff8bbb79 [8ms]
2024-02-27 04:59:31.902 [info] > git show --textconv :blogger/app_server/routes/index.js [12ms]
2024-02-27 04:59:31.907 [info] > git ls-files --stage -- /home/bitnami/blogger/app_server/routes/index.js [10ms]
2024-02-27 04:59:31.917 [info] > git cat-file -s 9b6b39a4ef4c5ca08bae3dc506661ac5858ccfb6 [3ms]
2024-02-27 04:59:33.736 [info] > git show --textconv :blogger/app_server/views/blog/blog-add.pug [14ms]
2024-02-27 04:59:33.744 [info] > git ls-files --stage -- /home/bitnami/blogger/app_server/views/blog/blog-add.pug [12ms]
2024-02-27 04:59:33.751 [info] > git cat-file -s 77fb70b04206dd36f8de40637b4c74d44476c3ef [1ms]
2024-02-27 04:59:34.416 [info] > git config --get commit.template [7ms]
2024-02-27 04:59:34.416 [info] > git for-each-ref --format=%(refname)%00%(upstream:short)%00%(objectname)%00%(upstream:track)%00%(upstream:remotename)%00%(upstream:remoteref) refs/heads/main refs/remotes/main [1ms]
2024-02-27 04:59:34.606 [info] > git status -z -uall [185ms]
2024-02-27 05:00:00.444 [info] > git config --get commit.template [7ms]
2024-02-27 05:00:00.445 [info] > git for-each-ref --format=%(refname)%00%(upstream:short)%00%(objectname)%00%(upstream:track)%00%(upstream:remotename)%00%(upstream:remoteref) refs/heads/main refs/remotes/main [2ms]
2024-02-27 05:00:00.667 [info] > git status -z -uall [212ms]
2024-02-27 05:00:00.814 [info] > git show --textconv :blogger/app_api/controllers/blogs.js [13ms]
2024-02-27 05:00:00.822 [info] > git ls-files --stage -- /home/bitnami/blogger/app_api/controllers/blogs.js [10ms]
2024-02-27 05:00:00.830 [info] > git cat-file -s c77029e0e76b5dae968b3a1be1d10c009d86282f [2ms]
2024-02-27 05:00:02.737 [info] > git show --textconv :blogger/app_server/controllers/blog.js [27ms]
2024-02-27 05:00:02.749 [info] > git ls-files --stage -- /home/bitnami/blogger/app_server/controllers/blog.js [15ms]
2024-02-27 05:00:02.760 [info] > git cat-file -s aa8f87e4771e0d66de8f41319192375d997880dd [4ms]
2024-02-27 05:00:05.695 [info] > git config --get commit.template [18ms]
2024-02-27 05:00:05.703 [info] > git for-each-ref --format=%(refname)%00%(upstream:short)%00%(objectname)%00%(upstream:track)%00%(upstream:remotename)%00%(upstream:remoteref) refs/heads/main refs/remotes/main [8ms]
2024-02-27 05:00:06.057 [info] > git status -z -uall [339ms]
2024-02-27 05:00:11.077 [info] > git config --get commit.template [8ms]
2024-02-27 05:00:11.077 [info] > git for-each-ref --format=%(refname)%00%(upstream:short)%00%(objectname)%00%(upstream:track)%00%(upstream:remotename)%00%(upstream:remoteref) refs/heads/main refs/remotes/main [1ms]
2024-02-27 05:00:11.262 [info] > git status -z -uall [179ms]
2024-02-27 05:00:16.279 [info] > git config --get commit.template [7ms]
2024-02-27 05:00:16.280 [info] > git for-each-ref --format=%(refname)%00%(upstream:short)%00%(objectname)%00%(upstream:track)%00%(upstream:remotename)%00%(upstream:remoteref) refs/heads/main refs/remotes/main [1ms]
2024-02-27 05:00:16.461 [info] > git status -z -uall [176ms]
2024-02-27 05:00:21.482 [info] > git config --get commit.template [10ms]
2024-02-27 05:00:21.483 [info] > git for-each-ref --format=%(refname)%00%(upstream:short)%00%(objectname)%00%(upstream:track)%00%(upstream:remotename)%00%(upstream:remoteref) refs/heads/main refs/remotes/main [2ms]
2024-02-27 05:00:21.691 [info] > git status -z -uall [200ms]
2024-02-27 05:00:40.649 [info] > git config --get commit.template [1ms]
2024-02-27 05:00:40.656 [info] > git for-each-ref --format=%(refname)%00%(upstream:short)%00%(objectname)%00%(upstream:track)%00%(upstream:remotename)%00%(upstream:remoteref) refs/heads/main refs/remotes/main [1ms]
2024-02-27 05:00:40.864 [info] > git status -z -uall [202ms]
2024-02-27 05:00:45.887 [info] > git config --get commit.template [14ms]
2024-02-27 05:00:45.889 [info] > git for-each-ref --format=%(refname)%00%(upstream:short)%00%(objectname)%00%(upstream:track)%00%(upstream:remotename)%00%(upstream:remoteref) refs/heads/main refs/remotes/main [5ms]
2024-02-27 05:00:46.074 [info] > git status -z -uall [176ms]
2024-02-27 05:00:51.101 [info] > git config --get commit.template [16ms]
2024-02-27 05:00:51.102 [info] > git for-each-ref --format=%(refname)%00%(upstream:short)%00%(objectname)%00%(upstream:track)%00%(upstream:remotename)%00%(upstream:remoteref) refs/heads/main refs/remotes/main [3ms]
2024-02-27 05:00:51.330 [info] > git status -z -uall [210ms]
2024-02-27 05:00:56.346 [info] > git config --get commit.template [1ms]
2024-02-27 05:00:56.354 [info] > git for-each-ref --format=%(refname)%00%(upstream:short)%00%(objectname)%00%(upstream:track)%00%(upstream:remotename)%00%(upstream:remoteref) refs/heads/main refs/remotes/main [2ms]
2024-02-27 05:00:56.548 [info] > git status -z -uall [188ms]
2024-02-27 05:01:04.301 [info] > git config --get commit.template [6ms]
2024-02-27 05:01:04.302 [info] > git for-each-ref --format=%(refname)%00%(upstream:short)%00%(objectname)%00%(upstream:track)%00%(upstream:remotename)%00%(upstream:remoteref) refs/heads/main refs/remotes/main [2ms]
2024-02-27 05:01:04.496 [info] > git status -z -uall [186ms]
2024-02-27 05:01:04.643 [info] > git show --textconv :blogger/app_server/controllers/homepage.js [17ms]
2024-02-27 05:01:04.652 [info] > git ls-files --stage -- /home/bitnami/blogger/app_server/controllers/homepage.js [15ms]
2024-02-27 05:01:04.661 [info] > git cat-file -s 7b6d82b9036f99dd46dc7d57883c2a8eff8bbb79 [2ms]
2024-02-27 05:01:06.758 [info] > git show --textconv :blogger/app_server/routes/index.js [12ms]
2024-02-27 05:01:06.763 [info] > git ls-files --stage -- /home/bitnami/blogger/app_server/routes/index.js [9ms]
2024-02-27 05:01:06.775 [info] > git cat-file -s 9b6b39a4ef4c5ca08bae3dc506661ac5858ccfb6 [5ms]
2024-02-27 05:01:09.514 [info] > git config --get commit.template [9ms]
2024-02-27 05:01:09.515 [info] > git for-each-ref --format=%(refname)%00%(upstream:short)%00%(objectname)%00%(upstream:track)%00%(upstream:remotename)%00%(upstream:remoteref) refs/heads/main refs/remotes/main [2ms]
2024-02-27 05:01:09.711 [info] > git status -z -uall [190ms]
2024-02-27 05:01:14.728 [info] > git config --get commit.template [7ms]
2024-02-27 05:01:14.729 [info] > git for-each-ref --format=%(refname)%00%(upstream:short)%00%(objectname)%00%(upstream:track)%00%(upstream:remotename)%00%(upstream:remoteref) refs/heads/main refs/remotes/main [2ms]
2024-02-27 05:01:14.947 [info] > git status -z -uall [211ms]
2024-02-27 05:01:18.392 [info] > git show --textconv :blogger/app_server/views/blog/blog-list.pug [16ms]
2024-02-27 05:01:18.409 [info] > git ls-files --stage -- /home/bitnami/blogger/app_server/views/blog/blog-list.pug [22ms]
2024-02-27 05:01:18.418 [info] > git cat-file -s c8b2509bb06245e863fb52d0c1b8b78fd68c6fa0 [1ms]
2024-02-27 05:01:19.965 [info] > git config --get commit.template [8ms]
2024-02-27 05:01:19.966 [info] > git for-each-ref --format=%(refname)%00%(upstream:short)%00%(objectname)%00%(upstream:track)%00%(upstream:remotename)%00%(upstream:remoteref) refs/heads/main refs/remotes/main [2ms]
2024-02-27 05:01:20.163 [info] > git status -z -uall [192ms]
2024-02-27 05:01:25.185 [info] > git config --get commit.template [9ms]
2024-02-27 05:01:25.187 [info] > git for-each-ref --format=%(refname)%00%(upstream:short)%00%(objectname)%00%(upstream:track)%00%(upstream:remotename)%00%(upstream:remoteref) refs/heads/main refs/remotes/main [2ms]
2024-02-27 05:01:25.402 [info] > git status -z -uall [209ms]
2024-02-27 05:01:30.436 [info] > git config --get commit.template [21ms]
2024-02-27 05:01:30.439 [info] > git for-each-ref --format=%(refname)%00%(upstream:short)%00%(objectname)%00%(upstream:track)%00%(upstream:remotename)%00%(upstream:remoteref) refs/heads/main refs/remotes/main [3ms]
2024-02-27 05:01:30.628 [info] > git status -z -uall [176ms]
2024-02-27 05:01:35.646 [info] > git config --get commit.template [7ms]
2024-02-27 05:01:35.647 [info] > git for-each-ref --format=%(refname)%00%(upstream:short)%00%(objectname)%00%(upstream:track)%00%(upstream:remotename)%00%(upstream:remoteref) refs/heads/main refs/remotes/main [2ms]
2024-02-27 05:01:35.878 [info] > git status -z -uall [223ms]
2024-02-27 05:01:54.582 [info] > git config --get commit.template [7ms]
2024-02-27 05:01:54.583 [info] > git for-each-ref --format=%(refname)%00%(upstream:short)%00%(objectname)%00%(upstream:track)%00%(upstream:remotename)%00%(upstream:remoteref) refs/heads/main refs/remotes/main [2ms]
2024-02-27 05:01:54.776 [info] > git status -z -uall [187ms]
2024-02-27 05:01:55.003 [info] > git show --textconv :blogger/app_server/views/partials/layout.pug [27ms]
2024-02-27 05:01:55.003 [info] > git ls-files --stage -- /home/bitnami/blogger/app_server/views/partials/layout.pug [15ms]
2024-02-27 05:01:55.012 [info] > git cat-file -s 9b761f41f7e990140f7a7e14ae201a0c0a7e97b1 [2ms]
2024-02-27 05:01:59.787 [info] > git config --get commit.template [2ms]
2024-02-27 05:01:59.794 [info] > git for-each-ref --format=%(refname)%00%(upstream:short)%00%(objectname)%00%(upstream:track)%00%(upstream:remotename)%00%(upstream:remoteref) refs/heads/main refs/remotes/main [1ms]
2024-02-27 05:01:59.969 [info] > git show --textconv :blogger/app_server/views/partials/nav.pug [34ms]
2024-02-27 05:01:59.975 [info] > git ls-files --stage -- /home/bitnami/blogger/app_server/views/partials/nav.pug [23ms]
2024-02-27 05:01:59.986 [info] > git cat-file -s f6c5aef72efb46bfb4be6f1f6cc0ea00129d6f4e [2ms]
2024-02-27 05:02:00.098 [info] > git status -z -uall [298ms]
2024-02-27 05:02:04.472 [info] > git show --textconv :blogger/app_server/views/blog/blog-message.pug [20ms]
2024-02-27 05:02:04.481 [info] > git ls-files --stage -- /home/bitnami/blogger/app_server/views/blog/blog-message.pug [12ms]
2024-02-27 05:02:04.490 [info] > git cat-file -s 7a831f4c5f0b1b2355aa090152e9cb68b0908524 [2ms]
2024-02-27 05:02:05.120 [info] > git config --get commit.template [8ms]
2024-02-27 05:02:05.121 [info] > git for-each-ref --format=%(refname)%00%(upstream:short)%00%(objectname)%00%(upstream:track)%00%(upstream:remotename)%00%(upstream:remoteref) refs/heads/main refs/remotes/main [2ms]
2024-02-27 05:02:05.312 [info] > git status -z -uall [183ms]
2024-02-27 05:02:05.469 [info] > git show --textconv :blogger/app_server/views/blog/blog-list.pug [14ms]
2024-02-27 05:02:05.475 [info] > git ls-files --stage -- /home/bitnami/blogger/app_server/views/blog/blog-list.pug [10ms]
2024-02-27 05:02:05.483 [info] > git cat-file -s c8b2509bb06245e863fb52d0c1b8b78fd68c6fa0 [2ms]
2024-02-27 05:02:06.819 [info] > git show --textconv :blogger/app_server/views/blog/blog-error.pug [17ms]
2024-02-27 05:02:06.825 [info] > git ls-files --stage -- /home/bitnami/blogger/app_server/views/blog/blog-error.pug [11ms]
2024-02-27 05:02:06.832 [info] > git cat-file -s f1c61eb2d663793462327bca3697e1019d3cd2f6 [2ms]
2024-02-27 05:02:07.477 [info] > git show --textconv :blogger/app_server/views/blog/blog-edit.pug [15ms]
2024-02-27 05:02:07.485 [info] > git ls-files --stage -- /home/bitnami/blogger/app_server/views/blog/blog-edit.pug [15ms]
2024-02-27 05:02:07.493 [info] > git cat-file -s 792d27cff373c911f1be041bf6e0d547d84431d5 [1ms]
2024-02-27 05:02:10.330 [info] > git config --get commit.template [7ms]
2024-02-27 05:02:10.330 [info] > git for-each-ref --format=%(refname)%00%(upstream:short)%00%(objectname)%00%(upstream:track)%00%(upstream:remotename)%00%(upstream:remoteref) refs/heads/main refs/remotes/main [1ms]
2024-02-27 05:02:10.523 [info] > git status -z -uall [181ms]
2024-02-27 05:02:15.544 [info] > git config --get commit.template [8ms]
2024-02-27 05:02:15.545 [info] > git for-each-ref --format=%(refname)%00%(upstream:short)%00%(objectname)%00%(upstream:track)%00%(upstream:remotename)%00%(upstream:remoteref) refs/heads/main refs/remotes/main [2ms]
2024-02-27 05:02:15.722 [info] > git show --textconv :blogger/app_server/views/blog/blog-delete.pug [38ms]
2024-02-27 05:02:15.727 [info] > git ls-files --stage -- /home/bitnami/blogger/app_server/views/blog/blog-delete.pug [24ms]
2024-02-27 05:02:15.741 [info] > git cat-file -s 5fb444b2e82b974a56f5f810cd0532d9b35b53ab [2ms]
2024-02-27 05:02:15.754 [info] > git status -z -uall [203ms]
2024-02-27 05:02:20.338 [info] > git show --textconv :blogger/app_server/views/blog/blog-add.pug [13ms]
2024-02-27 05:02:20.345 [info] > git ls-files --stage -- /home/bitnami/blogger/app_server/views/blog/blog-add.pug [8ms]
2024-02-27 05:02:20.352 [info] > git cat-file -s 77fb70b04206dd36f8de40637b4c74d44476c3ef [1ms]
2024-02-27 05:02:20.772 [info] > git config --get commit.template [8ms]
2024-02-27 05:02:20.773 [info] > git for-each-ref --format=%(refname)%00%(upstream:short)%00%(objectname)%00%(upstream:track)%00%(upstream:remotename)%00%(upstream:remoteref) refs/heads/main refs/remotes/main [2ms]
2024-02-27 05:02:20.972 [info] > git status -z -uall [185ms]
2024-02-27 05:02:22.908 [info] > git show --textconv :blogger/app_server/views/blog/blog-delete.pug [13ms]
2024-02-27 05:02:22.915 [info] > git ls-files --stage -- /home/bitnami/blogger/app_server/views/blog/blog-delete.pug [10ms]
2024-02-27 05:02:22.922 [info] > git cat-file -s 5fb444b2e82b974a56f5f810cd0532d9b35b53ab [1ms]
2024-02-27 05:02:29.988 [info] > git config --get commit.template [8ms]
2024-02-27 05:02:29.990 [info] > git for-each-ref --format=%(refname)%00%(upstream:short)%00%(objectname)%00%(upstream:track)%00%(upstream:remotename)%00%(upstream:remoteref) refs/heads/main refs/remotes/main [3ms]
2024-02-27 05:02:30.218 [info] > git status -z -uall [221ms]
2024-02-27 05:02:30.263 [info] > git show --textconv :blogger/app_server/routes/index.js [21ms]
2024-02-27 05:02:30.269 [info] > git ls-files --stage -- /home/bitnami/blogger/app_server/routes/index.js [16ms]
2024-02-27 05:02:30.298 [info] > git cat-file -s 9b6b39a4ef4c5ca08bae3dc506661ac5858ccfb6 [14ms]
2024-02-27 05:02:35.240 [info] > git config --get commit.template [10ms]
2024-02-27 05:02:35.241 [info] > git for-each-ref --format=%(refname)%00%(upstream:short)%00%(objectname)%00%(upstream:track)%00%(upstream:remotename)%00%(upstream:remoteref) refs/heads/main refs/remotes/main [2ms]
2024-02-27 05:02:35.423 [info] > git status -z -uall [176ms]
2024-02-27 05:02:40.439 [info] > git config --get commit.template [6ms]
2024-02-27 05:02:40.439 [info] > git for-each-ref --format=%(refname)%00%(upstream:short)%00%(objectname)%00%(upstream:track)%00%(upstream:remotename)%00%(upstream:remoteref) refs/heads/main refs/remotes/main [1ms]
2024-02-27 05:02:40.566 [info] > git show --textconv :blogger/app_server/controllers/blog.js [26ms]
2024-02-27 05:02:40.583 [info] > git ls-files --stage -- /home/bitnami/blogger/app_server/controllers/blog.js [19ms]
2024-02-27 05:02:40.624 [info] > git cat-file -s aa8f87e4771e0d66de8f41319192375d997880dd [27ms]
2024-02-27 05:02:40.792 [info] > git status -z -uall [347ms]
2024-02-27 05:02:45.809 [info] > git config --get commit.template [6ms]
2024-02-27 05:02:45.809 [info] > git for-each-ref --format=%(refname)%00%(upstream:short)%00%(objectname)%00%(upstream:track)%00%(upstream:remotename)%00%(upstream:remoteref) refs/heads/main refs/remotes/main [1ms]
2024-02-27 05:02:45.994 [info] > git status -z -uall [179ms]
2024-02-27 05:02:53.797 [info] > git config --get commit.template [7ms]
2024-02-27 05:02:53.798 [info] > git for-each-ref --format=%(refname)%00%(upstream:short)%00%(objectname)%00%(upstream:track)%00%(upstream:remotename)%00%(upstream:remoteref) refs/heads/main refs/remotes/main [2ms]
2024-02-27 05:02:54.009 [info] > git status -z -uall [205ms]
2024-02-27 05:03:23.783 [info] > git config --get commit.template [7ms]
2024-02-27 05:03:23.783 [info] > git for-each-ref --format=%(refname)%00%(upstream:short)%00%(objectname)%00%(upstream:track)%00%(upstream:remotename)%00%(upstream:remoteref) refs/heads/main refs/remotes/main [1ms]
2024-02-27 05:03:24.020 [info] > git status -z -uall [229ms]
2024-02-27 05:03:24.173 [info] > git show --textconv :blogger/app_server/views/blog/blog-delete.pug [19ms]
2024-02-27 05:03:24.181 [info] > git ls-files --stage -- /home/bitnami/blogger/app_server/views/blog/blog-delete.pug [17ms]
2024-02-27 05:03:24.188 [info] > git cat-file -s 5fb444b2e82b974a56f5f810cd0532d9b35b53ab [1ms]
2024-02-27 05:03:25.621 [info] > git show --textconv :blogger/app_server/views/blog/blog-add.pug [14ms]
2024-02-27 05:03:25.627 [info] > git ls-files --stage -- /home/bitnami/blogger/app_server/views/blog/blog-add.pug [11ms]
2024-02-27 05:03:25.634 [info] > git cat-file -s 77fb70b04206dd36f8de40637b4c74d44476c3ef [1ms]
2024-02-27 05:03:29.000 [info] > git show --textconv :blogger/app_server/views/blog/blog-delete.pug [17ms]
2024-02-27 05:03:29.008 [info] > git ls-files --stage -- /home/bitnami/blogger/app_server/views/blog/blog-delete.pug [17ms]
2024-02-27 05:03:29.016 [info] > git cat-file -s 5fb444b2e82b974a56f5f810cd0532d9b35b53ab [1ms]
2024-02-27 05:03:29.037 [info] > git config --get commit.template [7ms]
2024-02-27 05:03:29.038 [info] > git for-each-ref --format=%(refname)%00%(upstream:short)%00%(objectname)%00%(upstream:track)%00%(upstream:remotename)%00%(upstream:remoteref) refs/heads/main refs/remotes/main [2ms]
2024-02-27 05:03:29.227 [info] > git status -z -uall [182ms]
2024-02-27 05:03:34.242 [info] > git config --get commit.template [6ms]
2024-02-27 05:03:34.243 [info] > git for-each-ref --format=%(refname)%00%(upstream:short)%00%(objectname)%00%(upstream:track)%00%(upstream:remotename)%00%(upstream:remoteref) refs/heads/main refs/remotes/main [2ms]
2024-02-27 05:03:34.446 [info] > git status -z -uall [196ms]
2024-02-27 05:03:37.068 [info] > git show --textconv :blogger/app_server/views/blog/blog-edit.pug [14ms]
2024-02-27 05:03:37.075 [info] > git ls-files --stage -- /home/bitnami/blogger/app_server/views/blog/blog-edit.pug [13ms]
2024-02-27 05:03:37.083 [info] > git cat-file -s 792d27cff373c911f1be041bf6e0d547d84431d5 [1ms]
2024-02-27 05:03:38.785 [info] > git show --textconv :blogger/app_server/views/blog/blog-delete.pug [30ms]
2024-02-27 05:03:38.791 [info] > git ls-files --stage -- /home/bitnami/blogger/app_server/views/blog/blog-delete.pug [19ms]
2024-02-27 05:03:38.798 [info] > git cat-file -s 5fb444b2e82b974a56f5f810cd0532d9b35b53ab [1ms]
2024-02-27 05:03:39.462 [info] > git config --get commit.template [7ms]
2024-02-27 05:03:39.463 [info] > git for-each-ref --format=%(refname)%00%(upstream:short)%00%(objectname)%00%(upstream:track)%00%(upstream:remotename)%00%(upstream:remoteref) refs/heads/main refs/remotes/main [2ms]
2024-02-27 05:03:39.660 [info] > git status -z -uall [190ms]
2024-02-27 05:03:40.481 [info] > git show --textconv :blogger/app_server/views/blog/blog-edit.pug [14ms]
2024-02-27 05:03:40.486 [info] > git ls-files --stage -- /home/bitnami/blogger/app_server/views/blog/blog-edit.pug [10ms]
2024-02-27 05:03:40.493 [info] > git cat-file -s 792d27cff373c911f1be041bf6e0d547d84431d5 [1ms]
2024-02-27 05:03:44.677 [info] > git config --get commit.template [7ms]
2024-02-27 05:03:44.679 [info] > git for-each-ref --format=%(refname)%00%(upstream:short)%00%(objectname)%00%(upstream:track)%00%(upstream:remotename)%00%(upstream:remoteref) refs/heads/main refs/remotes/main [3ms]
2024-02-27 05:03:44.874 [info] > git status -z -uall [189ms]
2024-02-27 05:03:48.899 [info] > git show --textconv :blogger/app_server/views/blog/blog-error.pug [13ms]
2024-02-27 05:03:48.904 [info] > git ls-files --stage -- /home/bitnami/blogger/app_server/views/blog/blog-error.pug [11ms]
2024-02-27 05:03:48.911 [info] > git cat-file -s f1c61eb2d663793462327bca3697e1019d3cd2f6 [1ms]
2024-02-27 05:03:49.892 [info] > git config --get commit.template [8ms]
2024-02-27 05:03:49.893 [info] > git for-each-ref --format=%(refname)%00%(upstream:short)%00%(objectname)%00%(upstream:track)%00%(upstream:remotename)%00%(upstream:remoteref) refs/heads/main refs/remotes/main [1ms]
2024-02-27 05:03:50.102 [info] > git status -z -uall [204ms]
2024-02-27 05:03:50.484 [info] > git show --textconv :blogger/app_server/views/blog/blog-list.pug [14ms]
2024-02-27 05:03:50.490 [info] > git ls-files --stage -- /home/bitnami/blogger/app_server/views/blog/blog-list.pug [10ms]
2024-02-27 05:03:50.497 [info] > git cat-file -s c8b2509bb06245e863fb52d0c1b8b78fd68c6fa0 [1ms]
2024-02-27 05:03:55.128 [info] > git config --get commit.template [11ms]
2024-02-27 05:03:55.130 [info] > git for-each-ref --format=%(refname)%00%(upstream:short)%00%(objectname)%00%(upstream:track)%00%(upstream:remotename)%00%(upstream:remoteref) refs/heads/main refs/remotes/main [7ms]
2024-02-27 05:03:55.325 [info] > git status -z -uall [189ms]
2024-02-27 05:03:58.234 [info] > git show --textconv :blogger/app_server/views/blog/blog-message.pug [14ms]
2024-02-27 05:03:58.240 [info] > git ls-files --stage -- /home/bitnami/blogger/app_server/views/blog/blog-message.pug [11ms]
2024-02-27 05:03:58.249 [info] > git cat-file -s 7a831f4c5f0b1b2355aa090152e9cb68b0908524 [2ms]
2024-02-27 05:04:00.349 [info] > git config --get commit.template [10ms]
2024-02-27 05:04:00.351 [info] > git for-each-ref --format=%(refname)%00%(upstream:short)%00%(objectname)%00%(upstream:track)%00%(upstream:remotename)%00%(upstream:remoteref) refs/heads/main refs/remotes/main [4ms]
2024-02-27 05:04:00.550 [info] > git status -z -uall [191ms]
2024-02-27 05:04:06.818 [info] > git config --get commit.template [6ms]
2024-02-27 05:04:06.819 [info] > git for-each-ref --format=%(refname)%00%(upstream:short)%00%(objectname)%00%(upstream:track)%00%(upstream:remotename)%00%(upstream:remoteref) refs/heads/main refs/remotes/main [2ms]
2024-02-27 05:04:07.006 [info] > git status -z -uall [181ms]
2024-02-27 05:04:07.134 [info] > git show --textconv :blogger/app_server/views/partials/layout.pug [23ms]
2024-02-27 05:04:07.139 [info] > git ls-files --stage -- /home/bitnami/blogger/app_server/views/partials/layout.pug [19ms]
2024-02-27 05:04:07.146 [info] > git cat-file -s 9b761f41f7e990140f7a7e14ae201a0c0a7e97b1 [1ms]
2024-02-27 05:04:33.785 [info] > git config --get commit.template [8ms]
2024-02-27 05:04:33.786 [info] > git for-each-ref --format=%(refname)%00%(upstream:short)%00%(objectname)%00%(upstream:track)%00%(upstream:remotename)%00%(upstream:remoteref) refs/heads/main refs/remotes/main [2ms]
2024-02-27 05:04:33.986 [info] > git status -z -uall [190ms]
2024-02-27 05:04:38.073 [info] > git show --textconv :blogger/app_server/views/partials/nav.pug [14ms]
2024-02-27 05:04:38.080 [info] > git ls-files --stage -- /home/bitnami/blogger/app_server/views/partials/nav.pug [11ms]
2024-02-27 05:04:38.088 [info] > git cat-file -s f6c5aef72efb46bfb4be6f1f6cc0ea00129d6f4e [1ms]
2024-02-27 05:04:39.006 [info] > git config --get commit.template [7ms]
2024-02-27 05:04:39.006 [info] > git for-each-ref --format=%(refname)%00%(upstream:short)%00%(objectname)%00%(upstream:track)%00%(upstream:remotename)%00%(upstream:remoteref) refs/heads/main refs/remotes/main [1ms]
2024-02-27 05:04:39.205 [info] > git status -z -uall [193ms]
2024-02-27 05:04:41.522 [info] > git show --textconv :blogger/app_server/views/partials/layout.pug [13ms]
2024-02-27 05:04:41.527 [info] > git ls-files --stage -- /home/bitnami/blogger/app_server/views/partials/layout.pug [10ms]
2024-02-27 05:04:41.534 [info] > git cat-file -s 9b761f41f7e990140f7a7e14ae201a0c0a7e97b1 [1ms]
2024-02-27 05:04:43.158 [info] > git show --textconv :blogger/app_server/views/blog/blog-message.pug [14ms]
2024-02-27 05:04:43.165 [info] > git ls-files --stage -- /home/bitnami/blogger/app_server/views/blog/blog-message.pug [11ms]
2024-02-27 05:04:43.172 [info] > git cat-file -s 7a831f4c5f0b1b2355aa090152e9cb68b0908524 [1ms]
2024-02-27 05:04:44.150 [info] > git show --textconv :blogger/app_server/views/blog/blog-list.pug [13ms]
2024-02-27 05:04:44.157 [info] > git ls-files --stage -- /home/bitnami/blogger/app_server/views/blog/blog-list.pug [10ms]
2024-02-27 05:04:44.164 [info] > git cat-file -s c8b2509bb06245e863fb52d0c1b8b78fd68c6fa0 [1ms]
2024-02-27 05:04:44.224 [info] > git config --get commit.template [8ms]
2024-02-27 05:04:44.225 [info] > git for-each-ref --format=%(refname)%00%(upstream:short)%00%(objectname)%00%(upstream:track)%00%(upstream:remotename)%00%(upstream:remoteref) refs/heads/main refs/remotes/main [2ms]
2024-02-27 05:04:44.414 [info] > git status -z -uall [182ms]
2024-02-27 05:04:44.993 [info] > git show --textconv :blogger/app_server/views/blog/blog-error.pug [13ms]
2024-02-27 05:04:44.998 [info] > git ls-files --stage -- /home/bitnami/blogger/app_server/views/blog/blog-error.pug [9ms]
2024-02-27 05:04:45.006 [info] > git cat-file -s f1c61eb2d663793462327bca3697e1019d3cd2f6 [1ms]
2024-02-27 05:04:45.627 [info] > git show --textconv :blogger/app_server/views/blog/blog-edit.pug [15ms]
2024-02-27 05:04:45.633 [info] > git ls-files --stage -- /home/bitnami/blogger/app_server/views/blog/blog-edit.pug [10ms]
2024-02-27 05:04:45.641 [info] > git cat-file -s 792d27cff373c911f1be041bf6e0d547d84431d5 [1ms]
2024-02-27 05:04:46.518 [info] > git show --textconv :blogger/app_server/views/blog/blog-delete.pug [12ms]
2024-02-27 05:04:46.523 [info] > git ls-files --stage -- /home/bitnami/blogger/app_server/views/blog/blog-delete.pug [10ms]
2024-02-27 05:04:46.532 [info] > git cat-file -s 5fb444b2e82b974a56f5f810cd0532d9b35b53ab [1ms]
2024-02-27 05:04:47.038 [info] > git show --textconv :blogger/app_server/views/blog/blog-add.pug [13ms]
2024-02-27 05:04:47.047 [info] > git ls-files --stage -- /home/bitnami/blogger/app_server/views/blog/blog-add.pug [11ms]
2024-02-27 05:04:47.055 [info] > git cat-file -s 77fb70b04206dd36f8de40637b4c74d44476c3ef [2ms]
2024-02-27 05:04:48.278 [info] > git show --textconv :blogger/app_server/views/partials/layout.pug [14ms]
2024-02-27 05:04:48.283 [info] > git ls-files --stage -- /home/bitnami/blogger/app_server/views/partials/layout.pug [11ms]
2024-02-27 05:04:48.291 [info] > git cat-file -s 9b761f41f7e990140f7a7e14ae201a0c0a7e97b1 [1ms]
2024-02-27 05:04:49.425 [info] > git config --get commit.template [2ms]
2024-02-27 05:04:49.433 [info] > git for-each-ref --format=%(refname)%00%(upstream:short)%00%(objectname)%00%(upstream:track)%00%(upstream:remotename)%00%(upstream:remoteref) refs/heads/main refs/remotes/main [1ms]
2024-02-27 05:04:49.626 [info] > git status -z -uall [187ms]
2024-02-27 05:04:52.648 [info] > git show --textconv :blogger/app_server/views/blog/blog-add.pug [12ms]
2024-02-27 05:04:52.654 [info] > git ls-files --stage -- /home/bitnami/blogger/app_server/views/blog/blog-add.pug [9ms]
2024-02-27 05:04:52.661 [info] > git cat-file -s 77fb70b04206dd36f8de40637b4c74d44476c3ef [1ms]
2024-02-27 05:05:14.018 [info] > git config --get commit.template [15ms]
2024-02-27 05:05:14.019 [info] > git for-each-ref --format=%(refname)%00%(upstream:short)%00%(objectname)%00%(upstream:track)%00%(upstream:remotename)%00%(upstream:remoteref) refs/heads/main refs/remotes/main [2ms]
2024-02-27 05:05:14.214 [info] > git status -z -uall [185ms]
2024-02-27 05:05:14.289 [info] > git show --textconv :blogger/app_server/views/layout.pug [12ms]
2024-02-27 05:05:14.295 [info] > git ls-files --stage -- /home/bitnami/blogger/app_server/views/layout.pug [10ms]
2024-02-27 05:05:14.303 [info] > git cat-file -s fcd0381f2d3fe3ce30952cd6c0a5092bb0e70b7c [1ms]
2024-02-27 05:05:16.890 [info] > git show --textconv :blogger/app_server/routes/index.js [9ms]
2024-02-27 05:05:16.898 [info] > git ls-files --stage -- /home/bitnami/blogger/app_server/routes/index.js [11ms]
2024-02-27 05:05:16.909 [info] > git cat-file -s 9b6b39a4ef4c5ca08bae3dc506661ac5858ccfb6 [5ms]
2024-02-27 05:05:19.235 [info] > git config --get commit.template [9ms]
2024-02-27 05:05:19.235 [info] > git for-each-ref --format=%(refname)%00%(upstream:short)%00%(objectname)%00%(upstream:track)%00%(upstream:remotename)%00%(upstream:remoteref) refs/heads/main refs/remotes/main [1ms]
2024-02-27 05:05:19.428 [info] > git status -z -uall [187ms]
2024-02-27 05:06:05.071 [info] > git config --get commit.template [6ms]
2024-02-27 05:06:05.072 [info] > git for-each-ref --format=%(refname)%00%(upstream:short)%00%(objectname)%00%(upstream:track)%00%(upstream:remotename)%00%(upstream:remoteref) refs/heads/main refs/remotes/main [1ms]
2024-02-27 05:06:05.405 [info] > git show --textconv :blogger/app_server/controllers/blog.js [52ms]
2024-02-27 05:06:05.407 [info] > git ls-files --stage -- /home/bitnami/blogger/app_server/controllers/blog.js [40ms]
2024-02-27 05:06:05.453 [info] > git status -z -uall [366ms]
2024-02-27 05:06:05.459 [info] > git cat-file -s aa8f87e4771e0d66de8f41319192375d997880dd [42ms]
2024-02-27 05:06:10.472 [info] > git config --get commit.template [6ms]
2024-02-27 05:06:10.472 [info] > git for-each-ref --format=%(refname)%00%(upstream:short)%00%(objectname)%00%(upstream:track)%00%(upstream:remotename)%00%(upstream:remoteref) refs/heads/main refs/remotes/main [1ms]
2024-02-27 05:06:10.670 [info] > git status -z -uall [191ms]
2024-02-27 05:06:15.684 [info] > git config --get commit.template [2ms]
2024-02-27 05:06:15.696 [info] > git for-each-ref --format=%(refname)%00%(upstream:short)%00%(objectname)%00%(upstream:track)%00%(upstream:remotename)%00%(upstream:remoteref) refs/heads/main refs/remotes/main [3ms]
2024-02-27 05:06:15.898 [info] > git status -z -uall [193ms]
2024-02-27 05:06:20.918 [info] > git config --get commit.template [9ms]
2024-02-27 05:06:20.919 [info] > git for-each-ref --format=%(refname)%00%(upstream:short)%00%(objectname)%00%(upstream:track)%00%(upstream:remotename)%00%(upstream:remoteref) refs/heads/main refs/remotes/main [2ms]
2024-02-27 05:06:21.128 [info] > git status -z -uall [201ms]
2024-02-27 05:06:26.145 [info] > git config --get commit.template [6ms]
2024-02-27 05:06:26.146 [info] > git for-each-ref --format=%(refname)%00%(upstream:short)%00%(objectname)%00%(upstream:track)%00%(upstream:remotename)%00%(upstream:remoteref) refs/heads/main refs/remotes/main [1ms]
2024-02-27 05:06:26.344 [info] > git status -z -uall [187ms]
2024-02-27 05:06:31.360 [info] > git config --get commit.template [6ms]
2024-02-27 05:06:31.361 [info] > git for-each-ref --format=%(refname)%00%(upstream:short)%00%(objectname)%00%(upstream:track)%00%(upstream:remotename)%00%(upstream:remoteref) refs/heads/main refs/remotes/main [2ms]
2024-02-27 05:06:31.546 [info] > git status -z -uall [179ms]
2024-02-27 05:06:36.563 [info] > git config --get commit.template [7ms]
2024-02-27 05:06:36.564 [info] > git for-each-ref --format=%(refname)%00%(upstream:short)%00%(objectname)%00%(upstream:track)%00%(upstream:remotename)%00%(upstream:remoteref) refs/heads/main refs/remotes/main [2ms]
2024-02-27 05:06:36.755 [info] > git status -z -uall [184ms]
2024-02-27 05:06:41.772 [info] > git config --get commit.template [8ms]
2024-02-27 05:06:41.772 [info] > git for-each-ref --format=%(refname)%00%(upstream:short)%00%(objectname)%00%(upstream:track)%00%(upstream:remotename)%00%(upstream:remoteref) refs/heads/main refs/remotes/main [2ms]
2024-02-27 05:06:41.981 [info] > git status -z -uall [201ms]
2024-02-27 05:07:02.146 [info] > git config --get commit.template [33ms]
2024-02-27 05:07:02.153 [info] > git for-each-ref --format=%(refname)%00%(upstream:short)%00%(objectname)%00%(upstream:track)%00%(upstream:remotename)%00%(upstream:remoteref) refs/heads/main refs/remotes/main [15ms]
2024-02-27 05:07:02.396 [info] > git status -z -uall [229ms]
2024-02-27 05:07:07.416 [info] > git for-each-ref --format=%(refname)%00%(upstream:short)%00%(objectname)%00%(upstream:track)%00%(upstream:remotename)%00%(upstream:remoteref) refs/heads/main refs/remotes/main [1ms]
2024-02-27 05:07:07.416 [info] > git config --get commit.template [10ms]
2024-02-27 05:07:07.608 [info] > git status -z -uall [185ms]
2024-02-27 05:07:12.626 [info] > git config --get commit.template [8ms]
2024-02-27 05:07:12.627 [info] > git for-each-ref --format=%(refname)%00%(upstream:short)%00%(objectname)%00%(upstream:track)%00%(upstream:remotename)%00%(upstream:remoteref) refs/heads/main refs/remotes/main [2ms]
2024-02-27 05:07:12.827 [info] > git status -z -uall [194ms]
2024-02-27 05:07:17.850 [info] > git config --get commit.template [7ms]
2024-02-27 05:07:17.851 [info] > git for-each-ref --format=%(refname)%00%(upstream:short)%00%(objectname)%00%(upstream:track)%00%(upstream:remotename)%00%(upstream:remoteref) refs/heads/main refs/remotes/main [2ms]
2024-02-27 05:07:18.031 [info] > git status -z -uall [175ms]
2024-02-27 05:08:07.659 [info] > git config --get commit.template [9ms]
2024-02-27 05:08:07.661 [info] > git for-each-ref --format=%(refname)%00%(upstream:short)%00%(objectname)%00%(upstream:track)%00%(upstream:remotename)%00%(upstream:remoteref) refs/heads/main refs/remotes/main [3ms]
2024-02-27 05:08:07.854 [info] > git status -z -uall [186ms]
2024-02-27 05:08:10.478 [info] > git check-ignore -v -z --stdin [23ms]
2024-02-27 05:08:13.041 [info] > git config --get commit.template [16ms]
2024-02-27 05:08:13.043 [info] > git for-each-ref --format=%(refname)%00%(upstream:short)%00%(objectname)%00%(upstream:track)%00%(upstream:remotename)%00%(upstream:remoteref) refs/heads/main refs/remotes/main [13ms]
2024-02-27 05:08:13.378 [info] > git status -z -uall [324ms]
2024-02-27 05:08:13.469 [info] > git add -A -- . [429ms]
2024-02-27 05:08:14.378 [info] > git show --textconv :.git/COMMIT_EDITMSG [13ms]
2024-02-27 05:08:14.385 [info] > git ls-files --stage -- /home/bitnami/.git/COMMIT_EDITMSG [11ms]
2024-02-27 05:08:15.198 [info] > git ls-files --stage -- /home/bitnami/.git/COMMIT_EDITMSG [8ms]
2024-02-27 05:08:15.246 [info] > git show --textconv :.git/COMMIT_EDITMSG [8ms]
2024-02-27 05:08:18.045 [info] > git -c user.useConfigOnly=true commit --quiet [4569ms]
2024-02-27 05:08:18.062 [info] > git config --get commit.template [10ms]
2024-02-27 05:08:18.065 [info] > git for-each-ref --format=%(refname)%00%(upstream:short)%00%(objectname)%00%(upstream:track)%00%(upstream:remotename)%00%(upstream:remoteref) refs/heads/main refs/remotes/main [5ms]
2024-02-27 05:08:18.270 [info] > git status -z -uall [199ms]
2024-02-27 05:08:18.294 [info] > git show --textconv :blogger/app_server/controllers/blog.js [35ms]
2024-02-27 05:08:18.294 [info] > git ls-files --stage -- /home/bitnami/blogger/app_server/controllers/blog.js [26ms]
2024-02-27 05:08:18.307 [info] > git cat-file -s 4a73ff32f4f2af5d3f43b0bb64e78d926e844e3f [6ms]
2024-02-27 05:08:18.346 [info] > git merge-base refs/heads/main refs/remotes/main/main [3ms]
2024-02-27 05:08:18.355 [info] > git rev-list --count --left-right refs/heads/main...refs/remotes/main/main [3ms]
2024-02-27 05:08:19.071 [info] > git check-ignore -v -z --stdin [9ms]
2024-02-27 05:08:19.183 [info] > git push main main:main [891ms]
2024-02-27 05:08:19.183 [info] To https://github.com/kuhaku4/csci421-lab4.git
   37d24f62..8b8e83cb  main -> main
2024-02-27 05:08:19.206 [info] > git config --get commit.template [5ms]
2024-02-27 05:08:19.216 [info] > git for-each-ref --format=%(refname)%00%(upstream:short)%00%(objectname)%00%(upstream:track)%00%(upstream:remotename)%00%(upstream:remoteref) refs/heads/main refs/remotes/main [2ms]
2024-02-27 05:08:19.303 [info] > git ls-files --stage -- /home/bitnami/blogger/app_server/controllers/blog.js [20ms]
2024-02-27 05:08:19.316 [info] > git cat-file -s 4a73ff32f4f2af5d3f43b0bb64e78d926e844e3f [3ms]
2024-02-27 05:08:19.416 [info] > git show --textconv :blogger/app_server/controllers/blog.js [16ms]
2024-02-27 05:08:19.459 [info] > git status -z -uall [237ms]
2024-02-27 05:08:19.510 [info] > git merge-base refs/heads/main refs/remotes/main/main [10ms]
2024-02-27 05:08:19.523 [info] > git config --get commit.template [12ms]
2024-02-27 05:08:19.531 [info] > git rev-list --count --left-right refs/heads/main...refs/remotes/main/main [10ms]
2024-02-27 05:08:19.533 [info] > git for-each-ref --format=%(refname)%00%(upstream:short)%00%(objectname)%00%(upstream:track)%00%(upstream:remotename)%00%(upstream:remoteref) refs/heads/main refs/remotes/main [2ms]
2024-02-27 05:08:19.744 [info] > git status -z -uall [203ms]
2024-02-27 05:08:19.760 [info] > git config --get commit.template [7ms]
2024-02-27 05:08:19.761 [info] > git for-each-ref --format=%(refname)%00%(upstream:short)%00%(objectname)%00%(upstream:track)%00%(upstream:remotename)%00%(upstream:remoteref) refs/heads/main refs/remotes/main [2ms]
2024-02-27 05:08:19.950 [info] > git status -z -uall [175ms]
2024-02-27 05:08:20.591 [info] > git ls-files --stage -- /home/bitnami/blogger/app_server/controllers/blog.js [84ms]
2024-02-27 05:08:20.600 [info] > git cat-file -s 4a73ff32f4f2af5d3f43b0bb64e78d926e844e3f [2ms]
2024-02-27 05:08:20.641 [info] > git show --textconv :blogger/app_server/controllers/blog.js [12ms]
2024-02-27 05:08:21.860 [info] > git show --textconv :blogger/app_api/controllers/blogs.js [16ms]
2024-02-27 05:08:21.870 [info] > git ls-files --stage -- /home/bitnami/blogger/app_api/controllers/blogs.js [16ms]
2024-02-27 05:08:21.880 [info] > git cat-file -s c77029e0e76b5dae968b3a1be1d10c009d86282f [2ms]
2024-02-27 05:08:38.110 [info] > git for-each-ref --format=%(refname)%00%(upstream:short)%00%(objectname)%00%(upstream:track)%00%(upstream:remotename)%00%(upstream:remoteref) refs/heads/main refs/remotes/main [3ms]
2024-02-27 05:08:38.110 [info] > git config --get commit.template [10ms]
2024-02-27 05:08:38.299 [info] > git status -z -uall [182ms]
2024-02-27 05:08:43.322 [info] > git for-each-ref --format=%(refname)%00%(upstream:short)%00%(objectname)%00%(upstream:track)%00%(upstream:remotename)%00%(upstream:remoteref) refs/heads/main refs/remotes/main [5ms]
2024-02-27 05:08:43.323 [info] > git config --get commit.template [12ms]
2024-02-27 05:08:43.517 [info] > git status -z -uall [188ms]
2024-02-27 05:08:44.692 [info] > git show --textconv :blogger/app_server/controllers/blog.js [14ms]
2024-02-27 05:08:44.697 [info] > git ls-files --stage -- /home/bitnami/blogger/app_server/controllers/blog.js [10ms]
2024-02-27 05:08:44.707 [info] > git cat-file -s 4a73ff32f4f2af5d3f43b0bb64e78d926e844e3f [3ms]
2024-02-27 05:08:48.533 [info] > git config --get commit.template [7ms]
2024-02-27 05:08:48.534 [info] > git for-each-ref --format=%(refname)%00%(upstream:short)%00%(objectname)%00%(upstream:track)%00%(upstream:remotename)%00%(upstream:remoteref) refs/heads/main refs/remotes/main [2ms]
2024-02-27 05:08:48.751 [info] > git status -z -uall [211ms]
2024-02-27 05:08:53.777 [info] > git config --get commit.template [17ms]
2024-02-27 05:08:53.777 [info] > git for-each-ref --format=%(refname)%00%(upstream:short)%00%(objectname)%00%(upstream:track)%00%(upstream:remotename)%00%(upstream:remoteref) refs/heads/main refs/remotes/main [1ms]
2024-02-27 05:08:53.960 [info] > git status -z -uall [176ms]
2024-02-27 05:08:58.977 [info] > git config --get commit.template [8ms]
2024-02-27 05:08:58.978 [info] > git for-each-ref --format=%(refname)%00%(upstream:short)%00%(objectname)%00%(upstream:track)%00%(upstream:remotename)%00%(upstream:remoteref) refs/heads/main refs/remotes/main [2ms]
2024-02-27 05:08:59.164 [info] > git status -z -uall [181ms]
2024-02-27 05:09:04.181 [info] > git config --get commit.template [1ms]
2024-02-27 05:09:04.188 [info] > git for-each-ref --format=%(refname)%00%(upstream:short)%00%(objectname)%00%(upstream:track)%00%(upstream:remotename)%00%(upstream:remoteref) refs/heads/main refs/remotes/main [1ms]
2024-02-27 05:09:04.378 [info] > git status -z -uall [184ms]
2024-02-27 05:09:09.394 [info] > git config --get commit.template [6ms]
2024-02-27 05:09:09.395 [info] > git for-each-ref --format=%(refname)%00%(upstream:short)%00%(objectname)%00%(upstream:track)%00%(upstream:remotename)%00%(upstream:remoteref) refs/heads/main refs/remotes/main [2ms]
2024-02-27 05:09:09.606 [info] > git status -z -uall [206ms]
2024-02-27 05:09:14.618 [info] > git config --get commit.template [1ms]
2024-02-27 05:09:14.629 [info] > git for-each-ref --format=%(refname)%00%(upstream:short)%00%(objectname)%00%(upstream:track)%00%(upstream:remotename)%00%(upstream:remoteref) refs/heads/main refs/remotes/main [1ms]
2024-02-27 05:09:14.802 [info] > git status -z -uall [167ms]
2024-02-27 05:09:19.819 [info] > git config --get commit.template [7ms]
2024-02-27 05:09:19.820 [info] > git for-each-ref --format=%(refname)%00%(upstream:short)%00%(objectname)%00%(upstream:track)%00%(upstream:remotename)%00%(upstream:remoteref) refs/heads/main refs/remotes/main [2ms]
2024-02-27 05:09:20.026 [info] > git status -z -uall [200ms]
2024-02-27 05:10:19.702 [info] > git config --get commit.template [2ms]
2024-02-27 05:10:19.709 [info] > git for-each-ref --format=%(refname)%00%(upstream:short)%00%(objectname)%00%(upstream:track)%00%(upstream:remotename)%00%(upstream:remoteref) refs/heads/main refs/remotes/main [2ms]
2024-02-27 05:10:19.907 [info] > git status -z -uall [191ms]
2024-02-27 05:10:24.926 [info] > git config --get commit.template [8ms]
2024-02-27 05:10:24.927 [info] > git for-each-ref --format=%(refname)%00%(upstream:short)%00%(objectname)%00%(upstream:track)%00%(upstream:remotename)%00%(upstream:remoteref) refs/heads/main refs/remotes/main [3ms]
2024-02-27 05:10:25.129 [info] > git status -z -uall [196ms]
2024-02-27 05:10:30.151 [info] > git config --get commit.template [9ms]
2024-02-27 05:10:30.152 [info] > git for-each-ref --format=%(refname)%00%(upstream:short)%00%(objectname)%00%(upstream:track)%00%(upstream:remotename)%00%(upstream:remoteref) refs/heads/main refs/remotes/main [2ms]
2024-02-27 05:10:30.355 [info] > git status -z -uall [197ms]
2024-02-27 05:10:35.372 [info] > git config --get commit.template [6ms]
2024-02-27 05:10:35.373 [info] > git for-each-ref --format=%(refname)%00%(upstream:short)%00%(objectname)%00%(upstream:track)%00%(upstream:remotename)%00%(upstream:remoteref) refs/heads/main refs/remotes/main [2ms]
2024-02-27 05:10:35.552 [info] > git status -z -uall [173ms]
2024-02-27 05:10:40.569 [info] > git config --get commit.template [7ms]
2024-02-27 05:10:40.570 [info] > git for-each-ref --format=%(refname)%00%(upstream:short)%00%(objectname)%00%(upstream:track)%00%(upstream:remotename)%00%(upstream:remoteref) refs/heads/main refs/remotes/main [2ms]
2024-02-27 05:10:40.751 [info] > git status -z -uall [176ms]
2024-02-27 05:10:45.770 [info] > git for-each-ref --format=%(refname)%00%(upstream:short)%00%(objectname)%00%(upstream:track)%00%(upstream:remotename)%00%(upstream:remoteref) refs/heads/main refs/remotes/main [3ms]
2024-02-27 05:10:45.770 [info] > git config --get commit.template [10ms]
2024-02-27 05:10:45.967 [info] > git status -z -uall [192ms]
2024-02-27 05:10:50.985 [info] > git config --get commit.template [7ms]
2024-02-27 05:10:50.986 [info] > git for-each-ref --format=%(refname)%00%(upstream:short)%00%(objectname)%00%(upstream:track)%00%(upstream:remotename)%00%(upstream:remoteref) refs/heads/main refs/remotes/main [2ms]
2024-02-27 05:10:51.210 [info] > git status -z -uall [216ms]
2024-02-27 05:10:51.863 [info] > git check-ignore -v -z --stdin [11ms]
2024-02-27 05:10:56.230 [info] > git config --get commit.template [7ms]
2024-02-27 05:10:56.231 [info] > git for-each-ref --format=%(refname)%00%(upstream:short)%00%(objectname)%00%(upstream:track)%00%(upstream:remotename)%00%(upstream:remoteref) refs/heads/main refs/remotes/main [2ms]
2024-02-27 05:10:56.419 [info] > git status -z -uall [182ms]
2024-02-27 05:11:01.448 [info] > git config --get commit.template [16ms]
2024-02-27 05:11:01.448 [info] > git for-each-ref --format=%(refname)%00%(upstream:short)%00%(objectname)%00%(upstream:track)%00%(upstream:remotename)%00%(upstream:remoteref) refs/heads/main refs/remotes/main [2ms]
2024-02-27 05:11:01.720 [info] > git status -z -uall [264ms]
2024-02-27 05:11:06.735 [info] > git config --get commit.template [6ms]
2024-02-27 05:11:06.735 [info] > git for-each-ref --format=%(refname)%00%(upstream:short)%00%(objectname)%00%(upstream:track)%00%(upstream:remotename)%00%(upstream:remoteref) refs/heads/main refs/remotes/main [1ms]
2024-02-27 05:11:06.928 [info] > git status -z -uall [188ms]
2024-02-27 05:11:11.944 [info] > git config --get commit.template [7ms]
2024-02-27 05:11:11.945 [info] > git for-each-ref --format=%(refname)%00%(upstream:short)%00%(objectname)%00%(upstream:track)%00%(upstream:remotename)%00%(upstream:remoteref) refs/heads/main refs/remotes/main [2ms]
2024-02-27 05:11:12.136 [info] > git status -z -uall [185ms]
2024-02-27 05:11:12.793 [info] > git check-ignore -v -z --stdin [9ms]
2024-02-27 05:11:17.158 [info] > git config --get commit.template [9ms]
2024-02-27 05:11:17.159 [info] > git for-each-ref --format=%(refname)%00%(upstream:short)%00%(objectname)%00%(upstream:track)%00%(upstream:remotename)%00%(upstream:remoteref) refs/heads/main refs/remotes/main [2ms]
2024-02-27 05:11:17.350 [info] > git status -z -uall [182ms]
2024-02-27 05:12:30.504 [info] > git config --get commit.template [6ms]
2024-02-27 05:12:30.504 [info] > git for-each-ref --format=%(refname)%00%(upstream:short)%00%(objectname)%00%(upstream:track)%00%(upstream:remotename)%00%(upstream:remoteref) refs/heads/main refs/remotes/main [1ms]
2024-02-27 05:12:30.725 [info] > git status -z -uall [212ms]
2024-02-27 05:12:31.132 [info] > git check-ignore -v -z --stdin [13ms]
2024-02-27 05:12:35.737 [info] > git config --get commit.template [2ms]
2024-02-27 05:12:35.745 [info] > git for-each-ref --format=%(refname)%00%(upstream:short)%00%(objectname)%00%(upstream:track)%00%(upstream:remotename)%00%(upstream:remoteref) refs/heads/main refs/remotes/main [2ms]
2024-02-27 05:12:35.943 [info] > git status -z -uall [193ms]
2024-02-27 05:12:37.317 [info] > git show --textconv :blogger/app_server/views/partials/nav.pug [12ms]
2024-02-27 05:12:37.326 [info] > git ls-files --stage -- /home/bitnami/blogger/app_server/views/partials/nav.pug [13ms]
2024-02-27 05:12:37.335 [info] > git cat-file -s f6c5aef72efb46bfb4be6f1f6cc0ea00129d6f4e [2ms]
2024-02-27 05:12:40.961 [info] > git config --get commit.template [7ms]
2024-02-27 05:12:40.962 [info] > git for-each-ref --format=%(refname)%00%(upstream:short)%00%(objectname)%00%(upstream:track)%00%(upstream:remotename)%00%(upstream:remoteref) refs/heads/main refs/remotes/main [2ms]
2024-02-27 05:12:41.151 [info] > git status -z -uall [183ms]
2024-02-27 05:13:01.429 [info] > git config --get commit.template [13ms]
2024-02-27 05:13:01.431 [info] > git for-each-ref --format=%(refname)%00%(upstream:short)%00%(objectname)%00%(upstream:track)%00%(upstream:remotename)%00%(upstream:remoteref) refs/heads/main refs/remotes/main [3ms]
2024-02-27 05:13:01.702 [info] > git status -z -uall [259ms]
2024-02-27 05:13:01.820 [info] > git show --textconv :blogger/app_server/views/blog/blog-error.pug [32ms]
2024-02-27 05:13:01.847 [info] > git ls-files --stage -- /home/bitnami/blogger/app_server/views/blog/blog-error.pug [35ms]
2024-02-27 05:13:01.863 [info] > git cat-file -s f1c61eb2d663793462327bca3697e1019d3cd2f6 [3ms]
2024-02-27 05:13:05.123 [info] > git show --textconv :blogger/app_server/views/partials/nav.pug [14ms]
2024-02-27 05:13:05.131 [info] > git ls-files --stage -- /home/bitnami/blogger/app_server/views/partials/nav.pug [12ms]
2024-02-27 05:13:05.139 [info] > git cat-file -s f6c5aef72efb46bfb4be6f1f6cc0ea00129d6f4e [2ms]
2024-02-27 05:13:06.009 [info] > git show --textconv :blogger/app_server/views/blog/blog-message.pug [19ms]
2024-02-27 05:13:06.014 [info] > git ls-files --stage -- /home/bitnami/blogger/app_server/views/blog/blog-message.pug [14ms]
2024-02-27 05:13:06.022 [info] > git cat-file -s 7a831f4c5f0b1b2355aa090152e9cb68b0908524 [1ms]
2024-02-27 05:13:06.716 [info] > git config --get commit.template [1ms]
2024-02-27 05:13:06.723 [info] > git for-each-ref --format=%(refname)%00%(upstream:short)%00%(objectname)%00%(upstream:track)%00%(upstream:remotename)%00%(upstream:remoteref) refs/heads/main refs/remotes/main [2ms]
2024-02-27 05:13:06.913 [info] > git status -z -uall [184ms]
2024-02-27 05:13:08.410 [info] > git show --textconv :blogger/app_server/views/partials/nav.pug [15ms]
2024-02-27 05:13:08.417 [info] > git ls-files --stage -- /home/bitnami/blogger/app_server/views/partials/nav.pug [14ms]
2024-02-27 05:13:08.426 [info] > git cat-file -s f6c5aef72efb46bfb4be6f1f6cc0ea00129d6f4e [2ms]
2024-02-27 05:13:09.053 [info] > git ls-files --stage -- /home/bitnami/blogger/app_server/views/blog/blog-list.pug [13ms]
2024-02-27 05:13:09.061 [info] > git show --textconv :blogger/app_server/views/blog/blog-list.pug [28ms]
2024-02-27 05:13:09.062 [info] > git cat-file -s 7665e610dab2ac5dcbe56176896bb4c48aa6981c [2ms]
2024-02-27 05:13:11.934 [info] > git config --get commit.template [6ms]
2024-02-27 05:13:11.935 [info] > git for-each-ref --format=%(refname)%00%(upstream:short)%00%(objectname)%00%(upstream:track)%00%(upstream:remotename)%00%(upstream:remoteref) refs/heads/main refs/remotes/main [2ms]
2024-02-27 05:13:12.121 [info] > git status -z -uall [177ms]
2024-02-27 05:13:13.936 [info] > git show --textconv :blogger/app_server/views/blog/blog-delete.pug [13ms]
2024-02-27 05:13:13.942 [info] > git ls-files --stage -- /home/bitnami/blogger/app_server/views/blog/blog-delete.pug [10ms]
2024-02-27 05:13:13.949 [info] > git cat-file -s dac30a4af60aa4428896f15e942ee6a7a41af577 [2ms]
2024-02-27 05:13:15.074 [info] > git show --textconv :blogger/app_server/views/blog/blog-edit.pug [13ms]
2024-02-27 05:13:15.079 [info] > git ls-files --stage -- /home/bitnami/blogger/app_server/views/blog/blog-edit.pug [10ms]
2024-02-27 05:13:15.086 [info] > git cat-file -s d2ac68762feb5c31c5d90f45ec5ae5d9eb74a73e [1ms]
2024-02-27 05:13:16.146 [info] > git show --textconv :blogger/app_server/views/blog/blog-add.pug [17ms]
2024-02-27 05:13:16.153 [info] > git ls-files --stage -- /home/bitnami/blogger/app_server/views/blog/blog-add.pug [11ms]
2024-02-27 05:13:16.161 [info] > git cat-file -s 77fb70b04206dd36f8de40637b4c74d44476c3ef [1ms]
2024-02-27 05:13:16.626 [info] > git show --textconv :blogger/app_server/views/blog/blog-delete.pug [15ms]
2024-02-27 05:13:16.632 [info] > git ls-files --stage -- /home/bitnami/blogger/app_server/views/blog/blog-delete.pug [11ms]
2024-02-27 05:13:16.640 [info] > git cat-file -s dac30a4af60aa4428896f15e942ee6a7a41af577 [2ms]
2024-02-27 05:13:17.134 [info] > git show --textconv :blogger/app_server/views/blog/blog-edit.pug [24ms]
2024-02-27 05:13:17.144 [info] > git config --get commit.template [11ms]
2024-02-27 05:13:17.146 [info] > git ls-files --stage -- /home/bitnami/blogger/app_server/views/blog/blog-edit.pug [28ms]
2024-02-27 05:13:17.154 [info] > git for-each-ref --format=%(refname)%00%(upstream:short)%00%(objectname)%00%(upstream:track)%00%(upstream:remotename)%00%(upstream:remoteref) refs/heads/main refs/remotes/main [11ms]
2024-02-27 05:13:17.168 [info] > git cat-file -s d2ac68762feb5c31c5d90f45ec5ae5d9eb74a73e [13ms]
2024-02-27 05:13:17.377 [info] > git status -z -uall [211ms]
2024-02-27 05:13:17.776 [info] > git show --textconv :blogger/app_server/views/blog/blog-list.pug [12ms]
2024-02-27 05:13:17.781 [info] > git ls-files --stage -- /home/bitnami/blogger/app_server/views/blog/blog-list.pug [10ms]
2024-02-27 05:13:17.788 [info] > git cat-file -s 7665e610dab2ac5dcbe56176896bb4c48aa6981c [1ms]
2024-02-27 05:13:20.586 [info] > git show --textconv :blogger/app_server/views/blog/blog-edit.pug [14ms]
2024-02-27 05:13:20.593 [info] > git ls-files --stage -- /home/bitnami/blogger/app_server/views/blog/blog-edit.pug [12ms]
2024-02-27 05:13:20.602 [info] > git cat-file -s d2ac68762feb5c31c5d90f45ec5ae5d9eb74a73e [2ms]
2024-02-27 05:13:22.332 [info] > git show --textconv :blogger/app_server/views/blog/blog-delete.pug [19ms]
2024-02-27 05:13:22.342 [info] > git ls-files --stage -- /home/bitnami/blogger/app_server/views/blog/blog-delete.pug [16ms]
2024-02-27 05:13:22.350 [info] > git cat-file -s dac30a4af60aa4428896f15e942ee6a7a41af577 [1ms]
2024-02-27 05:13:22.394 [info] > git config --get commit.template [6ms]
2024-02-27 05:13:22.395 [info] > git for-each-ref --format=%(refname)%00%(upstream:short)%00%(objectname)%00%(upstream:track)%00%(upstream:remotename)%00%(upstream:remoteref) refs/heads/main refs/remotes/main [2ms]
2024-02-27 05:13:22.581 [info] > git status -z -uall [180ms]
2024-02-27 05:13:24.920 [info] > git show --textconv :blogger/app_server/views/blog/blog-list.pug [22ms]
2024-02-27 05:13:24.928 [info] > git ls-files --stage -- /home/bitnami/blogger/app_server/views/blog/blog-list.pug [9ms]
2024-02-27 05:13:24.935 [info] > git cat-file -s 7665e610dab2ac5dcbe56176896bb4c48aa6981c [1ms]
2024-02-27 05:13:27.597 [info] > git config --get commit.template [6ms]
2024-02-27 05:13:27.598 [info] > git for-each-ref --format=%(refname)%00%(upstream:short)%00%(objectname)%00%(upstream:track)%00%(upstream:remotename)%00%(upstream:remoteref) refs/heads/main refs/remotes/main [2ms]
2024-02-27 05:13:27.773 [info] > git status -z -uall [167ms]
2024-02-27 05:13:43.502 [info] > git config --get commit.template [8ms]
2024-02-27 05:13:43.503 [info] > git for-each-ref --format=%(refname)%00%(upstream:short)%00%(objectname)%00%(upstream:track)%00%(upstream:remotename)%00%(upstream:remoteref) refs/heads/main refs/remotes/main [3ms]
2024-02-27 05:13:43.693 [info] > git status -z -uall [184ms]
2024-02-27 05:13:48.709 [info] > git config --get commit.template [7ms]
2024-02-27 05:13:48.709 [info] > git for-each-ref --format=%(refname)%00%(upstream:short)%00%(objectname)%00%(upstream:track)%00%(upstream:remotename)%00%(upstream:remoteref) refs/heads/main refs/remotes/main [1ms]
2024-02-27 05:13:48.925 [info] > git status -z -uall [211ms]
2024-02-27 05:13:58.234 [info] > git config --get commit.template [10ms]
2024-02-27 05:13:58.238 [info] > git for-each-ref --format=%(refname)%00%(upstream:short)%00%(objectname)%00%(upstream:track)%00%(upstream:remotename)%00%(upstream:remoteref) refs/heads/main refs/remotes/main [4ms]
2024-02-27 05:13:58.443 [info] > git status -z -uall [194ms]
2024-02-27 05:13:58.830 [info] > git show --textconv :blogger/app_server/views/blog/blog-edit.pug [9ms]
2024-02-27 05:13:58.837 [info] > git ls-files --stage -- /home/bitnami/blogger/app_server/views/blog/blog-edit.pug [9ms]
2024-02-27 05:13:58.843 [info] > git cat-file -s d2ac68762feb5c31c5d90f45ec5ae5d9eb74a73e [1ms]
2024-02-27 05:14:00.825 [info] > git show --textconv :blogger/app_server/views/blog/blog-list.pug [12ms]
2024-02-27 05:14:00.830 [info] > git ls-files --stage -- /home/bitnami/blogger/app_server/views/blog/blog-list.pug [10ms]
2024-02-27 05:14:00.838 [info] > git cat-file -s 7665e610dab2ac5dcbe56176896bb4c48aa6981c [1ms]
2024-02-27 05:14:03.463 [info] > git config --get commit.template [8ms]
2024-02-27 05:14:03.465 [info] > git for-each-ref --format=%(refname)%00%(upstream:short)%00%(objectname)%00%(upstream:track)%00%(upstream:remotename)%00%(upstream:remoteref) refs/heads/main refs/remotes/main [3ms]
2024-02-27 05:14:03.653 [info] > git status -z -uall [180ms]
2024-02-27 05:14:20.135 [info] > git config --get commit.template [7ms]
2024-02-27 05:14:20.135 [info] > git for-each-ref --format=%(refname)%00%(upstream:short)%00%(objectname)%00%(upstream:track)%00%(upstream:remotename)%00%(upstream:remoteref) refs/heads/main refs/remotes/main [1ms]
2024-02-27 05:14:20.338 [info] > git status -z -uall [197ms]
2024-02-27 05:14:32.820 [info] > git config --get commit.template [7ms]
2024-02-27 05:14:32.821 [info] > git for-each-ref --format=%(refname)%00%(upstream:short)%00%(objectname)%00%(upstream:track)%00%(upstream:remotename)%00%(upstream:remoteref) refs/heads/main refs/remotes/main [2ms]
2024-02-27 05:14:33.021 [info] > git status -z -uall [192ms]
2024-02-27 05:14:37.929 [info] > git show --textconv :blogger/app_server/views/layout.pug [13ms]
2024-02-27 05:14:37.934 [info] > git ls-files --stage -- /home/bitnami/blogger/app_server/views/layout.pug [11ms]
2024-02-27 05:14:37.941 [info] > git cat-file -s fcd0381f2d3fe3ce30952cd6c0a5092bb0e70b7c [1ms]
2024-02-27 05:14:38.036 [info] > git config --get commit.template [3ms]
2024-02-27 05:14:38.045 [info] > git for-each-ref --format=%(refname)%00%(upstream:short)%00%(objectname)%00%(upstream:track)%00%(upstream:remotename)%00%(upstream:remoteref) refs/heads/main refs/remotes/main [2ms]
2024-02-27 05:14:38.233 [info] > git status -z -uall [181ms]
2024-02-27 05:14:42.945 [info] > git show --textconv :blogger/app_server/views/blog/blog-add.pug [13ms]
2024-02-27 05:14:42.952 [info] > git ls-files --stage -- /home/bitnami/blogger/app_server/views/blog/blog-add.pug [11ms]
2024-02-27 05:14:42.960 [info] > git cat-file -s 77fb70b04206dd36f8de40637b4c74d44476c3ef [2ms]
2024-02-27 05:14:43.252 [info] > git config --get commit.template [10ms]
2024-02-27 05:14:43.253 [info] > git for-each-ref --format=%(refname)%00%(upstream:short)%00%(objectname)%00%(upstream:track)%00%(upstream:remotename)%00%(upstream:remoteref) refs/heads/main refs/remotes/main [1ms]
2024-02-27 05:14:43.453 [info] > git status -z -uall [195ms]
2024-02-27 05:14:48.470 [info] > git config --get commit.template [6ms]
2024-02-27 05:14:48.470 [info] > git for-each-ref --format=%(refname)%00%(upstream:short)%00%(objectname)%00%(upstream:track)%00%(upstream:remotename)%00%(upstream:remoteref) refs/heads/main refs/remotes/main [1ms]
2024-02-27 05:14:48.644 [info] > git status -z -uall [167ms]
2024-02-27 05:14:57.610 [info] > git config --get commit.template [1ms]
2024-02-27 05:14:57.617 [info] > git for-each-ref --format=%(refname)%00%(upstream:short)%00%(objectname)%00%(upstream:track)%00%(upstream:remotename)%00%(upstream:remoteref) refs/heads/main refs/remotes/main [2ms]
2024-02-27 05:14:57.803 [info] > git status -z -uall [180ms]
2024-02-27 05:15:02.819 [info] > git config --get commit.template [6ms]
2024-02-27 05:15:02.819 [info] > git for-each-ref --format=%(refname)%00%(upstream:short)%00%(objectname)%00%(upstream:track)%00%(upstream:remotename)%00%(upstream:remoteref) refs/heads/main refs/remotes/main [1ms]
2024-02-27 05:15:03.014 [info] > git status -z -uall [185ms]
2024-02-27 05:15:07.013 [info] > git show --textconv :blogger/app_server/views/blog/blog-delete.pug [20ms]
2024-02-27 05:15:07.016 [info] > git ls-files --stage -- /home/bitnami/blogger/app_server/views/blog/blog-delete.pug [13ms]
2024-02-27 05:15:07.024 [info] > git cat-file -s dac30a4af60aa4428896f15e942ee6a7a41af577 [1ms]
2024-02-27 05:15:08.034 [info] > git config --get commit.template [9ms]
2024-02-27 05:15:08.035 [info] > git for-each-ref --format=%(refname)%00%(upstream:short)%00%(objectname)%00%(upstream:track)%00%(upstream:remotename)%00%(upstream:remoteref) refs/heads/main refs/remotes/main [3ms]
2024-02-27 05:15:08.233 [info] > git status -z -uall [191ms]
2024-02-27 05:15:14.149 [info] > git config --get commit.template [11ms]
2024-02-27 05:15:14.150 [info] > git for-each-ref --format=%(refname)%00%(upstream:short)%00%(objectname)%00%(upstream:track)%00%(upstream:remotename)%00%(upstream:remoteref) refs/heads/main refs/remotes/main [1ms]
2024-02-27 05:15:14.367 [info] > git status -z -uall [209ms]
2024-02-27 05:15:18.088 [info] > git show --textconv :blogger/app_server/views/blog/blog-list.pug [13ms]
2024-02-27 05:15:18.093 [info] > git ls-files --stage -- /home/bitnami/blogger/app_server/views/blog/blog-list.pug [10ms]
2024-02-27 05:15:18.100 [info] > git cat-file -s 7665e610dab2ac5dcbe56176896bb4c48aa6981c [1ms]
2024-02-27 05:15:19.384 [info] > git config --get commit.template [7ms]
2024-02-27 05:15:19.385 [info] > git for-each-ref --format=%(refname)%00%(upstream:short)%00%(objectname)%00%(upstream:track)%00%(upstream:remotename)%00%(upstream:remoteref) refs/heads/main refs/remotes/main [1ms]
2024-02-27 05:15:19.585 [info] > git status -z -uall [194ms]
2024-02-27 05:15:24.417 [info] > git show --textconv :blogger/app_server/views/blog/blog-edit.pug [16ms]
2024-02-27 05:15:24.425 [info] > git ls-files --stage -- /home/bitnami/blogger/app_server/views/blog/blog-edit.pug [13ms]
2024-02-27 05:15:24.436 [info] > git cat-file -s d2ac68762feb5c31c5d90f45ec5ae5d9eb74a73e [1ms]
2024-02-27 05:15:24.600 [info] > git config --get commit.template [0ms]
2024-02-27 05:15:24.610 [info] > git for-each-ref --format=%(refname)%00%(upstream:short)%00%(objectname)%00%(upstream:track)%00%(upstream:remotename)%00%(upstream:remoteref) refs/heads/main refs/remotes/main [2ms]
2024-02-27 05:15:24.820 [info] > git status -z -uall [204ms]
2024-02-27 05:15:29.831 [info] > git config --get commit.template [1ms]
2024-02-27 05:15:29.838 [info] > git for-each-ref --format=%(refname)%00%(upstream:short)%00%(objectname)%00%(upstream:track)%00%(upstream:remotename)%00%(upstream:remoteref) refs/heads/main refs/remotes/main [2ms]
2024-02-27 05:15:30.026 [info] > git status -z -uall [182ms]
2024-02-27 05:15:50.022 [info] > git config --get commit.template [6ms]
2024-02-27 05:15:50.023 [info] > git for-each-ref --format=%(refname)%00%(upstream:short)%00%(objectname)%00%(upstream:track)%00%(upstream:remotename)%00%(upstream:remoteref) refs/heads/main refs/remotes/main [1ms]
2024-02-27 05:15:50.211 [info] > git status -z -uall [182ms]
2024-02-27 05:15:51.758 [info] > git check-ignore -v -z --stdin [19ms]
