2024-02-26 19:24:47.732 [info] Log level: Info
2024-02-26 19:24:47.732 [info] Validating found git in: "git"
2024-02-26 19:24:47.733 [info] Using git "2.30.2" from "git"
2024-02-26 19:24:47.733 [info] > git rev-parse --show-toplevel [66ms]
2024-02-26 19:24:47.902 [info] > git rev-parse --git-dir --git-common-dir [506ms]
2024-02-26 19:24:47.966 [info] Open repository: /home/bitnami
2024-02-26 19:24:48.056 [info] > git config --get commit.template [35ms]
2024-02-26 19:24:48.062 [info] > git rev-parse --show-toplevel [23ms]
2024-02-26 19:24:48.160 [info] > git rev-parse --show-toplevel [8ms]
2024-02-26 19:24:48.203 [info] > git for-each-ref --format=%(refname)%00%(upstream:short)%00%(objectname)%00%(upstream:track)%00%(upstream:remotename)%00%(upstream:remoteref) refs/heads/main refs/remotes/main [104ms]
2024-02-26 19:24:48.236 [info] > git rev-parse --show-toplevel [58ms]
2024-02-26 19:24:48.307 [info] > git rev-parse --show-toplevel [40ms]
2024-02-26 19:24:48.363 [info] > git rev-parse --show-toplevel [15ms]
2024-02-26 19:24:48.451 [info] > git rev-parse --show-toplevel [37ms]
2024-02-26 19:24:48.633 [info] > git rev-parse --show-toplevel [45ms]
2024-02-26 19:24:48.711 [info] > git rev-parse --show-toplevel [10ms]
2024-02-26 19:24:48.756 [info] > git rev-parse --show-toplevel [10ms]
2024-02-26 19:24:48.786 [info] > git rev-parse --show-toplevel [0ms]
2024-02-26 19:24:48.850 [info] > git rev-parse --show-toplevel [31ms]
2024-02-26 19:24:48.886 [info] > git rev-parse --show-toplevel [8ms]
2024-02-26 19:24:48.921 [info] > git rev-parse --show-toplevel [18ms]
2024-02-26 19:24:48.962 [info] > git rev-parse --show-toplevel [26ms]
2024-02-26 19:24:49.014 [info] > git rev-parse --git-dir --git-common-dir [31ms]
2024-02-26 19:24:49.032 [info] Open repository: /home/bitnami/todo
2024-02-26 19:24:49.118 [info] > git check-ignore -v -z --stdin [487ms]
2024-02-26 19:24:49.129 [info] > git config --get commit.template [55ms]
2024-02-26 19:24:49.212 [info] > git rev-parse --show-toplevel [100ms]
2024-02-26 19:24:49.278 [info] > git for-each-ref --format %(refname) %(objectname) %(*objectname) refs/tags [66ms]
2024-02-26 19:24:49.309 [info] > git show --textconv :blogger/app_server/controllers/blog.js [65ms]
2024-02-26 19:24:49.309 [info] > git ls-files --stage -- /home/bitnami/blogger/app_server/controllers/blog.js [33ms]
2024-02-26 19:24:49.350 [info] > git status -z -uall [43ms]
2024-02-26 19:24:49.391 [info] > git cat-file -s 62e1f19cccf213ae600cf725ec42e0ce20a9f1d9 [43ms]
2024-02-26 19:24:49.421 [info] > git config --get commit.template [18ms]
2024-02-26 19:24:49.428 [info] > git for-each-ref --format %(refname) %(objectname) %(*objectname) refs/tags [7ms]
2024-02-26 19:24:49.462 [info] > git status -z -uall [8ms]
2024-02-26 19:24:49.825 [info] > git check-ignore -v -z --stdin [129ms]
2024-02-26 19:24:50.077 [info] > git status -z -uall [1772ms]
2024-02-26 19:24:50.153 [info] > git config --get commit.template [40ms]
2024-02-26 19:24:50.162 [info] > git for-each-ref --format=%(refname)%00%(upstream:short)%00%(objectname)%00%(upstream:track)%00%(upstream:remotename)%00%(upstream:remoteref) refs/heads/main refs/remotes/main [11ms]
2024-02-26 19:24:50.943 [info] > git status -z -uall [762ms]
2024-02-26 19:24:54.014 [info] > git merge-base refs/heads/main refs/remotes/main/main [20ms]
2024-02-26 19:24:54.054 [info] > git rev-list --count --left-right refs/heads/main...refs/remotes/main/main [25ms]
2024-02-26 19:24:54.838 [info] > git check-ignore -v -z --stdin [76ms]
2024-02-26 19:25:00.888 [info] > git config --get commit.template [9ms]
2024-02-26 19:25:00.890 [info] > git for-each-ref --format=%(refname)%00%(upstream:short)%00%(objectname)%00%(upstream:track)%00%(upstream:remotename)%00%(upstream:remoteref) refs/heads/main refs/remotes/main [4ms]
2024-02-26 19:25:01.358 [info] > git status -z -uall [461ms]
2024-02-26 19:25:02.106 [info] > git check-ignore -v -z --stdin [42ms]
2024-02-26 19:25:06.382 [info] > git config --get commit.template [7ms]
2024-02-26 19:25:06.382 [info] > git for-each-ref --format=%(refname)%00%(upstream:short)%00%(objectname)%00%(upstream:track)%00%(upstream:remotename)%00%(upstream:remoteref) refs/heads/main refs/remotes/main [1ms]
2024-02-26 19:25:06.574 [info] > git status -z -uall [185ms]
2024-02-26 19:25:11.592 [info] > git config --get commit.template [1ms]
2024-02-26 19:25:11.604 [info] > git for-each-ref --format=%(refname)%00%(upstream:short)%00%(objectname)%00%(upstream:track)%00%(upstream:remotename)%00%(upstream:remoteref) refs/heads/main refs/remotes/main [3ms]
2024-02-26 19:25:11.787 [info] > git status -z -uall [176ms]
2024-02-26 19:25:16.813 [info] > git config --get commit.template [13ms]
2024-02-26 19:25:16.815 [info] > git for-each-ref --format=%(refname)%00%(upstream:short)%00%(objectname)%00%(upstream:track)%00%(upstream:remotename)%00%(upstream:remoteref) refs/heads/main refs/remotes/main [11ms]
2024-02-26 19:25:16.992 [info] > git status -z -uall [170ms]
2024-02-26 19:25:22.007 [info] > git config --get commit.template [3ms]
2024-02-26 19:25:22.014 [info] > git for-each-ref --format=%(refname)%00%(upstream:short)%00%(objectname)%00%(upstream:track)%00%(upstream:remotename)%00%(upstream:remoteref) refs/heads/main refs/remotes/main [1ms]
2024-02-26 19:25:22.200 [info] > git status -z -uall [179ms]
2024-02-26 19:25:27.215 [info] > git config --get commit.template [2ms]
2024-02-26 19:25:27.222 [info] > git for-each-ref --format=%(refname)%00%(upstream:short)%00%(objectname)%00%(upstream:track)%00%(upstream:remotename)%00%(upstream:remoteref) refs/heads/main refs/remotes/main [1ms]
2024-02-26 19:25:27.396 [info] > git status -z -uall [164ms]
2024-02-26 19:25:32.412 [info] > git config --get commit.template [5ms]
2024-02-26 19:25:32.420 [info] > git for-each-ref --format=%(refname)%00%(upstream:short)%00%(objectname)%00%(upstream:track)%00%(upstream:remotename)%00%(upstream:remoteref) refs/heads/main refs/remotes/main [1ms]
2024-02-26 19:25:32.640 [info] > git status -z -uall [213ms]
2024-02-26 19:25:37.657 [info] > git config --get commit.template [6ms]
2024-02-26 19:25:37.658 [info] > git for-each-ref --format=%(refname)%00%(upstream:short)%00%(objectname)%00%(upstream:track)%00%(upstream:remotename)%00%(upstream:remoteref) refs/heads/main refs/remotes/main [2ms]
2024-02-26 19:25:37.836 [info] > git status -z -uall [172ms]
2024-02-26 19:25:42.854 [info] > git config --get commit.template [7ms]
2024-02-26 19:25:42.855 [info] > git for-each-ref --format=%(refname)%00%(upstream:short)%00%(objectname)%00%(upstream:track)%00%(upstream:remotename)%00%(upstream:remoteref) refs/heads/main refs/remotes/main [2ms]
2024-02-26 19:25:43.035 [info] > git status -z -uall [175ms]
2024-02-26 19:25:48.047 [info] > git config --get commit.template [1ms]
2024-02-26 19:25:48.055 [info] > git for-each-ref --format=%(refname)%00%(upstream:short)%00%(objectname)%00%(upstream:track)%00%(upstream:remotename)%00%(upstream:remoteref) refs/heads/main refs/remotes/main [2ms]
2024-02-26 19:25:48.228 [info] > git status -z -uall [166ms]
2024-02-26 19:25:53.241 [info] > git config --get commit.template [2ms]
2024-02-26 19:25:53.249 [info] > git for-each-ref --format=%(refname)%00%(upstream:short)%00%(objectname)%00%(upstream:track)%00%(upstream:remotename)%00%(upstream:remoteref) refs/heads/main refs/remotes/main [1ms]
2024-02-26 19:25:53.440 [info] > git status -z -uall [184ms]
2024-02-26 19:25:58.070 [info] > git add -A -- . [295ms]
2024-02-26 19:25:58.897 [info] > git show --textconv :.git/COMMIT_EDITMSG [14ms]
2024-02-26 19:25:58.902 [info] > git ls-files --stage -- /home/bitnami/.git/COMMIT_EDITMSG [10ms]
2024-02-26 19:25:59.171 [info] > git check-ignore -v -z --stdin [16ms]
2024-02-26 19:25:59.729 [info] > git ls-files --stage -- /home/bitnami/.git/COMMIT_EDITMSG [7ms]
2024-02-26 19:25:59.778 [info] > git show --textconv :.git/COMMIT_EDITMSG [7ms]
2024-02-26 19:26:03.744 [info] > git -c user.useConfigOnly=true commit --quiet [5668ms]
2024-02-26 19:26:03.764 [info] > git config --get commit.template [7ms]
2024-02-26 19:26:03.767 [info] > git for-each-ref --format=%(refname)%00%(upstream:short)%00%(objectname)%00%(upstream:track)%00%(upstream:remotename)%00%(upstream:remoteref) refs/heads/main refs/remotes/main [4ms]
2024-02-26 19:26:03.964 [info] > git show --textconv :blogger/app_server/controllers/blog.js [25ms]
2024-02-26 19:26:03.972 [info] > git status -z -uall [197ms]
2024-02-26 19:26:04.000 [info] > git ls-files --stage -- /home/bitnami/blogger/app_server/controllers/blog.js [41ms]
2024-02-26 19:26:04.014 [info] > git cat-file -s e31a28965f1a48fbbe12ce6066389deb76af7aaa [4ms]
2024-02-26 19:26:04.015 [info] > git config --get commit.template [17ms]
2024-02-26 19:26:04.027 [info] > git for-each-ref --format=%(refname)%00%(upstream:short)%00%(objectname)%00%(upstream:track)%00%(upstream:remotename)%00%(upstream:remoteref) refs/heads/main refs/remotes/main [4ms]
2024-02-26 19:26:04.046 [info] > git merge-base refs/heads/main refs/remotes/main/main [3ms]
2024-02-26 19:26:04.107 [info] > git rev-list --count --left-right refs/heads/main...refs/remotes/main/main [7ms]
2024-02-26 19:26:04.221 [info] > git status -z -uall [187ms]
2024-02-26 19:26:04.693 [info] > git check-ignore -v -z --stdin [9ms]
2024-02-26 19:26:04.897 [info] > git ls-files --stage -- /home/bitnami/blogger/app_server/controllers/blog.js [9ms]
2024-02-26 19:26:04.905 [info] > git cat-file -s e31a28965f1a48fbbe12ce6066389deb76af7aaa [2ms]
2024-02-26 19:26:04.959 [info] > git show --textconv :blogger/app_server/controllers/blog.js [9ms]
2024-02-26 19:26:05.168 [info] > git push main main:main [1177ms]
2024-02-26 19:26:05.168 [info] To https://github.com/kuhaku4/csci421-lab4.git
   02ecc834..13e666a8  main -> main
2024-02-26 19:26:05.182 [info] > git config --get commit.template [7ms]
2024-02-26 19:26:05.183 [info] > git for-each-ref --format=%(refname)%00%(upstream:short)%00%(objectname)%00%(upstream:track)%00%(upstream:remotename)%00%(upstream:remoteref) refs/heads/main refs/remotes/main [2ms]
2024-02-26 19:26:05.364 [info] > git status -z -uall [176ms]
2024-02-26 19:26:05.426 [info] > git merge-base refs/heads/main refs/remotes/main/main [10ms]
2024-02-26 19:26:05.433 [info] > git config --get commit.template [6ms]
2024-02-26 19:26:05.441 [info] > git rev-list --count --left-right refs/heads/main...refs/remotes/main/main [8ms]
2024-02-26 19:26:05.442 [info] > git for-each-ref --format=%(refname)%00%(upstream:short)%00%(objectname)%00%(upstream:track)%00%(upstream:remotename)%00%(upstream:remoteref) refs/heads/main refs/remotes/main [4ms]
2024-02-26 19:26:05.612 [info] > git status -z -uall [164ms]
2024-02-26 19:26:06.542 [info] > git ls-files --stage -- /home/bitnami/blogger/app_server/controllers/blog.js [8ms]
2024-02-26 19:26:06.550 [info] > git cat-file -s e31a28965f1a48fbbe12ce6066389deb76af7aaa [1ms]
2024-02-26 19:26:06.597 [info] > git show --textconv :blogger/app_server/controllers/blog.js [9ms]
2024-02-26 19:26:09.916 [info] > git config --get commit.template [2ms]
2024-02-26 19:26:09.929 [info] > git for-each-ref --format=%(refname)%00%(upstream:short)%00%(objectname)%00%(upstream:track)%00%(upstream:remotename)%00%(upstream:remoteref) refs/heads/main refs/remotes/main [3ms]
2024-02-26 19:26:10.106 [info] > git status -z -uall [171ms]
2024-02-26 19:26:15.124 [info] > git config --get commit.template [8ms]
2024-02-26 19:26:15.125 [info] > git for-each-ref --format=%(refname)%00%(upstream:short)%00%(objectname)%00%(upstream:track)%00%(upstream:remotename)%00%(upstream:remoteref) refs/heads/main refs/remotes/main [3ms]
2024-02-26 19:26:15.305 [info] > git status -z -uall [172ms]
2024-02-26 19:26:20.322 [info] > git config --get commit.template [7ms]
2024-02-26 19:26:20.322 [info] > git for-each-ref --format=%(refname)%00%(upstream:short)%00%(objectname)%00%(upstream:track)%00%(upstream:remotename)%00%(upstream:remoteref) refs/heads/main refs/remotes/main [2ms]
2024-02-26 19:26:20.587 [info] > git status -z -uall [258ms]
2024-02-26 19:26:29.299 [info] > git for-each-ref --format=%(refname)%00%(upstream:short)%00%(objectname)%00%(upstream:track)%00%(upstream:remotename)%00%(upstream:remoteref) refs/heads/main refs/remotes/main [3ms]
2024-02-26 19:26:29.299 [info] > git config --get commit.template [8ms]
2024-02-26 19:26:29.488 [info] > git status -z -uall [183ms]
2024-02-26 19:26:30.620 [info] > git show --textconv :blogger/app_server/controllers/homepage.js [23ms]
2024-02-26 19:26:30.625 [info] > git ls-files --stage -- /home/bitnami/blogger/app_server/controllers/homepage.js [15ms]
2024-02-26 19:26:30.633 [info] > git cat-file -s 7b6d82b9036f99dd46dc7d57883c2a8eff8bbb79 [1ms]
2024-02-26 19:26:34.507 [info] > git config --get commit.template [6ms]
2024-02-26 19:26:34.507 [info] > git for-each-ref --format=%(refname)%00%(upstream:short)%00%(objectname)%00%(upstream:track)%00%(upstream:remotename)%00%(upstream:remoteref) refs/heads/main refs/remotes/main [1ms]
2024-02-26 19:26:34.678 [info] > git status -z -uall [165ms]
2024-02-26 19:26:38.631 [info] > git check-ignore -v -z --stdin [10ms]
2024-02-26 19:26:39.689 [info] > git config --get commit.template [1ms]
2024-02-26 19:26:39.699 [info] > git for-each-ref --format=%(refname)%00%(upstream:short)%00%(objectname)%00%(upstream:track)%00%(upstream:remotename)%00%(upstream:remoteref) refs/heads/main refs/remotes/main [1ms]
2024-02-26 19:26:39.863 [info] > git status -z -uall [157ms]
2024-02-26 19:26:49.199 [info] > git config --get commit.template [8ms]
2024-02-26 19:26:49.200 [info] > git for-each-ref --format=%(refname)%00%(upstream:short)%00%(objectname)%00%(upstream:track)%00%(upstream:remotename)%00%(upstream:remoteref) refs/heads/main refs/remotes/main [2ms]
2024-02-26 19:26:49.375 [info] > git status -z -uall [170ms]
2024-02-26 19:26:49.640 [info] > git show --textconv :blogger/app_server/routes/index.js [22ms]
2024-02-26 19:26:49.641 [info] > git ls-files --stage -- /home/bitnami/blogger/app_server/routes/index.js [15ms]
2024-02-26 19:26:49.648 [info] > git cat-file -s 086c49b9d20987b6d5ec569ab6673083ec9ffd0d [1ms]
2024-02-26 19:26:54.394 [info] > git config --get commit.template [9ms]
2024-02-26 19:26:54.395 [info] > git for-each-ref --format=%(refname)%00%(upstream:short)%00%(objectname)%00%(upstream:track)%00%(upstream:remotename)%00%(upstream:remoteref) refs/heads/main refs/remotes/main [3ms]
2024-02-26 19:26:54.567 [info] > git status -z -uall [165ms]
2024-02-26 19:26:56.296 [info] > git check-ignore -v -z --stdin [13ms]
2024-02-26 19:29:38.330 [info] > git config --get commit.template [1ms]
2024-02-26 19:29:38.337 [info] > git for-each-ref --format=%(refname)%00%(upstream:short)%00%(objectname)%00%(upstream:track)%00%(upstream:remotename)%00%(upstream:remoteref) refs/heads/main refs/remotes/main [1ms]
2024-02-26 19:29:38.517 [info] > git status -z -uall [174ms]
2024-02-26 19:29:41.185 [info] > git ls-files --stage -- /home/bitnami/blogger/app_server/views/blogList.pug [15ms]
2024-02-26 19:29:41.197 [info] > git show --textconv :blogger/app_server/views/blogList.pug [34ms]
2024-02-26 19:29:41.198 [info] > git cat-file -s 3ec8d4348c09a6c8a2dc83b756bcd84431476c6e [3ms]
2024-02-26 19:29:42.175 [info] > git show --textconv :blogger/app_server/views/deleteBlog.pug [13ms]
2024-02-26 19:29:42.182 [info] > git ls-files --stage -- /home/bitnami/blogger/app_server/views/deleteBlog.pug [11ms]
2024-02-26 19:29:42.189 [info] > git cat-file -s e69de29bb2d1d6434b8b29ae775ad8c2e48c5391 [2ms]
2024-02-26 19:29:43.532 [info] > git config --get commit.template [6ms]
2024-02-26 19:29:43.533 [info] > git for-each-ref --format=%(refname)%00%(upstream:short)%00%(objectname)%00%(upstream:track)%00%(upstream:remotename)%00%(upstream:remoteref) refs/heads/main refs/remotes/main [2ms]
2024-02-26 19:29:43.714 [info] > git status -z -uall [176ms]
2024-02-26 19:29:44.121 [info] > git show --textconv :blogger/app_server/views/error.pug [18ms]
2024-02-26 19:29:44.124 [info] > git ls-files --stage -- /home/bitnami/blogger/app_server/views/error.pug [12ms]
2024-02-26 19:29:44.131 [info] > git cat-file -s 51ec12c6a26323d9f5bc51fb98cb1324a739ea4c [1ms]
2024-02-26 19:29:46.544 [info] > git show --textconv :blogger/app_server/views/deleteBlog.pug [12ms]
2024-02-26 19:29:46.549 [info] > git ls-files --stage -- /home/bitnami/blogger/app_server/views/deleteBlog.pug [9ms]
2024-02-26 19:29:46.556 [info] > git cat-file -s e69de29bb2d1d6434b8b29ae775ad8c2e48c5391 [1ms]
2024-02-26 19:29:47.858 [info] > git show --textconv :blogger/app_server/views/error.pug [12ms]
2024-02-26 19:29:47.865 [info] > git ls-files --stage -- /home/bitnami/blogger/app_server/views/error.pug [11ms]
2024-02-26 19:29:47.877 [info] > git cat-file -s 51ec12c6a26323d9f5bc51fb98cb1324a739ea4c [1ms]
2024-02-26 19:29:48.733 [info] > git config --get commit.template [8ms]
2024-02-26 19:29:48.733 [info] > git for-each-ref --format=%(refname)%00%(upstream:short)%00%(objectname)%00%(upstream:track)%00%(upstream:remotename)%00%(upstream:remoteref) refs/heads/main refs/remotes/main [2ms]
2024-02-26 19:29:48.918 [info] > git status -z -uall [178ms]
2024-02-26 19:29:52.590 [info] > git show --textconv :blogger/app_server/views/addBlog.pug [13ms]
2024-02-26 19:29:52.595 [info] > git ls-files --stage -- /home/bitnami/blogger/app_server/views/addBlog.pug [10ms]
2024-02-26 19:29:52.604 [info] > git cat-file -s 7548405213a1be684725d66771fc51c3652d83fe [1ms]
2024-02-26 19:29:53.941 [info] > git config --get commit.template [9ms]
2024-02-26 19:29:53.943 [info] > git for-each-ref --format=%(refname)%00%(upstream:short)%00%(objectname)%00%(upstream:track)%00%(upstream:remotename)%00%(upstream:remoteref) refs/heads/main refs/remotes/main [4ms]
2024-02-26 19:29:54.154 [info] > git status -z -uall [191ms]
2024-02-26 19:29:59.169 [info] > git config --get commit.template [6ms]
2024-02-26 19:29:59.169 [info] > git for-each-ref --format=%(refname)%00%(upstream:short)%00%(objectname)%00%(upstream:track)%00%(upstream:remotename)%00%(upstream:remoteref) refs/heads/main refs/remotes/main [1ms]
2024-02-26 19:29:59.336 [info] > git status -z -uall [162ms]
2024-02-26 19:30:20.594 [info] > git config --get commit.template [7ms]
2024-02-26 19:30:20.595 [info] > git for-each-ref --format=%(refname)%00%(upstream:short)%00%(objectname)%00%(upstream:track)%00%(upstream:remotename)%00%(upstream:remoteref) refs/heads/main refs/remotes/main [2ms]
2024-02-26 19:30:20.801 [info] > git status -z -uall [187ms]
2024-02-26 19:30:21.541 [info] > git check-ignore -v -z --stdin [11ms]
2024-02-26 19:30:25.819 [info] > git config --get commit.template [7ms]
2024-02-26 19:30:25.821 [info] > git for-each-ref --format=%(refname)%00%(upstream:short)%00%(objectname)%00%(upstream:track)%00%(upstream:remotename)%00%(upstream:remoteref) refs/heads/main refs/remotes/main [3ms]
2024-02-26 19:30:25.997 [info] > git status -z -uall [168ms]
2024-02-26 19:30:35.287 [info] > git check-ignore -v -z --stdin [9ms]
2024-02-26 19:31:21.998 [info] > git config --get commit.template [2ms]
2024-02-26 19:31:22.009 [info] > git for-each-ref --format=%(refname)%00%(upstream:short)%00%(objectname)%00%(upstream:track)%00%(upstream:remotename)%00%(upstream:remoteref) refs/heads/main refs/remotes/main [2ms]
2024-02-26 19:31:22.221 [info] > git status -z -uall [204ms]
2024-02-26 19:31:22.359 [info] > git ls-files --stage -- /home/bitnami/blogger/app_api/controllers/blogs.js [13ms]
2024-02-26 19:31:22.367 [info] > git show --textconv :blogger/app_api/controllers/blogs.js [27ms]
2024-02-26 19:31:22.368 [info] > git cat-file -s e69de29bb2d1d6434b8b29ae775ad8c2e48c5391 [2ms]
2024-02-26 19:31:27.234 [info] > git config --get commit.template [2ms]
2024-02-26 19:31:27.241 [info] > git for-each-ref --format=%(refname)%00%(upstream:short)%00%(objectname)%00%(upstream:track)%00%(upstream:remotename)%00%(upstream:remoteref) refs/heads/main refs/remotes/main [2ms]
2024-02-26 19:31:27.412 [info] > git status -z -uall [166ms]
2024-02-26 19:32:04.160 [info] > git config --get commit.template [8ms]
2024-02-26 19:32:04.160 [info] > git for-each-ref --format=%(refname)%00%(upstream:short)%00%(objectname)%00%(upstream:track)%00%(upstream:remotename)%00%(upstream:remoteref) refs/heads/main refs/remotes/main [1ms]
2024-02-26 19:32:04.337 [info] > git status -z -uall [171ms]
2024-02-26 19:32:09.348 [info] > git config --get commit.template [2ms]
2024-02-26 19:32:09.354 [info] > git for-each-ref --format=%(refname)%00%(upstream:short)%00%(objectname)%00%(upstream:track)%00%(upstream:remotename)%00%(upstream:remoteref) refs/heads/main refs/remotes/main [2ms]
2024-02-26 19:32:09.524 [info] > git status -z -uall [165ms]
2024-02-26 19:32:14.536 [info] > git config --get commit.template [1ms]
2024-02-26 19:32:14.544 [info] > git for-each-ref --format=%(refname)%00%(upstream:short)%00%(objectname)%00%(upstream:track)%00%(upstream:remotename)%00%(upstream:remoteref) refs/heads/main refs/remotes/main [1ms]
2024-02-26 19:32:14.735 [info] > git status -z -uall [185ms]
2024-02-26 19:52:26.804 [info] > git config --get commit.template [2ms]
2024-02-26 19:52:26.811 [info] > git for-each-ref --format=%(refname)%00%(upstream:short)%00%(objectname)%00%(upstream:track)%00%(upstream:remotename)%00%(upstream:remoteref) refs/heads/main refs/remotes/main [2ms]
2024-02-26 19:52:27.007 [info] > git status -z -uall [190ms]
2024-02-26 19:52:32.031 [info] > git config --get commit.template [12ms]
2024-02-26 19:52:32.032 [info] > git for-each-ref --format=%(refname)%00%(upstream:short)%00%(objectname)%00%(upstream:track)%00%(upstream:remotename)%00%(upstream:remoteref) refs/heads/main refs/remotes/main [2ms]
2024-02-26 19:52:32.236 [info] > git status -z -uall [198ms]
