
> myapp@0.0.0 start
> node ./bin/www

Port 3000 is already in use

> myapp@0.0.0 start
> node ./bin/www

[0mGET / [36m304 [0m270.807 ms - -[0m
[0mGET /stylesheets/style.css [36m304 [0m1.617 ms - -[0m
[0mGET / [36m304 [0m12.396 ms - -[0m
[0mGET /stylesheets/style.css [36m304 [0m0.430 ms - -[0m
[0mGET / [36m304 [0m12.841 ms - -[0m
[0mGET /stylesheets/style.css [36m304 [0m1.054 ms - -[0m
[0mGET / [36m304 [0m9.280 ms - -[0m
[0mGET /stylesheets/style.css [36m304 [0m0.459 ms - -[0m
[0mGET / [36m304 [0m9.800 ms - -[0m
[0mGET /stylesheets/style.css [36m304 [0m0.584 ms - -[0m
[0mGET / [36m304 [0m8.723 ms - -[0m
[0mGET /stylesheets/style.css [36m304 [0m0.553 ms - -[0m
[0mGET / [36m304 [0m21.153 ms - -[0m
[0mGET /stylesheets/style.css [36m304 [0m0.721 ms - -[0m
[0mGET / [36m304 [0m8.666 ms - -[0m
[0mGET /stylesheets/style.css [36m304 [0m0.627 ms - -[0m
[0mGET / [36m304 [0m23.597 ms - -[0m
[0mGET /stylesheets/style.css [36m304 [0m0.534 ms - -[0m
[0mGET / [36m304 [0m6.453 ms - -[0m
[0mGET /stylesheets/style.css [36m304 [0m0.418 ms - -[0m
[0mGET / [36m304 [0m6.896 ms - -[0m
[0mGET /stylesheets/style.css [36m304 [0m0.566 ms - -[0m
[0mGET /bio [36m304 [0m9.389 ms - -[0m
[0mGET /stylesheets/style.css [36m304 [0m0.549 ms - -[0m
[0mGET /bio [36m304 [0m8.830 ms - -[0m
[0mGET /stylesheets/style.css [36m304 [0m0.396 ms - -[0m
[0mGET / [36m304 [0m7.271 ms - -[0m
[0mGET /stylesheets/style.css [36m304 [0m0.430 ms - -[0m
[0mGET /bio [36m304 [0m8.272 ms - -[0m
[0mGET /stylesheets/style.css [36m304 [0m0.401 ms - -[0m
[0mGET / [36m304 [0m6.033 ms - -[0m
[0mGET /stylesheets/style.css [36m304 [0m0.427 ms - -[0m
[0mGET /bio [36m304 [0m9.187 ms - -[0m
[0mGET /stylesheets/style.css [36m304 [0m0.445 ms - -[0m
[0mGET / [36m304 [0m9.883 ms - -[0m
[0mGET /stylesheets/style.css [36m304 [0m0.403 ms - -[0m
[0mGET / [32m200 [0m5.726 ms - 302[0m
[0mGET /stylesheets/style.css [32m200 [0m2.588 ms - 111[0m
[0mGET /favicon.ico [33m404 [0m14.487 ms - 1012[0m
[0mGET /bio [32m200 [0m7.183 ms - 456[0m
[0mGET /stylesheets/style.css [36m304 [0m0.455 ms - -[0m
[0mGET / [36m304 [0m6.337 ms - -[0m
[0mGET /stylesheets/style.css [36m304 [0m0.546 ms - -[0m
[0mGET /bio [36m304 [0m5.286 ms - -[0m
[0mGET /stylesheets/style.css [36m304 [0m0.432 ms - -[0m
[0mGET /bio [36m304 [0m373.854 ms - -[0m
[0mGET /stylesheets/style.css [36m304 [0m3.598 ms - -[0m
[0mGET / [32m200 [0m19.003 ms - 302[0m
[0mGET / [32m200 [0m10.039 ms - 302[0m
[0mGET / [32m200 [0m7.772 ms - 302[0m
[0mGET / [32m200 [0m7.289 ms - 302[0m
[0mGET / [32m200 [0m5.319 ms - 302[0m
[0mGET / [32m200 [0m5.829 ms - 302[0m
[0mGET / [32m200 [0m6.525 ms - 302[0m
[0mGET /favicon.ico [33m404 [0m14.070 ms - 1012[0m
[0mGET / [32m200 [0m17.293 ms - 302[0m
[0mGET /ui/authentication [33m404 [0m7.674 ms - 1012[0m
[0mPOST /login [33m404 [0m102.479 ms - 1012[0m
[0mGET / [32m200 [0m7.524 ms - 302[0m
[0mGET / [32m200 [0m7.347 ms - 302[0m
[0mGET / [32m200 [0m5.621 ms - 302[0m
[0mGET / [32m200 [0m6.660 ms - 302[0m
[0mGET / [32m200 [0m5.674 ms - 302[0m
[0mGET /ui/authentication [33m404 [0m5.335 ms - 1012[0m
[0mGET / [32m200 [0m5.908 ms - 302[0m
[0mGET / [36m304 [0m4.994 ms - -[0m
[0mGET /stylesheets/style.css [36m304 [0m0.412 ms - -[0m
[0mGET /favicon.ico [33m404 [0m8.913 ms - 1012[0m
[0mGET /bio [36m304 [0m6.228 ms - -[0m
[0mGET /stylesheets/style.css [36m304 [0m0.485 ms - -[0m
[0mGET / [32m200 [0m5.268 ms - 302[0m
[0mGET / [32m200 [0m4.962 ms - 302[0m
[0mGET / [32m200 [0m5.704 ms - 302[0m
[0mGET / [32m200 [0m3.846 ms - 302[0m
[0mGET / [32m200 [0m5.412 ms - 302[0m
[0mGET /favicon.ico [33m404 [0m5.238 ms - 1012[0m
[0mGET / [32m200 [0m4.333 ms - 302[0m
[0mGET /ui/authentication [33m404 [0m4.374 ms - 1012[0m
[0mGET / [32m200 [0m5.418 ms - 302[0m
[0mGET /favicon.ico [33m404 [0m4.986 ms - 1012[0m
[0mGET / [32m200 [0m7.193 ms - 302[0m
[0mGET / [32m200 [0m4.196 ms - 302[0m
[0mGET / [32m200 [0m4.384 ms - 302[0m
[0mGET / [32m200 [0m6.034 ms - 302[0m
[0mGET / [32m200 [0m6.806 ms - 302[0m
[0mGET / [32m200 [0m5.331 ms - 302[0m
[0mGET / [32m200 [0m4.077 ms - 302[0m
[0mGET /favicon.ico [33m404 [0m6.719 ms - 1012[0m
[0mGET /robots.txt [33m404 [0m4.087 ms - 1012[0m
[0mGET / [32m200 [0m4.180 ms - 302[0m
[0mGET / [32m200 [0m4.110 ms - 302[0m
[0mGET /ui/authentication [33m404 [0m4.781 ms - 1012[0m
[0mGET / [32m200 [0m5.199 ms - 302[0m
[0mGET /favicon.ico [33m404 [0m4.634 ms - 1012[0m
[0mGET / [32m200 [0m5.870 ms - 302[0m
[0mGET /favicon.ico [33m404 [0m5.548 ms - 1012[0m
[0mGET / [32m200 [0m4.354 ms - 302[0m
[0mGET / [32m200 [0m4.792 ms - 302[0m
[0mGET / [32m200 [0m4.025 ms - 302[0m
[0mGET / [32m200 [0m4.880 ms - 302[0m
[0mGET / [32m200 [0m4.942 ms - 302[0m
[0mGET / [32m200 [0m4.579 ms - 302[0m
[0mGET / [32m200 [0m4.411 ms - 302[0m
[0mGET /ui/authentication [33m404 [0m3.548 ms - 1012[0m
[0mGET / [32m200 [0m4.215 ms - 302[0m
[0mGET / [32m200 [0m8.348 ms - 302[0m
[0mGET / [32m200 [0m4.628 ms - 302[0m
[0mGET / [32m200 [0m5.114 ms - 302[0m
[0mGET / [32m200 [0m6.302 ms - 302[0m
[0mGET / [32m200 [0m4.618 ms - 302[0m
[0mGET /favicon.ico [33m404 [0m4.104 ms - 1012[0m
[0mGET /ui/authentication [33m404 [0m4.501 ms - 1012[0m
[0mGET / [32m200 [0m4.503 ms - 302[0m
[0mGET / [32m200 [0m6.300 ms - 302[0m
[0mGET / [32m200 [0m5.923 ms - 302[0m
[0mGET / [32m200 [0m8.588 ms - 302[0m
[0mGET / [32m200 [0m8.755 ms - 302[0m
[0mGET / [32m200 [0m332.938 ms - 302[0m
[0mGET /stylesheets/style.css [32m200 [0m24.518 ms - 111[0m
[0mGET /favicon.ico [33m404 [0m23.277 ms - 1012[0m
[0mGET / [32m200 [0m4.498 ms - 302[0m
[0mGET / [32m200 [0m27.764 ms - 302[0m
[0mGET / [32m200 [0m7.967 ms - 302[0m
[0mGET /favicon.ico [33m404 [0m8.041 ms - 1012[0m
[0mGET / [32m200 [0m7.868 ms - 302[0m
[0mGET / [32m200 [0m4.142 ms - 302[0m
[0mGET /favicon.ico [33m404 [0m5.164 ms - 1012[0m
[0mGET /robots.txt [33m404 [0m7.325 ms - 1012[0m
[0mGET /ui/authentication [33m404 [0m5.990 ms - 1012[0m
[0mGET / [32m200 [0m4.369 ms - 302[0m
[0mGET /stylesheets/style.css [32m200 [0m2.637 ms - 111[0m
[0mGET /favicon.ico [33m404 [0m4.802 ms - 1012[0m
[0mGET / [32m200 [0m13.688 ms - 302[0m
[0mGET / [32m200 [0m5.794 ms - 302[0m

> myapp@0.0.0 start
> node ./bin/www


> myapp@0.0.0 start
> node ./bin/www

[0mGET / [32m200 [0m703.128 ms - 302[0m
[0mGET / [32m200 [0m13.740 ms - 302[0m
[0mGET / [32m200 [0m9.235 ms - 302[0m
[0mGET / [32m200 [0m8.053 ms - 302[0m
[0mGET / [32m200 [0m9.434 ms - 302[0m
[0mGET /39z4s0o5pk [33m404 [0m18.480 ms - 1012[0m
[0mGET / [32m200 [0m9.331 ms - 302[0m
[0mGET /user/login [33m404 [0m8.009 ms - 1012[0m
[0mGET / [32m200 [0m9.301 ms - 302[0m
[0mGET /ui/authentication [33m404 [0m6.488 ms - 1012[0m
[0mGET / [32m200 [0m7.456 ms - 302[0m
[0mGET /favicon.ico [33m404 [0m6.623 ms - 1012[0m
[0mGET / [32m200 [0m6.105 ms - 302[0m
[0mGET / [32m200 [0m5.675 ms - 302[0m
[0mGET / [32m200 [0m7.126 ms - 302[0m
[0mGET / [32m200 [0m5.925 ms - 302[0m
[0mGET / [32m200 [0m5.142 ms - 302[0m
[0mGET /ui/authentication [33m404 [0m7.024 ms - 1012[0m
[0mGET / [32m200 [0m5.259 ms - 302[0m
[0mGET /favicon.ico [33m404 [0m6.119 ms - 1012[0m
[0mGET / [32m200 [0m7.642 ms - 302[0m
[0mGET / [32m200 [0m14.659 ms - 302[0m
[0mGET /favicon.ico [33m404 [0m5.648 ms - 1012[0m
[0mGET / [32m200 [0m5.180 ms - 302[0m
[0mGET / [32m200 [0m6.689 ms - 302[0m
[0mGET / [32m200 [0m5.261 ms - 302[0m
[0mGET /stylesheets/style.css [32m200 [0m5.138 ms - 111[0m
[0mGET /favicon.ico [33m404 [0m7.294 ms - 1012[0m
[0mGET /bio [32m200 [0m16.071 ms - 456[0m
[0mGET /stylesheets/style.css [36m304 [0m1.280 ms - -[0m
[0mGET / [32m200 [0m5.340 ms - 302[0m
[0mGET / [32m200 [0m4.584 ms - 302[0m
[0mGET / [32m200 [0m10.022 ms - 302[0m
[0mGET /ui/authentication [33m404 [0m4.596 ms - 1012[0m
[0mGET / [32m200 [0m6.964 ms - 302[0m
[0mGET / [32m200 [0m7.460 ms - 302[0m
[0mGET /favicon.ico [33m404 [0m7.673 ms - 1012[0m
[0mGET / [32m200 [0m4.843 ms - 302[0m
[0mGET / [32m200 [0m8.827 ms - 302[0m
[0mGET / [32m200 [0m6.013 ms - 302[0m
[0mGET /ui/authentication [33m404 [0m4.827 ms - 1012[0m
[0mGET / [32m200 [0m6.872 ms - 302[0m
[0mGET / [32m200 [0m6.067 ms - 302[0m
[0mGET / [32m200 [0m4.581 ms - 302[0m
[0mGET /ui/authentication [33m404 [0m4.782 ms - 1012[0m
[0mGET / [32m200 [0m5.245 ms - 302[0m
[0mGET / [32m200 [0m9.564 ms - 302[0m
[0mGET / [32m200 [0m5.851 ms - 302[0m
[0mGET /favicon.ico [33m404 [0m5.241 ms - 1012[0m
[0mGET / [32m200 [0m5.068 ms - 302[0m
[0mGET / [32m200 [0m6.699 ms - 302[0m
[0mGET / [32m200 [0m6.171 ms - 302[0m
[0mGET / [32m200 [0m4.024 ms - 302[0m
[0mGET /ui/authentication [33m404 [0m4.446 ms - 1012[0m
[0mGET / [32m200 [0m4.591 ms - 302[0m
[0mGET / [32m200 [0m7.169 ms - 302[0m

> myapp@0.0.0 start
> node ./bin/www


> myapp@0.0.0 start
> node ./bin/www

Port 3000 is already in use
[0mGET / [32m200 [0m558.434 ms - 302[0m
[0mGET /stylesheets/style.css [32m200 [0m3.395 ms - 111[0m
[0mGET /favicon.ico [33m404 [0m16.229 ms - 1012[0m
[0mGET / [36m304 [0m10.865 ms - -[0m
[0mGET /stylesheets/style.css [36m304 [0m1.163 ms - -[0m
[0mGET / [36m304 [0m10.685 ms - -[0m
[0mGET /stylesheets/style.css [36m304 [0m0.426 ms - -[0m
[0mGET / [36m304 [0m8.128 ms - -[0m
[0mGET /stylesheets/style.css [36m304 [0m0.640 ms - -[0m
[0mGET / [36m304 [0m23.133 ms - -[0m
[0mGET /stylesheets/style.css [36m304 [0m0.423 ms - -[0m
[0mGET / [36m304 [0m9.738 ms - -[0m
[0mGET /stylesheets/style.css [36m304 [0m0.534 ms - -[0m
[0mGET / [36m304 [0m8.024 ms - -[0m
[0mGET /stylesheets/style.css [36m304 [0m0.669 ms - -[0m
[0mGET / [36m304 [0m11.802 ms - -[0m
[0mGET /stylesheets/style.css [36m304 [0m0.419 ms - -[0m
[0mGET / [36m304 [0m11.567 ms - -[0m
[0mGET /stylesheets/style.css [36m304 [0m0.550 ms - -[0m
[0mGET / [36m304 [0m6.518 ms - -[0m
[0mGET /stylesheets/style.css [36m304 [0m0.541 ms - -[0m
[0mGET / [36m304 [0m13.686 ms - -[0m
[0mGET /stylesheets/style.css [36m304 [0m0.535 ms - -[0m
[0mGET / [36m304 [0m6.587 ms - -[0m
[0mGET /stylesheets/style.css [36m304 [0m0.519 ms - -[0m
[0mGET / [36m304 [0m626.766 ms - -[0m
[0mGET /stylesheets/style.css [36m304 [0m11.322 ms - -[0m

> myapp@0.0.0 start
> node ./bin/www

[0mGET / [32m200 [0m552.386 ms - 302[0m
[0mGET /stylesheets/style.css [36m304 [0m1.318 ms - -[0m
[0mGET / [32m200 [0m386.827 ms - 302[0m
[0mGET /stylesheets/style.css [36m304 [0m5.474 ms - -[0m
[0mGET / [32m200 [0m470.234 ms - 302[0m
[0mGET / [32m200 [0m18.870 ms - 302[0m
[0mGET / [32m200 [0m10.743 ms - 302[0m
[0mGET /favicon.ico [33m404 [0m69.671 ms - 1012[0m
[0mGET / [32m200 [0m16.471 ms - 302[0m
[0mGET / [32m200 [0m8.425 ms - 302[0m
[0mGET /ui/authentication [33m404 [0m24.308 ms - 1012[0m
