2024-02-26 23:22:24.058 [info] Extension host with pid 7761 started
2024-02-26 23:22:24.058 [error] Error: EEXIST: file already exists, open '/home/bitnami/.vscode-server/data/User/workspaceStorage/d866cbe83da49e127745e557969ca682/vscode.lock'
2024-02-26 23:22:24.074 [info] Lock '/home/bitnami/.vscode-server/data/User/workspaceStorage/d866cbe83da49e127745e557969ca682/vscode.lock': Could not acquire lock, checking if the file is stale.
2024-02-26 23:22:24.100 [info] Lock '/home/bitnami/.vscode-server/data/User/workspaceStorage/d866cbe83da49e127745e557969ca682/vscode.lock': The lock does not look stale, elapsed: 888 ms, giving up.
2024-02-26 23:22:24.103 [error] Error: EEXIST: file already exists, open '/home/bitnami/.vscode-server/data/User/workspaceStorage/d866cbe83da49e127745e557969ca682-1/vscode.lock'
2024-02-26 23:22:24.138 [info] ExtensionService#_doActivateExtension vscode.emmet, startup: false, activationEvent: 'onLanguage'
2024-02-26 23:22:24.141 [info] ExtensionService#_doActivateExtension vscode.typescript-language-features, startup: false, activationEvent: 'onLanguage:javascript'
2024-02-26 23:22:24.486 [info] Lock '/home/bitnami/.vscode-server/data/User/workspaceStorage/d866cbe83da49e127745e557969ca682-1/vscode.lock': Could not acquire lock, checking if the file is stale.
2024-02-26 23:22:24.491 [info] Lock '/home/bitnami/.vscode-server/data/User/workspaceStorage/d866cbe83da49e127745e557969ca682-1/vscode.lock': The lock does not look stale, elapsed: 691 ms, giving up.
2024-02-26 23:22:24.496 [error] Error: EEXIST: file already exists, open '/home/bitnami/.vscode-server/data/User/workspaceStorage/d866cbe83da49e127745e557969ca682-2/vscode.lock'
2024-02-26 23:22:24.500 [info] Lock '/home/bitnami/.vscode-server/data/User/workspaceStorage/d866cbe83da49e127745e557969ca682-2/vscode.lock': Could not acquire lock, checking if the file is stale.
2024-02-26 23:22:24.501 [info] Lock '/home/bitnami/.vscode-server/data/User/workspaceStorage/d866cbe83da49e127745e557969ca682-2/vscode.lock': The pid 80169 appears to be gone.
2024-02-26 23:22:24.502 [info] Lock '/home/bitnami/.vscode-server/data/User/workspaceStorage/d866cbe83da49e127745e557969ca682-2/vscode.lock': Deleting a stale lock.
2024-02-26 23:22:24.514 [info] Lock '/home/bitnami/.vscode-server/data/User/workspaceStorage/d866cbe83da49e127745e557969ca682-2/vscode.lock': Lock acquired.
2024-02-26 23:22:25.221 [info] ExtensionService#_doActivateExtension vscode.git-base, startup: true, activationEvent: '*', root cause: vscode.git
2024-02-26 23:22:25.260 [info] ExtensionService#_doActivateExtension vscode.npm, startup: true, activationEvent: 'workspaceContains:package.json'
2024-02-26 23:22:25.569 [info] ExtensionService#_doActivateExtension vscode.tunnel-forwarding, startup: false, activationEvent: 'onTunnel'
2024-02-26 23:22:25.606 [info] ExtensionService#_doActivateExtension vscode.git, startup: true, activationEvent: '*'
2024-02-26 23:22:25.614 [info] ExtensionService#_doActivateExtension vscode.github, startup: true, activationEvent: '*'
2024-02-26 23:22:27.954 [info] Eager extensions activated
2024-02-26 23:22:27.955 [info] ExtensionService#_doActivateExtension vscode.debug-auto-launch, startup: false, activationEvent: 'onStartupFinished'
2024-02-26 23:22:27.962 [info] ExtensionService#_doActivateExtension vscode.merge-conflict, startup: false, activationEvent: 'onStartupFinished'
2024-02-26 23:23:10.261 [error] Error: Cannot call write after a stream was destroyed
	at new NodeError (node:internal/errors:405:5)
	at errorBuffer (node:internal/streams/writable:520:31)
	at afterWrite (node:internal/streams/writable:504:5)
	at onwrite (node:internal/streams/writable:480:7)
	at WriteWrap.onWriteComplete [as oncomplete] (node:internal/stream_base_commons:87:12)
