2024-02-27 00:23:18.379 [info] Log level: Info
2024-02-27 00:23:18.379 [info] Validating found git in: "git"
2024-02-27 00:23:18.379 [info] Using git "2.30.2" from "git"
2024-02-27 00:23:18.379 [info] > git rev-parse --show-toplevel [204ms]
2024-02-27 00:23:18.650 [info] > git rev-parse --git-dir --git-common-dir [272ms]
2024-02-27 00:23:18.742 [info] Open repository: /home/bitnami
2024-02-27 00:23:18.865 [info] > git rev-parse --show-toplevel [31ms]
2024-02-27 00:23:18.870 [info] > git config --get commit.template [50ms]
2024-02-27 00:23:18.964 [info] > git rev-parse --show-toplevel [69ms]
2024-02-27 00:23:19.052 [info] > git for-each-ref --format=%(refname)%00%(upstream:short)%00%(objectname)%00%(upstream:track)%00%(upstream:remotename)%00%(upstream:remoteref) refs/heads/main refs/remotes/main [118ms]
2024-02-27 00:23:19.099 [info] > git rev-parse --show-toplevel [56ms]
2024-02-27 00:23:19.188 [info] > git rev-parse --show-toplevel [43ms]
2024-02-27 00:23:19.278 [info] > git rev-parse --show-toplevel [22ms]
2024-02-27 00:23:19.450 [info] > git rev-parse --show-toplevel [102ms]
2024-02-27 00:23:19.531 [info] > git rev-parse --show-toplevel [11ms]
2024-02-27 00:23:19.589 [info] > git rev-parse --show-toplevel [36ms]
2024-02-27 00:23:19.671 [info] > git rev-parse --show-toplevel [3ms]
2024-02-27 00:23:19.694 [info] > git rev-parse --show-toplevel [3ms]
2024-02-27 00:23:19.734 [info] > git rev-parse --show-toplevel [16ms]
2024-02-27 00:23:19.792 [info] > git rev-parse --show-toplevel [25ms]
2024-02-27 00:23:19.841 [info] > git rev-parse --show-toplevel [20ms]
2024-02-27 00:23:19.888 [info] > git rev-parse --show-toplevel [19ms]
2024-02-27 00:23:19.922 [info] > git check-ignore -v -z --stdin [473ms]
2024-02-27 00:23:19.932 [info] > git rev-parse --git-dir --git-common-dir [11ms]
2024-02-27 00:23:19.978 [info] Open repository: /home/bitnami/todo
2024-02-27 00:23:20.113 [info] > git rev-parse --show-toplevel [18ms]
2024-02-27 00:23:20.216 [info] > git config --get commit.template [162ms]
2024-02-27 00:23:20.292 [info] > git show --textconv :blogger/app_server/controllers/blog.js [111ms]
2024-02-27 00:23:20.295 [info] > git ls-files --stage -- /home/bitnami/blogger/app_server/controllers/blog.js [81ms]
2024-02-27 00:23:20.306 [info] > git for-each-ref --format %(refname) %(objectname) %(*objectname) refs/tags [25ms]
2024-02-27 00:23:20.314 [info] > git cat-file -s c4c7d69529632ed2c03282da569a3bf797565218 [10ms]
2024-02-27 00:23:20.367 [info] > git status -z -uall [54ms]
2024-02-27 00:23:20.416 [info] > git config --get commit.template [16ms]
2024-02-27 00:23:20.416 [info] > git for-each-ref --format %(refname) %(objectname) %(*objectname) refs/tags [2ms]
2024-02-27 00:23:20.434 [info] > git status -z -uall [4ms]
2024-02-27 00:23:20.945 [info] > git check-ignore -v -z --stdin [290ms]
2024-02-27 00:23:22.477 [info] > git status -z -uall [3380ms]
2024-02-27 00:23:22.666 [info] > git config --get commit.template [109ms]
2024-02-27 00:23:22.713 [info] > git for-each-ref --format=%(refname)%00%(upstream:short)%00%(objectname)%00%(upstream:track)%00%(upstream:remotename)%00%(upstream:remoteref) refs/heads/main refs/remotes/main [19ms]
2024-02-27 00:23:23.538 [info] > git status -z -uall [806ms]
2024-02-27 00:23:25.597 [info] > git ls-files --stage -- /home/bitnami/blogger/app_server/controllers/blog.js [18ms]
2024-02-27 00:23:25.606 [info] > git cat-file -s ccac33b218b54513a37362ce28fee5e7dc8fdc37 [3ms]
2024-02-27 00:23:25.680 [info] > git show --textconv :blogger/app_server/controllers/blog.js [15ms]
2024-02-27 00:23:26.716 [info] > git ls-files --stage -- /home/bitnami/blogger/app_server/controllers/blog.js [12ms]
2024-02-27 00:23:26.731 [info] > git cat-file -s ccac33b218b54513a37362ce28fee5e7dc8fdc37 [4ms]
2024-02-27 00:23:26.774 [info] > git show --textconv :blogger/app_server/controllers/blog.js [18ms]
2024-02-27 00:23:40.407 [info] > git show --textconv :blogger/app_api/controllers/blogs.js [71ms]
2024-02-27 00:23:40.408 [info] > git ls-files --stage -- /home/bitnami/blogger/app_api/controllers/blogs.js [53ms]
2024-02-27 00:23:40.434 [info] > git cat-file -s 1cc0e8c97b56aab546cfcc2cf2649e7b4c7d3856 [11ms]
2024-02-27 00:23:44.151 [info] > git check-ignore -v -z --stdin [12ms]
2024-02-27 00:24:00.290 [info] > git show --textconv :blogger/app_server/controllers/blog.js [17ms]
2024-02-27 00:24:00.297 [info] > git ls-files --stage -- /home/bitnami/blogger/app_server/controllers/blog.js [13ms]
2024-02-27 00:24:00.305 [info] > git cat-file -s ccac33b218b54513a37362ce28fee5e7dc8fdc37 [1ms]
2024-02-27 00:25:53.719 [info] > git check-ignore -v -z --stdin [13ms]
2024-02-27 00:25:54.608 [info] > git ls-files --stage -- /home/bitnami/blogger/app_server/views/blogList.pug [15ms]
2024-02-27 00:25:54.617 [info] > git show --textconv :blogger/app_server/views/blogList.pug [32ms]
2024-02-27 00:25:54.619 [info] > git cat-file -s 002ebf6954c5e05aaa20bfcc48973e8cb36edee4 [3ms]
2024-02-27 00:26:47.169 [info] > git check-ignore -v -z --stdin [12ms]
2024-02-27 00:26:48.039 [info] > git ls-files --stage -- /home/bitnami/blogger/nohup.out [9ms]
2024-02-27 00:26:48.048 [info] > git cat-file -s 8b3f420f8e5ce89e2a3a27dd2bb1f7d4949e0448 [2ms]
2024-02-27 00:26:48.050 [info] > git show --textconv :blogger/nohup.out [35ms]
2024-02-27 00:27:13.111 [info] > git show --textconv :blogger/app_server/views/blogList.pug [21ms]
2024-02-27 00:27:13.115 [info] > git ls-files --stage -- /home/bitnami/blogger/app_server/views/blogList.pug [13ms]
2024-02-27 00:27:13.126 [info] > git cat-file -s 002ebf6954c5e05aaa20bfcc48973e8cb36edee4 [1ms]
2024-02-27 00:27:16.406 [info] > git show --textconv :blogger/app_api/models/db.js [19ms]
2024-02-27 00:27:16.416 [info] > git ls-files --stage -- /home/bitnami/blogger/app_api/models/db.js [15ms]
2024-02-27 00:27:16.425 [info] > git cat-file -s 16427094e552b26b0ab3e123148a1748718c2bf5 [1ms]
2024-02-27 00:27:18.462 [info] > git show --textconv :blogger/app_server/controllers/blog.js [16ms]
2024-02-27 00:27:18.468 [info] > git ls-files --stage -- /home/bitnami/blogger/app_server/controllers/blog.js [12ms]
2024-02-27 00:27:18.478 [info] > git cat-file -s ccac33b218b54513a37362ce28fee5e7dc8fdc37 [3ms]
2024-02-27 00:28:08.688 [info] > git show --textconv :blogger/nohup.out [19ms]
2024-02-27 00:28:08.696 [info] > git ls-files --stage -- /home/bitnami/blogger/nohup.out [14ms]
2024-02-27 00:28:08.705 [info] > git cat-file -s 8b3f420f8e5ce89e2a3a27dd2bb1f7d4949e0448 [2ms]
2024-02-27 00:28:09.084 [info] > git check-ignore -v -z --stdin [9ms]
2024-02-27 00:28:09.086 [info] > git check-ignore -v -z --stdin [20ms]
2024-02-27 00:28:18.134 [info] > git config --get commit.template [7ms]
2024-02-27 00:28:18.140 [info] > git for-each-ref --format=%(refname)%00%(upstream:short)%00%(objectname)%00%(upstream:track)%00%(upstream:remotename)%00%(upstream:remoteref) refs/heads/main refs/remotes/main [8ms]
2024-02-27 00:28:19.991 [info] > git show --textconv :blogger/app_server/views/blogList.pug [9ms]
2024-02-27 00:28:19.997 [info] > git ls-files --stage -- /home/bitnami/blogger/app_server/views/blogList.pug [10ms]
2024-02-27 00:28:20.008 [info] > git cat-file -s 002ebf6954c5e05aaa20bfcc48973e8cb36edee4 [1ms]
2024-02-27 00:28:20.221 [info] > git status -z -uall [2075ms]
2024-02-27 00:28:21.636 [info] > git show --textconv :blogger/app_api/controllers/blogs.js [13ms]
2024-02-27 00:28:21.643 [info] > git ls-files --stage -- /home/bitnami/blogger/app_api/controllers/blogs.js [12ms]
2024-02-27 00:28:21.654 [info] > git cat-file -s 1cc0e8c97b56aab546cfcc2cf2649e7b4c7d3856 [5ms]
2024-02-27 00:28:25.258 [info] > git config --get commit.template [18ms]
2024-02-27 00:28:25.259 [info] > git for-each-ref --format=%(refname)%00%(upstream:short)%00%(objectname)%00%(upstream:track)%00%(upstream:remotename)%00%(upstream:remoteref) refs/heads/main refs/remotes/main [3ms]
2024-02-27 00:28:25.459 [info] > git status -z -uall [189ms]
2024-02-27 00:28:29.418 [info] > git show --textconv :blogger/app_api/routes/index.js [17ms]
2024-02-27 00:28:29.429 [info] > git ls-files --stage -- /home/bitnami/blogger/app_api/routes/index.js [18ms]
2024-02-27 00:28:29.438 [info] > git cat-file -s 89754ead81ae29afa638ff1437de16db70c99af0 [1ms]
2024-02-27 00:28:30.423 [info] > git show --textconv :blogger/app_server/controllers/blog.js [13ms]
2024-02-27 00:28:30.432 [info] > git ls-files --stage -- /home/bitnami/blogger/app_server/controllers/blog.js [12ms]
2024-02-27 00:28:30.442 [info] > git cat-file -s ccac33b218b54513a37362ce28fee5e7dc8fdc37 [3ms]
2024-02-27 00:28:30.477 [info] > git config --get commit.template [7ms]
2024-02-27 00:28:30.478 [info] > git for-each-ref --format=%(refname)%00%(upstream:short)%00%(objectname)%00%(upstream:track)%00%(upstream:remotename)%00%(upstream:remoteref) refs/heads/main refs/remotes/main [2ms]
2024-02-27 00:28:30.679 [info] > git status -z -uall [194ms]
2024-02-27 00:28:35.699 [info] > git config --get commit.template [8ms]
2024-02-27 00:28:35.700 [info] > git for-each-ref --format=%(refname)%00%(upstream:short)%00%(objectname)%00%(upstream:track)%00%(upstream:remotename)%00%(upstream:remoteref) refs/heads/main refs/remotes/main [2ms]
2024-02-27 00:28:35.890 [info] > git status -z -uall [183ms]
2024-02-27 00:28:40.909 [info] > git config --get commit.template [2ms]
2024-02-27 00:28:40.918 [info] > git for-each-ref --format=%(refname)%00%(upstream:short)%00%(objectname)%00%(upstream:track)%00%(upstream:remotename)%00%(upstream:remoteref) refs/heads/main refs/remotes/main [2ms]
2024-02-27 00:28:41.115 [info] > git status -z -uall [190ms]
2024-02-27 00:28:46.128 [info] > git config --get commit.template [2ms]
2024-02-27 00:28:46.136 [info] > git for-each-ref --format=%(refname)%00%(upstream:short)%00%(objectname)%00%(upstream:track)%00%(upstream:remotename)%00%(upstream:remoteref) refs/heads/main refs/remotes/main [2ms]
2024-02-27 00:28:46.318 [info] > git status -z -uall [176ms]
2024-02-27 00:28:51.338 [info] > git config --get commit.template [9ms]
2024-02-27 00:28:51.339 [info] > git for-each-ref --format=%(refname)%00%(upstream:short)%00%(objectname)%00%(upstream:track)%00%(upstream:remotename)%00%(upstream:remoteref) refs/heads/main refs/remotes/main [2ms]
2024-02-27 00:28:51.526 [info] > git status -z -uall [180ms]
2024-02-27 00:28:56.767 [info] > git config --get commit.template [9ms]
2024-02-27 00:28:56.769 [info] > git for-each-ref --format=%(refname)%00%(upstream:short)%00%(objectname)%00%(upstream:track)%00%(upstream:remotename)%00%(upstream:remoteref) refs/heads/main refs/remotes/main [4ms]
2024-02-27 00:28:56.960 [info] > git status -z -uall [182ms]
2024-02-27 00:29:01.990 [info] > git config --get commit.template [14ms]
2024-02-27 00:29:01.994 [info] > git for-each-ref --format=%(refname)%00%(upstream:short)%00%(objectname)%00%(upstream:track)%00%(upstream:remotename)%00%(upstream:remoteref) refs/heads/main refs/remotes/main [5ms]
2024-02-27 00:29:02.257 [info] > git status -z -uall [251ms]
2024-02-27 00:29:07.279 [info] > git config --get commit.template [7ms]
2024-02-27 00:29:07.280 [info] > git for-each-ref --format=%(refname)%00%(upstream:short)%00%(objectname)%00%(upstream:track)%00%(upstream:remotename)%00%(upstream:remoteref) refs/heads/main refs/remotes/main [2ms]
2024-02-27 00:29:07.492 [info] > git status -z -uall [199ms]
2024-02-27 00:29:12.512 [info] > git config --get commit.template [8ms]
2024-02-27 00:29:12.513 [info] > git for-each-ref --format=%(refname)%00%(upstream:short)%00%(objectname)%00%(upstream:track)%00%(upstream:remotename)%00%(upstream:remoteref) refs/heads/main refs/remotes/main [2ms]
2024-02-27 00:29:12.696 [info] > git status -z -uall [177ms]
2024-02-27 00:29:14.784 [info] > git show --textconv :blogger/nohup.out [18ms]
2024-02-27 00:29:14.788 [info] > git ls-files --stage -- /home/bitnami/blogger/nohup.out [14ms]
2024-02-27 00:29:14.799 [info] > git cat-file -s 8b3f420f8e5ce89e2a3a27dd2bb1f7d4949e0448 [4ms]
2024-02-27 00:29:17.717 [info] > git config --get commit.template [9ms]
2024-02-27 00:29:17.719 [info] > git for-each-ref --format=%(refname)%00%(upstream:short)%00%(objectname)%00%(upstream:track)%00%(upstream:remotename)%00%(upstream:remoteref) refs/heads/main refs/remotes/main [2ms]
2024-02-27 00:29:17.918 [info] > git status -z -uall [193ms]
2024-02-27 00:29:22.937 [info] > git config --get commit.template [8ms]
2024-02-27 00:29:22.938 [info] > git for-each-ref --format=%(refname)%00%(upstream:short)%00%(objectname)%00%(upstream:track)%00%(upstream:remotename)%00%(upstream:remoteref) refs/heads/main refs/remotes/main [2ms]
2024-02-27 00:29:23.172 [info] > git status -z -uall [227ms]
2024-02-27 00:29:28.190 [info] > git config --get commit.template [6ms]
2024-02-27 00:29:28.191 [info] > git for-each-ref --format=%(refname)%00%(upstream:short)%00%(objectname)%00%(upstream:track)%00%(upstream:remotename)%00%(upstream:remoteref) refs/heads/main refs/remotes/main [2ms]
2024-02-27 00:29:28.394 [info] > git status -z -uall [197ms]
2024-02-27 00:29:34.466 [info] > git config --get commit.template [6ms]
2024-02-27 00:29:34.467 [info] > git for-each-ref --format=%(refname)%00%(upstream:short)%00%(objectname)%00%(upstream:track)%00%(upstream:remotename)%00%(upstream:remoteref) refs/heads/main refs/remotes/main [2ms]
2024-02-27 00:29:34.646 [info] > git status -z -uall [173ms]
2024-02-27 00:29:36.304 [info] > git show --textconv :blogger/app_server/controllers/blog.js [12ms]
2024-02-27 00:29:36.309 [info] > git ls-files --stage -- /home/bitnami/blogger/app_server/controllers/blog.js [10ms]
2024-02-27 00:29:36.327 [info] > git cat-file -s ccac33b218b54513a37362ce28fee5e7dc8fdc37 [7ms]
2024-02-27 00:29:39.669 [info] > git config --get commit.template [13ms]
2024-02-27 00:29:39.670 [info] > git for-each-ref --format=%(refname)%00%(upstream:short)%00%(objectname)%00%(upstream:track)%00%(upstream:remotename)%00%(upstream:remoteref) refs/heads/main refs/remotes/main [2ms]
2024-02-27 00:29:39.873 [info] > git status -z -uall [196ms]
2024-02-27 00:29:40.942 [info] > git show --textconv :blogger/app_api/controllers/blogs.js [12ms]
2024-02-27 00:29:40.951 [info] > git ls-files --stage -- /home/bitnami/blogger/app_api/controllers/blogs.js [11ms]
2024-02-27 00:29:40.964 [info] > git cat-file -s 1cc0e8c97b56aab546cfcc2cf2649e7b4c7d3856 [5ms]
2024-02-27 00:29:53.677 [info] > git config --get commit.template [8ms]
2024-02-27 00:29:53.678 [info] > git for-each-ref --format=%(refname)%00%(upstream:short)%00%(objectname)%00%(upstream:track)%00%(upstream:remotename)%00%(upstream:remoteref) refs/heads/main refs/remotes/main [3ms]
2024-02-27 00:29:53.882 [info] > git status -z -uall [194ms]
2024-02-27 00:29:58.900 [info] > git config --get commit.template [7ms]
2024-02-27 00:29:58.902 [info] > git for-each-ref --format=%(refname)%00%(upstream:short)%00%(objectname)%00%(upstream:track)%00%(upstream:remotename)%00%(upstream:remoteref) refs/heads/main refs/remotes/main [3ms]
2024-02-27 00:29:59.111 [info] > git status -z -uall [203ms]
2024-02-27 00:29:59.172 [info] > git show --textconv :blogger/app_server/controllers/blog.js [15ms]
2024-02-27 00:29:59.182 [info] > git ls-files --stage -- /home/bitnami/blogger/app_server/controllers/blog.js [12ms]
2024-02-27 00:29:59.189 [info] > git cat-file -s ccac33b218b54513a37362ce28fee5e7dc8fdc37 [1ms]
2024-02-27 00:30:04.132 [info] > git config --get commit.template [8ms]
2024-02-27 00:30:04.133 [info] > git for-each-ref --format=%(refname)%00%(upstream:short)%00%(objectname)%00%(upstream:track)%00%(upstream:remotename)%00%(upstream:remoteref) refs/heads/main refs/remotes/main [2ms]
2024-02-27 00:30:04.331 [info] > git status -z -uall [192ms]
2024-02-27 00:30:48.454 [info] > git config --get commit.template [6ms]
2024-02-27 00:30:48.456 [info] > git for-each-ref --format=%(refname)%00%(upstream:short)%00%(objectname)%00%(upstream:track)%00%(upstream:remotename)%00%(upstream:remoteref) refs/heads/main refs/remotes/main [3ms]
2024-02-27 00:30:48.651 [info] > git status -z -uall [187ms]
2024-02-27 00:30:54.578 [info] > git config --get commit.template [8ms]
2024-02-27 00:30:54.579 [info] > git for-each-ref --format=%(refname)%00%(upstream:short)%00%(objectname)%00%(upstream:track)%00%(upstream:remotename)%00%(upstream:remoteref) refs/heads/main refs/remotes/main [2ms]
2024-02-27 00:30:54.774 [info] > git status -z -uall [188ms]
2024-02-27 00:30:59.802 [info] > git config --get commit.template [17ms]
2024-02-27 00:30:59.803 [info] > git for-each-ref --format=%(refname)%00%(upstream:short)%00%(objectname)%00%(upstream:track)%00%(upstream:remotename)%00%(upstream:remoteref) refs/heads/main refs/remotes/main [2ms]
2024-02-27 00:31:00.062 [info] > git status -z -uall [249ms]
2024-02-27 00:31:05.107 [info] > git config --get commit.template [15ms]
2024-02-27 00:31:05.113 [info] > git for-each-ref --format=%(refname)%00%(upstream:short)%00%(objectname)%00%(upstream:track)%00%(upstream:remotename)%00%(upstream:remoteref) refs/heads/main refs/remotes/main [6ms]
2024-02-27 00:31:05.443 [info] > git status -z -uall [317ms]
2024-02-27 00:31:07.173 [info] > git ls-files --stage -- /home/bitnami/blogger/nohup.out [14ms]
2024-02-27 00:31:07.188 [info] > git cat-file -s 8b3f420f8e5ce89e2a3a27dd2bb1f7d4949e0448 [3ms]
2024-02-27 00:31:07.189 [info] > git show --textconv :blogger/nohup.out [38ms]
2024-02-27 00:32:04.103 [info] > git config --get commit.template [13ms]
2024-02-27 00:32:04.104 [info] > git for-each-ref --format=%(refname)%00%(upstream:short)%00%(objectname)%00%(upstream:track)%00%(upstream:remotename)%00%(upstream:remoteref) refs/heads/main refs/remotes/main [3ms]
2024-02-27 00:32:04.291 [info] > git status -z -uall [179ms]
2024-02-27 00:32:05.934 [info] > git merge-base refs/heads/main refs/remotes/main/main [1ms]
2024-02-27 00:32:05.952 [info] > git rev-list --count --left-right refs/heads/main...refs/remotes/main/main [9ms]
2024-02-27 00:32:06.665 [info] > git check-ignore -v -z --stdin [28ms]
2024-02-27 00:32:09.758 [info] > git config --get commit.template [15ms]
2024-02-27 00:32:09.771 [info] > git for-each-ref --format=%(refname)%00%(upstream:short)%00%(objectname)%00%(upstream:track)%00%(upstream:remotename)%00%(upstream:remoteref) refs/heads/main refs/remotes/main [5ms]
2024-02-27 00:32:10.088 [info] > git status -z -uall [290ms]
2024-02-27 00:32:10.349 [info] > git add -A -- . [594ms]
2024-02-27 00:32:11.479 [info] > git show --textconv :.git/COMMIT_EDITMSG [15ms]
2024-02-27 00:32:11.489 [info] > git ls-files --stage -- /home/bitnami/.git/COMMIT_EDITMSG [11ms]
2024-02-27 00:32:11.806 [info] > git check-ignore -v -z --stdin [20ms]
2024-02-27 00:32:12.113 [info] > git ls-files --stage -- /home/bitnami/.git/COMMIT_EDITMSG [10ms]
2024-02-27 00:32:12.149 [info] > git show --textconv :.git/COMMIT_EDITMSG [9ms]
2024-02-27 00:32:16.471 [info] > git -c user.useConfigOnly=true commit --quiet [6115ms]
2024-02-27 00:32:16.494 [info] > git config --get commit.template [14ms]
2024-02-27 00:32:16.499 [info] > git for-each-ref --format=%(refname)%00%(upstream:short)%00%(objectname)%00%(upstream:track)%00%(upstream:remotename)%00%(upstream:remoteref) refs/heads/main refs/remotes/main [11ms]
2024-02-27 00:32:16.723 [info] > git ls-files --stage -- /home/bitnami/blogger/nohup.out [29ms]
2024-02-27 00:32:16.733 [info] > git show --textconv :blogger/nohup.out [58ms]
2024-02-27 00:32:16.737 [info] > git cat-file -s 06719bcc509e82e8554dc88b6ce1e2d357a66706 [5ms]
2024-02-27 00:32:16.742 [info] > git status -z -uall [234ms]
2024-02-27 00:32:16.778 [info] > git config --get commit.template [6ms]
2024-02-27 00:32:16.779 [info] > git for-each-ref --format=%(refname)%00%(upstream:short)%00%(objectname)%00%(upstream:track)%00%(upstream:remotename)%00%(upstream:remoteref) refs/heads/main refs/remotes/main [2ms]
2024-02-27 00:32:16.880 [info] > git merge-base refs/heads/main refs/remotes/main/main [9ms]
2024-02-27 00:32:16.894 [info] > git rev-list --count --left-right refs/heads/main...refs/remotes/main/main [4ms]
2024-02-27 00:32:17.016 [info] > git status -z -uall [229ms]
2024-02-27 00:32:17.487 [info] > git check-ignore -v -z --stdin [14ms]
2024-02-27 00:32:17.632 [info] > git ls-files --stage -- /home/bitnami/blogger/nohup.out [9ms]
2024-02-27 00:32:17.653 [info] > git cat-file -s 06719bcc509e82e8554dc88b6ce1e2d357a66706 [4ms]
2024-02-27 00:32:17.689 [info] > git show --textconv :blogger/nohup.out [15ms]
2024-02-27 00:32:17.850 [info] > git push main main:main [1090ms]
2024-02-27 00:32:17.851 [info] To https://github.com/kuhaku4/csci421-lab4.git
   aadd2fd9..4f68c648  main -> main
2024-02-27 00:32:17.866 [info] > git config --get commit.template [7ms]
2024-02-27 00:32:17.868 [info] > git for-each-ref --format=%(refname)%00%(upstream:short)%00%(objectname)%00%(upstream:track)%00%(upstream:remotename)%00%(upstream:remoteref) refs/heads/main refs/remotes/main [3ms]
2024-02-27 00:32:18.058 [info] > git status -z -uall [182ms]
2024-02-27 00:32:18.131 [info] > git merge-base refs/heads/main refs/remotes/main/main [11ms]
2024-02-27 00:32:18.141 [info] > git config --get commit.template [10ms]
2024-02-27 00:32:18.142 [info] > git rev-list --count --left-right refs/heads/main...refs/remotes/main/main [3ms]
2024-02-27 00:32:18.151 [info] > git for-each-ref --format=%(refname)%00%(upstream:short)%00%(objectname)%00%(upstream:track)%00%(upstream:remotename)%00%(upstream:remoteref) refs/heads/main refs/remotes/main [2ms]
2024-02-27 00:32:18.340 [info] > git status -z -uall [182ms]
2024-02-27 00:32:19.183 [info] > git ls-files --stage -- /home/bitnami/blogger/nohup.out [10ms]
2024-02-27 00:32:19.191 [info] > git cat-file -s 06719bcc509e82e8554dc88b6ce1e2d357a66706 [1ms]
2024-02-27 00:32:19.226 [info] > git show --textconv :blogger/nohup.out [14ms]
2024-02-27 00:32:22.035 [info] > git config --get commit.template [7ms]
2024-02-27 00:32:22.036 [info] > git for-each-ref --format=%(refname)%00%(upstream:short)%00%(objectname)%00%(upstream:track)%00%(upstream:remotename)%00%(upstream:remoteref) refs/heads/main refs/remotes/main [2ms]
2024-02-27 00:32:22.217 [info] > git status -z -uall [174ms]
