2024-02-27 05:32:02.200 [info] Log level: Info
2024-02-27 05:32:02.200 [info] Validating found git in: "git"
2024-02-27 05:32:02.200 [info] Using git "2.30.2" from "git"
2024-02-27 05:32:02.200 [info] > git rev-parse --show-toplevel [17ms]
2024-02-27 05:32:02.208 [info] > git rev-parse --git-dir --git-common-dir [2ms]
2024-02-27 05:32:02.225 [info] Open repository: /home/bitnami
2024-02-27 05:32:02.251 [info] > git config --get commit.template [11ms]
2024-02-27 05:32:02.264 [info] > git for-each-ref --format=%(refname)%00%(upstream:short)%00%(objectname)%00%(upstream:track)%00%(upstream:remotename)%00%(upstream:remoteref) refs/heads/main refs/remotes/main [3ms]
2024-02-27 05:32:02.265 [info] > git rev-parse --show-toplevel [16ms]
2024-02-27 05:32:02.284 [info] > git rev-parse --show-toplevel [11ms]
2024-02-27 05:32:02.298 [info] > git rev-parse --show-toplevel [3ms]
2024-02-27 05:32:02.307 [info] > git rev-parse --show-toplevel [2ms]
2024-02-27 05:32:02.325 [info] > git rev-parse --show-toplevel [8ms]
2024-02-27 05:32:02.342 [info] > git rev-parse --show-toplevel [9ms]
2024-02-27 05:32:02.399 [info] > git rev-parse --show-toplevel [32ms]
2024-02-27 05:32:02.586 [info] > git rev-parse --show-toplevel [125ms]
2024-02-27 05:32:02.606 [info] > git rev-parse --show-toplevel [4ms]
2024-02-27 05:32:02.619 [info] > git rev-parse --show-toplevel [3ms]
2024-02-27 05:32:02.645 [info] > git rev-parse --show-toplevel [5ms]
2024-02-27 05:32:02.657 [info] > git rev-parse --show-toplevel [2ms]
2024-02-27 05:32:02.666 [info] > git rev-parse --show-toplevel [3ms]
2024-02-27 05:32:02.699 [info] > git rev-parse --show-toplevel [27ms]
2024-02-27 05:32:02.734 [info] > git rev-parse --git-dir --git-common-dir [8ms]
2024-02-27 05:32:02.747 [info] Open repository: /home/bitnami/todo
2024-02-27 05:32:02.831 [info] > git rev-parse --show-toplevel [21ms]
2024-02-27 05:32:02.919 [info] > git config --get commit.template [135ms]
2024-02-27 05:32:02.948 [info] > git show --textconv :blogger/app_server/views/blog/blog-edit.pug [72ms]
2024-02-27 05:32:02.953 [info] > git ls-files --stage -- /home/bitnami/blogger/app_server/views/blog/blog-edit.pug [35ms]
2024-02-27 05:32:02.968 [info] > git for-each-ref --format %(refname) %(objectname) %(*objectname) refs/tags [22ms]
2024-02-27 05:32:03.014 [info] > git cat-file -s b7d1436b4acc8b538eb33f5fb828547793f22111 [47ms]
2024-02-27 05:32:03.026 [info] > git status -z -uall [16ms]
2024-02-27 05:32:03.064 [info] > git config --get commit.template [6ms]
2024-02-27 05:32:03.087 [info] > git for-each-ref --format %(refname) %(objectname) %(*objectname) refs/tags [3ms]
2024-02-27 05:32:03.110 [info] > git status -z -uall [12ms]
2024-02-27 05:32:03.356 [info] > git check-ignore -v -z --stdin [6ms]
2024-02-27 05:32:03.406 [info] > git check-ignore -v -z --stdin [69ms]
2024-02-27 05:32:03.929 [info] > git status -z -uall [1646ms]
2024-02-27 05:32:03.989 [info] > git config --get commit.template [34ms]
2024-02-27 05:32:03.993 [info] > git for-each-ref --format=%(refname)%00%(upstream:short)%00%(objectname)%00%(upstream:track)%00%(upstream:remotename)%00%(upstream:remoteref) refs/heads/main refs/remotes/main [27ms]
2024-02-27 05:32:04.396 [info] > git status -z -uall [394ms]
2024-02-27 05:32:16.712 [info] > git show --textconv :blogger/app_server/views/homePage.pug [20ms]
2024-02-27 05:32:16.713 [info] > git ls-files --stage -- /home/bitnami/blogger/app_server/views/homePage.pug [11ms]
2024-02-27 05:32:16.720 [info] > git cat-file -s 2a95862f4c12c61a3709820ba94dfae609077f38 [1ms]
2024-02-27 05:32:18.157 [info] > git show --textconv :blogger/app_server/views/layout.pug [23ms]
2024-02-27 05:32:18.162 [info] > git ls-files --stage -- /home/bitnami/blogger/app_server/views/layout.pug [14ms]
2024-02-27 05:32:18.175 [info] > git cat-file -s fcd0381f2d3fe3ce30952cd6c0a5092bb0e70b7c [5ms]
2024-02-27 05:32:22.269 [info] > git show --textconv :blogger/app_server/views/blog/blog-list.pug [22ms]
2024-02-27 05:32:22.272 [info] > git ls-files --stage -- /home/bitnami/blogger/app_server/views/blog/blog-list.pug [13ms]
2024-02-27 05:32:22.280 [info] > git cat-file -s 6aad0aa8a727a97ae85b9b56a2e6ad227d818f1c [1ms]
2024-02-27 05:33:15.553 [info] > git show --textconv :blogger/app_server/views/partials/nav.pug [15ms]
2024-02-27 05:33:15.569 [info] > git ls-files --stage -- /home/bitnami/blogger/app_server/views/partials/nav.pug [23ms]
2024-02-27 05:33:15.578 [info] > git cat-file -s f6c5aef72efb46bfb4be6f1f6cc0ea00129d6f4e [1ms]
2024-02-27 05:33:27.296 [info] > git merge-base refs/heads/main refs/remotes/main/main [1ms]
2024-02-27 05:33:27.311 [info] > git rev-list --count --left-right refs/heads/main...refs/remotes/main/main [10ms]
2024-02-27 05:33:28.038 [info] > git check-ignore -v -z --stdin [20ms]
2024-02-27 05:34:49.827 [info] > git show --textconv :blogger/app_server/routes/index.js [100ms]
2024-02-27 05:34:49.828 [info] > git ls-files --stage -- /home/bitnami/blogger/app_server/routes/index.js [67ms]
2024-02-27 05:34:49.848 [info] > git cat-file -s 1d216677193f63943dd750dd49aa1ef968aaf9ca [5ms]
2024-02-27 05:35:46.056 [info] > git ls-files --stage -- /home/bitnami/blogger/nohup.out [85ms]
2024-02-27 05:35:46.069 [info] > git cat-file -s bf119920900ef05ab6688608dff3ae4071c95444 [1ms]
2024-02-27 05:35:46.073 [info] > git show --textconv :blogger/nohup.out [123ms]
2024-02-27 05:35:56.028 [info] > git show --textconv :blogger/app_server/views/blog/blog-add.pug [17ms]
2024-02-27 05:35:56.031 [info] > git ls-files --stage -- /home/bitnami/blogger/app_server/views/blog/blog-add.pug [11ms]
2024-02-27 05:35:56.038 [info] > git cat-file -s 4c44c6a98f639a79046bfc5ca65497643115733f [1ms]
2024-02-27 05:36:01.578 [info] > git show --textconv :blogger/app_server/routes/index.js [66ms]
2024-02-27 05:36:01.604 [info] > git ls-files --stage -- /home/bitnami/blogger/app_server/routes/index.js [67ms]
2024-02-27 05:36:01.652 [info] > git cat-file -s 1d216677193f63943dd750dd49aa1ef968aaf9ca [13ms]
2024-02-27 05:36:11.984 [info] > git ls-files --stage -- /home/bitnami/blogger/app_server/controllers/blog.js [13ms]
2024-02-27 05:36:11.997 [info] > git show --textconv :blogger/app_server/controllers/blog.js [33ms]
2024-02-27 05:36:12.014 [info] > git cat-file -s 9be810493f774c89e17488ff0e093d53b27ecfca [21ms]
2024-02-27 05:36:42.356 [info] > git config --get commit.template [18ms]
2024-02-27 05:36:42.359 [info] > git for-each-ref --format=%(refname)%00%(upstream:short)%00%(objectname)%00%(upstream:track)%00%(upstream:remotename)%00%(upstream:remoteref) refs/heads/main refs/remotes/main [7ms]
2024-02-27 05:36:44.579 [info] > git status -z -uall [2202ms]
