2024-02-26 14:12:03.617 [info] Log level: Info
2024-02-26 14:12:03.617 [info] Validating found git in: "git"
2024-02-26 14:12:03.617 [info] Using git "2.30.2" from "git"
2024-02-26 14:12:03.617 [info] > git rev-parse --show-toplevel [29ms]
2024-02-26 14:12:03.617 [info] > git rev-parse --git-dir --git-common-dir [230ms]
2024-02-26 14:12:03.617 [info] Open repository: /home/bitnami
2024-02-26 14:12:03.918 [info] > git rev-parse --show-toplevel [262ms]
2024-02-26 14:12:03.919 [info] > git config --get commit.template [279ms]
2024-02-26 14:12:03.973 [info] > git rev-parse --show-toplevel [34ms]
2024-02-26 14:12:04.012 [info] > git rev-parse --show-toplevel [15ms]
2024-02-26 14:12:04.031 [info] > git for-each-ref --format=%(refname)%00%(upstream:short)%00%(objectname)%00%(upstream:track)%00%(upstream:remotename)%00%(upstream:remoteref) refs/heads/main refs/remotes/main [61ms]
2024-02-26 14:12:04.051 [info] > git rev-parse --show-toplevel [21ms]
2024-02-26 14:12:04.110 [info] > git rev-parse --show-toplevel [33ms]
2024-02-26 14:12:04.404 [info] > git rev-parse --show-toplevel [164ms]
2024-02-26 14:12:04.476 [info] > git rev-parse --show-toplevel [11ms]
2024-02-26 14:12:04.515 [info] > git rev-parse --show-toplevel [12ms]
2024-02-26 14:12:04.548 [info] > git rev-parse --show-toplevel [8ms]
2024-02-26 14:12:04.580 [info] > git check-ignore -v -z --stdin [178ms]
2024-02-26 14:12:04.605 [info] > git rev-parse --show-toplevel [35ms]
2024-02-26 14:12:04.669 [info] > git rev-parse --show-toplevel [13ms]
2024-02-26 14:12:04.722 [info] > git rev-parse --show-toplevel [25ms]
2024-02-26 14:12:04.757 [info] > git rev-parse --show-toplevel [12ms]
2024-02-26 14:12:04.783 [info] > git rev-parse --show-toplevel [6ms]
2024-02-26 14:12:04.853 [info] > git rev-parse --git-dir --git-common-dir [7ms]
2024-02-26 14:12:04.860 [info] Open repository: /home/bitnami/todo
2024-02-26 14:12:05.043 [info] > git config --get commit.template [134ms]
2024-02-26 14:12:05.048 [info] > git rev-parse --show-toplevel [88ms]
2024-02-26 14:12:05.140 [info] > git for-each-ref --format %(refname) %(objectname) %(*objectname) refs/tags [32ms]
2024-02-26 14:12:05.155 [info] > git show --textconv :blogger/app_server/routes/index.js [93ms]
2024-02-26 14:12:05.155 [info] > git ls-files --stage -- /home/bitnami/blogger/app_server/routes/index.js [76ms]
2024-02-26 14:12:05.180 [info] > git cat-file -s 1f4609cbb3b410d6dfea2985b0f54ad83408b1af [12ms]
2024-02-26 14:12:05.188 [info] > git status -z -uall [34ms]
2024-02-26 14:12:05.295 [info] > git config --get commit.template [36ms]
2024-02-26 14:12:05.300 [info] > git for-each-ref --format %(refname) %(objectname) %(*objectname) refs/tags [7ms]
2024-02-26 14:12:05.597 [info] > git status -z -uall [263ms]
2024-02-26 14:12:05.702 [info] > git check-ignore -v -z --stdin [110ms]
2024-02-26 14:12:05.751 [info] > git check-ignore -v -z --stdin [175ms]
2024-02-26 14:12:05.896 [info] > git status -z -uall [1847ms]
2024-02-26 14:12:05.989 [info] > git config --get commit.template [20ms]
2024-02-26 14:12:06.107 [info] > git for-each-ref --format=%(refname)%00%(upstream:short)%00%(objectname)%00%(upstream:track)%00%(upstream:remotename)%00%(upstream:remoteref) refs/heads/main refs/remotes/main [104ms]
2024-02-26 14:12:06.125 [info] > git merge-base refs/heads/main refs/remotes/main/main [143ms]
2024-02-26 14:12:06.151 [info] > git rev-list --count --left-right refs/heads/main...refs/remotes/main/main [15ms]
2024-02-26 14:12:06.711 [info] > git status -z -uall [563ms]
2024-02-26 14:12:06.884 [info] > git check-ignore -v -z --stdin [120ms]
2024-02-26 14:12:14.842 [info] > git config --get commit.template [26ms]
2024-02-26 14:12:14.855 [info] > git for-each-ref --format=%(refname)%00%(upstream:short)%00%(objectname)%00%(upstream:track)%00%(upstream:remotename)%00%(upstream:remoteref) refs/heads/main refs/remotes/main [29ms]
2024-02-26 14:12:15.879 [info] > git status -z -uall [1017ms]
2024-02-26 14:12:20.896 [info] > git config --get commit.template [1ms]
2024-02-26 14:12:20.904 [info] > git for-each-ref --format=%(refname)%00%(upstream:short)%00%(objectname)%00%(upstream:track)%00%(upstream:remotename)%00%(upstream:remoteref) refs/heads/main refs/remotes/main [2ms]
2024-02-26 14:12:21.152 [info] > git status -z -uall [240ms]
2024-02-26 14:12:26.437 [info] > git config --get commit.template [10ms]
2024-02-26 14:12:26.448 [info] > git for-each-ref --format=%(refname)%00%(upstream:short)%00%(objectname)%00%(upstream:track)%00%(upstream:remotename)%00%(upstream:remoteref) refs/heads/main refs/remotes/main [3ms]
2024-02-26 14:12:26.969 [info] > git status -z -uall [469ms]
