2024-02-12 16:19:26.283 [info] Log level: Info
2024-02-12 16:19:26.283 [info] Validating found git in: "git"
2024-02-12 16:19:26.283 [info] Using git "2.30.2" from "git"
2024-02-12 16:19:26.289 [info] > git rev-parse --show-toplevel [12ms]
2024-02-12 16:19:26.303 [info] > git rev-parse --git-dir --git-common-dir [5ms]
2024-02-12 16:19:26.320 [info] Open repository: /home/bitnami
2024-02-12 16:19:26.342 [info] > git config --get commit.template [12ms]
2024-02-12 16:19:26.403 [info] > git rev-parse --show-toplevel [63ms]
2024-02-12 16:19:26.412 [info] > git for-each-ref --format=%(refname)%00%(upstream:short)%00%(objectname)%00%(upstream:track)%00%(upstream:remotename)%00%(upstream:remoteref) refs/heads/main refs/remotes/main [14ms]
2024-02-12 16:19:26.421 [info] > git rev-parse --show-toplevel [10ms]
2024-02-12 16:19:26.443 [info] > git rev-parse --show-toplevel [12ms]
2024-02-12 16:19:26.497 [info] > git rev-parse --show-toplevel [42ms]
2024-02-12 16:19:26.508 [info] > git rev-parse --show-toplevel [2ms]
2024-02-12 16:19:26.521 [info] > git rev-parse --show-toplevel [3ms]
2024-02-12 16:19:26.530 [info] > git rev-parse --show-toplevel [2ms]
2024-02-12 16:19:26.539 [info] > git rev-parse --show-toplevel [2ms]
2024-02-12 16:19:26.549 [info] > git rev-parse --show-toplevel [4ms]
2024-02-12 16:19:26.564 [info] > git rev-parse --show-toplevel [3ms]
2024-02-12 16:19:26.580 [info] > git rev-parse --show-toplevel [4ms]
2024-02-12 16:19:26.590 [info] > git rev-parse --show-toplevel [2ms]
2024-02-12 16:19:26.613 [info] > git status -z -uall [172ms]
2024-02-12 16:19:27.586 [info] > git rev-parse --show-toplevel [982ms]
2024-02-12 16:19:27.619 [info] > git check-ignore -v -z --stdin [24ms]
2024-02-12 16:19:27.627 [info] > git config --get commit.template [41ms]
2024-02-12 16:19:27.639 [info] > git rev-parse --show-toplevel [28ms]
2024-02-12 16:19:27.682 [info] > git for-each-ref --format=%(refname)%00%(upstream:short)%00%(objectname)%00%(upstream:track)%00%(upstream:remotename)%00%(upstream:remoteref) refs/heads/main refs/remotes/main [33ms]
2024-02-12 16:19:27.684 [info] > git rev-parse --git-dir --git-common-dir [17ms]
2024-02-12 16:19:27.687 [info] Open repository: /home/bitnami/todo
2024-02-12 16:19:27.705 [info] > git config --get commit.template [9ms]
2024-02-12 16:19:27.706 [info] > git rev-parse --show-toplevel [5ms]
2024-02-12 16:19:27.765 [info] > git for-each-ref --format=%(refname)%00%(upstream:short)%00%(objectname)%00%(upstream:track)%00%(upstream:remotename)%00%(upstream:remoteref) refs/heads/master refs/remotes/master [41ms]
2024-02-12 16:19:27.777 [warning] ENOENT: no such file or directory, open '/home/bitnami/todo/.git/refs/remotes/origin/master'
2024-02-12 16:19:27.796 [info] > git rev-parse refs/remotes/origin/master [19ms]
2024-02-12 16:19:27.811 [info] > git merge-base refs/heads/main refs/remotes/origin/main [16ms]
2024-02-12 16:19:27.824 [info] > git status -z -uall [15ms]
2024-02-12 16:19:27.855 [info] > git rev-list --count --left-right refs/heads/main...refs/remotes/origin/main [32ms]
2024-02-12 16:19:27.857 [info] > git config --get commit.template [3ms]
2024-02-12 16:19:27.874 [info] > git status -z -uall [158ms]
2024-02-12 16:19:27.874 [info] > git for-each-ref --format=%(refname)%00%(upstream:short)%00%(objectname)%00%(upstream:track)%00%(upstream:remotename)%00%(upstream:remoteref) refs/heads/master refs/remotes/master [5ms]
2024-02-12 16:19:27.974 [warning] ENOENT: no such file or directory, open '/home/bitnami/todo/.git/refs/remotes/origin/master'
2024-02-12 16:19:27.977 [info] > git rev-parse refs/remotes/origin/master [3ms]
2024-02-12 16:19:28.359 [info] > git status -z -uall [376ms]
2024-02-12 16:19:28.422 [info] > git check-ignore -v -z --stdin [54ms]
2024-02-12 16:19:28.423 [info] > git show --textconv :blogger/views/partials/nav.pug [11ms]
2024-02-12 16:19:28.431 [info] > git ls-files --stage -- /home/bitnami/blogger/views/partials/nav.pug [11ms]
2024-02-12 16:19:28.439 [info] > git cat-file -s d2b4c46eaaa92a516844aa24953785e780e79b11 [2ms]
2024-02-12 16:19:28.450 [info] > git merge-base refs/heads/master refs/remotes/origin/master [2ms]
2024-02-12 16:19:28.460 [info] > git rev-list --count --left-right refs/heads/master...refs/remotes/origin/master [5ms]
2024-02-12 16:19:29.160 [info] > git check-ignore -v -z --stdin [3ms]
2024-02-12 16:19:29.179 [info] > git check-ignore -v -z --stdin [32ms]
2024-02-12 16:19:29.816 [info] > git config --get commit.template [2ms]
2024-02-12 16:19:29.825 [info] > git for-each-ref --format=%(refname)%00%(upstream:short)%00%(objectname)%00%(upstream:track)%00%(upstream:remotename)%00%(upstream:remoteref) refs/heads/main refs/remotes/main [3ms]
2024-02-12 16:19:29.951 [info] > git status -z -uall [119ms]
