2024-02-26 01:56:17.388 [info] Log level: Info
2024-02-26 01:56:17.388 [info] Validating found git in: "git"
2024-02-26 01:56:17.389 [info] Using git "2.30.2" from "git"
2024-02-26 01:56:17.389 [info] > git rev-parse --show-toplevel [140ms]
2024-02-26 01:56:17.555 [info] > git rev-parse --git-dir --git-common-dir [799ms]
2024-02-26 01:56:17.600 [info] Open repository: /home/bitnami
2024-02-26 01:56:17.716 [info] > git rev-parse --show-toplevel [63ms]
2024-02-26 01:56:17.722 [info] > git config --get commit.template [85ms]
2024-02-26 01:56:17.818 [info] > git for-each-ref --format=%(refname)%00%(upstream:short)%00%(objectname)%00%(upstream:track)%00%(upstream:remotename)%00%(upstream:remoteref) refs/heads/main refs/remotes/main [46ms]
2024-02-26 01:56:17.859 [info] > git rev-parse --show-toplevel [45ms]
2024-02-26 01:56:17.961 [info] > git rev-parse --show-toplevel [32ms]
2024-02-26 01:56:18.155 [info] > git rev-parse --show-toplevel [66ms]
2024-02-26 01:56:18.474 [info] > git rev-parse --show-toplevel [62ms]
2024-02-26 01:56:18.517 [info] > git rev-parse --show-toplevel [16ms]
2024-02-26 01:56:18.552 [info] > git rev-parse --show-toplevel [6ms]
2024-02-26 01:56:18.602 [info] > git rev-parse --show-toplevel [4ms]
2024-02-26 01:56:18.653 [info] > git check-ignore -v -z --stdin [196ms]
2024-02-26 01:56:18.710 [info] > git rev-parse --show-toplevel [58ms]
2024-02-26 01:56:18.822 [info] > git rev-parse --show-toplevel [13ms]
2024-02-26 01:56:18.902 [info] > git rev-parse --show-toplevel [16ms]
2024-02-26 01:56:19.006 [info] > git rev-parse --show-toplevel [68ms]
2024-02-26 01:56:19.082 [info] > git rev-parse --show-toplevel [28ms]
2024-02-26 01:56:19.146 [info] > git rev-parse --show-toplevel [14ms]
2024-02-26 01:56:19.195 [info] > git rev-parse --git-dir --git-common-dir [8ms]
2024-02-26 01:56:19.228 [info] Open repository: /home/bitnami/todo
2024-02-26 01:56:19.307 [info] > git check-ignore -v -z --stdin [225ms]
2024-02-26 01:56:19.318 [info] > git config --get commit.template [54ms]
2024-02-26 01:56:19.326 [info] > git rev-parse --show-toplevel [20ms]
2024-02-26 01:56:19.486 [info] > git ls-files --stage -- /home/bitnami/blogger/app_server/routes/index.js [55ms]
2024-02-26 01:56:19.528 [info] > git show --textconv :blogger/app_server/routes/index.js [131ms]
2024-02-26 01:56:19.528 [info] > git for-each-ref --format %(refname) %(objectname) %(*objectname) refs/tags [76ms]
2024-02-26 01:56:19.574 [info] > git cat-file -s 61fb2f68f8ad9dc1adf588d54c507259863c702c [48ms]
2024-02-26 01:56:19.604 [info] > git status -z -uall [33ms]
2024-02-26 01:56:19.686 [info] > git config --get commit.template [30ms]
2024-02-26 01:56:19.700 [info] > git for-each-ref --format %(refname) %(objectname) %(*objectname) refs/tags [15ms]
2024-02-26 01:56:19.734 [info] > git status -z -uall [25ms]
2024-02-26 01:56:19.879 [info] > git check-ignore -v -z --stdin [12ms]
2024-02-26 01:56:19.918 [info] > git check-ignore -v -z --stdin [73ms]
2024-02-26 01:56:20.672 [info] > git status -z -uall [2815ms]
2024-02-26 01:56:20.718 [info] > git config --get commit.template [15ms]
2024-02-26 01:56:20.732 [info] > git for-each-ref --format=%(refname)%00%(upstream:short)%00%(objectname)%00%(upstream:track)%00%(upstream:remotename)%00%(upstream:remoteref) refs/heads/main refs/remotes/main [14ms]
2024-02-26 01:56:21.903 [info] > git status -z -uall [1147ms]
2024-02-26 01:56:30.703 [info] > git for-each-ref --format=%(refname)%00%(upstream:short)%00%(objectname)%00%(upstream:track)%00%(upstream:remotename)%00%(upstream:remoteref) refs/heads/main [39ms]
2024-02-26 01:56:30.714 [info] > git config --local branch.main.vscode-merge-base [2ms]
2024-02-26 01:56:30.714 [warning] git config failed: Failed to execute git
2024-02-26 01:56:30.767 [info] > git reflog refs/heads/main --grep-reflog=branch: Created from *. [47ms]
2024-02-26 01:56:30.777 [info] > git symbolic-ref --short refs/remotes/origin/HEAD [1ms]
2024-02-26 01:56:30.777 [info] fatal: ref refs/remotes/origin/HEAD is not a symbolic ref
2024-02-26 01:56:31.001 [info] > git for-each-ref --format=%(refname)%00%(upstream:short)%00%(objectname)%00%(upstream:track)%00%(upstream:remotename)%00%(upstream:remoteref) refs/heads/main [23ms]
2024-02-26 01:56:31.012 [info] > git config --local branch.main.vscode-merge-base [2ms]
2024-02-26 01:56:31.012 [warning] git config failed: Failed to execute git
2024-02-26 01:56:31.025 [info] > git reflog refs/heads/main --grep-reflog=branch: Created from *. [8ms]
2024-02-26 01:56:31.032 [info] > git symbolic-ref --short refs/remotes/origin/HEAD [2ms]
2024-02-26 01:56:31.033 [info] fatal: ref refs/remotes/origin/HEAD is not a symbolic ref
2024-02-26 01:56:31.541 [info] > git check-ignore -v -z --stdin [46ms]
2024-02-26 01:56:42.418 [info] > git for-each-ref --format=%(refname)%00%(upstream:short)%00%(objectname)%00%(upstream:track)%00%(upstream:remotename)%00%(upstream:remoteref) refs/heads/main [18ms]
2024-02-26 01:56:42.441 [info] > git config --local branch.main.vscode-merge-base [6ms]
2024-02-26 01:56:42.441 [warning] git config failed: Failed to execute git
2024-02-26 01:56:42.468 [info] > git reflog refs/heads/main --grep-reflog=branch: Created from *. [12ms]
2024-02-26 01:56:42.482 [info] > git symbolic-ref --short refs/remotes/origin/HEAD [3ms]
2024-02-26 01:56:42.482 [info] fatal: ref refs/remotes/origin/HEAD is not a symbolic ref
2024-02-26 01:56:42.548 [info] > git for-each-ref --format=%(refname)%00%(upstream:short)%00%(objectname)%00%(upstream:track)%00%(upstream:remotename)%00%(upstream:remoteref) refs/heads/main [2ms]
2024-02-26 01:56:42.560 [info] > git config --local branch.main.vscode-merge-base [4ms]
2024-02-26 01:56:42.561 [warning] git config failed: Failed to execute git
2024-02-26 01:56:42.572 [info] > git reflog refs/heads/main --grep-reflog=branch: Created from *. [4ms]
2024-02-26 01:56:42.578 [info] > git symbolic-ref --short refs/remotes/origin/HEAD [1ms]
2024-02-26 01:56:42.578 [info] fatal: ref refs/remotes/origin/HEAD is not a symbolic ref
