2024-02-26 02:01:27.493 [info] Log level: Info
2024-02-26 02:01:27.493 [info] Validating found git in: "git"
2024-02-26 02:01:27.493 [info] Using git "2.30.2" from "git"
2024-02-26 02:01:27.493 [info] > git rev-parse --show-toplevel [68ms]
2024-02-26 02:01:27.493 [info] > git rev-parse --git-dir --git-common-dir [280ms]
2024-02-26 02:01:27.493 [info] Open repository: /home/bitnami
2024-02-26 02:01:27.870 [info] > git config --get commit.template [402ms]
2024-02-26 02:01:28.159 [info] > git rev-parse --show-toplevel [677ms]
2024-02-26 02:01:28.295 [info] > git rev-parse --show-toplevel [9ms]
2024-02-26 02:01:28.330 [info] > git check-ignore -v -z --stdin [124ms]
2024-02-26 02:01:28.345 [info] > git for-each-ref --format=%(refname)%00%(upstream:short)%00%(objectname)%00%(upstream:track)%00%(upstream:remotename)%00%(upstream:remoteref) refs/heads/main refs/remotes/main [100ms]
2024-02-26 02:01:28.360 [info] > git rev-parse --show-toplevel [32ms]
2024-02-26 02:01:28.456 [info] > git rev-parse --show-toplevel [64ms]
2024-02-26 02:01:28.495 [info] > git rev-parse --show-toplevel [10ms]
2024-02-26 02:01:28.617 [info] > git rev-parse --show-toplevel [105ms]
2024-02-26 02:01:28.943 [info] > git rev-parse --show-toplevel [37ms]
2024-02-26 02:01:28.978 [info] > git rev-parse --show-toplevel [2ms]
2024-02-26 02:01:29.013 [info] > git rev-parse --show-toplevel [6ms]
2024-02-26 02:01:29.077 [info] > git rev-parse --show-toplevel [3ms]
2024-02-26 02:01:29.127 [info] > git rev-parse --show-toplevel [7ms]
2024-02-26 02:01:29.197 [info] > git rev-parse --show-toplevel [12ms]
2024-02-26 02:01:29.245 [info] > git rev-parse --show-toplevel [10ms]
2024-02-26 02:01:29.285 [info] > git rev-parse --show-toplevel [20ms]
2024-02-26 02:01:29.329 [info] > git rev-parse --git-dir --git-common-dir [2ms]
2024-02-26 02:01:29.350 [info] Open repository: /home/bitnami/todo
2024-02-26 02:01:29.521 [info] > git config --get commit.template [22ms]
2024-02-26 02:01:29.566 [info] > git rev-parse --show-toplevel [52ms]
2024-02-26 02:01:29.683 [info] > git for-each-ref --format %(refname) %(objectname) %(*objectname) refs/tags [120ms]
2024-02-26 02:01:29.735 [info] > git show --textconv :blogger/app_server/routes/index.js [98ms]
2024-02-26 02:01:29.735 [info] > git ls-files --stage -- /home/bitnami/blogger/app_server/routes/index.js [53ms]
2024-02-26 02:01:29.772 [info] > git status -z -uall [39ms]
2024-02-26 02:01:29.851 [info] > git cat-file -s 1f4609cbb3b410d6dfea2985b0f54ad83408b1af [92ms]
2024-02-26 02:01:29.869 [info] > git config --get commit.template [18ms]
2024-02-26 02:01:29.897 [info] > git for-each-ref --format %(refname) %(objectname) %(*objectname) refs/tags [5ms]
2024-02-26 02:01:30.152 [info] > git status -z -uall [228ms]
2024-02-26 02:01:30.152 [info] > git check-ignore -v -z --stdin [12ms]
2024-02-26 02:01:30.251 [info] > git check-ignore -v -z --stdin [126ms]
2024-02-26 02:01:31.353 [info] > git status -z -uall [2901ms]
2024-02-26 02:01:31.392 [info] > git config --get commit.template [11ms]
2024-02-26 02:01:31.532 [info] > git for-each-ref --format=%(refname)%00%(upstream:short)%00%(objectname)%00%(upstream:track)%00%(upstream:remotename)%00%(upstream:remoteref) refs/heads/main refs/remotes/main [141ms]
2024-02-26 02:01:35.040 [info] > git status -z -uall [3418ms]
