*
* Visual Studio Code Server
*
* By using the software, you agree to
* the Visual Studio Code Server License Terms (https://aka.ms/vscode-server-license) and
* the Microsoft Privacy Statement (https://privacy.microsoft.com/en-US/privacystatement).
*
Server bound to 127.0.0.1:41519 (IPv4)
Extension host agent listening on 41519

[15:03:02] 




[15:03:02] Extension host agent started.
[15:03:04] [127.0.0.1][32e8ea0a][ManagementConnection] New connection established.
[15:03:04] [127.0.0.1][7122c3b4][ExtensionHostConnection] New connection established.
[15:03:04] [127.0.0.1][7122c3b4][ExtensionHostConnection] <13800> Launched Extension Host Process.
rejected promise not handled within 1 second: CodeExpectedError: Could not find pty on pty host
stack trace: CodeExpectedError: Could not find pty on pty host
    at A.U (/home/bitnami/.vscode-server/bin/8b3775030ed1a69b13e4f4c628c612102e30a681/out/vs/platform/terminal/node/ptyHostMain.js:43:32377)
    at A.updateTitle (/home/bitnami/.vscode-server/bin/8b3775030ed1a69b13e4f4c628c612102e30a681/out/vs/platform/terminal/node/ptyHostMain.js:43:27509)
    at T.<computed> (/home/bitnami/.vscode-server/bin/8b3775030ed1a69b13e4f4c628c612102e30a681/out/vs/platform/terminal/node/ptyHostMain.js:43:22735)
    at Object.call (/home/bitnami/.vscode-server/bin/8b3775030ed1a69b13e4f4c628c612102e30a681/out/vs/platform/terminal/node/ptyHostMain.js:34:5041)
    at g.s (/home/bitnami/.vscode-server/bin/8b3775030ed1a69b13e4f4c628c612102e30a681/out/vs/platform/terminal/node/ptyHostMain.js:32:5153)
    at g.q (/home/bitnami/.vscode-server/bin/8b3775030ed1a69b13e4f4c628c612102e30a681/out/vs/platform/terminal/node/ptyHostMain.js:32:4662)
    at a.value (/home/bitnami/.vscode-server/bin/8b3775030ed1a69b13e4f4c628c612102e30a681/out/vs/platform/terminal/node/ptyHostMain.js:32:4064)
    at i.y (/home/bitnami/.vscode-server/bin/8b3775030ed1a69b13e4f4c628c612102e30a681/out/vs/platform/terminal/node/ptyHostMain.js:27:1906)
    at i.fire (/home/bitnami/.vscode-server/bin/8b3775030ed1a69b13e4f4c628c612102e30a681/out/vs/platform/terminal/node/ptyHostMain.js:27:2123)
    at process.ce (/home/bitnami/.vscode-server/bin/8b3775030ed1a69b13e4f4c628c612102e30a681/out/vs/platform/terminal/node/ptyHostMain.js:25:10117)
    at process.emit (node:events:513:28)
    at emit (node:internal/child_process:937:14)
    at process.processTicksAndRejections (node:internal/process/task_queues:83:21)
[15:03:09] Error [CodeExpectedError]: Could not find pty on pty host
    at A.U (/home/bitnami/.vscode-server/bin/8b3775030ed1a69b13e4f4c628c612102e30a681/out/vs/platform/terminal/node/ptyHostMain.js:43:32377)
    at A.updateTitle (/home/bitnami/.vscode-server/bin/8b3775030ed1a69b13e4f4c628c612102e30a681/out/vs/platform/terminal/node/ptyHostMain.js:43:27509)
    at T.<computed> (/home/bitnami/.vscode-server/bin/8b3775030ed1a69b13e4f4c628c612102e30a681/out/vs/platform/terminal/node/ptyHostMain.js:43:22735)
    at Object.call (/home/bitnami/.vscode-server/bin/8b3775030ed1a69b13e4f4c628c612102e30a681/out/vs/platform/terminal/node/ptyHostMain.js:34:5041)
    at g.s (/home/bitnami/.vscode-server/bin/8b3775030ed1a69b13e4f4c628c612102e30a681/out/vs/platform/terminal/node/ptyHostMain.js:32:5153)
    at g.q (/home/bitnami/.vscode-server/bin/8b3775030ed1a69b13e4f4c628c612102e30a681/out/vs/platform/terminal/node/ptyHostMain.js:32:4662)
    at a.value (/home/bitnami/.vscode-server/bin/8b3775030ed1a69b13e4f4c628c612102e30a681/out/vs/platform/terminal/node/ptyHostMain.js:32:4064)
    at i.y (/home/bitnami/.vscode-server/bin/8b3775030ed1a69b13e4f4c628c612102e30a681/out/vs/platform/terminal/node/ptyHostMain.js:27:1906)
    at i.fire (/home/bitnami/.vscode-server/bin/8b3775030ed1a69b13e4f4c628c612102e30a681/out/vs/platform/terminal/node/ptyHostMain.js:27:2123)
    at process.ce (/home/bitnami/.vscode-server/bin/8b3775030ed1a69b13e4f4c628c612102e30a681/out/vs/platform/terminal/node/ptyHostMain.js:25:10117)
    at process.emit (node:events:513:28)
    at emit (node:internal/child_process:937:14)
    at process.processTicksAndRejections (node:internal/process/task_queues:83:21)
rejected promise not handled within 1 second: CodeExpectedError: Could not find pty on pty host
stack trace: CodeExpectedError: Could not find pty on pty host
    at A.U (/home/bitnami/.vscode-server/bin/8b3775030ed1a69b13e4f4c628c612102e30a681/out/vs/platform/terminal/node/ptyHostMain.js:43:32377)
    at A.updateIcon (/home/bitnami/.vscode-server/bin/8b3775030ed1a69b13e4f4c628c612102e30a681/out/vs/platform/terminal/node/ptyHostMain.js:43:27562)
    at T.<computed> (/home/bitnami/.vscode-server/bin/8b3775030ed1a69b13e4f4c628c612102e30a681/out/vs/platform/terminal/node/ptyHostMain.js:43:22735)
    at Object.call (/home/bitnami/.vscode-server/bin/8b3775030ed1a69b13e4f4c628c612102e30a681/out/vs/platform/terminal/node/ptyHostMain.js:34:5041)
    at g.s (/home/bitnami/.vscode-server/bin/8b3775030ed1a69b13e4f4c628c612102e30a681/out/vs/platform/terminal/node/ptyHostMain.js:32:5153)
    at g.q (/home/bitnami/.vscode-server/bin/8b3775030ed1a69b13e4f4c628c612102e30a681/out/vs/platform/terminal/node/ptyHostMain.js:32:4662)
    at a.value (/home/bitnami/.vscode-server/bin/8b3775030ed1a69b13e4f4c628c612102e30a681/out/vs/platform/terminal/node/ptyHostMain.js:32:4064)
    at i.y (/home/bitnami/.vscode-server/bin/8b3775030ed1a69b13e4f4c628c612102e30a681/out/vs/platform/terminal/node/ptyHostMain.js:27:1906)
    at i.fire (/home/bitnami/.vscode-server/bin/8b3775030ed1a69b13e4f4c628c612102e30a681/out/vs/platform/terminal/node/ptyHostMain.js:27:2123)
    at process.ce (/home/bitnami/.vscode-server/bin/8b3775030ed1a69b13e4f4c628c612102e30a681/out/vs/platform/terminal/node/ptyHostMain.js:25:10117)
    at process.emit (node:events:513:28)
    at emit (node:internal/child_process:937:14)
    at process.processTicksAndRejections (node:internal/process/task_queues:83:21)
[15:03:09] Error [CodeExpectedError]: Could not find pty on pty host
    at A.U (/home/bitnami/.vscode-server/bin/8b3775030ed1a69b13e4f4c628c612102e30a681/out/vs/platform/terminal/node/ptyHostMain.js:43:32377)
    at A.updateIcon (/home/bitnami/.vscode-server/bin/8b3775030ed1a69b13e4f4c628c612102e30a681/out/vs/platform/terminal/node/ptyHostMain.js:43:27562)
    at T.<computed> (/home/bitnami/.vscode-server/bin/8b3775030ed1a69b13e4f4c628c612102e30a681/out/vs/platform/terminal/node/ptyHostMain.js:43:22735)
    at Object.call (/home/bitnami/.vscode-server/bin/8b3775030ed1a69b13e4f4c628c612102e30a681/out/vs/platform/terminal/node/ptyHostMain.js:34:5041)
    at g.s (/home/bitnami/.vscode-server/bin/8b3775030ed1a69b13e4f4c628c612102e30a681/out/vs/platform/terminal/node/ptyHostMain.js:32:5153)
    at g.q (/home/bitnami/.vscode-server/bin/8b3775030ed1a69b13e4f4c628c612102e30a681/out/vs/platform/terminal/node/ptyHostMain.js:32:4662)
    at a.value (/home/bitnami/.vscode-server/bin/8b3775030ed1a69b13e4f4c628c612102e30a681/out/vs/platform/terminal/node/ptyHostMain.js:32:4064)
    at i.y (/home/bitnami/.vscode-server/bin/8b3775030ed1a69b13e4f4c628c612102e30a681/out/vs/platform/terminal/node/ptyHostMain.js:27:1906)
    at i.fire (/home/bitnami/.vscode-server/bin/8b3775030ed1a69b13e4f4c628c612102e30a681/out/vs/platform/terminal/node/ptyHostMain.js:27:2123)
    at process.ce (/home/bitnami/.vscode-server/bin/8b3775030ed1a69b13e4f4c628c612102e30a681/out/vs/platform/terminal/node/ptyHostMain.js:25:10117)
    at process.emit (node:events:513:28)
    at emit (node:internal/child_process:937:14)
    at process.processTicksAndRejections (node:internal/process/task_queues:83:21)
[15:03:12] [127.0.0.1][32e8ea0a][ManagementConnection] The client has disconnected gracefully, so the connection will be disposed.
[15:03:12] [127.0.0.1][7122c3b4][ExtensionHostConnection] <13800> Extension Host Process exited with code: 0, signal: null.
Cancelling previous shutdown timeout
[15:03:12] Cancelling previous shutdown timeout
Last EH closed, waiting before shutting down
[15:03:12] Last EH closed, waiting before shutting down
Got delay-shutdown request while in shutdown timeout, delaying
[15:03:20] Got delay-shutdown request while in shutdown timeout, delaying
Cancelling previous shutdown timeout
[15:03:20] Cancelling previous shutdown timeout
[15:03:21] [127.0.0.1][bb6a7eda][ManagementConnection] New connection established.
[15:03:21] [127.0.0.1][4314787d][ExtensionHostConnection] New connection established.
[15:03:21] [127.0.0.1][4314787d][ExtensionHostConnection] <13974> Launched Extension Host Process.
[15:03:31] [127.0.0.1][bb6a7eda][ManagementConnection] The client has disconnected gracefully, so the connection will be disposed.
[15:03:31] [127.0.0.1][4314787d][ExtensionHostConnection] <13974> Extension Host Process exited with code: 0, signal: null.
Cancelling previous shutdown timeout
[15:03:31] Cancelling previous shutdown timeout
Last EH closed, waiting before shutting down
[15:03:31] Last EH closed, waiting before shutting down
Last EH closed, shutting down
[15:08:31] Last EH closed, shutting down
