2024-02-27 04:13:39.658 [info] Log level: Info
2024-02-27 04:13:39.658 [info] Validating found git in: "git"
2024-02-27 04:13:39.658 [info] Using git "2.30.2" from "git"
2024-02-27 04:13:39.658 [info] > git rev-parse --show-toplevel [95ms]
2024-02-27 04:13:39.658 [info] > git rev-parse --git-dir --git-common-dir [274ms]
2024-02-27 04:13:39.658 [info] Open repository: /home/bitnami
2024-02-27 04:13:39.663 [info] > git rev-parse --show-toplevel [7ms]
2024-02-27 04:13:39.664 [info] > git config --get commit.template [28ms]
2024-02-27 04:13:39.723 [info] > git rev-parse --show-toplevel [17ms]
2024-02-27 04:13:39.746 [info] > git rev-parse --show-toplevel [2ms]
2024-02-27 04:13:39.770 [info] > git for-each-ref --format=%(refname)%00%(upstream:short)%00%(objectname)%00%(upstream:track)%00%(upstream:remotename)%00%(upstream:remoteref) refs/heads/main refs/remotes/main [48ms]
2024-02-27 04:13:39.792 [info] > git rev-parse --show-toplevel [24ms]
2024-02-27 04:13:39.838 [info] > git rev-parse --show-toplevel [29ms]
2024-02-27 04:13:39.912 [info] > git rev-parse --show-toplevel [25ms]
2024-02-27 04:13:40.059 [info] > git rev-parse --show-toplevel [71ms]
2024-02-27 04:13:40.128 [info] > git rev-parse --show-toplevel [14ms]
2024-02-27 04:13:40.174 [info] > git rev-parse --show-toplevel [7ms]
2024-02-27 04:13:40.219 [info] > git rev-parse --show-toplevel [12ms]
2024-02-27 04:13:40.272 [info] > git rev-parse --show-toplevel [1ms]
2024-02-27 04:13:40.292 [info] > git rev-parse --show-toplevel [1ms]
2024-02-27 04:13:40.315 [info] > git rev-parse --show-toplevel [0ms]
2024-02-27 04:13:40.379 [info] > git rev-parse --show-toplevel [21ms]
2024-02-27 04:13:40.434 [info] > git rev-parse --git-dir --git-common-dir [8ms]
2024-02-27 04:13:40.445 [info] Open repository: /home/bitnami/todo
2024-02-27 04:13:40.510 [info] > git config --get commit.template [28ms]
2024-02-27 04:13:40.538 [info] > git rev-parse --show-toplevel [29ms]
2024-02-27 04:13:40.550 [info] > git for-each-ref --format %(refname) %(objectname) %(*objectname) refs/tags [14ms]
2024-02-27 04:13:40.613 [info] > git status -z -uall [20ms]
2024-02-27 04:13:40.732 [info] > git config --get commit.template [2ms]
2024-02-27 04:13:40.768 [info] > git for-each-ref --format %(refname) %(objectname) %(*objectname) refs/tags [4ms]
2024-02-27 04:13:40.794 [info] > git status -z -uall [6ms]
2024-02-27 04:13:41.368 [info] > git status -z -uall [1578ms]
2024-02-27 04:13:41.434 [info] > git config --get commit.template [24ms]
2024-02-27 04:13:41.448 [info] > git for-each-ref --format=%(refname)%00%(upstream:short)%00%(objectname)%00%(upstream:track)%00%(upstream:remotename)%00%(upstream:remoteref) refs/heads/main refs/remotes/main [16ms]
2024-02-27 04:13:42.052 [info] > git status -z -uall [590ms]
