2024-02-12 22:57:18.190 [info] Log level: Info
2024-02-12 22:57:18.190 [info] Validating found git in: "git"
2024-02-12 22:57:18.190 [info] Using git "2.30.2" from "git"
2024-02-12 22:57:18.190 [info] > git rev-parse --show-toplevel [64ms]
2024-02-12 22:57:18.368 [info] > git rev-parse --git-dir --git-common-dir [141ms]
2024-02-12 22:57:18.425 [info] Open repository: /home/bitnami
2024-02-12 22:57:18.714 [info] > git config --get commit.template [42ms]
2024-02-12 22:57:18.722 [info] > git rev-parse --show-toplevel [33ms]
2024-02-12 22:57:19.264 [info] > git rev-parse --show-toplevel [486ms]
2024-02-12 22:57:19.265 [info] > git for-each-ref --format=%(refname)%00%(upstream:short)%00%(objectname)%00%(upstream:track)%00%(upstream:remotename)%00%(upstream:remoteref) refs/heads/main refs/remotes/main [521ms]
2024-02-12 22:57:19.353 [info] > git rev-parse --show-toplevel [25ms]
2024-02-12 22:57:19.458 [info] > git check-ignore -v -z --stdin [108ms]
2024-02-12 22:57:19.539 [info] > git rev-parse --show-toplevel [147ms]
2024-02-12 22:57:19.592 [info] > git rev-parse --show-toplevel [11ms]
2024-02-12 22:57:19.619 [info] > git rev-parse --show-toplevel [11ms]
2024-02-12 22:57:19.654 [info] > git rev-parse --show-toplevel [3ms]
2024-02-12 22:57:19.685 [info] > git rev-parse --show-toplevel [15ms]
2024-02-12 22:57:19.728 [info] > git rev-parse --show-toplevel [24ms]
2024-02-12 22:57:19.814 [info] > git rev-parse --show-toplevel [25ms]
2024-02-12 22:57:19.841 [info] > git rev-parse --show-toplevel [17ms]
2024-02-12 22:57:19.879 [info] > git rev-parse --show-toplevel [11ms]
2024-02-12 22:57:19.917 [info] > git rev-parse --show-toplevel [6ms]
2024-02-12 22:57:19.944 [info] > git rev-parse --show-toplevel [4ms]
2024-02-12 22:57:19.964 [info] > git rev-parse --show-toplevel [2ms]
2024-02-12 22:57:19.986 [info] > git rev-parse --git-dir --git-common-dir [1ms]
2024-02-12 22:57:19.996 [info] Open repository: /home/bitnami/todo
2024-02-12 22:57:20.067 [info] > git config --get commit.template [35ms]
2024-02-12 22:57:20.075 [info] > git rev-parse --show-toplevel [18ms]
2024-02-12 22:57:20.194 [info] > git show --textconv :blogger/bin/www [46ms]
2024-02-12 22:57:20.195 [info] > git ls-files --stage -- /home/bitnami/blogger/bin/www [31ms]
2024-02-12 22:57:20.246 [info] > git for-each-ref --format=%(refname)%00%(upstream:short)%00%(objectname)%00%(upstream:track)%00%(upstream:remotename)%00%(upstream:remoteref) refs/heads/master refs/remotes/master [54ms]
2024-02-12 22:57:20.272 [warning] ENOENT: no such file or directory, open '/home/bitnami/todo/.git/refs/remotes/origin/master'
2024-02-12 22:57:20.273 [info] > git cat-file -s 46644ba0551b427aa04d6191b2740167adf76b45 [28ms]
2024-02-12 22:57:20.310 [info] > git rev-parse refs/remotes/origin/master [37ms]
2024-02-12 22:57:20.343 [info] > git status -z -uall [18ms]
2024-02-12 22:57:20.463 [info] > git for-each-ref --format=%(refname)%00%(upstream:short)%00%(objectname)%00%(upstream:track)%00%(upstream:remotename)%00%(upstream:remoteref) refs/heads/master refs/remotes/master [8ms]
2024-02-12 22:57:20.463 [info] > git config --get commit.template [33ms]
2024-02-12 22:57:20.485 [warning] ENOENT: no such file or directory, open '/home/bitnami/todo/.git/refs/remotes/origin/master'
2024-02-12 22:57:20.501 [info] > git rev-parse refs/remotes/origin/master [16ms]
2024-02-12 22:57:20.742 [info] > git status -z -uall [1391ms]
2024-02-12 22:57:20.742 [info] > git status -z -uall [197ms]
2024-02-12 22:57:20.743 [info] > git check-ignore -v -z --stdin [59ms]
2024-02-12 22:57:23.010 [info] > git config --get commit.template [92ms]
2024-02-12 22:57:23.027 [info] > git for-each-ref --format=%(refname)%00%(upstream:short)%00%(objectname)%00%(upstream:track)%00%(upstream:remotename)%00%(upstream:remoteref) refs/heads/main refs/remotes/main [6ms]
2024-02-12 22:57:23.675 [info] > git status -z -uall [638ms]
2024-02-12 22:57:33.075 [info] > git config --get commit.template [9ms]
2024-02-12 22:57:33.079 [info] > git for-each-ref --format=%(refname)%00%(upstream:short)%00%(objectname)%00%(upstream:track)%00%(upstream:remotename)%00%(upstream:remoteref) refs/heads/main refs/remotes/main [6ms]
2024-02-12 22:57:33.292 [info] > git status -z -uall [206ms]
2024-02-12 22:57:38.439 [info] > git config --get commit.template [1ms]
2024-02-12 22:57:38.449 [info] > git for-each-ref --format=%(refname)%00%(upstream:short)%00%(objectname)%00%(upstream:track)%00%(upstream:remotename)%00%(upstream:remoteref) refs/heads/main refs/remotes/main [2ms]
2024-02-12 22:57:38.593 [info] > git status -z -uall [138ms]
2024-02-12 22:57:43.703 [info] > git config --get commit.template [11ms]
2024-02-12 22:57:43.704 [info] > git for-each-ref --format=%(refname)%00%(upstream:short)%00%(objectname)%00%(upstream:track)%00%(upstream:remotename)%00%(upstream:remoteref) refs/heads/main refs/remotes/main [2ms]
2024-02-12 22:57:43.837 [info] > git status -z -uall [121ms]
2024-02-12 22:57:54.018 [info] > git config --get commit.template [9ms]
2024-02-12 22:57:54.018 [info] > git for-each-ref --format=%(refname)%00%(upstream:short)%00%(objectname)%00%(upstream:track)%00%(upstream:remotename)%00%(upstream:remoteref) refs/heads/main refs/remotes/main [2ms]
2024-02-12 22:57:54.155 [info] > git status -z -uall [128ms]
2024-02-12 22:57:59.254 [info] > git config --get commit.template [1ms]
2024-02-12 22:57:59.263 [info] > git for-each-ref --format=%(refname)%00%(upstream:short)%00%(objectname)%00%(upstream:track)%00%(upstream:remotename)%00%(upstream:remoteref) refs/heads/main refs/remotes/main [2ms]
2024-02-12 22:57:59.423 [info] > git status -z -uall [151ms]
2024-02-12 22:58:04.528 [info] > git config --get commit.template [8ms]
2024-02-12 22:58:04.529 [info] > git for-each-ref --format=%(refname)%00%(upstream:short)%00%(objectname)%00%(upstream:track)%00%(upstream:remotename)%00%(upstream:remoteref) refs/heads/main refs/remotes/main [2ms]
2024-02-12 22:58:04.674 [info] > git status -z -uall [138ms]
2024-02-12 22:58:09.776 [info] > git config --get commit.template [10ms]
2024-02-12 22:58:09.776 [info] > git for-each-ref --format=%(refname)%00%(upstream:short)%00%(objectname)%00%(upstream:track)%00%(upstream:remotename)%00%(upstream:remoteref) refs/heads/main refs/remotes/main [2ms]
2024-02-12 22:58:09.913 [info] > git status -z -uall [128ms]
2024-02-12 22:58:15.010 [info] > git config --get commit.template [10ms]
2024-02-12 22:58:15.010 [info] > git for-each-ref --format=%(refname)%00%(upstream:short)%00%(objectname)%00%(upstream:track)%00%(upstream:remotename)%00%(upstream:remoteref) refs/heads/main refs/remotes/main [2ms]
2024-02-12 22:58:15.134 [info] > git status -z -uall [116ms]
2024-02-12 22:58:20.230 [info] > git config --get commit.template [2ms]
2024-02-12 22:58:20.240 [info] > git for-each-ref --format=%(refname)%00%(upstream:short)%00%(objectname)%00%(upstream:track)%00%(upstream:remotename)%00%(upstream:remoteref) refs/heads/main refs/remotes/main [2ms]
2024-02-12 22:58:20.375 [info] > git status -z -uall [128ms]
2024-02-12 22:58:25.485 [info] > git config --get commit.template [10ms]
2024-02-12 22:58:25.486 [info] > git for-each-ref --format=%(refname)%00%(upstream:short)%00%(objectname)%00%(upstream:track)%00%(upstream:remotename)%00%(upstream:remoteref) refs/heads/main refs/remotes/main [2ms]
2024-02-12 22:58:25.618 [info] > git status -z -uall [124ms]
2024-02-12 22:58:35.786 [info] > git config --get commit.template [8ms]
2024-02-12 22:58:35.787 [info] > git for-each-ref --format=%(refname)%00%(upstream:short)%00%(objectname)%00%(upstream:track)%00%(upstream:remotename)%00%(upstream:remoteref) refs/heads/main refs/remotes/main [2ms]
2024-02-12 22:58:35.916 [info] > git status -z -uall [122ms]
2024-02-12 22:58:41.026 [info] > git config --get commit.template [2ms]
2024-02-12 22:58:41.035 [info] > git for-each-ref --format=%(refname)%00%(upstream:short)%00%(objectname)%00%(upstream:track)%00%(upstream:remotename)%00%(upstream:remoteref) refs/heads/main refs/remotes/main [2ms]
2024-02-12 22:58:41.170 [info] > git status -z -uall [127ms]
2024-02-12 22:58:46.260 [info] > git config --get commit.template [8ms]
2024-02-12 22:58:46.261 [info] > git for-each-ref --format=%(refname)%00%(upstream:short)%00%(objectname)%00%(upstream:track)%00%(upstream:remotename)%00%(upstream:remoteref) refs/heads/main refs/remotes/main [2ms]
2024-02-12 22:58:46.392 [info] > git status -z -uall [124ms]
2024-02-12 22:58:51.499 [info] > git config --get commit.template [9ms]
2024-02-12 22:58:51.499 [info] > git for-each-ref --format=%(refname)%00%(upstream:short)%00%(objectname)%00%(upstream:track)%00%(upstream:remotename)%00%(upstream:remoteref) refs/heads/main refs/remotes/main [2ms]
2024-02-12 22:58:51.657 [info] > git status -z -uall [148ms]
2024-02-12 22:58:56.762 [info] > git config --get commit.template [3ms]
2024-02-12 22:58:56.773 [info] > git for-each-ref --format=%(refname)%00%(upstream:short)%00%(objectname)%00%(upstream:track)%00%(upstream:remotename)%00%(upstream:remoteref) refs/heads/main refs/remotes/main [1ms]
2024-02-12 22:58:56.909 [info] > git status -z -uall [123ms]
2024-02-12 22:59:02.047 [info] > git config --get commit.template [13ms]
2024-02-12 22:59:02.047 [info] > git for-each-ref --format=%(refname)%00%(upstream:short)%00%(objectname)%00%(upstream:track)%00%(upstream:remotename)%00%(upstream:remoteref) refs/heads/main refs/remotes/main [2ms]
2024-02-12 22:59:02.196 [info] > git status -z -uall [139ms]
2024-02-12 22:59:20.743 [info] > git config --get commit.template [9ms]
2024-02-12 22:59:20.744 [info] > git for-each-ref --format=%(refname)%00%(upstream:short)%00%(objectname)%00%(upstream:track)%00%(upstream:remotename)%00%(upstream:remoteref) refs/heads/main refs/remotes/main [2ms]
2024-02-12 22:59:20.883 [info] > git status -z -uall [132ms]
2024-02-12 22:59:26.006 [info] > git config --get commit.template [10ms]
2024-02-12 22:59:26.007 [info] > git for-each-ref --format=%(refname)%00%(upstream:short)%00%(objectname)%00%(upstream:track)%00%(upstream:remotename)%00%(upstream:remoteref) refs/heads/main refs/remotes/main [2ms]
2024-02-12 22:59:26.191 [info] > git status -z -uall [177ms]
2024-02-12 22:59:44.811 [info] > git config --get commit.template [9ms]
2024-02-12 22:59:44.811 [info] > git for-each-ref --format=%(refname)%00%(upstream:short)%00%(objectname)%00%(upstream:track)%00%(upstream:remotename)%00%(upstream:remoteref) refs/heads/main refs/remotes/main [1ms]
2024-02-12 22:59:44.969 [info] > git status -z -uall [150ms]
2024-02-12 22:59:50.068 [info] > git config --get commit.template [2ms]
2024-02-12 22:59:50.080 [info] > git for-each-ref --format=%(refname)%00%(upstream:short)%00%(objectname)%00%(upstream:track)%00%(upstream:remotename)%00%(upstream:remoteref) refs/heads/main refs/remotes/main [2ms]
2024-02-12 22:59:50.223 [info] > git status -z -uall [130ms]
2024-02-12 22:59:55.308 [info] > git config --get commit.template [2ms]
2024-02-12 22:59:55.316 [info] > git for-each-ref --format=%(refname)%00%(upstream:short)%00%(objectname)%00%(upstream:track)%00%(upstream:remotename)%00%(upstream:remoteref) refs/heads/main refs/remotes/main [1ms]
2024-02-12 22:59:55.441 [info] > git status -z -uall [117ms]
2024-02-12 23:00:00.544 [info] > git config --get commit.template [16ms]
2024-02-12 23:00:00.545 [info] > git for-each-ref --format=%(refname)%00%(upstream:short)%00%(objectname)%00%(upstream:track)%00%(upstream:remotename)%00%(upstream:remoteref) refs/heads/main refs/remotes/main [8ms]
2024-02-12 23:00:00.711 [info] > git status -z -uall [152ms]
2024-02-12 23:00:14.532 [info] > git config --get commit.template [9ms]
2024-02-12 23:00:14.533 [info] > git for-each-ref --format=%(refname)%00%(upstream:short)%00%(objectname)%00%(upstream:track)%00%(upstream:remotename)%00%(upstream:remoteref) refs/heads/main refs/remotes/main [2ms]
2024-02-12 23:00:14.674 [info] > git status -z -uall [133ms]
2024-02-12 23:00:19.792 [info] > git config --get commit.template [8ms]
2024-02-12 23:00:19.792 [info] > git for-each-ref --format=%(refname)%00%(upstream:short)%00%(objectname)%00%(upstream:track)%00%(upstream:remotename)%00%(upstream:remoteref) refs/heads/main refs/remotes/main [1ms]
2024-02-12 23:00:19.959 [info] > git status -z -uall [160ms]
2024-02-12 23:00:25.060 [info] > git config --get commit.template [2ms]
2024-02-12 23:00:25.070 [info] > git for-each-ref --format=%(refname)%00%(upstream:short)%00%(objectname)%00%(upstream:track)%00%(upstream:remotename)%00%(upstream:remoteref) refs/heads/main refs/remotes/main [2ms]
2024-02-12 23:00:25.239 [info] > git status -z -uall [161ms]
2024-02-12 23:00:37.498 [info] > git config --get commit.template [10ms]
2024-02-12 23:00:37.498 [info] > git for-each-ref --format=%(refname)%00%(upstream:short)%00%(objectname)%00%(upstream:track)%00%(upstream:remotename)%00%(upstream:remoteref) refs/heads/main refs/remotes/main [3ms]
2024-02-12 23:00:37.643 [info] > git status -z -uall [136ms]
2024-02-12 23:00:42.753 [info] > git config --get commit.template [10ms]
2024-02-12 23:00:42.754 [info] > git for-each-ref --format=%(refname)%00%(upstream:short)%00%(objectname)%00%(upstream:track)%00%(upstream:remotename)%00%(upstream:remoteref) refs/heads/main refs/remotes/main [2ms]
2024-02-12 23:00:42.886 [info] > git status -z -uall [125ms]
2024-02-12 23:00:48.000 [info] > git config --get commit.template [10ms]
2024-02-12 23:00:48.000 [info] > git for-each-ref --format=%(refname)%00%(upstream:short)%00%(objectname)%00%(upstream:track)%00%(upstream:remotename)%00%(upstream:remoteref) refs/heads/main refs/remotes/main [1ms]
2024-02-12 23:00:48.140 [info] > git status -z -uall [132ms]
2024-02-12 23:00:53.236 [info] > git config --get commit.template [9ms]
2024-02-12 23:00:53.237 [info] > git for-each-ref --format=%(refname)%00%(upstream:short)%00%(objectname)%00%(upstream:track)%00%(upstream:remotename)%00%(upstream:remoteref) refs/heads/main refs/remotes/main [2ms]
2024-02-12 23:00:53.393 [info] > git status -z -uall [147ms]
2024-02-12 23:00:58.481 [info] > git config --get commit.template [1ms]
2024-02-12 23:00:58.489 [info] > git for-each-ref --format=%(refname)%00%(upstream:short)%00%(objectname)%00%(upstream:track)%00%(upstream:remotename)%00%(upstream:remoteref) refs/heads/main refs/remotes/main [1ms]
2024-02-12 23:00:58.628 [info] > git status -z -uall [131ms]
2024-02-12 23:01:03.721 [info] > git config --get commit.template [1ms]
2024-02-12 23:01:03.729 [info] > git for-each-ref --format=%(refname)%00%(upstream:short)%00%(objectname)%00%(upstream:track)%00%(upstream:remotename)%00%(upstream:remoteref) refs/heads/main refs/remotes/main [2ms]
2024-02-12 23:01:03.870 [info] > git status -z -uall [131ms]
2024-02-12 23:01:08.979 [info] > git config --get commit.template [2ms]
2024-02-12 23:01:08.987 [info] > git for-each-ref --format=%(refname)%00%(upstream:short)%00%(objectname)%00%(upstream:track)%00%(upstream:remotename)%00%(upstream:remoteref) refs/heads/main refs/remotes/main [2ms]
2024-02-12 23:01:09.125 [info] > git status -z -uall [131ms]
2024-02-12 23:01:14.230 [info] > git config --get commit.template [8ms]
2024-02-12 23:01:14.230 [info] > git for-each-ref --format=%(refname)%00%(upstream:short)%00%(objectname)%00%(upstream:track)%00%(upstream:remotename)%00%(upstream:remoteref) refs/heads/main refs/remotes/main [2ms]
2024-02-12 23:01:14.385 [info] > git status -z -uall [147ms]
2024-02-12 23:01:19.487 [info] > git config --get commit.template [1ms]
2024-02-12 23:01:19.495 [info] > git for-each-ref --format=%(refname)%00%(upstream:short)%00%(objectname)%00%(upstream:track)%00%(upstream:remotename)%00%(upstream:remoteref) refs/heads/main refs/remotes/main [2ms]
2024-02-12 23:01:19.648 [info] > git status -z -uall [147ms]
2024-02-12 23:01:29.448 [info] > git config --get commit.template [11ms]
2024-02-12 23:01:29.448 [info] > git for-each-ref --format=%(refname)%00%(upstream:short)%00%(objectname)%00%(upstream:track)%00%(upstream:remotename)%00%(upstream:remoteref) refs/heads/main refs/remotes/main [2ms]
2024-02-12 23:01:29.607 [info] > git status -z -uall [151ms]
2024-02-12 23:01:34.718 [info] > git config --get commit.template [10ms]
2024-02-12 23:01:34.719 [info] > git for-each-ref --format=%(refname)%00%(upstream:short)%00%(objectname)%00%(upstream:track)%00%(upstream:remotename)%00%(upstream:remoteref) refs/heads/main refs/remotes/main [2ms]
2024-02-12 23:01:34.898 [info] > git status -z -uall [149ms]
2024-02-12 23:01:39.991 [info] > git config --get commit.template [2ms]
2024-02-12 23:01:40.013 [info] > git for-each-ref --format=%(refname)%00%(upstream:short)%00%(objectname)%00%(upstream:track)%00%(upstream:remotename)%00%(upstream:remoteref) refs/heads/main refs/remotes/main [7ms]
2024-02-12 23:01:40.175 [info] > git status -z -uall [152ms]
2024-02-12 23:01:45.256 [info] > git config --get commit.template [1ms]
2024-02-12 23:01:45.265 [info] > git for-each-ref --format=%(refname)%00%(upstream:short)%00%(objectname)%00%(upstream:track)%00%(upstream:remotename)%00%(upstream:remoteref) refs/heads/main refs/remotes/main [2ms]
2024-02-12 23:01:45.395 [info] > git status -z -uall [122ms]
2024-02-12 23:01:50.492 [info] > git config --get commit.template [1ms]
2024-02-12 23:01:50.501 [info] > git for-each-ref --format=%(refname)%00%(upstream:short)%00%(objectname)%00%(upstream:track)%00%(upstream:remotename)%00%(upstream:remoteref) refs/heads/main refs/remotes/main [1ms]
2024-02-12 23:01:50.630 [info] > git status -z -uall [122ms]
2024-02-12 23:01:52.334 [info] > git check-ignore -v -z --stdin [10ms]
2024-02-12 23:01:53.860 [info] > git check-ignore -v -z --stdin [6ms]
2024-02-12 23:01:54.676 [info] > git show --textconv :blogger2/bin/www [30ms]
2024-02-12 23:01:54.677 [info] > git ls-files --stage -- /home/bitnami/blogger2/bin/www [11ms]
2024-02-12 23:01:55.726 [info] > git config --get commit.template [9ms]
2024-02-12 23:01:55.727 [info] > git for-each-ref --format=%(refname)%00%(upstream:short)%00%(objectname)%00%(upstream:track)%00%(upstream:remotename)%00%(upstream:remoteref) refs/heads/main refs/remotes/main [2ms]
2024-02-12 23:01:55.862 [info] > git status -z -uall [128ms]
2024-02-12 23:02:00.959 [info] > git config --get commit.template [11ms]
2024-02-12 23:02:00.960 [info] > git for-each-ref --format=%(refname)%00%(upstream:short)%00%(objectname)%00%(upstream:track)%00%(upstream:remotename)%00%(upstream:remoteref) refs/heads/main refs/remotes/main [2ms]
2024-02-12 23:02:01.113 [info] > git status -z -uall [140ms]
2024-02-12 23:02:06.244 [info] > git config --get commit.template [2ms]
2024-02-12 23:02:06.254 [info] > git for-each-ref --format=%(refname)%00%(upstream:short)%00%(objectname)%00%(upstream:track)%00%(upstream:remotename)%00%(upstream:remoteref) refs/heads/main refs/remotes/main [2ms]
2024-02-12 23:02:06.413 [info] > git status -z -uall [148ms]
2024-02-12 23:02:11.516 [info] > git config --get commit.template [10ms]
2024-02-12 23:02:11.517 [info] > git for-each-ref --format=%(refname)%00%(upstream:short)%00%(objectname)%00%(upstream:track)%00%(upstream:remotename)%00%(upstream:remoteref) refs/heads/main refs/remotes/main [2ms]
2024-02-12 23:02:11.652 [info] > git status -z -uall [127ms]
2024-02-12 23:02:16.761 [info] > git config --get commit.template [8ms]
2024-02-12 23:02:16.761 [info] > git for-each-ref --format=%(refname)%00%(upstream:short)%00%(objectname)%00%(upstream:track)%00%(upstream:remotename)%00%(upstream:remoteref) refs/heads/main refs/remotes/main [1ms]
2024-02-12 23:02:16.900 [info] > git status -z -uall [131ms]
2024-02-12 23:02:22.026 [info] > git config --get commit.template [10ms]
2024-02-12 23:02:22.027 [info] > git for-each-ref --format=%(refname)%00%(upstream:short)%00%(objectname)%00%(upstream:track)%00%(upstream:remotename)%00%(upstream:remoteref) refs/heads/main refs/remotes/main [2ms]
2024-02-12 23:02:22.166 [info] > git status -z -uall [131ms]
2024-02-12 23:02:27.256 [info] > git config --get commit.template [1ms]
2024-02-12 23:02:27.264 [info] > git for-each-ref --format=%(refname)%00%(upstream:short)%00%(objectname)%00%(upstream:track)%00%(upstream:remotename)%00%(upstream:remoteref) refs/heads/main refs/remotes/main [1ms]
2024-02-12 23:02:27.390 [info] > git status -z -uall [118ms]
2024-02-12 23:02:32.479 [info] > git config --get commit.template [1ms]
2024-02-12 23:02:32.488 [info] > git for-each-ref --format=%(refname)%00%(upstream:short)%00%(objectname)%00%(upstream:track)%00%(upstream:remotename)%00%(upstream:remoteref) refs/heads/main refs/remotes/main [2ms]
2024-02-12 23:02:32.650 [info] > git status -z -uall [153ms]
2024-02-12 23:02:37.754 [info] > git config --get commit.template [2ms]
2024-02-12 23:02:37.762 [info] > git for-each-ref --format=%(refname)%00%(upstream:short)%00%(objectname)%00%(upstream:track)%00%(upstream:remotename)%00%(upstream:remoteref) refs/heads/main refs/remotes/main [1ms]
2024-02-12 23:02:37.901 [info] > git status -z -uall [128ms]
2024-02-12 23:02:43.005 [info] > git config --get commit.template [8ms]
2024-02-12 23:02:43.006 [info] > git for-each-ref --format=%(refname)%00%(upstream:short)%00%(objectname)%00%(upstream:track)%00%(upstream:remotename)%00%(upstream:remoteref) refs/heads/main refs/remotes/main [2ms]
2024-02-12 23:02:43.130 [info] > git status -z -uall [117ms]
2024-02-12 23:02:48.241 [info] > git config --get commit.template [11ms]
2024-02-12 23:02:48.241 [info] > git for-each-ref --format=%(refname)%00%(upstream:short)%00%(objectname)%00%(upstream:track)%00%(upstream:remotename)%00%(upstream:remoteref) refs/heads/main refs/remotes/main [2ms]
2024-02-12 23:02:48.380 [info] > git status -z -uall [131ms]
2024-02-12 23:02:55.454 [info] > git config --get commit.template [8ms]
2024-02-12 23:02:55.454 [info] > git for-each-ref --format=%(refname)%00%(upstream:short)%00%(objectname)%00%(upstream:track)%00%(upstream:remotename)%00%(upstream:remoteref) refs/heads/main refs/remotes/main [2ms]
2024-02-12 23:02:55.593 [info] > git status -z -uall [123ms]
2024-02-12 23:03:00.705 [info] > git config --get commit.template [9ms]
2024-02-12 23:03:00.715 [info] > git for-each-ref --format=%(refname)%00%(upstream:short)%00%(objectname)%00%(upstream:track)%00%(upstream:remotename)%00%(upstream:remoteref) refs/heads/main refs/remotes/main [2ms]
2024-02-12 23:03:00.870 [info] > git status -z -uall [144ms]
2024-02-12 23:03:05.977 [info] > git config --get commit.template [2ms]
2024-02-12 23:03:05.986 [info] > git for-each-ref --format=%(refname)%00%(upstream:short)%00%(objectname)%00%(upstream:track)%00%(upstream:remotename)%00%(upstream:remoteref) refs/heads/main refs/remotes/main [2ms]
2024-02-12 23:03:06.127 [info] > git status -z -uall [133ms]
2024-02-12 23:03:11.242 [info] > git config --get commit.template [10ms]
2024-02-12 23:03:11.244 [info] > git for-each-ref --format=%(refname)%00%(upstream:short)%00%(objectname)%00%(upstream:track)%00%(upstream:remotename)%00%(upstream:remoteref) refs/heads/main refs/remotes/main [2ms]
2024-02-12 23:03:11.396 [info] > git status -z -uall [143ms]
2024-02-12 23:03:16.493 [info] > git config --get commit.template [4ms]
2024-02-12 23:03:16.504 [info] > git for-each-ref --format=%(refname)%00%(upstream:short)%00%(objectname)%00%(upstream:track)%00%(upstream:remotename)%00%(upstream:remoteref) refs/heads/main refs/remotes/main [1ms]
2024-02-12 23:03:16.649 [info] > git status -z -uall [136ms]
2024-02-12 23:03:21.746 [info] > git config --get commit.template [9ms]
2024-02-12 23:03:21.746 [info] > git for-each-ref --format=%(refname)%00%(upstream:short)%00%(objectname)%00%(upstream:track)%00%(upstream:remotename)%00%(upstream:remoteref) refs/heads/main refs/remotes/main [1ms]
2024-02-12 23:03:21.887 [info] > git status -z -uall [133ms]
2024-02-12 23:03:26.987 [info] > git config --get commit.template [10ms]
2024-02-12 23:03:26.987 [info] > git for-each-ref --format=%(refname)%00%(upstream:short)%00%(objectname)%00%(upstream:track)%00%(upstream:remotename)%00%(upstream:remoteref) refs/heads/main refs/remotes/main [2ms]
2024-02-12 23:03:27.124 [info] > git status -z -uall [129ms]
2024-02-12 23:03:32.247 [info] > git config --get commit.template [1ms]
2024-02-12 23:03:32.255 [info] > git for-each-ref --format=%(refname)%00%(upstream:short)%00%(objectname)%00%(upstream:track)%00%(upstream:remotename)%00%(upstream:remoteref) refs/heads/main refs/remotes/main [2ms]
2024-02-12 23:03:32.383 [info] > git status -z -uall [120ms]
