2024-01-30 00:20:59.098 [info] Log level: Info
2024-01-30 00:20:59.102 [info] Validating found git in: "git"
2024-01-30 00:20:59.102 [info] Using git "2.30.2" from "git"
2024-01-30 00:20:59.102 [info] > git rev-parse --show-toplevel [20ms]
2024-01-30 00:20:59.102 [info] fatal: not a git repository (or any of the parent directories): .git
2024-01-30 00:20:59.103 [info] > git rev-parse --show-toplevel [16ms]
2024-01-30 00:20:59.104 [info] fatal: not a git repository (or any of the parent directories): .git
2024-01-30 00:20:59.119 [info] > git rev-parse --show-toplevel [4ms]
2024-01-30 00:20:59.120 [info] fatal: not a git repository (or any of the parent directories): .git
2024-01-30 00:20:59.132 [info] > git rev-parse --show-toplevel [4ms]
2024-01-30 00:20:59.132 [info] fatal: not a git repository (or any of the parent directories): .git
2024-01-30 00:20:59.143 [info] > git rev-parse --show-toplevel [1ms]
2024-01-30 00:20:59.143 [info] fatal: not a git repository (or any of the parent directories): .git
2024-01-30 00:20:59.150 [info] > git rev-parse --show-toplevel [1ms]
2024-01-30 00:20:59.150 [info] fatal: not a git repository (or any of the parent directories): .git
2024-01-30 00:20:59.159 [info] > git rev-parse --show-toplevel [1ms]
2024-01-30 00:20:59.159 [info] fatal: not a git repository (or any of the parent directories): .git
2024-01-30 00:20:59.167 [info] > git rev-parse --show-toplevel [2ms]
2024-01-30 00:20:59.167 [info] fatal: not a git repository (or any of the parent directories): .git
2024-01-30 00:20:59.176 [info] > git rev-parse --show-toplevel [1ms]
2024-01-30 00:20:59.176 [info] fatal: not a git repository (or any of the parent directories): .git
2024-01-30 00:20:59.183 [info] > git rev-parse --show-toplevel [2ms]
2024-01-30 00:20:59.183 [info] fatal: not a git repository (or any of the parent directories): .git
2024-01-30 00:20:59.192 [info] > git rev-parse --show-toplevel [3ms]
2024-01-30 00:20:59.192 [info] fatal: not a git repository (or any of the parent directories): .git
2024-01-30 00:20:59.214 [info] > git rev-parse --show-toplevel [13ms]
2024-01-30 00:20:59.226 [info] > git rev-parse --git-dir --git-common-dir [3ms]
2024-01-30 00:20:59.251 [info] Open repository: /home/bitnami/todo
2024-01-30 00:20:59.271 [info] > git config --get commit.template [9ms]
2024-01-30 00:20:59.281 [info] > git rev-parse --show-toplevel [10ms]
2024-01-30 00:20:59.281 [info] fatal: not a git repository (or any of the parent directories): .git
2024-01-30 00:20:59.300 [info] > git for-each-ref --format=%(refname)%00%(upstream:short)%00%(objectname)%00%(upstream:track)%00%(upstream:remotename)%00%(upstream:remoteref) refs/heads/master refs/remotes/master [21ms]
2024-01-30 00:20:59.312 [warning] ENOENT: no such file or directory, open '/home/bitnami/todo/.git/refs/remotes/origin/master'
2024-01-30 00:20:59.315 [info] > git rev-parse refs/remotes/origin/master [3ms]
2024-01-30 00:20:59.442 [info] > git status -z -uall [103ms]
2024-01-30 00:20:59.459 [info] > git config --get commit.template [1ms]
2024-01-30 00:20:59.480 [info] > git for-each-ref --format=%(refname)%00%(upstream:short)%00%(objectname)%00%(upstream:track)%00%(upstream:remotename)%00%(upstream:remoteref) refs/heads/master refs/remotes/master [9ms]
2024-01-30 00:20:59.493 [warning] ENOENT: no such file or directory, open '/home/bitnami/todo/.git/refs/remotes/origin/master'
2024-01-30 00:20:59.494 [info] > git rev-parse refs/remotes/origin/master [2ms]
2024-01-30 00:20:59.511 [info] > git status -z -uall [12ms]
2024-01-30 00:21:00.102 [info] > git check-ignore -v -z --stdin [9ms]
2024-01-30 00:21:22.434 [info] > git config --get commit.template [2ms]
2024-01-30 00:21:22.441 [info] > git for-each-ref --format=%(refname)%00%(upstream:short)%00%(objectname)%00%(upstream:track)%00%(upstream:remotename)%00%(upstream:remoteref) refs/heads/master refs/remotes/master [2ms]
2024-01-30 00:21:22.445 [warning] ENOENT: no such file or directory, open '/home/bitnami/todo/.git/refs/remotes/origin/master'
2024-01-30 00:21:22.446 [info] > git rev-parse refs/remotes/origin/master [1ms]
2024-01-30 00:21:22.464 [info] > git status -z -uall [14ms]
2024-01-30 00:22:31.795 [info] > git rev-parse --show-toplevel [1ms]
2024-01-30 00:22:31.795 [info] fatal: not a git repository (or any of the parent directories): .git
2024-01-30 00:23:29.673 [info] > git config --get commit.template [3ms]
2024-01-30 00:23:29.682 [info] > git for-each-ref --format=%(refname)%00%(upstream:short)%00%(objectname)%00%(upstream:track)%00%(upstream:remotename)%00%(upstream:remoteref) refs/heads/master refs/remotes/master [1ms]
2024-01-30 00:23:29.689 [warning] ENOENT: no such file or directory, open '/home/bitnami/todo/.git/refs/remotes/origin/master'
2024-01-30 00:23:29.690 [info] > git rev-parse refs/remotes/origin/master [1ms]
2024-01-30 00:23:29.705 [info] > git status -z -uall [10ms]
2024-01-30 00:23:29.981 [info] > git rev-parse --show-toplevel [17ms]
2024-01-30 00:23:29.981 [info] fatal: not a git repository (or any of the parent directories): .git
2024-01-30 00:23:31.164 [info] > git rev-parse --show-toplevel [49ms]
2024-01-30 00:23:31.164 [info] fatal: not a git repository (or any of the parent directories): .git
2024-01-30 00:23:31.581 [info] > git rev-parse --show-toplevel [30ms]
2024-01-30 00:23:31.581 [info] fatal: not a git repository (or any of the parent directories): .git
2024-01-30 00:23:32.064 [info] > git rev-parse --show-toplevel [21ms]
2024-01-30 00:23:32.065 [info] fatal: not a git repository (or any of the parent directories): .git
2024-01-30 00:23:33.215 [info] > git rev-parse --show-toplevel [9ms]
2024-01-30 00:23:33.216 [info] fatal: not a git repository (or any of the parent directories): .git
2024-01-30 00:23:33.801 [info] > git rev-parse --show-toplevel [16ms]
2024-01-30 00:23:33.801 [info] fatal: not a git repository (or any of the parent directories): .git
2024-01-30 00:23:34.747 [info] > git config --get commit.template [17ms]
2024-01-30 00:23:34.779 [info] > git for-each-ref --format=%(refname)%00%(upstream:short)%00%(objectname)%00%(upstream:track)%00%(upstream:remotename)%00%(upstream:remoteref) refs/heads/master refs/remotes/master [37ms]
2024-01-30 00:23:34.786 [warning] ENOENT: no such file or directory, open '/home/bitnami/todo/.git/refs/remotes/origin/master'
2024-01-30 00:23:34.788 [info] > git rev-parse refs/remotes/origin/master [2ms]
2024-01-30 00:23:34.844 [info] > git status -z -uall [49ms]
2024-01-30 00:23:35.816 [info] > git rev-parse --show-toplevel [13ms]
2024-01-30 00:23:35.817 [info] fatal: not a git repository (or any of the parent directories): .git
2024-01-30 00:23:36.428 [info] > git rev-parse --show-toplevel [3ms]
2024-01-30 00:23:36.429 [info] fatal: not a git repository (or any of the parent directories): .git
2024-01-30 00:25:06.583 [info] > git rev-parse --show-toplevel [26ms]
2024-01-30 00:25:06.584 [info] fatal: not a git repository (or any of the parent directories): .git
2024-01-30 00:25:09.233 [info] > git rev-parse --show-toplevel [3ms]
2024-01-30 00:25:09.234 [info] fatal: not a git repository (or any of the parent directories): .git
2024-01-30 00:25:19.809 [info] > git rev-parse --show-toplevel [1ms]
2024-01-30 00:25:19.809 [info] fatal: not a git repository (or any of the parent directories): .git
2024-01-30 00:25:22.537 [info] > git rev-parse --show-toplevel [2ms]
2024-01-30 00:25:22.537 [info] fatal: not a git repository (or any of the parent directories): .git
2024-01-30 00:35:47.285 [info] > git rev-parse --show-toplevel [1ms]
2024-01-30 00:35:47.285 [info] fatal: not a git repository (or any of the parent directories): .git
2024-01-30 00:38:31.011 [info] > git rev-parse --show-toplevel [16ms]
2024-01-30 00:38:31.011 [info] fatal: not a git repository (or any of the parent directories): .git
2024-01-30 00:38:31.012 [info] > git config --get commit.template [8ms]
2024-01-30 00:38:31.031 [info] > git for-each-ref --format=%(refname)%00%(upstream:short)%00%(objectname)%00%(upstream:track)%00%(upstream:remotename)%00%(upstream:remoteref) refs/heads/master refs/remotes/master [11ms]
2024-01-30 00:38:31.038 [warning] ENOENT: no such file or directory, open '/home/bitnami/todo/.git/refs/remotes/origin/master'
2024-01-30 00:38:31.039 [info] > git rev-parse refs/remotes/origin/master [1ms]
2024-01-30 00:38:31.118 [info] > git status -z -uall [74ms]
2024-01-30 00:38:32.368 [info] > git rev-parse --show-toplevel [7ms]
2024-01-30 00:38:32.368 [info] fatal: not a git repository (or any of the parent directories): .git
2024-01-30 00:38:33.060 [info] > git rev-parse --show-toplevel [2ms]
2024-01-30 00:38:33.060 [info] fatal: not a git repository (or any of the parent directories): .git
2024-01-30 00:38:58.433 [info] > git rev-parse --show-toplevel [2ms]
2024-01-30 00:38:58.433 [info] fatal: not a git repository (or any of the parent directories): .git
2024-01-30 01:08:46.608 [info] > git config --get commit.template [6ms]
2024-01-30 01:08:46.608 [info] > git for-each-ref --format=%(refname)%00%(upstream:short)%00%(objectname)%00%(upstream:track)%00%(upstream:remotename)%00%(upstream:remoteref) refs/heads/master refs/remotes/master [1ms]
2024-01-30 01:08:46.613 [warning] ENOENT: no such file or directory, open '/home/bitnami/todo/.git/refs/remotes/origin/master'
2024-01-30 01:08:46.614 [info] > git rev-parse refs/remotes/origin/master [1ms]
2024-01-30 01:08:46.630 [info] > git status -z -uall [10ms]
