2024-02-26 18:56:54.276 [info] Log level: Info
2024-02-26 18:56:54.276 [info] Validating found git in: "git"
2024-02-26 18:56:54.276 [info] Using git "2.30.2" from "git"
2024-02-26 18:56:54.276 [info] > git rev-parse --show-toplevel [83ms]
2024-02-26 18:56:54.277 [info] > git rev-parse --git-dir --git-common-dir [12ms]
2024-02-26 18:56:54.356 [info] Open repository: /home/bitnami
2024-02-26 18:56:54.595 [info] > git rev-parse --show-toplevel [160ms]
2024-02-26 18:56:54.600 [info] > git config --get commit.template [197ms]
2024-02-26 18:56:54.848 [info] > git for-each-ref --format=%(refname)%00%(upstream:short)%00%(objectname)%00%(upstream:track)%00%(upstream:remotename)%00%(upstream:remoteref) refs/heads/main refs/remotes/main [209ms]
2024-02-26 18:56:54.858 [info] > git rev-parse --show-toplevel [230ms]
2024-02-26 18:56:54.995 [info] > git rev-parse --show-toplevel [90ms]
2024-02-26 18:56:55.156 [info] > git check-ignore -v -z --stdin [162ms]
2024-02-26 18:56:55.175 [info] > git rev-parse --show-toplevel [132ms]
2024-02-26 18:56:55.265 [info] > git rev-parse --show-toplevel [20ms]
2024-02-26 18:56:55.326 [info] > git rev-parse --show-toplevel [5ms]
2024-02-26 18:56:55.379 [info] > git rev-parse --show-toplevel [13ms]
2024-02-26 18:56:55.417 [info] > git rev-parse --show-toplevel [7ms]
2024-02-26 18:56:55.465 [info] > git rev-parse --show-toplevel [7ms]
2024-02-26 18:56:55.503 [info] > git rev-parse --show-toplevel [8ms]
2024-02-26 18:56:55.552 [info] > git rev-parse --show-toplevel [9ms]
2024-02-26 18:56:55.581 [info] > git rev-parse --show-toplevel [14ms]
2024-02-26 18:56:55.630 [info] > git rev-parse --show-toplevel [17ms]
2024-02-26 18:56:55.677 [info] > git rev-parse --show-toplevel [13ms]
2024-02-26 18:56:55.709 [info] > git rev-parse --git-dir --git-common-dir [10ms]
2024-02-26 18:56:55.718 [info] Open repository: /home/bitnami/todo
2024-02-26 18:56:55.791 [info] > git status -z -uall [843ms]
2024-02-26 18:56:55.791 [info] > git config --get commit.template [34ms]
2024-02-26 18:56:55.830 [info] > git rev-parse --show-toplevel [48ms]
2024-02-26 18:56:56.081 [info] > git show --textconv :blogger/app_server/routes/index.js [208ms]
2024-02-26 18:56:56.082 [info] > git ls-files --stage -- /home/bitnami/blogger/app_server/routes/index.js [186ms]
2024-02-26 18:56:56.110 [info] > git cat-file -s 086c49b9d20987b6d5ec569ab6673083ec9ffd0d [3ms]
2024-02-26 18:56:56.110 [info] > git for-each-ref --format %(refname) %(objectname) %(*objectname) refs/tags [42ms]
2024-02-26 18:56:56.127 [info] > git config --get commit.template [79ms]
2024-02-26 18:56:56.139 [info] > git status -z -uall [13ms]
2024-02-26 18:56:56.155 [info] > git for-each-ref --format=%(refname)%00%(upstream:short)%00%(objectname)%00%(upstream:track)%00%(upstream:remotename)%00%(upstream:remoteref) refs/heads/main refs/remotes/main [20ms]
2024-02-26 18:56:56.171 [info] > git config --get commit.template [17ms]
2024-02-26 18:56:56.443 [info] > git for-each-ref --format %(refname) %(objectname) %(*objectname) refs/tags [273ms]
2024-02-26 18:56:56.520 [info] > git status -z -uall [55ms]
2024-02-26 18:56:56.538 [info] > git check-ignore -v -z --stdin [27ms]
2024-02-26 18:56:56.629 [info] > git status -z -uall [449ms]
2024-02-26 18:56:56.653 [info] > git check-ignore -v -z --stdin [165ms]
2024-02-26 18:57:20.140 [info] > git config --get commit.template [26ms]
2024-02-26 18:57:20.155 [info] > git for-each-ref --format=%(refname)%00%(upstream:short)%00%(objectname)%00%(upstream:track)%00%(upstream:remotename)%00%(upstream:remoteref) refs/heads/main refs/remotes/main [32ms]
2024-02-26 18:57:20.640 [info] > git status -z -uall [479ms]
2024-02-26 18:57:21.941 [info] > git check-ignore -v -z --stdin [12ms]
2024-02-26 18:57:23.460 [info] > git check-ignore -v -z --stdin [12ms]
2024-02-26 18:57:25.661 [info] > git config --get commit.template [8ms]
2024-02-26 18:57:25.661 [info] > git for-each-ref --format=%(refname)%00%(upstream:short)%00%(objectname)%00%(upstream:track)%00%(upstream:remotename)%00%(upstream:remoteref) refs/heads/main refs/remotes/main [2ms]
2024-02-26 18:57:25.890 [info] > git status -z -uall [223ms]
2024-02-26 18:57:26.652 [info] > git check-ignore -v -z --stdin [12ms]
2024-02-26 18:57:29.073 [info] > git check-ignore -v -z --stdin [13ms]
2024-02-26 18:57:30.918 [info] > git config --get commit.template [10ms]
2024-02-26 18:57:30.918 [info] > git for-each-ref --format=%(refname)%00%(upstream:short)%00%(objectname)%00%(upstream:track)%00%(upstream:remotename)%00%(upstream:remoteref) refs/heads/main refs/remotes/main [3ms]
2024-02-26 18:57:31.107 [info] > git status -z -uall [183ms]
2024-02-26 18:57:36.125 [info] > git config --get commit.template [7ms]
2024-02-26 18:57:36.126 [info] > git for-each-ref --format=%(refname)%00%(upstream:short)%00%(objectname)%00%(upstream:track)%00%(upstream:remotename)%00%(upstream:remoteref) refs/heads/main refs/remotes/main [1ms]
2024-02-26 18:57:36.299 [info] > git status -z -uall [167ms]
2024-02-26 18:57:41.322 [info] > git config --get commit.template [9ms]
2024-02-26 18:57:41.323 [info] > git for-each-ref --format=%(refname)%00%(upstream:short)%00%(objectname)%00%(upstream:track)%00%(upstream:remotename)%00%(upstream:remoteref) refs/heads/main refs/remotes/main [3ms]
2024-02-26 18:57:41.497 [info] > git status -z -uall [166ms]
2024-02-26 18:58:43.941 [info] > git config --get commit.template [7ms]
2024-02-26 18:58:43.941 [info] > git for-each-ref --format=%(refname)%00%(upstream:short)%00%(objectname)%00%(upstream:track)%00%(upstream:remotename)%00%(upstream:remoteref) refs/heads/main refs/remotes/main [2ms]
2024-02-26 18:58:44.128 [info] > git status -z -uall [182ms]
2024-02-26 18:58:49.154 [info] > git config --get commit.template [10ms]
2024-02-26 18:58:49.155 [info] > git for-each-ref --format=%(refname)%00%(upstream:short)%00%(objectname)%00%(upstream:track)%00%(upstream:remotename)%00%(upstream:remoteref) refs/heads/main refs/remotes/main [2ms]
2024-02-26 18:58:49.348 [info] > git status -z -uall [186ms]
2024-02-26 18:58:54.368 [info] > git config --get commit.template [7ms]
2024-02-26 18:58:54.368 [info] > git for-each-ref --format=%(refname)%00%(upstream:short)%00%(objectname)%00%(upstream:track)%00%(upstream:remotename)%00%(upstream:remoteref) refs/heads/main refs/remotes/main [1ms]
2024-02-26 18:58:54.548 [info] > git status -z -uall [174ms]
2024-02-26 18:58:59.570 [info] > git config --get commit.template [7ms]
2024-02-26 18:58:59.570 [info] > git for-each-ref --format=%(refname)%00%(upstream:short)%00%(objectname)%00%(upstream:track)%00%(upstream:remotename)%00%(upstream:remoteref) refs/heads/main refs/remotes/main [1ms]
2024-02-26 18:58:59.767 [info] > git status -z -uall [191ms]
2024-02-26 18:59:01.829 [info] > git check-ignore -v -z --stdin [21ms]
2024-02-26 18:59:04.791 [info] > git config --get commit.template [9ms]
2024-02-26 18:59:04.792 [info] > git for-each-ref --format=%(refname)%00%(upstream:short)%00%(objectname)%00%(upstream:track)%00%(upstream:remotename)%00%(upstream:remoteref) refs/heads/main refs/remotes/main [2ms]
2024-02-26 18:59:04.972 [info] > git status -z -uall [174ms]
2024-02-26 18:59:09.991 [info] > git config --get commit.template [6ms]
2024-02-26 18:59:09.992 [info] > git for-each-ref --format=%(refname)%00%(upstream:short)%00%(objectname)%00%(upstream:track)%00%(upstream:remotename)%00%(upstream:remoteref) refs/heads/main refs/remotes/main [2ms]
2024-02-26 18:59:10.174 [info] > git status -z -uall [176ms]
2024-02-26 18:59:12.498 [info] > git check-ignore -v -z --stdin [9ms]
2024-02-26 18:59:15.193 [info] > git config --get commit.template [6ms]
2024-02-26 18:59:15.194 [info] > git for-each-ref --format=%(refname)%00%(upstream:short)%00%(objectname)%00%(upstream:track)%00%(upstream:remotename)%00%(upstream:remoteref) refs/heads/main refs/remotes/main [2ms]
2024-02-26 18:59:15.355 [info] > git status -z -uall [153ms]
2024-02-26 18:59:17.060 [info] > git check-ignore -v -z --stdin [9ms]
2024-02-26 18:59:20.370 [info] > git config --get commit.template [3ms]
2024-02-26 18:59:20.376 [info] > git for-each-ref --format=%(refname)%00%(upstream:short)%00%(objectname)%00%(upstream:track)%00%(upstream:remotename)%00%(upstream:remoteref) refs/heads/main refs/remotes/main [2ms]
2024-02-26 18:59:20.561 [info] > git status -z -uall [180ms]
2024-02-26 18:59:25.582 [info] > git config --get commit.template [7ms]
2024-02-26 18:59:25.583 [info] > git for-each-ref --format=%(refname)%00%(upstream:short)%00%(objectname)%00%(upstream:track)%00%(upstream:remotename)%00%(upstream:remoteref) refs/heads/main refs/remotes/main [1ms]
2024-02-26 18:59:25.779 [info] > git status -z -uall [190ms]
2024-02-26 18:59:30.697 [info] > git show --textconv :blogger/app.js [26ms]
2024-02-26 18:59:30.710 [info] > git ls-files --stage -- /home/bitnami/blogger/app.js [28ms]
2024-02-26 18:59:30.723 [info] > git cat-file -s 2ba480d8c1352550d7a148112f6820ed8db8761e [3ms]
2024-02-26 18:59:30.831 [info] > git config --get commit.template [18ms]
2024-02-26 18:59:30.840 [info] > git for-each-ref --format=%(refname)%00%(upstream:short)%00%(objectname)%00%(upstream:track)%00%(upstream:remotename)%00%(upstream:remoteref) refs/heads/main refs/remotes/main [9ms]
2024-02-26 18:59:31.485 [info] > git status -z -uall [609ms]
2024-02-26 18:59:36.504 [info] > git config --get commit.template [7ms]
2024-02-26 18:59:36.505 [info] > git for-each-ref --format=%(refname)%00%(upstream:short)%00%(objectname)%00%(upstream:track)%00%(upstream:remotename)%00%(upstream:remoteref) refs/heads/main refs/remotes/main [2ms]
2024-02-26 18:59:36.682 [info] > git status -z -uall [171ms]
2024-02-26 18:59:41.710 [info] > git config --get commit.template [7ms]
2024-02-26 18:59:41.712 [info] > git for-each-ref --format=%(refname)%00%(upstream:short)%00%(objectname)%00%(upstream:track)%00%(upstream:remotename)%00%(upstream:remoteref) refs/heads/main refs/remotes/main [3ms]
2024-02-26 18:59:42.023 [info] > git status -z -uall [303ms]
2024-02-26 18:59:47.037 [info] > git config --get commit.template [1ms]
2024-02-26 18:59:47.046 [info] > git for-each-ref --format=%(refname)%00%(upstream:short)%00%(objectname)%00%(upstream:track)%00%(upstream:remotename)%00%(upstream:remoteref) refs/heads/main refs/remotes/main [1ms]
2024-02-26 18:59:47.223 [info] > git status -z -uall [170ms]
2024-02-26 18:59:52.241 [info] > git config --get commit.template [7ms]
2024-02-26 18:59:52.241 [info] > git for-each-ref --format=%(refname)%00%(upstream:short)%00%(objectname)%00%(upstream:track)%00%(upstream:remotename)%00%(upstream:remoteref) refs/heads/main refs/remotes/main [1ms]
2024-02-26 18:59:52.417 [info] > git status -z -uall [165ms]
2024-02-26 18:59:55.036 [info] > git ls-files --stage -- /home/bitnami/blogger/app_api/models/blogs.js [24ms]
2024-02-26 18:59:55.039 [info] > git show --textconv :blogger/app_api/models/blogs.js [47ms]
2024-02-26 18:59:57.091 [info] > git show --textconv :blogger/app_api/models/db.js [36ms]
2024-02-26 18:59:57.101 [info] > git ls-files --stage -- /home/bitnami/blogger/app_api/models/db.js [32ms]
2024-02-26 18:59:57.466 [info] > git config --get commit.template [12ms]
2024-02-26 18:59:57.474 [info] > git for-each-ref --format=%(refname)%00%(upstream:short)%00%(objectname)%00%(upstream:track)%00%(upstream:remotename)%00%(upstream:remoteref) refs/heads/main refs/remotes/main [9ms]
2024-02-26 18:59:57.739 [info] > git status -z -uall [256ms]
2024-02-26 19:00:02.759 [info] > git config --get commit.template [2ms]
2024-02-26 19:00:02.771 [info] > git for-each-ref --format=%(refname)%00%(upstream:short)%00%(objectname)%00%(upstream:track)%00%(upstream:remotename)%00%(upstream:remoteref) refs/heads/main refs/remotes/main [3ms]
2024-02-26 19:00:03.133 [info] > git status -z -uall [349ms]
2024-02-26 19:00:32.233 [info] > git config --get commit.template [6ms]
2024-02-26 19:00:32.233 [info] > git for-each-ref --format=%(refname)%00%(upstream:short)%00%(objectname)%00%(upstream:track)%00%(upstream:remotename)%00%(upstream:remoteref) refs/heads/main refs/remotes/main [1ms]
2024-02-26 19:00:32.422 [info] > git status -z -uall [182ms]
2024-02-26 19:00:33.248 [info] > git show --textconv :blogger/app_server/routes/index.js [16ms]
2024-02-26 19:00:33.253 [info] > git ls-files --stage -- /home/bitnami/blogger/app_server/routes/index.js [13ms]
2024-02-26 19:00:33.260 [info] > git cat-file -s 086c49b9d20987b6d5ec569ab6673083ec9ffd0d [1ms]
2024-02-26 19:00:37.440 [info] > git config --get commit.template [7ms]
2024-02-26 19:00:37.441 [info] > git for-each-ref --format=%(refname)%00%(upstream:short)%00%(objectname)%00%(upstream:track)%00%(upstream:remotename)%00%(upstream:remoteref) refs/heads/main refs/remotes/main [2ms]
2024-02-26 19:00:37.637 [info] > git status -z -uall [190ms]
2024-02-26 19:00:50.634 [info] > git config --get commit.template [11ms]
2024-02-26 19:00:50.644 [info] > git for-each-ref --format=%(refname)%00%(upstream:short)%00%(objectname)%00%(upstream:track)%00%(upstream:remotename)%00%(upstream:remoteref) refs/heads/main refs/remotes/main [11ms]
2024-02-26 19:00:50.819 [info] > git status -z -uall [164ms]
2024-02-26 19:01:23.671 [info] > git check-ignore -v -z --stdin [9ms]
2024-02-26 19:01:24.262 [info] > git config --get commit.template [9ms]
2024-02-26 19:01:24.263 [info] > git for-each-ref --format=%(refname)%00%(upstream:short)%00%(objectname)%00%(upstream:track)%00%(upstream:remotename)%00%(upstream:remoteref) refs/heads/main refs/remotes/main [2ms]
2024-02-26 19:01:24.452 [info] > git status -z -uall [178ms]
2024-02-26 19:01:24.884 [info] > git show --textconv :blogger/show [15ms]
2024-02-26 19:01:24.892 [info] > git ls-files --stage -- /home/bitnami/blogger/show [12ms]
2024-02-26 19:01:24.904 [info] > git cat-file -s 2c9708483f6086ba59b82163ffadc1408da0e228 [3ms]
2024-02-26 19:01:25.219 [info] > git show --textconv :blogger/package.json [49ms]
2024-02-26 19:01:25.219 [info] > git ls-files --stage -- /home/bitnami/blogger/package.json [40ms]
2024-02-26 19:01:25.236 [info] > git cat-file -s dfa51f6f2e4c150688a80de65676f965c6a1784b [10ms]
2024-02-26 19:01:29.486 [info] > git config --get commit.template [8ms]
2024-02-26 19:01:29.487 [info] > git for-each-ref --format=%(refname)%00%(upstream:short)%00%(objectname)%00%(upstream:track)%00%(upstream:remotename)%00%(upstream:remoteref) refs/heads/main refs/remotes/main [2ms]
2024-02-26 19:01:29.800 [info] > git status -z -uall [302ms]
2024-02-26 19:01:34.822 [info] > git config --get commit.template [7ms]
2024-02-26 19:01:34.823 [info] > git for-each-ref --format=%(refname)%00%(upstream:short)%00%(objectname)%00%(upstream:track)%00%(upstream:remotename)%00%(upstream:remoteref) refs/heads/main refs/remotes/main [2ms]
2024-02-26 19:01:35.027 [info] > git status -z -uall [198ms]
2024-02-26 19:01:39.136 [info] > git check-ignore -v -z --stdin [11ms]
2024-02-26 19:01:40.053 [info] > git config --get commit.template [11ms]
2024-02-26 19:01:40.054 [info] > git for-each-ref --format=%(refname)%00%(upstream:short)%00%(objectname)%00%(upstream:track)%00%(upstream:remotename)%00%(upstream:remoteref) refs/heads/main refs/remotes/main [2ms]
2024-02-26 19:01:40.263 [info] > git status -z -uall [202ms]
2024-02-26 19:01:58.726 [info] > git config --get commit.template [4ms]
2024-02-26 19:01:58.739 [info] > git for-each-ref --format=%(refname)%00%(upstream:short)%00%(objectname)%00%(upstream:track)%00%(upstream:remotename)%00%(upstream:remoteref) refs/heads/main refs/remotes/main [2ms]
2024-02-26 19:01:58.928 [info] > git status -z -uall [182ms]
2024-02-26 19:01:58.936 [info] > git show --textconv :blogger/app_server/routes/index.js [20ms]
2024-02-26 19:01:58.946 [info] > git ls-files --stage -- /home/bitnami/blogger/app_server/routes/index.js [19ms]
2024-02-26 19:01:58.954 [info] > git cat-file -s 086c49b9d20987b6d5ec569ab6673083ec9ffd0d [2ms]
2024-02-26 19:02:03.952 [info] > git config --get commit.template [9ms]
2024-02-26 19:02:03.953 [info] > git for-each-ref --format=%(refname)%00%(upstream:short)%00%(objectname)%00%(upstream:track)%00%(upstream:remotename)%00%(upstream:remoteref) refs/heads/main refs/remotes/main [1ms]
2024-02-26 19:02:04.137 [info] > git status -z -uall [178ms]
2024-02-26 19:02:05.156 [info] > git show --textconv :blogger/app.js [13ms]
2024-02-26 19:02:05.163 [info] > git ls-files --stage -- /home/bitnami/blogger/app.js [10ms]
2024-02-26 19:02:05.174 [info] > git cat-file -s 2ba480d8c1352550d7a148112f6820ed8db8761e [2ms]
2024-02-26 19:02:09.158 [info] > git config --get commit.template [8ms]
2024-02-26 19:02:09.159 [info] > git for-each-ref --format=%(refname)%00%(upstream:short)%00%(objectname)%00%(upstream:track)%00%(upstream:remotename)%00%(upstream:remoteref) refs/heads/main refs/remotes/main [2ms]
2024-02-26 19:02:09.327 [info] > git status -z -uall [162ms]
2024-02-26 19:02:14.349 [info] > git config --get commit.template [10ms]
2024-02-26 19:02:14.350 [info] > git for-each-ref --format=%(refname)%00%(upstream:short)%00%(objectname)%00%(upstream:track)%00%(upstream:remotename)%00%(upstream:remoteref) refs/heads/main refs/remotes/main [2ms]
2024-02-26 19:02:14.523 [info] > git status -z -uall [165ms]
2024-02-26 19:02:19.580 [info] > git config --get commit.template [10ms]
2024-02-26 19:02:19.583 [info] > git for-each-ref --format=%(refname)%00%(upstream:short)%00%(objectname)%00%(upstream:track)%00%(upstream:remotename)%00%(upstream:remoteref) refs/heads/main refs/remotes/main [5ms]
2024-02-26 19:02:20.107 [info] > git status -z -uall [509ms]
2024-02-26 19:02:25.137 [info] > git config --get commit.template [9ms]
2024-02-26 19:02:25.139 [info] > git for-each-ref --format=%(refname)%00%(upstream:short)%00%(objectname)%00%(upstream:track)%00%(upstream:remotename)%00%(upstream:remoteref) refs/heads/main refs/remotes/main [3ms]
2024-02-26 19:02:25.445 [info] > git status -z -uall [293ms]
2024-02-26 19:02:30.486 [info] > git config --get commit.template [23ms]
2024-02-26 19:02:30.493 [info] > git for-each-ref --format=%(refname)%00%(upstream:short)%00%(objectname)%00%(upstream:track)%00%(upstream:remotename)%00%(upstream:remoteref) refs/heads/main refs/remotes/main [20ms]
2024-02-26 19:02:34.077 [info] > git status -z -uall [3568ms]
2024-02-26 19:02:39.204 [info] > git config --get commit.template [66ms]
2024-02-26 19:02:39.267 [info] > git for-each-ref --format=%(refname)%00%(upstream:short)%00%(objectname)%00%(upstream:track)%00%(upstream:remotename)%00%(upstream:remoteref) refs/heads/main refs/remotes/main [110ms]
2024-02-26 19:02:41.524 [info] > git status -z -uall [2242ms]
2024-02-26 19:02:45.255 [info] > git ls-files --stage -- /home/bitnami/blogger/app_api/routes/index.js [19ms]
2024-02-26 19:02:45.266 [info] > git show --textconv :blogger/app_api/routes/index.js [43ms]
2024-02-26 19:02:45.408 [info] > git check-ignore -v -z --stdin [23ms]
2024-02-26 19:02:46.559 [info] > git config --get commit.template [8ms]
2024-02-26 19:02:46.568 [info] > git for-each-ref --format=%(refname)%00%(upstream:short)%00%(objectname)%00%(upstream:track)%00%(upstream:remotename)%00%(upstream:remoteref) refs/heads/main refs/remotes/main [9ms]
2024-02-26 19:02:47.265 [info] > git status -z -uall [685ms]
2024-02-26 19:02:49.512 [info] > git ls-files --stage -- /home/bitnami/blogger/app.js [17ms]
2024-02-26 19:02:49.525 [info] > git show --textconv :blogger/app.js [45ms]
2024-02-26 19:02:49.531 [info] > git cat-file -s 2ba480d8c1352550d7a148112f6820ed8db8761e [6ms]
2024-02-26 19:02:52.326 [info] > git config --get commit.template [18ms]
2024-02-26 19:02:52.328 [info] > git for-each-ref --format=%(refname)%00%(upstream:short)%00%(objectname)%00%(upstream:track)%00%(upstream:remotename)%00%(upstream:remoteref) refs/heads/main refs/remotes/main [6ms]
2024-02-26 19:02:52.542 [info] > git status -z -uall [207ms]
2024-02-26 19:02:57.566 [info] > git config --get commit.template [8ms]
2024-02-26 19:02:57.567 [info] > git for-each-ref --format=%(refname)%00%(upstream:short)%00%(objectname)%00%(upstream:track)%00%(upstream:remotename)%00%(upstream:remoteref) refs/heads/main refs/remotes/main [2ms]
2024-02-26 19:02:57.754 [info] > git status -z -uall [177ms]
2024-02-26 19:03:10.137 [info] > git config --get commit.template [7ms]
2024-02-26 19:03:10.137 [info] > git for-each-ref --format=%(refname)%00%(upstream:short)%00%(objectname)%00%(upstream:track)%00%(upstream:remotename)%00%(upstream:remoteref) refs/heads/main refs/remotes/main [2ms]
2024-02-26 19:03:10.323 [info] > git status -z -uall [180ms]
2024-02-26 19:03:15.345 [info] > git config --get commit.template [7ms]
2024-02-26 19:03:15.346 [info] > git for-each-ref --format=%(refname)%00%(upstream:short)%00%(objectname)%00%(upstream:track)%00%(upstream:remotename)%00%(upstream:remoteref) refs/heads/main refs/remotes/main [1ms]
2024-02-26 19:03:15.532 [info] > git status -z -uall [179ms]
2024-02-26 19:03:20.550 [info] > git config --get commit.template [7ms]
2024-02-26 19:03:20.551 [info] > git for-each-ref --format=%(refname)%00%(upstream:short)%00%(objectname)%00%(upstream:track)%00%(upstream:remotename)%00%(upstream:remoteref) refs/heads/main refs/remotes/main [2ms]
2024-02-26 19:03:20.847 [info] > git status -z -uall [282ms]
2024-02-26 19:03:25.874 [info] > git config --get commit.template [7ms]
2024-02-26 19:03:25.875 [info] > git for-each-ref --format=%(refname)%00%(upstream:short)%00%(objectname)%00%(upstream:track)%00%(upstream:remotename)%00%(upstream:remoteref) refs/heads/main refs/remotes/main [2ms]
2024-02-26 19:03:26.061 [info] > git status -z -uall [180ms]
2024-02-26 19:03:31.089 [info] > git config --get commit.template [13ms]
2024-02-26 19:03:31.090 [info] > git for-each-ref --format=%(refname)%00%(upstream:short)%00%(objectname)%00%(upstream:track)%00%(upstream:remotename)%00%(upstream:remoteref) refs/heads/main refs/remotes/main [3ms]
2024-02-26 19:03:31.305 [info] > git status -z -uall [205ms]
2024-02-26 19:03:36.339 [info] > git config --get commit.template [11ms]
2024-02-26 19:03:36.343 [info] > git for-each-ref --format=%(refname)%00%(upstream:short)%00%(objectname)%00%(upstream:track)%00%(upstream:remotename)%00%(upstream:remoteref) refs/heads/main refs/remotes/main [5ms]
2024-02-26 19:03:36.575 [info] > git status -z -uall [223ms]
2024-02-26 19:03:41.616 [info] > git config --get commit.template [14ms]
2024-02-26 19:03:41.619 [info] > git for-each-ref --format=%(refname)%00%(upstream:short)%00%(objectname)%00%(upstream:track)%00%(upstream:remotename)%00%(upstream:remoteref) refs/heads/main refs/remotes/main [4ms]
2024-02-26 19:03:41.876 [info] > git status -z -uall [246ms]
2024-02-26 19:03:48.196 [info] > git config --get commit.template [7ms]
2024-02-26 19:03:48.197 [info] > git for-each-ref --format=%(refname)%00%(upstream:short)%00%(objectname)%00%(upstream:track)%00%(upstream:remotename)%00%(upstream:remoteref) refs/heads/main refs/remotes/main [2ms]
2024-02-26 19:03:48.394 [info] > git status -z -uall [191ms]
2024-02-26 19:03:53.413 [info] > git config --get commit.template [1ms]
2024-02-26 19:03:53.427 [info] > git for-each-ref --format=%(refname)%00%(upstream:short)%00%(objectname)%00%(upstream:track)%00%(upstream:remotename)%00%(upstream:remoteref) refs/heads/main refs/remotes/main [1ms]
2024-02-26 19:03:53.610 [info] > git status -z -uall [174ms]
2024-02-26 19:03:58.634 [info] > git config --get commit.template [10ms]
2024-02-26 19:03:58.634 [info] > git for-each-ref --format=%(refname)%00%(upstream:short)%00%(objectname)%00%(upstream:track)%00%(upstream:remotename)%00%(upstream:remoteref) refs/heads/main refs/remotes/main [1ms]
2024-02-26 19:03:58.815 [info] > git status -z -uall [174ms]
2024-02-26 19:04:03.838 [info] > git config --get commit.template [9ms]
2024-02-26 19:04:03.838 [info] > git for-each-ref --format=%(refname)%00%(upstream:short)%00%(objectname)%00%(upstream:track)%00%(upstream:remotename)%00%(upstream:remoteref) refs/heads/main refs/remotes/main [2ms]
2024-02-26 19:04:04.020 [info] > git status -z -uall [175ms]
2024-02-26 19:04:09.042 [info] > git for-each-ref --format=%(refname)%00%(upstream:short)%00%(objectname)%00%(upstream:track)%00%(upstream:remotename)%00%(upstream:remoteref) refs/heads/main refs/remotes/main [3ms]
2024-02-26 19:04:09.043 [info] > git config --get commit.template [10ms]
2024-02-26 19:04:09.217 [info] > git status -z -uall [168ms]
2024-02-26 19:04:14.241 [info] > git config --get commit.template [8ms]
2024-02-26 19:04:14.243 [info] > git for-each-ref --format=%(refname)%00%(upstream:short)%00%(objectname)%00%(upstream:track)%00%(upstream:remotename)%00%(upstream:remoteref) refs/heads/main refs/remotes/main [2ms]
2024-02-26 19:04:14.423 [info] > git status -z -uall [171ms]
2024-02-26 19:04:19.446 [info] > git config --get commit.template [10ms]
2024-02-26 19:04:19.447 [info] > git for-each-ref --format=%(refname)%00%(upstream:short)%00%(objectname)%00%(upstream:track)%00%(upstream:remotename)%00%(upstream:remoteref) refs/heads/main refs/remotes/main [2ms]
2024-02-26 19:04:19.625 [info] > git status -z -uall [167ms]
2024-02-26 19:04:24.650 [info] > git config --get commit.template [10ms]
2024-02-26 19:04:24.651 [info] > git for-each-ref --format=%(refname)%00%(upstream:short)%00%(objectname)%00%(upstream:track)%00%(upstream:remotename)%00%(upstream:remoteref) refs/heads/main refs/remotes/main [2ms]
2024-02-26 19:04:24.866 [info] > git status -z -uall [206ms]
2024-02-26 19:04:29.887 [info] > git config --get commit.template [8ms]
2024-02-26 19:04:29.888 [info] > git for-each-ref --format=%(refname)%00%(upstream:short)%00%(objectname)%00%(upstream:track)%00%(upstream:remotename)%00%(upstream:remoteref) refs/heads/main refs/remotes/main [2ms]
2024-02-26 19:04:30.069 [info] > git status -z -uall [173ms]
2024-02-26 19:04:35.094 [info] > git config --get commit.template [11ms]
2024-02-26 19:04:35.094 [info] > git for-each-ref --format=%(refname)%00%(upstream:short)%00%(objectname)%00%(upstream:track)%00%(upstream:remotename)%00%(upstream:remoteref) refs/heads/main refs/remotes/main [1ms]
2024-02-26 19:04:35.285 [info] > git status -z -uall [183ms]
2024-02-26 19:04:45.072 [info] > git config --get commit.template [3ms]
2024-02-26 19:04:45.081 [info] > git for-each-ref --format=%(refname)%00%(upstream:short)%00%(objectname)%00%(upstream:track)%00%(upstream:remotename)%00%(upstream:remoteref) refs/heads/main refs/remotes/main [2ms]
2024-02-26 19:04:45.272 [info] > git status -z -uall [182ms]
2024-02-26 19:05:01.864 [info] > git config --get commit.template [5ms]
2024-02-26 19:05:01.903 [info] > git for-each-ref --format=%(refname)%00%(upstream:short)%00%(objectname)%00%(upstream:track)%00%(upstream:remotename)%00%(upstream:remoteref) refs/heads/main refs/remotes/main [14ms]
2024-02-26 19:05:02.255 [info] > git status -z -uall [332ms]
2024-02-26 19:05:07.278 [info] > git config --get commit.template [8ms]
2024-02-26 19:05:07.279 [info] > git for-each-ref --format=%(refname)%00%(upstream:short)%00%(objectname)%00%(upstream:track)%00%(upstream:remotename)%00%(upstream:remoteref) refs/heads/main refs/remotes/main [2ms]
2024-02-26 19:05:07.465 [info] > git status -z -uall [177ms]
2024-02-26 19:05:12.485 [info] > git config --get commit.template [7ms]
2024-02-26 19:05:12.486 [info] > git for-each-ref --format=%(refname)%00%(upstream:short)%00%(objectname)%00%(upstream:track)%00%(upstream:remotename)%00%(upstream:remoteref) refs/heads/main refs/remotes/main [2ms]
2024-02-26 19:05:12.676 [info] > git status -z -uall [184ms]
2024-02-26 19:05:18.979 [info] > git config --get commit.template [6ms]
2024-02-26 19:05:18.980 [info] > git for-each-ref --format=%(refname)%00%(upstream:short)%00%(objectname)%00%(upstream:track)%00%(upstream:remotename)%00%(upstream:remoteref) refs/heads/main refs/remotes/main [1ms]
2024-02-26 19:05:19.161 [info] > git status -z -uall [173ms]
2024-02-26 19:05:24.175 [info] > git config --get commit.template [2ms]
2024-02-26 19:05:24.184 [info] > git for-each-ref --format=%(refname)%00%(upstream:short)%00%(objectname)%00%(upstream:track)%00%(upstream:remotename)%00%(upstream:remoteref) refs/heads/main refs/remotes/main [2ms]
2024-02-26 19:05:24.397 [info] > git status -z -uall [206ms]
2024-02-26 19:05:29.419 [info] > git config --get commit.template [8ms]
2024-02-26 19:05:29.420 [info] > git for-each-ref --format=%(refname)%00%(upstream:short)%00%(objectname)%00%(upstream:track)%00%(upstream:remotename)%00%(upstream:remoteref) refs/heads/main refs/remotes/main [2ms]
2024-02-26 19:05:29.594 [info] > git status -z -uall [166ms]
2024-02-26 19:05:31.675 [info] > git show --textconv :blogger/app_api/controllers/blogs.js [12ms]
2024-02-26 19:05:31.684 [info] > git ls-files --stage -- /home/bitnami/blogger/app_api/controllers/blogs.js [10ms]
2024-02-26 19:05:31.937 [info] > git check-ignore -v -z --stdin [36ms]
2024-02-26 19:05:34.613 [info] > git config --get commit.template [7ms]
2024-02-26 19:05:34.614 [info] > git for-each-ref --format=%(refname)%00%(upstream:short)%00%(objectname)%00%(upstream:track)%00%(upstream:remotename)%00%(upstream:remoteref) refs/heads/main refs/remotes/main [2ms]
2024-02-26 19:05:34.793 [info] > git status -z -uall [174ms]
2024-02-26 19:06:00.399 [info] > git config --get commit.template [8ms]
2024-02-26 19:06:00.400 [info] > git for-each-ref --format=%(refname)%00%(upstream:short)%00%(objectname)%00%(upstream:track)%00%(upstream:remotename)%00%(upstream:remoteref) refs/heads/main refs/remotes/main [2ms]
2024-02-26 19:06:00.625 [info] > git status -z -uall [218ms]
2024-02-26 19:06:05.644 [info] > git config --get commit.template [3ms]
2024-02-26 19:06:05.657 [info] > git for-each-ref --format=%(refname)%00%(upstream:short)%00%(objectname)%00%(upstream:track)%00%(upstream:remotename)%00%(upstream:remoteref) refs/heads/main refs/remotes/main [5ms]
2024-02-26 19:06:05.878 [info] > git status -z -uall [212ms]
2024-02-26 19:06:10.896 [info] > git config --get commit.template [7ms]
2024-02-26 19:06:10.897 [info] > git for-each-ref --format=%(refname)%00%(upstream:short)%00%(objectname)%00%(upstream:track)%00%(upstream:remotename)%00%(upstream:remoteref) refs/heads/main refs/remotes/main [2ms]
2024-02-26 19:06:11.090 [info] > git status -z -uall [185ms]
2024-02-26 19:06:32.302 [info] > git config --get commit.template [2ms]
2024-02-26 19:06:32.311 [info] > git for-each-ref --format=%(refname)%00%(upstream:short)%00%(objectname)%00%(upstream:track)%00%(upstream:remotename)%00%(upstream:remoteref) refs/heads/main refs/remotes/main [1ms]
2024-02-26 19:06:32.478 [info] > git status -z -uall [160ms]
2024-02-26 19:06:34.059 [info] > git merge-base refs/heads/main refs/remotes/main/main [2ms]
2024-02-26 19:06:34.078 [info] > git rev-list --count --left-right refs/heads/main...refs/remotes/main/main [10ms]
2024-02-26 19:06:34.891 [info] > git check-ignore -v -z --stdin [25ms]
2024-02-26 19:06:37.618 [info] > git add -A -- . [276ms]
2024-02-26 19:06:38.651 [info] > git show --textconv :.git/COMMIT_EDITMSG [11ms]
2024-02-26 19:06:38.658 [info] > git ls-files --stage -- /home/bitnami/.git/COMMIT_EDITMSG [10ms]
2024-02-26 19:06:38.927 [info] > git check-ignore -v -z --stdin [16ms]
2024-02-26 19:06:39.255 [info] > git ls-files --stage -- /home/bitnami/.git/COMMIT_EDITMSG [8ms]
2024-02-26 19:06:39.308 [info] > git show --textconv :.git/COMMIT_EDITMSG [8ms]
2024-02-26 19:06:44.985 [info] > git -c user.useConfigOnly=true commit --quiet [7359ms]
2024-02-26 19:06:45.012 [info] > git config --get commit.template [2ms]
2024-02-26 19:06:45.022 [info] > git for-each-ref --format=%(refname)%00%(upstream:short)%00%(objectname)%00%(upstream:track)%00%(upstream:remotename)%00%(upstream:remoteref) refs/heads/main refs/remotes/main [1ms]
2024-02-26 19:06:45.224 [info] > git show --textconv :blogger/app_api/controllers/blogs.js [49ms]
2024-02-26 19:06:45.247 [info] > git status -z -uall [213ms]
2024-02-26 19:06:45.287 [info] > git ls-files --stage -- /home/bitnami/blogger/app_api/controllers/blogs.js [90ms]
2024-02-26 19:06:45.304 [info] > git cat-file -s e69de29bb2d1d6434b8b29ae775ad8c2e48c5391 [7ms]
2024-02-26 19:06:45.305 [info] > git config --get commit.template [18ms]
2024-02-26 19:06:45.325 [info] > git for-each-ref --format=%(refname)%00%(upstream:short)%00%(objectname)%00%(upstream:track)%00%(upstream:remotename)%00%(upstream:remoteref) refs/heads/main refs/remotes/main [11ms]
2024-02-26 19:06:45.326 [info] > git merge-base refs/heads/main refs/remotes/main/main [2ms]
2024-02-26 19:06:45.342 [info] > git rev-list --count --left-right refs/heads/main...refs/remotes/main/main [6ms]
2024-02-26 19:06:45.557 [info] > git status -z -uall [206ms]
2024-02-26 19:06:46.152 [info] > git ls-files --stage -- /home/bitnami/blogger/app_api/controllers/blogs.js [13ms]
2024-02-26 19:06:46.160 [info] > git cat-file -s e69de29bb2d1d6434b8b29ae775ad8c2e48c5391 [1ms]
2024-02-26 19:06:46.245 [info] > git show --textconv :blogger/app_api/controllers/blogs.js [18ms]
2024-02-26 19:06:46.255 [info] > git check-ignore -v -z --stdin [10ms]
2024-02-26 19:06:46.546 [info] > git push main main:main [1268ms]
2024-02-26 19:06:46.546 [info] To https://github.com/kuhaku4/csci421-lab4.git
   95324798..02ecc834  main -> main
2024-02-26 19:06:46.573 [info] > git config --get commit.template [9ms]
2024-02-26 19:06:46.574 [info] > git for-each-ref --format=%(refname)%00%(upstream:short)%00%(objectname)%00%(upstream:track)%00%(upstream:remotename)%00%(upstream:remoteref) refs/heads/main refs/remotes/main [1ms]
2024-02-26 19:06:46.758 [info] > git status -z -uall [178ms]
2024-02-26 19:06:46.825 [info] > git merge-base refs/heads/main refs/remotes/main/main [10ms]
2024-02-26 19:06:46.833 [info] > git config --get commit.template [9ms]
2024-02-26 19:06:46.840 [info] > git rev-list --count --left-right refs/heads/main...refs/remotes/main/main [8ms]
2024-02-26 19:06:46.841 [info] > git for-each-ref --format=%(refname)%00%(upstream:short)%00%(objectname)%00%(upstream:track)%00%(upstream:remotename)%00%(upstream:remoteref) refs/heads/main refs/remotes/main [2ms]
2024-02-26 19:06:47.034 [info] > git status -z -uall [187ms]
2024-02-26 19:06:47.877 [info] > git ls-files --stage -- /home/bitnami/blogger/app_api/controllers/blogs.js [9ms]
2024-02-26 19:06:47.889 [info] > git cat-file -s e69de29bb2d1d6434b8b29ae775ad8c2e48c5391 [5ms]
2024-02-26 19:06:47.965 [info] > git show --textconv :blogger/app_api/controllers/blogs.js [9ms]
2024-02-26 19:06:50.318 [info] > git show --textconv :blogger/package.json [21ms]
2024-02-26 19:06:50.325 [info] > git ls-files --stage -- /home/bitnami/blogger/package.json [16ms]
2024-02-26 19:06:50.350 [info] > git cat-file -s dfa51f6f2e4c150688a80de65676f965c6a1784b [7ms]
2024-02-26 19:06:50.578 [info] > git for-each-ref --format=%(refname)%00%(upstream:short)%00%(objectname)%00%(upstream:track)%00%(upstream:remotename)%00%(upstream:remoteref) refs/heads/main refs/remotes/main [3ms]
2024-02-26 19:06:50.578 [info] > git config --get commit.template [10ms]
2024-02-26 19:06:50.675 [info] > git check-ignore -v -z --stdin [21ms]
2024-02-26 19:06:50.803 [info] > git status -z -uall [218ms]
2024-02-26 19:06:52.752 [info] > git show --textconv :blogger/app_server/routes/index.js [12ms]
2024-02-26 19:06:52.760 [info] > git ls-files --stage -- /home/bitnami/blogger/app_server/routes/index.js [10ms]
2024-02-26 19:06:52.776 [info] > git cat-file -s 086c49b9d20987b6d5ec569ab6673083ec9ffd0d [8ms]
2024-02-26 19:06:55.823 [info] > git config --get commit.template [8ms]
2024-02-26 19:06:55.823 [info] > git for-each-ref --format=%(refname)%00%(upstream:short)%00%(objectname)%00%(upstream:track)%00%(upstream:remotename)%00%(upstream:remoteref) refs/heads/main refs/remotes/main [1ms]
2024-02-26 19:06:56.017 [info] > git status -z -uall [187ms]
2024-02-26 19:07:01.041 [info] > git config --get commit.template [11ms]
2024-02-26 19:07:01.044 [info] > git for-each-ref --format=%(refname)%00%(upstream:short)%00%(objectname)%00%(upstream:track)%00%(upstream:remotename)%00%(upstream:remoteref) refs/heads/main refs/remotes/main [4ms]
2024-02-26 19:07:01.269 [info] > git status -z -uall [216ms]
2024-02-26 19:07:05.471 [info] > git show --textconv :blogger/app_api/controllers/blogs.js [9ms]
2024-02-26 19:07:05.477 [info] > git ls-files --stage -- /home/bitnami/blogger/app_api/controllers/blogs.js [8ms]
2024-02-26 19:07:05.485 [info] > git cat-file -s e69de29bb2d1d6434b8b29ae775ad8c2e48c5391 [1ms]
2024-02-26 19:07:06.315 [info] > git config --get commit.template [21ms]
2024-02-26 19:07:06.319 [info] > git for-each-ref --format=%(refname)%00%(upstream:short)%00%(objectname)%00%(upstream:track)%00%(upstream:remotename)%00%(upstream:remoteref) refs/heads/main refs/remotes/main [5ms]
2024-02-26 19:07:06.612 [info] > git show --textconv :blogger/node_modules/express/lib/application.js [125ms]
2024-02-26 19:07:06.613 [info] > git ls-files --stage -- /home/bitnami/blogger/node_modules/express/lib/application.js [76ms]
2024-02-26 19:07:06.709 [info] > git cat-file -s ebb30b51b3d6e84d33288251d11ab92d8462c181 [44ms]
2024-02-26 19:07:06.753 [info] > git check-ignore -v -z --stdin [143ms]
2024-02-26 19:07:06.913 [info] > git show --textconv :blogger/app_api/controllers/blogs.js [28ms]
2024-02-26 19:07:06.921 [info] > git ls-files --stage -- /home/bitnami/blogger/app_api/controllers/blogs.js [19ms]
2024-02-26 19:07:06.933 [info] > git cat-file -s e69de29bb2d1d6434b8b29ae775ad8c2e48c5391 [3ms]
2024-02-26 19:07:06.955 [info] > git status -z -uall [626ms]
2024-02-26 19:07:10.264 [info] > git show --textconv :blogger/app_api/routes/index.js [24ms]
2024-02-26 19:07:10.274 [info] > git ls-files --stage -- /home/bitnami/blogger/app_api/routes/index.js [17ms]
2024-02-26 19:07:10.289 [info] > git cat-file -s e69de29bb2d1d6434b8b29ae775ad8c2e48c5391 [3ms]
2024-02-26 19:07:11.146 [info] > git show --textconv :blogger/app_api/models/db.js [36ms]
2024-02-26 19:07:11.155 [info] > git ls-files --stage -- /home/bitnami/blogger/app_api/models/db.js [24ms]
2024-02-26 19:07:11.168 [info] > git cat-file -s 16427094e552b26b0ab3e123148a1748718c2bf5 [3ms]
2024-02-26 19:07:11.802 [info] > git show --textconv :blogger/app_api/models/blogs.js [26ms]
2024-02-26 19:07:11.813 [info] > git ls-files --stage -- /home/bitnami/blogger/app_api/models/blogs.js [24ms]
2024-02-26 19:07:11.825 [info] > git cat-file -s d2b6ea4c1cf07fd1903b8094804f5172715f8410 [2ms]
2024-02-26 19:07:11.978 [info] > git config --get commit.template [10ms]
2024-02-26 19:07:11.981 [info] > git for-each-ref --format=%(refname)%00%(upstream:short)%00%(objectname)%00%(upstream:track)%00%(upstream:remotename)%00%(upstream:remoteref) refs/heads/main refs/remotes/main [4ms]
2024-02-26 19:07:12.217 [info] > git status -z -uall [227ms]
2024-02-26 19:07:12.442 [info] > git show --textconv :blogger/app_server/controllers/blog.js [35ms]
2024-02-26 19:07:12.448 [info] > git ls-files --stage -- /home/bitnami/blogger/app_server/controllers/blog.js [22ms]
2024-02-26 19:07:12.462 [info] > git cat-file -s 62e1f19cccf213ae600cf725ec42e0ce20a9f1d9 [2ms]
2024-02-26 19:07:12.869 [info] > git show --textconv :blogger/app_server/views/blogList.pug [36ms]
2024-02-26 19:07:12.876 [info] > git ls-files --stage -- /home/bitnami/blogger/app_server/views/blogList.pug [25ms]
2024-02-26 19:07:12.891 [info] > git cat-file -s 3ec8d4348c09a6c8a2dc83b756bcd84431476c6e [5ms]
2024-02-26 19:07:13.132 [info] > git show --textconv :blogger/app_server/views/blogEdit.pug [13ms]
2024-02-26 19:07:13.141 [info] > git ls-files --stage -- /home/bitnami/blogger/app_server/views/blogEdit.pug [10ms]
2024-02-26 19:07:13.149 [info] > git cat-file -s e69de29bb2d1d6434b8b29ae775ad8c2e48c5391 [1ms]
2024-02-26 19:07:13.343 [info] > git check-ignore -v -z --stdin [12ms]
2024-02-26 19:07:13.787 [info] > git show --textconv :blogger/nohup.out [17ms]
2024-02-26 19:07:13.792 [info] > git ls-files --stage -- /home/bitnami/blogger/nohup.out [12ms]
2024-02-26 19:07:13.801 [info] > git cat-file -s e35635ca7fd429af4aabc10cb7fdc1b6bde0c520 [2ms]
2024-02-26 19:07:17.241 [info] > git config --get commit.template [10ms]
2024-02-26 19:07:17.242 [info] > git for-each-ref --format=%(refname)%00%(upstream:short)%00%(objectname)%00%(upstream:track)%00%(upstream:remotename)%00%(upstream:remoteref) refs/heads/main refs/remotes/main [1ms]
2024-02-26 19:07:17.452 [info] > git status -z -uall [203ms]
2024-02-26 19:07:19.039 [info] > git check-ignore -v -z --stdin [11ms]
2024-02-26 19:07:20.670 [info] > git check-ignore -v -z --stdin [13ms]
2024-02-26 19:07:22.485 [info] > git config --get commit.template [18ms]
2024-02-26 19:07:22.489 [info] > git for-each-ref --format=%(refname)%00%(upstream:short)%00%(objectname)%00%(upstream:track)%00%(upstream:remotename)%00%(upstream:remoteref) refs/heads/main refs/remotes/main [5ms]
2024-02-26 19:07:22.655 [info] > git status -z -uall [157ms]
2024-02-26 19:07:27.667 [info] > git config --get commit.template [1ms]
2024-02-26 19:07:27.677 [info] > git for-each-ref --format=%(refname)%00%(upstream:short)%00%(objectname)%00%(upstream:track)%00%(upstream:remotename)%00%(upstream:remoteref) refs/heads/main refs/remotes/main [2ms]
2024-02-26 19:07:27.875 [info] > git status -z -uall [187ms]
2024-02-26 19:07:30.268 [info] > git check-ignore -v -z --stdin [2ms]
2024-02-26 19:07:30.269 [info] > git check-ignore -v -z --stdin [15ms]
2024-02-26 19:07:32.891 [info] > git config --get commit.template [2ms]
2024-02-26 19:07:32.901 [info] > git for-each-ref --format=%(refname)%00%(upstream:short)%00%(objectname)%00%(upstream:track)%00%(upstream:remotename)%00%(upstream:remoteref) refs/heads/main refs/remotes/main [1ms]
2024-02-26 19:07:33.124 [info] > git status -z -uall [213ms]
2024-02-26 19:07:54.524 [info] > git config --get commit.template [15ms]
2024-02-26 19:07:54.524 [info] > git for-each-ref --format=%(refname)%00%(upstream:short)%00%(objectname)%00%(upstream:track)%00%(upstream:remotename)%00%(upstream:remoteref) refs/heads/main refs/remotes/main [2ms]
2024-02-26 19:07:54.718 [info] > git status -z -uall [186ms]
2024-02-26 19:07:59.737 [info] > git config --get commit.template [8ms]
2024-02-26 19:07:59.738 [info] > git for-each-ref --format=%(refname)%00%(upstream:short)%00%(objectname)%00%(upstream:track)%00%(upstream:remotename)%00%(upstream:remoteref) refs/heads/main refs/remotes/main [2ms]
2024-02-26 19:07:59.911 [info] > git status -z -uall [166ms]
2024-02-26 19:08:07.305 [info] > git config --get commit.template [11ms]
2024-02-26 19:08:07.306 [info] > git for-each-ref --format=%(refname)%00%(upstream:short)%00%(objectname)%00%(upstream:track)%00%(upstream:remotename)%00%(upstream:remoteref) refs/heads/main refs/remotes/main [1ms]
2024-02-26 19:08:07.532 [info] > git status -z -uall [216ms]
2024-02-26 19:08:12.565 [info] > git config --get commit.template [17ms]
2024-02-26 19:08:12.566 [info] > git for-each-ref --format=%(refname)%00%(upstream:short)%00%(objectname)%00%(upstream:track)%00%(upstream:remotename)%00%(upstream:remoteref) refs/heads/main refs/remotes/main [2ms]
2024-02-26 19:08:12.773 [info] > git status -z -uall [191ms]
2024-02-26 19:08:17.791 [info] > git config --get commit.template [8ms]
2024-02-26 19:08:17.792 [info] > git for-each-ref --format=%(refname)%00%(upstream:short)%00%(objectname)%00%(upstream:track)%00%(upstream:remotename)%00%(upstream:remoteref) refs/heads/main refs/remotes/main [2ms]
2024-02-26 19:08:17.948 [info] > git status -z -uall [150ms]
2024-02-26 19:08:22.966 [info] > git config --get commit.template [7ms]
2024-02-26 19:08:22.966 [info] > git for-each-ref --format=%(refname)%00%(upstream:short)%00%(objectname)%00%(upstream:track)%00%(upstream:remotename)%00%(upstream:remoteref) refs/heads/main refs/remotes/main [1ms]
2024-02-26 19:08:23.183 [info] > git status -z -uall [210ms]
2024-02-26 19:08:30.104 [info] > git config --get commit.template [8ms]
2024-02-26 19:08:30.105 [info] > git for-each-ref --format=%(refname)%00%(upstream:short)%00%(objectname)%00%(upstream:track)%00%(upstream:remotename)%00%(upstream:remoteref) refs/heads/main refs/remotes/main [2ms]
2024-02-26 19:08:30.283 [info] > git status -z -uall [170ms]
2024-02-26 19:08:35.298 [info] > git config --get commit.template [3ms]
2024-02-26 19:08:35.309 [info] > git for-each-ref --format=%(refname)%00%(upstream:short)%00%(objectname)%00%(upstream:track)%00%(upstream:remotename)%00%(upstream:remoteref) refs/heads/main refs/remotes/main [2ms]
2024-02-26 19:08:35.483 [info] > git status -z -uall [165ms]
2024-02-26 19:08:40.504 [info] > git config --get commit.template [9ms]
2024-02-26 19:08:40.507 [info] > git for-each-ref --format=%(refname)%00%(upstream:short)%00%(objectname)%00%(upstream:track)%00%(upstream:remotename)%00%(upstream:remoteref) refs/heads/main refs/remotes/main [4ms]
2024-02-26 19:08:40.737 [info] > git status -z -uall [219ms]
2024-02-26 19:08:59.057 [info] > git config --get commit.template [8ms]
2024-02-26 19:08:59.058 [info] > git for-each-ref --format=%(refname)%00%(upstream:short)%00%(objectname)%00%(upstream:track)%00%(upstream:remotename)%00%(upstream:remoteref) refs/heads/main refs/remotes/main [2ms]
2024-02-26 19:08:59.232 [info] > git status -z -uall [166ms]
2024-02-26 19:09:04.253 [info] > git config --get commit.template [9ms]
2024-02-26 19:09:04.253 [info] > git for-each-ref --format=%(refname)%00%(upstream:short)%00%(objectname)%00%(upstream:track)%00%(upstream:remotename)%00%(upstream:remoteref) refs/heads/main refs/remotes/main [3ms]
2024-02-26 19:09:04.447 [info] > git status -z -uall [187ms]
2024-02-26 19:09:09.460 [info] > git config --get commit.template [2ms]
2024-02-26 19:09:09.470 [info] > git for-each-ref --format=%(refname)%00%(upstream:short)%00%(objectname)%00%(upstream:track)%00%(upstream:remotename)%00%(upstream:remoteref) refs/heads/main refs/remotes/main [1ms]
2024-02-26 19:09:09.662 [info] > git status -z -uall [185ms]
2024-02-26 19:09:14.683 [info] > git config --get commit.template [7ms]
2024-02-26 19:09:14.683 [info] > git for-each-ref --format=%(refname)%00%(upstream:short)%00%(objectname)%00%(upstream:track)%00%(upstream:remotename)%00%(upstream:remoteref) refs/heads/main refs/remotes/main [1ms]
2024-02-26 19:09:14.836 [info] > git status -z -uall [145ms]
2024-02-26 19:09:19.854 [info] > git config --get commit.template [8ms]
2024-02-26 19:09:19.855 [info] > git for-each-ref --format=%(refname)%00%(upstream:short)%00%(objectname)%00%(upstream:track)%00%(upstream:remotename)%00%(upstream:remoteref) refs/heads/main refs/remotes/main [2ms]
2024-02-26 19:09:20.044 [info] > git status -z -uall [183ms]
2024-02-26 19:09:20.152 [info] > git show --textconv :blogger/nohup.out [21ms]
2024-02-26 19:09:20.159 [info] > git ls-files --stage -- /home/bitnami/blogger/nohup.out [16ms]
2024-02-26 19:09:20.168 [info] > git cat-file -s e35635ca7fd429af4aabc10cb7fdc1b6bde0c520 [2ms]
2024-02-26 19:09:25.068 [info] > git config --get commit.template [13ms]
2024-02-26 19:09:25.068 [info] > git for-each-ref --format=%(refname)%00%(upstream:short)%00%(objectname)%00%(upstream:track)%00%(upstream:remotename)%00%(upstream:remoteref) refs/heads/main refs/remotes/main [4ms]
2024-02-26 19:09:25.252 [info] > git status -z -uall [175ms]
2024-02-26 19:09:30.270 [info] > git config --get commit.template [9ms]
2024-02-26 19:09:30.271 [info] > git for-each-ref --format=%(refname)%00%(upstream:short)%00%(objectname)%00%(upstream:track)%00%(upstream:remotename)%00%(upstream:remoteref) refs/heads/main refs/remotes/main [2ms]
2024-02-26 19:09:30.462 [info] > git status -z -uall [185ms]
2024-02-26 19:09:35.484 [info] > git config --get commit.template [10ms]
2024-02-26 19:09:35.488 [info] > git for-each-ref --format=%(refname)%00%(upstream:short)%00%(objectname)%00%(upstream:track)%00%(upstream:remotename)%00%(upstream:remoteref) refs/heads/main refs/remotes/main [4ms]
2024-02-26 19:09:35.676 [info] > git status -z -uall [176ms]
2024-02-26 19:09:40.697 [info] > git config --get commit.template [9ms]
2024-02-26 19:09:40.698 [info] > git for-each-ref --format=%(refname)%00%(upstream:short)%00%(objectname)%00%(upstream:track)%00%(upstream:remotename)%00%(upstream:remoteref) refs/heads/main refs/remotes/main [3ms]
2024-02-26 19:09:40.876 [info] > git status -z -uall [171ms]
2024-02-26 19:09:45.902 [info] > git config --get commit.template [7ms]
2024-02-26 19:09:45.919 [info] > git for-each-ref --format=%(refname)%00%(upstream:short)%00%(objectname)%00%(upstream:track)%00%(upstream:remotename)%00%(upstream:remoteref) refs/heads/main refs/remotes/main [1ms]
2024-02-26 19:09:46.092 [info] > git status -z -uall [164ms]
2024-02-26 19:09:51.106 [info] > git config --get commit.template [1ms]
2024-02-26 19:09:51.115 [info] > git for-each-ref --format=%(refname)%00%(upstream:short)%00%(objectname)%00%(upstream:track)%00%(upstream:remotename)%00%(upstream:remoteref) refs/heads/main refs/remotes/main [1ms]
2024-02-26 19:09:51.304 [info] > git status -z -uall [183ms]
2024-02-26 19:09:56.323 [info] > git config --get commit.template [8ms]
2024-02-26 19:09:56.324 [info] > git for-each-ref --format=%(refname)%00%(upstream:short)%00%(objectname)%00%(upstream:track)%00%(upstream:remotename)%00%(upstream:remoteref) refs/heads/main refs/remotes/main [2ms]
2024-02-26 19:09:56.500 [info] > git status -z -uall [169ms]
2024-02-26 19:10:00.911 [info] > git ls-files --stage -- /home/bitnami/blogger/app.js [24ms]
2024-02-26 19:10:00.924 [info] > git show --textconv :blogger/app.js [50ms]
2024-02-26 19:10:00.928 [info] > git cat-file -s 1aca20c0dce9627247fe0d4d0e7522d23acbfccd [4ms]
2024-02-26 19:10:01.565 [info] > git config --get commit.template [51ms]
2024-02-26 19:10:01.565 [info] > git for-each-ref --format=%(refname)%00%(upstream:short)%00%(objectname)%00%(upstream:track)%00%(upstream:remotename)%00%(upstream:remoteref) refs/heads/main refs/remotes/main [9ms]
2024-02-26 19:10:01.872 [info] > git status -z -uall [287ms]
2024-02-26 19:10:06.894 [info] > git config --get commit.template [8ms]
2024-02-26 19:10:06.894 [info] > git for-each-ref --format=%(refname)%00%(upstream:short)%00%(objectname)%00%(upstream:track)%00%(upstream:remotename)%00%(upstream:remoteref) refs/heads/main refs/remotes/main [1ms]
2024-02-26 19:10:07.075 [info] > git status -z -uall [173ms]
2024-02-26 19:10:12.094 [info] > git config --get commit.template [9ms]
2024-02-26 19:10:12.094 [info] > git for-each-ref --format=%(refname)%00%(upstream:short)%00%(objectname)%00%(upstream:track)%00%(upstream:remotename)%00%(upstream:remoteref) refs/heads/main refs/remotes/main [1ms]
2024-02-26 19:10:12.292 [info] > git status -z -uall [191ms]
2024-02-26 19:10:17.314 [info] > git config --get commit.template [10ms]
2024-02-26 19:10:17.314 [info] > git for-each-ref --format=%(refname)%00%(upstream:short)%00%(objectname)%00%(upstream:track)%00%(upstream:remotename)%00%(upstream:remoteref) refs/heads/main refs/remotes/main [2ms]
2024-02-26 19:10:17.492 [info] > git status -z -uall [170ms]
2024-02-26 19:10:22.513 [info] > git config --get commit.template [10ms]
2024-02-26 19:10:22.514 [info] > git for-each-ref --format=%(refname)%00%(upstream:short)%00%(objectname)%00%(upstream:track)%00%(upstream:remotename)%00%(upstream:remoteref) refs/heads/main refs/remotes/main [2ms]
2024-02-26 19:10:22.716 [info] > git status -z -uall [194ms]
2024-02-26 19:10:27.753 [info] > git config --get commit.template [14ms]
2024-02-26 19:10:27.756 [info] > git for-each-ref --format=%(refname)%00%(upstream:short)%00%(objectname)%00%(upstream:track)%00%(upstream:remotename)%00%(upstream:remoteref) refs/heads/main refs/remotes/main [10ms]
2024-02-26 19:10:27.987 [info] > git status -z -uall [221ms]
2024-02-26 19:10:30.079 [info] > git show --textconv :blogger/nohup.out [17ms]
2024-02-26 19:10:30.088 [info] > git ls-files --stage -- /home/bitnami/blogger/nohup.out [15ms]
2024-02-26 19:10:30.096 [info] > git cat-file -s e35635ca7fd429af4aabc10cb7fdc1b6bde0c520 [1ms]
2024-02-26 19:10:33.006 [info] > git config --get commit.template [8ms]
2024-02-26 19:10:33.006 [info] > git for-each-ref --format=%(refname)%00%(upstream:short)%00%(objectname)%00%(upstream:track)%00%(upstream:remotename)%00%(upstream:remoteref) refs/heads/main refs/remotes/main [1ms]
2024-02-26 19:10:33.190 [info] > git status -z -uall [174ms]
2024-02-26 19:10:38.214 [info] > git config --get commit.template [8ms]
2024-02-26 19:10:38.214 [info] > git for-each-ref --format=%(refname)%00%(upstream:short)%00%(objectname)%00%(upstream:track)%00%(upstream:remotename)%00%(upstream:remoteref) refs/heads/main refs/remotes/main [1ms]
2024-02-26 19:10:38.381 [info] > git status -z -uall [160ms]
2024-02-26 19:10:54.233 [info] > git config --get commit.template [7ms]
2024-02-26 19:10:54.233 [info] > git for-each-ref --format=%(refname)%00%(upstream:short)%00%(objectname)%00%(upstream:track)%00%(upstream:remotename)%00%(upstream:remoteref) refs/heads/main refs/remotes/main [2ms]
2024-02-26 19:10:54.403 [info] > git status -z -uall [163ms]
2024-02-26 19:10:59.418 [info] > git config --get commit.template [1ms]
2024-02-26 19:10:59.428 [info] > git for-each-ref --format=%(refname)%00%(upstream:short)%00%(objectname)%00%(upstream:track)%00%(upstream:remotename)%00%(upstream:remoteref) refs/heads/main refs/remotes/main [2ms]
2024-02-26 19:10:59.601 [info] > git status -z -uall [166ms]
2024-02-26 19:12:50.407 [info] > git config --get commit.template [16ms]
2024-02-26 19:12:50.409 [info] > git for-each-ref --format=%(refname)%00%(upstream:short)%00%(objectname)%00%(upstream:track)%00%(upstream:remotename)%00%(upstream:remoteref) refs/heads/main refs/remotes/main [3ms]
2024-02-26 19:12:50.607 [info] > git status -z -uall [189ms]
2024-02-26 19:12:50.705 [info] > git show --textconv :blogger/app.js [14ms]
2024-02-26 19:12:50.717 [info] > git ls-files --stage -- /home/bitnami/blogger/app.js [15ms]
2024-02-26 19:12:50.731 [info] > git cat-file -s 1aca20c0dce9627247fe0d4d0e7522d23acbfccd [1ms]
2024-02-26 19:12:55.745 [info] > git config --get commit.template [10ms]
2024-02-26 19:12:55.745 [info] > git for-each-ref --format=%(refname)%00%(upstream:short)%00%(objectname)%00%(upstream:track)%00%(upstream:remotename)%00%(upstream:remoteref) refs/heads/main refs/remotes/main [1ms]
2024-02-26 19:12:55.918 [info] > git status -z -uall [166ms]
2024-02-26 19:12:56.871 [info] > git show --textconv :blogger/app_api/routes/index.js [12ms]
2024-02-26 19:12:56.878 [info] > git ls-files --stage -- /home/bitnami/blogger/app_api/routes/index.js [10ms]
2024-02-26 19:12:56.886 [info] > git cat-file -s e69de29bb2d1d6434b8b29ae775ad8c2e48c5391 [2ms]
2024-02-26 19:13:02.403 [info] > git config --get commit.template [21ms]
2024-02-26 19:13:02.405 [info] > git for-each-ref --format=%(refname)%00%(upstream:short)%00%(objectname)%00%(upstream:track)%00%(upstream:remotename)%00%(upstream:remoteref) refs/heads/main refs/remotes/main [4ms]
2024-02-26 19:13:02.611 [info] > git status -z -uall [186ms]
2024-02-26 19:13:09.543 [info] > git config --get commit.template [8ms]
2024-02-26 19:13:09.544 [info] > git for-each-ref --format=%(refname)%00%(upstream:short)%00%(objectname)%00%(upstream:track)%00%(upstream:remotename)%00%(upstream:remoteref) refs/heads/main refs/remotes/main [1ms]
2024-02-26 19:13:09.719 [info] > git status -z -uall [168ms]
2024-02-26 19:13:14.740 [info] > git config --get commit.template [8ms]
2024-02-26 19:13:14.741 [info] > git for-each-ref --format=%(refname)%00%(upstream:short)%00%(objectname)%00%(upstream:track)%00%(upstream:remotename)%00%(upstream:remoteref) refs/heads/main refs/remotes/main [2ms]
2024-02-26 19:13:14.903 [info] > git status -z -uall [156ms]
2024-02-26 19:13:19.923 [info] > git config --get commit.template [7ms]
2024-02-26 19:13:19.924 [info] > git for-each-ref --format=%(refname)%00%(upstream:short)%00%(objectname)%00%(upstream:track)%00%(upstream:remotename)%00%(upstream:remoteref) refs/heads/main refs/remotes/main [2ms]
2024-02-26 19:13:20.136 [info] > git status -z -uall [204ms]
2024-02-26 19:13:25.147 [info] > git config --get commit.template [1ms]
2024-02-26 19:13:25.155 [info] > git for-each-ref --format=%(refname)%00%(upstream:short)%00%(objectname)%00%(upstream:track)%00%(upstream:remotename)%00%(upstream:remoteref) refs/heads/main refs/remotes/main [2ms]
2024-02-26 19:13:25.346 [info] > git status -z -uall [183ms]
2024-02-26 19:13:52.010 [info] > git config --get commit.template [18ms]
2024-02-26 19:13:52.010 [info] > git for-each-ref --format=%(refname)%00%(upstream:short)%00%(objectname)%00%(upstream:track)%00%(upstream:remotename)%00%(upstream:remoteref) refs/heads/main refs/remotes/main [1ms]
2024-02-26 19:13:52.226 [info] > git status -z -uall [206ms]
2024-02-26 19:13:57.245 [info] > git config --get commit.template [9ms]
2024-02-26 19:13:57.246 [info] > git for-each-ref --format=%(refname)%00%(upstream:short)%00%(objectname)%00%(upstream:track)%00%(upstream:remotename)%00%(upstream:remoteref) refs/heads/main refs/remotes/main [1ms]
2024-02-26 19:13:57.431 [info] > git status -z -uall [180ms]
2024-02-26 19:16:29.838 [info] > git config --get commit.template [8ms]
2024-02-26 19:16:29.839 [info] > git for-each-ref --format=%(refname)%00%(upstream:short)%00%(objectname)%00%(upstream:track)%00%(upstream:remotename)%00%(upstream:remoteref) refs/heads/main refs/remotes/main [3ms]
2024-02-26 19:16:30.053 [info] > git status -z -uall [206ms]
2024-02-26 19:16:44.189 [info] > git config --get commit.template [2ms]
2024-02-26 19:16:44.196 [info] > git for-each-ref --format=%(refname)%00%(upstream:short)%00%(objectname)%00%(upstream:track)%00%(upstream:remotename)%00%(upstream:remoteref) refs/heads/main refs/remotes/main [1ms]
2024-02-26 19:16:44.369 [info] > git status -z -uall [167ms]
2024-02-26 19:17:31.708 [info] > git config --get commit.template [7ms]
2024-02-26 19:17:31.709 [info] > git for-each-ref --format=%(refname)%00%(upstream:short)%00%(objectname)%00%(upstream:track)%00%(upstream:remotename)%00%(upstream:remoteref) refs/heads/main refs/remotes/main [2ms]
2024-02-26 19:17:31.881 [info] > git status -z -uall [163ms]
2024-02-26 19:17:35.609 [info] > git show --textconv :blogger/app_server/controllers/blog.js [20ms]
2024-02-26 19:17:35.614 [info] > git ls-files --stage -- /home/bitnami/blogger/app_server/controllers/blog.js [12ms]
2024-02-26 19:17:35.623 [info] > git cat-file -s 62e1f19cccf213ae600cf725ec42e0ce20a9f1d9 [1ms]
2024-02-26 19:17:36.902 [info] > git config --get commit.template [7ms]
2024-02-26 19:17:36.903 [info] > git for-each-ref --format=%(refname)%00%(upstream:short)%00%(objectname)%00%(upstream:track)%00%(upstream:remotename)%00%(upstream:remoteref) refs/heads/main refs/remotes/main [1ms]
2024-02-26 19:17:37.083 [info] > git status -z -uall [169ms]
2024-02-26 19:17:42.116 [info] > git config --get commit.template [12ms]
2024-02-26 19:17:42.118 [info] > git for-each-ref --format=%(refname)%00%(upstream:short)%00%(objectname)%00%(upstream:track)%00%(upstream:remotename)%00%(upstream:remoteref) refs/heads/main refs/remotes/main [3ms]
2024-02-26 19:17:42.378 [info] > git status -z -uall [250ms]
2024-02-26 19:17:47.431 [info] > git config --get commit.template [37ms]
2024-02-26 19:17:47.439 [info] > git for-each-ref --format=%(refname)%00%(upstream:short)%00%(objectname)%00%(upstream:track)%00%(upstream:remotename)%00%(upstream:remoteref) refs/heads/main refs/remotes/main [2ms]
2024-02-26 19:17:47.608 [info] > git status -z -uall [162ms]
2024-02-26 19:17:52.627 [info] > git config --get commit.template [8ms]
2024-02-26 19:17:52.628 [info] > git for-each-ref --format=%(refname)%00%(upstream:short)%00%(objectname)%00%(upstream:track)%00%(upstream:remotename)%00%(upstream:remoteref) refs/heads/main refs/remotes/main [2ms]
2024-02-26 19:17:52.803 [info] > git status -z -uall [169ms]
2024-02-26 19:17:57.818 [info] > git config --get commit.template [1ms]
2024-02-26 19:17:57.830 [info] > git for-each-ref --format=%(refname)%00%(upstream:short)%00%(objectname)%00%(upstream:track)%00%(upstream:remotename)%00%(upstream:remoteref) refs/heads/main refs/remotes/main [2ms]
2024-02-26 19:17:58.058 [info] > git status -z -uall [221ms]
2024-02-26 19:18:03.094 [info] > git config --get commit.template [17ms]
2024-02-26 19:18:03.095 [info] > git for-each-ref --format=%(refname)%00%(upstream:short)%00%(objectname)%00%(upstream:track)%00%(upstream:remotename)%00%(upstream:remoteref) refs/heads/main refs/remotes/main [4ms]
2024-02-26 19:18:03.505 [info] > git status -z -uall [400ms]
