2024-01-29 23:15:56.833 [info] Log level: Info
2024-01-29 23:15:56.833 [info] Validating found git in: "git"
2024-01-29 23:15:56.833 [info] Using git "2.30.2" from "git"
2024-01-29 23:15:56.833 [info] > git rev-parse --show-toplevel [14ms]
2024-01-29 23:15:56.833 [info] fatal: not a git repository (or any of the parent directories): .git
2024-01-29 23:15:56.833 [info] > git rev-parse --show-toplevel [11ms]
2024-01-29 23:15:56.833 [info] fatal: not a git repository (or any of the parent directories): .git
2024-01-29 23:15:56.833 [info] > git rev-parse --show-toplevel [2ms]
2024-01-29 23:15:56.833 [info] fatal: not a git repository (or any of the parent directories): .git
2024-01-29 23:15:56.833 [info] > git rev-parse --show-toplevel [2ms]
2024-01-29 23:15:56.833 [info] fatal: not a git repository (or any of the parent directories): .git
2024-01-29 23:15:56.833 [info] > git rev-parse --show-toplevel [6ms]
2024-01-29 23:15:56.833 [info] fatal: not a git repository (or any of the parent directories): .git
2024-01-29 23:15:56.833 [info] > git rev-parse --show-toplevel [1ms]
2024-01-29 23:15:56.833 [info] fatal: not a git repository (or any of the parent directories): .git
2024-01-29 23:15:56.833 [info] > git rev-parse --show-toplevel [8ms]
2024-01-29 23:15:56.833 [info] fatal: not a git repository (or any of the parent directories): .git
2024-01-29 23:15:56.833 [info] > git rev-parse --show-toplevel [10ms]
2024-01-29 23:15:56.833 [info] fatal: not a git repository (or any of the parent directories): .git
2024-01-29 23:15:56.833 [info] > git rev-parse --show-toplevel [2ms]
2024-01-29 23:15:56.833 [info] fatal: not a git repository (or any of the parent directories): .git
2024-01-29 23:15:56.833 [info] > git rev-parse --show-toplevel [19ms]
2024-01-29 23:15:56.833 [info] fatal: not a git repository (or any of the parent directories): .git
2024-01-29 23:15:56.847 [info] > git rev-parse --show-toplevel [17ms]
2024-01-29 23:15:56.858 [info] > git rev-parse --git-dir --git-common-dir [4ms]
2024-01-29 23:15:56.882 [info] Open repository: /home/bitnami/todo
2024-01-29 23:15:56.940 [info] > git config --get commit.template [28ms]
2024-01-29 23:15:56.949 [info] > git rev-parse --show-toplevel [13ms]
2024-01-29 23:15:56.949 [info] fatal: not a git repository (or any of the parent directories): .git
2024-01-29 23:15:56.971 [info] > git rev-parse --show-toplevel [9ms]
2024-01-29 23:15:56.971 [info] fatal: not a git repository (or any of the parent directories): .git
2024-01-29 23:15:56.979 [info] > git for-each-ref --format=%(refname)%00%(upstream:short)%00%(objectname)%00%(upstream:track)%00%(upstream:remotename)%00%(upstream:remoteref) refs/heads/master refs/remotes/master [32ms]
2024-01-29 23:15:56.982 [info] > git rev-parse --show-toplevel [2ms]
2024-01-29 23:15:56.982 [info] fatal: not a git repository (or any of the parent directories): .git
2024-01-29 23:15:56.987 [warning] ENOENT: no such file or directory, open '/home/bitnami/todo/.git/refs/remotes/origin/master'
2024-01-29 23:15:56.989 [info] > git rev-parse refs/remotes/origin/master [2ms]
2024-01-29 23:15:57.040 [info] > git status -z -uall [47ms]
2024-01-29 23:15:57.064 [info] > git config --get commit.template [1ms]
2024-01-29 23:15:57.085 [info] > git for-each-ref --format=%(refname)%00%(upstream:short)%00%(objectname)%00%(upstream:track)%00%(upstream:remotename)%00%(upstream:remoteref) refs/heads/master refs/remotes/master [10ms]
2024-01-29 23:15:57.095 [warning] ENOENT: no such file or directory, open '/home/bitnami/todo/.git/refs/remotes/origin/master'
2024-01-29 23:15:57.097 [info] > git rev-parse refs/remotes/origin/master [2ms]
2024-01-29 23:15:57.140 [info] > git status -z -uall [35ms]
2024-01-29 23:15:57.594 [info] > git check-ignore -v -z --stdin [4ms]
2024-01-29 23:16:17.388 [info] > git check-ignore -v -z --stdin [4ms]
2024-01-29 23:16:18.618 [info] > git check-ignore -v -z --stdin [2ms]
2024-01-29 23:17:42.135 [info] > git rev-parse --show-toplevel [2ms]
2024-01-29 23:17:42.135 [info] fatal: not a git repository (or any of the parent directories): .git
2024-01-29 23:20:40.350 [info] > git config --get commit.template [26ms]
2024-01-29 23:20:40.361 [info] > git for-each-ref --format=%(refname)%00%(upstream:short)%00%(objectname)%00%(upstream:track)%00%(upstream:remotename)%00%(upstream:remoteref) refs/heads/master refs/remotes/master [28ms]
2024-01-29 23:20:40.369 [warning] ENOENT: no such file or directory, open '/home/bitnami/todo/.git/refs/remotes/origin/master'
2024-01-29 23:20:40.371 [info] > git rev-parse refs/remotes/origin/master [3ms]
2024-01-29 23:20:40.445 [info] > git status -z -uall [67ms]
2024-01-29 23:21:12.695 [info] > git config --get commit.template [8ms]
2024-01-29 23:21:12.695 [info] > git for-each-ref --format=%(refname)%00%(upstream:short)%00%(objectname)%00%(upstream:track)%00%(upstream:remotename)%00%(upstream:remoteref) refs/heads/master refs/remotes/master [3ms]
2024-01-29 23:21:12.701 [warning] ENOENT: no such file or directory, open '/home/bitnami/todo/.git/refs/remotes/origin/master'
2024-01-29 23:21:12.702 [info] > git rev-parse refs/remotes/origin/master [1ms]
2024-01-29 23:21:12.719 [info] > git status -z -uall [13ms]
2024-01-29 23:27:36.812 [info] > git rev-parse --show-toplevel [41ms]
2024-01-29 23:27:36.813 [info] fatal: not a git repository (or any of the parent directories): .git
2024-01-29 23:31:21.625 [info] > git rev-parse --show-toplevel [5ms]
2024-01-29 23:31:21.625 [info] fatal: not a git repository (or any of the parent directories): .git
2024-01-29 23:35:27.519 [info] > git rev-parse --show-toplevel [3ms]
2024-01-29 23:35:27.519 [info] fatal: not a git repository (or any of the parent directories): .git
2024-01-29 23:35:44.929 [info] > git rev-parse --show-toplevel [9ms]
2024-01-29 23:35:44.929 [info] fatal: not a git repository (or any of the parent directories): .git
2024-01-29 23:35:53.119 [info] > git rev-parse --show-toplevel [1ms]
2024-01-29 23:35:53.119 [info] fatal: not a git repository (or any of the parent directories): .git
2024-01-29 23:36:00.381 [info] > git rev-parse --show-toplevel [2ms]
2024-01-29 23:36:00.381 [info] fatal: not a git repository (or any of the parent directories): .git
2024-01-29 23:36:01.761 [info] > git rev-parse --show-toplevel [8ms]
2024-01-29 23:36:01.761 [info] fatal: not a git repository (or any of the parent directories): .git
2024-01-29 23:36:02.780 [info] > git rev-parse --show-toplevel [7ms]
2024-01-29 23:36:02.780 [info] fatal: not a git repository (or any of the parent directories): .git
2024-01-29 23:36:05.442 [info] > git rev-parse --show-toplevel [1ms]
2024-01-29 23:36:05.442 [info] fatal: not a git repository (or any of the parent directories): .git
2024-01-29 23:36:08.474 [info] > git rev-parse --show-toplevel [5ms]
2024-01-29 23:36:08.474 [info] fatal: not a git repository (or any of the parent directories): .git
2024-01-29 23:36:10.041 [info] > git rev-parse --show-toplevel [1ms]
2024-01-29 23:36:10.041 [info] fatal: not a git repository (or any of the parent directories): .git
2024-01-29 23:36:15.547 [info] > git rev-parse --show-toplevel [1ms]
2024-01-29 23:36:15.547 [info] fatal: not a git repository (or any of the parent directories): .git
2024-01-29 23:36:17.281 [info] > git rev-parse --show-toplevel [2ms]
2024-01-29 23:36:17.281 [info] fatal: not a git repository (or any of the parent directories): .git
2024-01-29 23:36:18.488 [info] > git rev-parse --show-toplevel [3ms]
2024-01-29 23:36:18.488 [info] fatal: not a git repository (or any of the parent directories): .git
2024-01-29 23:36:19.387 [info] > git rev-parse --show-toplevel [3ms]
2024-01-29 23:36:19.388 [info] fatal: not a git repository (or any of the parent directories): .git
2024-01-29 23:37:17.448 [info] > git rev-parse --show-toplevel [1ms]
2024-01-29 23:37:17.448 [info] fatal: not a git repository (or any of the parent directories): .git
2024-01-29 23:37:19.263 [info] > git rev-parse --show-toplevel [1ms]
2024-01-29 23:37:19.263 [info] fatal: not a git repository (or any of the parent directories): .git
2024-01-29 23:38:28.972 [info] > git rev-parse --show-toplevel [5ms]
2024-01-29 23:38:28.973 [info] fatal: not a git repository (or any of the parent directories): .git
2024-01-29 23:38:36.774 [info] > git rev-parse --show-toplevel [2ms]
2024-01-29 23:38:36.774 [info] fatal: not a git repository (or any of the parent directories): .git
2024-01-29 23:43:42.522 [info] > git config --get commit.template [13ms]
2024-01-29 23:43:42.534 [info] > git for-each-ref --format=%(refname)%00%(upstream:short)%00%(objectname)%00%(upstream:track)%00%(upstream:remotename)%00%(upstream:remoteref) refs/heads/master refs/remotes/master [13ms]
2024-01-29 23:43:42.541 [warning] ENOENT: no such file or directory, open '/home/bitnami/todo/.git/refs/remotes/origin/master'
2024-01-29 23:43:42.542 [info] > git rev-parse refs/remotes/origin/master [1ms]
2024-01-29 23:43:42.608 [info] > git status -z -uall [59ms]
2024-01-29 23:45:42.869 [info] > git config --get commit.template [7ms]
2024-01-29 23:45:42.869 [info] > git for-each-ref --format=%(refname)%00%(upstream:short)%00%(objectname)%00%(upstream:track)%00%(upstream:remotename)%00%(upstream:remoteref) refs/heads/master refs/remotes/master [2ms]
2024-01-29 23:45:42.874 [warning] ENOENT: no such file or directory, open '/home/bitnami/todo/.git/refs/remotes/origin/master'
2024-01-29 23:45:42.876 [info] > git rev-parse refs/remotes/origin/master [2ms]
2024-01-29 23:45:42.894 [info] > git status -z -uall [12ms]
2024-01-29 23:45:44.629 [info] > git rev-parse --show-toplevel [1ms]
2024-01-29 23:45:44.629 [info] fatal: not a git repository (or any of the parent directories): .git
2024-01-29 23:45:47.466 [info] > git rev-parse --show-toplevel [2ms]
2024-01-29 23:45:47.466 [info] fatal: not a git repository (or any of the parent directories): .git
2024-01-29 23:45:47.909 [info] > git config --get commit.template [2ms]
2024-01-29 23:45:47.918 [info] > git for-each-ref --format=%(refname)%00%(upstream:short)%00%(objectname)%00%(upstream:track)%00%(upstream:remotename)%00%(upstream:remoteref) refs/heads/master refs/remotes/master [2ms]
2024-01-29 23:45:47.924 [warning] ENOENT: no such file or directory, open '/home/bitnami/todo/.git/refs/remotes/origin/master'
2024-01-29 23:45:47.925 [info] > git rev-parse refs/remotes/origin/master [1ms]
2024-01-29 23:45:47.946 [info] > git status -z -uall [15ms]
2024-01-29 23:45:51.523 [info] > git rev-parse --show-toplevel [2ms]
2024-01-29 23:45:51.523 [info] fatal: not a git repository (or any of the parent directories): .git
2024-01-29 23:45:53.829 [info] > git rev-parse --show-toplevel [2ms]
2024-01-29 23:45:53.829 [info] fatal: not a git repository (or any of the parent directories): .git
2024-01-29 23:45:57.237 [info] > git rev-parse --show-toplevel [4ms]
2024-01-29 23:45:57.237 [info] fatal: not a git repository (or any of the parent directories): .git
2024-01-29 23:46:28.599 [info] > git rev-parse --show-toplevel [2ms]
2024-01-29 23:46:28.599 [info] fatal: not a git repository (or any of the parent directories): .git
2024-01-29 23:46:30.513 [info] > git rev-parse --show-toplevel [5ms]
2024-01-29 23:46:30.513 [info] fatal: not a git repository (or any of the parent directories): .git
2024-01-29 23:46:31.699 [info] > git rev-parse --show-toplevel [2ms]
2024-01-29 23:46:31.700 [info] fatal: not a git repository (or any of the parent directories): .git
2024-01-29 23:46:38.946 [info] > git rev-parse --show-toplevel [6ms]
2024-01-29 23:46:38.946 [info] fatal: not a git repository (or any of the parent directories): .git
2024-01-29 23:46:40.465 [info] > git rev-parse --show-toplevel [2ms]
2024-01-29 23:46:40.465 [info] fatal: not a git repository (or any of the parent directories): .git
2024-01-29 23:47:11.140 [info] > git rev-parse --show-toplevel [6ms]
2024-01-29 23:47:11.140 [info] fatal: not a git repository (or any of the parent directories): .git
2024-01-29 23:47:13.456 [info] > git rev-parse --show-toplevel [5ms]
2024-01-29 23:47:13.456 [info] fatal: not a git repository (or any of the parent directories): .git
2024-01-29 23:47:14.396 [info] > git rev-parse --show-toplevel [5ms]
2024-01-29 23:47:14.396 [info] fatal: not a git repository (or any of the parent directories): .git
2024-01-29 23:47:15.638 [info] > git rev-parse --show-toplevel [3ms]
2024-01-29 23:47:15.638 [info] fatal: not a git repository (or any of the parent directories): .git
2024-01-29 23:47:17.899 [info] > git rev-parse --show-toplevel [2ms]
2024-01-29 23:47:17.899 [info] fatal: not a git repository (or any of the parent directories): .git
2024-01-29 23:47:34.161 [info] > git rev-parse --show-toplevel [2ms]
2024-01-29 23:47:34.161 [info] fatal: not a git repository (or any of the parent directories): .git
2024-01-29 23:47:36.701 [info] > git rev-parse --show-toplevel [3ms]
2024-01-29 23:47:36.701 [info] fatal: not a git repository (or any of the parent directories): .git
2024-01-29 23:47:39.012 [info] > git rev-parse --show-toplevel [4ms]
2024-01-29 23:47:39.012 [info] fatal: not a git repository (or any of the parent directories): .git
2024-01-29 23:48:01.369 [info] > git rev-parse --show-toplevel [9ms]
2024-01-29 23:48:01.369 [info] fatal: not a git repository (or any of the parent directories): .git
2024-01-29 23:48:16.586 [info] > git rev-parse --show-toplevel [3ms]
2024-01-29 23:48:16.586 [info] fatal: not a git repository (or any of the parent directories): .git
2024-01-29 23:48:27.464 [info] > git rev-parse --show-toplevel [3ms]
2024-01-29 23:48:27.464 [info] fatal: not a git repository (or any of the parent directories): .git
2024-01-29 23:48:28.502 [info] > git rev-parse --show-toplevel [4ms]
2024-01-29 23:48:28.502 [info] fatal: not a git repository (or any of the parent directories): .git
2024-01-29 23:48:29.884 [info] > git rev-parse --show-toplevel [2ms]
2024-01-29 23:48:29.884 [info] fatal: not a git repository (or any of the parent directories): .git
2024-01-29 23:48:31.144 [info] > git rev-parse --show-toplevel [3ms]
2024-01-29 23:48:31.144 [info] fatal: not a git repository (or any of the parent directories): .git
2024-01-29 23:48:32.258 [info] > git rev-parse --show-toplevel [4ms]
2024-01-29 23:48:32.258 [info] fatal: not a git repository (or any of the parent directories): .git
2024-01-29 23:48:41.296 [info] > git rev-parse --show-toplevel [13ms]
2024-01-29 23:48:41.296 [info] fatal: not a git repository (or any of the parent directories): .git
2024-01-29 23:48:45.309 [info] > git rev-parse --show-toplevel [7ms]
2024-01-29 23:48:45.310 [info] fatal: not a git repository (or any of the parent directories): .git
2024-01-29 23:49:03.194 [info] > git rev-parse --show-toplevel [4ms]
2024-01-29 23:49:03.194 [info] fatal: not a git repository (or any of the parent directories): .git
2024-01-29 23:49:08.049 [info] > git rev-parse --show-toplevel [1ms]
2024-01-29 23:49:08.049 [info] fatal: not a git repository (or any of the parent directories): .git
2024-01-29 23:49:09.405 [info] > git rev-parse --show-toplevel [1ms]
2024-01-29 23:49:09.405 [info] fatal: not a git repository (or any of the parent directories): .git
2024-01-29 23:49:13.112 [info] > git rev-parse --show-toplevel [2ms]
2024-01-29 23:49:13.112 [info] fatal: not a git repository (or any of the parent directories): .git
2024-01-29 23:49:27.662 [info] > git rev-parse --show-toplevel [5ms]
2024-01-29 23:49:27.662 [info] fatal: not a git repository (or any of the parent directories): .git
2024-01-29 23:49:28.969 [info] > git rev-parse --show-toplevel [1ms]
2024-01-29 23:49:28.969 [info] fatal: not a git repository (or any of the parent directories): .git
2024-01-29 23:49:31.756 [info] > git rev-parse --show-toplevel [1ms]
2024-01-29 23:49:31.756 [info] fatal: not a git repository (or any of the parent directories): .git
2024-01-29 23:49:32.416 [info] > git rev-parse --show-toplevel [1ms]
2024-01-29 23:49:32.416 [info] fatal: not a git repository (or any of the parent directories): .git
2024-01-29 23:49:35.047 [info] > git rev-parse --show-toplevel [1ms]
2024-01-29 23:49:35.047 [info] fatal: not a git repository (or any of the parent directories): .git
2024-01-29 23:49:54.014 [info] > git rev-parse --show-toplevel [6ms]
2024-01-29 23:49:54.014 [info] fatal: not a git repository (or any of the parent directories): .git
2024-01-29 23:49:58.860 [info] > git rev-parse --show-toplevel [3ms]
2024-01-29 23:49:58.860 [info] fatal: not a git repository (or any of the parent directories): .git
2024-01-29 23:50:08.688 [info] > git rev-parse --show-toplevel [8ms]
2024-01-29 23:50:08.688 [info] fatal: not a git repository (or any of the parent directories): .git
2024-01-29 23:51:11.043 [info] > git rev-parse --show-toplevel [0ms]
2024-01-29 23:51:11.043 [info] fatal: not a git repository (or any of the parent directories): .git
2024-01-29 23:51:24.209 [info] > git rev-parse --show-toplevel [1ms]
2024-01-29 23:51:24.209 [info] fatal: not a git repository (or any of the parent directories): .git
2024-01-29 23:51:32.030 [info] > git rev-parse --show-toplevel [1ms]
2024-01-29 23:51:32.030 [info] fatal: not a git repository (or any of the parent directories): .git
2024-01-29 23:52:06.086 [info] > git config --get commit.template [8ms]
2024-01-29 23:52:06.087 [info] > git for-each-ref --format=%(refname)%00%(upstream:short)%00%(objectname)%00%(upstream:track)%00%(upstream:remotename)%00%(upstream:remoteref) refs/heads/master refs/remotes/master [2ms]
2024-01-29 23:52:06.093 [warning] ENOENT: no such file or directory, open '/home/bitnami/todo/.git/refs/remotes/origin/master'
2024-01-29 23:52:06.094 [info] > git rev-parse refs/remotes/origin/master [1ms]
2024-01-29 23:52:06.116 [info] > git status -z -uall [11ms]
2024-01-29 23:52:11.136 [info] > git config --get commit.template [7ms]
2024-01-29 23:52:11.136 [info] > git for-each-ref --format=%(refname)%00%(upstream:short)%00%(objectname)%00%(upstream:track)%00%(upstream:remotename)%00%(upstream:remoteref) refs/heads/master refs/remotes/master [1ms]
2024-01-29 23:52:11.143 [warning] ENOENT: no such file or directory, open '/home/bitnami/todo/.git/refs/remotes/origin/master'
2024-01-29 23:52:11.144 [info] > git rev-parse refs/remotes/origin/master [1ms]
2024-01-29 23:52:11.163 [info] > git status -z -uall [12ms]
2024-01-29 23:53:54.431 [info] > git rev-parse --show-toplevel [1ms]
2024-01-29 23:53:54.431 [info] fatal: not a git repository (or any of the parent directories): .git
2024-01-29 23:54:26.871 [info] > git rev-parse --show-toplevel [1ms]
2024-01-29 23:54:26.871 [info] fatal: not a git repository (or any of the parent directories): .git
2024-01-29 23:54:30.181 [info] > git rev-parse --show-toplevel [2ms]
2024-01-29 23:54:30.181 [info] fatal: not a git repository (or any of the parent directories): .git
2024-01-29 23:54:34.773 [info] > git rev-parse --show-toplevel [1ms]
2024-01-29 23:54:34.773 [info] fatal: not a git repository (or any of the parent directories): .git
2024-01-29 23:54:35.672 [info] > git rev-parse --show-toplevel [4ms]
2024-01-29 23:54:35.672 [info] fatal: not a git repository (or any of the parent directories): .git
2024-01-29 23:55:01.746 [info] > git rev-parse --show-toplevel [11ms]
2024-01-29 23:55:01.746 [info] fatal: not a git repository (or any of the parent directories): .git
2024-01-29 23:55:14.861 [info] > git rev-parse --show-toplevel [1ms]
2024-01-29 23:55:14.862 [info] fatal: not a git repository (or any of the parent directories): .git
2024-01-29 23:55:22.243 [info] > git rev-parse --show-toplevel [1ms]
2024-01-29 23:55:22.243 [info] fatal: not a git repository (or any of the parent directories): .git
2024-01-29 23:55:25.626 [info] > git rev-parse --show-toplevel [4ms]
2024-01-29 23:55:25.626 [info] fatal: not a git repository (or any of the parent directories): .git
2024-01-29 23:56:11.669 [info] > git rev-parse --show-toplevel [1ms]
2024-01-29 23:56:11.669 [info] fatal: not a git repository (or any of the parent directories): .git
2024-01-29 23:56:13.334 [info] > git rev-parse --show-toplevel [1ms]
2024-01-29 23:56:13.334 [info] fatal: not a git repository (or any of the parent directories): .git
2024-01-29 23:56:14.731 [info] > git rev-parse --show-toplevel [8ms]
2024-01-29 23:56:14.731 [info] fatal: not a git repository (or any of the parent directories): .git
2024-01-29 23:57:36.237 [info] > git rev-parse --show-toplevel [1ms]
2024-01-29 23:57:36.237 [info] fatal: not a git repository (or any of the parent directories): .git
2024-01-29 23:57:37.336 [info] > git rev-parse --show-toplevel [1ms]
2024-01-29 23:57:37.336 [info] fatal: not a git repository (or any of the parent directories): .git
2024-01-29 23:57:48.277 [info] > git rev-parse --show-toplevel [1ms]
2024-01-29 23:57:48.277 [info] fatal: not a git repository (or any of the parent directories): .git
2024-01-29 23:57:50.986 [info] > git rev-parse --show-toplevel [2ms]
2024-01-29 23:57:50.986 [info] fatal: not a git repository (or any of the parent directories): .git
2024-01-29 23:57:52.713 [info] > git rev-parse --show-toplevel [1ms]
2024-01-29 23:57:52.713 [info] fatal: not a git repository (or any of the parent directories): .git
2024-01-29 23:57:55.242 [info] > git rev-parse --show-toplevel [1ms]
2024-01-29 23:57:55.242 [info] fatal: not a git repository (or any of the parent directories): .git
2024-01-29 23:57:56.347 [info] > git rev-parse --show-toplevel [11ms]
2024-01-29 23:57:56.347 [info] fatal: not a git repository (or any of the parent directories): .git
2024-01-29 23:57:58.996 [info] > git rev-parse --show-toplevel [3ms]
2024-01-29 23:57:58.998 [info] fatal: not a git repository (or any of the parent directories): .git
2024-01-29 23:58:01.314 [info] > git rev-parse --show-toplevel [5ms]
2024-01-29 23:58:01.314 [info] fatal: not a git repository (or any of the parent directories): .git
2024-01-29 23:58:02.181 [info] > git rev-parse --show-toplevel [1ms]
2024-01-29 23:58:02.181 [info] fatal: not a git repository (or any of the parent directories): .git
2024-01-29 23:58:04.161 [info] > git rev-parse --show-toplevel [3ms]
2024-01-29 23:58:04.161 [info] fatal: not a git repository (or any of the parent directories): .git
2024-01-29 23:58:06.185 [info] > git rev-parse --show-toplevel [7ms]
2024-01-29 23:58:06.185 [info] fatal: not a git repository (or any of the parent directories): .git
2024-01-29 23:58:35.807 [info] > git rev-parse --show-toplevel [2ms]
2024-01-29 23:58:35.807 [info] fatal: not a git repository (or any of the parent directories): .git
2024-01-29 23:58:37.036 [info] > git rev-parse --show-toplevel [1ms]
2024-01-29 23:58:37.036 [info] fatal: not a git repository (or any of the parent directories): .git
2024-01-29 23:58:39.609 [info] > git rev-parse --show-toplevel [1ms]
2024-01-29 23:58:39.609 [info] fatal: not a git repository (or any of the parent directories): .git
2024-01-29 23:58:42.388 [info] > git rev-parse --show-toplevel [1ms]
2024-01-29 23:58:42.388 [info] fatal: not a git repository (or any of the parent directories): .git
2024-01-29 23:58:43.214 [info] > git rev-parse --show-toplevel [4ms]
2024-01-29 23:58:43.214 [info] fatal: not a git repository (or any of the parent directories): .git
2024-01-29 23:58:53.230 [info] > git rev-parse --show-toplevel [1ms]
2024-01-29 23:58:53.230 [info] fatal: not a git repository (or any of the parent directories): .git
2024-01-29 23:58:54.482 [info] > git rev-parse --show-toplevel [3ms]
2024-01-29 23:58:54.482 [info] fatal: not a git repository (or any of the parent directories): .git
2024-01-29 23:59:03.728 [info] > git rev-parse --show-toplevel [2ms]
2024-01-29 23:59:03.728 [info] fatal: not a git repository (or any of the parent directories): .git
2024-01-29 23:59:06.726 [info] > git rev-parse --show-toplevel [3ms]
2024-01-29 23:59:06.726 [info] fatal: not a git repository (or any of the parent directories): .git
2024-01-29 23:59:11.409 [info] > git rev-parse --show-toplevel [5ms]
2024-01-29 23:59:11.409 [info] fatal: not a git repository (or any of the parent directories): .git
2024-01-29 23:59:12.430 [info] > git rev-parse --show-toplevel [8ms]
2024-01-29 23:59:12.430 [info] fatal: not a git repository (or any of the parent directories): .git
2024-01-29 23:59:15.640 [info] > git rev-parse --show-toplevel [3ms]
2024-01-29 23:59:15.640 [info] fatal: not a git repository (or any of the parent directories): .git
2024-01-29 23:59:16.859 [info] > git rev-parse --show-toplevel [2ms]
2024-01-29 23:59:16.859 [info] fatal: not a git repository (or any of the parent directories): .git
2024-01-29 23:59:17.744 [info] > git rev-parse --show-toplevel [1ms]
2024-01-29 23:59:17.744 [info] fatal: not a git repository (or any of the parent directories): .git
2024-01-29 23:59:18.793 [info] > git rev-parse --show-toplevel [1ms]
2024-01-29 23:59:18.793 [info] fatal: not a git repository (or any of the parent directories): .git
2024-01-29 23:59:21.540 [info] > git rev-parse --show-toplevel [1ms]
2024-01-29 23:59:21.540 [info] fatal: not a git repository (or any of the parent directories): .git
2024-01-29 23:59:23.382 [info] > git rev-parse --show-toplevel [3ms]
2024-01-29 23:59:23.382 [info] fatal: not a git repository (or any of the parent directories): .git
2024-01-29 23:59:56.564 [info] > git rev-parse --show-toplevel [4ms]
2024-01-29 23:59:56.564 [info] fatal: not a git repository (or any of the parent directories): .git
2024-01-30 00:00:00.957 [info] > git rev-parse --show-toplevel [1ms]
2024-01-30 00:00:00.957 [info] fatal: not a git repository (or any of the parent directories): .git
2024-01-30 00:00:38.366 [info] > git rev-parse --show-toplevel [2ms]
2024-01-30 00:00:38.366 [info] fatal: not a git repository (or any of the parent directories): .git
2024-01-30 00:00:43.956 [info] > git rev-parse --show-toplevel [3ms]
2024-01-30 00:00:43.956 [info] fatal: not a git repository (or any of the parent directories): .git
2024-01-30 00:00:49.604 [info] > git rev-parse --show-toplevel [2ms]
2024-01-30 00:00:49.604 [info] fatal: not a git repository (or any of the parent directories): .git
2024-01-30 00:00:52.745 [info] > git rev-parse --show-toplevel [3ms]
2024-01-30 00:00:52.745 [info] fatal: not a git repository (or any of the parent directories): .git
2024-01-30 00:01:38.881 [info] > git config --get commit.template [7ms]
2024-01-30 00:01:38.883 [info] > git for-each-ref --format=%(refname)%00%(upstream:short)%00%(objectname)%00%(upstream:track)%00%(upstream:remotename)%00%(upstream:remoteref) refs/heads/master refs/remotes/master [3ms]
2024-01-30 00:01:38.892 [warning] ENOENT: no such file or directory, open '/home/bitnami/todo/.git/refs/remotes/origin/master'
2024-01-30 00:01:38.892 [info] > git rev-parse refs/remotes/origin/master [1ms]
2024-01-30 00:01:38.920 [info] > git status -z -uall [22ms]
2024-01-30 00:01:58.611 [info] > git rev-parse --show-toplevel [2ms]
2024-01-30 00:01:58.611 [info] fatal: not a git repository (or any of the parent directories): .git
2024-01-30 00:08:09.172 [info] > git config --get commit.template [7ms]
2024-01-30 00:08:09.173 [info] > git for-each-ref --format=%(refname)%00%(upstream:short)%00%(objectname)%00%(upstream:track)%00%(upstream:remotename)%00%(upstream:remoteref) refs/heads/master refs/remotes/master [2ms]
2024-01-30 00:08:09.179 [warning] ENOENT: no such file or directory, open '/home/bitnami/todo/.git/refs/remotes/origin/master'
2024-01-30 00:08:09.181 [info] > git rev-parse refs/remotes/origin/master [1ms]
2024-01-30 00:08:09.197 [info] > git status -z -uall [10ms]
2024-01-30 00:10:12.515 [info] > git config --get commit.template [10ms]
2024-01-30 00:10:12.516 [info] > git for-each-ref --format=%(refname)%00%(upstream:short)%00%(objectname)%00%(upstream:track)%00%(upstream:remotename)%00%(upstream:remoteref) refs/heads/master refs/remotes/master [2ms]
2024-01-30 00:10:12.521 [warning] ENOENT: no such file or directory, open '/home/bitnami/todo/.git/refs/remotes/origin/master'
2024-01-30 00:10:12.522 [info] > git rev-parse refs/remotes/origin/master [1ms]
2024-01-30 00:10:12.539 [info] > git status -z -uall [12ms]
