2024-02-12 15:50:07.118 [info] Log level: Info
2024-02-12 15:50:07.119 [info] Validating found git in: "git"
2024-02-12 15:50:07.120 [info] Using git "2.30.2" from "git"
2024-02-12 15:50:07.121 [info] > git rev-parse --show-toplevel [6ms]
2024-02-12 15:50:07.121 [info] > git rev-parse --git-dir --git-common-dir [9ms]
2024-02-12 15:50:07.121 [info] Open repository: /home/bitnami
2024-02-12 15:50:07.121 [info] > git config --get commit.template [12ms]
2024-02-12 15:50:07.121 [info] > git rev-parse --show-toplevel [18ms]
2024-02-12 15:50:07.121 [info] > git for-each-ref --format=%(refname)%00%(upstream:short)%00%(objectname)%00%(upstream:track)%00%(upstream:remotename)%00%(upstream:remoteref) refs/heads/main refs/remotes/main [16ms]
2024-02-12 15:50:07.122 [info] > git rev-parse --show-toplevel [128ms]
2024-02-12 15:50:07.123 [info] > git rev-parse --show-toplevel [20ms]
2024-02-12 15:50:07.166 [info] > git rev-parse --show-toplevel [13ms]
2024-02-12 15:50:07.188 [info] > git rev-parse --show-toplevel [7ms]
2024-02-12 15:50:07.215 [info] > git rev-parse --show-toplevel [14ms]
2024-02-12 15:50:07.276 [info] > git rev-parse --show-toplevel [7ms]
2024-02-12 15:50:07.286 [info] > git status -z -uall [220ms]
2024-02-12 15:50:07.311 [info] > git rev-parse --show-toplevel [25ms]
2024-02-12 15:50:07.325 [info] > git config --get commit.template [15ms]
2024-02-12 15:50:07.335 [info] > git rev-parse --show-toplevel [11ms]
2024-02-12 15:50:07.346 [info] > git for-each-ref --format=%(refname)%00%(upstream:short)%00%(objectname)%00%(upstream:track)%00%(upstream:remotename)%00%(upstream:remoteref) refs/heads/main refs/remotes/main [12ms]
2024-02-12 15:50:07.367 [info] > git rev-parse --show-toplevel [23ms]
2024-02-12 15:50:07.504 [info] > git rev-parse --show-toplevel [95ms]
2024-02-12 15:50:07.533 [info] > git rev-parse --show-toplevel [1ms]
2024-02-12 15:50:07.548 [info] > git rev-parse --show-toplevel [2ms]
2024-02-12 15:50:07.562 [info] > git rev-parse --show-toplevel [3ms]
2024-02-12 15:50:07.583 [info] > git status -z -uall [217ms]
2024-02-12 15:50:07.592 [info] > git rev-parse --git-dir --git-common-dir [10ms]
2024-02-12 15:50:07.601 [info] Open repository: /home/bitnami/todo
2024-02-12 15:50:07.618 [info] > git config --get commit.template [9ms]
2024-02-12 15:50:07.626 [info] > git rev-parse --show-toplevel [10ms]
2024-02-12 15:50:07.634 [info] > git for-each-ref --format=%(refname)%00%(upstream:short)%00%(objectname)%00%(upstream:track)%00%(upstream:remotename)%00%(upstream:remoteref) refs/heads/master refs/remotes/master [9ms]
2024-02-12 15:50:07.641 [warning] ENOENT: no such file or directory, open '/home/bitnami/todo/.git/refs/remotes/origin/master'
2024-02-12 15:50:07.758 [info] > git rev-parse refs/remotes/origin/master [117ms]
2024-02-12 15:50:07.771 [info] > git status -z -uall [4ms]
2024-02-12 15:50:07.824 [info] > git config --get commit.template [18ms]
2024-02-12 15:50:07.833 [info] > git for-each-ref --format=%(refname)%00%(upstream:short)%00%(objectname)%00%(upstream:track)%00%(upstream:remotename)%00%(upstream:remoteref) refs/heads/master refs/remotes/master [3ms]
2024-02-12 15:50:07.838 [warning] ENOENT: no such file or directory, open '/home/bitnami/todo/.git/refs/remotes/origin/master'
2024-02-12 15:50:07.845 [info] > git rev-parse refs/remotes/origin/master [7ms]
2024-02-12 15:50:07.869 [info] > git status -z -uall [17ms]
2024-02-12 15:50:07.869 [info] > git show --textconv :blogger/views/partials/nav.pug [8ms]
2024-02-12 15:50:07.877 [info] > git ls-files --stage -- /home/bitnami/blogger/views/partials/nav.pug [9ms]
2024-02-12 15:50:07.884 [info] > git cat-file -s d2b4c46eaaa92a516844aa24953785e780e79b11 [1ms]
2024-02-12 15:50:08.116 [info] > git check-ignore -v -z --stdin [43ms]
2024-02-12 15:50:10.763 [info] > git config --get commit.template [7ms]
2024-02-12 15:50:10.764 [info] > git for-each-ref --format=%(refname)%00%(upstream:short)%00%(objectname)%00%(upstream:track)%00%(upstream:remotename)%00%(upstream:remoteref) refs/heads/main refs/remotes/main [2ms]
2024-02-12 15:50:10.890 [info] > git status -z -uall [118ms]
2024-02-12 15:50:12.832 [info] > git check-ignore -v -z --stdin [7ms]
2024-02-12 15:50:13.816 [info] > git check-ignore -v -z --stdin [3ms]
2024-02-12 15:50:13.820 [info] > git check-ignore -v -z --stdin [16ms]
2024-02-12 15:50:15.400 [info] > git check-ignore -v -z --stdin [7ms]
2024-02-12 15:50:15.913 [info] > git config --get commit.template [12ms]
2024-02-12 15:50:15.914 [info] > git for-each-ref --format=%(refname)%00%(upstream:short)%00%(objectname)%00%(upstream:track)%00%(upstream:remotename)%00%(upstream:remoteref) refs/heads/main refs/remotes/main [2ms]
2024-02-12 15:50:16.013 [info] > git status -z -uall [93ms]
2024-02-12 15:50:16.276 [info] > git check-ignore -v -z --stdin [7ms]
2024-02-12 15:50:17.216 [info] > git check-ignore -v -z --stdin [1ms]
2024-02-12 15:50:19.247 [info] > git check-ignore -v -z --stdin [1ms]
2024-02-12 15:50:20.635 [info] > git show --textconv :controllers/addcontroller.js [23ms]
2024-02-12 15:50:20.665 [info] > git ls-files --stage -- /home/bitnami/todo/controllers/addcontroller.js [32ms]
2024-02-12 15:50:20.726 [info] > git cat-file -s fbac7c608e477388ebb3cc85784e204fab7d0e74 [46ms]
2024-02-12 15:50:21.049 [info] > git config --get commit.template [15ms]
2024-02-12 15:50:21.057 [info] > git for-each-ref --format=%(refname)%00%(upstream:short)%00%(objectname)%00%(upstream:track)%00%(upstream:remotename)%00%(upstream:remoteref) refs/heads/main refs/remotes/main [10ms]
2024-02-12 15:50:21.317 [info] > git status -z -uall [239ms]
2024-02-12 15:50:24.149 [info] > git check-ignore -v -z --stdin [46ms]
2024-02-12 15:50:24.946 [info] > git check-ignore -v -z --stdin [5ms]
2024-02-12 15:50:26.346 [info] > git config --get commit.template [9ms]
2024-02-12 15:50:26.357 [info] > git for-each-ref --format=%(refname)%00%(upstream:short)%00%(objectname)%00%(upstream:track)%00%(upstream:remotename)%00%(upstream:remoteref) refs/heads/main refs/remotes/main [13ms]
2024-02-12 15:50:26.612 [info] > git status -z -uall [245ms]
2024-02-12 15:50:26.627 [info] > git check-ignore -v -z --stdin [2ms]
2024-02-12 15:50:27.508 [info] > git check-ignore -v -z --stdin [6ms]
2024-02-12 15:50:28.743 [info] > git check-ignore -v -z --stdin [1ms]
2024-02-12 15:50:29.858 [info] > git show --textconv :views/partials/nav.ejs [12ms]
2024-02-12 15:50:29.862 [info] > git ls-files --stage -- /home/bitnami/todo/views/partials/nav.ejs [6ms]
2024-02-12 15:50:29.875 [info] > git cat-file -s 5a4555cff60bd8000a97b0ee363dbf00090b0de6 [4ms]
2024-02-12 15:50:32.970 [info] > git config --get commit.template [7ms]
2024-02-12 15:50:32.973 [info] > git for-each-ref --format=%(refname)%00%(upstream:short)%00%(objectname)%00%(upstream:track)%00%(upstream:remotename)%00%(upstream:remoteref) refs/heads/main refs/remotes/main [5ms]
2024-02-12 15:50:33.130 [info] > git status -z -uall [150ms]
2024-02-12 15:50:38.204 [info] > git config --get commit.template [25ms]
2024-02-12 15:50:38.217 [info] > git for-each-ref --format=%(refname)%00%(upstream:short)%00%(objectname)%00%(upstream:track)%00%(upstream:remotename)%00%(upstream:remoteref) refs/heads/main refs/remotes/main [15ms]
2024-02-12 15:50:38.415 [info] > git status -z -uall [181ms]
2024-02-12 15:50:43.440 [info] > git config --get commit.template [12ms]
2024-02-12 15:50:43.443 [info] > git for-each-ref --format=%(refname)%00%(upstream:short)%00%(objectname)%00%(upstream:track)%00%(upstream:remotename)%00%(upstream:remoteref) refs/heads/main refs/remotes/main [4ms]
2024-02-12 15:50:43.598 [info] > git status -z -uall [145ms]
2024-02-12 15:50:48.621 [info] > git config --get commit.template [8ms]
2024-02-12 15:50:48.622 [info] > git for-each-ref --format=%(refname)%00%(upstream:short)%00%(objectname)%00%(upstream:track)%00%(upstream:remotename)%00%(upstream:remoteref) refs/heads/main refs/remotes/main [2ms]
2024-02-12 15:50:48.748 [info] > git status -z -uall [117ms]
2024-02-12 15:50:53.769 [info] > git config --get commit.template [7ms]
2024-02-12 15:50:53.771 [info] > git for-each-ref --format=%(refname)%00%(upstream:short)%00%(objectname)%00%(upstream:track)%00%(upstream:remotename)%00%(upstream:remoteref) refs/heads/main refs/remotes/main [2ms]
2024-02-12 15:50:53.882 [info] > git status -z -uall [106ms]
2024-02-12 15:50:58.906 [info] > git config --get commit.template [10ms]
2024-02-12 15:50:58.907 [info] > git for-each-ref --format=%(refname)%00%(upstream:short)%00%(objectname)%00%(upstream:track)%00%(upstream:remotename)%00%(upstream:remoteref) refs/heads/main refs/remotes/main [2ms]
2024-02-12 15:50:59.010 [info] > git status -z -uall [97ms]
2024-02-12 15:51:04.060 [info] > git config --get commit.template [21ms]
2024-02-12 15:51:04.061 [info] > git for-each-ref --format=%(refname)%00%(upstream:short)%00%(objectname)%00%(upstream:track)%00%(upstream:remotename)%00%(upstream:remoteref) refs/heads/main refs/remotes/main [3ms]
2024-02-12 15:51:04.237 [info] > git status -z -uall [158ms]
2024-02-12 15:51:09.266 [info] > git config --get commit.template [8ms]
2024-02-12 15:51:09.268 [info] > git for-each-ref --format=%(refname)%00%(upstream:short)%00%(objectname)%00%(upstream:track)%00%(upstream:remotename)%00%(upstream:remoteref) refs/heads/main refs/remotes/main [3ms]
2024-02-12 15:51:09.411 [info] > git status -z -uall [132ms]
2024-02-12 15:51:14.640 [info] > git config --get commit.template [16ms]
2024-02-12 15:51:14.641 [info] > git for-each-ref --format=%(refname)%00%(upstream:short)%00%(objectname)%00%(upstream:track)%00%(upstream:remotename)%00%(upstream:remoteref) refs/heads/main refs/remotes/main [5ms]
2024-02-12 15:51:14.781 [info] > git status -z -uall [123ms]
2024-02-12 15:51:19.894 [info] > git config --get commit.template [11ms]
2024-02-12 15:51:19.894 [info] > git for-each-ref --format=%(refname)%00%(upstream:short)%00%(objectname)%00%(upstream:track)%00%(upstream:remotename)%00%(upstream:remoteref) refs/heads/main refs/remotes/main [2ms]
2024-02-12 15:51:20.017 [info] > git status -z -uall [114ms]
2024-02-12 15:51:25.129 [info] > git config --get commit.template [21ms]
2024-02-12 15:51:25.129 [info] > git for-each-ref --format=%(refname)%00%(upstream:short)%00%(objectname)%00%(upstream:track)%00%(upstream:remotename)%00%(upstream:remoteref) refs/heads/main refs/remotes/main [4ms]
2024-02-12 15:51:25.259 [info] > git status -z -uall [122ms]
2024-02-12 15:51:30.374 [info] > git config --get commit.template [14ms]
2024-02-12 15:51:30.377 [info] > git for-each-ref --format=%(refname)%00%(upstream:short)%00%(objectname)%00%(upstream:track)%00%(upstream:remotename)%00%(upstream:remoteref) refs/heads/main refs/remotes/main [3ms]
2024-02-12 15:51:30.492 [info] > git status -z -uall [108ms]
2024-02-12 15:51:49.119 [info] > git config --get commit.template [14ms]
2024-02-12 15:51:49.120 [info] > git for-each-ref --format=%(refname)%00%(upstream:short)%00%(objectname)%00%(upstream:track)%00%(upstream:remotename)%00%(upstream:remoteref) refs/heads/main refs/remotes/main [3ms]
2024-02-12 15:51:49.260 [info] > git status -z -uall [131ms]
2024-02-12 15:51:49.727 [info] > git show --textconv :blogger/views/partials/nav.pug [50ms]
2024-02-12 15:51:49.728 [info] > git ls-files --stage -- /home/bitnami/blogger/views/partials/nav.pug [39ms]
2024-02-12 15:51:49.745 [info] > git cat-file -s d2b4c46eaaa92a516844aa24953785e780e79b11 [4ms]
2024-02-12 15:51:49.874 [info] > git check-ignore -v -z --stdin [6ms]
2024-02-12 15:51:50.134 [info] > git show --textconv :views/partials/nav.ejs [8ms]
2024-02-12 15:51:50.135 [info] > git ls-files --stage -- /home/bitnami/todo/views/partials/nav.ejs [1ms]
2024-02-12 15:51:50.141 [info] > git cat-file -s 5a4555cff60bd8000a97b0ee363dbf00090b0de6 [1ms]
2024-02-12 15:51:50.854 [info] > git show --textconv :blogger/views/partials/nav.pug [11ms]
2024-02-12 15:51:50.859 [info] > git ls-files --stage -- /home/bitnami/blogger/views/partials/nav.pug [6ms]
2024-02-12 15:51:50.869 [info] > git cat-file -s d2b4c46eaaa92a516844aa24953785e780e79b11 [2ms]
2024-02-12 15:51:51.749 [info] > git show --textconv :views/partials/nav.ejs [9ms]
2024-02-12 15:51:51.750 [info] > git ls-files --stage -- /home/bitnami/todo/views/partials/nav.ejs [2ms]
2024-02-12 15:51:51.762 [info] > git cat-file -s 5a4555cff60bd8000a97b0ee363dbf00090b0de6 [1ms]
2024-02-12 15:51:52.639 [info] > git show --textconv :blogger/views/partials/nav.pug [11ms]
2024-02-12 15:51:52.644 [info] > git ls-files --stage -- /home/bitnami/blogger/views/partials/nav.pug [6ms]
2024-02-12 15:51:52.652 [info] > git cat-file -s d2b4c46eaaa92a516844aa24953785e780e79b11 [1ms]
2024-02-12 15:51:54.368 [info] > git show --textconv :views/partials/nav.ejs [22ms]
2024-02-12 15:51:54.368 [info] > git ls-files --stage -- /home/bitnami/todo/views/partials/nav.ejs [11ms]
2024-02-12 15:51:54.377 [info] > git config --get commit.template [9ms]
2024-02-12 15:51:54.377 [info] > git cat-file -s 5a4555cff60bd8000a97b0ee363dbf00090b0de6 [2ms]
2024-02-12 15:51:54.386 [info] > git for-each-ref --format=%(refname)%00%(upstream:short)%00%(objectname)%00%(upstream:track)%00%(upstream:remotename)%00%(upstream:remoteref) refs/heads/main refs/remotes/main [2ms]
2024-02-12 15:51:54.533 [info] > git status -z -uall [134ms]
2024-02-12 15:51:59.633 [info] > git config --get commit.template [11ms]
2024-02-12 15:51:59.634 [info] > git for-each-ref --format=%(refname)%00%(upstream:short)%00%(objectname)%00%(upstream:track)%00%(upstream:remotename)%00%(upstream:remoteref) refs/heads/main refs/remotes/main [2ms]
2024-02-12 15:51:59.769 [info] > git status -z -uall [126ms]
2024-02-12 15:52:04.871 [info] > git config --get commit.template [14ms]
2024-02-12 15:52:04.872 [info] > git for-each-ref --format=%(refname)%00%(upstream:short)%00%(objectname)%00%(upstream:track)%00%(upstream:remotename)%00%(upstream:remoteref) refs/heads/main refs/remotes/main [2ms]
2024-02-12 15:52:04.996 [info] > git status -z -uall [117ms]
2024-02-12 15:52:52.434 [info] > git config --get commit.template [2ms]
2024-02-12 15:52:52.442 [info] > git for-each-ref --format=%(refname)%00%(upstream:short)%00%(objectname)%00%(upstream:track)%00%(upstream:remotename)%00%(upstream:remoteref) refs/heads/main refs/remotes/main [2ms]
2024-02-12 15:52:52.566 [info] > git status -z -uall [117ms]
2024-02-12 15:52:55.965 [info] > git show --textconv :blogger/views/partials/nav.pug [16ms]
2024-02-12 15:52:55.971 [info] > git ls-files --stage -- /home/bitnami/blogger/views/partials/nav.pug [9ms]
2024-02-12 15:52:55.981 [info] > git cat-file -s d2b4c46eaaa92a516844aa24953785e780e79b11 [2ms]
2024-02-12 15:52:56.948 [info] > git show --textconv :views/partials/nav.ejs [8ms]
2024-02-12 15:52:56.950 [info] > git ls-files --stage -- /home/bitnami/todo/views/partials/nav.ejs [2ms]
2024-02-12 15:52:56.958 [info] > git cat-file -s 5a4555cff60bd8000a97b0ee363dbf00090b0de6 [1ms]
2024-02-12 15:52:57.673 [info] > git config --get commit.template [10ms]
2024-02-12 15:52:57.673 [info] > git for-each-ref --format=%(refname)%00%(upstream:short)%00%(objectname)%00%(upstream:track)%00%(upstream:remotename)%00%(upstream:remoteref) refs/heads/main refs/remotes/main [2ms]
2024-02-12 15:52:57.797 [info] > git status -z -uall [115ms]
2024-02-12 15:53:02.890 [info] > git config --get commit.template [9ms]
2024-02-12 15:53:02.891 [info] > git for-each-ref --format=%(refname)%00%(upstream:short)%00%(objectname)%00%(upstream:track)%00%(upstream:remotename)%00%(upstream:remoteref) refs/heads/main refs/remotes/main [2ms]
2024-02-12 15:53:03.028 [info] > git status -z -uall [130ms]
2024-02-12 15:53:08.127 [info] > git config --get commit.template [10ms]
2024-02-12 15:53:08.128 [info] > git for-each-ref --format=%(refname)%00%(upstream:short)%00%(objectname)%00%(upstream:track)%00%(upstream:remotename)%00%(upstream:remoteref) refs/heads/main refs/remotes/main [3ms]
2024-02-12 15:53:08.267 [info] > git status -z -uall [132ms]
2024-02-12 15:54:57.394 [info] > git config --get commit.template [12ms]
2024-02-12 15:54:57.397 [info] > git for-each-ref --format=%(refname)%00%(upstream:short)%00%(objectname)%00%(upstream:track)%00%(upstream:remotename)%00%(upstream:remoteref) refs/heads/main refs/remotes/main [4ms]
2024-02-12 15:54:57.533 [info] > git status -z -uall [122ms]
2024-02-12 15:55:02.629 [info] > git config --get commit.template [1ms]
2024-02-12 15:55:02.638 [info] > git for-each-ref --format=%(refname)%00%(upstream:short)%00%(objectname)%00%(upstream:track)%00%(upstream:remotename)%00%(upstream:remoteref) refs/heads/main refs/remotes/main [2ms]
2024-02-12 15:55:02.765 [info] > git status -z -uall [120ms]
2024-02-12 15:55:05.436 [info] > git show --textconv :blogger/views/partials/nav.pug [10ms]
2024-02-12 15:55:05.440 [info] > git ls-files --stage -- /home/bitnami/blogger/views/partials/nav.pug [5ms]
2024-02-12 15:55:05.454 [info] > git cat-file -s d2b4c46eaaa92a516844aa24953785e780e79b11 [1ms]
2024-02-12 15:55:07.853 [info] > git config --get commit.template [2ms]
2024-02-12 15:55:07.863 [info] > git for-each-ref --format=%(refname)%00%(upstream:short)%00%(objectname)%00%(upstream:track)%00%(upstream:remotename)%00%(upstream:remoteref) refs/heads/main refs/remotes/main [2ms]
2024-02-12 15:55:07.988 [info] > git status -z -uall [116ms]
2024-02-12 15:55:13.071 [info] > git config --get commit.template [8ms]
2024-02-12 15:55:13.072 [info] > git for-each-ref --format=%(refname)%00%(upstream:short)%00%(objectname)%00%(upstream:track)%00%(upstream:remotename)%00%(upstream:remoteref) refs/heads/main refs/remotes/main [2ms]
2024-02-12 15:55:13.203 [info] > git status -z -uall [123ms]
2024-02-12 15:55:19.320 [info] > git config --get commit.template [8ms]
2024-02-12 15:55:19.320 [info] > git for-each-ref --format=%(refname)%00%(upstream:short)%00%(objectname)%00%(upstream:track)%00%(upstream:remotename)%00%(upstream:remoteref) refs/heads/main refs/remotes/main [2ms]
2024-02-12 15:55:19.441 [info] > git status -z -uall [113ms]
2024-02-12 15:55:24.538 [info] > git config --get commit.template [9ms]
2024-02-12 15:55:24.539 [info] > git for-each-ref --format=%(refname)%00%(upstream:short)%00%(objectname)%00%(upstream:track)%00%(upstream:remotename)%00%(upstream:remoteref) refs/heads/main refs/remotes/main [2ms]
2024-02-12 15:55:24.660 [info] > git status -z -uall [113ms]
2024-02-12 15:55:44.116 [info] > git config --get commit.template [8ms]
2024-02-12 15:55:44.116 [info] > git for-each-ref --format=%(refname)%00%(upstream:short)%00%(objectname)%00%(upstream:track)%00%(upstream:remotename)%00%(upstream:remoteref) refs/heads/main refs/remotes/main [2ms]
2024-02-12 15:55:44.241 [info] > git status -z -uall [117ms]
2024-02-12 15:56:11.153 [info] > git config --get commit.template [9ms]
2024-02-12 15:56:11.153 [info] > git for-each-ref --format=%(refname)%00%(upstream:short)%00%(objectname)%00%(upstream:track)%00%(upstream:remotename)%00%(upstream:remoteref) refs/heads/main refs/remotes/main [2ms]
2024-02-12 15:56:11.277 [info] > git status -z -uall [116ms]
2024-02-12 15:56:16.378 [info] > git config --get commit.template [10ms]
2024-02-12 15:56:16.379 [info] > git for-each-ref --format=%(refname)%00%(upstream:short)%00%(objectname)%00%(upstream:track)%00%(upstream:remotename)%00%(upstream:remoteref) refs/heads/main refs/remotes/main [2ms]
2024-02-12 15:56:16.513 [info] > git status -z -uall [127ms]
2024-02-12 15:56:24.156 [info] > git config --get commit.template [13ms]
2024-02-12 15:56:24.159 [info] > git for-each-ref --format=%(refname)%00%(upstream:short)%00%(objectname)%00%(upstream:track)%00%(upstream:remotename)%00%(upstream:remoteref) refs/heads/main refs/remotes/main [4ms]
2024-02-12 15:56:24.508 [info] > git status -z -uall [342ms]
2024-02-12 15:56:29.646 [info] > git config --get commit.template [12ms]
2024-02-12 15:56:29.646 [info] > git for-each-ref --format=%(refname)%00%(upstream:short)%00%(objectname)%00%(upstream:track)%00%(upstream:remotename)%00%(upstream:remoteref) refs/heads/main refs/remotes/main [2ms]
2024-02-12 15:56:29.779 [info] > git status -z -uall [124ms]
2024-02-12 15:56:34.873 [info] > git config --get commit.template [11ms]
2024-02-12 15:56:34.873 [info] > git for-each-ref --format=%(refname)%00%(upstream:short)%00%(objectname)%00%(upstream:track)%00%(upstream:remotename)%00%(upstream:remoteref) refs/heads/main refs/remotes/main [1ms]
2024-02-12 15:56:35.006 [info] > git status -z -uall [122ms]
2024-02-12 15:56:42.803 [info] > git config --get commit.template [9ms]
2024-02-12 15:56:42.804 [info] > git for-each-ref --format=%(refname)%00%(upstream:short)%00%(objectname)%00%(upstream:track)%00%(upstream:remotename)%00%(upstream:remoteref) refs/heads/main refs/remotes/main [2ms]
2024-02-12 15:56:42.937 [info] > git status -z -uall [122ms]
2024-02-12 15:56:48.050 [info] > git config --get commit.template [9ms]
2024-02-12 15:56:48.050 [info] > git for-each-ref --format=%(refname)%00%(upstream:short)%00%(objectname)%00%(upstream:track)%00%(upstream:remotename)%00%(upstream:remoteref) refs/heads/main refs/remotes/main [1ms]
2024-02-12 15:56:48.201 [info] > git status -z -uall [143ms]
2024-02-12 15:56:53.293 [info] > git config --get commit.template [10ms]
2024-02-12 15:56:53.294 [info] > git for-each-ref --format=%(refname)%00%(upstream:short)%00%(objectname)%00%(upstream:track)%00%(upstream:remotename)%00%(upstream:remoteref) refs/heads/main refs/remotes/main [2ms]
2024-02-12 15:56:53.417 [info] > git status -z -uall [116ms]
2024-02-12 15:57:10.861 [info] > git config --get commit.template [8ms]
2024-02-12 15:57:10.861 [info] > git for-each-ref --format=%(refname)%00%(upstream:short)%00%(objectname)%00%(upstream:track)%00%(upstream:remotename)%00%(upstream:remoteref) refs/heads/main refs/remotes/main [2ms]
2024-02-12 15:57:10.983 [info] > git status -z -uall [114ms]
2024-02-12 15:57:44.289 [info] > git config --get commit.template [10ms]
2024-02-12 15:57:44.290 [info] > git for-each-ref --format=%(refname)%00%(upstream:short)%00%(objectname)%00%(upstream:track)%00%(upstream:remotename)%00%(upstream:remoteref) refs/heads/main refs/remotes/main [2ms]
2024-02-12 15:57:44.409 [info] > git status -z -uall [113ms]
2024-02-12 15:57:51.748 [info] > git config --get commit.template [7ms]
2024-02-12 15:57:51.748 [info] > git for-each-ref --format=%(refname)%00%(upstream:short)%00%(objectname)%00%(upstream:track)%00%(upstream:remotename)%00%(upstream:remoteref) refs/heads/main refs/remotes/main [2ms]
2024-02-12 15:57:51.877 [info] > git status -z -uall [120ms]
2024-02-12 15:57:56.976 [info] > git config --get commit.template [1ms]
2024-02-12 15:57:56.993 [info] > git for-each-ref --format=%(refname)%00%(upstream:short)%00%(objectname)%00%(upstream:track)%00%(upstream:remotename)%00%(upstream:remoteref) refs/heads/main refs/remotes/main [2ms]
2024-02-12 15:57:57.118 [info] > git status -z -uall [116ms]
2024-02-12 15:58:04.257 [info] > git config --get commit.template [13ms]
2024-02-12 15:58:04.258 [info] > git for-each-ref --format=%(refname)%00%(upstream:short)%00%(objectname)%00%(upstream:track)%00%(upstream:remotename)%00%(upstream:remoteref) refs/heads/main refs/remotes/main [2ms]
2024-02-12 15:58:04.384 [info] > git status -z -uall [114ms]
2024-02-12 15:58:09.480 [info] > git config --get commit.template [9ms]
2024-02-12 15:58:09.481 [info] > git for-each-ref --format=%(refname)%00%(upstream:short)%00%(objectname)%00%(upstream:track)%00%(upstream:remotename)%00%(upstream:remoteref) refs/heads/main refs/remotes/main [1ms]
2024-02-12 15:58:09.601 [info] > git status -z -uall [112ms]
2024-02-12 15:58:57.475 [info] > git config --get commit.template [2ms]
2024-02-12 15:58:57.487 [info] > git for-each-ref --format=%(refname)%00%(upstream:short)%00%(objectname)%00%(upstream:track)%00%(upstream:remotename)%00%(upstream:remoteref) refs/heads/main refs/remotes/main [3ms]
2024-02-12 15:58:57.633 [info] > git status -z -uall [137ms]
2024-02-12 15:59:02.745 [info] > git config --get commit.template [3ms]
2024-02-12 15:59:02.754 [info] > git for-each-ref --format=%(refname)%00%(upstream:short)%00%(objectname)%00%(upstream:track)%00%(upstream:remotename)%00%(upstream:remoteref) refs/heads/main refs/remotes/main [2ms]
2024-02-12 15:59:02.891 [info] > git status -z -uall [129ms]
2024-02-12 15:59:07.985 [info] > git config --get commit.template [1ms]
2024-02-12 15:59:07.996 [info] > git for-each-ref --format=%(refname)%00%(upstream:short)%00%(objectname)%00%(upstream:track)%00%(upstream:remotename)%00%(upstream:remoteref) refs/heads/main refs/remotes/main [3ms]
2024-02-12 15:59:08.136 [info] > git status -z -uall [128ms]
2024-02-12 15:59:13.229 [info] > git config --get commit.template [8ms]
2024-02-12 15:59:13.229 [info] > git for-each-ref --format=%(refname)%00%(upstream:short)%00%(objectname)%00%(upstream:track)%00%(upstream:remotename)%00%(upstream:remoteref) refs/heads/main refs/remotes/main [2ms]
2024-02-12 15:59:13.361 [info] > git status -z -uall [123ms]
2024-02-12 15:59:18.467 [info] > git config --get commit.template [16ms]
2024-02-12 15:59:18.467 [info] > git for-each-ref --format=%(refname)%00%(upstream:short)%00%(objectname)%00%(upstream:track)%00%(upstream:remotename)%00%(upstream:remoteref) refs/heads/main refs/remotes/main [2ms]
2024-02-12 15:59:18.580 [info] > git status -z -uall [105ms]
2024-02-12 15:59:25.766 [info] > git config --get commit.template [10ms]
2024-02-12 15:59:25.766 [info] > git for-each-ref --format=%(refname)%00%(upstream:short)%00%(objectname)%00%(upstream:track)%00%(upstream:remotename)%00%(upstream:remoteref) refs/heads/main refs/remotes/main [2ms]
2024-02-12 15:59:25.919 [info] > git status -z -uall [128ms]
2024-02-12 15:59:32.758 [info] > git config --get commit.template [2ms]
2024-02-12 15:59:32.768 [info] > git for-each-ref --format=%(refname)%00%(upstream:short)%00%(objectname)%00%(upstream:track)%00%(upstream:remotename)%00%(upstream:remoteref) refs/heads/main refs/remotes/main [2ms]
2024-02-12 15:59:32.897 [info] > git status -z -uall [118ms]
2024-02-12 16:00:26.618 [info] > git config --get commit.template [9ms]
2024-02-12 16:00:26.619 [info] > git for-each-ref --format=%(refname)%00%(upstream:short)%00%(objectname)%00%(upstream:track)%00%(upstream:remotename)%00%(upstream:remoteref) refs/heads/main refs/remotes/main [3ms]
2024-02-12 16:00:26.752 [info] > git status -z -uall [125ms]
2024-02-12 16:00:34.584 [info] > git config --get commit.template [8ms]
2024-02-12 16:00:34.584 [info] > git for-each-ref --format=%(refname)%00%(upstream:short)%00%(objectname)%00%(upstream:track)%00%(upstream:remotename)%00%(upstream:remoteref) refs/heads/main refs/remotes/main [2ms]
2024-02-12 16:00:34.701 [info] > git status -z -uall [110ms]
2024-02-12 16:01:07.918 [info] > git config --get commit.template [9ms]
2024-02-12 16:01:07.918 [info] > git for-each-ref --format=%(refname)%00%(upstream:short)%00%(objectname)%00%(upstream:track)%00%(upstream:remotename)%00%(upstream:remoteref) refs/heads/main refs/remotes/main [2ms]
2024-02-12 16:01:08.049 [info] > git status -z -uall [124ms]
2024-02-12 16:01:13.155 [info] > git config --get commit.template [11ms]
2024-02-12 16:01:13.155 [info] > git for-each-ref --format=%(refname)%00%(upstream:short)%00%(objectname)%00%(upstream:track)%00%(upstream:remotename)%00%(upstream:remoteref) refs/heads/main refs/remotes/main [2ms]
2024-02-12 16:01:13.283 [info] > git status -z -uall [119ms]
2024-02-12 16:01:18.384 [info] > git config --get commit.template [11ms]
2024-02-12 16:01:18.385 [info] > git for-each-ref --format=%(refname)%00%(upstream:short)%00%(objectname)%00%(upstream:track)%00%(upstream:remotename)%00%(upstream:remoteref) refs/heads/main refs/remotes/main [2ms]
2024-02-12 16:01:18.527 [info] > git status -z -uall [136ms]
2024-02-12 16:01:23.625 [info] > git config --get commit.template [9ms]
2024-02-12 16:01:23.625 [info] > git for-each-ref --format=%(refname)%00%(upstream:short)%00%(objectname)%00%(upstream:track)%00%(upstream:remotename)%00%(upstream:remoteref) refs/heads/main refs/remotes/main [2ms]
2024-02-12 16:01:23.757 [info] > git status -z -uall [123ms]
2024-02-12 16:01:28.867 [info] > git config --get commit.template [8ms]
2024-02-12 16:01:28.868 [info] > git for-each-ref --format=%(refname)%00%(upstream:short)%00%(objectname)%00%(upstream:track)%00%(upstream:remotename)%00%(upstream:remoteref) refs/heads/main refs/remotes/main [4ms]
2024-02-12 16:01:29.044 [info] > git status -z -uall [168ms]
2024-02-12 16:01:34.157 [info] > git config --get commit.template [15ms]
2024-02-12 16:01:34.157 [info] > git for-each-ref --format=%(refname)%00%(upstream:short)%00%(objectname)%00%(upstream:track)%00%(upstream:remotename)%00%(upstream:remoteref) refs/heads/main refs/remotes/main [2ms]
2024-02-12 16:01:34.303 [info] > git status -z -uall [138ms]
2024-02-12 16:01:37.034 [info] > git show --textconv :blogger/app.js [58ms]
2024-02-12 16:01:37.043 [info] > git ls-files --stage -- /home/bitnami/blogger/app.js [13ms]
2024-02-12 16:01:37.067 [info] > git cat-file -s c7a42c8179ac125c75e19f49b94c6d0b712f454b [6ms]
2024-02-12 16:01:39.397 [info] > git config --get commit.template [9ms]
2024-02-12 16:01:39.398 [info] > git for-each-ref --format=%(refname)%00%(upstream:short)%00%(objectname)%00%(upstream:track)%00%(upstream:remotename)%00%(upstream:remoteref) refs/heads/main refs/remotes/main [2ms]
2024-02-12 16:01:39.511 [info] > git status -z -uall [107ms]
2024-02-12 16:01:44.593 [info] > git config --get commit.template [8ms]
2024-02-12 16:01:44.594 [info] > git for-each-ref --format=%(refname)%00%(upstream:short)%00%(objectname)%00%(upstream:track)%00%(upstream:remotename)%00%(upstream:remoteref) refs/heads/main refs/remotes/main [2ms]
2024-02-12 16:01:44.719 [info] > git status -z -uall [117ms]
2024-02-12 16:01:49.816 [info] > git config --get commit.template [10ms]
2024-02-12 16:01:49.817 [info] > git for-each-ref --format=%(refname)%00%(upstream:short)%00%(objectname)%00%(upstream:track)%00%(upstream:remotename)%00%(upstream:remoteref) refs/heads/main refs/remotes/main [2ms]
2024-02-12 16:01:49.954 [info] > git status -z -uall [130ms]
2024-02-12 16:01:55.066 [info] > git config --get commit.template [14ms]
2024-02-12 16:01:55.067 [info] > git for-each-ref --format=%(refname)%00%(upstream:short)%00%(objectname)%00%(upstream:track)%00%(upstream:remotename)%00%(upstream:remoteref) refs/heads/main refs/remotes/main [2ms]
2024-02-12 16:01:55.184 [info] > git status -z -uall [110ms]
2024-02-12 16:02:00.313 [info] > git for-each-ref --format=%(refname)%00%(upstream:short)%00%(objectname)%00%(upstream:track)%00%(upstream:remotename)%00%(upstream:remoteref) refs/heads/main refs/remotes/main [6ms]
2024-02-12 16:02:00.314 [info] > git config --get commit.template [28ms]
2024-02-12 16:02:00.498 [info] > git status -z -uall [169ms]
2024-02-12 16:02:05.595 [info] > git config --get commit.template [2ms]
2024-02-12 16:02:05.608 [info] > git for-each-ref --format=%(refname)%00%(upstream:short)%00%(objectname)%00%(upstream:track)%00%(upstream:remotename)%00%(upstream:remoteref) refs/heads/main refs/remotes/main [3ms]
2024-02-12 16:02:05.789 [info] > git status -z -uall [169ms]
2024-02-12 16:02:10.919 [info] > git config --get commit.template [10ms]
2024-02-12 16:02:10.920 [info] > git for-each-ref --format=%(refname)%00%(upstream:short)%00%(objectname)%00%(upstream:track)%00%(upstream:remotename)%00%(upstream:remoteref) refs/heads/main refs/remotes/main [1ms]
2024-02-12 16:02:11.044 [info] > git status -z -uall [117ms]
2024-02-12 16:02:16.131 [info] > git config --get commit.template [9ms]
2024-02-12 16:02:16.132 [info] > git for-each-ref --format=%(refname)%00%(upstream:short)%00%(objectname)%00%(upstream:track)%00%(upstream:remotename)%00%(upstream:remoteref) refs/heads/main refs/remotes/main [1ms]
2024-02-12 16:02:16.266 [info] > git status -z -uall [126ms]
2024-02-12 16:02:21.363 [info] > git config --get commit.template [8ms]
2024-02-12 16:02:21.363 [info] > git for-each-ref --format=%(refname)%00%(upstream:short)%00%(objectname)%00%(upstream:track)%00%(upstream:remotename)%00%(upstream:remoteref) refs/heads/main refs/remotes/main [2ms]
2024-02-12 16:02:21.507 [info] > git status -z -uall [135ms]
2024-02-12 16:02:26.615 [info] > git config --get commit.template [2ms]
2024-02-12 16:02:26.639 [info] > git for-each-ref --format=%(refname)%00%(upstream:short)%00%(objectname)%00%(upstream:track)%00%(upstream:remotename)%00%(upstream:remoteref) refs/heads/main refs/remotes/main [9ms]
2024-02-12 16:02:26.955 [info] > git status -z -uall [298ms]
2024-02-12 16:02:32.095 [info] > git config --get commit.template [10ms]
2024-02-12 16:02:32.095 [info] > git for-each-ref --format=%(refname)%00%(upstream:short)%00%(objectname)%00%(upstream:track)%00%(upstream:remotename)%00%(upstream:remoteref) refs/heads/main refs/remotes/main [2ms]
2024-02-12 16:02:32.219 [info] > git status -z -uall [115ms]
2024-02-12 16:02:37.309 [info] > git config --get commit.template [9ms]
2024-02-12 16:02:37.309 [info] > git for-each-ref --format=%(refname)%00%(upstream:short)%00%(objectname)%00%(upstream:track)%00%(upstream:remotename)%00%(upstream:remoteref) refs/heads/main refs/remotes/main [1ms]
2024-02-12 16:02:37.433 [info] > git status -z -uall [115ms]
2024-02-12 16:02:38.235 [info] > git show --textconv :blogger/views/partials/nav.pug [12ms]
2024-02-12 16:02:38.240 [info] > git ls-files --stage -- /home/bitnami/blogger/views/partials/nav.pug [6ms]
2024-02-12 16:02:38.250 [info] > git cat-file -s d2b4c46eaaa92a516844aa24953785e780e79b11 [1ms]
2024-02-12 16:02:45.179 [info] > git config --get commit.template [10ms]
2024-02-12 16:02:45.179 [info] > git for-each-ref --format=%(refname)%00%(upstream:short)%00%(objectname)%00%(upstream:track)%00%(upstream:remotename)%00%(upstream:remoteref) refs/heads/main refs/remotes/main [1ms]
2024-02-12 16:02:45.305 [info] > git status -z -uall [113ms]
2024-02-12 16:02:53.015 [info] > git config --get commit.template [3ms]
2024-02-12 16:02:53.025 [info] > git for-each-ref --format=%(refname)%00%(upstream:short)%00%(objectname)%00%(upstream:track)%00%(upstream:remotename)%00%(upstream:remoteref) refs/heads/main refs/remotes/main [2ms]
2024-02-12 16:02:53.167 [info] > git status -z -uall [134ms]
2024-02-12 16:03:38.634 [info] > git config --get commit.template [9ms]
2024-02-12 16:03:38.635 [info] > git for-each-ref --format=%(refname)%00%(upstream:short)%00%(objectname)%00%(upstream:track)%00%(upstream:remotename)%00%(upstream:remoteref) refs/heads/main refs/remotes/main [3ms]
2024-02-12 16:03:38.779 [info] > git status -z -uall [135ms]
2024-02-12 16:03:39.380 [info] > git show --textconv :blogger/app.js [12ms]
2024-02-12 16:03:39.385 [info] > git ls-files --stage -- /home/bitnami/blogger/app.js [6ms]
2024-02-12 16:03:39.395 [info] > git cat-file -s c7a42c8179ac125c75e19f49b94c6d0b712f454b [1ms]
2024-02-12 16:03:43.893 [info] > git config --get commit.template [9ms]
2024-02-12 16:03:43.893 [info] > git for-each-ref --format=%(refname)%00%(upstream:short)%00%(objectname)%00%(upstream:track)%00%(upstream:remotename)%00%(upstream:remoteref) refs/heads/main refs/remotes/main [2ms]
2024-02-12 16:03:44.026 [info] > git status -z -uall [125ms]
2024-02-12 16:03:57.589 [info] > git config --get commit.template [8ms]
2024-02-12 16:03:57.590 [info] > git for-each-ref --format=%(refname)%00%(upstream:short)%00%(objectname)%00%(upstream:track)%00%(upstream:remotename)%00%(upstream:remoteref) refs/heads/main refs/remotes/main [1ms]
2024-02-12 16:03:57.723 [info] > git status -z -uall [123ms]
2024-02-12 16:03:58.287 [info] > git show --textconv :views/partials/nav.ejs [11ms]
2024-02-12 16:03:58.288 [info] > git ls-files --stage -- /home/bitnami/todo/views/partials/nav.ejs [2ms]
2024-02-12 16:03:58.296 [info] > git cat-file -s 5a4555cff60bd8000a97b0ee363dbf00090b0de6 [1ms]
2024-02-12 16:04:01.887 [info] > git show --textconv :app.js [17ms]
2024-02-12 16:04:01.888 [info] > git ls-files --stage -- /home/bitnami/todo/app.js [2ms]
2024-02-12 16:04:01.916 [info] > git cat-file -s c983ddc08387d991bf4a149c38c3076f01b714ec [1ms]
2024-02-12 16:04:02.853 [info] > git config --get commit.template [15ms]
2024-02-12 16:04:02.857 [info] > git for-each-ref --format=%(refname)%00%(upstream:short)%00%(objectname)%00%(upstream:track)%00%(upstream:remotename)%00%(upstream:remoteref) refs/heads/main refs/remotes/main [4ms]
2024-02-12 16:04:03.188 [info] > git status -z -uall [318ms]
2024-02-12 16:04:08.467 [info] > git config --get commit.template [9ms]
2024-02-12 16:04:08.468 [info] > git for-each-ref --format=%(refname)%00%(upstream:short)%00%(objectname)%00%(upstream:track)%00%(upstream:remotename)%00%(upstream:remoteref) refs/heads/main refs/remotes/main [2ms]
2024-02-12 16:04:08.595 [info] > git status -z -uall [116ms]
2024-02-12 16:04:13.685 [info] > git config --get commit.template [9ms]
2024-02-12 16:04:13.685 [info] > git for-each-ref --format=%(refname)%00%(upstream:short)%00%(objectname)%00%(upstream:track)%00%(upstream:remotename)%00%(upstream:remoteref) refs/heads/main refs/remotes/main [2ms]
2024-02-12 16:04:13.804 [info] > git status -z -uall [111ms]
2024-02-12 16:04:18.222 [info] > git check-ignore -v -z --stdin [2ms]
2024-02-12 16:04:18.892 [info] > git config --get commit.template [9ms]
2024-02-12 16:04:18.893 [info] > git for-each-ref --format=%(refname)%00%(upstream:short)%00%(objectname)%00%(upstream:track)%00%(upstream:remotename)%00%(upstream:remoteref) refs/heads/main refs/remotes/main [1ms]
2024-02-12 16:04:19.023 [info] > git status -z -uall [122ms]
2024-02-12 16:04:22.320 [info] > git check-ignore -v -z --stdin [1ms]
2024-02-12 16:04:24.134 [info] > git config --get commit.template [9ms]
2024-02-12 16:04:24.134 [info] > git for-each-ref --format=%(refname)%00%(upstream:short)%00%(objectname)%00%(upstream:track)%00%(upstream:remotename)%00%(upstream:remoteref) refs/heads/main refs/remotes/main [2ms]
2024-02-12 16:04:24.261 [info] > git status -z -uall [119ms]
2024-02-12 16:04:29.353 [info] > git config --get commit.template [9ms]
2024-02-12 16:04:29.354 [info] > git for-each-ref --format=%(refname)%00%(upstream:short)%00%(objectname)%00%(upstream:track)%00%(upstream:remotename)%00%(upstream:remoteref) refs/heads/main refs/remotes/main [2ms]
2024-02-12 16:04:29.486 [info] > git status -z -uall [122ms]
2024-02-12 16:04:34.580 [info] > git config --get commit.template [10ms]
2024-02-12 16:04:34.581 [info] > git for-each-ref --format=%(refname)%00%(upstream:short)%00%(objectname)%00%(upstream:track)%00%(upstream:remotename)%00%(upstream:remoteref) refs/heads/main refs/remotes/main [2ms]
2024-02-12 16:04:34.725 [info] > git status -z -uall [136ms]
2024-02-12 16:04:39.828 [info] > git config --get commit.template [11ms]
2024-02-12 16:04:39.828 [info] > git for-each-ref --format=%(refname)%00%(upstream:short)%00%(objectname)%00%(upstream:track)%00%(upstream:remotename)%00%(upstream:remoteref) refs/heads/main refs/remotes/main [2ms]
2024-02-12 16:04:39.959 [info] > git status -z -uall [118ms]
2024-02-12 16:04:44.800 [info] > git show --textconv :blogger/app.js [21ms]
2024-02-12 16:04:44.809 [info] > git ls-files --stage -- /home/bitnami/blogger/app.js [11ms]
2024-02-12 16:04:44.819 [info] > git cat-file -s c7a42c8179ac125c75e19f49b94c6d0b712f454b [2ms]
2024-02-12 16:04:45.072 [info] > git config --get commit.template [10ms]
2024-02-12 16:04:45.073 [info] > git for-each-ref --format=%(refname)%00%(upstream:short)%00%(objectname)%00%(upstream:track)%00%(upstream:remotename)%00%(upstream:remoteref) refs/heads/main refs/remotes/main [2ms]
2024-02-12 16:04:45.208 [info] > git status -z -uall [127ms]
2024-02-12 16:04:50.337 [info] > git config --get commit.template [16ms]
2024-02-12 16:04:50.341 [info] > git for-each-ref --format=%(refname)%00%(upstream:short)%00%(objectname)%00%(upstream:track)%00%(upstream:remotename)%00%(upstream:remoteref) refs/heads/main refs/remotes/main [4ms]
2024-02-12 16:04:50.514 [info] > git status -z -uall [160ms]
2024-02-12 16:05:19.495 [info] > git config --get commit.template [7ms]
2024-02-12 16:05:19.513 [info] > git for-each-ref --format=%(refname)%00%(upstream:short)%00%(objectname)%00%(upstream:track)%00%(upstream:remotename)%00%(upstream:remoteref) refs/heads/main refs/remotes/main [4ms]
2024-02-12 16:05:19.669 [info] > git status -z -uall [145ms]
2024-02-12 16:05:20.279 [info] > git check-ignore -v -z --stdin [12ms]
2024-02-12 16:05:22.315 [info] > git check-ignore -v -z --stdin [9ms]
2024-02-12 16:05:22.828 [info] > git check-ignore -v -z --stdin [9ms]
2024-02-12 16:05:23.755 [info] > git check-ignore -v -z --stdin [7ms]
2024-02-12 16:05:24.605 [info] > git check-ignore -v -z --stdin [7ms]
2024-02-12 16:05:24.771 [info] > git config --get commit.template [2ms]
2024-02-12 16:05:24.786 [info] > git for-each-ref --format=%(refname)%00%(upstream:short)%00%(objectname)%00%(upstream:track)%00%(upstream:remotename)%00%(upstream:remoteref) refs/heads/main refs/remotes/main [1ms]
2024-02-12 16:05:24.909 [info] > git status -z -uall [115ms]
2024-02-12 16:05:29.998 [info] > git config --get commit.template [13ms]
2024-02-12 16:05:30.004 [info] > git for-each-ref --format=%(refname)%00%(upstream:short)%00%(objectname)%00%(upstream:track)%00%(upstream:remotename)%00%(upstream:remoteref) refs/heads/main refs/remotes/main [7ms]
2024-02-12 16:05:30.141 [info] > git status -z -uall [122ms]
2024-02-12 16:05:30.691 [info] > git check-ignore -v -z --stdin [142ms]
2024-02-12 16:05:35.222 [info] > git config --get commit.template [9ms]
2024-02-12 16:05:35.223 [info] > git for-each-ref --format=%(refname)%00%(upstream:short)%00%(objectname)%00%(upstream:track)%00%(upstream:remotename)%00%(upstream:remoteref) refs/heads/main refs/remotes/main [2ms]
2024-02-12 16:05:35.349 [info] > git status -z -uall [118ms]
2024-02-12 16:05:38.578 [info] > git check-ignore -v -z --stdin [1ms]
2024-02-12 16:05:39.620 [info] > git check-ignore -v -z --stdin [2ms]
2024-02-12 16:05:40.444 [info] > git config --get commit.template [10ms]
2024-02-12 16:05:40.445 [info] > git for-each-ref --format=%(refname)%00%(upstream:short)%00%(objectname)%00%(upstream:track)%00%(upstream:remotename)%00%(upstream:remoteref) refs/heads/main refs/remotes/main [2ms]
2024-02-12 16:05:40.590 [info] > git status -z -uall [137ms]
2024-02-12 16:05:41.066 [info] > git check-ignore -v -z --stdin [15ms]
2024-02-12 16:05:41.588 [info] > git check-ignore -v -z --stdin [1ms]
2024-02-12 16:05:42.780 [info] > git check-ignore -v -z --stdin [1ms]
2024-02-12 16:05:44.147 [info] > git check-ignore -v -z --stdin [1ms]
2024-02-12 16:05:45.769 [info] > git config --get commit.template [15ms]
2024-02-12 16:05:45.771 [info] > git for-each-ref --format=%(refname)%00%(upstream:short)%00%(objectname)%00%(upstream:track)%00%(upstream:remotename)%00%(upstream:remoteref) refs/heads/main refs/remotes/main [3ms]
2024-02-12 16:05:45.904 [info] > git status -z -uall [124ms]
2024-02-12 16:05:46.369 [info] > git check-ignore -v -z --stdin [3ms]
2024-02-12 16:05:46.895 [info] > git check-ignore -v -z --stdin [1ms]
2024-02-12 16:05:47.949 [info] > git check-ignore -v -z --stdin [2ms]
2024-02-12 16:05:51.009 [info] > git config --get commit.template [10ms]
2024-02-12 16:05:51.010 [info] > git for-each-ref --format=%(refname)%00%(upstream:short)%00%(objectname)%00%(upstream:track)%00%(upstream:remotename)%00%(upstream:remoteref) refs/heads/main refs/remotes/main [2ms]
2024-02-12 16:05:51.132 [info] > git status -z -uall [115ms]
2024-02-12 16:05:56.225 [info] > git config --get commit.template [11ms]
2024-02-12 16:05:56.226 [info] > git for-each-ref --format=%(refname)%00%(upstream:short)%00%(objectname)%00%(upstream:track)%00%(upstream:remotename)%00%(upstream:remoteref) refs/heads/main refs/remotes/main [3ms]
2024-02-12 16:05:56.366 [info] > git status -z -uall [131ms]
2024-02-12 16:06:01.492 [info] > git config --get commit.template [24ms]
2024-02-12 16:06:01.495 [info] > git for-each-ref --format=%(refname)%00%(upstream:short)%00%(objectname)%00%(upstream:track)%00%(upstream:remotename)%00%(upstream:remoteref) refs/heads/main refs/remotes/main [4ms]
2024-02-12 16:06:01.916 [info] > git status -z -uall [389ms]
2024-02-12 16:06:05.803 [info] > git check-ignore -v -z --stdin [8ms]
2024-02-12 16:06:07.175 [info] > git config --get commit.template [10ms]
2024-02-12 16:06:07.176 [info] > git for-each-ref --format=%(refname)%00%(upstream:short)%00%(objectname)%00%(upstream:track)%00%(upstream:remotename)%00%(upstream:remoteref) refs/heads/main refs/remotes/main [2ms]
2024-02-12 16:06:07.294 [info] > git status -z -uall [110ms]
2024-02-12 16:06:12.136 [info] > git check-ignore -v -z --stdin [10ms]
2024-02-12 16:06:12.385 [info] > git config --get commit.template [11ms]
2024-02-12 16:06:12.386 [info] > git for-each-ref --format=%(refname)%00%(upstream:short)%00%(objectname)%00%(upstream:track)%00%(upstream:remotename)%00%(upstream:remoteref) refs/heads/main refs/remotes/main [2ms]
2024-02-12 16:06:12.544 [info] > git status -z -uall [145ms]
2024-02-12 16:06:13.148 [info] > git check-ignore -v -z --stdin [13ms]
2024-02-12 16:06:16.205 [info] > git show --textconv :blogger/node_modules/bootstrap/js/dist/alert.js [37ms]
2024-02-12 16:06:16.212 [info] > git ls-files --stage -- /home/bitnami/blogger/node_modules/bootstrap/js/dist/alert.js [23ms]
2024-02-12 16:06:16.231 [info] > git cat-file -s 5774fe917981ce642ef9297189e69724967d4f54 [5ms]
2024-02-12 16:06:17.642 [info] > git config --get commit.template [9ms]
2024-02-12 16:06:17.643 [info] > git for-each-ref --format=%(refname)%00%(upstream:short)%00%(objectname)%00%(upstream:track)%00%(upstream:remotename)%00%(upstream:remoteref) refs/heads/main refs/remotes/main [2ms]
2024-02-12 16:06:17.772 [info] > git status -z -uall [120ms]
2024-02-12 16:06:19.518 [info] > git show --textconv :blogger/app.js [11ms]
2024-02-12 16:06:19.523 [info] > git ls-files --stage -- /home/bitnami/blogger/app.js [5ms]
2024-02-12 16:06:19.535 [info] > git cat-file -s c7a42c8179ac125c75e19f49b94c6d0b712f454b [2ms]
2024-02-12 16:06:26.733 [info] > git for-each-ref --format=%(refname)%00%(upstream:short)%00%(objectname)%00%(upstream:track)%00%(upstream:remotename)%00%(upstream:remoteref) refs/heads/main refs/remotes/main [0ms]
2024-02-12 16:06:26.733 [info] > git config --get commit.template [12ms]
2024-02-12 16:06:26.856 [info] > git status -z -uall [111ms]
2024-02-12 16:06:31.729 [info] > git check-ignore -v -z --stdin [11ms]
2024-02-12 16:06:31.951 [info] > git config --get commit.template [10ms]
2024-02-12 16:06:31.952 [info] > git for-each-ref --format=%(refname)%00%(upstream:short)%00%(objectname)%00%(upstream:track)%00%(upstream:remotename)%00%(upstream:remoteref) refs/heads/main refs/remotes/main [2ms]
2024-02-12 16:06:32.085 [info] > git status -z -uall [121ms]
2024-02-12 16:06:33.052 [info] > git check-ignore -v -z --stdin [9ms]
2024-02-12 16:06:37.184 [info] > git config --get commit.template [9ms]
2024-02-12 16:06:37.185 [info] > git for-each-ref --format=%(refname)%00%(upstream:short)%00%(objectname)%00%(upstream:track)%00%(upstream:remotename)%00%(upstream:remoteref) refs/heads/main refs/remotes/main [7ms]
2024-02-12 16:06:37.310 [info] > git status -z -uall [115ms]
2024-02-12 16:06:42.406 [info] > git config --get commit.template [9ms]
2024-02-12 16:06:42.406 [info] > git for-each-ref --format=%(refname)%00%(upstream:short)%00%(objectname)%00%(upstream:track)%00%(upstream:remotename)%00%(upstream:remoteref) refs/heads/main refs/remotes/main [2ms]
2024-02-12 16:06:42.533 [info] > git status -z -uall [119ms]
2024-02-12 16:06:47.622 [info] > git config --get commit.template [11ms]
2024-02-12 16:06:47.622 [info] > git for-each-ref --format=%(refname)%00%(upstream:short)%00%(objectname)%00%(upstream:track)%00%(upstream:remotename)%00%(upstream:remoteref) refs/heads/main refs/remotes/main [2ms]
2024-02-12 16:06:47.766 [info] > git status -z -uall [131ms]
2024-02-12 16:06:52.867 [info] > git config --get commit.template [9ms]
2024-02-12 16:06:52.868 [info] > git for-each-ref --format=%(refname)%00%(upstream:short)%00%(objectname)%00%(upstream:track)%00%(upstream:remotename)%00%(upstream:remoteref) refs/heads/main refs/remotes/main [2ms]
2024-02-12 16:06:52.992 [info] > git status -z -uall [116ms]
2024-02-12 16:06:58.095 [info] > git config --get commit.template [12ms]
2024-02-12 16:06:58.095 [info] > git for-each-ref --format=%(refname)%00%(upstream:short)%00%(objectname)%00%(upstream:track)%00%(upstream:remotename)%00%(upstream:remoteref) refs/heads/main refs/remotes/main [1ms]
2024-02-12 16:06:58.225 [info] > git status -z -uall [123ms]
2024-02-12 16:07:02.329 [info] > git show --textconv :blogger/node_modules/boostrap/package.json [58ms]
2024-02-12 16:07:02.330 [info] > git ls-files --stage -- /home/bitnami/blogger/node_modules/boostrap/package.json [27ms]
2024-02-12 16:07:02.383 [info] > git cat-file -s 0e086a357bb823dcf5f6df268c70838d8e3a0543 [33ms]
2024-02-12 16:07:03.477 [info] > git config --get commit.template [85ms]
2024-02-12 16:07:03.608 [info] > git for-each-ref --format=%(refname)%00%(upstream:short)%00%(objectname)%00%(upstream:track)%00%(upstream:remotename)%00%(upstream:remoteref) refs/heads/main refs/remotes/main [78ms]
2024-02-12 16:07:03.776 [info] > git status -z -uall [155ms]
2024-02-12 16:07:08.895 [info] > git config --get commit.template [12ms]
2024-02-12 16:07:08.896 [info] > git for-each-ref --format=%(refname)%00%(upstream:short)%00%(objectname)%00%(upstream:track)%00%(upstream:remotename)%00%(upstream:remoteref) refs/heads/main refs/remotes/main [2ms]
2024-02-12 16:07:09.019 [info] > git status -z -uall [116ms]
2024-02-12 16:07:14.120 [info] > git config --get commit.template [4ms]
2024-02-12 16:07:14.132 [info] > git for-each-ref --format=%(refname)%00%(upstream:short)%00%(objectname)%00%(upstream:track)%00%(upstream:remotename)%00%(upstream:remoteref) refs/heads/main refs/remotes/main [2ms]
2024-02-12 16:07:14.216 [info] > git show --textconv :blogger/app.js [21ms]
2024-02-12 16:07:14.230 [info] > git ls-files --stage -- /home/bitnami/blogger/app.js [15ms]
2024-02-12 16:07:14.249 [info] > git cat-file -s c7a42c8179ac125c75e19f49b94c6d0b712f454b [5ms]
2024-02-12 16:07:14.297 [info] > git status -z -uall [151ms]
2024-02-12 16:07:19.402 [info] > git config --get commit.template [11ms]
2024-02-12 16:07:19.402 [info] > git for-each-ref --format=%(refname)%00%(upstream:short)%00%(objectname)%00%(upstream:track)%00%(upstream:remotename)%00%(upstream:remoteref) refs/heads/main refs/remotes/main [2ms]
2024-02-12 16:07:19.551 [info] > git status -z -uall [139ms]
2024-02-12 16:07:24.635 [info] > git config --get commit.template [0ms]
2024-02-12 16:07:24.646 [info] > git for-each-ref --format=%(refname)%00%(upstream:short)%00%(objectname)%00%(upstream:track)%00%(upstream:remotename)%00%(upstream:remoteref) refs/heads/main refs/remotes/main [2ms]
2024-02-12 16:07:24.786 [info] > git status -z -uall [132ms]
2024-02-12 16:07:29.645 [info] > git check-ignore -v -z --stdin [9ms]
2024-02-12 16:07:29.897 [info] > git config --get commit.template [9ms]
2024-02-12 16:07:29.897 [info] > git for-each-ref --format=%(refname)%00%(upstream:short)%00%(objectname)%00%(upstream:track)%00%(upstream:remotename)%00%(upstream:remoteref) refs/heads/main refs/remotes/main [2ms]
2024-02-12 16:07:30.027 [info] > git status -z -uall [122ms]
2024-02-12 16:07:31.076 [info] > git check-ignore -v -z --stdin [7ms]
2024-02-12 16:07:31.886 [info] > git check-ignore -v -z --stdin [9ms]
2024-02-12 16:07:35.124 [info] > git config --get commit.template [10ms]
2024-02-12 16:07:35.125 [info] > git for-each-ref --format=%(refname)%00%(upstream:short)%00%(objectname)%00%(upstream:track)%00%(upstream:remotename)%00%(upstream:remoteref) refs/heads/main refs/remotes/main [2ms]
2024-02-12 16:07:35.255 [info] > git status -z -uall [118ms]
2024-02-12 16:07:39.414 [info] > git check-ignore -v -z --stdin [6ms]
2024-02-12 16:07:40.353 [info] > git config --get commit.template [11ms]
2024-02-12 16:07:40.354 [info] > git for-each-ref --format=%(refname)%00%(upstream:short)%00%(objectname)%00%(upstream:track)%00%(upstream:remotename)%00%(upstream:remoteref) refs/heads/main refs/remotes/main [2ms]
2024-02-12 16:07:40.485 [info] > git status -z -uall [122ms]
2024-02-12 16:07:45.596 [info] > git config --get commit.template [9ms]
2024-02-12 16:07:45.597 [info] > git for-each-ref --format=%(refname)%00%(upstream:short)%00%(objectname)%00%(upstream:track)%00%(upstream:remotename)%00%(upstream:remoteref) refs/heads/main refs/remotes/main [2ms]
2024-02-12 16:07:45.724 [info] > git status -z -uall [116ms]
2024-02-12 16:07:50.821 [info] > git config --get commit.template [12ms]
2024-02-12 16:07:50.822 [info] > git for-each-ref --format=%(refname)%00%(upstream:short)%00%(objectname)%00%(upstream:track)%00%(upstream:remotename)%00%(upstream:remoteref) refs/heads/main refs/remotes/main [1ms]
2024-02-12 16:07:50.966 [info] > git status -z -uall [129ms]
2024-02-12 16:07:56.131 [info] > git config --get commit.template [12ms]
2024-02-12 16:07:56.131 [info] > git for-each-ref --format=%(refname)%00%(upstream:short)%00%(objectname)%00%(upstream:track)%00%(upstream:remotename)%00%(upstream:remoteref) refs/heads/main refs/remotes/main [2ms]
2024-02-12 16:07:56.259 [info] > git status -z -uall [119ms]
2024-02-12 16:08:01.372 [info] > git config --get commit.template [10ms]
2024-02-12 16:08:01.375 [info] > git for-each-ref --format=%(refname)%00%(upstream:short)%00%(objectname)%00%(upstream:track)%00%(upstream:remotename)%00%(upstream:remoteref) refs/heads/main refs/remotes/main [4ms]
2024-02-12 16:08:01.564 [info] > git status -z -uall [166ms]
2024-02-12 16:08:06.713 [info] > git config --get commit.template [13ms]
2024-02-12 16:08:06.714 [info] > git for-each-ref --format=%(refname)%00%(upstream:short)%00%(objectname)%00%(upstream:track)%00%(upstream:remotename)%00%(upstream:remoteref) refs/heads/main refs/remotes/main [2ms]
2024-02-12 16:08:06.849 [info] > git status -z -uall [124ms]
2024-02-12 16:08:10.894 [info] > git check-ignore -v -z --stdin [9ms]
2024-02-12 16:08:11.941 [info] > git config --get commit.template [10ms]
2024-02-12 16:08:11.942 [info] > git for-each-ref --format=%(refname)%00%(upstream:short)%00%(objectname)%00%(upstream:track)%00%(upstream:remotename)%00%(upstream:remoteref) refs/heads/main refs/remotes/main [2ms]
2024-02-12 16:08:12.076 [info] > git status -z -uall [126ms]
2024-02-12 16:08:13.082 [info] > git check-ignore -v -z --stdin [9ms]
2024-02-12 16:08:17.228 [info] > git config --get commit.template [9ms]
2024-02-12 16:08:17.228 [info] > git for-each-ref --format=%(refname)%00%(upstream:short)%00%(objectname)%00%(upstream:track)%00%(upstream:remotename)%00%(upstream:remoteref) refs/heads/main refs/remotes/main [2ms]
2024-02-12 16:08:17.357 [info] > git status -z -uall [117ms]
2024-02-12 16:08:22.471 [info] > git config --get commit.template [12ms]
2024-02-12 16:08:22.474 [info] > git for-each-ref --format=%(refname)%00%(upstream:short)%00%(objectname)%00%(upstream:track)%00%(upstream:remotename)%00%(upstream:remoteref) refs/heads/main refs/remotes/main [13ms]
2024-02-12 16:08:22.631 [info] > git status -z -uall [133ms]
2024-02-12 16:08:25.811 [info] > git check-ignore -v -z --stdin [6ms]
2024-02-12 16:08:27.738 [info] > git config --get commit.template [10ms]
2024-02-12 16:08:27.738 [info] > git for-each-ref --format=%(refname)%00%(upstream:short)%00%(objectname)%00%(upstream:track)%00%(upstream:remotename)%00%(upstream:remoteref) refs/heads/main refs/remotes/main [2ms]
2024-02-12 16:08:27.865 [info] > git status -z -uall [110ms]
2024-02-12 16:08:32.962 [info] > git config --get commit.template [13ms]
2024-02-12 16:08:32.963 [info] > git for-each-ref --format=%(refname)%00%(upstream:short)%00%(objectname)%00%(upstream:track)%00%(upstream:remotename)%00%(upstream:remoteref) refs/heads/main refs/remotes/main [1ms]
2024-02-12 16:08:33.085 [info] > git status -z -uall [114ms]
2024-02-12 16:08:37.278 [info] > git check-ignore -v -z --stdin [24ms]
2024-02-12 16:08:38.184 [info] > git config --get commit.template [9ms]
2024-02-12 16:08:38.184 [info] > git for-each-ref --format=%(refname)%00%(upstream:short)%00%(objectname)%00%(upstream:track)%00%(upstream:remotename)%00%(upstream:remoteref) refs/heads/main refs/remotes/main [1ms]
2024-02-12 16:08:38.306 [info] > git status -z -uall [113ms]
2024-02-12 16:08:43.464 [info] > git config --get commit.template [26ms]
2024-02-12 16:08:43.487 [info] > git for-each-ref --format=%(refname)%00%(upstream:short)%00%(objectname)%00%(upstream:track)%00%(upstream:remotename)%00%(upstream:remoteref) refs/heads/main refs/remotes/main [23ms]
2024-02-12 16:08:43.700 [info] > git status -z -uall [183ms]
2024-02-12 16:08:47.744 [info] > git show --textconv :blogger/views/partials/nav.pug [30ms]
2024-02-12 16:08:47.750 [info] > git ls-files --stage -- /home/bitnami/blogger/views/partials/nav.pug [7ms]
2024-02-12 16:08:47.785 [info] > git cat-file -s d2b4c46eaaa92a516844aa24953785e780e79b11 [7ms]
2024-02-12 16:08:48.838 [info] > git config --get commit.template [24ms]
2024-02-12 16:08:48.844 [info] > git for-each-ref --format=%(refname)%00%(upstream:short)%00%(objectname)%00%(upstream:track)%00%(upstream:remotename)%00%(upstream:remoteref) refs/heads/main refs/remotes/main [8ms]
2024-02-12 16:08:49.057 [info] > git status -z -uall [194ms]
2024-02-12 16:08:54.176 [info] > git config --get commit.template [1ms]
2024-02-12 16:08:54.188 [info] > git for-each-ref --format=%(refname)%00%(upstream:short)%00%(objectname)%00%(upstream:track)%00%(upstream:remotename)%00%(upstream:remoteref) refs/heads/main refs/remotes/main [2ms]
2024-02-12 16:08:54.310 [info] > git status -z -uall [113ms]
2024-02-12 16:08:59.412 [info] > git config --get commit.template [1ms]
2024-02-12 16:08:59.423 [info] > git for-each-ref --format=%(refname)%00%(upstream:short)%00%(objectname)%00%(upstream:track)%00%(upstream:remotename)%00%(upstream:remoteref) refs/heads/main refs/remotes/main [2ms]
2024-02-12 16:08:59.549 [info] > git status -z -uall [117ms]
2024-02-12 16:09:05.316 [info] > git config --get commit.template [11ms]
2024-02-12 16:09:05.317 [info] > git for-each-ref --format=%(refname)%00%(upstream:short)%00%(objectname)%00%(upstream:track)%00%(upstream:remotename)%00%(upstream:remoteref) refs/heads/main refs/remotes/main [2ms]
2024-02-12 16:09:05.439 [info] > git status -z -uall [113ms]
2024-02-12 16:09:14.629 [info] > git config --get commit.template [1ms]
2024-02-12 16:09:14.639 [info] > git for-each-ref --format=%(refname)%00%(upstream:short)%00%(objectname)%00%(upstream:track)%00%(upstream:remotename)%00%(upstream:remoteref) refs/heads/main refs/remotes/main [2ms]
2024-02-12 16:09:14.778 [info] > git status -z -uall [130ms]
2024-02-12 16:09:17.124 [info] > git check-ignore -v -z --stdin [8ms]
2024-02-12 16:09:19.901 [info] > git config --get commit.template [9ms]
2024-02-12 16:09:19.902 [info] > git for-each-ref --format=%(refname)%00%(upstream:short)%00%(objectname)%00%(upstream:track)%00%(upstream:remotename)%00%(upstream:remoteref) refs/heads/main refs/remotes/main [2ms]
2024-02-12 16:09:20.026 [info] > git status -z -uall [117ms]
2024-02-12 16:09:25.131 [info] > git config --get commit.template [10ms]
2024-02-12 16:09:25.132 [info] > git for-each-ref --format=%(refname)%00%(upstream:short)%00%(objectname)%00%(upstream:track)%00%(upstream:remotename)%00%(upstream:remoteref) refs/heads/main refs/remotes/main [2ms]
2024-02-12 16:09:25.266 [info] > git status -z -uall [127ms]
2024-02-12 16:09:28.247 [info] > git check-ignore -v -z --stdin [1ms]
2024-02-12 16:09:28.878 [info] > git check-ignore -v -z --stdin [2ms]
2024-02-12 16:09:30.367 [info] > git config --get commit.template [11ms]
2024-02-12 16:09:30.368 [info] > git for-each-ref --format=%(refname)%00%(upstream:short)%00%(objectname)%00%(upstream:track)%00%(upstream:remotename)%00%(upstream:remoteref) refs/heads/main refs/remotes/main [2ms]
2024-02-12 16:09:30.491 [info] > git status -z -uall [106ms]
2024-02-12 16:09:35.577 [info] > git config --get commit.template [0ms]
2024-02-12 16:09:35.588 [info] > git for-each-ref --format=%(refname)%00%(upstream:short)%00%(objectname)%00%(upstream:track)%00%(upstream:remotename)%00%(upstream:remoteref) refs/heads/main refs/remotes/main [2ms]
2024-02-12 16:09:35.709 [info] > git status -z -uall [111ms]
2024-02-12 16:09:36.700 [info] > git check-ignore -v -z --stdin [2ms]
2024-02-12 16:09:37.618 [info] > git check-ignore -v -z --stdin [3ms]
2024-02-12 16:09:38.428 [info] > git check-ignore -v -z --stdin [1ms]
2024-02-12 16:09:40.816 [info] > git for-each-ref --format=%(refname)%00%(upstream:short)%00%(objectname)%00%(upstream:track)%00%(upstream:remotename)%00%(upstream:remoteref) refs/heads/main refs/remotes/main [2ms]
2024-02-12 16:09:40.817 [info] > git config --get commit.template [18ms]
2024-02-12 16:09:41.033 [info] > git status -z -uall [194ms]
2024-02-12 16:09:42.063 [info] > git show --textconv :node_modules/bootstrap/dist/js/bootstrap.js [50ms]
2024-02-12 16:09:42.072 [info] > git ls-files --stage -- /home/bitnami/todo/node_modules/bootstrap/dist/js/bootstrap.js [17ms]
2024-02-12 16:09:46.315 [info] > git config --get commit.template [11ms]
2024-02-12 16:09:46.316 [info] > git for-each-ref --format=%(refname)%00%(upstream:short)%00%(objectname)%00%(upstream:track)%00%(upstream:remotename)%00%(upstream:remoteref) refs/heads/main refs/remotes/main [2ms]
2024-02-12 16:09:46.435 [info] > git status -z -uall [110ms]
2024-02-12 16:09:51.557 [info] > git config --get commit.template [12ms]
2024-02-12 16:09:51.558 [info] > git for-each-ref --format=%(refname)%00%(upstream:short)%00%(objectname)%00%(upstream:track)%00%(upstream:remotename)%00%(upstream:remoteref) refs/heads/main refs/remotes/main [2ms]
2024-02-12 16:09:51.678 [info] > git status -z -uall [111ms]
2024-02-12 16:10:01.320 [info] > git config --get commit.template [3ms]
2024-02-12 16:10:01.340 [info] > git for-each-ref --format=%(refname)%00%(upstream:short)%00%(objectname)%00%(upstream:track)%00%(upstream:remotename)%00%(upstream:remoteref) refs/heads/main refs/remotes/main [2ms]
2024-02-12 16:10:01.553 [info] > git status -z -uall [197ms]
2024-02-12 16:10:06.757 [info] > git config --get commit.template [12ms]
2024-02-12 16:10:06.757 [info] > git for-each-ref --format=%(refname)%00%(upstream:short)%00%(objectname)%00%(upstream:track)%00%(upstream:remotename)%00%(upstream:remoteref) refs/heads/main refs/remotes/main [2ms]
2024-02-12 16:10:06.888 [info] > git status -z -uall [122ms]
2024-02-12 16:10:08.203 [info] > git show --textconv :blogger/views/partials/nav.pug [13ms]
2024-02-12 16:10:08.210 [info] > git ls-files --stage -- /home/bitnami/blogger/views/partials/nav.pug [9ms]
2024-02-12 16:10:08.225 [info] > git cat-file -s d2b4c46eaaa92a516844aa24953785e780e79b11 [3ms]
2024-02-12 16:10:08.976 [info] > git show --textconv :blogger/app.js [13ms]
2024-02-12 16:10:08.984 [info] > git ls-files --stage -- /home/bitnami/blogger/app.js [10ms]
2024-02-12 16:10:08.995 [info] > git cat-file -s c7a42c8179ac125c75e19f49b94c6d0b712f454b [2ms]
2024-02-12 16:10:11.186 [info] > git show --textconv :views/partials/nav.ejs [18ms]
2024-02-12 16:10:11.190 [info] > git ls-files --stage -- /home/bitnami/todo/views/partials/nav.ejs [5ms]
2024-02-12 16:10:11.206 [info] > git cat-file -s 5a4555cff60bd8000a97b0ee363dbf00090b0de6 [3ms]
2024-02-12 16:10:11.610 [info] > git check-ignore -v -z --stdin [1ms]
2024-02-12 16:10:11.998 [info] > git config --get commit.template [15ms]
2024-02-12 16:10:11.999 [info] > git for-each-ref --format=%(refname)%00%(upstream:short)%00%(objectname)%00%(upstream:track)%00%(upstream:remotename)%00%(upstream:remoteref) refs/heads/main refs/remotes/main [1ms]
2024-02-12 16:10:12.125 [info] > git status -z -uall [117ms]
2024-02-12 16:10:16.191 [info] > git show --textconv :blogger/app.js [12ms]
2024-02-12 16:10:16.198 [info] > git ls-files --stage -- /home/bitnami/blogger/app.js [8ms]
2024-02-12 16:10:16.208 [info] > git cat-file -s c7a42c8179ac125c75e19f49b94c6d0b712f454b [1ms]
2024-02-12 16:10:17.279 [info] > git config --get commit.template [12ms]
2024-02-12 16:10:17.280 [info] > git for-each-ref --format=%(refname)%00%(upstream:short)%00%(objectname)%00%(upstream:track)%00%(upstream:remotename)%00%(upstream:remoteref) refs/heads/main refs/remotes/main [1ms]
2024-02-12 16:10:17.431 [info] > git status -z -uall [142ms]
2024-02-12 16:11:14.776 [info] > git config --get commit.template [13ms]
2024-02-12 16:11:14.777 [info] > git for-each-ref --format=%(refname)%00%(upstream:short)%00%(objectname)%00%(upstream:track)%00%(upstream:remotename)%00%(upstream:remoteref) refs/heads/main refs/remotes/main [2ms]
2024-02-12 16:11:14.910 [info] > git status -z -uall [123ms]
2024-02-12 16:11:20.040 [info] > git config --get commit.template [1ms]
2024-02-12 16:11:20.050 [info] > git for-each-ref --format=%(refname)%00%(upstream:short)%00%(objectname)%00%(upstream:track)%00%(upstream:remotename)%00%(upstream:remoteref) refs/heads/main refs/remotes/main [2ms]
2024-02-12 16:11:20.173 [info] > git status -z -uall [115ms]
2024-02-12 16:11:25.273 [info] > git config --get commit.template [10ms]
2024-02-12 16:11:25.273 [info] > git for-each-ref --format=%(refname)%00%(upstream:short)%00%(objectname)%00%(upstream:track)%00%(upstream:remotename)%00%(upstream:remoteref) refs/heads/main refs/remotes/main [1ms]
2024-02-12 16:11:25.431 [info] > git status -z -uall [138ms]
2024-02-12 16:11:30.555 [info] > git config --get commit.template [11ms]
2024-02-12 16:11:30.556 [info] > git for-each-ref --format=%(refname)%00%(upstream:short)%00%(objectname)%00%(upstream:track)%00%(upstream:remotename)%00%(upstream:remoteref) refs/heads/main refs/remotes/main [2ms]
2024-02-12 16:11:30.697 [info] > git status -z -uall [131ms]
2024-02-12 16:11:35.797 [info] > git config --get commit.template [11ms]
2024-02-12 16:11:35.798 [info] > git for-each-ref --format=%(refname)%00%(upstream:short)%00%(objectname)%00%(upstream:track)%00%(upstream:remotename)%00%(upstream:remoteref) refs/heads/main refs/remotes/main [2ms]
2024-02-12 16:11:35.933 [info] > git status -z -uall [128ms]
2024-02-12 16:11:41.083 [info] > git config --get commit.template [29ms]
2024-02-12 16:11:41.086 [info] > git for-each-ref --format=%(refname)%00%(upstream:short)%00%(objectname)%00%(upstream:track)%00%(upstream:remotename)%00%(upstream:remoteref) refs/heads/main refs/remotes/main [9ms]
2024-02-12 16:11:41.270 [info] > git status -z -uall [172ms]
2024-02-12 16:12:57.433 [info] > git config --get commit.template [9ms]
2024-02-12 16:12:57.434 [info] > git for-each-ref --format=%(refname)%00%(upstream:short)%00%(objectname)%00%(upstream:track)%00%(upstream:remotename)%00%(upstream:remoteref) refs/heads/main refs/remotes/main [2ms]
2024-02-12 16:12:57.619 [info] > git status -z -uall [170ms]
2024-02-12 16:12:57.619 [info] > git show --textconv :blogger/views/partials/nav.pug [18ms]
2024-02-12 16:12:57.738 [info] > git ls-files --stage -- /home/bitnami/blogger/views/partials/nav.pug [126ms]
2024-02-12 16:12:58.180 [info] > git cat-file -s d2b4c46eaaa92a516844aa24953785e780e79b11 [431ms]
2024-02-12 16:14:16.649 [info] > git config --get commit.template [20ms]
2024-02-12 16:14:16.650 [info] > git for-each-ref --format=%(refname)%00%(upstream:short)%00%(objectname)%00%(upstream:track)%00%(upstream:remotename)%00%(upstream:remoteref) refs/heads/main refs/remotes/main [2ms]
2024-02-12 16:14:16.772 [info] > git status -z -uall [113ms]
2024-02-12 16:14:45.715 [info] > git config --get commit.template [9ms]
2024-02-12 16:14:45.716 [info] > git for-each-ref --format=%(refname)%00%(upstream:short)%00%(objectname)%00%(upstream:track)%00%(upstream:remotename)%00%(upstream:remoteref) refs/heads/main refs/remotes/main [2ms]
2024-02-12 16:14:45.870 [info] > git status -z -uall [145ms]
2024-02-12 16:14:50.996 [info] > git config --get commit.template [3ms]
2024-02-12 16:14:51.010 [info] > git for-each-ref --format=%(refname)%00%(upstream:short)%00%(objectname)%00%(upstream:track)%00%(upstream:remotename)%00%(upstream:remoteref) refs/heads/main refs/remotes/main [2ms]
2024-02-12 16:14:51.148 [info] > git status -z -uall [127ms]
2024-02-12 16:14:56.250 [info] > git config --get commit.template [10ms]
2024-02-12 16:14:56.251 [info] > git for-each-ref --format=%(refname)%00%(upstream:short)%00%(objectname)%00%(upstream:track)%00%(upstream:remotename)%00%(upstream:remoteref) refs/heads/main refs/remotes/main [2ms]
2024-02-12 16:14:56.377 [info] > git status -z -uall [117ms]
2024-02-12 16:15:01.489 [info] > git config --get commit.template [17ms]
2024-02-12 16:15:01.492 [info] > git for-each-ref --format=%(refname)%00%(upstream:short)%00%(objectname)%00%(upstream:track)%00%(upstream:remotename)%00%(upstream:remoteref) refs/heads/main refs/remotes/main [3ms]
2024-02-12 16:15:01.686 [info] > git status -z -uall [183ms]
2024-02-12 16:15:06.867 [info] > git config --get commit.template [10ms]
2024-02-12 16:15:06.867 [info] > git for-each-ref --format=%(refname)%00%(upstream:short)%00%(objectname)%00%(upstream:track)%00%(upstream:remotename)%00%(upstream:remoteref) refs/heads/main refs/remotes/main [1ms]
2024-02-12 16:15:06.982 [info] > git status -z -uall [107ms]
2024-02-12 16:15:12.091 [info] > git config --get commit.template [10ms]
2024-02-12 16:15:12.092 [info] > git for-each-ref --format=%(refname)%00%(upstream:short)%00%(objectname)%00%(upstream:track)%00%(upstream:remotename)%00%(upstream:remoteref) refs/heads/main refs/remotes/main [2ms]
2024-02-12 16:15:12.225 [info] > git status -z -uall [125ms]
2024-02-12 16:15:17.328 [info] > git config --get commit.template [11ms]
2024-02-12 16:15:17.329 [info] > git for-each-ref --format=%(refname)%00%(upstream:short)%00%(objectname)%00%(upstream:track)%00%(upstream:remotename)%00%(upstream:remoteref) refs/heads/main refs/remotes/main [2ms]
2024-02-12 16:15:17.463 [info] > git status -z -uall [125ms]
2024-02-12 16:15:22.547 [info] > git config --get commit.template [2ms]
2024-02-12 16:15:22.558 [info] > git for-each-ref --format=%(refname)%00%(upstream:short)%00%(objectname)%00%(upstream:track)%00%(upstream:remotename)%00%(upstream:remoteref) refs/heads/main refs/remotes/main [1ms]
2024-02-12 16:15:22.705 [info] > git status -z -uall [137ms]
2024-02-12 16:15:27.846 [info] > git config --get commit.template [27ms]
2024-02-12 16:15:27.847 [info] > git for-each-ref --format=%(refname)%00%(upstream:short)%00%(objectname)%00%(upstream:track)%00%(upstream:remotename)%00%(upstream:remoteref) refs/heads/main refs/remotes/main [3ms]
2024-02-12 16:15:27.984 [info] > git status -z -uall [124ms]
2024-02-12 16:15:33.118 [info] > git config --get commit.template [11ms]
2024-02-12 16:15:33.119 [info] > git for-each-ref --format=%(refname)%00%(upstream:short)%00%(objectname)%00%(upstream:track)%00%(upstream:remotename)%00%(upstream:remoteref) refs/heads/main refs/remotes/main [3ms]
2024-02-12 16:15:33.259 [info] > git status -z -uall [127ms]
2024-02-12 16:15:38.354 [info] > git config --get commit.template [12ms]
2024-02-12 16:15:38.356 [info] > git for-each-ref --format=%(refname)%00%(upstream:short)%00%(objectname)%00%(upstream:track)%00%(upstream:remotename)%00%(upstream:remoteref) refs/heads/main refs/remotes/main [3ms]
2024-02-12 16:15:38.484 [info] > git status -z -uall [116ms]
2024-02-12 16:15:43.576 [info] > git config --get commit.template [10ms]
2024-02-12 16:15:43.576 [info] > git for-each-ref --format=%(refname)%00%(upstream:short)%00%(objectname)%00%(upstream:track)%00%(upstream:remotename)%00%(upstream:remoteref) refs/heads/main refs/remotes/main [3ms]
2024-02-12 16:15:43.703 [info] > git status -z -uall [115ms]
2024-02-12 16:16:12.667 [info] > git config --get commit.template [9ms]
2024-02-12 16:16:12.668 [info] > git for-each-ref --format=%(refname)%00%(upstream:short)%00%(objectname)%00%(upstream:track)%00%(upstream:remotename)%00%(upstream:remoteref) refs/heads/main refs/remotes/main [2ms]
2024-02-12 16:16:12.819 [info] > git status -z -uall [143ms]
2024-02-12 16:16:16.991 [info] > git check-ignore -v -z --stdin [9ms]
2024-02-12 16:16:17.953 [info] > git for-each-ref --format=%(refname)%00%(upstream:short)%00%(objectname)%00%(upstream:track)%00%(upstream:remotename)%00%(upstream:remoteref) refs/heads/main refs/remotes/main [11ms]
2024-02-12 16:16:17.955 [info] > git config --get commit.template [31ms]
2024-02-12 16:16:18.108 [info] > git status -z -uall [130ms]
2024-02-12 16:17:19.275 [info] > git config --get commit.template [1ms]
2024-02-12 16:17:19.296 [info] > git for-each-ref --format=%(refname)%00%(upstream:short)%00%(objectname)%00%(upstream:track)%00%(upstream:remotename)%00%(upstream:remoteref) refs/heads/main refs/remotes/main [2ms]
2024-02-12 16:17:19.445 [info] > git status -z -uall [140ms]
2024-02-12 16:17:24.573 [info] > git config --get commit.template [11ms]
2024-02-12 16:17:24.574 [info] > git for-each-ref --format=%(refname)%00%(upstream:short)%00%(objectname)%00%(upstream:track)%00%(upstream:remotename)%00%(upstream:remoteref) refs/heads/main refs/remotes/main [2ms]
2024-02-12 16:17:24.691 [info] > git status -z -uall [109ms]
2024-02-12 16:17:30.267 [info] > git config --get commit.template [9ms]
2024-02-12 16:17:30.268 [info] > git for-each-ref --format=%(refname)%00%(upstream:short)%00%(objectname)%00%(upstream:track)%00%(upstream:remotename)%00%(upstream:remoteref) refs/heads/main refs/remotes/main [2ms]
2024-02-12 16:17:30.390 [info] > git status -z -uall [114ms]
2024-02-12 16:17:37.347 [info] > git config --get commit.template [9ms]
2024-02-12 16:17:37.347 [info] > git for-each-ref --format=%(refname)%00%(upstream:short)%00%(objectname)%00%(upstream:track)%00%(upstream:remotename)%00%(upstream:remoteref) refs/heads/main refs/remotes/main [1ms]
2024-02-12 16:17:37.465 [info] > git status -z -uall [110ms]
2024-02-12 16:17:42.597 [info] > git config --get commit.template [12ms]
2024-02-12 16:17:42.597 [info] > git for-each-ref --format=%(refname)%00%(upstream:short)%00%(objectname)%00%(upstream:track)%00%(upstream:remotename)%00%(upstream:remoteref) refs/heads/main refs/remotes/main [2ms]
2024-02-12 16:17:42.725 [info] > git status -z -uall [119ms]
2024-02-12 16:17:47.849 [info] > git config --get commit.template [20ms]
2024-02-12 16:17:47.849 [info] > git for-each-ref --format=%(refname)%00%(upstream:short)%00%(objectname)%00%(upstream:track)%00%(upstream:remotename)%00%(upstream:remoteref) refs/heads/main refs/remotes/main [2ms]
2024-02-12 16:17:47.973 [info] > git status -z -uall [114ms]
2024-02-12 16:17:53.076 [info] > git config --get commit.template [9ms]
2024-02-12 16:17:53.077 [info] > git for-each-ref --format=%(refname)%00%(upstream:short)%00%(objectname)%00%(upstream:track)%00%(upstream:remotename)%00%(upstream:remoteref) refs/heads/main refs/remotes/main [2ms]
2024-02-12 16:17:53.202 [info] > git status -z -uall [117ms]
2024-02-12 16:18:05.769 [info] > git config --get commit.template [4ms]
2024-02-12 16:18:05.780 [info] > git for-each-ref --format=%(refname)%00%(upstream:short)%00%(objectname)%00%(upstream:track)%00%(upstream:remotename)%00%(upstream:remoteref) refs/heads/main refs/remotes/main [2ms]
2024-02-12 16:18:05.910 [info] > git status -z -uall [122ms]
2024-02-12 16:18:06.521 [info] > git show --textconv :blogger/app.js [11ms]
2024-02-12 16:18:06.527 [info] > git ls-files --stage -- /home/bitnami/blogger/app.js [6ms]
2024-02-12 16:18:06.536 [info] > git cat-file -s c7a42c8179ac125c75e19f49b94c6d0b712f454b [2ms]
2024-02-12 16:18:07.708 [info] > git show --textconv :blogger/views/partials/nav.pug [10ms]
2024-02-12 16:18:07.714 [info] > git ls-files --stage -- /home/bitnami/blogger/views/partials/nav.pug [7ms]
2024-02-12 16:18:07.723 [info] > git cat-file -s d2b4c46eaaa92a516844aa24953785e780e79b11 [1ms]
2024-02-12 16:18:11.044 [info] > git config --get commit.template [10ms]
2024-02-12 16:18:11.044 [info] > git for-each-ref --format=%(refname)%00%(upstream:short)%00%(objectname)%00%(upstream:track)%00%(upstream:remotename)%00%(upstream:remoteref) refs/heads/main refs/remotes/main [2ms]
2024-02-12 16:18:11.169 [info] > git status -z -uall [116ms]
2024-02-12 16:19:12.561 [info] > git config --get commit.template [10ms]
2024-02-12 16:19:12.562 [info] > git for-each-ref --format=%(refname)%00%(upstream:short)%00%(objectname)%00%(upstream:track)%00%(upstream:remotename)%00%(upstream:remoteref) refs/heads/main refs/remotes/main [3ms]
2024-02-12 16:19:12.710 [info] > git status -z -uall [141ms]
