2024-02-27 02:37:09.313 [info] Log level: Info
2024-02-27 02:37:09.313 [info] Validating found git in: "git"
2024-02-27 02:37:09.313 [info] Using git "2.30.2" from "git"
2024-02-27 02:37:09.313 [info] > git rev-parse --show-toplevel [108ms]
2024-02-27 02:37:09.313 [info] > git rev-parse --git-dir --git-common-dir [39ms]
2024-02-27 02:37:09.313 [info] Open repository: /home/bitnami
2024-02-27 02:37:09.488 [info] > git config --get commit.template [44ms]
2024-02-27 02:37:09.621 [info] > git rev-parse --show-toplevel [161ms]
2024-02-27 02:37:09.672 [info] > git rev-parse --show-toplevel [23ms]
2024-02-27 02:37:09.680 [info] > git for-each-ref --format=%(refname)%00%(upstream:short)%00%(objectname)%00%(upstream:track)%00%(upstream:remotename)%00%(upstream:remoteref) refs/heads/main refs/remotes/main [45ms]
2024-02-27 02:37:09.759 [info] > git rev-parse --show-toplevel [52ms]
2024-02-27 02:37:09.820 [info] > git rev-parse --show-toplevel [4ms]
2024-02-27 02:37:09.934 [info] > git rev-parse --show-toplevel [16ms]
2024-02-27 02:37:10.075 [info] > git rev-parse --show-toplevel [19ms]
2024-02-27 02:37:10.085 [info] > git rev-parse --show-toplevel [2ms]
2024-02-27 02:37:10.109 [info] > git rev-parse --show-toplevel [2ms]
2024-02-27 02:37:10.126 [info] > git rev-parse --show-toplevel [4ms]
2024-02-27 02:37:10.142 [info] > git rev-parse --show-toplevel [1ms]
2024-02-27 02:37:10.217 [info] > git rev-parse --show-toplevel [4ms]
2024-02-27 02:37:10.249 [info] > git rev-parse --show-toplevel [18ms]
2024-02-27 02:37:10.288 [info] > git check-ignore -v -z --stdin [222ms]
2024-02-27 02:37:10.321 [info] > git rev-parse --show-toplevel [35ms]
2024-02-27 02:37:10.393 [info] > git rev-parse --show-toplevel [31ms]
2024-02-27 02:37:10.449 [info] > git rev-parse --git-dir --git-common-dir [11ms]
2024-02-27 02:37:10.456 [info] Open repository: /home/bitnami/todo
2024-02-27 02:37:10.506 [info] > git config --get commit.template [21ms]
2024-02-27 02:37:10.561 [info] > git rev-parse --show-toplevel [58ms]
2024-02-27 02:37:10.677 [info] > git for-each-ref --format %(refname) %(objectname) %(*objectname) refs/tags [129ms]
2024-02-27 02:37:10.745 [info] > git show --textconv :blogger/app_server/controllers/blog.js [114ms]
2024-02-27 02:37:10.747 [info] > git ls-files --stage -- /home/bitnami/blogger/app_server/controllers/blog.js [72ms]
2024-02-27 02:37:10.808 [info] > git cat-file -s c56997a4d2452d8a81d1663fb825325c8728b164 [11ms]
2024-02-27 02:37:10.890 [info] > git status -z -uall [147ms]
2024-02-27 02:37:10.958 [info] > git config --get commit.template [17ms]
2024-02-27 02:37:11.025 [info] > git for-each-ref --format %(refname) %(objectname) %(*objectname) refs/tags [9ms]
2024-02-27 02:37:11.465 [info] > git status -z -uall [405ms]
2024-02-27 02:37:11.465 [info] > git check-ignore -v -z --stdin [332ms]
2024-02-27 02:37:11.467 [info] > git check-ignore -v -z --stdin [300ms]
